[I 2024-05-21 19:55:26,394] Trial 2 finished with value: 15.591932811545531 and parameters: {'lr': 0.04831247639261289, 'hs': 8, 'en': 291, 'dropout': 0.08212602633869592}. Best is trial 2 with value: 15.591932811545531.
2/2 ━━━━━━━━━━━━━━━━━━━━ 0s 237ms/step
2/2 ━━━━━━━━━━━━━━━━━━━━ 0s 230ms/step
2/2 ━━━━━━━━━━━━━━━━━━━━ 1s 299ms/step
[I 2024-05-21 19:56:55,119] Trial 3 finished with value: 23.68572394075237 and parameters: {'lr': 0.0952472270910348, 'hs': 6, 'en': 214, 'dropout': 0.14499251574178268}. Best is trial 2 with value: 15.591932811545531.
2/2 ━━━━━━━━━━━━━━━━━━━━ 1s 257ms/step
2/2 ━━━━━━━━━━━━━━━━━━━━ 0s 245ms/step
2/2 ━━━━━━━━━━━━━━━━━━━━ 0s 238ms/step
[I 2024-05-21 19:59:18,592] Trial 4 finished with value: 14.551592971432186 and parameters: {'lr': 0.03892951966904183, 'hs': 8, 'en': 356, 'dropout': 0.09618739151739157}. Best is trial 4 with value: 14.551592971432186.
2/2 ━━━━━━━━━━━━━━━━━━━━ 0s 231ms/step
2/2 ━━━━━━━━━━━━━━━━━━━━ 0s 235ms/step
2/2 ━━━━━━━━━━━━━━━━━━━━ 1s 260ms/step
[I 2024-05-21 19:59:53,189] Trial 5 finished with value: 38.173713797383655 and parameters: {'lr': 0.03351831056507736, 'hs': 4, 'en': 71, 'dropout': 0.15227415878580236}. Best is trial 4 with value: 14.551592971432186.
2/2 ━━━━━━━━━━━━━━━━━━━━ 0s 244ms/step
2/2 ━━━━━━━━━━━━━━━━━━━━ 0s 238ms/step
2/2 ━━━━━━━━━━━━━━━━━━━━ 0s 239ms/step
[I 2024-05-21 20:02:26,501] Trial 6 finished with value: 18.52030864024262 and parameters: {'lr': 0.07030890005541604, 'hs': 6, 'en': 385, 'dropout': 0.13948029068748202}. Best is trial 4 with value: 14.551592971432186.
2/2 ━━━━━━━━━━━━━━━━━━━━ 0s 232ms/step
2/2 ━━━━━━━━━━━━━━━━━━━━ 1s 271ms/step
2/2 ━━━━━━━━━━━━━━━━━━━━ 1s 247ms/step
[I 2024-05-21 20:02:39,645] Trial 7 finished with value: 144.97277244950024 and parameters: {'lr': 0.06935077895797627, 'hs': 5, 'en': 14, 'dropout': 0.15552550215455324}. Best is trial 4 with value: 14.551592971432186.
2/2 ━━━━━━━━━━━━━━━━━━━━ 0s 240ms/step
2/2 ━━━━━━━━━━━━━━━━━━━━ 0s 232ms/step
2/2 ━━━━━━━━━━━━━━━━━━━━ 0s 230ms/step
[I 2024-05-21 20:04:32,515] Trial 8 finished with value: 26.968045211535692 and parameters: {'lr': 0.033902774915620965, 'hs': 5, 'en': 281, 'dropout': 0.1883234264674024}. Best is trial 4 with value: 14.551592971432186.
2/2 ━━━━━━━━━━━━━━━━━━━━ 0s 228ms/step
2/2 ━━━━━━━━━━━━━━━━━━━━ 1s 250ms/step
2/2 ━━━━━━━━━━━━━━━━━━━━ 0s 244ms/step
[I 2024-05-21 20:06:25,024] Trial 9 finished with value: 10.96198767455698 and parameters: {'lr': 0.03195441803838358, 'hs': 4, 'en': 301, 'dropout': 0.052079427827894514}. Best is trial 9 with value: 10.96198767455698.
2/2 ━━━━━━━━━━━━━━━━━━━━ 1s 255ms/step
2/2 ━━━━━━━━━━━━━━━━━━━━ 0s 238ms/step
2/2 ━━━━━━━━━━━━━━━━━━━━ 0s 225ms/step
[I 2024-05-21 20:09:18,795] Trial 10 finished with value: 24.572224349585678 and parameters: {'lr': 0.009047775699891056, 'hs': 2, 'en': 491, 'dropout': 0.05843314153689777}. Best is trial 9 with value: 10.96198767455698.
2/2 ━━━━━━━━━━━━━━━━━━━━ 1s 257ms/step
2/2 ━━━━━━━━━━━━━━━━━━━━ 0s 248ms/step
2/2 ━━━━━━━━━━━━━━━━━━━━ 0s 233ms/step
[I 2024-05-21 20:11:39,676] Trial 11 finished with value: 15.198619484393811 and parameters: {'lr': 0.022331808422106587, 'hs': 8, 'en': 383, 'dropout': 0.051620939178740985}. Best is trial 9 with value: 10.96198767455698.
2/2 ━━━━━━━━━━━━━━━━━━━━ 0s 232ms/step
2/2 ━━━━━━━━━━━━━━━━━━━━ 0s 237ms/step
2/2 ━━━━━━━━━━━━━━━━━━━━ 1s 254ms/step
[I 2024-05-21 20:13:01,547] Trial 12 finished with value: 14.727626666623346 and parameters: {'lr': 0.05217048163006724, 'hs': 3, 'en': 218, 'dropout': 0.09130083352564478}. Best is trial 9 with value: 10.96198767455698.
2/2 ━━━━━━━━━━━━━━━━━━━━ 0s 242ms/step
2/2 ━━━━━━━━━━━━━━━━━━━━ 0s 233ms/step
2/2 ━━━━━━━━━━━━━━━━━━━━ 0s 229ms/step
[I 2024-05-21 20:15:18,856] Trial 13 finished with value: 18.22200964150588 and parameters: {'lr': 0.05611069192339434, 'hs': 7, 'en': 376, 'dropout': 0.11363081611823865}. Best is trial 9 with value: 10.96198767455698.
2/2 ━━━━━━━━━━━━━━━━━━━━ 0s 223ms/step
2/2 ━━━━━━━━━━━━━━━━━━━━ 0s 219ms/step
2/2 ━━━━━━━━━━━━━━━━━━━━ 1s 247ms/step
[I 2024-05-21 20:17:45,005] Trial 14 finished with value: 11.264998504463696 and parameters: {'lr': 0.02561362893337001, 'hs': 4, 'en': 480, 'dropout': 0.07800896886215265}. Best is trial 9 with value: 10.96198767455698.
2/2 ━━━━━━━━━━━━━━━━━━━━ 0s 231ms/step
2/2 ━━━━━━━━━━━━━━━━━━━━ 0s 225ms/step
2/2 ━━━━━━━━━━━━━━━━━━━━ 0s 226ms/step
[I 2024-05-21 20:19:59,756] Trial 15 finished with value: 13.64483689133776 and parameters: {'lr': 0.018890067809660877, 'hs': 4, 'en': 498, 'dropout': 0.07376421591392793}. Best is trial 9 with value: 10.96198767455698.
2/2 ━━━━━━━━━━━━━━━━━━━━ 0s 225ms/step
2/2 ━━━━━━━━━━━━━━━━━━━━ 1s 281ms/step
2/2 ━━━━━━━━━━━━━━━━━━━━ 1s 248ms/step
[I 2024-05-21 20:22:14,079] Trial 16 finished with value: 11.44555888101417 and parameters: {'lr': 0.0184194643167575, 'hs': 3, 'en': 454, 'dropout': 0.06812884723135403}. Best is trial 9 with value: 10.96198767455698.
2/2 ━━━━━━━━━━━━━━━━━━━━ 0s 237ms/step
2/2 ━━━━━━━━━━━━━━━━━━━━ 0s 233ms/step
2/2 ━━━━━━━━━━━━━━━━━━━━ 0s 213ms/step
[I 2024-05-21 20:23:10,903] Trial 17 finished with value: 209.89630341467503 and parameters: {'lr': 0.0002582081511484681, 'hs': 4, 'en': 180, 'dropout': 0.05224248648126671}. Best is trial 9 with value: 10.96198767455698.
2/2 ━━━━━━━━━━━━━━━━━━━━ 0s 219ms/step
2/2 ━━━━━━━━━━━━━━━━━━━━ 0s 237ms/step
2/2 ━━━━━━━━━━━━━━━━━━━━ 0s 251ms/step
[I 2024-05-21 20:25:11,308] Trial 18 finished with value: 15.63122409492685 and parameters: {'lr': 0.06444638967108593, 'hs': 3, 'en': 420, 'dropout': 0.11938034511419612}. Best is trial 9 with value: 10.96198767455698.
2/2 ━━━━━━━━━━━━━━━━━━━━ 0s 234ms/step
2/2 ━━━━━━━━━━━━━━━━━━━━ 0s 218ms/step
2/2 ━━━━━━━━━━━━━━━━━━━━ 0s 227ms/step
[I 2024-05-21 20:27:00,882] Trial 19 finished with value: 15.765216146494106 and parameters: {'lr': 0.026026991054587854, 'hs': 6, 'en': 310, 'dropout': 0.07341948877062973}. Best is trial 9 with value: 10.96198767455698.
2/2 ━━━━━━━━━━━━━━━━━━━━ 1s 250ms/step
[I 2024-05-21 20:27:57,729] A new study created in memory with name: no-name-b1d5f60a-e983-4ed9-ab4e-f38aa30d008a
LSTM Reynolds y_1 11.70640961400304 2.716976384588552 -9.7 37.8
2/2 ━━━━━━━━━━━━━━━━━━━━ 0s 230ms/step
2/2 ━━━━━━━━━━━━━━━━━━━━ 0s 227ms/step
2/2 ━━━━━━━━━━━━━━━━━━━━ 0s 221ms/step
[I 2024-05-21 20:29:41,576] Trial 0 finished with value: 9.506059149338384 and parameters: {'lr': 0.005433333858484705, 'hs': 5, 'en': 295, 'dropout': 0.12554094948697697}. Best is trial 0 with value: 9.506059149338384.
2/2 ━━━━━━━━━━━━━━━━━━━━ 0s 226ms/step
2/2 ━━━━━━━━━━━━━━━━━━━━ 0s 226ms/step
2/2 ━━━━━━━━━━━━━━━━━━━━ 0s 234ms/step
[I 2024-05-21 20:30:26,446] Trial 1 finished with value: 13.419908541404459 and parameters: {'lr': 0.015237165897842787, 'hs': 5, 'en': 81, 'dropout': 0.17587266717381927}. Best is trial 0 with value: 9.506059149338384.
2/2 ━━━━━━━━━━━━━━━━━━━━ 0s 238ms/step
2/2 ━━━━━━━━━━━━━━━━━━━━ 0s 241ms/step
2/2 ━━━━━━━━━━━━━━━━━━━━ 0s 229ms/step
[I 2024-05-21 20:32:02,973] Trial 2 finished with value: 7.8886469158607495 and parameters: {'lr': 0.0768917979027811, 'hs': 5, 'en': 203, 'dropout': 0.1696593944857286}. Best is trial 2 with value: 7.8886469158607495.
2/2 ━━━━━━━━━━━━━━━━━━━━ 0s 240ms/step
2/2 ━━━━━━━━━━━━━━━━━━━━ 1s 254ms/step
2/2 ━━━━━━━━━━━━━━━━━━━━ 0s 244ms/step
[I 2024-05-21 20:32:45,136] Trial 3 finished with value: 35.21979098674358 and parameters: {'lr': 0.07773018413312614, 'hs': 7, 'en': 69, 'dropout': 0.10463252918249075}. Best is trial 2 with value: 7.8886469158607495.
2/2 ━━━━━━━━━━━━━━━━━━━━ 0s 240ms/step
2/2 ━━━━━━━━━━━━━━━━━━━━ 0s 239ms/step
2/2 ━━━━━━━━━━━━━━━━━━━━ 0s 238ms/step
[I 2024-05-21 20:35:55,232] Trial 4 finished with value: 10.772688501571933 and parameters: {'lr': 0.005114413224463417, 'hs': 5, 'en': 347, 'dropout': 0.11792642469071717}. Best is trial 2 with value: 7.8886469158607495.
2/2 ━━━━━━━━━━━━━━━━━━━━ 1s 282ms/step
2/2 ━━━━━━━━━━━━━━━━━━━━ 1s 249ms/step
2/2 ━━━━━━━━━━━━━━━━━━━━ 0s 243ms/step
[I 2024-05-21 20:40:08,141] Trial 5 finished with value: 2.49844817703923 and parameters: {'lr': 0.08065213696597155, 'hs': 6, 'en': 429, 'dropout': 0.05614043905892686}. Best is trial 5 with value: 2.49844817703923.
2/2 ━━━━━━━━━━━━━━━━━━━━ 0s 237ms/step
2/2 ━━━━━━━━━━━━━━━━━━━━ 0s 230ms/step
2/2 ━━━━━━━━━━━━━━━━━━━━ 0s 231ms/step
[I 2024-05-21 20:42:46,407] Trial 6 finished with value: 4.594919643101583 and parameters: {'lr': 0.08623152888465464, 'hs': 2, 'en': 265, 'dropout': 0.1560548940816157}. Best is trial 5 with value: 2.49844817703923.
2/2 ━━━━━━━━━━━━━━━━━━━━ 0s 243ms/step
2/2 ━━━━━━━━━━━━━━━━━━━━ 0s 238ms/step
2/2 ━━━━━━━━━━━━━━━━━━━━ 0s 241ms/step
[I 2024-05-21 20:46:14,062] Trial 7 finished with value: 4.913234219177517 and parameters: {'lr': 0.01926971710689302, 'hs': 8, 'en': 418, 'dropout': 0.1361730600640361}. Best is trial 5 with value: 2.49844817703923.
2/2 ━━━━━━━━━━━━━━━━━━━━ 0s 238ms/step
2/2 ━━━━━━━━━━━━━━━━━━━━ 0s 233ms/step
2/2 ━━━━━━━━━━━━━━━━━━━━ 1s 250ms/step
[I 2024-05-21 20:46:41,100] Trial 8 finished with value: 13.25344863638979 and parameters: {'lr': 0.07185796741013759, 'hs': 2, 'en': 49, 'dropout': 0.19643853162770053}. Best is trial 5 with value: 2.49844817703923.
2/2 ━━━━━━━━━━━━━━━━━━━━ 0s 229ms/step
2/2 ━━━━━━━━━━━━━━━━━━━━ 0s 232ms/step
2/2 ━━━━━━━━━━━━━━━━━━━━ 0s 231ms/step
[I 2024-05-21 20:49:59,549] Trial 9 finished with value: 6.160119186300681 and parameters: {'lr': 0.04649841605854632, 'hs': 7, 'en': 443, 'dropout': 0.1751408702813274}. Best is trial 5 with value: 2.49844817703923.
2/2 ━━━━━━━━━━━━━━━━━━━━ 0s 225ms/step
2/2 ━━━━━━━━━━━━━━━━━━━━ 0s 247ms/step
2/2 ━━━━━━━━━━━━━━━━━━━━ 0s 237ms/step
[I 2024-05-21 20:54:03,116] Trial 10 finished with value: 1.6716199358118695 and parameters: {'lr': 0.0970945692222491, 'hs': 3, 'en': 492, 'dropout': 0.05033744606198213}. Best is trial 10 with value: 1.6716199358118695.
2/2 ━━━━━━━━━━━━━━━━━━━━ 0s 227ms/step
2/2 ━━━━━━━━━━━━━━━━━━━━ 0s 233ms/step
2/2 ━━━━━━━━━━━━━━━━━━━━ 1s 236ms/step
[I 2024-05-21 20:57:54,804] Trial 11 finished with value: 1.5076741625565342 and parameters: {'lr': 0.0973856356861223, 'hs': 3, 'en': 500, 'dropout': 0.06214505562527446}. Best is trial 11 with value: 1.5076741625565342.
2/2 ━━━━━━━━━━━━━━━━━━━━ 0s 230ms/step
2/2 ━━━━━━━━━━━━━━━━━━━━ 1s 263ms/step
2/2 ━━━━━━━━━━━━━━━━━━━━ 0s 243ms/step
[I 2024-05-21 21:02:55,621] Trial 12 finished with value: 2.815197985452478 and parameters: {'lr': 0.09804188240198909, 'hs': 3, 'en': 500, 'dropout': 0.05672417924508323}. Best is trial 11 with value: 1.5076741625565342.
2/2 ━━━━━━━━━━━━━━━━━━━━ 0s 240ms/step
2/2 ━━━━━━━━━━━━━━━━━━━━ 0s 235ms/step
2/2 ━━━━━━━━━━━━━━━━━━━━ 0s 233ms/step
[I 2024-05-21 21:07:35,587] Trial 13 finished with value: 5.266019814850817 and parameters: {'lr': 0.05618234802686671, 'hs': 3, 'en': 487, 'dropout': 0.08325101913368191}. Best is trial 11 with value: 1.5076741625565342.
2/2 ━━━━━━━━━━━━━━━━━━━━ 1s 261ms/step
2/2 ━━━━━━━━━━━━━━━━━━━━ 0s 235ms/step
2/2 ━━━━━━━━━━━━━━━━━━━━ 0s 235ms/step
[I 2024-05-21 21:10:54,607] Trial 14 finished with value: 2.502444765279725 and parameters: {'lr': 0.09764444598863664, 'hs': 3, 'en': 345, 'dropout': 0.08104222962152312}. Best is trial 11 with value: 1.5076741625565342.
2/2 ━━━━━━━━━━━━━━━━━━━━ 0s 235ms/step
2/2 ━━━━━━━━━━━━━━━━━━━━ 0s 235ms/step
2/2 ━━━━━━━━━━━━━━━━━━━━ 1s 248ms/step
[I 2024-05-21 21:12:41,273] Trial 15 finished with value: 6.970896102764651 and parameters: {'lr': 0.0630376286362642, 'hs': 4, 'en': 165, 'dropout': 0.07952789540776226}. Best is trial 11 with value: 1.5076741625565342.
2/2 ━━━━━━━━━━━━━━━━━━━━ 0s 245ms/step
2/2 ━━━━━━━━━━━━━━━━━━━━ 0s 232ms/step
2/2 ━━━━━━━━━━━━━━━━━━━━ 0s 237ms/step
[I 2024-05-21 21:16:22,274] Trial 16 finished with value: 3.629623080968488 and parameters: {'lr': 0.037793613097761115, 'hs': 4, 'en': 376, 'dropout': 0.06480768647383843}. Best is trial 11 with value: 1.5076741625565342.
2/2 ━━━━━━━━━━━━━━━━━━━━ 0s 228ms/step
2/2 ━━━━━━━━━━━━━━━━━━━━ 0s 228ms/step
2/2 ━━━━━━━━━━━━━━━━━━━━ 1s 253ms/step
[I 2024-05-21 21:20:55,952] Trial 17 finished with value: 3.1054534041622666 and parameters: {'lr': 0.09068490943450976, 'hs': 4, 'en': 466, 'dropout': 0.0901827026152261}. Best is trial 11 with value: 1.5076741625565342.
2/2 ━━━━━━━━━━━━━━━━━━━━ 0s 246ms/step
2/2 ━━━━━━━━━━━━━━━━━━━━ 0s 233ms/step
2/2 ━━━━━━━━━━━━━━━━━━━━ 0s 232ms/step
[I 2024-05-21 21:24:07,285] Trial 18 finished with value: 2.760484852934914 and parameters: {'lr': 0.03341611549464446, 'hs': 2, 'en': 373, 'dropout': 0.06700579448947543}. Best is trial 11 with value: 1.5076741625565342.
2/2 ━━━━━━━━━━━━━━━━━━━━ 0s 231ms/step
2/2 ━━━━━━━━━━━━━━━━━━━━ 0s 239ms/step
2/2 ━━━━━━━━━━━━━━━━━━━━ 0s 243ms/step
[I 2024-05-21 21:25:58,086] Trial 19 finished with value: 7.471503489557627 and parameters: {'lr': 0.06455701167848674, 'hs': 3, 'en': 205, 'dropout': 0.10075536043898992}. Best is trial 11 with value: 1.5076741625565342.
3/3 ━━━━━━━━━━━━━━━━━━━━ 0s 115ms/step
[I 2024-05-21 21:28:06,568] A new study created in memory with name: no-name-77a4d25d-edf1-4962-9d62-3ea1e4440517
LSTM Reynolds y_4 0.9743476571928373 0.7964180721352949 -10.6 24.9
3/3 ━━━━━━━━━━━━━━━━━━━━ 0s 119ms/step
3/3 ━━━━━━━━━━━━━━━━━━━━ 0s 113ms/step
3/3 ━━━━━━━━━━━━━━━━━━━━ 0s 119ms/step
[I 2024-05-21 21:29:55,956] Trial 0 finished with value: 6.346434459226219 and parameters: {'lr': 0.06495350472422474, 'hs': 2, 'en': 232, 'dropout': 0.16942783062333938}. Best is trial 0 with value: 6.346434459226219.
3/3 ━━━━━━━━━━━━━━━━━━━━ 1s 137ms/step
3/3 ━━━━━━━━━━━━━━━━━━━━ 0s 119ms/step
3/3 ━━━━━━━━━━━━━━━━━━━━ 0s 119ms/step
[I 2024-05-21 21:30:31,891] Trial 1 finished with value: 14.474194499913688 and parameters: {'lr': 0.016760549282907437, 'hs': 6, 'en': 46, 'dropout': 0.07759649408809864}. Best is trial 0 with value: 6.346434459226219.
3/3 ━━━━━━━━━━━━━━━━━━━━ 0s 121ms/step
3/3 ━━━━━━━━━━━━━━━━━━━━ 0s 115ms/step
3/3 ━━━━━━━━━━━━━━━━━━━━ 1s 128ms/step
[I 2024-05-21 21:35:21,512] Trial 2 finished with value: 6.960812517626972 and parameters: {'lr': 0.058560124742173245, 'hs': 5, 'en': 460, 'dropout': 0.1964272700842395}. Best is trial 0 with value: 6.346434459226219.
3/3 ━━━━━━━━━━━━━━━━━━━━ 1s 145ms/step
3/3 ━━━━━━━━━━━━━━━━━━━━ 0s 119ms/step
3/3 ━━━━━━━━━━━━━━━━━━━━ 0s 111ms/step
[I 2024-05-21 21:40:26,197] Trial 3 finished with value: 5.2393371111502995 and parameters: {'lr': 0.060829325332468626, 'hs': 4, 'en': 490, 'dropout': 0.15072117670812474}. Best is trial 3 with value: 5.2393371111502995.
3/3 ━━━━━━━━━━━━━━━━━━━━ 0s 114ms/step
3/3 ━━━━━━━━━━━━━━━━━━━━ 1s 411ms/step
3/3 ━━━━━━━━━━━━━━━━━━━━ 1s 141ms/step
[I 2024-05-21 21:43:02,830] Trial 4 finished with value: 2.7025934008011236 and parameters: {'lr': 0.047658803105643834, 'hs': 8, 'en': 331, 'dropout': 0.06968793263059028}. Best is trial 4 with value: 2.7025934008011236.
3/3 ━━━━━━━━━━━━━━━━━━━━ 0s 122ms/step
3/3 ━━━━━━━━━━━━━━━━━━━━ 0s 116ms/step
3/3 ━━━━━━━━━━━━━━━━━━━━ 0s 116ms/step
[I 2024-05-21 21:43:30,498] Trial 5 finished with value: 9.124940477385598 and parameters: {'lr': 0.055853250219030835, 'hs': 5, 'en': 46, 'dropout': 0.08641670529680691}. Best is trial 4 with value: 2.7025934008011236.
3/3 ━━━━━━━━━━━━━━━━━━━━ 0s 115ms/step
3/3 ━━━━━━━━━━━━━━━━━━━━ 1s 135ms/step
3/3 ━━━━━━━━━━━━━━━━━━━━ 1s 127ms/step
[I 2024-05-21 21:45:18,425] Trial 6 finished with value: 4.29078461776849 and parameters: {'lr': 0.09128020636391412, 'hs': 3, 'en': 215, 'dropout': 0.07687141633046897}. Best is trial 4 with value: 2.7025934008011236.
3/3 ━━━━━━━━━━━━━━━━━━━━ 0s 117ms/step
3/3 ━━━━━━━━━━━━━━━━━━━━ 0s 125ms/step
3/3 ━━━━━━━━━━━━━━━━━━━━ 0s 116ms/step
[I 2024-05-21 21:45:53,554] Trial 7 finished with value: 9.185284576264843 and parameters: {'lr': 0.020641868445006803, 'hs': 8, 'en': 61, 'dropout': 0.1614699400769195}. Best is trial 4 with value: 2.7025934008011236.
3/3 ━━━━━━━━━━━━━━━━━━━━ 1s 150ms/step
3/3 ━━━━━━━━━━━━━━━━━━━━ 1s 127ms/step
3/3 ━━━━━━━━━━━━━━━━━━━━ 0s 122ms/step
[I 2024-05-21 21:47:46,975] Trial 8 finished with value: 7.779150493570014 and parameters: {'lr': 0.0716380496121904, 'hs': 3, 'en': 185, 'dropout': 0.14544438342778843}. Best is trial 4 with value: 2.7025934008011236.
3/3 ━━━━━━━━━━━━━━━━━━━━ 0s 117ms/step
3/3 ━━━━━━━━━━━━━━━━━━━━ 0s 119ms/step
3/3 ━━━━━━━━━━━━━━━━━━━━ 0s 114ms/step
[I 2024-05-21 21:51:02,785] Trial 9 finished with value: 4.611891380004147 and parameters: {'lr': 0.027099224625830042, 'hs': 8, 'en': 402, 'dropout': 0.16464990783254396}. Best is trial 4 with value: 2.7025934008011236.
3/3 ━━━━━━━━━━━━━━━━━━━━ 1s 130ms/step
3/3 ━━━━━━━━━━━━━━━━━━━━ 1s 126ms/step
3/3 ━━━━━━━━━━━━━━━━━━━━ 0s 122ms/step
[I 2024-05-21 21:53:59,352] Trial 10 finished with value: 1.9607233995891675 and parameters: {'lr': 0.0393726603503527, 'hs': 7, 'en': 341, 'dropout': 0.050055963524227906}. Best is trial 10 with value: 1.9607233995891675.
3/3 ━━━━━━━━━━━━━━━━━━━━ 0s 117ms/step
3/3 ━━━━━━━━━━━━━━━━━━━━ 0s 121ms/step
3/3 ━━━━━━━━━━━━━━━━━━━━ 1s 133ms/step
[I 2024-05-21 21:57:35,582] Trial 11 finished with value: 2.283398411477374 and parameters: {'lr': 0.03599956346345977, 'hs': 7, 'en': 356, 'dropout': 0.057825825272545504}. Best is trial 10 with value: 1.9607233995891675.
3/3 ━━━━━━━━━━━━━━━━━━━━ 1s 140ms/step
3/3 ━━━━━━━━━━━━━━━━━━━━ 0s 117ms/step
3/3 ━━━━━━━━━━━━━━━━━━━━ 0s 112ms/step
[I 2024-05-21 22:00:15,176] Trial 12 finished with value: 2.746455268520359 and parameters: {'lr': 0.037045749876273626, 'hs': 7, 'en': 331, 'dropout': 0.05059666604856369}. Best is trial 10 with value: 1.9607233995891675.
3/3 ━━━━━━━━━━━━━━━━━━━━ 1s 134ms/step
3/3 ━━━━━━━━━━━━━━━━━━━━ 1s 147ms/step
3/3 ━━━━━━━━━━━━━━━━━━━━ 1s 128ms/step
[I 2024-05-21 22:02:49,551] Trial 13 finished with value: 6.2790778079545895 and parameters: {'lr': 0.0030580985782628564, 'hs': 6, 'en': 325, 'dropout': 0.11111086436877313}. Best is trial 10 with value: 1.9607233995891675.
3/3 ━━━━━━━━━━━━━━━━━━━━ 0s 120ms/step
3/3 ━━━━━━━━━━━━━━━━━━━━ 0s 121ms/step
3/3 ━━━━━━━━━━━━━━━━━━━━ 0s 114ms/step
[I 2024-05-21 22:05:52,735] Trial 14 finished with value: 2.250118847242834 and parameters: {'lr': 0.04273620097103804, 'hs': 7, 'en': 386, 'dropout': 0.05100460894406528}. Best is trial 10 with value: 1.9607233995891675.
3/3 ━━━━━━━━━━━━━━━━━━━━ 0s 113ms/step
3/3 ━━━━━━━━━━━━━━━━━━━━ 1s 139ms/step
3/3 ━━━━━━━━━━━━━━━━━━━━ 1s 130ms/step
[I 2024-05-21 22:09:50,769] Trial 15 finished with value: 3.631304279657351 and parameters: {'lr': 0.07875107600764253, 'hs': 6, 'en': 422, 'dropout': 0.10111823547939283}. Best is trial 10 with value: 1.9607233995891675.
3/3 ━━━━━━━━━━━━━━━━━━━━ 0s 122ms/step
3/3 ━━━━━━━━━━━━━━━━━━━━ 0s 120ms/step
3/3 ━━━━━━━━━━━━━━━━━━━━ 0s 114ms/step
[I 2024-05-21 22:12:49,400] Trial 16 finished with value: 3.779664595868003 and parameters: {'lr': 0.04519313434727772, 'hs': 7, 'en': 282, 'dropout': 0.09720153806468565}. Best is trial 10 with value: 1.9607233995891675.
3/3 ━━━━━━━━━━━━━━━━━━━━ 1s 153ms/step
3/3 ━━━━━━━━━━━━━━━━━━━━ 1s 129ms/step
3/3 ━━━━━━━━━━━━━━━━━━━━ 0s 121ms/step
[I 2024-05-21 22:14:11,778] Trial 17 finished with value: 8.715895262028567 and parameters: {'lr': 0.008688079447638546, 'hs': 7, 'en': 132, 'dropout': 0.11615396109399849}. Best is trial 10 with value: 1.9607233995891675.
3/3 ━━━━━━━━━━━━━━━━━━━━ 0s 124ms/step
3/3 ━━━━━━━━━━━━━━━━━━━━ 0s 117ms/step
3/3 ━━━━━━━━━━━━━━━━━━━━ 0s 116ms/step
[I 2024-05-21 22:18:18,014] Trial 18 finished with value: 5.625302637389251 and parameters: {'lr': 0.033010160872949106, 'hs': 6, 'en': 388, 'dropout': 0.13180710945885898}. Best is trial 10 with value: 1.9607233995891675.
3/3 ━━━━━━━━━━━━━━━━━━━━ 1s 132ms/step
3/3 ━━━━━━━━━━━━━━━━━━━━ 0s 125ms/step
3/3 ━━━━━━━━━━━━━━━━━━━━ 0s 122ms/step
[I 2024-05-21 22:20:50,403] Trial 19 finished with value: 2.643381445260181 and parameters: {'lr': 0.04223547750381295, 'hs': 4, 'en': 287, 'dropout': 0.06548028329359118}. Best is trial 10 with value: 1.9607233995891675.
3/3 ━━━━━━━━━━━━━━━━━━━━ 0s 119ms/step
[I 2024-05-21 22:22:14,206] A new study created in memory with name: no-name-808522d7-1083-4352-8db8-ec32d8fbeb69
LSTM Reynolds y_7 1.3810515965493628 0.8939995576203073 -2.3 25.9
2/2 ━━━━━━━━━━━━━━━━━━━━ 0s 230ms/step
2/2 ━━━━━━━━━━━━━━━━━━━━ 1s 278ms/step
2/2 ━━━━━━━━━━━━━━━━━━━━ 1s 248ms/step
[I 2024-05-21 22:22:32,121] Trial 0 finished with value: 35.27617753182295 and parameters: {'lr': 0.01387806172106424, 'hs': 4, 'en': 38, 'dropout': 0.09456439470735326}. Best is trial 0 with value: 35.27617753182295.
2/2 ━━━━━━━━━━━━━━━━━━━━ 0s 236ms/step
2/2 ━━━━━━━━━━━━━━━━━━━━ 0s 238ms/step
2/2 ━━━━━━━━━━━━━━━━━━━━ 0s 225ms/step
[I 2024-05-21 22:23:55,818] Trial 1 finished with value: 7.863399274902754 and parameters: {'lr': 0.019283063389362563, 'hs': 2, 'en': 273, 'dropout': 0.17944455160736084}. Best is trial 1 with value: 7.863399274902754.
2/2 ━━━━━━━━━━━━━━━━━━━━ 0s 222ms/step
2/2 ━━━━━━━━━━━━━━━━━━━━ 1s 275ms/step
2/2 ━━━━━━━━━━━━━━━━━━━━ 1s 251ms/step
[I 2024-05-21 22:25:50,999] Trial 2 finished with value: 4.644472223031241 and parameters: {'lr': 0.07374290916999238, 'hs': 4, 'en': 373, 'dropout': 0.12894556716361255}. Best is trial 2 with value: 4.644472223031241.
2/2 ━━━━━━━━━━━━━━━━━━━━ 0s 242ms/step
2/2 ━━━━━━━━━━━━━━━━━━━━ 0s 235ms/step
2/2 ━━━━━━━━━━━━━━━━━━━━ 0s 228ms/step
[I 2024-05-21 22:27:48,790] Trial 3 finished with value: 5.911131171656031 and parameters: {'lr': 0.040607882428058614, 'hs': 8, 'en': 388, 'dropout': 0.1676176711077076}. Best is trial 2 with value: 4.644472223031241.
2/2 ━━━━━━━━━━━━━━━━━━━━ 1s 820ms/step
2/2 ━━━━━━━━━━━━━━━━━━━━ 1s 266ms/step
2/2 ━━━━━━━━━━━━━━━━━━━━ 1s 247ms/step
[I 2024-05-21 22:28:46,010] Trial 4 finished with value: 8.495076330668743 and parameters: {'lr': 0.07973050381719539, 'hs': 5, 'en': 179, 'dropout': 0.11098362109401028}. Best is trial 2 with value: 4.644472223031241.
2/2 ━━━━━━━━━━━━━━━━━━━━ 0s 245ms/step
2/2 ━━━━━━━━━━━━━━━━━━━━ 0s 227ms/step
2/2 ━━━━━━━━━━━━━━━━━━━━ 0s 232ms/step
