[I 2024-05-22 03:48:11,176] Trial 8 finished with value: 1.2462914891751231 and parameters: {'lr': 0.031232870320814354, 'hs': 5, 'en': 88, 'dropout': 0.0859025306725145}. Best is trial 3 with value: 0.904416179004981.
8/8 ━━━━━━━━━━━━━━━━━━━━ 1s 45ms/step
8/8 ━━━━━━━━━━━━━━━━━━━━ 1s 38ms/step
8/8 ━━━━━━━━━━━━━━━━━━━━ 1s 37ms/step
[I 2024-05-22 03:56:39,392] Trial 9 finished with value: 1.0921842270873314 and parameters: {'lr': 0.08887735287987424, 'hs': 6, 'en': 295, 'dropout': 0.061717596475741446}. Best is trial 3 with value: 0.904416179004981.
8/8 ━━━━━━━━━━━━━━━━━━━━ 1s 36ms/step
8/8 ━━━━━━━━━━━━━━━━━━━━ 0s 35ms/step
8/8 ━━━━━━━━━━━━━━━━━━━━ 1s 44ms/step
[I 2024-05-22 04:09:51,974] Trial 10 finished with value: 1.7232858331951209 and parameters: {'lr': 0.07169340334255539, 'hs': 4, 'en': 462, 'dropout': 0.12786483779296265}. Best is trial 3 with value: 0.904416179004981.
8/8 ━━━━━━━━━━━━━━━━━━━━ 1s 37ms/step
8/8 ━━━━━━━━━━━━━━━━━━━━ 1s 38ms/step
8/8 ━━━━━━━━━━━━━━━━━━━━ 1s 36ms/step
[I 2024-05-22 04:10:18,491] Trial 11 finished with value: 3.364823868793408 and parameters: {'lr': 0.03634957774260883, 'hs': 5, 'en': 13, 'dropout': 0.10833311757585826}. Best is trial 3 with value: 0.904416179004981.
8/8 ━━━━━━━━━━━━━━━━━━━━ 0s 34ms/step
8/8 ━━━━━━━━━━━━━━━━━━━━ 0s 33ms/step
8/8 ━━━━━━━━━━━━━━━━━━━━ 1s 41ms/step
[I 2024-05-22 04:18:11,136] Trial 12 finished with value: 0.9053283174577831 and parameters: {'lr': 0.03192894015984069, 'hs': 4, 'en': 298, 'dropout': 0.05040118685658754}. Best is trial 3 with value: 0.904416179004981.
8/8 ━━━━━━━━━━━━━━━━━━━━ 1s 39ms/step
8/8 ━━━━━━━━━━━━━━━━━━━━ 1s 37ms/step
8/8 ━━━━━━━━━━━━━━━━━━━━ 1s 37ms/step
[I 2024-05-22 04:26:54,054] Trial 13 finished with value: 1.4630321219796807 and parameters: {'lr': 0.021769651805342953, 'hs': 3, 'en': 311, 'dropout': 0.1539468491304587}. Best is trial 3 with value: 0.904416179004981.
8/8 ━━━━━━━━━━━━━━━━━━━━ 0s 35ms/step
8/8 ━━━━━━━━━━━━━━━━━━━━ 1s 46ms/step
8/8 ━━━━━━━━━━━━━━━━━━━━ 1s 40ms/step
[I 2024-05-22 04:33:33,228] Trial 14 finished with value: 1.0432689714357688 and parameters: {'lr': 0.05913953554007011, 'hs': 3, 'en': 228, 'dropout': 0.05165417400140106}. Best is trial 3 with value: 0.904416179004981.
8/8 ━━━━━━━━━━━━━━━━━━━━ 0s 35ms/step
8/8 ━━━━━━━━━━━━━━━━━━━━ 1s 37ms/step
8/8 ━━━━━━━━━━━━━━━━━━━━ 0s 35ms/step
[I 2024-05-22 04:44:26,832] Trial 15 finished with value: 1.289409547655038 and parameters: {'lr': 0.02408884202297997, 'hs': 4, 'en': 389, 'dropout': 0.11245255414678948}. Best is trial 3 with value: 0.904416179004981.
8/8 ━━━━━━━━━━━━━━━━━━━━ 0s 36ms/step
8/8 ━━━━━━━━━━━━━━━━━━━━ 1s 40ms/step
8/8 ━━━━━━━━━━━━━━━━━━━━ 1s 37ms/step
[I 2024-05-22 04:53:44,800] Trial 16 finished with value: 2.019000890698143 and parameters: {'lr': 0.05012270379733662, 'hs': 6, 'en': 338, 'dropout': 0.19745422089846149}. Best is trial 3 with value: 0.904416179004981.
8/8 ━━━━━━━━━━━━━━━━━━━━ 1s 36ms/step
8/8 ━━━━━━━━━━━━━━━━━━━━ 1s 37ms/step
8/8 ━━━━━━━━━━━━━━━━━━━━ 0s 34ms/step
[I 2024-05-22 05:00:42,519] Trial 17 finished with value: 1.1128207199225064 and parameters: {'lr': 0.08003312288947423, 'hs': 8, 'en': 247, 'dropout': 0.0720745711217958}. Best is trial 3 with value: 0.904416179004981.
8/8 ━━━━━━━━━━━━━━━━━━━━ 1s 47ms/step
8/8 ━━━━━━━━━━━━━━━━━━━━ 1s 39ms/step
8/8 ━━━━━━━━━━━━━━━━━━━━ 0s 34ms/step
[I 2024-05-22 05:05:04,738] Trial 18 finished with value: 1.5036926277691531 and parameters: {'lr': 0.045222954309381086, 'hs': 2, 'en': 164, 'dropout': 0.09742419903386801}. Best is trial 3 with value: 0.904416179004981.
8/8 ━━━━━━━━━━━━━━━━━━━━ 0s 36ms/step
8/8 ━━━━━━━━━━━━━━━━━━━━ 1s 35ms/step
8/8 ━━━━━━━━━━━━━━━━━━━━ 1s 47ms/step
[I 2024-05-22 05:18:36,015] Trial 19 finished with value: 1.5108245256445008 and parameters: {'lr': 0.019420122105367962, 'hs': 3, 'en': 478, 'dropout': 0.16444839231336447}. Best is trial 3 with value: 0.904416179004981.
10/10 ━━━━━━━━━━━━━━━━━━━━ 1s 32ms/step
[I 2024-05-22 05:22:44,859] A new study created in memory with name: no-name-2958f1aa-732f-4fb6-a748-7941ce4b3db9
LSTM UK y_3 0.7605983438368178 0.6638194394827303 0.3 26.8
24/24 ━━━━━━━━━━━━━━━━━━━━ 1s 12ms/step
24/24 ━━━━━━━━━━━━━━━━━━━━ 1s 12ms/step
24/24 ━━━━━━━━━━━━━━━━━━━━ 1s 12ms/step
[I 2024-05-22 06:01:49,512] Trial 0 finished with value: 1.0534675181960982 and parameters: {'lr': 0.06687281655289981, 'hs': 2, 'en': 426, 'dropout': 0.06712351228682825}. Best is trial 0 with value: 1.0534675181960982.
24/24 ━━━━━━━━━━━━━━━━━━━━ 1s 12ms/step
24/24 ━━━━━━━━━━━━━━━━━━━━ 1s 13ms/step
24/24 ━━━━━━━━━━━━━━━━━━━━ 1s 14ms/step
[I 2024-05-22 06:19:33,275] Trial 1 finished with value: 3.245987782120754 and parameters: {'lr': 0.01650495878235793, 'hs': 6, 'en': 177, 'dropout': 0.16042846381368195}. Best is trial 0 with value: 1.0534675181960982.
24/24 ━━━━━━━━━━━━━━━━━━━━ 1s 12ms/step
24/24 ━━━━━━━━━━━━━━━━━━━━ 1s 12ms/step
24/24 ━━━━━━━━━━━━━━━━━━━━ 1s 12ms/step
[I 2024-05-22 07:05:22,312] Trial 2 finished with value: 4.255297435596851 and parameters: {'lr': 0.016719451227161748, 'hs': 5, 'en': 492, 'dropout': 0.1573901248016682}. Best is trial 0 with value: 1.0534675181960982.
24/24 ━━━━━━━━━━━━━━━━━━━━ 0s 11ms/step
24/24 ━━━━━━━━━━━━━━━━━━━━ 1s 13ms/step
24/24 ━━━━━━━━━━━━━━━━━━━━ 1s 12ms/step
[I 2024-05-22 07:50:37,450] Trial 3 finished with value: 5.278450256034903 and parameters: {'lr': 0.0747991667308372, 'hs': 3, 'en': 469, 'dropout': 0.18864412552660365}. Best is trial 0 with value: 1.0534675181960982.
24/24 ━━━━━━━━━━━━━━━━━━━━ 1s 17ms/step
24/24 ━━━━━━━━━━━━━━━━━━━━ 1s 13ms/step
24/24 ━━━━━━━━━━━━━━━━━━━━ 1s 13ms/step
[I 2024-05-22 08:33:08,425] Trial 4 finished with value: 3.63060655825095 and parameters: {'lr': 0.037469074750607206, 'hs': 3, 'en': 393, 'dropout': 0.1522942049174797}. Best is trial 0 with value: 1.0534675181960982.
24/24 ━━━━━━━━━━━━━━━━━━━━ 1s 13ms/step
24/24 ━━━━━━━━━━━━━━━━━━━━ 1s 13ms/step
24/24 ━━━━━━━━━━━━━━━━━━━━ 1s 12ms/step
[I 2024-05-22 08:50:15,479] Trial 5 finished with value: 2.9081081147112577 and parameters: {'lr': 0.004416165226166175, 'hs': 3, 'en': 173, 'dropout': 0.11084221014665682}. Best is trial 0 with value: 1.0534675181960982.
24/24 ━━━━━━━━━━━━━━━━━━━━ 1s 15ms/step
24/24 ━━━━━━━━━━━━━━━━━━━━ 1s 13ms/step
24/24 ━━━━━━━━━━━━━━━━━━━━ 1s 40ms/step
[I 2024-05-22 09:23:55,384] Trial 6 finished with value: 2.4579491531799955 and parameters: {'lr': 0.04645314038428652, 'hs': 5, 'en': 331, 'dropout': 0.13170286020234878}. Best is trial 0 with value: 1.0534675181960982.
24/24 ━━━━━━━━━━━━━━━━━━━━ 1s 13ms/step
24/24 ━━━━━━━━━━━━━━━━━━━━ 1s 13ms/step
24/24 ━━━━━━━━━━━━━━━━━━━━ 1s 13ms/step
[I 2024-05-22 09:29:12,952] Trial 7 finished with value: 3.2776707835712386 and parameters: {'lr': 0.06593059706284765, 'hs': 5, 'en': 52, 'dropout': 0.1136827530577954}. Best is trial 0 with value: 1.0534675181960982.
24/24 ━━━━━━━━━━━━━━━━━━━━ 1s 13ms/step
24/24 ━━━━━━━━━━━━━━━━━━━━ 1s 12ms/step
24/24 ━━━━━━━━━━━━━━━━━━━━ 1s 13ms/step
[I 2024-05-22 10:02:56,190] Trial 8 finished with value: 1.8102060784896545 and parameters: {'lr': 0.03059571648297527, 'hs': 6, 'en': 341, 'dropout': 0.0681526220341}. Best is trial 0 with value: 1.0534675181960982.
24/24 ━━━━━━━━━━━━━━━━━━━━ 1s 13ms/step
24/24 ━━━━━━━━━━━━━━━━━━━━ 1s 13ms/step
24/24 ━━━━━━━━━━━━━━━━━━━━ 1s 12ms/step
[I 2024-05-22 10:37:07,505] Trial 9 finished with value: 2.3706785236328245 and parameters: {'lr': 0.07853856415797694, 'hs': 5, 'en': 330, 'dropout': 0.11906859933801679}. Best is trial 0 with value: 1.0534675181960982.
24/24 ━━━━━━━━━━━━━━━━━━━━ 1s 13ms/step
24/24 ━━━━━━━━━━━━━━━━━━━━ 1s 14ms/step 
24/24 ━━━━━━━━━━━━━━━━━━━━ 1s 12ms/step
[I 2024-05-22 10:56:39,152] Trial 10 finished with value: 1.844138001120448 and parameters: {'lr': 0.09127267294965495, 'hs': 8, 'en': 198, 'dropout': 0.05915980888603193}. Best is trial 0 with value: 1.0534675181960982.
24/24 ━━━━━━━━━━━━━━━━━━━━ 1s 12ms/step
24/24 ━━━━━━━━━━━━━━━━━━━━ 1s 12ms/step
24/24 ━━━━━━━━━━━━━━━━━━━━ 1s 12ms/step
[I 2024-05-22 11:29:15,558] Trial 11 finished with value: 1.853738674242604 and parameters: {'lr': 0.055480334103510276, 'hs': 7, 'en': 365, 'dropout': 0.06400940998039656}. Best is trial 0 with value: 1.0534675181960982.
24/24 ━━━━━━━━━━━━━━━━━━━━ 0s 11ms/step
24/24 ━━━━━━━━━━━━━━━━━━━━ 1s 13ms/step
24/24 ━━━━━━━━━━━━━━━━━━━━ 1s 12ms/step
[I 2024-05-22 11:48:56,699] Trial 12 finished with value: 1.5022589625313418 and parameters: {'lr': 0.03490976705335723, 'hs': 2, 'en': 268, 'dropout': 0.08378878001770455}. Best is trial 0 with value: 1.0534675181960982.
24/24 ━━━━━━━━━━━━━━━━━━━━ 0s 11ms/step
24/24 ━━━━━━━━━━━━━━━━━━━━ 0s 11ms/step
24/24 ━━━━━━━━━━━━━━━━━━━━ 1s 12ms/step
[I 2024-05-22 12:05:08,773] Trial 13 finished with value: 1.4612052464873475 and parameters: {'lr': 0.09987859928956373, 'hs': 2, 'en': 258, 'dropout': 0.08950678201632285}. Best is trial 0 with value: 1.0534675181960982.
24/24 ━━━━━━━━━━━━━━━━━━━━ 1s 45ms/step
24/24 ━━━━━━━━━━━━━━━━━━━━ 1s 13ms/step
24/24 ━━━━━━━━━━━━━━━━━━━━ 1s 14ms/step
[I 2024-05-22 12:49:23,896] Trial 14 finished with value: 1.782012224449539 and parameters: {'lr': 0.09939739607779075, 'hs': 2, 'en': 430, 'dropout': 0.08929915154335258}. Best is trial 0 with value: 1.0534675181960982.
24/24 ━━━━━━━━━━━━━━━━━━━━ 1s 12ms/step
24/24 ━━━━━━━━━━━━━━━━━━━━ 1s 15ms/step
24/24 ━━━━━━━━━━━━━━━━━━━━ 1s 14ms/step
[I 2024-05-22 12:58:31,210] Trial 15 finished with value: 1.9363012485752515 and parameters: {'lr': 0.08692371816153277, 'hs': 2, 'en': 81, 'dropout': 0.0884298858828438}. Best is trial 0 with value: 1.0534675181960982.
24/24 ━━━━━━━━━━━━━━━━━━━━ 1s 13ms/step
24/24 ━━━━━━━━━━━━━━━━━━━━ 1s 14ms/step
24/24 ━━━━━━━━━━━━━━━━━━━━ 1s 14ms/step
[I 2024-05-22 13:26:37,091] Trial 16 finished with value: 0.6974663241816943 and parameters: {'lr': 0.06273768182327175, 'hs': 4, 'en': 253, 'dropout': 0.05153558655394143}. Best is trial 16 with value: 0.6974663241816943.
24/24 ━━━━━━━━━━━━━━━━━━━━ 1s 16ms/step
24/24 ━━━━━━━━━━━━━━━━━━━━ 1s 12ms/step
24/24 ━━━━━━━━━━━━━━━━━━━━ 1s 14ms/step
[I 2024-05-22 13:38:51,233] Trial 17 finished with value: 1.825587870130386 and parameters: {'lr': 0.06534886411700463, 'hs': 4, 'en': 111, 'dropout': 0.05522746987777617}. Best is trial 16 with value: 0.6974663241816943.
24/24 ━━━━━━━━━━━━━━━━━━━━ 1s 13ms/step
24/24 ━━━━━━━━━━━━━━━━━━━━ 1s 13ms/step
24/24 ━━━━━━━━━━━━━━━━━━━━ 1s 14ms/step
[I 2024-05-22 14:10:04,641] Trial 18 finished with value: 0.906996874288584 and parameters: {'lr': 0.05806831484483213, 'hs': 4, 'en': 285, 'dropout': 0.05054580353929575}. Best is trial 16 with value: 0.6974663241816943.
24/24 ━━━━━━━━━━━━━━━━━━━━ 1s 14ms/step
24/24 ━━━━━━━━━━━━━━━━━━━━ 1s 16ms/step
24/24 ━━━━━━━━━━━━━━━━━━━━ 1s 18ms/step
[I 2024-05-22 14:41:36,934] Trial 19 finished with value: 0.7907331775989975 and parameters: {'lr': 0.05233816257058409, 'hs': 4, 'en': 287, 'dropout': 0.05228803523459913}. Best is trial 16 with value: 0.6974663241816943.
31/31 ━━━━━━━━━━━━━━━━━━━━ 1s 11ms/step
[I 2024-05-22 14:59:27,860] A new study created in memory with name: no-name-62ded3ee-9b7e-4cd0-9c1e-08b073c63b9d
LSTM UK y_2 0.6980700275891102 0.6218134241414001 -2.8 26.7
24/24 ━━━━━━━━━━━━━━━━━━━━ 1s 16ms/step
24/24 ━━━━━━━━━━━━━━━━━━━━ 1s 13ms/step
24/24 ━━━━━━━━━━━━━━━━━━━━ 1s 14ms/step
[I 2024-05-22 15:06:24,385] Trial 0 finished with value: 2.296949840453204 and parameters: {'lr': 0.08673666200067831, 'hs': 7, 'en': 62, 'dropout': 0.1643287796855054}. Best is trial 0 with value: 2.296949840453204.
24/24 ━━━━━━━━━━━━━━━━━━━━ 1s 13ms/step
24/24 ━━━━━━━━━━━━━━━━━━━━ 1s 15ms/step
24/24 ━━━━━━━━━━━━━━━━━━━━ 1s 15ms/step
[I 2024-05-22 15:52:55,567] Trial 1 finished with value: 2.398537173145177 and parameters: {'lr': 0.08441655458887799, 'hs': 5, 'en': 419, 'dropout': 0.11082483066974878}. Best is trial 0 with value: 2.296949840453204.
24/24 ━━━━━━━━━━━━━━━━━━━━ 1s 14ms/step
24/24 ━━━━━━━━━━━━━━━━━━━━ 1s 16ms/step
24/24 ━━━━━━━━━━━━━━━━━━━━ 1s 13ms/step
[I 2024-05-22 15:58:38,738] Trial 2 finished with value: 2.680690997925128 and parameters: {'lr': 0.020397308371147928, 'hs': 2, 'en': 50, 'dropout': 0.19464070233585273}. Best is trial 0 with value: 2.296949840453204.
24/24 ━━━━━━━━━━━━━━━━━━━━ 1s 18ms/step
24/24 ━━━━━━━━━━━━━━━━━━━━ 1s 19ms/step
24/24 ━━━━━━━━━━━━━━━━━━━━ 1s 13ms/step
[I 2024-05-22 16:48:20,068] Trial 3 finished with value: 5.618256336514705 and parameters: {'lr': 0.09742535574078956, 'hs': 7, 'en': 438, 'dropout': 0.16242701912793406}. Best is trial 0 with value: 2.296949840453204.
24/24 ━━━━━━━━━━━━━━━━━━━━ 1s 13ms/step
24/24 ━━━━━━━━━━━━━━━━━━━━ 1s 15ms/step
24/24 ━━━━━━━━━━━━━━━━━━━━ 1s 16ms/step
[I 2024-05-22 17:19:07,982] Trial 4 finished with value: 5.007699449684988 and parameters: {'lr': 0.07811625844091702, 'hs': 2, 'en': 280, 'dropout': 0.17541013216583734}. Best is trial 0 with value: 2.296949840453204.
24/24 ━━━━━━━━━━━━━━━━━━━━ 1s 15ms/step
24/24 ━━━━━━━━━━━━━━━━━━━━ 1s 15ms/step
24/24 ━━━━━━━━━━━━━━━━━━━━ 1s 12ms/step
[I 2024-05-22 17:47:18,957] Trial 5 finished with value: 2.3468908039392935 and parameters: {'lr': 0.09379621570201191, 'hs': 5, 'en': 288, 'dropout': 0.1283388342023322}. Best is trial 0 with value: 2.296949840453204.
24/24 ━━━━━━━━━━━━━━━━━━━━ 1s 12ms/step
24/24 ━━━━━━━━━━━━━━━━━━━━ 1s 12ms/step
24/24 ━━━━━━━━━━━━━━━━━━━━ 1s 16ms/step
[I 2024-05-22 17:54:18,200] Trial 6 finished with value: 1.751267448386545 and parameters: {'lr': 0.0845150633900848, 'hs': 2, 'en': 70, 'dropout': 0.06271198062643683}. Best is trial 6 with value: 1.751267448386545.
24/24 ━━━━━━━━━━━━━━━━━━━━ 1s 13ms/step
24/24 ━━━━━━━━━━━━━━━━━━━━ 1s 12ms/step
24/24 ━━━━━━━━━━━━━━━━━━━━ 1s 13ms/step
[I 2024-05-22 17:56:10,811] Trial 7 finished with value: 2.748760199901145 and parameters: {'lr': 0.018014573525253073, 'hs': 5, 'en': 20, 'dropout': 0.15218181071846235}. Best is trial 6 with value: 1.751267448386545.
24/24 ━━━━━━━━━━━━━━━━━━━━ 1s 13ms/step
24/24 ━━━━━━━━━━━━━━━━━━━━ 1s 12ms/step
24/24 ━━━━━━━━━━━━━━━━━━━━ 1s 15ms/step
[I 2024-05-22 18:01:01,297] Trial 8 finished with value: 2.3470642043733823 and parameters: {'lr': 0.04168529745854737, 'hs': 5, 'en': 54, 'dropout': 0.05347242608608974}. Best is trial 6 with value: 1.751267448386545.
24/24 ━━━━━━━━━━━━━━━━━━━━ 1s 13ms/step
24/24 ━━━━━━━━━━━━━━━━━━━━ 1s 12ms/step
24/24 ━━━━━━━━━━━━━━━━━━━━ 1s 12ms/step
[I 2024-05-22 18:08:37,436] Trial 9 finished with value: 1.6646312540328605 and parameters: {'lr': 0.05703022472961989, 'hs': 3, 'en': 89, 'dropout': 0.09042513168417238}. Best is trial 9 with value: 1.6646312540328605.
24/24 ━━━━━━━━━━━━━━━━━━━━ 1s 12ms/step
24/24 ━━━━━━━━━━━━━━━━━━━━ 1s 17ms/step
24/24 ━━━━━━━━━━━━━━━━━━━━ 1s 13ms/step
[I 2024-05-22 18:23:08,695] Trial 10 finished with value: 1.6234218983985766 and parameters: {'lr': 0.0567792840483332, 'hs': 3, 'en': 167, 'dropout': 0.08984503670020029}. Best is trial 10 with value: 1.6234218983985766.
24/24 ━━━━━━━━━━━━━━━━━━━━ 1s 13ms/step
24/24 ━━━━━━━━━━━━━━━━━━━━ 1s 12ms/step
24/24 ━━━━━━━━━━━━━━━━━━━━ 1s 12ms/step
[I 2024-05-22 18:37:10,269] Trial 11 finished with value: 1.7546262747021117 and parameters: {'lr': 0.05969755636332688, 'hs': 3, 'en': 173, 'dropout': 0.08527324145859908}. Best is trial 10 with value: 1.6234218983985766.
24/24 ━━━━━━━━━━━━━━━━━━━━ 0s 11ms/step
24/24 ━━━━━━━━━━━━━━━━━━━━ 1s 14ms/step
24/24 ━━━━━━━━━━━━━━━━━━━━ 1s 12ms/step
[I 2024-05-22 18:51:28,346] Trial 12 finished with value: 1.7494110410878925 and parameters: {'lr': 0.0518874162441688, 'hs': 3, 'en': 176, 'dropout': 0.09644291853649335}. Best is trial 10 with value: 1.6234218983985766.
24/24 ━━━━━━━━━━━━━━━━━━━━ 1s 12ms/step
24/24 ━━━━━━━━━━━━━━━━━━━━ 1s 12ms/step
24/24 ━━━━━━━━━━━━━━━━━━━━ 0s 11ms/step
[I 2024-05-22 19:06:31,577] Trial 13 finished with value: 1.5333158356536856 and parameters: {'lr': 0.036117312252647166, 'hs': 4, 'en': 164, 'dropout': 0.08093739977336091}. Best is trial 13 with value: 1.5333158356536856.
24/24 ━━━━━━━━━━━━━━━━━━━━ 2s 15ms/step
24/24 ━━━━━━━━━━━━━━━━━━━━ 1s 15ms/step
24/24 ━━━━━━━━━━━━━━━━━━━━ 1s 24ms/step
[I 2024-05-22 19:22:23,825] Trial 14 finished with value: 1.6239924182470122 and parameters: {'lr': 0.03341649668772744, 'hs': 4, 'en': 183, 'dropout': 0.07189001879896692}. Best is trial 13 with value: 1.5333158356536856.
24/24 ━━━━━━━━━━━━━━━━━━━━ 1s 16ms/step
24/24 ━━━━━━━━━━━━━━━━━━━━ 0s 11ms/step
24/24 ━━━━━━━━━━━━━━━━━━━━ 0s 11ms/step
[I 2024-05-22 19:47:53,930] Trial 15 finished with value: 2.094440824073509 and parameters: {'lr': 0.006541255605042075, 'hs': 4, 'en': 350, 'dropout': 0.122332577704587}. Best is trial 13 with value: 1.5333158356536856.
24/24 ━━━━━━━━━━━━━━━━━━━━ 1s 13ms/step
24/24 ━━━━━━━━━━━━━━━━━━━━ 1s 12ms/step
24/24 ━━━━━━━━━━━━━━━━━━━━ 1s 12ms/step
[I 2024-05-22 19:55:38,488] Trial 16 finished with value: 2.1916712767177784 and parameters: {'lr': 0.06518594774520063, 'hs': 8, 'en': 127, 'dropout': 0.0761755144350804}. Best is trial 13 with value: 1.5333158356536856.
24/24 ━━━━━━━━━━━━━━━━━━━━ 1s 12ms/step
24/24 ━━━━━━━━━━━━━━━━━━━━ 0s 11ms/step
24/24 ━━━━━━━━━━━━━━━━━━━━ 1s 14ms/step
[I 2024-05-22 20:12:41,081] Trial 17 finished with value: 7.761361213563354 and parameters: {'lr': 0.0338232522923753, 'hs': 4, 'en': 241, 'dropout': 0.10497935806504667}. Best is trial 13 with value: 1.5333158356536856.
24/24 ━━━━━━━━━━━━━━━━━━━━ 1s 12ms/step
24/24 ━━━━━━━━━━━━━━━━━━━━ 1s 12ms/step
24/24 ━━━━━━━━━━━━━━━━━━━━ 0s 11ms/step
[I 2024-05-22 20:28:44,355] Trial 18 finished with value: 2.4321536955783247 and parameters: {'lr': 0.06621973863010475, 'hs': 6, 'en': 237, 'dropout': 0.1263607748696483}. Best is trial 13 with value: 1.5333158356536856.
24/24 ━━━━━━━━━━━━━━━━━━━━ 0s 11ms/step
24/24 ━━━━━━━━━━━━━━━━━━━━ 1s 39ms/step
24/24 ━━━━━━━━━━━━━━━━━━━━ 1s 13ms/step
[I 2024-05-22 21:03:24,946] Trial 19 finished with value: 0.5506563615464876 and parameters: {'lr': 0.04678556460177424, 'hs': 3, 'en': 500, 'dropout': 0.05030946025343015}. Best is trial 19 with value: 0.5506563615464876.
31/31 ━━━━━━━━━━━━━━━━━━━━ 1s 9ms/step
[I 2024-05-22 21:20:42,737] A new study created in memory with name: no-name-e474f6cb-086b-4307-8fe4-4cfb7f735401
LSTM UK y_1 0.609795852786099 0.4858384289569462 0.0 26.6
8/8 ━━━━━━━━━━━━━━━━━━━━ 0s 34ms/step
8/8 ━━━━━━━━━━━━━━━━━━━━ 0s 34ms/step
8/8 ━━━━━━━━━━━━━━━━━━━━ 0s 33ms/step
[I 2024-05-22 21:26:27,470] Trial 0 finished with value: 1.9604373288724097 and parameters: {'lr': 0.009367942458731775, 'hs': 8, 'en': 213, 'dropout': 0.145010552382411}. Best is trial 0 with value: 1.9604373288724097.
8/8 ━━━━━━━━━━━━━━━━━━━━ 1s 45ms/step
8/8 ━━━━━━━━━━━━━━━━━━━━ 1s 42ms/step
8/8 ━━━━━━━━━━━━━━━━━━━━ 0s 35ms/step
[I 2024-05-22 21:28:09,932] Trial 1 finished with value: 2.1851801941935256 and parameters: {'lr': 0.08289247013011251, 'hs': 5, 'en': 60, 'dropout': 0.07493962051307013}. Best is trial 0 with value: 1.9604373288724097.
8/8 ━━━━━━━━━━━━━━━━━━━━ 0s 36ms/step
8/8 ━━━━━━━━━━━━━━━━━━━━ 0s 34ms/step
8/8 ━━━━━━━━━━━━━━━━━━━━ 1s 44ms/step
[I 2024-05-22 21:37:38,829] Trial 2 finished with value: 2.001894686284005 and parameters: {'lr': 0.08648510827030725, 'hs': 7, 'en': 348, 'dropout': 0.14023019221594285}. Best is trial 0 with value: 1.9604373288724097.
8/8 ━━━━━━━━━━━━━━━━━━━━ 1s 37ms/step
8/8 ━━━━━━━━━━━━━━━━━━━━ 0s 36ms/step
8/8 ━━━━━━━━━━━━━━━━━━━━ 0s 34ms/step
[I 2024-05-22 21:44:47,229] Trial 3 finished with value: 2.180771293696566 and parameters: {'lr': 0.08566934416255492, 'hs': 7, 'en': 265, 'dropout': 0.144157352999991}. Best is trial 0 with value: 1.9604373288724097.
8/8 ━━━━━━━━━━━━━━━━━━━━ 0s 33ms/step
8/8 ━━━━━━━━━━━━━━━━━━━━ 0s 34ms/step
8/8 ━━━━━━━━━━━━━━━━━━━━ 1s 44ms/step
[I 2024-05-22 21:47:28,420] Trial 4 finished with value: 2.9593599908319628 and parameters: {'lr': 0.07324525116690815, 'hs': 8, 'en': 97, 'dropout': 0.11577304561543574}. Best is trial 0 with value: 1.9604373288724097.
8/8 ━━━━━━━━━━━━━━━━━━━━ 1s 41ms/step
8/8 ━━━━━━━━━━━━━━━━━━━━ 0s 36ms/step
8/8 ━━━━━━━━━━━━━━━━━━━━ 0s 34ms/step
[I 2024-05-22 21:54:28,927] Trial 5 finished with value: 2.3702447155404553 and parameters: {'lr': 0.09753312861362488, 'hs': 6, 'en': 263, 'dropout': 0.14632524650858764}. Best is trial 0 with value: 1.9604373288724097.
8/8 ━━━━━━━━━━━━━━━━━━━━ 0s 34ms/step
8/8 ━━━━━━━━━━━━━━━━━━━━ 1s 44ms/step
8/8 ━━━━━━━━━━━━━━━━━━━━ 1s 37ms/step
[I 2024-05-22 21:56:18,714] Trial 6 finished with value: 2.5502009438793807 and parameters: {'lr': 0.01771162776420231, 'hs': 5, 'en': 71, 'dropout': 0.1921739718513259}. Best is trial 0 with value: 1.9604373288724097.
8/8 ━━━━━━━━━━━━━━━━━━━━ 0s 34ms/step
8/8 ━━━━━━━━━━━━━━━━━━━━ 0s 35ms/step
8/8 ━━━━━━━━━━━━━━━━━━━━ 0s 33ms/step
[I 2024-05-22 22:00:30,437] Trial 7 finished with value: 2.146122131965822 and parameters: {'lr': 0.08374543565142095, 'hs': 2, 'en': 180, 'dropout': 0.16654135070447468}. Best is trial 0 with value: 1.9604373288724097.
8/8 ━━━━━━━━━━━━━━━━━━━━ 0s 34ms/step
8/8 ━━━━━━━━━━━━━━━━━━━━ 1s 40ms/step
8/8 ━━━━━━━━━━━━━━━━━━━━ 0s 35ms/step
[I 2024-05-22 22:11:52,627] Trial 8 finished with value: 1.4586446982114605 and parameters: {'lr': 0.09648803447556192, 'hs': 7, 'en': 474, 'dropout': 0.06850700264376236}. Best is trial 8 with value: 1.4586446982114605.
8/8 ━━━━━━━━━━━━━━━━━━━━ 0s 33ms/step
8/8 ━━━━━━━━━━━━━━━━━━━━ 0s 32ms/step
8/8 ━━━━━━━━━━━━━━━━━━━━ 0s 32ms/step
[I 2024-05-22 22:18:45,425] Trial 9 finished with value: 1.7525590042900638 and parameters: {'lr': 0.09723905796516794, 'hs': 4, 'en': 330, 'dropout': 0.09041546439800535}. Best is trial 8 with value: 1.4586446982114605.
8/8 ━━━━━━━━━━━━━━━━━━━━ 1s 44ms/step
8/8 ━━━━━━━━━━━━━━━━━━━━ 1s 36ms/step
8/8 ━━━━━━━━━━━━━━━━━━━━ 0s 34ms/step
[I 2024-05-22 22:30:32,344] Trial 10 finished with value: 1.2583971636956934 and parameters: {'lr': 0.054510613681466175, 'hs': 3, 'en': 482, 'dropout': 0.05167774327577365}. Best is trial 10 with value: 1.2583971636956934.
8/8 ━━━━━━━━━━━━━━━━━━━━ 0s 33ms/step
8/8 ━━━━━━━━━━━━━━━━━━━━ 0s 33ms/step
8/8 ━━━━━━━━━━━━━━━━━━━━ 1s 43ms/step
