[I 2024-05-24 02:58:09,783] Trial 4 finished with value: 3.716510876482269 and parameters: {'lr': 0.09181656148867788, 'hs': 2, 'en': 432, 'dropout': 0.08441975968483309}. Best is trial 2 with value: 2.096143619344089.
24/24 ━━━━━━━━━━━━━━━━━━━━ 1s 12ms/step
24/24 ━━━━━━━━━━━━━━━━━━━━ 1s 15ms/step
24/24 ━━━━━━━━━━━━━━━━━━━━ 1s 14ms/step
[I 2024-05-24 02:59:49,274] Trial 5 finished with value: 2.637987907063725 and parameters: {'lr': 0.07000678375904697, 'hs': 3, 'en': 21, 'dropout': 0.05164890149570189}. Best is trial 2 with value: 2.096143619344089.
24/24 ━━━━━━━━━━━━━━━━━━━━ 1s 13ms/step
24/24 ━━━━━━━━━━━━━━━━━━━━ 1s 15ms/step
24/24 ━━━━━━━━━━━━━━━━━━━━ 1s 12ms/step
[I 2024-05-24 03:31:47,819] Trial 6 finished with value: 2.745079981909329 and parameters: {'lr': 0.052234549532908854, 'hs': 8, 'en': 412, 'dropout': 0.1295256969130512}. Best is trial 2 with value: 2.096143619344089.
24/24 ━━━━━━━━━━━━━━━━━━━━ 1s 16ms/step
24/24 ━━━━━━━━━━━━━━━━━━━━ 1s 18ms/step
24/24 ━━━━━━━━━━━━━━━━━━━━ 1s 14ms/step
[I 2024-05-24 03:53:22,482] Trial 7 finished with value: 2.8542238030618097 and parameters: {'lr': 0.06920833327759268, 'hs': 2, 'en': 235, 'dropout': 0.15297589534368783}. Best is trial 2 with value: 2.096143619344089.
24/24 ━━━━━━━━━━━━━━━━━━━━ 1s 13ms/step
24/24 ━━━━━━━━━━━━━━━━━━━━ 1s 14ms/step
24/24 ━━━━━━━━━━━━━━━━━━━━ 1s 15ms/step
[I 2024-05-24 04:01:18,440] Trial 8 finished with value: 2.5486591566083105 and parameters: {'lr': 0.059541708786627116, 'hs': 5, 'en': 96, 'dropout': 0.12763906504741837}. Best is trial 2 with value: 2.096143619344089.
24/24 ━━━━━━━━━━━━━━━━━━━━ 1s 14ms/step
24/24 ━━━━━━━━━━━━━━━━━━━━ 1s 14ms/step
24/24 ━━━━━━━━━━━━━━━━━━━━ 1s 13ms/step
[I 2024-05-24 04:43:01,815] Trial 9 finished with value: 1.9221265002847663 and parameters: {'lr': 0.0004141064613559041, 'hs': 5, 'en': 475, 'dropout': 0.08873505547025995}. Best is trial 9 with value: 1.9221265002847663.
24/24 ━━━━━━━━━━━━━━━━━━━━ 1s 12ms/step
24/24 ━━━━━━━━━━━━━━━━━━━━ 1s 17ms/step
24/24 ━━━━━━━━━━━━━━━━━━━━ 1s 16ms/step
[I 2024-05-24 05:30:16,304] Trial 10 finished with value: 1.573864802592789 and parameters: {'lr': 0.006088570246560725, 'hs': 6, 'en': 500, 'dropout': 0.09354598797722512}. Best is trial 10 with value: 1.573864802592789.
24/24 ━━━━━━━━━━━━━━━━━━━━ 1s 12ms/step
24/24 ━━━━━━━━━━━━━━━━━━━━ 1s 15ms/step
24/24 ━━━━━━━━━━━━━━━━━━━━ 1s 12ms/step
[I 2024-05-24 06:04:07,562] Trial 11 finished with value: 1.4822294745781888 and parameters: {'lr': 0.0008847534663128429, 'hs': 6, 'en': 499, 'dropout': 0.09080992826015268}. Best is trial 11 with value: 1.4822294745781888.
24/24 ━━━━━━━━━━━━━━━━━━━━ 1s 12ms/step
24/24 ━━━━━━━━━━━━━━━━━━━━ 1s 17ms/step
24/24 ━━━━━━━━━━━━━━━━━━━━ 1s 15ms/step
[I 2024-05-24 06:31:30,472] Trial 12 finished with value: 2.6818240433738953 and parameters: {'lr': 0.027742395803421617, 'hs': 7, 'en': 357, 'dropout': 0.10013285041615563}. Best is trial 11 with value: 1.4822294745781888.
24/24 ━━━━━━━━━━━━━━━━━━━━ 1s 14ms/step
24/24 ━━━━━━━━━━━━━━━━━━━━ 1s 16ms/step
24/24 ━━━━━━━━━━━━━━━━━━━━ 1s 11ms/step
[I 2024-05-24 06:57:19,591] Trial 13 finished with value: 0.8112697217055881 and parameters: {'lr': 0.01464682853472336, 'hs': 6, 'en': 314, 'dropout': 0.055272161581557955}. Best is trial 13 with value: 0.8112697217055881.
24/24 ━━━━━━━━━━━━━━━━━━━━ 1s 15ms/step
24/24 ━━━━━━━━━━━━━━━━━━━━ 1s 15ms/step
24/24 ━━━━━━━━━━━━━━━━━━━━ 1s 12ms/step
[I 2024-05-24 07:22:50,058] Trial 14 finished with value: 0.9465982251310092 and parameters: {'lr': 0.018161819965199236, 'hs': 6, 'en': 303, 'dropout': 0.05058492608639796}. Best is trial 13 with value: 0.8112697217055881.
24/24 ━━━━━━━━━━━━━━━━━━━━ 1s 12ms/step
24/24 ━━━━━━━━━━━━━━━━━━━━ 1s 12ms/step
24/24 ━━━━━━━━━━━━━━━━━━━━ 1s 15ms/step
[I 2024-05-24 07:44:03,327] Trial 15 finished with value: 0.8797726080772791 and parameters: {'lr': 0.04094926090618231, 'hs': 6, 'en': 305, 'dropout': 0.05095255947071866}. Best is trial 13 with value: 0.8112697217055881.
24/24 ━━━━━━━━━━━━━━━━━━━━ 1s 15ms/step
24/24 ━━━━━━━━━━━━━━━━━━━━ 1s 16ms/step
24/24 ━━━━━━━━━━━━━━━━━━━━ 1s 12ms/step
[I 2024-05-24 08:03:23,087] Trial 16 finished with value: 1.306967905834015 and parameters: {'lr': 0.03971282961762721, 'hs': 8, 'en': 228, 'dropout': 0.06596200869420987}. Best is trial 13 with value: 0.8112697217055881.
24/24 ━━━━━━━━━━━━━━━━━━━━ 1s 11ms/step
24/24 ━━━━━━━━━━━━━━━━━━━━ 1s 17ms/step
24/24 ━━━━━━━━━━━━━━━━━━━━ 1s 13ms/step
[I 2024-05-24 08:26:07,268] Trial 17 finished with value: 1.846849617709342 and parameters: {'lr': 0.039077586010935556, 'hs': 7, 'en': 302, 'dropout': 0.06779789003624763}. Best is trial 13 with value: 0.8112697217055881.
24/24 ━━━━━━━━━━━━━━━━━━━━ 1s 13ms/step
24/24 ━━━━━━━━━━━━━━━━━━━━ 1s 14ms/step
24/24 ━━━━━━━━━━━━━━━━━━━━ 1s 12ms/step
[I 2024-05-24 08:40:09,535] Trial 18 finished with value: 2.572838644065571 and parameters: {'lr': 0.04153636584227688, 'hs': 4, 'en': 181, 'dropout': 0.11121964072198125}. Best is trial 13 with value: 0.8112697217055881.
24/24 ━━━━━━━━━━━━━━━━━━━━ 1s 15ms/step
24/24 ━━━━━━━━━━━━━━━━━━━━ 1s 15ms/step
24/24 ━━━━━━━━━━━━━━━━━━━━ 1s 13ms/step
[I 2024-05-24 09:08:05,967] Trial 19 finished with value: 5.584139534489542 and parameters: {'lr': 0.013391133246425598, 'hs': 6, 'en': 334, 'dropout': 0.19803931357331434}. Best is trial 13 with value: 0.8112697217055881.
31/31 ━━━━━━━━━━━━━━━━━━━━ 1s 10ms/step
[I 2024-05-24 09:20:14,417] A new study created in memory with name: no-name-9b6410c4-4bb8-4fb9-9934-749f3be6e249
GRU UK y_2 0.9368003600205336 0.6269350494657244 -2.8 26.7
24/24 ━━━━━━━━━━━━━━━━━━━━ 1s 12ms/step
24/24 ━━━━━━━━━━━━━━━━━━━━ 1s 16ms/step
24/24 ━━━━━━━━━━━━━━━━━━━━ 1s 14ms/step
[I 2024-05-24 09:42:05,056] Trial 0 finished with value: 1.2222111677492444 and parameters: {'lr': 0.005589340323739905, 'hs': 4, 'en': 258, 'dropout': 0.0588496577217912}. Best is trial 0 with value: 1.2222111677492444.
24/24 ━━━━━━━━━━━━━━━━━━━━ 1s 17ms/step
24/24 ━━━━━━━━━━━━━━━━━━━━ 1s 13ms/step
24/24 ━━━━━━━━━━━━━━━━━━━━ 1s 14ms/step
[I 2024-05-24 09:54:32,950] Trial 1 finished with value: 2.40347662828997 and parameters: {'lr': 0.07243042322966117, 'hs': 6, 'en': 130, 'dropout': 0.15757417475989774}. Best is trial 0 with value: 1.2222111677492444.
24/24 ━━━━━━━━━━━━━━━━━━━━ 1s 11ms/step
24/24 ━━━━━━━━━━━━━━━━━━━━ 1s 16ms/step
24/24 ━━━━━━━━━━━━━━━━━━━━ 1s 15ms/step
[I 2024-05-24 10:15:08,290] Trial 2 finished with value: 2.0634188893511873 and parameters: {'lr': 0.04297987953080369, 'hs': 3, 'en': 234, 'dropout': 0.10108626698854666}. Best is trial 0 with value: 1.2222111677492444.
24/24 ━━━━━━━━━━━━━━━━━━━━ 1s 15ms/step
24/24 ━━━━━━━━━━━━━━━━━━━━ 1s 12ms/step
24/24 ━━━━━━━━━━━━━━━━━━━━ 1s 12ms/step
[I 2024-05-24 10:39:57,048] Trial 3 finished with value: 2.096671130316148 and parameters: {'lr': 0.02280061428864015, 'hs': 3, 'en': 305, 'dropout': 0.15909421186306522}. Best is trial 0 with value: 1.2222111677492444.
24/24 ━━━━━━━━━━━━━━━━━━━━ 1s 22ms/step
24/24 ━━━━━━━━━━━━━━━━━━━━ 1s 16ms/step
24/24 ━━━━━━━━━━━━━━━━━━━━ 1s 13ms/step
[I 2024-05-24 10:51:57,424] Trial 4 finished with value: 2.800887814353258 and parameters: {'lr': 0.03511030779443892, 'hs': 6, 'en': 109, 'dropout': 0.18399064897743223}. Best is trial 0 with value: 1.2222111677492444.
24/24 ━━━━━━━━━━━━━━━━━━━━ 1s 15ms/step
24/24 ━━━━━━━━━━━━━━━━━━━━ 1s 13ms/step
24/24 ━━━━━━━━━━━━━━━━━━━━ 1s 17ms/step
[I 2024-05-24 11:04:12,727] Trial 5 finished with value: 3.4777186630645187 and parameters: {'lr': 0.07008527134473708, 'hs': 5, 'en': 128, 'dropout': 0.1992710027459949}. Best is trial 0 with value: 1.2222111677492444.
24/24 ━━━━━━━━━━━━━━━━━━━━ 1s 16ms/step
24/24 ━━━━━━━━━━━━━━━━━━━━ 1s 14ms/step
24/24 ━━━━━━━━━━━━━━━━━━━━ 1s 13ms/step
[I 2024-05-24 11:41:55,363] Trial 6 finished with value: 3.0799937322559146 and parameters: {'lr': 0.09204416305118181, 'hs': 5, 'en': 402, 'dropout': 0.17820343497325108}. Best is trial 0 with value: 1.2222111677492444.
24/24 ━━━━━━━━━━━━━━━━━━━━ 1s 14ms/step
24/24 ━━━━━━━━━━━━━━━━━━━━ 1s 17ms/step
24/24 ━━━━━━━━━━━━━━━━━━━━ 1s 17ms/step
[I 2024-05-24 12:01:31,467] Trial 7 finished with value: 1.5644204357544755 and parameters: {'lr': 0.006983321306148756, 'hs': 6, 'en': 187, 'dropout': 0.07235358383235892}. Best is trial 0 with value: 1.2222111677492444.
24/24 ━━━━━━━━━━━━━━━━━━━━ 1s 14ms/step
24/24 ━━━━━━━━━━━━━━━━━━━━ 1s 13ms/step
24/24 ━━━━━━━━━━━━━━━━━━━━ 1s 13ms/step
[I 2024-05-24 12:03:19,913] Trial 8 finished with value: 2.6563529882410255 and parameters: {'lr': 0.06241346716318628, 'hs': 3, 'en': 16, 'dropout': 0.16847334451615992}. Best is trial 0 with value: 1.2222111677492444.
24/24 ━━━━━━━━━━━━━━━━━━━━ 1s 42ms/step
24/24 ━━━━━━━━━━━━━━━━━━━━ 1s 17ms/step
24/24 ━━━━━━━━━━━━━━━━━━━━ 1s 13ms/step
[I 2024-05-24 12:18:19,325] Trial 9 finished with value: 2.4300966834750812 and parameters: {'lr': 0.08725849067619829, 'hs': 2, 'en': 155, 'dropout': 0.12447502094927725}. Best is trial 0 with value: 1.2222111677492444.
24/24 ━━━━━━━━━━━━━━━━━━━━ 1s 13ms/step
24/24 ━━━━━━━━━━━━━━━━━━━━ 1s 13ms/step
24/24 ━━━━━━━━━━━━━━━━━━━━ 1s 13ms/step
[I 2024-05-24 13:07:12,186] Trial 10 finished with value: 0.6946213293712392 and parameters: {'lr': 0.0021293858268759255, 'hs': 8, 'en': 500, 'dropout': 0.05640271111436416}. Best is trial 10 with value: 0.6946213293712392.
24/24 ━━━━━━━━━━━━━━━━━━━━ 1s 17ms/step
24/24 ━━━━━━━━━━━━━━━━━━━━ 1s 14ms/step
24/24 ━━━━━━━━━━━━━━━━━━━━ 1s 12ms/step
[I 2024-05-24 13:51:24,234] Trial 11 finished with value: 1.3477152113255355 and parameters: {'lr': 0.0007673554689580642, 'hs': 8, 'en': 484, 'dropout': 0.05090855439791163}. Best is trial 10 with value: 0.6946213293712392.
24/24 ━━━━━━━━━━━━━━━━━━━━ 1s 12ms/step
24/24 ━━━━━━━━━━━━━━━━━━━━ 1s 13ms/step
24/24 ━━━━━━━━━━━━━━━━━━━━ 1s 16ms/step
[I 2024-05-24 14:17:05,545] Trial 12 finished with value: 1.307609809773028 and parameters: {'lr': 0.01713058325690538, 'hs': 8, 'en': 348, 'dropout': 0.07996185426071371}. Best is trial 10 with value: 0.6946213293712392.
24/24 ━━━━━━━━━━━━━━━━━━━━ 1s 14ms/step

