[I 2024-05-21 22:31:08,934] Trial 5 finished with value: 5.923166171879397 and parameters: {'lr': 0.04147928349628045, 'hs': 4, 'en': 434, 'dropout': 0.19988400165910086}. Best is trial 2 with value: 4.644472223031241.
2/2 ━━━━━━━━━━━━━━━━━━━━ 1s 287ms/step
2/2 ━━━━━━━━━━━━━━━━━━━━ 1s 253ms/step
2/2 ━━━━━━━━━━━━━━━━━━━━ 0s 228ms/step
[I 2024-05-21 22:32:46,989] Trial 6 finished with value: 6.087182635716989 and parameters: {'lr': 0.09448962864037014, 'hs': 3, 'en': 314, 'dropout': 0.16884668125349694}. Best is trial 2 with value: 4.644472223031241.
2/2 ━━━━━━━━━━━━━━━━━━━━ 0s 234ms/step
2/2 ━━━━━━━━━━━━━━━━━━━━ 0s 233ms/step
2/2 ━━━━━━━━━━━━━━━━━━━━ 0s 229ms/step
[I 2024-05-21 22:34:49,083] Trial 7 finished with value: 7.007062732746289 and parameters: {'lr': 0.014237342029200191, 'hs': 3, 'en': 398, 'dropout': 0.18119134778270946}. Best is trial 2 with value: 4.644472223031241.
2/2 ━━━━━━━━━━━━━━━━━━━━ 1s 264ms/step
2/2 ━━━━━━━━━━━━━━━━━━━━ 1s 262ms/step
2/2 ━━━━━━━━━━━━━━━━━━━━ 0s 244ms/step
[I 2024-05-21 22:36:15,683] Trial 8 finished with value: 6.794873188251398 and parameters: {'lr': 0.03454632315547625, 'hs': 2, 'en': 248, 'dropout': 0.1538718981250246}. Best is trial 2 with value: 4.644472223031241.
2/2 ━━━━━━━━━━━━━━━━━━━━ 0s 239ms/step
2/2 ━━━━━━━━━━━━━━━━━━━━ 0s 235ms/step
2/2 ━━━━━━━━━━━━━━━━━━━━ 1s 780ms/step
[I 2024-05-21 22:37:04,616] Trial 9 finished with value: 8.595838529505766 and parameters: {'lr': 0.051766138490448775, 'hs': 2, 'en': 144, 'dropout': 0.198428098469637}. Best is trial 2 with value: 4.644472223031241.
2/2 ━━━━━━━━━━━━━━━━━━━━ 1s 260ms/step
2/2 ━━━━━━━━━━━━━━━━━━━━ 0s 245ms/step
2/2 ━━━━━━━━━━━━━━━━━━━━ 0s 245ms/step
[I 2024-05-21 22:39:36,867] Trial 10 finished with value: 1.6217697561925537 and parameters: {'lr': 0.06602561974768546, 'hs': 7, 'en': 494, 'dropout': 0.05524047692047089}. Best is trial 10 with value: 1.6217697561925537.
2/2 ━━━━━━━━━━━━━━━━━━━━ 0s 232ms/step
2/2 ━━━━━━━━━━━━━━━━━━━━ 0s 229ms/step
2/2 ━━━━━━━━━━━━━━━━━━━━ 1s 285ms/step
[I 2024-05-21 22:42:08,047] Trial 11 finished with value: 2.091928318445398 and parameters: {'lr': 0.06767870972567397, 'hs': 7, 'en': 496, 'dropout': 0.05421974531545287}. Best is trial 10 with value: 1.6217697561925537.
2/2 ━━━━━━━━━━━━━━━━━━━━ 1s 252ms/step
2/2 ━━━━━━━━━━━━━━━━━━━━ 0s 249ms/step
2/2 ━━━━━━━━━━━━━━━━━━━━ 0s 237ms/step
[I 2024-05-21 22:44:30,819] Trial 12 finished with value: 1.5535436995826712 and parameters: {'lr': 0.06387449921300059, 'hs': 8, 'en': 465, 'dropout': 0.051895370860125585}. Best is trial 12 with value: 1.5535436995826712.
2/2 ━━━━━━━━━━━━━━━━━━━━ 0s 235ms/step
2/2 ━━━━━━━━━━━━━━━━━━━━ 0s 223ms/step
2/2 ━━━━━━━━━━━━━━━━━━━━ 1s 273ms/step
[I 2024-05-21 22:47:01,103] Trial 13 finished with value: 2.369754492926718 and parameters: {'lr': 0.06283835265075363, 'hs': 7, 'en': 494, 'dropout': 0.051817697311009235}. Best is trial 12 with value: 1.5535436995826712.
2/2 ━━━━━━━━━━━━━━━━━━━━ 1s 247ms/step
2/2 ━━━━━━━━━━━━━━━━━━━━ 1s 242ms/step
2/2 ━━━━━━━━━━━━━━━━━━━━ 0s 235ms/step
[I 2024-05-21 22:49:19,935] Trial 14 finished with value: 1.9977400876578726 and parameters: {'lr': 0.08706328665562796, 'hs': 8, 'en': 455, 'dropout': 0.07522680534279567}. Best is trial 12 with value: 1.5535436995826712.
2/2 ━━━━━━━━━━━━━━━━━━━━ 0s 229ms/step
2/2 ━━━━━━━━━━━━━━━━━━━━ 0s 228ms/step
2/2 ━━━━━━━━━━━━━━━━━━━━ 1s 286ms/step
[I 2024-05-21 22:51:01,180] Trial 15 finished with value: 3.485700284172425 and parameters: {'lr': 0.05715411806105351, 'hs': 6, 'en': 331, 'dropout': 0.07420912161764832}. Best is trial 12 with value: 1.5535436995826712.
2/2 ━━━━━━━━━━━━━━━━━━━━ 1s 245ms/step
2/2 ━━━━━━━━━━━━━━━━━━━━ 0s 229ms/step
2/2 ━━━━━━━━━━━━━━━━━━━━ 0s 237ms/step
[I 2024-05-21 22:53:17,623] Trial 16 finished with value: 3.7381939743010726 and parameters: {'lr': 0.07934645893522992, 'hs': 7, 'en': 441, 'dropout': 0.07535743107858187}. Best is trial 12 with value: 1.5535436995826712.
2/2 ━━━━━━━━━━━━━━━━━━━━ 0s 227ms/step
2/2 ━━━━━━━━━━━━━━━━━━━━ 0s 222ms/step
2/2 ━━━━━━━━━━━━━━━━━━━━ 1s 276ms/step
[I 2024-05-21 22:55:46,136] Trial 17 finished with value: 2.228551528683347 and parameters: {'lr': 0.0977374519767431, 'hs': 6, 'en': 495, 'dropout': 0.09794231216774546}. Best is trial 12 with value: 1.5535436995826712.
2/2 ━━━━━━━━━━━━━━━━━━━━ 1s 250ms/step
2/2 ━━━━━━━━━━━━━━━━━━━━ 0s 242ms/step
2/2 ━━━━━━━━━━━━━━━━━━━━ 0s 244ms/step
[I 2024-05-21 22:56:06,262] Trial 18 finished with value: 20.95793271310558 and parameters: {'lr': 0.029728411863147293, 'hs': 8, 'en': 50, 'dropout': 0.1346024063505677}. Best is trial 12 with value: 1.5535436995826712.
2/2 ━━━━━━━━━━━━━━━━━━━━ 0s 230ms/step
2/2 ━━━━━━━━━━━━━━━━━━━━ 1s 835ms/step
2/2 ━━━━━━━━━━━━━━━━━━━━ 1s 259ms/step
[I 2024-05-21 22:57:49,073] Trial 19 finished with value: 2.7978312126304576 and parameters: {'lr': 0.06369778676273825, 'hs': 6, 'en': 340, 'dropout': 0.06570044969865807}. Best is trial 12 with value: 1.5535436995826712.
2/2 ━━━━━━━━━━━━━━━━━━━━ 0s 242ms/step
[I 2024-05-21 22:58:51,548] A new study created in memory with name: no-name-6d4a2e1a-75e1-4bd9-8e6e-9770d7574118
LSTM Reynolds y_8 1.9071923387137681 1.0494368954580657 1.1 24.6
3/3 ━━━━━━━━━━━━━━━━━━━━ 0s 120ms/step
3/3 ━━━━━━━━━━━━━━━━━━━━ 0s 119ms/step
3/3 ━━━━━━━━━━━━━━━━━━━━ 0s 116ms/step
[I 2024-05-21 23:00:06,188] Trial 0 finished with value: 61.932310371647986 and parameters: {'lr': 0.002135109224245145, 'hs': 3, 'en': 141, 'dropout': 0.17611035519156615}. Best is trial 0 with value: 61.932310371647986.
3/3 ━━━━━━━━━━━━━━━━━━━━ 1s 140ms/step
3/3 ━━━━━━━━━━━━━━━━━━━━ 0s 120ms/step
3/3 ━━━━━━━━━━━━━━━━━━━━ 0s 119ms/step
[I 2024-05-21 23:03:35,761] Trial 1 finished with value: 1.8900863589153314 and parameters: {'lr': 0.07185269175319632, 'hs': 8, 'en': 441, 'dropout': 0.0552790031098972}. Best is trial 1 with value: 1.8900863589153314.
3/3 ━━━━━━━━━━━━━━━━━━━━ 0s 118ms/step
3/3 ━━━━━━━━━━━━━━━━━━━━ 0s 117ms/step
3/3 ━━━━━━━━━━━━━━━━━━━━ 1s 149ms/step
[I 2024-05-21 23:03:57,688] Trial 2 finished with value: 55.41471307712282 and parameters: {'lr': 0.09226949057246384, 'hs': 8, 'en': 33, 'dropout': 0.1747177293287398}. Best is trial 1 with value: 1.8900863589153314.
3/3 ━━━━━━━━━━━━━━━━━━━━ 0s 126ms/step
3/3 ━━━━━━━━━━━━━━━━━━━━ 0s 119ms/step
3/3 ━━━━━━━━━━━━━━━━━━━━ 0s 117ms/step
[I 2024-05-21 23:07:55,637] Trial 3 finished with value: 7.596586569174236 and parameters: {'lr': 0.03450616128107783, 'hs': 7, 'en': 486, 'dropout': 0.19838965252619728}. Best is trial 1 with value: 1.8900863589153314.
3/3 ━━━━━━━━━━━━━━━━━━━━ 0s 115ms/step
3/3 ━━━━━━━━━━━━━━━━━━━━ 0s 112ms/step
3/3 ━━━━━━━━━━━━━━━━━━━━ 1s 144ms/step
[I 2024-05-21 23:09:06,212] Trial 4 finished with value: 11.126509665527687 and parameters: {'lr': 0.04330885474153801, 'hs': 6, 'en': 127, 'dropout': 0.1877229410717272}. Best is trial 1 with value: 1.8900863589153314.
3/3 ━━━━━━━━━━━━━━━━━━━━ 0s 123ms/step
3/3 ━━━━━━━━━━━━━━━━━━━━ 0s 120ms/step
3/3 ━━━━━━━━━━━━━━━━━━━━ 0s 120ms/step
[I 2024-05-21 23:10:09,006] Trial 5 finished with value: 11.379700076213547 and parameters: {'lr': 0.01345586627556809, 'hs': 5, 'en': 94, 'dropout': 0.16047869971226053}. Best is trial 1 with value: 1.8900863589153314.
3/3 ━━━━━━━━━━━━━━━━━━━━ 0s 117ms/step
3/3 ━━━━━━━━━━━━━━━━━━━━ 1s 159ms/step
3/3 ━━━━━━━━━━━━━━━━━━━━ 1s 124ms/step
[I 2024-05-21 23:11:19,829] Trial 6 finished with value: 8.596592196290906 and parameters: {'lr': 0.08134217611837406, 'hs': 7, 'en': 108, 'dropout': 0.18745829007247689}. Best is trial 1 with value: 1.8900863589153314.
3/3 ━━━━━━━━━━━━━━━━━━━━ 0s 118ms/step
3/3 ━━━━━━━━━━━━━━━━━━━━ 0s 117ms/step
3/3 ━━━━━━━━━━━━━━━━━━━━ 0s 115ms/step
[I 2024-05-21 23:13:22,871] Trial 7 finished with value: 4.677089916227202 and parameters: {'lr': 0.06682530729441334, 'hs': 2, 'en': 249, 'dropout': 0.09352034730157831}. Best is trial 1 with value: 1.8900863589153314.
3/3 ━━━━━━━━━━━━━━━━━━━━ 0s 116ms/step
3/3 ━━━━━━━━━━━━━━━━━━━━ 1s 140ms/step
3/3 ━━━━━━━━━━━━━━━━━━━━ 0s 119ms/step
[I 2024-05-21 23:14:48,573] Trial 8 finished with value: 6.616789487752208 and parameters: {'lr': 0.061518240717160146, 'hs': 6, 'en': 163, 'dropout': 0.06520849371214094}. Best is trial 1 with value: 1.8900863589153314.
3/3 ━━━━━━━━━━━━━━━━━━━━ 0s 119ms/step
3/3 ━━━━━━━━━━━━━━━━━━━━ 0s 117ms/step
3/3 ━━━━━━━━━━━━━━━━━━━━ 0s 114ms/step
[I 2024-05-21 23:18:36,999] Trial 9 finished with value: 5.261293417224201 and parameters: {'lr': 0.07577882992649582, 'hs': 3, 'en': 490, 'dropout': 0.08039594600842338}. Best is trial 1 with value: 1.8900863589153314.
3/3 ━━━━━━━━━━━━━━━━━━━━ 1s 141ms/step
3/3 ━━━━━━━━━━━━━━━━━━━━ 1s 126ms/step
3/3 ━━━━━━━━━━━━━━━━━━━━ 0s 115ms/step
[I 2024-05-21 23:21:45,097] Trial 10 finished with value: 6.343037840279561 and parameters: {'lr': 0.030882271643321517, 'hs': 8, 'en': 366, 'dropout': 0.12560810722114307}. Best is trial 1 with value: 1.8900863589153314.
3/3 ━━━━━━━━━━━━━━━━━━━━ 0s 120ms/step
3/3 ━━━━━━━━━━━━━━━━━━━━ 0s 114ms/step
3/3 ━━━━━━━━━━━━━━━━━━━━ 1s 154ms/step
[I 2024-05-21 23:23:56,149] Trial 11 finished with value: 3.981549843748773 and parameters: {'lr': 0.0629152501510546, 'hs': 2, 'en': 278, 'dropout': 0.09423516906492527}. Best is trial 1 with value: 1.8900863589153314.
3/3 ━━━━━━━━━━━━━━━━━━━━ 0s 122ms/step
3/3 ━━━━━━━━━━━━━━━━━━━━ 0s 120ms/step
3/3 ━━━━━━━━━━━━━━━━━━━━ 0s 120ms/step
[I 2024-05-21 23:26:28,652] Trial 12 finished with value: 4.989722588150273 and parameters: {'lr': 0.055913948764737334, 'hs': 4, 'en': 318, 'dropout': 0.11091679692796194}. Best is trial 1 with value: 1.8900863589153314.
3/3 ━━━━━━━━━━━━━━━━━━━━ 0s 114ms/step
3/3 ━━━━━━━━━━━━━━━━━━━━ 0s 111ms/step
3/3 ━━━━━━━━━━━━━━━━━━━━ 1s 143ms/step
[I 2024-05-21 23:30:30,021] Trial 13 finished with value: 1.8642592264739857 and parameters: {'lr': 0.09233150531244845, 'hs': 2, 'en': 393, 'dropout': 0.052029137312726056}. Best is trial 13 with value: 1.8642592264739857.
3/3 ━━━━━━━━━━━━━━━━━━━━ 0s 123ms/step
3/3 ━━━━━━━━━━━━━━━━━━━━ 0s 121ms/step
3/3 ━━━━━━━━━━━━━━━━━━━━ 1s 121ms/step
[I 2024-05-21 23:34:51,838] Trial 14 finished with value: 1.9789452626330657 and parameters: {'lr': 0.09899892797426697, 'hs': 4, 'en': 419, 'dropout': 0.05058878838172538}. Best is trial 13 with value: 1.8642592264739857.
3/3 ━━━━━━━━━━━━━━━━━━━━ 0s 123ms/step
3/3 ━━━━━━━━━━━━━━━━━━━━ 1s 154ms/step
3/3 ━━━━━━━━━━━━━━━━━━━━ 1s 125ms/step
[I 2024-05-21 23:39:08,516] Trial 15 finished with value: 9.65418848538247 and parameters: {'lr': 0.08596823547500415, 'hs': 5, 'en': 412, 'dropout': 0.050483910410852165}. Best is trial 13 with value: 1.8642592264739857.
3/3 ━━━━━━━━━━━━━━━━━━━━ 1s 126ms/step
3/3 ━━━━━━━━━━━━━━━━━━━━ 1s 125ms/step
3/3 ━━━━━━━━━━━━━━━━━━━━ 0s 116ms/step
[I 2024-05-21 23:43:31,834] Trial 16 finished with value: 5.776134951697767 and parameters: {'lr': 0.0739594576958046, 'hs': 6, 'en': 424, 'dropout': 0.13115953811018385}. Best is trial 13 with value: 1.8642592264739857.
3/3 ━━━━━━━━━━━━━━━━━━━━ 0s 119ms/step
3/3 ━━━━━━━━━━━━━━━━━━━━ 1s 143ms/step
3/3 ━━━━━━━━━━━━━━━━━━━━ 1s 124ms/step
[I 2024-05-21 23:47:18,336] Trial 17 finished with value: 2.9550152862551524 and parameters: {'lr': 0.09907480213200677, 'hs': 4, 'en': 353, 'dropout': 0.07731715311717907}. Best is trial 13 with value: 1.8642592264739857.
3/3 ━━━━━━━━━━━━━━━━━━━━ 1s 123ms/step
3/3 ━━━━━━━━━━━━━━━━━━━━ 1s 163ms/step
3/3 ━━━━━━━━━━━━━━━━━━━━ 0s 120ms/step
[I 2024-05-21 23:49:36,990] Trial 18 finished with value: 6.969444124687147 and parameters: {'lr': 0.08671464064734197, 'hs': 3, 'en': 216, 'dropout': 0.14435144029913666}. Best is trial 13 with value: 1.8642592264739857.
3/3 ━━━━━━━━━━━━━━━━━━━━ 1s 229ms/step
3/3 ━━━━━━━━━━━━━━━━━━━━ 1s 125ms/step
3/3 ━━━━━━━━━━━━━━━━━━━━ 0s 122ms/step
[I 2024-05-21 23:54:30,189] Trial 19 finished with value: 4.163222891769135 and parameters: {'lr': 0.04569150140915327, 'hs': 7, 'en': 453, 'dropout': 0.06863182739156395}. Best is trial 13 with value: 1.8642592264739857.
3/3 ━━━━━━━━━━━━━━━━━━━━ 0s 118ms/step
[I 2024-05-21 23:56:14,288] A new study created in memory with name: no-name-0fe7cc18-e692-4732-ae9b-5435a02ab1b0
LSTM Reynolds y_6 2.4797327017645014 1.204293549993411 -2.7 26.8
8/8 ━━━━━━━━━━━━━━━━━━━━ 0s 34ms/step
8/8 ━━━━━━━━━━━━━━━━━━━━ 0s 33ms/step
8/8 ━━━━━━━━━━━━━━━━━━━━ 1s 39ms/step
[I 2024-05-22 00:05:06,207] Trial 0 finished with value: 1.0050203009277967 and parameters: {'lr': 0.06935305056339566, 'hs': 3, 'en': 323, 'dropout': 0.08269469688420933}. Best is trial 0 with value: 1.0050203009277967.
8/8 ━━━━━━━━━━━━━━━━━━━━ 1s 38ms/step
8/8 ━━━━━━━━━━━━━━━━━━━━ 0s 36ms/step
8/8 ━━━━━━━━━━━━━━━━━━━━ 0s 34ms/step
[I 2024-05-22 00:10:14,976] Trial 1 finished with value: 1.320288545387193 and parameters: {'lr': 0.008004180328932213, 'hs': 3, 'en': 184, 'dropout': 0.08118160905304136}. Best is trial 0 with value: 1.0050203009277967.
8/8 ━━━━━━━━━━━━━━━━━━━━ 0s 33ms/step
8/8 ━━━━━━━━━━━━━━━━━━━━ 1s 44ms/step
8/8 ━━━━━━━━━━━━━━━━━━━━ 1s 39ms/step
[I 2024-05-22 00:20:11,313] Trial 2 finished with value: 1.8694976845035498 and parameters: {'lr': 0.03766902965870672, 'hs': 6, 'en': 351, 'dropout': 0.14204374783483448}. Best is trial 0 with value: 1.0050203009277967.
8/8 ━━━━━━━━━━━━━━━━━━━━ 1s 37ms/step
8/8 ━━━━━━━━━━━━━━━━━━━━ 0s 35ms/step
8/8 ━━━━━━━━━━━━━━━━━━━━ 0s 35ms/step
[I 2024-05-22 00:28:06,346] Trial 3 finished with value: 1.6183004837046504 and parameters: {'lr': 0.042783179253123076, 'hs': 8, 'en': 272, 'dropout': 0.13711988285084362}. Best is trial 0 with value: 1.0050203009277967.
8/8 ━━━━━━━━━━━━━━━━━━━━ 0s 32ms/step
8/8 ━━━━━━━━━━━━━━━━━━━━ 1s 41ms/step
8/8 ━━━━━━━━━━━━━━━━━━━━ 1s 38ms/step
[I 2024-05-22 00:37:52,206] Trial 4 finished with value: 1.7108175731692008 and parameters: {'lr': 0.06523389363340393, 'hs': 4, 'en': 350, 'dropout': 0.11461657017305349}. Best is trial 0 with value: 1.0050203009277967.
8/8 ━━━━━━━━━━━━━━━━━━━━ 1s 37ms/step
8/8 ━━━━━━━━━━━━━━━━━━━━ 1s 37ms/step
8/8 ━━━━━━━━━━━━━━━━━━━━ 0s 34ms/step
[I 2024-05-22 00:48:59,292] Trial 5 finished with value: 1.4771290904649623 and parameters: {'lr': 0.05016418680087039, 'hs': 5, 'en': 395, 'dropout': 0.1611377721810507}. Best is trial 0 with value: 1.0050203009277967.
8/8 ━━━━━━━━━━━━━━━━━━━━ 1s 45ms/step
8/8 ━━━━━━━━━━━━━━━━━━━━ 1s 37ms/step
8/8 ━━━━━━━━━━━━━━━━━━━━ 1s 36ms/step
[I 2024-05-22 00:59:52,658] Trial 6 finished with value: 1.052070338680652 and parameters: {'lr': 0.024342309071973725, 'hs': 4, 'en': 391, 'dropout': 0.08046493154888239}. Best is trial 0 with value: 1.0050203009277967.
8/8 ━━━━━━━━━━━━━━━━━━━━ 0s 36ms/step
8/8 ━━━━━━━━━━━━━━━━━━━━ 1s 36ms/step
8/8 ━━━━━━━━━━━━━━━━━━━━ 1s 45ms/step
[I 2024-05-22 01:09:12,551] Trial 7 finished with value: 2.043541652348179 and parameters: {'lr': 0.04335571777691545, 'hs': 4, 'en': 323, 'dropout': 0.19292358062692488}. Best is trial 0 with value: 1.0050203009277967.
8/8 ━━━━━━━━━━━━━━━━━━━━ 1s 38ms/step
8/8 ━━━━━━━━━━━━━━━━━━━━ 1s 37ms/step
8/8 ━━━━━━━━━━━━━━━━━━━━ 0s 35ms/step
[I 2024-05-22 01:22:28,236] Trial 8 finished with value: 1.5550988105133483 and parameters: {'lr': 0.019977086999675573, 'hs': 8, 'en': 466, 'dropout': 0.16770902056771306}. Best is trial 0 with value: 1.0050203009277967.
8/8 ━━━━━━━━━━━━━━━━━━━━ 0s 33ms/step
8/8 ━━━━━━━━━━━━━━━━━━━━ 0s 34ms/step
8/8 ━━━━━━━━━━━━━━━━━━━━ 1s 41ms/step
[I 2024-05-22 01:31:06,377] Trial 9 finished with value: 1.5477102658491162 and parameters: {'lr': 0.09319180470814789, 'hs': 4, 'en': 324, 'dropout': 0.10081054403267811}. Best is trial 0 with value: 1.0050203009277967.
8/8 ━━━━━━━━━━━━━━━━━━━━ 1s 37ms/step
8/8 ━━━━━━━━━━━━━━━━━━━━ 1s 37ms/step
8/8 ━━━━━━━━━━━━━━━━━━━━ 0s 35ms/step
[I 2024-05-22 01:33:21,855] Trial 10 finished with value: 1.1846349264283997 and parameters: {'lr': 0.08043221390923641, 'hs': 2, 'en': 80, 'dropout': 0.05758380822990258}. Best is trial 0 with value: 1.0050203009277967.
8/8 ━━━━━━━━━━━━━━━━━━━━ 0s 34ms/step
8/8 ━━━━━━━━━━━━━━━━━━━━ 1s 45ms/step
8/8 ━━━━━━━━━━━━━━━━━━━━ 1s 40ms/step
[I 2024-05-22 01:46:20,404] Trial 11 finished with value: 0.7646516972873009 and parameters: {'lr': 0.06592319125765064, 'hs': 2, 'en': 489, 'dropout': 0.05181304793514663}. Best is trial 11 with value: 0.7646516972873009.
8/8 ━━━━━━━━━━━━━━━━━━━━ 1s 37ms/step
8/8 ━━━━━━━━━━━━━━━━━━━━ 1s 37ms/step
8/8 ━━━━━━━━━━━━━━━━━━━━ 0s 36ms/step
[I 2024-05-22 01:59:58,736] Trial 12 finished with value: 1.176645070569472 and parameters: {'lr': 0.07030689940014158, 'hs': 2, 'en': 488, 'dropout': 0.0520193188483649}. Best is trial 11 with value: 0.7646516972873009.
8/8 ━━━━━━━━━━━━━━━━━━━━ 0s 35ms/step
8/8 ━━━━━━━━━━━━━━━━━━━━ 1s 41ms/step
8/8 ━━━━━━━━━━━━━━━━━━━━ 1s 38ms/step
[I 2024-05-22 02:04:47,847] Trial 13 finished with value: 1.3754824027837962 and parameters: {'lr': 0.0618395731418871, 'hs': 2, 'en': 168, 'dropout': 0.07998413383281998}. Best is trial 11 with value: 0.7646516972873009.
8/8 ━━━━━━━━━━━━━━━━━━━━ 1s 36ms/step
8/8 ━━━━━━━━━━━━━━━━━━━━ 1s 36ms/step
8/8 ━━━━━━━━━━━━━━━━━━━━ 0s 34ms/step
[I 2024-05-22 02:05:35,886] Trial 14 finished with value: 1.8978395970523578 and parameters: {'lr': 0.09990269731357726, 'hs': 3, 'en': 24, 'dropout': 0.06799997311791117}. Best is trial 11 with value: 0.7646516972873009.
8/8 ━━━━━━━━━━━━━━━━━━━━ 1s 43ms/step
8/8 ━━━━━━━━━━━━━━━━━━━━ 1s 38ms/step
8/8 ━━━━━━━━━━━━━━━━━━━━ 1s 37ms/step
[I 2024-05-22 02:17:49,127] Trial 15 finished with value: 1.7495437980884665 and parameters: {'lr': 0.08198219473716586, 'hs': 3, 'en': 427, 'dropout': 0.10114391071790763}. Best is trial 11 with value: 0.7646516972873009.
8/8 ━━━━━━━━━━━━━━━━━━━━ 0s 36ms/step
8/8 ━━━━━━━━━━━━━━━━━━━━ 0s 36ms/step
8/8 ━━━━━━━━━━━━━━━━━━━━ 1s 47ms/step
[I 2024-05-22 02:24:45,419] Trial 16 finished with value: 1.4786720978537848 and parameters: {'lr': 0.057204855402487535, 'hs': 6, 'en': 241, 'dropout': 0.09926817189185337}. Best is trial 11 with value: 0.7646516972873009.
8/8 ━━━━━━━━━━━━━━━━━━━━ 1s 38ms/step
8/8 ━━━━━━━━━━━━━━━━━━━━ 1s 38ms/step
8/8 ━━━━━━━━━━━━━━━━━━━━ 0s 36ms/step
[I 2024-05-22 02:38:37,978] Trial 17 finished with value: 1.1141811670931654 and parameters: {'lr': 0.07734028761375625, 'hs': 2, 'en': 494, 'dropout': 0.06578446004251481}. Best is trial 11 with value: 0.7646516972873009.
8/8 ━━━━━━━━━━━━━━━━━━━━ 0s 35ms/step
8/8 ━━━━━━━━━━━━━━━━━━━━ 0s 34ms/step
8/8 ━━━━━━━━━━━━━━━━━━━━ 1s 42ms/step
[I 2024-05-22 02:46:13,315] Trial 18 finished with value: 1.069739981793657 and parameters: {'lr': 0.08917829126592733, 'hs': 3, 'en': 266, 'dropout': 0.05035999750453725}. Best is trial 11 with value: 0.7646516972873009.
8/8 ━━━━━━━━━━━━━━━━━━━━ 1s 39ms/step
8/8 ━━━━━━━━━━━━━━━━━━━━ 1s 38ms/step
8/8 ━━━━━━━━━━━━━━━━━━━━ 1s 37ms/step
[I 2024-05-22 02:58:36,933] Trial 19 finished with value: 1.1361811392375836 and parameters: {'lr': 0.0543526463917849, 'hs': 5, 'en': 436, 'dropout': 0.08674508466168178}. Best is trial 11 with value: 0.7646516972873009.
10/10 ━━━━━━━━━━━━━━━━━━━━ 0s 27ms/step
[I 2024-05-22 03:06:51,572] A new study created in memory with name: no-name-8892bb73-7b46-4726-8d16-aa86b67c4779
LSTM UK y_5 0.5692088370345356 0.52971488969181 1.0 24.8
8/8 ━━━━━━━━━━━━━━━━━━━━ 1s 48ms/step
8/8 ━━━━━━━━━━━━━━━━━━━━ 1s 38ms/step
8/8 ━━━━━━━━━━━━━━━━━━━━ 1s 38ms/step
[I 2024-05-22 03:09:40,729] Trial 0 finished with value: 1.9597848497869979 and parameters: {'lr': 0.011579568046521395, 'hs': 3, 'en': 94, 'dropout': 0.1887375378882658}. Best is trial 0 with value: 1.9597848497869979.
8/8 ━━━━━━━━━━━━━━━━━━━━ 1s 40ms/step
8/8 ━━━━━━━━━━━━━━━━━━━━ 0s 35ms/step
8/8 ━━━━━━━━━━━━━━━━━━━━ 0s 34ms/step
[I 2024-05-22 03:11:33,671] Trial 1 finished with value: 1.168885584695681 and parameters: {'lr': 0.057479349926896336, 'hs': 7, 'en': 62, 'dropout': 0.0607593358571165}. Best is trial 1 with value: 1.168885584695681.
8/8 ━━━━━━━━━━━━━━━━━━━━ 1s 40ms/step
8/8 ━━━━━━━━━━━━━━━━━━━━ 1s 40ms/step
8/8 ━━━━━━━━━━━━━━━━━━━━ 1s 36ms/step
[I 2024-05-22 03:14:58,007] Trial 2 finished with value: 1.5422629324417176 and parameters: {'lr': 0.04857324632250892, 'hs': 7, 'en': 115, 'dropout': 0.0813602830088874}. Best is trial 1 with value: 1.168885584695681.
8/8 ━━━━━━━━━━━━━━━━━━━━ 1s 37ms/step
8/8 ━━━━━━━━━━━━━━━━━━━━ 1s 37ms/step
8/8 ━━━━━━━━━━━━━━━━━━━━ 1s 43ms/step
[I 2024-05-22 03:22:02,207] Trial 3 finished with value: 0.904416179004981 and parameters: {'lr': 0.0586746499129466, 'hs': 3, 'en': 246, 'dropout': 0.05956127578045113}. Best is trial 3 with value: 0.904416179004981.
8/8 ━━━━━━━━━━━━━━━━━━━━ 1s 37ms/step
8/8 ━━━━━━━━━━━━━━━━━━━━ 1s 37ms/step
8/8 ━━━━━━━━━━━━━━━━━━━━ 0s 35ms/step
[I 2024-05-22 03:33:03,156] Trial 4 finished with value: 1.2314074081699127 and parameters: {'lr': 0.09075945193158169, 'hs': 4, 'en': 386, 'dropout': 0.07316220413811816}. Best is trial 3 with value: 0.904416179004981.
8/8 ━━━━━━━━━━━━━━━━━━━━ 0s 34ms/step
8/8 ━━━━━━━━━━━━━━━━━━━━ 1s 44ms/step
8/8 ━━━━━━━━━━━━━━━━━━━━ 1s 38ms/step
[I 2024-05-22 03:38:20,264] Trial 5 finished with value: 1.8611369828240767 and parameters: {'lr': 0.06891548455063963, 'hs': 2, 'en': 186, 'dropout': 0.14620138103650865}. Best is trial 3 with value: 0.904416179004981.
8/8 ━━━━━━━━━━━━━━━━━━━━ 1s 36ms/step
8/8 ━━━━━━━━━━━━━━━━━━━━ 0s 34ms/step
8/8 ━━━━━━━━━━━━━━━━━━━━ 0s 36ms/step
[I 2024-05-22 03:43:37,952] Trial 6 finished with value: 1.687326133216197 and parameters: {'lr': 0.006220494429795569, 'hs': 2, 'en': 186, 'dropout': 0.09425665652171514}. Best is trial 3 with value: 0.904416179004981.
8/8 ━━━━━━━━━━━━━━━━━━━━ 0s 34ms/step
8/8 ━━━━━━━━━━━━━━━━━━━━ 1s 41ms/step
8/8 ━━━━━━━━━━━━━━━━━━━━ 1s 37ms/step
[I 2024-05-22 03:45:33,272] Trial 7 finished with value: 1.0755710755449275 and parameters: {'lr': 0.03996060266872712, 'hs': 5, 'en': 64, 'dropout': 0.052987053730618724}. Best is trial 3 with value: 0.904416179004981.
8/8 ━━━━━━━━━━━━━━━━━━━━ 1s 37ms/step
8/8 ━━━━━━━━━━━━━━━━━━━━ 0s 36ms/step
8/8 ━━━━━━━━━━━━━━━━━━━━ 0s 34ms/step
