[I 2024-05-23 18:49:47,685] Trial 1 finished with value: 9.70960802375402 and parameters: {'lr': 0.06660181709192782, 'hs': 5, 'en': 108, 'dropout': 0.15914034535971644}. Best is trial 1 with value: 9.70960802375402.
3/3 ━━━━━━━━━━━━━━━━━━━━ 1s 128ms/step
3/3 ━━━━━━━━━━━━━━━━━━━━ 1s 132ms/step
3/3 ━━━━━━━━━━━━━━━━━━━━ 1s 148ms/step
[I 2024-05-23 18:52:55,949] Trial 2 finished with value: 8.506917180997375 and parameters: {'lr': 0.07947420367062973, 'hs': 5, 'en': 265, 'dropout': 0.16697870150500027}. Best is trial 2 with value: 8.506917180997375.
3/3 ━━━━━━━━━━━━━━━━━━━━ 1s 137ms/step
3/3 ━━━━━━━━━━━━━━━━━━━━ 1s 135ms/step
3/3 ━━━━━━━━━━━━━━━━━━━━ 1s 131ms/step
[I 2024-05-23 18:57:56,399] Trial 3 finished with value: 7.285766366777591 and parameters: {'lr': 0.06903036288494896, 'hs': 3, 'en': 417, 'dropout': 0.18068231607727614}. Best is trial 3 with value: 7.285766366777591.
3/3 ━━━━━━━━━━━━━━━━━━━━ 1s 128ms/step
3/3 ━━━━━━━━━━━━━━━━━━━━ 1s 161ms/step
3/3 ━━━━━━━━━━━━━━━━━━━━ 1s 140ms/step
[I 2024-05-23 18:58:51,588] Trial 4 finished with value: 14.056135396766885 and parameters: {'lr': 0.059970222632846834, 'hs': 8, 'en': 68, 'dropout': 0.16585235980963078}. Best is trial 3 with value: 7.285766366777591.
3/3 ━━━━━━━━━━━━━━━━━━━━ 1s 135ms/step
3/3 ━━━━━━━━━━━━━━━━━━━━ 1s 127ms/step
3/3 ━━━━━━━━━━━━━━━━━━━━ 1s 126ms/step
[I 2024-05-23 19:03:05,576] Trial 5 finished with value: 1.8976957198291249 and parameters: {'lr': 0.018170717019223764, 'hs': 3, 'en': 363, 'dropout': 0.056425962608479985}. Best is trial 5 with value: 1.8976957198291249.
3/3 ━━━━━━━━━━━━━━━━━━━━ 1s 184ms/step
3/3 ━━━━━━━━━━━━━━━━━━━━ 1s 168ms/step
3/3 ━━━━━━━━━━━━━━━━━━━━ 1s 138ms/step
[I 2024-05-23 19:08:54,605] Trial 6 finished with value: 10.436799745863338 and parameters: {'lr': 0.049823670867660104, 'hs': 7, 'en': 499, 'dropout': 0.19946292002282368}. Best is trial 5 with value: 1.8976957198291249.
3/3 ━━━━━━━━━━━━━━━━━━━━ 1s 130ms/step
3/3 ━━━━━━━━━━━━━━━━━━━━ 1s 133ms/step
3/3 ━━━━━━━━━━━━━━━━━━━━ 1s 172ms/step
[I 2024-05-23 19:10:56,316] Trial 7 finished with value: 9.321334329102172 and parameters: {'lr': 0.09687405903516505, 'hs': 7, 'en': 165, 'dropout': 0.13738097861885085}. Best is trial 5 with value: 1.8976957198291249.
3/3 ━━━━━━━━━━━━━━━━━━━━ 1s 146ms/step
3/3 ━━━━━━━━━━━━━━━━━━━━ 1s 141ms/step
3/3 ━━━━━━━━━━━━━━━━━━━━ 1s 134ms/step
[I 2024-05-23 19:13:32,705] Trial 8 finished with value: 6.030258529573477 and parameters: {'lr': 0.09797036119161415, 'hs': 5, 'en': 213, 'dropout': 0.08574583620329562}. Best is trial 5 with value: 1.8976957198291249.
3/3 ━━━━━━━━━━━━━━━━━━━━ 1s 129ms/step
3/3 ━━━━━━━━━━━━━━━━━━━━ 1s 176ms/step
3/3 ━━━━━━━━━━━━━━━━━━━━ 1s 146ms/step
[I 2024-05-23 19:17:59,287] Trial 9 finished with value: 3.2488888851234026 and parameters: {'lr': 0.007592921671695472, 'hs': 6, 'en': 368, 'dropout': 0.06592753189947623}. Best is trial 5 with value: 1.8976957198291249.
3/3 ━━━━━━━━━━━━━━━━━━━━ 1s 139ms/step
3/3 ━━━━━━━━━━━━━━━━━━━━ 1s 135ms/step
3/3 ━━━━━━━━━━━━━━━━━━━━ 1s 128ms/step
[I 2024-05-23 19:21:55,677] Trial 10 finished with value: 3.6126734355545835 and parameters: {'lr': 0.012380740258203404, 'hs': 2, 'en': 313, 'dropout': 0.10058966695075028}. Best is trial 5 with value: 1.8976957198291249.
3/3 ━━━━━━━━━━━━━━━━━━━━ 1s 197ms/step
3/3 ━━━━━━━━━━━━━━━━━━━━ 1s 142ms/step
3/3 ━━━━━━━━━━━━━━━━━━━━ 1s 142ms/step
[I 2024-05-23 19:26:25,935] Trial 11 finished with value: 4.892237119236527 and parameters: {'lr': 0.0030593973185528795, 'hs': 3, 'en': 354, 'dropout': 0.05019828782923761}. Best is trial 5 with value: 1.8976957198291249.
3/3 ━━━━━━━━━━━━━━━━━━━━ 1s 135ms/step
3/3 ━━━━━━━━━━━━━━━━━━━━ 1s 185ms/step
3/3 ━━━━━━━━━━━━━━━━━━━━ 1s 166ms/step
[I 2024-05-23 19:31:30,929] Trial 12 finished with value: 0.8332662128628217 and parameters: {'lr': 0.028007097196628104, 'hs': 3, 'en': 410, 'dropout': 0.05200574985114428}. Best is trial 12 with value: 0.8332662128628217.
3/3 ━━━━━━━━━━━━━━━━━━━━ 1s 155ms/step
3/3 ━━━━━━━━━━━━━━━━━━━━ 1s 135ms/step
3/3 ━━━━━━━━━━━━━━━━━━━━ 1s 137ms/step
[I 2024-05-23 19:37:27,665] Trial 13 finished with value: 3.381599905829431 and parameters: {'lr': 0.030749153267407094, 'hs': 3, 'en': 480, 'dropout': 0.09208143969636308}. Best is trial 12 with value: 0.8332662128628217.
3/3 ━━━━━━━━━━━━━━━━━━━━ 1s 128ms/step
3/3 ━━━━━━━━━━━━━━━━━━━━ 1s 172ms/step
3/3 ━━━━━━━━━━━━━━━━━━━━ 1s 165ms/step
[I 2024-05-23 19:42:45,408] Trial 14 finished with value: 1.4242317472468085 and parameters: {'lr': 0.03060179396820539, 'hs': 2, 'en': 418, 'dropout': 0.06500299571087406}. Best is trial 12 with value: 0.8332662128628217.
3/3 ━━━━━━━━━━━━━━━━━━━━ 1s 144ms/step
3/3 ━━━━━━━━━━━━━━━━━━━━ 1s 134ms/step
3/3 ━━━━━━━━━━━━━━━━━━━━ 1s 126ms/step
[I 2024-05-23 19:48:14,762] Trial 15 finished with value: 2.868282930518229 and parameters: {'lr': 0.0376205430780592, 'hs': 2, 'en': 441, 'dropout': 0.11778297377996236}. Best is trial 12 with value: 0.8332662128628217.
3/3 ━━━━━━━━━━━━━━━━━━━━ 1s 126ms/step
3/3 ━━━━━━━━━━━━━━━━━━━━ 1s 150ms/step
3/3 ━━━━━━━━━━━━━━━━━━━━ 1s 141ms/step
[I 2024-05-23 19:51:48,270] Trial 16 finished with value: 4.644082165557357 and parameters: {'lr': 0.031004257744640502, 'hs': 4, 'en': 281, 'dropout': 0.07400462780030725}. Best is trial 12 with value: 0.8332662128628217.
3/3 ━━━━━━━━━━━━━━━━━━━━ 1s 140ms/step
3/3 ━━━━━━━━━━━━━━━━━━━━ 1s 154ms/step
3/3 ━━━━━━━━━━━━━━━━━━━━ 1s 126ms/step
[I 2024-05-23 19:57:08,071] Trial 17 finished with value: 5.20265960411735 and parameters: {'lr': 0.045091816353362874, 'hs': 2, 'en': 424, 'dropout': 0.11695255408386032}. Best is trial 12 with value: 0.8332662128628217.
3/3 ━━━━━━━━━━━━━━━━━━━━ 1s 148ms/step
3/3 ━━━━━━━━━━━━━━━━━━━━ 1s 137ms/step
3/3 ━━━━━━━━━━━━━━━━━━━━ 1s 135ms/step
[I 2024-05-23 20:01:07,191] Trial 18 finished with value: 3.360585963054401 and parameters: {'lr': 0.021171760297487952, 'hs': 4, 'en': 310, 'dropout': 0.0772169328174929}. Best is trial 12 with value: 0.8332662128628217.
3/3 ━━━━━━━━━━━━━━━━━━━━ 1s 131ms/step
3/3 ━━━━━━━━━━━━━━━━━━━━ 1s 181ms/step
3/3 ━━━━━━━━━━━━━━━━━━━━ 1s 151ms/step
[I 2024-05-23 20:04:05,915] Trial 19 finished with value: 3.3556211369468514 and parameters: {'lr': 0.025538828188506637, 'hs': 4, 'en': 232, 'dropout': 0.10369636210596925}. Best is trial 12 with value: 0.8332662128628217.
3/3 ━━━━━━━━━━━━━━━━━━━━ 1s 165ms/step
[I 2024-05-23 20:06:09,157] A new study created in memory with name: no-name-6cd7929a-089c-4e09-85dc-890cef9177bb
GRU Reynolds y_6 0.570504748958144 0.5949049251825631 -2.7 26.8
8/8 ━━━━━━━━━━━━━━━━━━━━ 1s 39ms/step
8/8 ━━━━━━━━━━━━━━━━━━━━ 1s 38ms/step
8/8 ━━━━━━━━━━━━━━━━━━━━ 1s 52ms/step
[I 2024-05-23 20:12:56,120] Trial 0 finished with value: 1.3542369697242735 and parameters: {'lr': 0.02177579205676957, 'hs': 3, 'en': 162, 'dropout': 0.06434798363724731}. Best is trial 0 with value: 1.3542369697242735.
8/8 ━━━━━━━━━━━━━━━━━━━━ 1s 46ms/step
8/8 ━━━━━━━━━━━━━━━━━━━━ 1s 40ms/step
8/8 ━━━━━━━━━━━━━━━━━━━━ 1s 39ms/step
[I 2024-05-23 20:27:11,487] Trial 1 finished with value: 1.9194966592336418 and parameters: {'lr': 0.08956902492085247, 'hs': 4, 'en': 382, 'dropout': 0.19322918841477038}. Best is trial 0 with value: 1.3542369697242735.
8/8 ━━━━━━━━━━━━━━━━━━━━ 1s 36ms/step
8/8 ━━━━━━━━━━━━━━━━━━━━ 1s 48ms/step
8/8 ━━━━━━━━━━━━━━━━━━━━ 1s 44ms/step
[I 2024-05-23 20:30:18,024] Trial 2 finished with value: 2.004770468983128 and parameters: {'lr': 0.08414218780891969, 'hs': 4, 'en': 120, 'dropout': 0.05783329377449729}. Best is trial 0 with value: 1.3542369697242735.
8/8 ━━━━━━━━━━━━━━━━━━━━ 1s 45ms/step
8/8 ━━━━━━━━━━━━━━━━━━━━ 1s 39ms/step
8/8 ━━━━━━━━━━━━━━━━━━━━ 1s 36ms/step
[I 2024-05-23 20:40:07,951] Trial 3 finished with value: 2.97491573893713 and parameters: {'lr': 0.02330342606539292, 'hs': 5, 'en': 369, 'dropout': 0.18230304641994038}. Best is trial 0 with value: 1.3542369697242735.
8/8 ━━━━━━━━━━━━━━━━━━━━ 1s 51ms/step
8/8 ━━━━━━━━━━━━━━━━━━━━ 1s 44ms/step
8/8 ━━━━━━━━━━━━━━━━━━━━ 1s 38ms/step
[I 2024-05-23 20:50:58,185] Trial 4 finished with value: 2.9269963365955878 and parameters: {'lr': 0.058817643132535485, 'hs': 6, 'en': 416, 'dropout': 0.16181443774828053}. Best is trial 0 with value: 1.3542369697242735.
8/8 ━━━━━━━━━━━━━━━━━━━━ 1s 37ms/step
8/8 ━━━━━━━━━━━━━━━━━━━━ 1s 38ms/step
8/8 ━━━━━━━━━━━━━━━━━━━━ 1s 49ms/step
[I 2024-05-23 21:00:54,583] Trial 5 finished with value: 1.4839566198263723 and parameters: {'lr': 0.07106677241079785, 'hs': 7, 'en': 359, 'dropout': 0.0975066590573479}. Best is trial 0 with value: 1.3542369697242735.
8/8 ━━━━━━━━━━━━━━━━━━━━ 1s 44ms/step
8/8 ━━━━━━━━━━━━━━━━━━━━ 1s 41ms/step
8/8 ━━━━━━━━━━━━━━━━━━━━ 1s 38ms/step
[I 2024-05-23 21:12:07,128] Trial 6 finished with value: 1.628987038629577 and parameters: {'lr': 0.03440238079601684, 'hs': 3, 'en': 437, 'dropout': 0.08825253127425706}. Best is trial 0 with value: 1.3542369697242735.
8/8 ━━━━━━━━━━━━━━━━━━━━ 0s 36ms/step
8/8 ━━━━━━━━━━━━━━━━━━━━ 1s 49ms/step
8/8 ━━━━━━━━━━━━━━━━━━━━ 1s 45ms/step
[I 2024-05-23 21:13:06,714] Trial 7 finished with value: 1.8284110383068322 and parameters: {'lr': 0.026749562035251185, 'hs': 6, 'en': 35, 'dropout': 0.13513701079375673}. Best is trial 0 with value: 1.3542369697242735.
8/8 ━━━━━━━━━━━━━━━━━━━━ 1s 39ms/step
8/8 ━━━━━━━━━━━━━━━━━━━━ 0s 36ms/step
8/8 ━━━━━━━━━━━━━━━━━━━━ 1s 37ms/step
[I 2024-05-23 21:16:25,892] Trial 8 finished with value: 1.141310670395728 and parameters: {'lr': 0.021048459301291258, 'hs': 5, 'en': 126, 'dropout': 0.05416650275725699}. Best is trial 8 with value: 1.141310670395728.
8/8 ━━━━━━━━━━━━━━━━━━━━ 1s 140ms/step
8/8 ━━━━━━━━━━━━━━━━━━━━ 1s 50ms/step
8/8 ━━━━━━━━━━━━━━━━━━━━ 1s 42ms/step
[I 2024-05-23 21:28:33,362] Trial 9 finished with value: 2.1545238730706666 and parameters: {'lr': 0.025787753922069074, 'hs': 5, 'en': 375, 'dropout': 0.16968404422739602}. Best is trial 8 with value: 1.141310670395728.
8/8 ━━━━━━━━━━━━━━━━━━━━ 1s 40ms/step
8/8 ━━━━━━━━━━━━━━━━━━━━ 1s 39ms/step
8/8 ━━━━━━━━━━━━━━━━━━━━ 1s 143ms/step
[I 2024-05-23 21:37:48,730] Trial 10 finished with value: 1.577626756565505 and parameters: {'lr': 0.0014407876308338771, 'hs': 8, 'en': 237, 'dropout': 0.11957628003850913}. Best is trial 8 with value: 1.141310670395728.
8/8 ━━━━━━━━━━━━━━━━━━━━ 1s 50ms/step
8/8 ━━━━━━━━━━━━━━━━━━━━ 1s 41ms/step
8/8 ━━━━━━━━━━━━━━━━━━━━ 1s 39ms/step
[I 2024-05-23 21:43:47,613] Trial 11 finished with value: 1.075821647006298 and parameters: {'lr': 0.004565626743327486, 'hs': 2, 'en': 177, 'dropout': 0.05093943400299223}. Best is trial 11 with value: 1.075821647006298.
8/8 ━━━━━━━━━━━━━━━━━━━━ 1s 38ms/step
8/8 ━━━━━━━━━━━━━━━━━━━━ 1s 37ms/step
8/8 ━━━━━━━━━━━━━━━━━━━━ 1s 51ms/step
[I 2024-05-23 21:52:26,402] Trial 12 finished with value: 1.1142667339761758 and parameters: {'lr': 0.003212734225183471, 'hs': 2, 'en': 219, 'dropout': 0.05067244445536494}. Best is trial 11 with value: 1.075821647006298.
8/8 ━━━━━━━━━━━━━━━━━━━━ 1s 43ms/step
8/8 ━━━━━━━━━━━━━━━━━━━━ 1s 37ms/step
8/8 ━━━━━━━━━━━━━━━━━━━━ 1s 38ms/step
[I 2024-05-23 22:01:17,304] Trial 13 finished with value: 1.4938269104937156 and parameters: {'lr': 0.0011976999132601563, 'hs': 2, 'en': 272, 'dropout': 0.0879893220380259}. Best is trial 11 with value: 1.075821647006298.
8/8 ━━━━━━━━━━━━━━━━━━━━ 0s 35ms/step
8/8 ━━━━━━━━━━━━━━━━━━━━ 1s 46ms/step
8/8 ━━━━━━━━━━━━━━━━━━━━ 1s 41ms/step
[I 2024-05-23 22:07:36,018] Trial 14 finished with value: 1.4003186012462496 and parameters: {'lr': 0.0456491281967834, 'hs': 2, 'en': 241, 'dropout': 0.07627811337422838}. Best is trial 11 with value: 1.075821647006298.
8/8 ━━━━━━━━━━━━━━━━━━━━ 1s 37ms/step
8/8 ━━━━━━━━━━━━━━━━━━━━ 0s 35ms/step
8/8 ━━━━━━━━━━━━━━━━━━━━ 0s 36ms/step
[I 2024-05-23 22:12:10,035] Trial 15 finished with value: 1.468261427184969 and parameters: {'lr': 0.006675793337894899, 'hs': 2, 'en': 178, 'dropout': 0.11214467662366381}. Best is trial 11 with value: 1.075821647006298.
8/8 ━━━━━━━━━━━━━━━━━━━━ 1s 49ms/step
8/8 ━━━━━━━━━━━━━━━━━━━━ 1s 43ms/step
8/8 ━━━━━━━━━━━━━━━━━━━━ 1s 37ms/step
[I 2024-05-23 22:13:21,128] Trial 16 finished with value: 1.598017736816689 and parameters: {'lr': 0.04407513963717584, 'hs': 3, 'en': 35, 'dropout': 0.13933415014325473}. Best is trial 11 with value: 1.075821647006298.
8/8 ━━━━━━━━━━━━━━━━━━━━ 1s 39ms/step
8/8 ━━━━━━━━━━━━━━━━━━━━ 1s 55ms/step
8/8 ━━━━━━━━━━━━━━━━━━━━ 1s 44ms/step
[I 2024-05-23 22:21:39,506] Trial 17 finished with value: 1.0185537308179466 and parameters: {'lr': 0.012563553827045366, 'hs': 4, 'en': 296, 'dropout': 0.05074223708807086}. Best is trial 17 with value: 1.0185537308179466.
8/8 ━━━━━━━━━━━━━━━━━━━━ 1s 37ms/step
8/8 ━━━━━━━━━━━━━━━━━━━━ 1s 40ms/step
8/8 ━━━━━━━━━━━━━━━━━━━━ 0s 36ms/step
[I 2024-05-23 22:29:39,430] Trial 18 finished with value: 1.1670964246590676 and parameters: {'lr': 0.012635214354797262, 'hs': 4, 'en': 294, 'dropout': 0.07157680603294113}. Best is trial 17 with value: 1.0185537308179466.
8/8 ━━━━━━━━━━━━━━━━━━━━ 1s 48ms/step
8/8 ━━━━━━━━━━━━━━━━━━━━ 1s 53ms/step
8/8 ━━━━━━━━━━━━━━━━━━━━ 1s 39ms/step
[I 2024-05-23 22:42:04,955] Trial 19 finished with value: 1.8073214430424265 and parameters: {'lr': 0.012091120984460933, 'hs': 3, 'en': 479, 'dropout': 0.10424735691544537}. Best is trial 17 with value: 1.0185537308179466.
10/10 ━━━━━━━━━━━━━━━━━━━━ 1s 28ms/step
[I 2024-05-23 22:46:14,692] A new study created in memory with name: no-name-69ed8cd3-ae9b-43ec-9fa5-f15d25b78ee6
GRU UK y_5 0.6260691514597122 0.583128394728958 1.0 24.8
8/8 ━━━━━━━━━━━━━━━━━━━━ 1s 37ms/step
8/8 ━━━━━━━━━━━━━━━━━━━━ 1s 52ms/step
8/8 ━━━━━━━━━━━━━━━━━━━━ 1s 41ms/step
[I 2024-05-23 22:51:09,153] Trial 0 finished with value: 1.525111505556626 and parameters: {'lr': 0.08856215494199192, 'hs': 8, 'en': 181, 'dropout': 0.14661438825536993}. Best is trial 0 with value: 1.525111505556626.
8/8 ━━━━━━━━━━━━━━━━━━━━ 1s 39ms/step
8/8 ━━━━━━━━━━━━━━━━━━━━ 1s 36ms/step
8/8 ━━━━━━━━━━━━━━━━━━━━ 1s 38ms/step
[I 2024-05-23 23:00:35,766] Trial 1 finished with value: 1.4789392640221533 and parameters: {'lr': 0.0759097775463307, 'hs': 3, 'en': 344, 'dropout': 0.1371654773162151}. Best is trial 1 with value: 1.4789392640221533.
8/8 ━━━━━━━━━━━━━━━━━━━━ 1s 146ms/step
8/8 ━━━━━━━━━━━━━━━━━━━━ 1s 51ms/step
8/8 ━━━━━━━━━━━━━━━━━━━━ 1s 40ms/step
[I 2024-05-23 23:12:29,514] Trial 2 finished with value: 1.6476400483181868 and parameters: {'lr': 0.02134833873262729, 'hs': 7, 'en': 379, 'dropout': 0.19970090021069276}. Best is trial 1 with value: 1.4789392640221533.
8/8 ━━━━━━━━━━━━━━━━━━━━ 1s 38ms/step
8/8 ━━━━━━━━━━━━━━━━━━━━ 1s 36ms/step
8/8 ━━━━━━━━━━━━━━━━━━━━ 1s 137ms/step
[I 2024-05-23 23:18:53,816] Trial 3 finished with value: 1.536743374503312 and parameters: {'lr': 0.021255034619472618, 'hs': 7, 'en': 245, 'dropout': 0.15872669195726702}. Best is trial 1 with value: 1.4789392640221533.
8/8 ━━━━━━━━━━━━━━━━━━━━ 1s 52ms/step
8/8 ━━━━━━━━━━━━━━━━━━━━ 1s 45ms/step
8/8 ━━━━━━━━━━━━━━━━━━━━ 1s 40ms/step
[I 2024-05-23 23:30:57,244] Trial 4 finished with value: 1.3213503782202376 and parameters: {'lr': 0.019856590267562133, 'hs': 2, 'en': 308, 'dropout': 0.12222334975051777}. Best is trial 4 with value: 1.3213503782202376.
8/8 ━━━━━━━━━━━━━━━━━━━━ 1s 37ms/step
8/8 ━━━━━━━━━━━━━━━━━━━━ 1s 136ms/step
8/8 ━━━━━━━━━━━━━━━━━━━━ 1s 48ms/step
[I 2024-05-23 23:36:20,592] Trial 5 finished with value: 1.563839245741617 and parameters: {'lr': 0.0550040830020669, 'hs': 2, 'en': 177, 'dropout': 0.14732723721291072}. Best is trial 4 with value: 1.3213503782202376.
8/8 ━━━━━━━━━━━━━━━━━━━━ 1s 42ms/step
8/8 ━━━━━━━━━━━━━━━━━━━━ 1s 42ms/step
8/8 ━━━━━━━━━━━━━━━━━━━━ 1s 38ms/step
[I 2024-05-23 23:42:04,881] Trial 6 finished with value: 1.3032738632829242 and parameters: {'lr': 0.012614779105205406, 'hs': 4, 'en': 161, 'dropout': 0.125574801169532}. Best is trial 6 with value: 1.3032738632829242.
8/8 ━━━━━━━━━━━━━━━━━━━━ 1s 38ms/step
8/8 ━━━━━━━━━━━━━━━━━━━━ 1s 50ms/step
8/8 ━━━━━━━━━━━━━━━━━━━━ 1s 41ms/step
[I 2024-05-23 23:49:58,473] Trial 7 finished with value: 1.6466982219375055 and parameters: {'lr': 0.012753965464913865, 'hs': 2, 'en': 240, 'dropout': 0.16887023839536736}. Best is trial 6 with value: 1.3032738632829242.
8/8 ━━━━━━━━━━━━━━━━━━━━ 1s 39ms/step
8/8 ━━━━━━━━━━━━━━━━━━━━ 1s 39ms/step
8/8 ━━━━━━━━━━━━━━━━━━━━ 1s 37ms/step
[I 2024-05-24 00:04:53,475] Trial 8 finished with value: 1.3456986504716213 and parameters: {'lr': 0.025518928392105778, 'hs': 7, 'en': 401, 'dropout': 0.12643031046792816}. Best is trial 6 with value: 1.3032738632829242.
8/8 ━━━━━━━━━━━━━━━━━━━━ 1s 52ms/step
8/8 ━━━━━━━━━━━━━━━━━━━━ 1s 43ms/step
8/8 ━━━━━━━━━━━━━━━━━━━━ 1s 40ms/step
[I 2024-05-24 00:14:34,261] Trial 9 finished with value: 1.4726716022634916 and parameters: {'lr': 0.005854252780615688, 'hs': 6, 'en': 270, 'dropout': 0.167955345446602}. Best is trial 6 with value: 1.3032738632829242.
8/8 ━━━━━━━━━━━━━━━━━━━━ 1s 38ms/step
8/8 ━━━━━━━━━━━━━━━━━━━━ 1s 128ms/step
8/8 ━━━━━━━━━━━━━━━━━━━━ 1s 48ms/step
[I 2024-05-24 00:15:21,344] Trial 10 finished with value: 1.5319089495132943 and parameters: {'lr': 0.04301047414523403, 'hs': 4, 'en': 18, 'dropout': 0.08286975105121952}. Best is trial 6 with value: 1.3032738632829242.
8/8 ━━━━━━━━━━━━━━━━━━━━ 1s 45ms/step
8/8 ━━━━━━━━━━━━━━━━━━━━ 1s 47ms/step
8/8 ━━━━━━━━━━━━━━━━━━━━ 1s 36ms/step
[I 2024-05-24 00:30:09,119] Trial 11 finished with value: 1.2967800141216708 and parameters: {'lr': 0.04137759393568956, 'hs': 4, 'en': 482, 'dropout': 0.09379596906306598}. Best is trial 11 with value: 1.2967800141216708.
8/8 ━━━━━━━━━━━━━━━━━━━━ 1s 49ms/step
8/8 ━━━━━━━━━━━━━━━━━━━━ 1s 44ms/step
8/8 ━━━━━━━━━━━━━━━━━━━━ 1s 42ms/step
[I 2024-05-24 00:47:11,055] Trial 12 finished with value: 1.4397197335773322 and parameters: {'lr': 0.04748674300704452, 'hs': 5, 'en': 496, 'dropout': 0.08358077445770423}. Best is trial 11 with value: 1.2967800141216708.
8/8 ━━━━━━━━━━━━━━━━━━━━ 1s 38ms/step
8/8 ━━━━━━━━━━━━━━━━━━━━ 1s 37ms/step
8/8 ━━━━━━━━━━━━━━━━━━━━ 1s 138ms/step
[I 2024-05-24 00:49:27,224] Trial 13 finished with value: 1.1026700982960769 and parameters: {'lr': 0.06205878213263207, 'hs': 4, 'en': 74, 'dropout': 0.057227124097821463}. Best is trial 13 with value: 1.1026700982960769.
8/8 ━━━━━━━━━━━━━━━━━━━━ 1s 48ms/step
8/8 ━━━━━━━━━━━━━━━━━━━━ 1s 42ms/step
8/8 ━━━━━━━━━━━━━━━━━━━━ 1s 39ms/step
[I 2024-05-24 00:50:06,232] Trial 14 finished with value: 3.448785328045668 and parameters: {'lr': 0.07125619406229716, 'hs': 4, 'en': 16, 'dropout': 0.05377511847850853}. Best is trial 13 with value: 1.1026700982960769.
8/8 ━━━━━━━━━━━━━━━━━━━━ 1s 42ms/step
8/8 ━━━━━━━━━━━━━━━━━━━━ 1s 51ms/step
8/8 ━━━━━━━━━━━━━━━━━━━━ 1s 44ms/step
[I 2024-05-24 01:07:29,221] Trial 15 finished with value: 1.0184317653801116 and parameters: {'lr': 0.06114771400234802, 'hs': 5, 'en': 496, 'dropout': 0.05298381687763798}. Best is trial 15 with value: 1.0184317653801116.
8/8 ━━━━━━━━━━━━━━━━━━━━ 1s 42ms/step
8/8 ━━━━━━━━━━━━━━━━━━━━ 1s 38ms/step
8/8 ━━━━━━━━━━━━━━━━━━━━ 1s 39ms/step
[I 2024-05-24 01:11:05,313] Trial 16 finished with value: 1.314501765876112 and parameters: {'lr': 0.06279233744445874, 'hs': 5, 'en': 117, 'dropout': 0.05066604822064525}. Best is trial 15 with value: 1.0184317653801116.
8/8 ━━━━━━━━━━━━━━━━━━━━ 1s 50ms/step
8/8 ━━━━━━━━━━━━━━━━━━━━ 1s 49ms/step
8/8 ━━━━━━━━━━━━━━━━━━━━ 1s 43ms/step
[I 2024-05-24 01:13:39,915] Trial 17 finished with value: 1.1673318789282134 and parameters: {'lr': 0.08416582498360352, 'hs': 6, 'en': 82, 'dropout': 0.06857453409319526}. Best is trial 15 with value: 1.0184317653801116.
8/8 ━━━━━━━━━━━━━━━━━━━━ 1s 42ms/step
8/8 ━━━━━━━━━━━━━━━━━━━━ 1s 38ms/step
8/8 ━━━━━━━━━━━━━━━━━━━━ 1s 51ms/step
[I 2024-05-24 01:27:18,377] Trial 18 finished with value: 1.5210382074720001 and parameters: {'lr': 0.09582135658704088, 'hs': 3, 'en': 420, 'dropout': 0.10050107654687643}. Best is trial 15 with value: 1.0184317653801116.
8/8 ━━━━━━━━━━━━━━━━━━━━ 1s 56ms/step
8/8 ━━━━━━━━━━━━━━━━━━━━ 1s 46ms/step
8/8 ━━━━━━━━━━━━━━━━━━━━ 1s 38ms/step
[I 2024-05-24 01:30:22,977] Trial 19 finished with value: 1.3639313477370498 and parameters: {'lr': 0.06497293803302621, 'hs': 6, 'en': 88, 'dropout': 0.06835193534572614}. Best is trial 15 with value: 1.0184317653801116.
10/10 ━━━━━━━━━━━━━━━━━━━━ 0s 28ms/step
[I 2024-05-24 01:38:52,696] A new study created in memory with name: no-name-a93dd938-a206-45b1-95e5-544d2dd16af6
GRU UK y_3 1.3141241564457555 0.8898118091406549 0.3 26.8
24/24 ━━━━━━━━━━━━━━━━━━━━ 1s 45ms/step
24/24 ━━━━━━━━━━━━━━━━━━━━ 1s 17ms/step
24/24 ━━━━━━━━━━━━━━━━━━━━ 1s 14ms/step
[I 2024-05-24 01:43:36,698] Trial 0 finished with value: 2.9087669455933924 and parameters: {'lr': 0.030124977275430346, 'hs': 3, 'en': 52, 'dropout': 0.13216439064742147}. Best is trial 0 with value: 2.9087669455933924.
24/24 ━━━━━━━━━━━━━━━━━━━━ 1s 14ms/step
24/24 ━━━━━━━━━━━━━━━━━━━━ 1s 13ms/step
24/24 ━━━━━━━━━━━━━━━━━━━━ 1s 12ms/step
[I 2024-05-24 02:00:17,729] Trial 1 finished with value: 3.493952937363909 and parameters: {'lr': 0.006870802695705994, 'hs': 7, 'en': 155, 'dropout': 0.17843424488856796}. Best is trial 0 with value: 2.9087669455933924.
24/24 ━━━━━━━━━━━━━━━━━━━━ 1s 16ms/step
24/24 ━━━━━━━━━━━━━━━━━━━━ 1s 14ms/step
24/24 ━━━━━━━━━━━━━━━━━━━━ 1s 13ms/step
[I 2024-05-24 02:10:46,339] Trial 2 finished with value: 2.096143619344089 and parameters: {'lr': 0.022450534073684244, 'hs': 2, 'en': 114, 'dropout': 0.07905689771527591}. Best is trial 2 with value: 2.096143619344089.
24/24 ━━━━━━━━━━━━━━━━━━━━ 1s 13ms/step
24/24 ━━━━━━━━━━━━━━━━━━━━ 1s 12ms/step
24/24 ━━━━━━━━━━━━━━━━━━━━ 1s 17ms/step
[I 2024-05-24 02:18:47,182] Trial 3 finished with value: 3.486562067820632 and parameters: {'lr': 0.06901249501980718, 'hs': 4, 'en': 83, 'dropout': 0.15016965457923978}. Best is trial 2 with value: 2.096143619344089.
24/24 ━━━━━━━━━━━━━━━━━━━━ 1s 15ms/step
24/24 ━━━━━━━━━━━━━━━━━━━━ 1s 12ms/step
24/24 ━━━━━━━━━━━━━━━━━━━━ 1s 12ms/step
