[I 2024-05-21 16:39:50,205] A new study created in memory with name: no-name-d084ceec-8cb5-4947-aa05-dc0bb418ea31
3/3 ━━━━━━━━━━━━━━━━━━━━ 0s 115ms/step
3/3 ━━━━━━━━━━━━━━━━━━━━ 0s 117ms/step
3/3 ━━━━━━━━━━━━━━━━━━━━ 0s 113ms/step
[I 2024-05-21 16:42:19,757] Trial 0 finished with value: 4.129829962440732 and parameters: {'lr': 0.055681099867901034, 'hs': 3, 'en': 408, 'dropout': 0.12017134433744656}. Best is trial 0 with value: 4.129829962440732.
3/3 ━━━━━━━━━━━━━━━━━━━━ 0s 125ms/step
3/3 ━━━━━━━━━━━━━━━━━━━━ 0s 123ms/step
3/3 ━━━━━━━━━━━━━━━━━━━━ 1s 123ms/step
[I 2024-05-21 16:44:48,704] Trial 1 finished with value: 5.759485198133123 and parameters: {'lr': 0.017046218293417494, 'hs': 4, 'en': 292, 'dropout': 0.14203770118501016}. Best is trial 0 with value: 4.129829962440732.
3/3 ━━━━━━━━━━━━━━━━━━━━ 0s 119ms/step
3/3 ━━━━━━━━━━━━━━━━━━━━ 1s 136ms/step
3/3 ━━━━━━━━━━━━━━━━━━━━ 0s 121ms/step
[I 2024-05-21 16:48:42,203] Trial 2 finished with value: 3.721389387118134 and parameters: {'lr': 0.07180654229802197, 'hs': 2, 'en': 458, 'dropout': 0.05134243414909173}. Best is trial 2 with value: 3.721389387118134.
3/3 ━━━━━━━━━━━━━━━━━━━━ 0s 118ms/step
3/3 ━━━━━━━━━━━━━━━━━━━━ 0s 119ms/step
3/3 ━━━━━━━━━━━━━━━━━━━━ 0s 115ms/step
[I 2024-05-21 16:52:47,764] Trial 3 finished with value: 2.134803180976611 and parameters: {'lr': 0.03478433589251469, 'hs': 3, 'en': 491, 'dropout': 0.050309311360860524}. Best is trial 3 with value: 2.134803180976611.
3/3 ━━━━━━━━━━━━━━━━━━━━ 0s 117ms/step
3/3 ━━━━━━━━━━━━━━━━━━━━ 0s 119ms/step
3/3 ━━━━━━━━━━━━━━━━━━━━ 0s 114ms/step
[I 2024-05-21 16:53:29,140] Trial 4 finished with value: 11.767988610823037 and parameters: {'lr': 0.07268934793488023, 'hs': 6, 'en': 79, 'dropout': 0.18069344346812072}. Best is trial 3 with value: 2.134803180976611.
3/3 ━━━━━━━━━━━━━━━━━━━━ 0s 115ms/step
3/3 ━━━━━━━━━━━━━━━━━━━━ 1s 125ms/step
3/3 ━━━━━━━━━━━━━━━━━━━━ 0s 120ms/step
[I 2024-05-21 16:54:27,743] Trial 5 finished with value: 7.171413425991635 and parameters: {'lr': 0.06345825838978844, 'hs': 7, 'en': 121, 'dropout': 0.07676885064911249}. Best is trial 3 with value: 2.134803180976611.
3/3 ━━━━━━━━━━━━━━━━━━━━ 0s 117ms/step
3/3 ━━━━━━━━━━━━━━━━━━━━ 0s 120ms/step
3/3 ━━━━━━━━━━━━━━━━━━━━ 0s 110ms/step
[I 2024-05-21 16:56:51,024] Trial 6 finished with value: 6.7472721421615285 and parameters: {'lr': 0.08157272466270961, 'hs': 5, 'en': 247, 'dropout': 0.12469172523334633}. Best is trial 3 with value: 2.134803180976611.
3/3 ━━━━━━━━━━━━━━━━━━━━ 0s 116ms/step
3/3 ━━━━━━━━━━━━━━━━━━━━ 0s 120ms/step
3/3 ━━━━━━━━━━━━━━━━━━━━ 0s 117ms/step
[I 2024-05-21 16:57:53,984] Trial 7 finished with value: 5.524236800514366 and parameters: {'lr': 0.045760424846647836, 'hs': 6, 'en': 130, 'dropout': 0.09716807132362905}. Best is trial 3 with value: 2.134803180976611.
3/3 ━━━━━━━━━━━━━━━━━━━━ 0s 125ms/step
3/3 ━━━━━━━━━━━━━━━━━━━━ 0s 120ms/step
3/3 ━━━━━━━━━━━━━━━━━━━━ 0s 119ms/step
[I 2024-05-21 17:02:00,074] Trial 8 finished with value: 4.043335817477988 and parameters: {'lr': 0.03419741924470249, 'hs': 5, 'en': 468, 'dropout': 0.13029439302170567}. Best is trial 3 with value: 2.134803180976611.
3/3 ━━━━━━━━━━━━━━━━━━━━ 1s 125ms/step
3/3 ━━━━━━━━━━━━━━━━━━━━ 0s 120ms/step
3/3 ━━━━━━━━━━━━━━━━━━━━ 0s 118ms/step
[I 2024-05-21 17:03:12,370] Trial 9 finished with value: 4.7527185515453825 and parameters: {'lr': 0.02944598615441408, 'hs': 6, 'en': 150, 'dropout': 0.058964202062717005}. Best is trial 3 with value: 2.134803180976611.
3/3 ━━━━━━━━━━━━━━━━━━━━ 1s 124ms/step
3/3 ━━━━━━━━━━━━━━━━━━━━ 0s 118ms/step
3/3 ━━━━━━━━━━━━━━━━━━━━ 1s 133ms/step
[I 2024-05-21 17:06:41,437] Trial 10 finished with value: 85.87726140465004 and parameters: {'lr': 0.00021406049730546273, 'hs': 2, 'en': 332, 'dropout': 0.19631145506868486}. Best is trial 3 with value: 2.134803180976611.
3/3 ━━━━━━━━━━━━━━━━━━━━ 1s 125ms/step
3/3 ━━━━━━━━━━━━━━━━━━━━ 0s 119ms/step
3/3 ━━━━━━━━━━━━━━━━━━━━ 0s 124ms/step
[I 2024-05-21 17:11:16,049] Trial 11 finished with value: 1.8208176928460915 and parameters: {'lr': 0.08937410518915687, 'hs': 2, 'en': 498, 'dropout': 0.05163582653222015}. Best is trial 11 with value: 1.8208176928460915.
3/3 ━━━━━━━━━━━━━━━━━━━━ 0s 120ms/step
3/3 ━━━━━━━━━━━━━━━━━━━━ 0s 114ms/step
3/3 ━━━━━━━━━━━━━━━━━━━━ 1s 133ms/step
[I 2024-05-21 17:16:06,160] Trial 12 finished with value: 8.974400733339229 and parameters: {'lr': 0.09587876475430594, 'hs': 3, 'en': 491, 'dropout': 0.08138839435979484}. Best is trial 11 with value: 1.8208176928460915.
3/3 ━━━━━━━━━━━━━━━━━━━━ 0s 120ms/step
3/3 ━━━━━━━━━━━━━━━━━━━━ 0s 112ms/step
3/3 ━━━━━━━━━━━━━━━━━━━━ 0s 116ms/step
[I 2024-05-21 17:19:28,409] Trial 13 finished with value: 3.285628560529911 and parameters: {'lr': 0.09430454437987619, 'hs': 3, 'en': 380, 'dropout': 0.07176511831386116}. Best is trial 11 with value: 1.8208176928460915.
3/3 ━━━━━━━━━━━━━━━━━━━━ 0s 113ms/step
3/3 ━━━━━━━━━━━━━━━━━━━━ 1s 129ms/step
3/3 ━━━━━━━━━━━━━━━━━━━━ 0s 121ms/step
[I 2024-05-21 17:21:32,408] Trial 14 finished with value: 4.940734870986932 and parameters: {'lr': 0.03849692357355329, 'hs': 2, 'en': 219, 'dropout': 0.09888135685984814}. Best is trial 11 with value: 1.8208176928460915.
3/3 ━━━━━━━━━━━━━━━━━━━━ 0s 120ms/step
3/3 ━━━━━━━━━━━━━━━━━━━━ 0s 115ms/step
3/3 ━━━━━━━━━━━━━━━━━━━━ 0s 114ms/step
[I 2024-05-21 17:24:30,589] Trial 15 finished with value: 2.879094623183386 and parameters: {'lr': 0.018605781001053104, 'hs': 4, 'en': 392, 'dropout': 0.05401141534437092}. Best is trial 11 with value: 1.8208176928460915.
3/3 ━━━━━━━━━━━━━━━━━━━━ 1s 122ms/step
3/3 ━━━━━━━━━━━━━━━━━━━━ 1s 134ms/step
3/3 ━━━━━━━━━━━━━━━━━━━━ 1s 135ms/step
[I 2024-05-21 17:24:52,568] Trial 16 finished with value: 19.58354781050094 and parameters: {'lr': 0.05296129555063667, 'hs': 4, 'en': 23, 'dropout': 0.09697189538832668}. Best is trial 11 with value: 1.8208176928460915.
3/3 ━━━━━━━━━━━━━━━━━━━━ 0s 116ms/step
3/3 ━━━━━━━━━━━━━━━━━━━━ 0s 117ms/step
3/3 ━━━━━━━━━━━━━━━━━━━━ 0s 118ms/step
[I 2024-05-21 17:29:00,876] Trial 17 finished with value: 6.562810140573496 and parameters: {'lr': 0.08555569469751553, 'hs': 3, 'en': 498, 'dropout': 0.1542487334918713}. Best is trial 11 with value: 1.8208176928460915.
3/3 ━━━━━━━━━━━━━━━━━━━━ 1s 159ms/step
3/3 ━━━━━━━━━━━━━━━━━━━━ 0s 121ms/step
3/3 ━━━━━━━━━━━━━━━━━━━━ 0s 114ms/step
[I 2024-05-21 17:32:35,947] Trial 18 finished with value: 3.3075909363887543 and parameters: {'lr': 0.021928361042585907, 'hs': 8, 'en': 432, 'dropout': 0.07152219253467046}. Best is trial 11 with value: 1.8208176928460915.
3/3 ━━━━━━━━━━━━━━━━━━━━ 1s 122ms/step
3/3 ━━━━━━━━━━━━━━━━━━━━ 0s 118ms/step
3/3 ━━━━━━━━━━━━━━━━━━━━ 1s 140ms/step
[I 2024-05-21 17:35:29,177] Trial 19 finished with value: 15.108321009822058 and parameters: {'lr': 0.002811215553546541, 'hs': 2, 'en': 338, 'dropout': 0.10857284307462936}. Best is trial 11 with value: 1.8208176928460915.
3/3 ━━━━━━━━━━━━━━━━━━━━ 1s 126ms/step
[I 2024-05-21 17:37:31,701] A new study created in memory with name: no-name-a4d6a290-577a-4282-951e-cf2c16c143a7
LSTM Reynolds y_5 0.8503989177450524 0.7394969589450732 -5.2 27.8
3/3 ━━━━━━━━━━━━━━━━━━━━ 0s 112ms/step
3/3 ━━━━━━━━━━━━━━━━━━━━ 0s 112ms/step
3/3 ━━━━━━━━━━━━━━━━━━━━ 0s 132ms/step
[I 2024-05-21 17:40:21,255] Trial 0 finished with value: 7.591468539879319 and parameters: {'lr': 0.036997982936534085, 'hs': 5, 'en': 416, 'dropout': 0.14873903002722916}. Best is trial 0 with value: 7.591468539879319.
3/3 ━━━━━━━━━━━━━━━━━━━━ 0s 114ms/step
3/3 ━━━━━━━━━━━━━━━━━━━━ 1s 138ms/step
3/3 ━━━━━━━━━━━━━━━━━━━━ 0s 117ms/step
[I 2024-05-21 17:43:41,839] Trial 1 finished with value: 11.886970093815803 and parameters: {'lr': 0.006168366803554402, 'hs': 4, 'en': 440, 'dropout': 0.18283537671571826}. Best is trial 0 with value: 7.591468539879319.
3/3 ━━━━━━━━━━━━━━━━━━━━ 0s 114ms/step
3/3 ━━━━━━━━━━━━━━━━━━━━ 0s 117ms/step
3/3 ━━━━━━━━━━━━━━━━━━━━ 0s 119ms/step
[I 2024-05-21 17:46:23,306] Trial 2 finished with value: 16.90063412318375 and parameters: {'lr': 0.0023195418776587673, 'hs': 8, 'en': 331, 'dropout': 0.15036029889888433}. Best is trial 0 with value: 7.591468539879319.
3/3 ━━━━━━━━━━━━━━━━━━━━ 0s 121ms/step
3/3 ━━━━━━━━━━━━━━━━━━━━ 1s 128ms/step
3/3 ━━━━━━━━━━━━━━━━━━━━ 1s 128ms/step
[I 2024-05-21 17:48:08,235] Trial 3 finished with value: 6.3774882715669134 and parameters: {'lr': 0.02738488536163073, 'hs': 6, 'en': 172, 'dropout': 0.06663167624978808}. Best is trial 3 with value: 6.3774882715669134.
3/3 ━━━━━━━━━━━━━━━━━━━━ 0s 116ms/step
3/3 ━━━━━━━━━━━━━━━━━━━━ 0s 113ms/step
3/3 ━━━━━━━━━━━━━━━━━━━━ 1s 132ms/step
[I 2024-05-21 17:50:20,321] Trial 4 finished with value: 12.046790432713292 and parameters: {'lr': 0.022332027965814332, 'hs': 2, 'en': 290, 'dropout': 0.17596874079198044}. Best is trial 3 with value: 6.3774882715669134.
3/3 ━━━━━━━━━━━━━━━━━━━━ 0s 116ms/step
3/3 ━━━━━━━━━━━━━━━━━━━━ 0s 116ms/step
3/3 ━━━━━━━━━━━━━━━━━━━━ 0s 116ms/step
[I 2024-05-21 17:50:40,557] Trial 5 finished with value: 56.51293613242348 and parameters: {'lr': 0.026912004227662777, 'hs': 7, 'en': 33, 'dropout': 0.1799423347538987}. Best is trial 3 with value: 6.3774882715669134.
3/3 ━━━━━━━━━━━━━━━━━━━━ 0s 114ms/step
3/3 ━━━━━━━━━━━━━━━━━━━━ 0s 111ms/step
3/3 ━━━━━━━━━━━━━━━━━━━━ 0s 120ms/step
[I 2024-05-21 17:51:04,992] Trial 6 finished with value: 99.40588889798181 and parameters: {'lr': 0.08127965630264553, 'hs': 6, 'en': 40, 'dropout': 0.16930468852434838}. Best is trial 3 with value: 6.3774882715669134.
3/3 ━━━━━━━━━━━━━━━━━━━━ 0s 116ms/step
3/3 ━━━━━━━━━━━━━━━━━━━━ 0s 116ms/step
3/3 ━━━━━━━━━━━━━━━━━━━━ 0s 118ms/step
[I 2024-05-21 17:53:47,227] Trial 7 finished with value: 2.6046563487327914 and parameters: {'lr': 0.025315667168400332, 'hs': 8, 'en': 344, 'dropout': 0.050922544707941414}. Best is trial 7 with value: 2.6046563487327914.
3/3 ━━━━━━━━━━━━━━━━━━━━ 0s 114ms/step
3/3 ━━━━━━━━━━━━━━━━━━━━ 0s 118ms/step
3/3 ━━━━━━━━━━━━━━━━━━━━ 0s 117ms/step
[I 2024-05-21 17:56:10,036] Trial 8 finished with value: 12.950835734381073 and parameters: {'lr': 0.06834998405883148, 'hs': 3, 'en': 320, 'dropout': 0.17475973857673058}. Best is trial 7 with value: 2.6046563487327914.
3/3 ━━━━━━━━━━━━━━━━━━━━ 0s 118ms/step
3/3 ━━━━━━━━━━━━━━━━━━━━ 0s 117ms/step
3/3 ━━━━━━━━━━━━━━━━━━━━ 0s 114ms/step
[I 2024-05-21 17:56:44,411] Trial 9 finished with value: 55.96488684071403 and parameters: {'lr': 0.09423286337269335, 'hs': 7, 'en': 51, 'dropout': 0.16085439830670967}. Best is trial 7 with value: 2.6046563487327914.
3/3 ━━━━━━━━━━━━━━━━━━━━ 0s 114ms/step
3/3 ━━━━━━━━━━━━━━━━━━━━ 0s 125ms/step
3/3 ━━━━━━━━━━━━━━━━━━━━ 0s 117ms/step
[I 2024-05-21 17:58:09,126] Trial 10 finished with value: 6.46099481174024 and parameters: {'lr': 0.05523474127338411, 'hs': 8, 'en': 180, 'dropout': 0.054811515166823546}. Best is trial 7 with value: 2.6046563487327914.
3/3 ━━━━━━━━━━━━━━━━━━━━ 0s 117ms/step
3/3 ━━━━━━━━━━━━━━━━━━━━ 0s 114ms/step
3/3 ━━━━━━━━━━━━━━━━━━━━ 0s 115ms/step
[I 2024-05-21 17:59:33,826] Trial 11 finished with value: 5.1337896334805455 and parameters: {'lr': 0.04150302697940232, 'hs': 6, 'en': 170, 'dropout': 0.0507589689458631}. Best is trial 7 with value: 2.6046563487327914.
3/3 ━━━━━━━━━━━━━━━━━━━━ 0s 122ms/step
3/3 ━━━━━━━━━━━━━━━━━━━━ 0s 121ms/step
3/3 ━━━━━━━━━━━━━━━━━━━━ 0s 119ms/step
[I 2024-05-21 18:01:18,535] Trial 12 finished with value: 6.954738176676162 and parameters: {'lr': 0.04785245621213182, 'hs': 6, 'en': 200, 'dropout': 0.0947756263582144}. Best is trial 7 with value: 2.6046563487327914.
3/3 ━━━━━━━━━━━━━━━━━━━━ 0s 114ms/step
3/3 ━━━━━━━━━━━━━━━━━━━━ 0s 112ms/step
3/3 ━━━━━━━━━━━━━━━━━━━━ 0s 122ms/step
[I 2024-05-21 18:02:24,037] Trial 13 finished with value: 12.639469371873494 and parameters: {'lr': 0.04802292674361548, 'hs': 8, 'en': 116, 'dropout': 0.08427683090380436}. Best is trial 7 with value: 2.6046563487327914.
3/3 ━━━━━━━━━━━━━━━━━━━━ 0s 118ms/step
3/3 ━━━━━━━━━━━━━━━━━━━━ 0s 119ms/step
3/3 ━━━━━━━━━━━━━━━━━━━━ 0s 123ms/step
[I 2024-05-21 18:05:16,329] Trial 14 finished with value: 7.975601465587501 and parameters: {'lr': 0.02047209405499509, 'hs': 5, 'en': 377, 'dropout': 0.11243145203865264}. Best is trial 7 with value: 2.6046563487327914.
3/3 ━━━━━━━━━━━━━━━━━━━━ 0s 115ms/step
3/3 ━━━━━━━━━━━━━━━━━━━━ 0s 113ms/step
3/3 ━━━━━━━━━━━━━━━━━━━━ 0s 114ms/step
[I 2024-05-21 18:09:01,866] Trial 15 finished with value: 2.3168874240618527 and parameters: {'lr': 0.0648775098533942, 'hs': 7, 'en': 483, 'dropout': 0.05179683733646932}. Best is trial 15 with value: 2.3168874240618527.
3/3 ━━━━━━━━━━━━━━━━━━━━ 0s 124ms/step
3/3 ━━━━━━━━━━━━━━━━━━━━ 0s 114ms/step
3/3 ━━━━━━━━━━━━━━━━━━━━ 0s 116ms/step
[I 2024-05-21 18:13:55,164] Trial 16 finished with value: 4.297009231999688 and parameters: {'lr': 0.06497067325591888, 'hs': 7, 'en': 498, 'dropout': 0.07885737196865975}. Best is trial 15 with value: 2.3168874240618527.
3/3 ━━━━━━━━━━━━━━━━━━━━ 0s 116ms/step
3/3 ━━━━━━━━━━━━━━━━━━━━ 0s 118ms/step
3/3 ━━━━━━━━━━━━━━━━━━━━ 0s 120ms/step
[I 2024-05-21 18:18:58,769] Trial 17 finished with value: 12.217316327313632 and parameters: {'lr': 0.07295538299259327, 'hs': 7, 'en': 497, 'dropout': 0.11497948569785064}. Best is trial 15 with value: 2.3168874240618527.
3/3 ━━━━━━━━━━━━━━━━━━━━ 0s 119ms/step
3/3 ━━━━━━━━━━━━━━━━━━━━ 0s 116ms/step
3/3 ━━━━━━━━━━━━━━━━━━━━ 0s 116ms/step
[I 2024-05-21 18:22:53,434] Trial 18 finished with value: 7.992935560582069 and parameters: {'lr': 0.09458166215205148, 'hs': 8, 'en': 381, 'dropout': 0.0966006617522927}. Best is trial 15 with value: 2.3168874240618527.
3/3 ━━━━━━━━━━━━━━━━━━━━ 0s 114ms/step
3/3 ━━━━━━━━━━━━━━━━━━━━ 0s 125ms/step
3/3 ━━━━━━━━━━━━━━━━━━━━ 0s 121ms/step
[I 2024-05-21 18:25:27,508] Trial 19 finished with value: 13.889834945049577 and parameters: {'lr': 0.010658279258682402, 'hs': 4, 'en': 238, 'dropout': 0.1997895561433577}. Best is trial 15 with value: 2.3168874240618527.
3/3 ━━━━━━━━━━━━━━━━━━━━ 0s 119ms/step
[I 2024-05-21 18:27:36,110] A new study created in memory with name: no-name-2c805d44-ae85-4bd5-a94a-e51e28ed9dc2
LSTM Reynolds y_3 3.158410729575716 1.3905020957901362 -4.7 31.9
3/3 ━━━━━━━━━━━━━━━━━━━━ 0s 116ms/step
3/3 ━━━━━━━━━━━━━━━━━━━━ 0s 115ms/step
3/3 ━━━━━━━━━━━━━━━━━━━━ 1s 128ms/step
[I 2024-05-21 18:31:18,209] Trial 0 finished with value: 6.393845945704542 and parameters: {'lr': 0.06314391816910749, 'hs': 4, 'en': 291, 'dropout': 0.052421041554817194}. Best is trial 0 with value: 6.393845945704542.
3/3 ━━━━━━━━━━━━━━━━━━━━ 0s 121ms/step
3/3 ━━━━━━━━━━━━━━━━━━━━ 1s 138ms/step
3/3 ━━━━━━━━━━━━━━━━━━━━ 1s 136ms/step
[I 2024-05-21 18:34:56,554] Trial 1 finished with value: 16.200416745066132 and parameters: {'lr': 0.09363601416270878, 'hs': 4, 'en': 292, 'dropout': 0.16022005467092204}. Best is trial 0 with value: 6.393845945704542.
3/3 ━━━━━━━━━━━━━━━━━━━━ 0s 117ms/step
3/3 ━━━━━━━━━━━━━━━━━━━━ 0s 119ms/step
3/3 ━━━━━━━━━━━━━━━━━━━━ 1s 127ms/step
[I 2024-05-21 18:40:19,620] Trial 2 finished with value: 6.77982586501597 and parameters: {'lr': 0.03091277395903753, 'hs': 8, 'en': 431, 'dropout': 0.08904749724340888}. Best is trial 0 with value: 6.393845945704542.
3/3 ━━━━━━━━━━━━━━━━━━━━ 0s 123ms/step
3/3 ━━━━━━━━━━━━━━━━━━━━ 0s 124ms/step
3/3 ━━━━━━━━━━━━━━━━━━━━ 0s 118ms/step
[I 2024-05-21 18:42:58,711] Trial 3 finished with value: 8.693688284339721 and parameters: {'lr': 0.05361685397526272, 'hs': 8, 'en': 206, 'dropout': 0.11688412135410116}. Best is trial 0 with value: 6.393845945704542.
3/3 ━━━━━━━━━━━━━━━━━━━━ 0s 120ms/step
3/3 ━━━━━━━━━━━━━━━━━━━━ 1s 130ms/step
3/3 ━━━━━━━━━━━━━━━━━━━━ 0s 124ms/step
[I 2024-05-21 18:46:26,766] Trial 4 finished with value: 13.285338934015053 and parameters: {'lr': 0.020039506226369113, 'hs': 2, 'en': 270, 'dropout': 0.1838645818911151}. Best is trial 0 with value: 6.393845945704542.
3/3 ━━━━━━━━━━━━━━━━━━━━ 0s 123ms/step
3/3 ━━━━━━━━━━━━━━━━━━━━ 0s 120ms/step
3/3 ━━━━━━━━━━━━━━━━━━━━ 0s 117ms/step
[I 2024-05-21 18:47:07,844] Trial 5 finished with value: 16.813356064152675 and parameters: {'lr': 0.06333533083913867, 'hs': 3, 'en': 47, 'dropout': 0.1804549208449615}. Best is trial 0 with value: 6.393845945704542.
3/3 ━━━━━━━━━━━━━━━━━━━━ 0s 116ms/step
3/3 ━━━━━━━━━━━━━━━━━━━━ 1s 126ms/step
3/3 ━━━━━━━━━━━━━━━━━━━━ 1s 125ms/step
[I 2024-05-21 18:51:58,693] Trial 6 finished with value: 5.3176345149232285 and parameters: {'lr': 0.044567874827326846, 'hs': 6, 'en': 388, 'dropout': 0.09168598213555817}. Best is trial 6 with value: 5.3176345149232285.
3/3 ━━━━━━━━━━━━━━━━━━━━ 0s 120ms/step
3/3 ━━━━━━━━━━━━━━━━━━━━ 0s 116ms/step
3/3 ━━━━━━━━━━━━━━━━━━━━ 0s 119ms/step
[I 2024-05-21 18:56:26,817] Trial 7 finished with value: 12.658508274216821 and parameters: {'lr': 0.010933098368802206, 'hs': 3, 'en': 363, 'dropout': 0.16154576438736823}. Best is trial 6 with value: 5.3176345149232285.
3/3 ━━━━━━━━━━━━━━━━━━━━ 1s 128ms/step
3/3 ━━━━━━━━━━━━━━━━━━━━ 1s 127ms/step
3/3 ━━━━━━━━━━━━━━━━━━━━ 0s 121ms/step
[I 2024-05-21 18:56:58,683] Trial 8 finished with value: 71.79222486726552 and parameters: {'lr': 0.05030352259765861, 'hs': 8, 'en': 34, 'dropout': 0.1573891899014874}. Best is trial 6 with value: 5.3176345149232285.
3/3 ━━━━━━━━━━━━━━━━━━━━ 0s 120ms/step
3/3 ━━━━━━━━━━━━━━━━━━━━ 0s 116ms/step
3/3 ━━━━━━━━━━━━━━━━━━━━ 1s 134ms/step
[I 2024-05-21 19:01:52,827] Trial 9 finished with value: 14.238140983765836 and parameters: {'lr': 0.09989500213035207, 'hs': 7, 'en': 403, 'dropout': 0.15202876001072751}. Best is trial 6 with value: 5.3176345149232285.
3/3 ━━━━━━━━━━━━━━━━━━━━ 1s 123ms/step
3/3 ━━━━━━━━━━━━━━━━━━━━ 0s 121ms/step
3/3 ━━━━━━━━━━━━━━━━━━━━ 0s 112ms/step
[I 2024-05-21 19:03:45,227] Trial 10 finished with value: 11.592451001941923 and parameters: {'lr': 0.030556958224838296, 'hs': 6, 'en': 165, 'dropout': 0.0833581283831096}. Best is trial 6 with value: 5.3176345149232285.
3/3 ━━━━━━━━━━━━━━━━━━━━ 0s 116ms/step
3/3 ━━━━━━━━━━━━━━━━━━━━ 1s 140ms/step
3/3 ━━━━━━━━━━━━━━━━━━━━ 1s 131ms/step
[I 2024-05-21 19:09:31,674] Trial 11 finished with value: 3.889316049550882 and parameters: {'lr': 0.07378978143579773, 'hs': 5, 'en': 500, 'dropout': 0.0527953376266001}. Best is trial 11 with value: 3.889316049550882.
3/3 ━━━━━━━━━━━━━━━━━━━━ 1s 124ms/step
3/3 ━━━━━━━━━━━━━━━━━━━━ 0s 119ms/step
3/3 ━━━━━━━━━━━━━━━━━━━━ 0s 123ms/step
[I 2024-05-21 19:15:38,175] Trial 12 finished with value: 3.5482891004266732 and parameters: {'lr': 0.07823230018467545, 'hs': 6, 'en': 495, 'dropout': 0.053770188752634035}. Best is trial 12 with value: 3.5482891004266732.
3/3 ━━━━━━━━━━━━━━━━━━━━ 0s 117ms/step
3/3 ━━━━━━━━━━━━━━━━━━━━ 1s 154ms/step
3/3 ━━━━━━━━━━━━━━━━━━━━ 1s 127ms/step
[I 2024-05-21 19:21:44,972] Trial 13 finished with value: 6.339753090020956 and parameters: {'lr': 0.0807074682837547, 'hs': 5, 'en': 493, 'dropout': 0.055883040975217166}. Best is trial 12 with value: 3.5482891004266732.
3/3 ━━━━━━━━━━━━━━━━━━━━ 0s 120ms/step
3/3 ━━━━━━━━━━━━━━━━━━━━ 0s 118ms/step
3/3 ━━━━━━━━━━━━━━━━━━━━ 0s 121ms/step
[I 2024-05-21 19:27:58,687] Trial 14 finished with value: 4.663709190434507 and parameters: {'lr': 0.08096248887814533, 'hs': 6, 'en': 499, 'dropout': 0.07027796742558517}. Best is trial 12 with value: 3.5482891004266732.
3/3 ━━━━━━━━━━━━━━━━━━━━ 0s 117ms/step
3/3 ━━━━━━━━━━━━━━━━━━━━ 1s 131ms/step
3/3 ━━━━━━━━━━━━━━━━━━━━ 1s 129ms/step
[I 2024-05-21 19:33:46,626] Trial 15 finished with value: 5.783303419596959 and parameters: {'lr': 0.07805110078838347, 'hs': 5, 'en': 459, 'dropout': 0.11408675246163352}. Best is trial 12 with value: 3.5482891004266732.
3/3 ━━━━━━━━━━━━━━━━━━━━ 0s 123ms/step
3/3 ━━━━━━━━━━━━━━━━━━━━ 0s 121ms/step
3/3 ━━━━━━━━━━━━━━━━━━━━ 0s 116ms/step
[I 2024-05-21 19:38:18,710] Trial 16 finished with value: 5.714783588072319 and parameters: {'lr': 0.06942310122580746, 'hs': 7, 'en': 362, 'dropout': 0.06979828072663571}. Best is trial 12 with value: 3.5482891004266732.
3/3 ━━━━━━━━━━━━━━━━━━━━ 1s 125ms/step
3/3 ━━━━━━━━━━━━━━━━━━━━ 1s 125ms/step
3/3 ━━━━━━━━━━━━━━━━━━━━ 0s 122ms/step
[I 2024-05-21 19:43:51,570] Trial 17 finished with value: 6.741565416773942 and parameters: {'lr': 0.08669161661893623, 'hs': 4, 'en': 444, 'dropout': 0.09871862506684195}. Best is trial 12 with value: 3.5482891004266732.
3/3 ━━━━━━━━━━━━━━━━━━━━ 1s 113ms/step
3/3 ━━━━━━━━━━━━━━━━━━━━ 0s 119ms/step
3/3 ━━━━━━━━━━━━━━━━━━━━ 1s 134ms/step
[I 2024-05-21 19:48:02,048] Trial 18 finished with value: 11.90900735118983 and parameters: {'lr': 0.06852372138988731, 'hs': 7, 'en': 332, 'dropout': 0.13599690453673585}. Best is trial 12 with value: 3.5482891004266732.
3/3 ━━━━━━━━━━━━━━━━━━━━ 0s 123ms/step
3/3 ━━━━━━━━━━━━━━━━━━━━ 1s 132ms/step
3/3 ━━━━━━━━━━━━━━━━━━━━ 0s 121ms/step
[I 2024-05-21 19:49:43,498] Trial 19 finished with value: 8.244120533786075 and parameters: {'lr': 0.08932069411090637, 'hs': 5, 'en': 126, 'dropout': 0.06897193085755672}. Best is trial 12 with value: 3.5482891004266732.
4/4 ━━━━━━━━━━━━━━━━━━━━ 0s 77ms/step
[I 2024-05-21 19:51:59,207] A new study created in memory with name: no-name-21f22d7e-3842-421c-87dc-36825f105c0a
LSTM Reynolds y_2 4.321855247144486 1.5896672004930803 -9.7 41.0
2/2 ━━━━━━━━━━━━━━━━━━━━ 0s 240ms/step
2/2 ━━━━━━━━━━━━━━━━━━━━ 1s 256ms/step
2/2 ━━━━━━━━━━━━━━━━━━━━ 0s 241ms/step
[I 2024-05-21 19:52:37,328] Trial 0 finished with value: 44.23396841863369 and parameters: {'lr': 0.03624976310689488, 'hs': 2, 'en': 82, 'dropout': 0.19519249101764286}. Best is trial 0 with value: 44.23396841863369.
2/2 ━━━━━━━━━━━━━━━━━━━━ 0s 231ms/step
2/2 ━━━━━━━━━━━━━━━━━━━━ 0s 241ms/step
2/2 ━━━━━━━━━━━━━━━━━━━━ 0s 233ms/step
[I 2024-05-21 19:53:25,575] Trial 1 finished with value: 144.76926411771936 and parameters: {'lr': 0.00537661004947235, 'hs': 5, 'en': 108, 'dropout': 0.103306396356895}. Best is trial 0 with value: 44.23396841863369.
2/2 ━━━━━━━━━━━━━━━━━━━━ 1s 276ms/step
2/2 ━━━━━━━━━━━━━━━━━━━━ 1s 344ms/step
2/2 ━━━━━━━━━━━━━━━━━━━━ 0s 237ms/step
