[I 2024-05-23 12:54:19,667] Trial 17 finished with value: 4.884851823251375 and parameters: {'lr': 0.052389538728267106, 'hs': 7, 'en': 131, 'dropout': 0.1166335659769387}. Best is trial 4 with value: 3.512107345358766.
3/3 ━━━━━━━━━━━━━━━━━━━━ 1s 128ms/step
3/3 ━━━━━━━━━━━━━━━━━━━━ 0s 123ms/step
3/3 ━━━━━━━━━━━━━━━━━━━━ 0s 124ms/step
[I 2024-05-23 12:56:56,427] Trial 18 finished with value: 3.484941759021798 and parameters: {'lr': 0.08143112591552461, 'hs': 8, 'en': 328, 'dropout': 0.06759988568862416}. Best is trial 18 with value: 3.484941759021798.
3/3 ━━━━━━━━━━━━━━━━━━━━ 0s 123ms/step
3/3 ━━━━━━━━━━━━━━━━━━━━ 1s 151ms/step
3/3 ━━━━━━━━━━━━━━━━━━━━ 1s 132ms/step
[I 2024-05-23 13:01:24,910] Trial 19 finished with value: 3.942858348432908 and parameters: {'lr': 0.08190160332314289, 'hs': 8, 'en': 444, 'dropout': 0.09126627968718484}. Best is trial 18 with value: 3.484941759021798.
3/3 ━━━━━━━━━━━━━━━━━━━━ 1s 126ms/step
[I 2024-05-23 13:02:53,980] A new study created in memory with name: no-name-613aeffc-bf7a-43b3-a407-1f84b5f394d3
GRU Reynolds y_5 0.9862772845207192 0.7611473132127604 -5.2 27.8
3/3 ━━━━━━━━━━━━━━━━━━━━ 0s 125ms/step
3/3 ━━━━━━━━━━━━━━━━━━━━ 0s 119ms/step
3/3 ━━━━━━━━━━━━━━━━━━━━ 1s 164ms/step
[I 2024-05-23 13:04:32,919] Trial 0 finished with value: 24.454610848535747 and parameters: {'lr': 0.08984608564953042, 'hs': 4, 'en': 189, 'dropout': 0.188402486744626}. Best is trial 0 with value: 24.454610848535747.
3/3 ━━━━━━━━━━━━━━━━━━━━ 1s 139ms/step
3/3 ━━━━━━━━━━━━━━━━━━━━ 1s 129ms/step
3/3 ━━━━━━━━━━━━━━━━━━━━ 1s 125ms/step
[I 2024-05-23 13:07:16,135] Trial 1 finished with value: 11.036582319171787 and parameters: {'lr': 0.06119171565657708, 'hs': 4, 'en': 271, 'dropout': 0.15264451926305078}. Best is trial 1 with value: 11.036582319171787.
3/3 ━━━━━━━━━━━━━━━━━━━━ 1s 124ms/step
3/3 ━━━━━━━━━━━━━━━━━━━━ 1s 153ms/step
3/3 ━━━━━━━━━━━━━━━━━━━━ 1s 139ms/step
[I 2024-05-23 13:11:38,496] Trial 2 finished with value: 10.40226371536403 and parameters: {'lr': 0.09391287692574452, 'hs': 4, 'en': 460, 'dropout': 0.14595592343850727}. Best is trial 2 with value: 10.40226371536403.
3/3 ━━━━━━━━━━━━━━━━━━━━ 1s 128ms/step
3/3 ━━━━━━━━━━━━━━━━━━━━ 0s 120ms/step
3/3 ━━━━━━━━━━━━━━━━━━━━ 0s 122ms/step
[I 2024-05-23 13:14:49,936] Trial 3 finished with value: 10.131126736834986 and parameters: {'lr': 0.018451521038622028, 'hs': 6, 'en': 344, 'dropout': 0.1678792780896084}. Best is trial 3 with value: 10.131126736834986.
3/3 ━━━━━━━━━━━━━━━━━━━━ 1s 148ms/step
3/3 ━━━━━━━━━━━━━━━━━━━━ 1s 140ms/step
3/3 ━━━━━━━━━━━━━━━━━━━━ 1s 129ms/step
[I 2024-05-23 13:16:51,593] Trial 4 finished with value: 8.550168921141921 and parameters: {'lr': 0.05701549069120593, 'hs': 8, 'en': 246, 'dropout': 0.11405344983159016}. Best is trial 4 with value: 8.550168921141921.
3/3 ━━━━━━━━━━━━━━━━━━━━ 0s 120ms/step
3/3 ━━━━━━━━━━━━━━━━━━━━ 0s 119ms/step
3/3 ━━━━━━━━━━━━━━━━━━━━ 1s 150ms/step
[I 2024-05-23 13:18:53,622] Trial 5 finished with value: 9.381022419109605 and parameters: {'lr': 0.02404853092998169, 'hs': 8, 'en': 249, 'dropout': 0.15948106797289052}. Best is trial 4 with value: 8.550168921141921.
3/3 ━━━━━━━━━━━━━━━━━━━━ 1s 141ms/step
3/3 ━━━━━━━━━━━━━━━━━━━━ 1s 124ms/step
3/3 ━━━━━━━━━━━━━━━━━━━━ 0s 122ms/step
[I 2024-05-23 13:22:21,685] Trial 6 finished with value: 3.2913880552371317 and parameters: {'lr': 0.009690435388515783, 'hs': 7, 'en': 420, 'dropout': 0.07226444061650897}. Best is trial 6 with value: 3.2913880552371317.
3/3 ━━━━━━━━━━━━━━━━━━━━ 0s 119ms/step
3/3 ━━━━━━━━━━━━━━━━━━━━ 1s 153ms/step
3/3 ━━━━━━━━━━━━━━━━━━━━ 1s 141ms/step
[I 2024-05-23 13:23:37,773] Trial 7 finished with value: 8.25340119423734 and parameters: {'lr': 0.027768183874511364, 'hs': 6, 'en': 149, 'dropout': 0.10600462060919073}. Best is trial 6 with value: 3.2913880552371317.
3/3 ━━━━━━━━━━━━━━━━━━━━ 1s 127ms/step
3/3 ━━━━━━━━━━━━━━━━━━━━ 0s 122ms/step
3/3 ━━━━━━━━━━━━━━━━━━━━ 0s 123ms/step
[I 2024-05-23 13:26:55,097] Trial 8 finished with value: 2.5934765151005514 and parameters: {'lr': 0.015956705529851064, 'hs': 4, 'en': 432, 'dropout': 0.06072631559076362}. Best is trial 8 with value: 2.5934765151005514.
3/3 ━━━━━━━━━━━━━━━━━━━━ 1s 153ms/step
3/3 ━━━━━━━━━━━━━━━━━━━━ 1s 139ms/step
3/3 ━━━━━━━━━━━━━━━━━━━━ 1s 125ms/step
[I 2024-05-23 13:27:12,884] Trial 9 finished with value: 59.365650973862195 and parameters: {'lr': 0.08200731178253241, 'hs': 8, 'en': 22, 'dropout': 0.15736122968818259}. Best is trial 8 with value: 2.5934765151005514.
3/3 ━━━━━━━━━━━━━━━━━━━━ 0s 120ms/step
3/3 ━━━━━━━━━━━━━━━━━━━━ 1s 133ms/step
3/3 ━━━━━━━━━━━━━━━━━━━━ 1s 150ms/step
[I 2024-05-23 13:31:42,258] Trial 10 finished with value: 2.7309701988283717 and parameters: {'lr': 0.041361457181436585, 'hs': 2, 'en': 495, 'dropout': 0.05315514917099508}. Best is trial 8 with value: 2.5934765151005514.
3/3 ━━━━━━━━━━━━━━━━━━━━ 1s 137ms/step
3/3 ━━━━━━━━━━━━━━━━━━━━ 1s 123ms/step
3/3 ━━━━━━━━━━━━━━━━━━━━ 0s 121ms/step
[I 2024-05-23 13:35:20,014] Trial 11 finished with value: 2.497849233263561 and parameters: {'lr': 0.03973938297573019, 'hs': 2, 'en': 475, 'dropout': 0.0510903003980737}. Best is trial 11 with value: 2.497849233263561.
3/3 ━━━━━━━━━━━━━━━━━━━━ 0s 118ms/step
3/3 ━━━━━━━━━━━━━━━━━━━━ 1s 153ms/step
3/3 ━━━━━━━━━━━━━━━━━━━━ 1s 146ms/step
[I 2024-05-23 13:38:27,232] Trial 12 finished with value: 12.380939311399686 and parameters: {'lr': 0.0022534889199268063, 'hs': 2, 'en': 383, 'dropout': 0.08220507542099204}. Best is trial 11 with value: 2.497849233263561.
3/3 ━━━━━━━━━━━━━━━━━━━━ 1s 124ms/step
3/3 ━━━━━━━━━━━━━━━━━━━━ 0s 122ms/step
3/3 ━━━━━━━━━━━━━━━━━━━━ 0s 121ms/step
[I 2024-05-23 13:41:13,896] Trial 13 finished with value: 2.81395038664485 and parameters: {'lr': 0.03814375796016434, 'hs': 3, 'en': 337, 'dropout': 0.051629612235184134}. Best is trial 11 with value: 2.497849233263561.
3/3 ━━━━━━━━━━━━━━━━━━━━ 1s 438ms/step
3/3 ━━━━━━━━━━━━━━━━━━━━ 1s 140ms/step
3/3 ━━━━━━━━━━━━━━━━━━━━ 1s 131ms/step
[I 2024-05-23 13:45:22,980] Trial 14 finished with value: 7.252644447553675 and parameters: {'lr': 0.06807734317456886, 'hs': 3, 'en': 495, 'dropout': 0.08392731228352387}. Best is trial 11 with value: 2.497849233263561.
3/3 ━━━━━━━━━━━━━━━━━━━━ 1s 138ms/step
3/3 ━━━━━━━━━━━━━━━━━━━━ 0s 122ms/step
3/3 ━━━━━━━━━━━━━━━━━━━━ 1s 149ms/step
[I 2024-05-23 13:50:06,166] Trial 15 finished with value: 3.64862047351917 and parameters: {'lr': 0.04456202946172162, 'hs': 5, 'en': 434, 'dropout': 0.06705852771102463}. Best is trial 11 with value: 2.497849233263561.
3/3 ━━━━━━━━━━━━━━━━━━━━ 1s 138ms/step
3/3 ━━━━━━━━━━━━━━━━━━━━ 1s 124ms/step
3/3 ━━━━━━━━━━━━━━━━━━━━ 1s 141ms/step
[I 2024-05-23 13:54:07,935] Trial 16 finished with value: 38.340929904530334 and parameters: {'lr': 0.031376101149328234, 'hs': 3, 'en': 365, 'dropout': 0.09881873012174039}. Best is trial 11 with value: 2.497849233263561.
3/3 ━━━━━━━━━━━━━━━━━━━━ 0s 124ms/step
3/3 ━━━━━━━━━━━━━━━━━━━━ 1s 152ms/step
3/3 ━━━━━━━━━━━━━━━━━━━━ 1s 138ms/step
[I 2024-05-23 13:57:35,986] Trial 17 finished with value: 5.931714514512646 and parameters: {'lr': 0.018222205137446865, 'hs': 2, 'en': 314, 'dropout': 0.12881506147281982}. Best is trial 11 with value: 2.497849233263561.
3/3 ━━━━━━━━━━━━━━━━━━━━ 1s 124ms/step
3/3 ━━━━━━━━━━━━━━━━━━━━ 0s 121ms/step
3/3 ━━━━━━━━━━━━━━━━━━━━ 0s 115ms/step
[I 2024-05-23 14:01:26,682] Trial 18 finished with value: 12.895400793734984 and parameters: {'lr': 0.0013092454987832045, 'hs': 5, 'en': 409, 'dropout': 0.09121776219689182}. Best is trial 11 with value: 2.497849233263561.
3/3 ━━━━━━━━━━━━━━━━━━━━ 1s 142ms/step
3/3 ━━━━━━━━━━━━━━━━━━━━ 1s 133ms/step
3/3 ━━━━━━━━━━━━━━━━━━━━ 0s 120ms/step
[I 2024-05-23 14:01:56,431] Trial 19 finished with value: 9.687988274169143 and parameters: {'lr': 0.05118441587777624, 'hs': 5, 'en': 60, 'dropout': 0.06766568686070075}. Best is trial 11 with value: 2.497849233263561.
3/3 ━━━━━━━━━━━━━━━━━━━━ 0s 114ms/step
[I 2024-05-23 14:03:20,978] A new study created in memory with name: no-name-f93a0138-9c15-4615-ad46-586d842256a1
GRU Reynolds y_3 3.8042531643222346 1.4027282772421026 -4.7 31.9
3/3 ━━━━━━━━━━━━━━━━━━━━ 0s 119ms/step
3/3 ━━━━━━━━━━━━━━━━━━━━ 1s 147ms/step
3/3 ━━━━━━━━━━━━━━━━━━━━ 1s 132ms/step
[I 2024-05-23 14:04:21,606] Trial 0 finished with value: 14.526031454613573 and parameters: {'lr': 0.0739457511675599, 'hs': 2, 'en': 117, 'dropout': 0.07177299443545743}. Best is trial 0 with value: 14.526031454613573.
3/3 ━━━━━━━━━━━━━━━━━━━━ 0s 121ms/step
3/3 ━━━━━━━━━━━━━━━━━━━━ 0s 117ms/step
3/3 ━━━━━━━━━━━━━━━━━━━━ 0s 115ms/step
[I 2024-05-23 14:04:34,059] Trial 1 finished with value: 120.23832272859103 and parameters: {'lr': 0.05479047741950409, 'hs': 7, 'en': 12, 'dropout': 0.19339025071945593}. Best is trial 0 with value: 14.526031454613573.
3/3 ━━━━━━━━━━━━━━━━━━━━ 1s 144ms/step
3/3 ━━━━━━━━━━━━━━━━━━━━ 1s 131ms/step
3/3 ━━━━━━━━━━━━━━━━━━━━ 0s 123ms/step
[I 2024-05-23 14:05:27,010] Trial 2 finished with value: 27.50982760098883 and parameters: {'lr': 0.08907538248422024, 'hs': 2, 'en': 100, 'dropout': 0.16582849100248265}. Best is trial 0 with value: 14.526031454613573.
3/3 ━━━━━━━━━━━━━━━━━━━━ 0s 120ms/step
3/3 ━━━━━━━━━━━━━━━━━━━━ 0s 117ms/step
3/3 ━━━━━━━━━━━━━━━━━━━━ 1s 145ms/step
[I 2024-05-23 14:09:19,622] Trial 3 finished with value: 5.19786844699254 and parameters: {'lr': 0.05436913259421784, 'hs': 7, 'en': 491, 'dropout': 0.07307059484014988}. Best is trial 3 with value: 5.19786844699254.
3/3 ━━━━━━━━━━━━━━━━━━━━ 1s 130ms/step
3/3 ━━━━━━━━━━━━━━━━━━━━ 1s 123ms/step
3/3 ━━━━━━━━━━━━━━━━━━━━ 0s 117ms/step
[I 2024-05-23 14:10:54,928] Trial 4 finished with value: 13.355789707531825 and parameters: {'lr': 0.03945035071411824, 'hs': 5, 'en': 193, 'dropout': 0.1924949674641137}. Best is trial 3 with value: 5.19786844699254.
3/3 ━━━━━━━━━━━━━━━━━━━━ 0s 115ms/step
3/3 ━━━━━━━━━━━━━━━━━━━━ 1s 142ms/step
3/3 ━━━━━━━━━━━━━━━━━━━━ 1s 141ms/step
[I 2024-05-23 14:14:06,846] Trial 5 finished with value: 9.887208748763603 and parameters: {'lr': 0.0962217654719594, 'hs': 2, 'en': 407, 'dropout': 0.10524805360415426}. Best is trial 3 with value: 5.19786844699254.
3/3 ━━━━━━━━━━━━━━━━━━━━ 1s 126ms/step
3/3 ━━━━━━━━━━━━━━━━━━━━ 1s 121ms/step
3/3 ━━━━━━━━━━━━━━━━━━━━ 0s 124ms/step
[I 2024-05-23 14:18:40,420] Trial 6 finished with value: 6.332710892652699 and parameters: {'lr': 0.03432926222026035, 'hs': 8, 'en': 498, 'dropout': 0.06869907137839858}. Best is trial 3 with value: 5.19786844699254.
3/3 ━━━━━━━━━━━━━━━━━━━━ 1s 152ms/step
3/3 ━━━━━━━━━━━━━━━━━━━━ 1s 144ms/step
3/3 ━━━━━━━━━━━━━━━━━━━━ 1s 129ms/step
[I 2024-05-23 14:19:37,445] Trial 7 finished with value: 9.720801792378074 and parameters: {'lr': 0.043076022030210506, 'hs': 4, 'en': 82, 'dropout': 0.1098063518621882}. Best is trial 3 with value: 5.19786844699254.
3/3 ━━━━━━━━━━━━━━━━━━━━ 1s 124ms/step
3/3 ━━━━━━━━━━━━━━━━━━━━ 1s 137ms/step
3/3 ━━━━━━━━━━━━━━━━━━━━ 1s 155ms/step
[I 2024-05-23 14:21:51,697] Trial 8 finished with value: 12.11388386030216 and parameters: {'lr': 0.08207808269221649, 'hs': 3, 'en': 190, 'dropout': 0.06146468865333578}. Best is trial 3 with value: 5.19786844699254.
3/3 ━━━━━━━━━━━━━━━━━━━━ 1s 149ms/step
3/3 ━━━━━━━━━━━━━━━━━━━━ 1s 136ms/step
3/3 ━━━━━━━━━━━━━━━━━━━━ 1s 131ms/step
[I 2024-05-23 14:27:22,293] Trial 9 finished with value: 12.835665592616586 and parameters: {'lr': 0.04273244787044518, 'hs': 6, 'en': 424, 'dropout': 0.18331406885958967}. Best is trial 3 with value: 5.19786844699254.
3/3 ━━━━━━━━━━━━━━━━━━━━ 1s 124ms/step
3/3 ━━━━━━━━━━━━━━━━━━━━ 1s 169ms/step
3/3 ━━━━━━━━━━━━━━━━━━━━ 1s 183ms/step
[I 2024-05-23 14:31:28,329] Trial 10 finished with value: 10.946531286383788 and parameters: {'lr': 0.0049015646983020175, 'hs': 7, 'en': 313, 'dropout': 0.1415279500685382}. Best is trial 3 with value: 5.19786844699254.
3/3 ━━━━━━━━━━━━━━━━━━━━ 1s 143ms/step
3/3 ━━━━━━━━━━━━━━━━━━━━ 1s 137ms/step
3/3 ━━━━━━━━━━━━━━━━━━━━ 1s 132ms/step
[I 2024-05-23 14:38:06,904] Trial 11 finished with value: 4.087692914145987 and parameters: {'lr': 0.01860933790039302, 'hs': 8, 'en': 494, 'dropout': 0.0801486966294604}. Best is trial 11 with value: 4.087692914145987.
3/3 ━━━━━━━━━━━━━━━━━━━━ 1s 164ms/step
3/3 ━━━━━━━━━━━━━━━━━━━━ 1s 148ms/step
3/3 ━━━━━━━━━━━━━━━━━━━━ 1s 135ms/step
[I 2024-05-23 14:43:46,124] Trial 12 finished with value: 4.8508664193696305 and parameters: {'lr': 0.014456495905692871, 'hs': 8, 'en': 498, 'dropout': 0.08638300851432289}. Best is trial 11 with value: 4.087692914145987.
3/3 ━━━━━━━━━━━━━━━━━━━━ 1s 129ms/step
3/3 ━━━━━━━━━━━━━━━━━━━━ 1s 125ms/step
3/3 ━━━━━━━━━━━━━━━━━━━━ 1s 170ms/step
[I 2024-05-23 14:48:07,677] Trial 13 finished with value: 7.798038949921717 and parameters: {'lr': 0.009123104536765292, 'hs': 8, 'en': 352, 'dropout': 0.09710032406557573}. Best is trial 11 with value: 4.087692914145987.
3/3 ━━━━━━━━━━━━━━━━━━━━ 1s 150ms/step
3/3 ━━━━━━━━━━━━━━━━━━━━ 1s 139ms/step
3/3 ━━━━━━━━━━━━━━━━━━━━ 1s 132ms/step
[I 2024-05-23 14:53:31,336] Trial 14 finished with value: 5.9077165271470236 and parameters: {'lr': 0.021995424997403024, 'hs': 6, 'en': 431, 'dropout': 0.09039969602310163}. Best is trial 11 with value: 4.087692914145987.
3/3 ━━━━━━━━━━━━━━━━━━━━ 1s 125ms/step
3/3 ━━━━━━━━━━━━━━━━━━━━ 1s 168ms/step
3/3 ━━━━━━━━━━━━━━━━━━━━ 1s 154ms/step
[I 2024-05-23 14:57:36,262] Trial 15 finished with value: 8.019071942638718 and parameters: {'lr': 0.01707913419012498, 'hs': 8, 'en': 309, 'dropout': 0.1263077881337146}. Best is trial 11 with value: 4.087692914145987.
3/3 ━━━━━━━━━━━━━━━━━━━━ 1s 174ms/step
3/3 ━━━━━━━━━━━━━━━━━━━━ 1s 142ms/step
3/3 ━━━━━━━━━━━━━━━━━━━━ 1s 127ms/step
[I 2024-05-23 15:02:32,535] Trial 16 finished with value: 4.058600365272764 and parameters: {'lr': 0.02502554491513686, 'hs': 6, 'en': 375, 'dropout': 0.08437238208586463}. Best is trial 16 with value: 4.058600365272764.
3/3 ━━━━━━━━━━━━━━━━━━━━ 1s 173ms/step
3/3 ━━━━━━━━━━━━━━━━━━━━ 1s 162ms/step
3/3 ━━━━━━━━━━━━━━━━━━━━ 1s 148ms/step
[I 2024-05-23 15:07:36,949] Trial 17 finished with value: 4.566438044812544 and parameters: {'lr': 0.02579113741727678, 'hs': 5, 'en': 390, 'dropout': 0.050125000698343365}. Best is trial 16 with value: 4.058600365272764.
3/3 ━━━━━━━━━━━━━━━━━━━━ 1s 125ms/step
3/3 ━━━━━━━━━━━━━━━━━━━━ 0s 122ms/step
3/3 ━━━━━━━━━━━━━━━━━━━━ 1s 173ms/step
[I 2024-05-23 15:10:40,050] Trial 18 finished with value: 17.394691586342145 and parameters: {'lr': 0.0018895971959155232, 'hs': 6, 'en': 254, 'dropout': 0.1489478795795049}. Best is trial 16 with value: 4.058600365272764.
3/3 ━━━━━━━━━━━━━━━━━━━━ 1s 158ms/step
3/3 ━━━━━━━━━━━━━━━━━━━━ 1s 142ms/step
3/3 ━━━━━━━━━━━━━━━━━━━━ 1s 135ms/step
[I 2024-05-23 15:16:13,365] Trial 19 finished with value: 9.643475020799988 and parameters: {'lr': 0.06491149416113343, 'hs': 4, 'en': 455, 'dropout': 0.12254821888202676}. Best is trial 16 with value: 4.058600365272764.
4/4 ━━━━━━━━━━━━━━━━━━━━ 1s 85ms/step
[I 2024-05-23 15:18:04,529] A new study created in memory with name: no-name-4c2704d2-cdb0-43b2-b2b8-62b46d853b47
GRU Reynolds y_2 3.5842593773860605 1.5204462481754646 -9.7 41.0
2/2 ━━━━━━━━━━━━━━━━━━━━ 2s 371ms/step
2/2 ━━━━━━━━━━━━━━━━━━━━ 1s 321ms/step
2/2 ━━━━━━━━━━━━━━━━━━━━ 1s 306ms/step
[I 2024-05-23 15:21:19,632] Trial 0 finished with value: 17.166345156915693 and parameters: {'lr': 0.07138161615679263, 'hs': 6, 'en': 492, 'dropout': 0.1373910981070535}. Best is trial 0 with value: 17.166345156915693.
2/2 ━━━━━━━━━━━━━━━━━━━━ 1s 277ms/step
2/2 ━━━━━━━━━━━━━━━━━━━━ 1s 287ms/step
2/2 ━━━━━━━━━━━━━━━━━━━━ 1s 361ms/step
[I 2024-05-23 15:23:11,632] Trial 1 finished with value: 8.336940128966189 and parameters: {'lr': 0.06353539227383447, 'hs': 7, 'en': 187, 'dropout': 0.06171805124250897}. Best is trial 1 with value: 8.336940128966189.
2/2 ━━━━━━━━━━━━━━━━━━━━ 1s 317ms/step
2/2 ━━━━━━━━━━━━━━━━━━━━ 1s 290ms/step
2/2 ━━━━━━━━━━━━━━━━━━━━ 1s 260ms/step
[I 2024-05-23 15:26:31,567] Trial 2 finished with value: 18.45448341966607 and parameters: {'lr': 0.09826980238063016, 'hs': 2, 'en': 481, 'dropout': 0.06314808205082167}. Best is trial 1 with value: 8.336940128966189.
2/2 ━━━━━━━━━━━━━━━━━━━━ 1s 252ms/step
2/2 ━━━━━━━━━━━━━━━━━━━━ 2s 356ms/step
2/2 ━━━━━━━━━━━━━━━━━━━━ 1s 314ms/step
[I 2024-05-23 15:26:46,911] Trial 3 finished with value: 144.93988966346478 and parameters: {'lr': 0.02271578441996412, 'hs': 6, 'en': 18, 'dropout': 0.12615153922411987}. Best is trial 1 with value: 8.336940128966189.
2/2 ━━━━━━━━━━━━━━━━━━━━ 1s 284ms/step
2/2 ━━━━━━━━━━━━━━━━━━━━ 1s 298ms/step
2/2 ━━━━━━━━━━━━━━━━━━━━ 1s 263ms/step
[I 2024-05-23 15:28:08,374] Trial 4 finished with value: 145.1806302118684 and parameters: {'lr': 0.0010927425779280351, 'hs': 8, 'en': 201, 'dropout': 0.08443020054563188}. Best is trial 1 with value: 8.336940128966189.
2/2 ━━━━━━━━━━━━━━━━━━━━ 1s 352ms/step
2/2 ━━━━━━━━━━━━━━━━━━━━ 1s 292ms/step
2/2 ━━━━━━━━━━━━━━━━━━━━ 1s 279ms/step
[I 2024-05-23 15:30:04,038] Trial 5 finished with value: 60.41236026622287 and parameters: {'lr': 0.08005089793791005, 'hs': 2, 'en': 229, 'dropout': 0.11679849994238081}. Best is trial 1 with value: 8.336940128966189.
2/2 ━━━━━━━━━━━━━━━━━━━━ 1s 282ms/step
2/2 ━━━━━━━━━━━━━━━━━━━━ 1s 277ms/step
2/2 ━━━━━━━━━━━━━━━━━━━━ 1s 389ms/step
[I 2024-05-23 15:32:39,189] Trial 6 finished with value: 22.154192713532172 and parameters: {'lr': 0.03274455252861811, 'hs': 4, 'en': 304, 'dropout': 0.17976471759796248}. Best is trial 1 with value: 8.336940128966189.
2/2 ━━━━━━━━━━━━━━━━━━━━ 1s 302ms/step
2/2 ━━━━━━━━━━━━━━━━━━━━ 1s 267ms/step
2/2 ━━━━━━━━━━━━━━━━━━━━ 1s 257ms/step
[I 2024-05-23 15:34:42,775] Trial 7 finished with value: 9.075360060911693 and parameters: {'lr': 0.03166764965167038, 'hs': 2, 'en': 311, 'dropout': 0.05558542237296106}. Best is trial 1 with value: 8.336940128966189.
2/2 ━━━━━━━━━━━━━━━━━━━━ 0s 240ms/step
2/2 ━━━━━━━━━━━━━━━━━━━━ 1s 346ms/step
2/2 ━━━━━━━━━━━━━━━━━━━━ 1s 319ms/step
[I 2024-05-23 15:37:48,789] Trial 8 finished with value: 20.720167686739284 and parameters: {'lr': 0.022302108379682238, 'hs': 2, 'en': 480, 'dropout': 0.16685808416453918}. Best is trial 1 with value: 8.336940128966189.
2/2 ━━━━━━━━━━━━━━━━━━━━ 1s 291ms/step
2/2 ━━━━━━━━━━━━━━━━━━━━ 1s 265ms/step
2/2 ━━━━━━━━━━━━━━━━━━━━ 0s 245ms/step
[I 2024-05-23 15:40:12,379] Trial 9 finished with value: 19.22436256761964 and parameters: {'lr': 0.02732648457927787, 'hs': 3, 'en': 392, 'dropout': 0.19740255159261855}. Best is trial 1 with value: 8.336940128966189.
2/2 ━━━━━━━━━━━━━━━━━━━━ 1s 321ms/step
2/2 ━━━━━━━━━━━━━━━━━━━━ 1s 294ms/step
2/2 ━━━━━━━━━━━━━━━━━━━━ 1s 252ms/step
[I 2024-05-23 15:40:58,002] Trial 10 finished with value: 18.98935695816259 and parameters: {'lr': 0.057302639083685006, 'hs': 8, 'en': 98, 'dropout': 0.0917018193586489}. Best is trial 1 with value: 8.336940128966189.
2/2 ━━━━━━━━━━━━━━━━━━━━ 1s 256ms/step
2/2 ━━━━━━━━━━━━━━━━━━━━ 0s 238ms/step
2/2 ━━━━━━━━━━━━━━━━━━━━ 1s 319ms/step
[I 2024-05-23 15:42:37,840] Trial 11 finished with value: 14.372578818608238 and parameters: {'lr': 0.05127118726122644, 'hs': 6, 'en': 299, 'dropout': 0.05114472019816317}. Best is trial 1 with value: 8.336940128966189.
2/2 ━━━━━━━━━━━━━━━━━━━━ 1s 272ms/step
2/2 ━━━━━━━━━━━━━━━━━━━━ 1s 255ms/step
2/2 ━━━━━━━━━━━━━━━━━━━━ 0s 240ms/step
[I 2024-05-23 15:43:37,669] Trial 12 finished with value: 13.431745842059549 and parameters: {'lr': 0.043909924709496305, 'hs': 5, 'en': 136, 'dropout': 0.07649081949417015}. Best is trial 1 with value: 8.336940128966189.
2/2 ━━━━━━━━━━━━━━━━━━━━ 0s 237ms/step
2/2 ━━━━━━━━━━━━━━━━━━━━ 1s 959ms/step
2/2 ━━━━━━━━━━━━━━━━━━━━ 1s 353ms/step
[I 2024-05-23 15:45:58,483] Trial 13 finished with value: 14.30521780387359 and parameters: {'lr': 0.06438498609637264, 'hs': 7, 'en': 374, 'dropout': 0.10330311480722187}. Best is trial 1 with value: 8.336940128966189.
2/2 ━━━━━━━━━━━━━━━━━━━━ 1s 265ms/step
2/2 ━━━━━━━━━━━━━━━━━━━━ 1s 252ms/step
2/2 ━━━━━━━━━━━━━━━━━━━━ 0s 240ms/step
[I 2024-05-23 15:47:08,836] Trial 14 finished with value: 145.04933295620867 and parameters: {'lr': 0.0013740077205640633, 'hs': 4, 'en': 181, 'dropout': 0.05119849308050117}. Best is trial 1 with value: 8.336940128966189.
2/2 ━━━━━━━━━━━━━━━━━━━━ 1s 843ms/step
2/2 ━━━━━━━━━━━━━━━━━━━━ 1s 290ms/step
2/2 ━━━━━━━━━━━━━━━━━━━━ 1s 263ms/step
[I 2024-05-23 15:48:48,281] Trial 15 finished with value: 15.159820086311589 and parameters: {'lr': 0.04058944157798118, 'hs': 7, 'en': 288, 'dropout': 0.06769417363227087}. Best is trial 1 with value: 8.336940128966189.
2/2 ━━━━━━━━━━━━━━━━━━━━ 1s 259ms/step
2/2 ━━━━━━━━━━━━━━━━━━━━ 0s 240ms/step
2/2 ━━━━━━━━━━━━━━━━━━━━ 1s 876ms/step
[I 2024-05-23 15:51:05,509] Trial 16 finished with value: 18.47250186446968 and parameters: {'lr': 0.07529915116980664, 'hs': 4, 'en': 382, 'dropout': 0.15003583754496466}. Best is trial 1 with value: 8.336940128966189.
2/2 ━━━━━━━━━━━━━━━━━━━━ 1s 288ms/step
2/2 ━━━━━━━━━━━━━━━━━━━━ 1s 264ms/step
2/2 ━━━━━━━━━━━━━━━━━━━━ 1s 290ms/step
[I 2024-05-23 15:51:53,236] Trial 17 finished with value: 27.484196132965177 and parameters: {'lr': 0.08474876792177563, 'hs': 5, 'en': 105, 'dropout': 0.09967073480771235}. Best is trial 1 with value: 8.336940128966189.
2/2 ━━━━━━━━━━━━━━━━━━━━ 0s 245ms/step
2/2 ━━━━━━━━━━━━━━━━━━━━ 1s 325ms/step
2/2 ━━━━━━━━━━━━━━━━━━━━ 1s 314ms/step
[I 2024-05-23 15:53:38,801] Trial 18 finished with value: 11.595145352288526 and parameters: {'lr': 0.016493756470517193, 'hs': 3, 'en': 254, 'dropout': 0.07058397692063631}. Best is trial 1 with value: 8.336940128966189.
2/2 ━━━━━━━━━━━━━━━━━━━━ 1s 284ms/step
2/2 ━━━━━━━━━━━━━━━━━━━━ 1s 256ms/step
2/2 ━━━━━━━━━━━━━━━━━━━━ 1s 258ms/step
