[I 2024-05-23 06:52:51,975] Trial 14 finished with value: 0.6318092666757275 and parameters: {'lr': 0.07011401516625215, 'hs': 5, 'en': 337, 'dropout': 0.05395274096913395}. Best is trial 12 with value: 0.3884090213936142.
8/8 ━━━━━━━━━━━━━━━━━━━━ 0s 34ms/step
8/8 ━━━━━━━━━━━━━━━━━━━━ 1s 44ms/step
8/8 ━━━━━━━━━━━━━━━━━━━━ 1s 37ms/step
[I 2024-05-23 06:58:11,689] Trial 15 finished with value: 0.8227775862397927 and parameters: {'lr': 0.05620724759427213, 'hs': 6, 'en': 187, 'dropout': 0.11350676699088884}. Best is trial 12 with value: 0.3884090213936142.
8/8 ━━━━━━━━━━━━━━━━━━━━ 1s 36ms/step
8/8 ━━━━━━━━━━━━━━━━━━━━ 0s 35ms/step
8/8 ━━━━━━━━━━━━━━━━━━━━ 1s 39ms/step
[I 2024-05-23 07:08:41,636] Trial 16 finished with value: 1.0532347432825655 and parameters: {'lr': 0.07892262158511638, 'hs': 7, 'en': 382, 'dropout': 0.14557136050486602}. Best is trial 12 with value: 0.3884090213936142.
8/8 ━━━━━━━━━━━━━━━━━━━━ 0s 36ms/step
8/8 ━━━━━━━━━━━━━━━━━━━━ 1s 39ms/step
8/8 ━━━━━━━━━━━━━━━━━━━━ 0s 35ms/step
[I 2024-05-23 07:16:16,708] Trial 17 finished with value: 0.5364409526272187 and parameters: {'lr': 0.03967691581519621, 'hs': 4, 'en': 295, 'dropout': 0.07163726745828693}. Best is trial 12 with value: 0.3884090213936142.
8/8 ━━━━━━━━━━━━━━━━━━━━ 0s 35ms/step
8/8 ━━━━━━━━━━━━━━━━━━━━ 0s 34ms/step
8/8 ━━━━━━━━━━━━━━━━━━━━ 1s 42ms/step
[I 2024-05-23 07:26:56,242] Trial 18 finished with value: 0.807885490902434 and parameters: {'lr': 0.0819918728567555, 'hs': 5, 'en': 494, 'dropout': 0.08487119800418011}. Best is trial 12 with value: 0.3884090213936142.
8/8 ━━━━━━━━━━━━━━━━━━━━ 1s 41ms/step
8/8 ━━━━━━━━━━━━━━━━━━━━ 1s 37ms/step
8/8 ━━━━━━━━━━━━━━━━━━━━ 0s 35ms/step
[I 2024-05-23 07:34:51,136] Trial 19 finished with value: 0.527099095381883 and parameters: {'lr': 0.053894624069660474, 'hs': 8, 'en': 322, 'dropout': 0.061722329099061404}. Best is trial 12 with value: 0.3884090213936142.
10/10 ━━━━━━━━━━━━━━━━━━━━ 0s 26ms/step
[I 2024-05-23 07:39:29,854] A new study created in memory with name: no-name-727133f6-8bf3-4d78-ad23-6a2aa3607a43
LSTM UK y_8 0.5591771318279211 0.5911266179883193 1.6 24.0
8/8 ━━━━━━━━━━━━━━━━━━━━ 0s 33ms/step
8/8 ━━━━━━━━━━━━━━━━━━━━ 1s 126ms/step
8/8 ━━━━━━━━━━━━━━━━━━━━ 1s 39ms/step
[I 2024-05-23 07:46:30,547] Trial 0 finished with value: 0.9206383018938894 and parameters: {'lr': 0.0861513589699547, 'hs': 3, 'en': 309, 'dropout': 0.11481738138620896}. Best is trial 0 with value: 0.9206383018938894.
8/8 ━━━━━━━━━━━━━━━━━━━━ 0s 35ms/step
8/8 ━━━━━━━━━━━━━━━━━━━━ 0s 34ms/step
8/8 ━━━━━━━━━━━━━━━━━━━━ 0s 33ms/step
[I 2024-05-23 07:47:51,817] Trial 1 finished with value: 1.1686797400698017 and parameters: {'lr': 0.06643238830081626, 'hs': 6, 'en': 58, 'dropout': 0.05465536165729973}. Best is trial 0 with value: 0.9206383018938894.
8/8 ━━━━━━━━━━━━━━━━━━━━ 0s 33ms/step
8/8 ━━━━━━━━━━━━━━━━━━━━ 1s 40ms/step
8/8 ━━━━━━━━━━━━━━━━━━━━ 1s 37ms/step
[I 2024-05-23 07:59:00,839] Trial 2 finished with value: 1.0992724493181931 and parameters: {'lr': 0.07525445047283326, 'hs': 7, 'en': 497, 'dropout': 0.1440941769341832}. Best is trial 0 with value: 0.9206383018938894.
8/8 ━━━━━━━━━━━━━━━━━━━━ 0s 35ms/step
8/8 ━━━━━━━━━━━━━━━━━━━━ 0s 34ms/step
8/8 ━━━━━━━━━━━━━━━━━━━━ 0s 32ms/step
[I 2024-05-23 08:00:53,083] Trial 3 finished with value: 1.5603815542836375 and parameters: {'lr': 0.08391479686952523, 'hs': 6, 'en': 89, 'dropout': 0.18574356126004643}. Best is trial 0 with value: 0.9206383018938894.
8/8 ━━━━━━━━━━━━━━━━━━━━ 1s 40ms/step
8/8 ━━━━━━━━━━━━━━━━━━━━ 1s 37ms/step
8/8 ━━━━━━━━━━━━━━━━━━━━ 0s 35ms/step
[I 2024-05-23 08:04:06,254] Trial 4 finished with value: 0.7797875712889057 and parameters: {'lr': 0.06516882867503665, 'hs': 2, 'en': 149, 'dropout': 0.08750639346395576}. Best is trial 4 with value: 0.7797875712889057.
8/8 ━━━━━━━━━━━━━━━━━━━━ 0s 34ms/step
8/8 ━━━━━━━━━━━━━━━━━━━━ 0s 34ms/step
8/8 ━━━━━━━━━━━━━━━━━━━━ 1s 41ms/step
[I 2024-05-23 08:12:11,816] Trial 5 finished with value: 1.1442912401984695 and parameters: {'lr': 0.05192466547998359, 'hs': 7, 'en': 385, 'dropout': 0.1805279548517374}. Best is trial 4 with value: 0.7797875712889057.
8/8 ━━━━━━━━━━━━━━━━━━━━ 1s 38ms/step
8/8 ━━━━━━━━━━━━━━━━━━━━ 0s 35ms/step
8/8 ━━━━━━━━━━━━━━━━━━━━ 0s 34ms/step
[I 2024-05-23 08:14:21,823] Trial 6 finished with value: 2.083774625357219 and parameters: {'lr': 0.07973334285760636, 'hs': 8, 'en': 101, 'dropout': 0.17192273561583438}. Best is trial 4 with value: 0.7797875712889057.
8/8 ━━━━━━━━━━━━━━━━━━━━ 0s 32ms/step
8/8 ━━━━━━━━━━━━━━━━━━━━ 0s 32ms/step
8/8 ━━━━━━━━━━━━━━━━━━━━ 1s 42ms/step
[I 2024-05-23 08:20:04,537] Trial 7 finished with value: 1.3188986305666544 and parameters: {'lr': 0.07043261969936643, 'hs': 6, 'en': 277, 'dropout': 0.16313558331077443}. Best is trial 4 with value: 0.7797875712889057.
8/8 ━━━━━━━━━━━━━━━━━━━━ 1s 37ms/step
8/8 ━━━━━━━━━━━━━━━━━━━━ 0s 35ms/step
8/8 ━━━━━━━━━━━━━━━━━━━━ 0s 33ms/step
[I 2024-05-23 08:23:15,411] Trial 8 finished with value: 0.7336428854956774 and parameters: {'lr': 0.02678798958074294, 'hs': 6, 'en': 150, 'dropout': 0.06803127022731963}. Best is trial 8 with value: 0.7336428854956774.
8/8 ━━━━━━━━━━━━━━━━━━━━ 0s 32ms/step
8/8 ━━━━━━━━━━━━━━━━━━━━ 1s 43ms/step
8/8 ━━━━━━━━━━━━━━━━━━━━ 1s 36ms/step
[I 2024-05-23 08:27:34,337] Trial 9 finished with value: 1.1428274106408096 and parameters: {'lr': 0.0046130362903004955, 'hs': 2, 'en': 207, 'dropout': 0.07761044655341068}. Best is trial 8 with value: 0.7336428854956774.
8/8 ━━━━━━━━━━━━━━━━━━━━ 0s 34ms/step
8/8 ━━━━━━━━━━━━━━━━━━━━ 0s 33ms/step
8/8 ━━━━━━━━━━━━━━━━━━━━ 0s 32ms/step
[I 2024-05-23 08:27:57,978] Trial 10 finished with value: 4.744606014688348 and parameters: {'lr': 0.019864741292791983, 'hs': 4, 'en': 15, 'dropout': 0.11412806820801291}. Best is trial 8 with value: 0.7336428854956774.
8/8 ━━━━━━━━━━━━━━━━━━━━ 0s 32ms/step
8/8 ━━━━━━━━━━━━━━━━━━━━ 1s 41ms/step
8/8 ━━━━━━━━━━━━━━━━━━━━ 1s 36ms/step
[I 2024-05-23 08:32:05,333] Trial 11 finished with value: 0.7242855264345526 and parameters: {'lr': 0.03333431823651912, 'hs': 4, 'en': 185, 'dropout': 0.08504725035596147}. Best is trial 11 with value: 0.7242855264345526.
8/8 ━━━━━━━━━━━━━━━━━━━━ 1s 46ms/step
8/8 ━━━━━━━━━━━━━━━━━━━━ 0s 35ms/step
8/8 ━━━━━━━━━━━━━━━━━━━━ 0s 35ms/step
[I 2024-05-23 08:37:25,397] Trial 12 finished with value: 0.809722419982226 and parameters: {'lr': 0.03098082500163208, 'hs': 4, 'en': 208, 'dropout': 0.05198125944860847}. Best is trial 11 with value: 0.7242855264345526.
8/8 ━━━━━━━━━━━━━━━━━━━━ 1s 45ms/step
8/8 ━━━━━━━━━━━━━━━━━━━━ 1s 39ms/step
8/8 ━━━━━━━━━━━━━━━━━━━━ 1s 38ms/step
[I 2024-05-23 08:41:59,293] Trial 13 finished with value: 0.8299519030828685 and parameters: {'lr': 0.03453675240361804, 'hs': 5, 'en': 163, 'dropout': 0.0879536618789601}. Best is trial 11 with value: 0.7242855264345526.
8/8 ━━━━━━━━━━━━━━━━━━━━ 1s 37ms/step
8/8 ━━━━━━━━━━━━━━━━━━━━ 0s 36ms/step
8/8 ━━━━━━━━━━━━━━━━━━━━ 1s 120ms/step
[I 2024-05-23 08:51:32,844] Trial 14 finished with value: 0.6985241305935932 and parameters: {'lr': 0.04411365481053345, 'hs': 4, 'en': 344, 'dropout': 0.07095566187752297}. Best is trial 14 with value: 0.6985241305935932.
8/8 ━━━━━━━━━━━━━━━━━━━━ 1s 43ms/step
8/8 ━━━━━━━━━━━━━━━━━━━━ 1s 37ms/step
8/8 ━━━━━━━━━━━━━━━━━━━━ 1s 36ms/step
[I 2024-05-23 09:01:27,546] Trial 15 finished with value: 0.8864306694285565 and parameters: {'lr': 0.04844551187245366, 'hs': 4, 'en': 364, 'dropout': 0.09799248867574659}. Best is trial 14 with value: 0.6985241305935932.
8/8 ━━━━━━━━━━━━━━━━━━━━ 1s 35ms/step
8/8 ━━━━━━━━━━━━━━━━━━━━ 1s 40ms/step
8/8 ━━━━━━━━━━━━━━━━━━━━ 1s 44ms/step
[I 2024-05-23 09:13:02,553] Trial 16 finished with value: 0.9929060968463118 and parameters: {'lr': 0.09875267957257364, 'hs': 3, 'en': 428, 'dropout': 0.13697232596243908}. Best is trial 14 with value: 0.6985241305935932.
8/8 ━━━━━━━━━━━━━━━━━━━━ 1s 39ms/step
8/8 ━━━━━━━━━━━━━━━━━━━━ 1s 36ms/step
8/8 ━━━━━━━━━━━━━━━━━━━━ 0s 36ms/step
[I 2024-05-23 09:21:50,956] Trial 17 finished with value: 0.8604988452949165 and parameters: {'lr': 0.04510739018450407, 'hs': 5, 'en': 324, 'dropout': 0.10265175734006346}. Best is trial 14 with value: 0.6985241305935932.
8/8 ━━━━━━━━━━━━━━━━━━━━ 0s 34ms/step
8/8 ━━━━━━━━━━━━━━━━━━━━ 1s 44ms/step
8/8 ━━━━━━━━━━━━━━━━━━━━ 1s 39ms/step
[I 2024-05-23 09:28:44,534] Trial 18 finished with value: 0.6304742951379401 and parameters: {'lr': 0.008305018509170148, 'hs': 3, 'en': 248, 'dropout': 0.06940698119248123}. Best is trial 18 with value: 0.6304742951379401.
8/8 ━━━━━━━━━━━━━━━━━━━━ 1s 39ms/step
8/8 ━━━━━━━━━━━━━━━━━━━━ 1s 36ms/step
8/8 ━━━━━━━━━━━━━━━━━━━━ 0s 34ms/step
[I 2024-05-23 09:35:42,355] Trial 19 finished with value: 0.7753194295457013 and parameters: {'lr': 0.002559779494062708, 'hs': 3, 'en': 256, 'dropout': 0.06814150412978931}. Best is trial 18 with value: 0.6304742951379401.
10/10 ━━━━━━━━━━━━━━━━━━━━ 0s 27ms/step
[I 2024-05-23 09:39:37,921] A new study created in memory with name: no-name-ba787ee0-3f61-433e-8104-6c145095d7e5
LSTM UK y_9 0.6298067419587331 0.5781899707556983 0.4 22.0
8/8 ━━━━━━━━━━━━━━━━━━━━ 1s 44ms/step
8/8 ━━━━━━━━━━━━━━━━━━━━ 1s 38ms/step
8/8 ━━━━━━━━━━━━━━━━━━━━ 1s 37ms/step
[I 2024-05-23 09:49:12,027] Trial 0 finished with value: 0.7108389624067538 and parameters: {'lr': 0.04768410272850701, 'hs': 5, 'en': 350, 'dropout': 0.09390924072133697}. Best is trial 0 with value: 0.7108389624067538.
8/8 ━━━━━━━━━━━━━━━━━━━━ 1s 44ms/step
8/8 ━━━━━━━━━━━━━━━━━━━━ 1s 36ms/step
8/8 ━━━━━━━━━━━━━━━━━━━━ 1s 46ms/step
[I 2024-05-23 10:00:38,409] Trial 1 finished with value: 0.46395976452546006 and parameters: {'lr': 0.006564129065270438, 'hs': 5, 'en': 410, 'dropout': 0.0524119695866622}. Best is trial 1 with value: 0.46395976452546006.
8/8 ━━━━━━━━━━━━━━━━━━━━ 1s 41ms/step
8/8 ━━━━━━━━━━━━━━━━━━━━ 1s 56ms/step
8/8 ━━━━━━━━━━━━━━━━━━━━ 0s 35ms/step
[I 2024-05-23 10:01:16,752] Trial 2 finished with value: 11.481388436166199 and parameters: {'lr': 0.062827800407572, 'hs': 8, 'en': 19, 'dropout': 0.17946977794946478}. Best is trial 1 with value: 0.46395976452546006.
8/8 ━━━━━━━━━━━━━━━━━━━━ 0s 34ms/step
8/8 ━━━━━━━━━━━━━━━━━━━━ 0s 35ms/step
8/8 ━━━━━━━━━━━━━━━━━━━━ 1s 42ms/step
[I 2024-05-23 10:05:55,947] Trial 3 finished with value: 1.1690611090391776 and parameters: {'lr': 0.03621414034596238, 'hs': 5, 'en': 171, 'dropout': 0.08753246793971708}. Best is trial 1 with value: 0.46395976452546006.
8/8 ━━━━━━━━━━━━━━━━━━━━ 1s 44ms/step
8/8 ━━━━━━━━━━━━━━━━━━━━ 0s 36ms/step
8/8 ━━━━━━━━━━━━━━━━━━━━ 0s 34ms/step
[I 2024-05-23 10:14:39,240] Trial 4 finished with value: 0.6716116745533287 and parameters: {'lr': 0.044736603714839764, 'hs': 6, 'en': 321, 'dropout': 0.08298980436016744}. Best is trial 1 with value: 0.46395976452546006.
8/8 ━━━━━━━━━━━━━━━━━━━━ 0s 36ms/step
8/8 ━━━━━━━━━━━━━━━━━━━━ 1s 46ms/step
8/8 ━━━━━━━━━━━━━━━━━━━━ 1s 40ms/step
[I 2024-05-23 10:24:57,773] Trial 5 finished with value: 0.8223573229317681 and parameters: {'lr': 0.019012311418139707, 'hs': 5, 'en': 359, 'dropout': 0.11408272339593085}. Best is trial 1 with value: 0.46395976452546006.
8/8 ━━━━━━━━━━━━━━━━━━━━ 1s 38ms/step
8/8 ━━━━━━━━━━━━━━━━━━━━ 1s 37ms/step
8/8 ━━━━━━━━━━━━━━━━━━━━ 0s 35ms/step
[I 2024-05-23 10:25:26,000] Trial 6 finished with value: 2.802098409768574 and parameters: {'lr': 0.08443688382107999, 'hs': 2, 'en': 12, 'dropout': 0.11592833784221011}. Best is trial 1 with value: 0.46395976452546006.
8/8 ━━━━━━━━━━━━━━━━━━━━ 0s 34ms/step
8/8 ━━━━━━━━━━━━━━━━━━━━ 1s 42ms/step
8/8 ━━━━━━━━━━━━━━━━━━━━ 1s 39ms/step
[I 2024-05-23 10:30:24,561] Trial 7 finished with value: 1.3959530894012733 and parameters: {'lr': 0.006034227385102219, 'hs': 2, 'en': 173, 'dropout': 0.13870095470861532}. Best is trial 1 with value: 0.46395976452546006.
8/8 ━━━━━━━━━━━━━━━━━━━━ 1s 37ms/step
8/8 ━━━━━━━━━━━━━━━━━━━━ 1s 36ms/step
8/8 ━━━━━━━━━━━━━━━━━━━━ 0s 36ms/step
[I 2024-05-23 10:33:00,375] Trial 8 finished with value: 0.6267529668463842 and parameters: {'lr': 0.02306513396117573, 'hs': 7, 'en': 87, 'dropout': 0.06863818466303195}. Best is trial 1 with value: 0.46395976452546006.
8/8 ━━━━━━━━━━━━━━━━━━━━ 1s 46ms/step
8/8 ━━━━━━━━━━━━━━━━━━━━ 1s 41ms/step
8/8 ━━━━━━━━━━━━━━━━━━━━ 1s 47ms/step
[I 2024-05-23 10:46:37,230] Trial 9 finished with value: 1.0093702212253024 and parameters: {'lr': 0.005400873590208214, 'hs': 8, 'en': 469, 'dropout': 0.15003669597693878}. Best is trial 1 with value: 0.46395976452546006.
8/8 ━━━━━━━━━━━━━━━━━━━━ 0s 35ms/step
8/8 ━━━━━━━━━━━━━━━━━━━━ 0s 36ms/step
8/8 ━━━━━━━━━━━━━━━━━━━━ 1s 51ms/step
[I 2024-05-23 11:00:13,537] Trial 10 finished with value: 0.9310517951959763 and parameters: {'lr': 0.09915670868832425, 'hs': 3, 'en': 472, 'dropout': 0.05243608752057012}. Best is trial 1 with value: 0.46395976452546006.
8/8 ━━━━━━━━━━━━━━━━━━━━ 1s 48ms/step
8/8 ━━━━━━━━━━━━━━━━━━━━ 1s 39ms/step
8/8 ━━━━━━━━━━━━━━━━━━━━ 1s 55ms/step
[I 2024-05-23 11:05:48,614] Trial 11 finished with value: 0.6742604695092789 and parameters: {'lr': 0.02540950190264464, 'hs': 7, 'en': 167, 'dropout': 0.0516743078912118}. Best is trial 1 with value: 0.46395976452546006.
8/8 ━━━━━━━━━━━━━━━━━━━━ 0s 35ms/step
8/8 ━━━━━━━━━━━━━━━━━━━━ 1s 133ms/step
8/8 ━━━━━━━━━━━━━━━━━━━━ 1s 42ms/step
[I 2024-05-23 11:13:36,087] Trial 12 finished with value: 0.6876348057963922 and parameters: {'lr': 0.019026176581452146, 'hs': 4, 'en': 249, 'dropout': 0.06866896065440724}. Best is trial 1 with value: 0.46395976452546006.
8/8 ━━━━━━━━━━━━━━━━━━━━ 1s 39ms/step
8/8 ━━━━━━━━━━━━━━━━━━━━ 1s 37ms/step
8/8 ━━━━━━━━━━━━━━━━━━━━ 1s 38ms/step
[I 2024-05-23 11:16:35,766] Trial 13 finished with value: 1.5647188333288657 and parameters: {'lr': 0.0023654799165898008, 'hs': 6, 'en': 103, 'dropout': 0.07141236421726711}. Best is trial 1 with value: 0.46395976452546006.
8/8 ━━━━━━━━━━━━━━━━━━━━ 1s 38ms/step
8/8 ━━━━━━━━━━━━━━━━━━━━ 1s 44ms/step
8/8 ━━━━━━━━━━━━━━━━━━━━ 1s 40ms/step
[I 2024-05-23 11:29:28,095] Trial 14 finished with value: 1.3009133224128198 and parameters: {'lr': 0.06349019065030209, 'hs': 7, 'en': 416, 'dropout': 0.1008811854938742}. Best is trial 1 with value: 0.46395976452546006.
8/8 ━━━━━━━━━━━━━━━━━━━━ 1s 36ms/step
8/8 ━━━━━━━━━━━━━━━━━━━━ 0s 36ms/step
8/8 ━━━━━━━━━━━━━━━━━━━━ 0s 35ms/step
[I 2024-05-23 11:36:48,021] Trial 15 finished with value: 1.130757387007782 and parameters: {'lr': 0.03040075728795089, 'hs': 4, 'en': 253, 'dropout': 0.18760624250643015}. Best is trial 1 with value: 0.46395976452546006.
8/8 ━━━━━━━━━━━━━━━━━━━━ 1s 45ms/step
8/8 ━━━━━━━━━━━━━━━━━━━━ 1s 41ms/step
8/8 ━━━━━━━━━━━━━━━━━━━━ 1s 37ms/step
[I 2024-05-23 11:40:08,804] Trial 16 finished with value: 0.7828222029937829 and parameters: {'lr': 0.014978803562758707, 'hs': 6, 'en': 114, 'dropout': 0.064750022516368}. Best is trial 1 with value: 0.46395976452546006.
8/8 ━━━━━━━━━━━━━━━━━━━━ 1s 35ms/step
8/8 ━━━━━━━━━━━━━━━━━━━━ 0s 35ms/step
8/8 ━━━━━━━━━━━━━━━━━━━━ 1s 136ms/step
[I 2024-05-23 11:48:31,579] Trial 17 finished with value: 0.9975766404012916 and parameters: {'lr': 0.03780808573017927, 'hs': 7, 'en': 297, 'dropout': 0.15726533106346005}. Best is trial 1 with value: 0.46395976452546006.
8/8 ━━━━━━━━━━━━━━━━━━━━ 1s 45ms/step
8/8 ━━━━━━━━━━━━━━━━━━━━ 1s 40ms/step
8/8 ━━━━━━━━━━━━━━━━━━━━ 0s 34ms/step
[I 2024-05-23 12:00:43,023] Trial 18 finished with value: 0.8162332199255257 and parameters: {'lr': 0.05904877533899747, 'hs': 4, 'en': 386, 'dropout': 0.07552551524913832}. Best is trial 1 with value: 0.46395976452546006.
8/8 ━━━━━━━━━━━━━━━━━━━━ 0s 34ms/step
8/8 ━━━━━━━━━━━━━━━━━━━━ 0s 33ms/step
8/8 ━━━━━━━━━━━━━━━━━━━━ 1s 43ms/step
[I 2024-05-23 12:02:26,716] Trial 19 finished with value: 0.7911830340310843 and parameters: {'lr': 0.014467204329573321, 'hs': 6, 'en': 79, 'dropout': 0.10351269771573779}. Best is trial 1 with value: 0.46395976452546006.
10/10 ━━━━━━━━━━━━━━━━━━━━ 1s 29ms/step
[I 2024-05-23 12:08:20,297] A new study created in memory with name: no-name-56714bb4-5bf7-4cb6-826c-5116d998318d
LSTM UK y_6 0.4609017705405464 0.5069267409841091 1.0 24.9
3/3 ━━━━━━━━━━━━━━━━━━━━ 1s 133ms/step
3/3 ━━━━━━━━━━━━━━━━━━━━ 1s 131ms/step
3/3 ━━━━━━━━━━━━━━━━━━━━ 1s 122ms/step
[I 2024-05-23 12:08:40,742] Trial 0 finished with value: 111.94413010946988 and parameters: {'lr': 0.00037088484612641897, 'hs': 7, 'en': 19, 'dropout': 0.06128552617853898}. Best is trial 0 with value: 111.94413010946988.
3/3 ━━━━━━━━━━━━━━━━━━━━ 1s 163ms/step
3/3 ━━━━━━━━━━━━━━━━━━━━ 1s 132ms/step
3/3 ━━━━━━━━━━━━━━━━━━━━ 0s 126ms/step
[I 2024-05-23 12:09:27,286] Trial 1 finished with value: 7.7955810795310585 and parameters: {'lr': 0.015272389148754355, 'hs': 4, 'en': 58, 'dropout': 0.14105265812851137}. Best is trial 1 with value: 7.7955810795310585.
3/3 ━━━━━━━━━━━━━━━━━━━━ 1s 128ms/step
3/3 ━━━━━━━━━━━━━━━━━━━━ 1s 124ms/step
3/3 ━━━━━━━━━━━━━━━━━━━━ 1s 159ms/step
[I 2024-05-23 12:10:24,796] Trial 2 finished with value: 8.649266162768368 and parameters: {'lr': 0.016760826564914788, 'hs': 2, 'en': 75, 'dropout': 0.18634285734988265}. Best is trial 1 with value: 7.7955810795310585.
3/3 ━━━━━━━━━━━━━━━━━━━━ 1s 149ms/step
3/3 ━━━━━━━━━━━━━━━━━━━━ 1s 133ms/step
3/3 ━━━━━━━━━━━━━━━━━━━━ 1s 132ms/step
[I 2024-05-23 12:12:05,292] Trial 3 finished with value: 3.8176694010668277 and parameters: {'lr': 0.0611353908709492, 'hs': 7, 'en': 128, 'dropout': 0.06016737570014491}. Best is trial 3 with value: 3.8176694010668277.
3/3 ━━━━━━━━━━━━━━━━━━━━ 0s 122ms/step
3/3 ━━━━━━━━━━━━━━━━━━━━ 1s 169ms/step
3/3 ━━━━━━━━━━━━━━━━━━━━ 1s 134ms/step
[I 2024-05-23 12:18:01,244] Trial 4 finished with value: 3.512107345358766 and parameters: {'lr': 0.08510525297550302, 'hs': 8, 'en': 485, 'dropout': 0.09152446720676091}. Best is trial 4 with value: 3.512107345358766.
3/3 ━━━━━━━━━━━━━━━━━━━━ 1s 133ms/step
3/3 ━━━━━━━━━━━━━━━━━━━━ 1s 130ms/step
3/3 ━━━━━━━━━━━━━━━━━━━━ 1s 130ms/step
[I 2024-05-23 12:22:12,048] Trial 5 finished with value: 11.735291476084535 and parameters: {'lr': 0.0933193433588187, 'hs': 6, 'en': 358, 'dropout': 0.1618522614194679}. Best is trial 4 with value: 3.512107345358766.
3/3 ━━━━━━━━━━━━━━━━━━━━ 1s 445ms/step
3/3 ━━━━━━━━━━━━━━━━━━━━ 1s 142ms/step
3/3 ━━━━━━━━━━━━━━━━━━━━ 1s 133ms/step
[I 2024-05-23 12:23:08,149] Trial 6 finished with value: 6.871131820478474 and parameters: {'lr': 0.039965196500550845, 'hs': 7, 'en': 67, 'dropout': 0.14177394650561398}. Best is trial 4 with value: 3.512107345358766.
3/3 ━━━━━━━━━━━━━━━━━━━━ 1s 127ms/step
3/3 ━━━━━━━━━━━━━━━━━━━━ 1s 126ms/step
3/3 ━━━━━━━━━━━━━━━━━━━━ 1s 121ms/step
[I 2024-05-23 12:26:30,174] Trial 7 finished with value: 8.704399250661542 and parameters: {'lr': 0.08993082418090038, 'hs': 4, 'en': 292, 'dropout': 0.06397571678741684}. Best is trial 4 with value: 3.512107345358766.
3/3 ━━━━━━━━━━━━━━━━━━━━ 1s 178ms/step
3/3 ━━━━━━━━━━━━━━━━━━━━ 1s 129ms/step
3/3 ━━━━━━━━━━━━━━━━━━━━ 1s 136ms/step
[I 2024-05-23 12:31:58,588] Trial 8 finished with value: 4.88167911000388 and parameters: {'lr': 0.015407271184549914, 'hs': 2, 'en': 489, 'dropout': 0.1881795533613883}. Best is trial 4 with value: 3.512107345358766.
3/3 ━━━━━━━━━━━━━━━━━━━━ 1s 156ms/step
3/3 ━━━━━━━━━━━━━━━━━━━━ 1s 163ms/step
3/3 ━━━━━━━━━━━━━━━━━━━━ 1s 135ms/step
[I 2024-05-23 12:33:12,049] Trial 9 finished with value: 5.405309361689049 and parameters: {'lr': 0.033939231399762355, 'hs': 2, 'en': 99, 'dropout': 0.10243846800917789}. Best is trial 4 with value: 3.512107345358766.
3/3 ━━━━━━━━━━━━━━━━━━━━ 1s 124ms/step
3/3 ━━━━━━━━━━━━━━━━━━━━ 1s 126ms/step
3/3 ━━━━━━━━━━━━━━━━━━━━ 0s 122ms/step
[I 2024-05-23 12:38:47,904] Trial 10 finished with value: 5.089330279531043 and parameters: {'lr': 0.0776543095991024, 'hs': 8, 'en': 494, 'dropout': 0.10468040179158744}. Best is trial 4 with value: 3.512107345358766.
3/3 ━━━━━━━━━━━━━━━━━━━━ 1s 162ms/step
3/3 ━━━━━━━━━━━━━━━━━━━━ 1s 139ms/step
3/3 ━━━━━━━━━━━━━━━━━━━━ 1s 127ms/step
[I 2024-05-23 12:40:55,753] Trial 11 finished with value: 4.195813539265286 and parameters: {'lr': 0.06489988107836378, 'hs': 8, 'en': 182, 'dropout': 0.08077018856060035}. Best is trial 4 with value: 3.512107345358766.
3/3 ━━━━━━━━━━━━━━━━━━━━ 0s 124ms/step
3/3 ━━━━━━━━━━━━━━━━━━━━ 0s 120ms/step
3/3 ━━━━━━━━━━━━━━━━━━━━ 1s 146ms/step
[I 2024-05-23 12:42:30,534] Trial 12 finished with value: 4.438368000630704 and parameters: {'lr': 0.061299810327437046, 'hs': 6, 'en': 193, 'dropout': 0.09382823436072438}. Best is trial 4 with value: 3.512107345358766.
3/3 ━━━━━━━━━━━━━━━━━━━━ 1s 124ms/step
3/3 ━━━━━━━━━━━━━━━━━━━━ 0s 125ms/step
3/3 ━━━━━━━━━━━━━━━━━━━━ 0s 119ms/step
[I 2024-05-23 12:45:46,123] Trial 13 finished with value: 4.462174138739358 and parameters: {'lr': 0.07023843984753717, 'hs': 8, 'en': 387, 'dropout': 0.05072506202887077}. Best is trial 4 with value: 3.512107345358766.
3/3 ━━━━━━━━━━━━━━━━━━━━ 0s 121ms/step
3/3 ━━━━━━━━━━━━━━━━━━━━ 1s 152ms/step
3/3 ━━━━━━━━━━━━━━━━━━━━ 1s 131ms/step
[I 2024-05-23 12:47:45,503] Trial 14 finished with value: 4.051986592249143 and parameters: {'lr': 0.05211404214007152, 'hs': 6, 'en': 168, 'dropout': 0.07930285611052233}. Best is trial 4 with value: 3.512107345358766.
3/3 ━━━━━━━━━━━━━━━━━━━━ 1s 129ms/step
3/3 ━━━━━━━━━━━━━━━━━━━━ 0s 123ms/step
3/3 ━━━━━━━━━━━━━━━━━━━━ 0s 119ms/step
[I 2024-05-23 12:50:08,258] Trial 15 finished with value: 5.034752192386942 and parameters: {'lr': 0.08179822582705576, 'hs': 7, 'en': 268, 'dropout': 0.11938112274099495}. Best is trial 4 with value: 3.512107345358766.
3/3 ━━━━━━━━━━━━━━━━━━━━ 1s 149ms/step
3/3 ━━━━━━━━━━━━━━━━━━━━ 1s 133ms/step
3/3 ━━━━━━━━━━━━━━━━━━━━ 1s 124ms/step
[I 2024-05-23 12:53:09,557] Trial 16 finished with value: 5.568684232693904 and parameters: {'lr': 0.0974477547346165, 'hs': 5, 'en': 391, 'dropout': 0.08009965648107789}. Best is trial 4 with value: 3.512107345358766.
3/3 ━━━━━━━━━━━━━━━━━━━━ 0s 122ms/step
3/3 ━━━━━━━━━━━━━━━━━━━━ 0s 121ms/step
3/3 ━━━━━━━━━━━━━━━━━━━━ 1s 154ms/step
