[I 2024-05-22 22:42:53,853] Trial 11 finished with value: 1.3956011332548721 and parameters: {'lr': 0.04654369473651961, 'hs': 2, 'en': 495, 'dropout': 0.05809187448207066}. Best is trial 10 with value: 1.2583971636956934.
8/8 ━━━━━━━━━━━━━━━━━━━━ 1s 37ms/step
8/8 ━━━━━━━━━━━━━━━━━━━━ 0s 34ms/step
8/8 ━━━━━━━━━━━━━━━━━━━━ 0s 34ms/step
[I 2024-05-22 22:54:10,908] Trial 12 finished with value: 1.3698232398499692 and parameters: {'lr': 0.05164382941818709, 'hs': 2, 'en': 444, 'dropout': 0.05017795355276333}. Best is trial 10 with value: 1.2583971636956934.
8/8 ━━━━━━━━━━━━━━━━━━━━ 0s 33ms/step
8/8 ━━━━━━━━━━━━━━━━━━━━ 0s 33ms/step
8/8 ━━━━━━━━━━━━━━━━━━━━ 1s 45ms/step
[I 2024-05-22 23:04:41,191] Trial 13 finished with value: 1.8389861764078257 and parameters: {'lr': 0.0512592500936775, 'hs': 3, 'en': 409, 'dropout': 0.10004914214730938}. Best is trial 10 with value: 1.2583971636956934.
8/8 ━━━━━━━━━━━━━━━━━━━━ 0s 36ms/step
8/8 ━━━━━━━━━━━━━━━━━━━━ 0s 35ms/step
8/8 ━━━━━━━━━━━━━━━━━━━━ 0s 35ms/step
[I 2024-05-22 23:15:53,174] Trial 14 finished with value: 1.3992715508049602 and parameters: {'lr': 0.0504371090219961, 'hs': 3, 'en': 419, 'dropout': 0.05139811380799168}. Best is trial 10 with value: 1.2583971636956934.
8/8 ━━━━━━━━━━━━━━━━━━━━ 0s 33ms/step
8/8 ━━━━━━━━━━━━━━━━━━━━ 1s 44ms/step
8/8 ━━━━━━━━━━━━━━━━━━━━ 1s 37ms/step
[I 2024-05-22 23:26:33,044] Trial 15 finished with value: 1.4157363625306616 and parameters: {'lr': 0.03031799118672693, 'hs': 3, 'en': 415, 'dropout': 0.08322036960541801}. Best is trial 10 with value: 1.2583971636956934.
8/8 ━━━━━━━━━━━━━━━━━━━━ 0s 34ms/step
8/8 ━━━━━━━━━━━━━━━━━━━━ 0s 35ms/step
8/8 ━━━━━━━━━━━━━━━━━━━━ 0s 33ms/step
[I 2024-05-22 23:34:58,075] Trial 16 finished with value: 1.6296916976963116 and parameters: {'lr': 0.06407072189591681, 'hs': 4, 'en': 342, 'dropout': 0.10850068975075484}. Best is trial 10 with value: 1.2583971636956934.
8/8 ━━━━━━━━━━━━━━━━━━━━ 0s 32ms/step
8/8 ━━━━━━━━━━━━━━━━━━━━ 1s 40ms/step
8/8 ━━━━━━━━━━━━━━━━━━━━ 0s 34ms/step
[I 2024-05-22 23:44:28,516] Trial 17 finished with value: 1.3908435479296266 and parameters: {'lr': 0.03588355968673433, 'hs': 2, 'en': 448, 'dropout': 0.051729853337056944}. Best is trial 10 with value: 1.2583971636956934.
8/8 ━━━━━━━━━━━━━━━━━━━━ 0s 33ms/step
8/8 ━━━━━━━━━━━━━━━━━━━━ 0s 34ms/step
8/8 ━━━━━━━━━━━━━━━━━━━━ 0s 32ms/step
[I 2024-05-22 23:51:42,963] Trial 18 finished with value: 1.4711829725886367 and parameters: {'lr': 0.06270003121226131, 'hs': 4, 'en': 376, 'dropout': 0.06897928801055685}. Best is trial 10 with value: 1.2583971636956934.
8/8 ━━━━━━━━━━━━━━━━━━━━ 1s 42ms/step
8/8 ━━━━━━━━━━━━━━━━━━━━ 0s 35ms/step
8/8 ━━━━━━━━━━━━━━━━━━━━ 0s 33ms/step
[I 2024-05-23 00:00:34,389] Trial 19 finished with value: 2.150092181051665 and parameters: {'lr': 0.06236773615380112, 'hs': 3, 'en': 491, 'dropout': 0.08830830401395086}. Best is trial 10 with value: 1.2583971636956934.
10/10 ━━━━━━━━━━━━━━━━━━━━ 0s 26ms/step
[I 2024-05-23 00:04:52,283] A new study created in memory with name: no-name-786e3b83-30f5-464b-9b37-9d695cd6876a
LSTM UK y_4 1.3183059686889418 0.753305073104684 -2.9 26.8
8/8 ━━━━━━━━━━━━━━━━━━━━ 0s 37ms/step
8/8 ━━━━━━━━━━━━━━━━━━━━ 0s 33ms/step
8/8 ━━━━━━━━━━━━━━━━━━━━ 1s 39ms/step
[I 2024-05-23 00:17:00,211] Trial 0 finished with value: 0.9882646022928685 and parameters: {'lr': 0.03989426956653025, 'hs': 2, 'en': 494, 'dropout': 0.09081200933235455}. Best is trial 0 with value: 0.9882646022928685.
8/8 ━━━━━━━━━━━━━━━━━━━━ 1s 36ms/step
8/8 ━━━━━━━━━━━━━━━━━━━━ 0s 36ms/step
8/8 ━━━━━━━━━━━━━━━━━━━━ 0s 34ms/step
[I 2024-05-23 00:21:35,662] Trial 1 finished with value: 0.8527132643181252 and parameters: {'lr': 0.019427990720677326, 'hs': 3, 'en': 193, 'dropout': 0.056755110075005416}. Best is trial 1 with value: 0.8527132643181252.
8/8 ━━━━━━━━━━━━━━━━━━━━ 0s 33ms/step
8/8 ━━━━━━━━━━━━━━━━━━━━ 1s 43ms/step
8/8 ━━━━━━━━━━━━━━━━━━━━ 1s 36ms/step
[I 2024-05-23 00:30:31,476] Trial 2 finished with value: 1.530840828678171 and parameters: {'lr': 0.0876162865612346, 'hs': 2, 'en': 344, 'dropout': 0.1690100327475908}. Best is trial 1 with value: 0.8527132643181252.
8/8 ━━━━━━━━━━━━━━━━━━━━ 1s 36ms/step
8/8 ━━━━━━━━━━━━━━━━━━━━ 0s 33ms/step
8/8 ━━━━━━━━━━━━━━━━━━━━ 0s 33ms/step
[I 2024-05-23 00:36:52,556] Trial 3 finished with value: 1.3889970211727523 and parameters: {'lr': 0.04293742701052274, 'hs': 2, 'en': 257, 'dropout': 0.18308316169313965}. Best is trial 1 with value: 0.8527132643181252.
8/8 ━━━━━━━━━━━━━━━━━━━━ 1s 43ms/step
8/8 ━━━━━━━━━━━━━━━━━━━━ 1s 36ms/step
8/8 ━━━━━━━━━━━━━━━━━━━━ 0s 34ms/step
[I 2024-05-23 00:38:44,334] Trial 4 finished with value: 2.2187919625853083 and parameters: {'lr': 0.04953810535954195, 'hs': 7, 'en': 86, 'dropout': 0.15479605968432353}. Best is trial 1 with value: 0.8527132643181252.
8/8 ━━━━━━━━━━━━━━━━━━━━ 0s 34ms/step
8/8 ━━━━━━━━━━━━━━━━━━━━ 0s 33ms/step
8/8 ━━━━━━━━━━━━━━━━━━━━ 0s 32ms/step
[I 2024-05-23 00:41:37,608] Trial 5 finished with value: 1.3909689037485766 and parameters: {'lr': 0.08474286836623533, 'hs': 8, 'en': 159, 'dropout': 0.12222556992751606}. Best is trial 1 with value: 0.8527132643181252.
8/8 ━━━━━━━━━━━━━━━━━━━━ 1s 38ms/step
8/8 ━━━━━━━━━━━━━━━━━━━━ 1s 39ms/step
8/8 ━━━━━━━━━━━━━━━━━━━━ 1s 40ms/step
[I 2024-05-23 00:45:24,304] Trial 6 finished with value: 1.8086447437137962 and parameters: {'lr': 0.0878832639052965, 'hs': 3, 'en': 186, 'dropout': 0.17853324339505133}. Best is trial 1 with value: 0.8527132643181252.
8/8 ━━━━━━━━━━━━━━━━━━━━ 1s 41ms/step
8/8 ━━━━━━━━━━━━━━━━━━━━ 0s 33ms/step
8/8 ━━━━━━━━━━━━━━━━━━━━ 1s 43ms/step
[I 2024-05-23 00:57:12,195] Trial 7 finished with value: 1.7559607696073651 and parameters: {'lr': 0.07109609638679049, 'hs': 5, 'en': 489, 'dropout': 0.1438453197184499}. Best is trial 1 with value: 0.8527132643181252.
8/8 ━━━━━━━━━━━━━━━━━━━━ 1s 38ms/step
8/8 ━━━━━━━━━━━━━━━━━━━━ 1s 37ms/step
8/8 ━━━━━━━━━━━━━━━━━━━━ 0s 34ms/step
[I 2024-05-23 00:57:43,456] Trial 8 finished with value: 5.174156045175159 and parameters: {'lr': 0.022050116983928076, 'hs': 8, 'en': 19, 'dropout': 0.09576228934150777}. Best is trial 1 with value: 0.8527132643181252.
8/8 ━━━━━━━━━━━━━━━━━━━━ 0s 33ms/step
8/8 ━━━━━━━━━━━━━━━━━━━━ 1s 126ms/step
8/8 ━━━━━━━━━━━━━━━━━━━━ 1s 39ms/step
[I 2024-05-23 00:59:29,374] Trial 9 finished with value: 1.2256178036873644 and parameters: {'lr': 0.04656166233850732, 'hs': 6, 'en': 76, 'dropout': 0.12691961136349683}. Best is trial 1 with value: 0.8527132643181252.
8/8 ━━━━━━━━━━━━━━━━━━━━ 1s 37ms/step
8/8 ━━━━━━━━━━━━━━━━━━━━ 0s 36ms/step
8/8 ━━━━━━━━━━━━━━━━━━━━ 0s 35ms/step
[I 2024-05-23 01:06:29,364] Trial 10 finished with value: 3.6928788073803793 and parameters: {'lr': 0.00048717734584070513, 'hs': 4, 'en': 332, 'dropout': 0.0547133095454811}. Best is trial 1 with value: 0.8527132643181252.
8/8 ━━━━━━━━━━━━━━━━━━━━ 0s 35ms/step
8/8 ━━━━━━━━━━━━━━━━━━━━ 1s 48ms/step
8/8 ━━━━━━━━━━━━━━━━━━━━ 1s 37ms/step
[I 2024-05-23 01:16:31,933] Trial 11 finished with value: 0.7232014860835636 and parameters: {'lr': 0.02484955352482351, 'hs': 3, 'en': 401, 'dropout': 0.055903996592629304}. Best is trial 11 with value: 0.7232014860835636.
8/8 ━━━━━━━━━━━━━━━━━━━━ 0s 35ms/step
8/8 ━━━━━━━━━━━━━━━━━━━━ 0s 33ms/step
8/8 ━━━━━━━━━━━━━━━━━━━━ 0s 34ms/step
[I 2024-05-23 01:25:08,261] Trial 12 finished with value: 0.7145793209366671 and parameters: {'lr': 0.018182006993334776, 'hs': 4, 'en': 383, 'dropout': 0.051041035150009795}. Best is trial 12 with value: 0.7145793209366671.
8/8 ━━━━━━━━━━━━━━━━━━━━ 1s 50ms/step
8/8 ━━━━━━━━━━━━━━━━━━━━ 1s 42ms/step
8/8 ━━━━━━━━━━━━━━━━━━━━ 1s 41ms/step
[I 2024-05-23 01:36:12,577] Trial 13 finished with value: 0.8394726490593584 and parameters: {'lr': 0.01717139577010352, 'hs': 4, 'en': 398, 'dropout': 0.07870347827860788}. Best is trial 12 with value: 0.7145793209366671.
8/8 ━━━━━━━━━━━━━━━━━━━━ 1s 36ms/step
8/8 ━━━━━━━━━━━━━━━━━━━━ 0s 34ms/step
8/8 ━━━━━━━━━━━━━━━━━━━━ 0s 33ms/step
[I 2024-05-23 01:45:17,213] Trial 14 finished with value: 0.796732700037576 and parameters: {'lr': 0.00605799082543294, 'hs': 4, 'en': 390, 'dropout': 0.07232585479787755}. Best is trial 12 with value: 0.7145793209366671.
8/8 ━━━━━━━━━━━━━━━━━━━━ 1s 41ms/step
8/8 ━━━━━━━━━━━━━━━━━━━━ 1s 39ms/step
8/8 ━━━━━━━━━━━━━━━━━━━━ 1s 37ms/step
[I 2024-05-23 01:55:16,408] Trial 15 finished with value: 1.3272975035513754 and parameters: {'lr': 0.03043194212327448, 'hs': 5, 'en': 436, 'dropout': 0.054358328470611575}. Best is trial 12 with value: 0.7145793209366671.
8/8 ━━━━━━━━━━━━━━━━━━━━ 0s 35ms/step
8/8 ━━━━━━━━━━━━━━━━━━━━ 0s 36ms/step
8/8 ━━━━━━━━━━━━━━━━━━━━ 1s 48ms/step
[I 2024-05-23 02:03:00,449] Trial 16 finished with value: 1.1983278972795197 and parameters: {'lr': 0.06322967923604653, 'hs': 3, 'en': 287, 'dropout': 0.1066389133183735}. Best is trial 12 with value: 0.7145793209366671.
8/8 ━━━━━━━━━━━━━━━━━━━━ 1s 37ms/step
8/8 ━━━━━━━━━━━━━━━━━━━━ 0s 35ms/step
8/8 ━━━━━━━━━━━━━━━━━━━━ 0s 36ms/step
[I 2024-05-23 02:11:16,700] Trial 17 finished with value: 1.0175393100502539 and parameters: {'lr': 0.03206839516186581, 'hs': 6, 'en': 351, 'dropout': 0.07203270071004632}. Best is trial 12 with value: 0.7145793209366671.
8/8 ━━━━━━━━━━━━━━━━━━━━ 0s 32ms/step
8/8 ━━━━━━━━━━━━━━━━━━━━ 1s 44ms/step
8/8 ━━━━━━━━━━━━━━━━━━━━ 1s 39ms/step
[I 2024-05-23 02:22:17,555] Trial 18 finished with value: 0.8541943240446468 and parameters: {'lr': 0.009543297731204646, 'hs': 5, 'en': 438, 'dropout': 0.1103231627073594}. Best is trial 12 with value: 0.7145793209366671.
8/8 ━━━━━━━━━━━━━━━━━━━━ 1s 37ms/step
8/8 ━━━━━━━━━━━━━━━━━━━━ 1s 35ms/step
8/8 ━━━━━━━━━━━━━━━━━━━━ 0s 33ms/step
[I 2024-05-23 02:30:23,697] Trial 19 finished with value: 2.7682179838601786 and parameters: {'lr': 0.06001840970133545, 'hs': 3, 'en': 316, 'dropout': 0.19759054989297745}. Best is trial 12 with value: 0.7145793209366671.
10/10 ━━━━━━━━━━━━━━━━━━━━ 0s 25ms/step
[I 2024-05-23 02:34:19,922] A new study created in memory with name: no-name-bc1368f9-89af-4457-8989-58ca8bda017e
LSTM UK y_10 0.3286056457138172 0.47329000651745046 0.5 22.0
8/8 ━━━━━━━━━━━━━━━━━━━━ 1s 43ms/step
8/8 ━━━━━━━━━━━━━━━━━━━━ 1s 36ms/step
8/8 ━━━━━━━━━━━━━━━━━━━━ 0s 35ms/step
[I 2024-05-23 02:35:08,619] Trial 0 finished with value: 1.0460028981540639 and parameters: {'lr': 0.06042625806951268, 'hs': 3, 'en': 33, 'dropout': 0.08892035906021983}. Best is trial 0 with value: 1.0460028981540639.
8/8 ━━━━━━━━━━━━━━━━━━━━ 1s 36ms/step
8/8 ━━━━━━━━━━━━━━━━━━━━ 0s 33ms/step
8/8 ━━━━━━━━━━━━━━━━━━━━ 1s 47ms/step
[I 2024-05-23 02:43:34,808] Trial 1 finished with value: 0.5855111579919139 and parameters: {'lr': 0.09332561897660774, 'hs': 5, 'en': 362, 'dropout': 0.06224584652887295}. Best is trial 1 with value: 0.5855111579919139.
8/8 ━━━━━━━━━━━━━━━━━━━━ 1s 38ms/step
8/8 ━━━━━━━━━━━━━━━━━━━━ 1s 35ms/step
8/8 ━━━━━━━━━━━━━━━━━━━━ 1s 35ms/step
[I 2024-05-23 02:47:26,040] Trial 2 finished with value: 1.2986611141763758 and parameters: {'lr': 0.05750049170632014, 'hs': 2, 'en': 172, 'dropout': 0.1897305884089892}. Best is trial 1 with value: 0.5855111579919139.
8/8 ━━━━━━━━━━━━━━━━━━━━ 0s 33ms/step
8/8 ━━━━━━━━━━━━━━━━━━━━ 1s 128ms/step
8/8 ━━━━━━━━━━━━━━━━━━━━ 1s 40ms/step
[I 2024-05-23 02:49:02,787] Trial 3 finished with value: 0.7584797255997225 and parameters: {'lr': 0.029815773681101772, 'hs': 6, 'en': 74, 'dropout': 0.07803332876527488}. Best is trial 1 with value: 0.5855111579919139.
8/8 ━━━━━━━━━━━━━━━━━━━━ 1s 36ms/step
8/8 ━━━━━━━━━━━━━━━━━━━━ 0s 35ms/step
8/8 ━━━━━━━━━━━━━━━━━━━━ 0s 35ms/step
[I 2024-05-23 02:54:14,787] Trial 4 finished with value: 1.1889207572881422 and parameters: {'lr': 0.025186879998926565, 'hs': 5, 'en': 248, 'dropout': 0.17371511816783908}. Best is trial 1 with value: 0.5855111579919139.
8/8 ━━━━━━━━━━━━━━━━━━━━ 0s 33ms/step
8/8 ━━━━━━━━━━━━━━━━━━━━ 1s 43ms/step
8/8 ━━━━━━━━━━━━━━━━━━━━ 1s 36ms/step
[I 2024-05-23 02:56:44,072] Trial 5 finished with value: 1.717220406187044 and parameters: {'lr': 0.0032921082408591015, 'hs': 5, 'en': 116, 'dropout': 0.18013801281365927}. Best is trial 1 with value: 0.5855111579919139.
8/8 ━━━━━━━━━━━━━━━━━━━━ 0s 34ms/step
8/8 ━━━━━━━━━━━━━━━━━━━━ 0s 33ms/step
8/8 ━━━━━━━━━━━━━━━━━━━━ 0s 33ms/step
[I 2024-05-23 03:00:24,251] Trial 6 finished with value: 1.0045667100681264 and parameters: {'lr': 0.06650567121123137, 'hs': 6, 'en': 177, 'dropout': 0.13157482351528266}. Best is trial 1 with value: 0.5855111579919139.
8/8 ━━━━━━━━━━━━━━━━━━━━ 1s 48ms/step
8/8 ━━━━━━━━━━━━━━━━━━━━ 1s 41ms/step
8/8 ━━━━━━━━━━━━━━━━━━━━ 1s 38ms/step
[I 2024-05-23 03:06:18,054] Trial 7 finished with value: 0.9101078362019211 and parameters: {'lr': 0.07374508712432742, 'hs': 7, 'en': 226, 'dropout': 0.06513980359867907}. Best is trial 1 with value: 0.5855111579919139.
8/8 ━━━━━━━━━━━━━━━━━━━━ 1s 37ms/step
8/8 ━━━━━━━━━━━━━━━━━━━━ 0s 35ms/step
8/8 ━━━━━━━━━━━━━━━━━━━━ 0s 34ms/step
[I 2024-05-23 03:07:37,020] Trial 8 finished with value: 1.0272556217307949 and parameters: {'lr': 0.09494691126501985, 'hs': 8, 'en': 44, 'dropout': 0.07518981197319005}. Best is trial 1 with value: 0.5855111579919139.
8/8 ━━━━━━━━━━━━━━━━━━━━ 1s 41ms/step
8/8 ━━━━━━━━━━━━━━━━━━━━ 1s 45ms/step
8/8 ━━━━━━━━━━━━━━━━━━━━ 1s 37ms/step
[I 2024-05-23 03:14:35,575] Trial 9 finished with value: 1.1152310718831089 and parameters: {'lr': 0.07941134947850166, 'hs': 8, 'en': 261, 'dropout': 0.12879018220594712}. Best is trial 1 with value: 0.5855111579919139.
8/8 ━━━━━━━━━━━━━━━━━━━━ 0s 35ms/step
8/8 ━━━━━━━━━━━━━━━━━━━━ 0s 36ms/step
8/8 ━━━━━━━━━━━━━━━━━━━━ 1s 46ms/step
[I 2024-05-23 03:26:04,697] Trial 10 finished with value: 0.9225593448778936 and parameters: {'lr': 0.09749325610963491, 'hs': 4, 'en': 424, 'dropout': 0.10698921748956672}. Best is trial 1 with value: 0.5855111579919139.
8/8 ━━━━━━━━━━━━━━━━━━━━ 1s 39ms/step
8/8 ━━━━━━━━━━━━━━━━━━━━ 1s 38ms/step
8/8 ━━━━━━━━━━━━━━━━━━━━ 1s 37ms/step
[I 2024-05-23 03:36:40,117] Trial 11 finished with value: 0.6727816507773988 and parameters: {'lr': 0.03291178540314754, 'hs': 6, 'en': 379, 'dropout': 0.05180743869204088}. Best is trial 1 with value: 0.5855111579919139.
8/8 ━━━━━━━━━━━━━━━━━━━━ 0s 35ms/step
8/8 ━━━━━━━━━━━━━━━━━━━━ 1s 49ms/step
8/8 ━━━━━━━━━━━━━━━━━━━━ 1s 38ms/step
[I 2024-05-23 03:47:16,030] Trial 12 finished with value: 0.5917623892213575 and parameters: {'lr': 0.03516075839794574, 'hs': 6, 'en': 391, 'dropout': 0.05326738380229731}. Best is trial 1 with value: 0.5855111579919139.
8/8 ━━━━━━━━━━━━━━━━━━━━ 1s 37ms/step
8/8 ━━━━━━━━━━━━━━━━━━━━ 1s 43ms/step
8/8 ━━━━━━━━━━━━━━━━━━━━ 0s 36ms/step
[I 2024-05-23 04:00:39,038] Trial 13 finished with value: 0.752322066486923 and parameters: {'lr': 0.04264021590404941, 'hs': 4, 'en': 496, 'dropout': 0.052406642989239055}. Best is trial 1 with value: 0.5855111579919139.
8/8 ━━━━━━━━━━━━━━━━━━━━ 0s 34ms/step
8/8 ━━━━━━━━━━━━━━━━━━━━ 1s 50ms/step
8/8 ━━━━━━━━━━━━━━━━━━━━ 1s 37ms/step
[I 2024-05-23 04:09:59,767] Trial 14 finished with value: 0.7773645609049504 and parameters: {'lr': 0.01038770352427272, 'hs': 7, 'en': 342, 'dropout': 0.10175845820834553}. Best is trial 1 with value: 0.5855111579919139.
8/8 ━━━━━━━━━━━━━━━━━━━━ 1s 36ms/step
8/8 ━━━━━━━━━━━━━━━━━━━━ 0s 35ms/step
8/8 ━━━━━━━━━━━━━━━━━━━━ 0s 34ms/step
[I 2024-05-23 04:18:48,212] Trial 15 finished with value: 1.3669962808786782 and parameters: {'lr': 0.04506850245067495, 'hs': 4, 'en': 319, 'dropout': 0.16082672575312174}. Best is trial 1 with value: 0.5855111579919139.
8/8 ━━━━━━━━━━━━━━━━━━━━ 1s 49ms/step
8/8 ━━━━━━━━━━━━━━━━━━━━ 1s 52ms/step
8/8 ━━━━━━━━━━━━━━━━━━━━ 1s 40ms/step
[I 2024-05-23 04:32:15,207] Trial 16 finished with value: 1.166968294633379 and parameters: {'lr': 0.08358310289203436, 'hs': 7, 'en': 475, 'dropout': 0.10714967820487792}. Best is trial 1 with value: 0.5855111579919139.
8/8 ━━━━━━━━━━━━━━━━━━━━ 0s 36ms/step
8/8 ━━━━━━━━━━━━━━━━━━━━ 1s 36ms/step
8/8 ━━━━━━━━━━━━━━━━━━━━ 1s 131ms/step
[I 2024-05-23 04:43:46,158] Trial 17 finished with value: 1.0198297543490669 and parameters: {'lr': 0.021231621524370674, 'hs': 5, 'en': 398, 'dropout': 0.1463271416181866}. Best is trial 1 with value: 0.5855111579919139.
8/8 ━━━━━━━━━━━━━━━━━━━━ 1s 43ms/step
8/8 ━━━━━━━━━━━━━━━━━━━━ 1s 37ms/step
8/8 ━━━━━━━━━━━━━━━━━━━━ 1s 37ms/step
[I 2024-05-23 04:52:28,156] Trial 18 finished with value: 0.7272101614483342 and parameters: {'lr': 0.05054166033812315, 'hs': 2, 'en': 308, 'dropout': 0.08892346473637855}. Best is trial 1 with value: 0.5855111579919139.
8/8 ━━━━━━━━━━━━━━━━━━━━ 0s 35ms/step
8/8 ━━━━━━━━━━━━━━━━━━━━ 1s 41ms/step
8/8 ━━━━━━━━━━━━━━━━━━━━ 1s 40ms/step
[I 2024-05-23 05:03:18,706] Trial 19 finished with value: 0.756792301422531 and parameters: {'lr': 0.03819636015642458, 'hs': 5, 'en': 447, 'dropout': 0.06281206090458356}. Best is trial 1 with value: 0.5855111579919139.
10/10 ━━━━━━━━━━━━━━━━━━━━ 0s 28ms/step
[I 2024-05-23 05:06:53,471] A new study created in memory with name: no-name-484aa8d6-b0e8-48c2-a4c3-9be2a481dbf9
LSTM UK y_7 0.9831615114744326 0.7235565484865852 1.7 23.9
8/8 ━━━━━━━━━━━━━━━━━━━━ 0s 35ms/step
8/8 ━━━━━━━━━━━━━━━━━━━━ 0s 35ms/step
8/8 ━━━━━━━━━━━━━━━━━━━━ 0s 33ms/step
[I 2024-05-23 05:15:56,966] Trial 0 finished with value: 0.582770685335012 and parameters: {'lr': 0.02133874441822924, 'hs': 8, 'en': 441, 'dropout': 0.07005087215134298}. Best is trial 0 with value: 0.582770685335012.
8/8 ━━━━━━━━━━━━━━━━━━━━ 1s 47ms/step
8/8 ━━━━━━━━━━━━━━━━━━━━ 0s 34ms/step
8/8 ━━━━━━━━━━━━━━━━━━━━ 0s 36ms/step
[I 2024-05-23 05:24:20,690] Trial 1 finished with value: 2.1116791355927096 and parameters: {'lr': 0.09283527871817102, 'hs': 4, 'en': 385, 'dropout': 0.19217390039819898}. Best is trial 0 with value: 0.582770685335012.
8/8 ━━━━━━━━━━━━━━━━━━━━ 0s 35ms/step
8/8 ━━━━━━━━━━━━━━━━━━━━ 0s 34ms/step
8/8 ━━━━━━━━━━━━━━━━━━━━ 0s 35ms/step
[I 2024-05-23 05:27:21,924] Trial 2 finished with value: 1.1005145238470713 and parameters: {'lr': 0.09262645754182865, 'hs': 7, 'en': 111, 'dropout': 0.16664984553061962}. Best is trial 0 with value: 0.582770685335012.
8/8 ━━━━━━━━━━━━━━━━━━━━ 1s 39ms/step
8/8 ━━━━━━━━━━━━━━━━━━━━ 1s 39ms/step
8/8 ━━━━━━━━━━━━━━━━━━━━ 0s 34ms/step
[I 2024-05-23 05:35:13,448] Trial 3 finished with value: 0.5090909438228918 and parameters: {'lr': 0.07051373931935749, 'hs': 6, 'en': 346, 'dropout': 0.07063077353806585}. Best is trial 3 with value: 0.5090909438228918.
8/8 ━━━━━━━━━━━━━━━━━━━━ 0s 33ms/step
8/8 ━━━━━━━━━━━━━━━━━━━━ 0s 35ms/step
8/8 ━━━━━━━━━━━━━━━━━━━━ 1s 38ms/step
[I 2024-05-23 05:45:43,201] Trial 4 finished with value: 0.7085478456724555 and parameters: {'lr': 0.09689514740240508, 'hs': 3, 'en': 462, 'dropout': 0.08590305882021355}. Best is trial 3 with value: 0.5090909438228918.
8/8 ━━━━━━━━━━━━━━━━━━━━ 1s 36ms/step
8/8 ━━━━━━━━━━━━━━━━━━━━ 0s 36ms/step
8/8 ━━━━━━━━━━━━━━━━━━━━ 0s 34ms/step
[I 2024-05-23 05:48:58,467] Trial 5 finished with value: 0.9154015519597648 and parameters: {'lr': 0.00974688658614306, 'hs': 4, 'en': 118, 'dropout': 0.13123954058495307}. Best is trial 3 with value: 0.5090909438228918.
8/8 ━━━━━━━━━━━━━━━━━━━━ 0s 33ms/step
8/8 ━━━━━━━━━━━━━━━━━━━━ 1s 44ms/step
8/8 ━━━━━━━━━━━━━━━━━━━━ 1s 37ms/step
[I 2024-05-23 05:50:53,969] Trial 6 finished with value: 1.4698923507650388 and parameters: {'lr': 0.0949474663639243, 'hs': 3, 'en': 67, 'dropout': 0.1705300732437035}. Best is trial 3 with value: 0.5090909438228918.
8/8 ━━━━━━━━━━━━━━━━━━━━ 1s 37ms/step
8/8 ━━━━━━━━━━━━━━━━━━━━ 1s 41ms/step
8/8 ━━━━━━━━━━━━━━━━━━━━ 0s 32ms/step
[I 2024-05-23 06:01:51,048] Trial 7 finished with value: 3.3139365335649607 and parameters: {'lr': 0.00028105006745481666, 'hs': 7, 'en': 437, 'dropout': 0.06628099754471573}. Best is trial 3 with value: 0.5090909438228918.
8/8 ━━━━━━━━━━━━━━━━━━━━ 0s 34ms/step
8/8 ━━━━━━━━━━━━━━━━━━━━ 1s 36ms/step
8/8 ━━━━━━━━━━━━━━━━━━━━ 0s 34ms/step
[I 2024-05-23 06:07:30,414] Trial 8 finished with value: 1.0898834739181387 and parameters: {'lr': 0.006725856032171911, 'hs': 5, 'en': 273, 'dropout': 0.1868170873233962}. Best is trial 3 with value: 0.5090909438228918.
8/8 ━━━━━━━━━━━━━━━━━━━━ 0s 35ms/step
8/8 ━━━━━━━━━━━━━━━━━━━━ 0s 33ms/step
8/8 ━━━━━━━━━━━━━━━━━━━━ 0s 33ms/step
[I 2024-05-23 06:12:18,267] Trial 9 finished with value: 0.5257558043399202 and parameters: {'lr': 0.036970371047339176, 'hs': 2, 'en': 229, 'dropout': 0.08729648397881035}. Best is trial 3 with value: 0.5090909438228918.
8/8 ━━━━━━━━━━━━━━━━━━━━ 1s 42ms/step
8/8 ━━━━━━━━━━━━━━━━━━━━ 0s 35ms/step
8/8 ━━━━━━━━━━━━━━━━━━━━ 0s 34ms/step
[I 2024-05-23 06:18:13,530] Trial 10 finished with value: 0.6326783712361587 and parameters: {'lr': 0.06454887298045597, 'hs': 6, 'en': 292, 'dropout': 0.11964170384047573}. Best is trial 3 with value: 0.5090909438228918.
8/8 ━━━━━━━━━━━━━━━━━━━━ 0s 34ms/step
8/8 ━━━━━━━━━━━━━━━━━━━━ 0s 35ms/step
8/8 ━━━━━━━━━━━━━━━━━━━━ 0s 34ms/step
[I 2024-05-23 06:23:28,865] Trial 11 finished with value: 0.8102779769801042 and parameters: {'lr': 0.04696860850487235, 'hs': 2, 'en': 205, 'dropout': 0.10010607883222276}. Best is trial 3 with value: 0.5090909438228918.
8/8 ━━━━━━━━━━━━━━━━━━━━ 1s 37ms/step
8/8 ━━━━━━━━━━━━━━━━━━━━ 1s 37ms/step
8/8 ━━━━━━━━━━━━━━━━━━━━ 1s 36ms/step
[I 2024-05-23 06:32:58,285] Trial 12 finished with value: 0.3884090213936142 and parameters: {'lr': 0.05431184266046179, 'hs': 5, 'en': 337, 'dropout': 0.052820731492986085}. Best is trial 12 with value: 0.3884090213936142.
8/8 ━━━━━━━━━━━━━━━━━━━━ 0s 36ms/step
8/8 ━━━━━━━━━━━━━━━━━━━━ 0s 35ms/step
8/8 ━━━━━━━━━━━━━━━━━━━━ 1s 41ms/step
[I 2024-05-23 06:43:13,302] Trial 13 finished with value: 0.6035813421086321 and parameters: {'lr': 0.07039143799820775, 'hs': 6, 'en': 354, 'dropout': 0.051429031264482464}. Best is trial 12 with value: 0.3884090213936142.
8/8 ━━━━━━━━━━━━━━━━━━━━ 1s 38ms/step
8/8 ━━━━━━━━━━━━━━━━━━━━ 0s 36ms/step
8/8 ━━━━━━━━━━━━━━━━━━━━ 0s 36ms/step
