[I 2024-05-23 15:56:01,879] Trial 19 finished with value: 12.567398394798053 and parameters: {'lr': 0.05934566984788397, 'hs': 7, 'en': 344, 'dropout': 0.08464480812053232}. Best is trial 1 with value: 8.336940128966189.
2/2 ━━━━━━━━━━━━━━━━━━━━ 1s 317ms/step
[I 2024-05-23 15:56:47,517] A new study created in memory with name: no-name-3041b15e-43cd-4aa7-9d0d-3b0ccdf380b6
GRU Reynolds y_1 18.121351736930226 3.1945102580319875 -9.7 37.8
2/2 ━━━━━━━━━━━━━━━━━━━━ 1s 293ms/step
2/2 ━━━━━━━━━━━━━━━━━━━━ 1s 257ms/step
2/2 ━━━━━━━━━━━━━━━━━━━━ 1s 251ms/step
[I 2024-05-23 15:58:35,145] Trial 0 finished with value: 9.840329657211848 and parameters: {'lr': 0.015254190286676754, 'hs': 8, 'en': 221, 'dropout': 0.17594171631264216}. Best is trial 0 with value: 9.840329657211848.
2/2 ━━━━━━━━━━━━━━━━━━━━ 0s 239ms/step
2/2 ━━━━━━━━━━━━━━━━━━━━ 1s 306ms/step
2/2 ━━━━━━━━━━━━━━━━━━━━ 1s 280ms/step
[I 2024-05-23 16:00:40,574] Trial 1 finished with value: 5.160580039252143 and parameters: {'lr': 0.061545496907191036, 'hs': 4, 'en': 265, 'dropout': 0.10530733232022653}. Best is trial 1 with value: 5.160580039252143.
2/2 ━━━━━━━━━━━━━━━━━━━━ 1s 262ms/step
2/2 ━━━━━━━━━━━━━━━━━━━━ 0s 246ms/step
2/2 ━━━━━━━━━━━━━━━━━━━━ 0s 239ms/step
[I 2024-05-23 16:02:30,248] Trial 2 finished with value: 6.446640293252824 and parameters: {'lr': 0.03251019375124464, 'hs': 2, 'en': 203, 'dropout': 0.16752839453493226}. Best is trial 1 with value: 5.160580039252143.
2/2 ━━━━━━━━━━━━━━━━━━━━ 1s 320ms/step
2/2 ━━━━━━━━━━━━━━━━━━━━ 1s 274ms/step
2/2 ━━━━━━━━━━━━━━━━━━━━ 1s 249ms/step
[I 2024-05-23 16:04:29,707] Trial 3 finished with value: 6.8609979492155135 and parameters: {'lr': 0.0949149067021241, 'hs': 4, 'en': 269, 'dropout': 0.0972088797497446}. Best is trial 1 with value: 5.160580039252143.
2/2 ━━━━━━━━━━━━━━━━━━━━ 0s 242ms/step
2/2 ━━━━━━━━━━━━━━━━━━━━ 0s 244ms/step
2/2 ━━━━━━━━━━━━━━━━━━━━ 1s 305ms/step
[I 2024-05-23 16:04:59,686] Trial 4 finished with value: 9.672570391653727 and parameters: {'lr': 0.026488079520370498, 'hs': 5, 'en': 57, 'dropout': 0.1056786237304466}. Best is trial 1 with value: 5.160580039252143.
2/2 ━━━━━━━━━━━━━━━━━━━━ 1s 289ms/step
2/2 ━━━━━━━━━━━━━━━━━━━━ 1s 271ms/step
2/2 ━━━━━━━━━━━━━━━━━━━━ 1s 292ms/step
[I 2024-05-23 16:10:23,671] Trial 5 finished with value: 4.334054372035229 and parameters: {'lr': 0.01912304012719739, 'hs': 2, 'en': 494, 'dropout': 0.1226207421294101}. Best is trial 5 with value: 4.334054372035229.
2/2 ━━━━━━━━━━━━━━━━━━━━ 1s 253ms/step
2/2 ━━━━━━━━━━━━━━━━━━━━ 1s 339ms/step
2/2 ━━━━━━━━━━━━━━━━━━━━ 1s 294ms/step
[I 2024-05-23 16:11:21,330] Trial 6 finished with value: 7.278003330678982 and parameters: {'lr': 0.03169658803112796, 'hs': 7, 'en': 79, 'dropout': 0.1274196403537651}. Best is trial 5 with value: 4.334054372035229.
2/2 ━━━━━━━━━━━━━━━━━━━━ 1s 267ms/step
2/2 ━━━━━━━━━━━━━━━━━━━━ 1s 253ms/step
2/2 ━━━━━━━━━━━━━━━━━━━━ 1s 293ms/step
[I 2024-05-23 16:12:06,477] Trial 7 finished with value: 9.174027934196245 and parameters: {'lr': 0.04594081103578809, 'hs': 5, 'en': 55, 'dropout': 0.06128099282430856}. Best is trial 5 with value: 4.334054372035229.
2/2 ━━━━━━━━━━━━━━━━━━━━ 1s 329ms/step
2/2 ━━━━━━━━━━━━━━━━━━━━ 1s 283ms/step
2/2 ━━━━━━━━━━━━━━━━━━━━ 1s 318ms/step
[I 2024-05-23 16:17:27,670] Trial 8 finished with value: 8.632277286580681 and parameters: {'lr': 0.0637150645816305, 'hs': 2, 'en': 488, 'dropout': 0.11333188946495178}. Best is trial 5 with value: 4.334054372035229.
2/2 ━━━━━━━━━━━━━━━━━━━━ 1s 255ms/step
2/2 ━━━━━━━━━━━━━━━━━━━━ 1s 248ms/step
2/2 ━━━━━━━━━━━━━━━━━━━━ 1s 329ms/step
[I 2024-05-23 16:20:10,728] Trial 9 finished with value: 6.945160020308161 and parameters: {'lr': 0.013387063241923968, 'hs': 5, 'en': 242, 'dropout': 0.16401750024422984}. Best is trial 5 with value: 4.334054372035229.
2/2 ━━━━━━━━━━━━━━━━━━━━ 1s 284ms/step
2/2 ━━━━━━━━━━━━━━━━━━━━ 1s 296ms/step
2/2 ━━━━━━━━━━━━━━━━━━━━ 0s 246ms/step
[I 2024-05-23 16:25:17,956] Trial 10 finished with value: 7.657179267160383 and parameters: {'lr': 0.0037008476863016927, 'hs': 3, 'en': 500, 'dropout': 0.14540077210241298}. Best is trial 5 with value: 4.334054372035229.
2/2 ━━━━━━━━━━━━━━━━━━━━ 0s 237ms/step
2/2 ━━━━━━━━━━━━━━━━━━━━ 1s 307ms/step
2/2 ━━━━━━━━━━━━━━━━━━━━ 1s 309ms/step
[I 2024-05-23 16:28:14,621] Trial 11 finished with value: 3.8981436571675285 and parameters: {'lr': 0.07174664682174253, 'hs': 3, 'en': 366, 'dropout': 0.08330946319512289}. Best is trial 11 with value: 3.8981436571675285.
2/2 ━━━━━━━━━━━━━━━━━━━━ 1s 262ms/step
2/2 ━━━━━━━━━━━━━━━━━━━━ 1s 252ms/step
2/2 ━━━━━━━━━━━━━━━━━━━━ 1s 248ms/step
[I 2024-05-23 16:30:59,971] Trial 12 finished with value: 3.622786222280156 and parameters: {'lr': 0.08470141405419943, 'hs': 3, 'en': 387, 'dropout': 0.07154200448231426}. Best is trial 12 with value: 3.622786222280156.
2/2 ━━━━━━━━━━━━━━━━━━━━ 1s 314ms/step
2/2 ━━━━━━━━━━━━━━━━━━━━ 1s 304ms/step
2/2 ━━━━━━━━━━━━━━━━━━━━ 1s 278ms/step
[I 2024-05-23 16:34:38,013] Trial 13 finished with value: 5.765637365398234 and parameters: {'lr': 0.08993570581075735, 'hs': 3, 'en': 376, 'dropout': 0.060580672792228465}. Best is trial 12 with value: 3.622786222280156.
2/2 ━━━━━━━━━━━━━━━━━━━━ 1s 281ms/step
2/2 ━━━━━━━━━━━━━━━━━━━━ 1s 261ms/step
2/2 ━━━━━━━━━━━━━━━━━━━━ 1s 333ms/step
[I 2024-05-23 16:39:07,102] Trial 14 finished with value: 7.1249011221402325 and parameters: {'lr': 0.07810777776280706, 'hs': 3, 'en': 368, 'dropout': 0.08188947793481717}. Best is trial 12 with value: 3.622786222280156.
2/2 ━━━━━━━━━━━━━━━━━━━━ 1s 291ms/step
2/2 ━━━━━━━━━━━━━━━━━━━━ 1s 286ms/step
2/2 ━━━━━━━━━━━━━━━━━━━━ 1s 263ms/step
[I 2024-05-23 16:43:18,169] Trial 15 finished with value: 4.4250737319767595 and parameters: {'lr': 0.07743098342840751, 'hs': 4, 'en': 377, 'dropout': 0.08531738978701289}. Best is trial 12 with value: 3.622786222280156.
2/2 ━━━━━━━━━━━━━━━━━━━━ 1s 258ms/step
2/2 ━━━━━━━━━━━━━━━━━━━━ 1s 315ms/step
2/2 ━━━━━━━━━━━━━━━━━━━━ 1s 293ms/step
[I 2024-05-23 16:47:56,288] Trial 16 finished with value: 2.4233928363290187 and parameters: {'lr': 0.07883203255013775, 'hs': 6, 'en': 416, 'dropout': 0.053549876794943066}. Best is trial 16 with value: 2.4233928363290187.
2/2 ━━━━━━━━━━━━━━━━━━━━ 1s 271ms/step
2/2 ━━━━━━━━━━━━━━━━━━━━ 1s 260ms/step
2/2 ━━━━━━━━━━━━━━━━━━━━ 1s 285ms/step
[I 2024-05-23 16:52:46,221] Trial 17 finished with value: 9.270282540645725 and parameters: {'lr': 0.08930890642330117, 'hs': 7, 'en': 431, 'dropout': 0.19793346460465894}. Best is trial 16 with value: 2.4233928363290187.
2/2 ━━━━━━━━━━━━━━━━━━━━ 1s 242ms/step
2/2 ━━━━━━━━━━━━━━━━━━━━ 1s 284ms/step
2/2 ━━━━━━━━━━━━━━━━━━━━ 1s 301ms/step
[I 2024-05-23 16:56:18,093] Trial 18 finished with value: 16.844212886569178 and parameters: {'lr': 0.05095351288773514, 'hs': 6, 'en': 315, 'dropout': 0.05142292880546362}. Best is trial 16 with value: 2.4233928363290187.
2/2 ━━━━━━━━━━━━━━━━━━━━ 1s 265ms/step
2/2 ━━━━━━━━━━━━━━━━━━━━ 1s 250ms/step
2/2 ━━━━━━━━━━━━━━━━━━━━ 0s 248ms/step
[I 2024-05-23 16:57:59,147] Trial 19 finished with value: 5.216535585612772 and parameters: {'lr': 0.09815731023784953, 'hs': 6, 'en': 143, 'dropout': 0.06747221720739822}. Best is trial 16 with value: 2.4233928363290187.
3/3 ━━━━━━━━━━━━━━━━━━━━ 1s 156ms/step
[I 2024-05-23 16:59:52,113] A new study created in memory with name: no-name-8470e470-3113-4b5a-a2bf-beb968c79539
GRU Reynolds y_4 5.808657690404607 1.813156173079687 -10.6 24.9
3/3 ━━━━━━━━━━━━━━━━━━━━ 1s 163ms/step
3/3 ━━━━━━━━━━━━━━━━━━━━ 1s 130ms/step
3/3 ━━━━━━━━━━━━━━━━━━━━ 1s 132ms/step
[I 2024-05-23 17:04:31,573] Trial 0 finished with value: 2.0797225157570938 and parameters: {'lr': 0.04988973095212204, 'hs': 7, 'en': 404, 'dropout': 0.0702534486573611}. Best is trial 0 with value: 2.0797225157570938.
3/3 ━━━━━━━━━━━━━━━━━━━━ 1s 161ms/step
3/3 ━━━━━━━━━━━━━━━━━━━━ 1s 143ms/step
3/3 ━━━━━━━━━━━━━━━━━━━━ 1s 146ms/step
[I 2024-05-23 17:09:50,479] Trial 1 finished with value: 6.054675513679837 and parameters: {'lr': 0.05117014122074001, 'hs': 2, 'en': 438, 'dropout': 0.1993867966345857}. Best is trial 0 with value: 2.0797225157570938.
3/3 ━━━━━━━━━━━━━━━━━━━━ 1s 148ms/step
3/3 ━━━━━━━━━━━━━━━━━━━━ 1s 128ms/step
3/3 ━━━━━━━━━━━━━━━━━━━━ 1s 444ms/step
[I 2024-05-23 17:10:43,628] Trial 2 finished with value: 4.855815676591098 and parameters: {'lr': 0.02621999406070262, 'hs': 3, 'en': 60, 'dropout': 0.10983275997252234}. Best is trial 0 with value: 2.0797225157570938.
3/3 ━━━━━━━━━━━━━━━━━━━━ 1s 144ms/step
3/3 ━━━━━━━━━━━━━━━━━━━━ 1s 134ms/step
3/3 ━━━━━━━━━━━━━━━━━━━━ 1s 143ms/step
[I 2024-05-23 17:16:32,462] Trial 3 finished with value: 7.579546379227953 and parameters: {'lr': 0.04132183822250961, 'hs': 4, 'en': 476, 'dropout': 0.18638162921128565}. Best is trial 0 with value: 2.0797225157570938.
3/3 ━━━━━━━━━━━━━━━━━━━━ 1s 131ms/step
3/3 ━━━━━━━━━━━━━━━━━━━━ 1s 166ms/step
3/3 ━━━━━━━━━━━━━━━━━━━━ 1s 144ms/step
[I 2024-05-23 17:22:26,155] Trial 4 finished with value: 5.057376571047067 and parameters: {'lr': 0.09160816250848607, 'hs': 4, 'en': 478, 'dropout': 0.09916624958995895}. Best is trial 0 with value: 2.0797225157570938.
3/3 ━━━━━━━━━━━━━━━━━━━━ 1s 141ms/step
3/3 ━━━━━━━━━━━━━━━━━━━━ 1s 137ms/step
3/3 ━━━━━━━━━━━━━━━━━━━━ 1s 125ms/step
[I 2024-05-23 17:27:20,562] Trial 5 finished with value: 5.074376634956001 and parameters: {'lr': 0.08523761269777418, 'hs': 8, 'en': 390, 'dropout': 0.15140787881431456}. Best is trial 0 with value: 2.0797225157570938.
3/3 ━━━━━━━━━━━━━━━━━━━━ 1s 165ms/step
3/3 ━━━━━━━━━━━━━━━━━━━━ 1s 140ms/step
3/3 ━━━━━━━━━━━━━━━━━━━━ 1s 134ms/step
[I 2024-05-23 17:28:08,438] Trial 6 finished with value: 11.415166418812445 and parameters: {'lr': 0.014157296241553957, 'hs': 5, 'en': 54, 'dropout': 0.17906641067006912}. Best is trial 0 with value: 2.0797225157570938.
3/3 ━━━━━━━━━━━━━━━━━━━━ 1s 136ms/step
3/3 ━━━━━━━━━━━━━━━━━━━━ 1s 126ms/step
3/3 ━━━━━━━━━━━━━━━━━━━━ 1s 144ms/step
[I 2024-05-23 17:30:19,545] Trial 7 finished with value: 9.954588102494172 and parameters: {'lr': 0.09485250667401156, 'hs': 2, 'en': 169, 'dropout': 0.17092743622089138}. Best is trial 0 with value: 2.0797225157570938.
3/3 ━━━━━━━━━━━━━━━━━━━━ 1s 136ms/step
3/3 ━━━━━━━━━━━━━━━━━━━━ 1s 133ms/step
3/3 ━━━━━━━━━━━━━━━━━━━━ 0s 121ms/step
[I 2024-05-23 17:32:29,162] Trial 8 finished with value: 5.374730470577944 and parameters: {'lr': 0.06975660717157582, 'hs': 6, 'en': 180, 'dropout': 0.08243144928031523}. Best is trial 0 with value: 2.0797225157570938.
3/3 ━━━━━━━━━━━━━━━━━━━━ 1s 126ms/step
3/3 ━━━━━━━━━━━━━━━━━━━━ 1s 472ms/step
3/3 ━━━━━━━━━━━━━━━━━━━━ 1s 141ms/step
[I 2024-05-23 17:37:50,289] Trial 9 finished with value: 3.084996723053486 and parameters: {'lr': 0.054498638406774796, 'hs': 7, 'en': 463, 'dropout': 0.14905374359997686}. Best is trial 0 with value: 2.0797225157570938.
3/3 ━━━━━━━━━━━━━━━━━━━━ 1s 131ms/step
3/3 ━━━━━━━━━━━━━━━━━━━━ 1s 128ms/step
3/3 ━━━━━━━━━━━━━━━━━━━━ 1s 132ms/step
[I 2024-05-23 17:41:39,365] Trial 10 finished with value: 2.5399894723014858 and parameters: {'lr': 0.006354557465733587, 'hs': 8, 'en': 328, 'dropout': 0.06431908467008964}. Best is trial 0 with value: 2.0797225157570938.
3/3 ━━━━━━━━━━━━━━━━━━━━ 1s 422ms/step
3/3 ━━━━━━━━━━━━━━━━━━━━ 1s 147ms/step
3/3 ━━━━━━━━━━━━━━━━━━━━ 1s 131ms/step
[I 2024-05-23 17:45:35,919] Trial 11 finished with value: 4.762309474339446 and parameters: {'lr': 0.0015139940192433294, 'hs': 8, 'en': 332, 'dropout': 0.05056307451378696}. Best is trial 0 with value: 2.0797225157570938.
3/3 ━━━━━━━━━━━━━━━━━━━━ 0s 124ms/step
3/3 ━━━━━━━━━━━━━━━━━━━━ 1s 133ms/step
3/3 ━━━━━━━━━━━━━━━━━━━━ 1s 469ms/step
[I 2024-05-23 17:49:14,334] Trial 12 finished with value: 1.2633985011829818 and parameters: {'lr': 0.031110542831004742, 'hs': 7, 'en': 305, 'dropout': 0.058614480067919326}. Best is trial 12 with value: 1.2633985011829818.
3/3 ━━━━━━━━━━━━━━━━━━━━ 1s 146ms/step
3/3 ━━━━━━━━━━━━━━━━━━━━ 1s 137ms/step
3/3 ━━━━━━━━━━━━━━━━━━━━ 1s 125ms/step
[I 2024-05-23 17:52:41,321] Trial 13 finished with value: 3.4775636180968963 and parameters: {'lr': 0.0332848601503067, 'hs': 6, 'en': 272, 'dropout': 0.07802958766657414}. Best is trial 12 with value: 1.2633985011829818.
3/3 ━━━━━━━━━━━━━━━━━━━━ 1s 129ms/step
3/3 ━━━━━━━━━━━━━━━━━━━━ 1s 457ms/step
3/3 ━━━━━━━━━━━━━━━━━━━━ 1s 161ms/step
[I 2024-05-23 17:57:29,532] Trial 14 finished with value: 1.3373587823564135 and parameters: {'lr': 0.06570484300153011, 'hs': 6, 'en': 369, 'dropout': 0.05041179189384357}. Best is trial 12 with value: 1.2633985011829818.
3/3 ━━━━━━━━━━━━━━━━━━━━ 1s 132ms/step
3/3 ━━━━━━━━━━━━━━━━━━━━ 1s 131ms/step
3/3 ━━━━━━━━━━━━━━━━━━━━ 1s 127ms/step
[I 2024-05-23 18:00:01,417] Trial 15 finished with value: 2.5996004787844704 and parameters: {'lr': 0.07525299863178557, 'hs': 6, 'en': 206, 'dropout': 0.05241856575171919}. Best is trial 12 with value: 1.2633985011829818.
3/3 ━━━━━━━━━━━━━━━━━━━━ 1s 430ms/step
3/3 ━━━━━━━━━━━━━━━━━━━━ 1s 142ms/step
3/3 ━━━━━━━━━━━━━━━━━━━━ 1s 134ms/step
[I 2024-05-23 18:03:41,546] Trial 16 finished with value: 4.254172916695364 and parameters: {'lr': 0.06786576662859797, 'hs': 7, 'en': 310, 'dropout': 0.09771713731977968}. Best is trial 12 with value: 1.2633985011829818.
3/3 ━━━━━━━━━━━━━━━━━━━━ 1s 140ms/step
3/3 ━━━━━━━━━━━━━━━━━━━━ 1s 126ms/step
3/3 ━━━━━━━━━━━━━━━━━━━━ 1s 447ms/step
[I 2024-05-23 18:06:31,335] Trial 17 finished with value: 4.144516374428928 and parameters: {'lr': 0.02224215459976617, 'hs': 5, 'en': 239, 'dropout': 0.12102391524928928}. Best is trial 12 with value: 1.2633985011829818.
3/3 ━━━━━━━━━━━━━━━━━━━━ 1s 147ms/step
3/3 ━━━━━━━━━━━━━━━━━━━━ 1s 133ms/step
3/3 ━━━━━━━━━━━━━━━━━━━━ 1s 130ms/step
[I 2024-05-23 18:08:05,434] Trial 18 finished with value: 5.945613558793476 and parameters: {'lr': 0.0611975171563351, 'hs': 6, 'en': 126, 'dropout': 0.0898840800244062}. Best is trial 12 with value: 1.2633985011829818.
3/3 ━━━━━━━━━━━━━━━━━━━━ 1s 126ms/step
3/3 ━━━━━━━━━━━━━━━━━━━━ 1s 125ms/step
3/3 ━━━━━━━━━━━━━━━━━━━━ 1s 142ms/step
[I 2024-05-23 18:12:12,909] Trial 19 finished with value: 2.328039049700679 and parameters: {'lr': 0.036649450932071996, 'hs': 7, 'en': 349, 'dropout': 0.06324622374005798}. Best is trial 12 with value: 1.2633985011829818.
3/3 ━━━━━━━━━━━━━━━━━━━━ 1s 130ms/step
[I 2024-05-23 18:13:39,517] A new study created in memory with name: no-name-3bf154a5-df31-40e3-bc2a-da979e91610f
GRU Reynolds y_7 2.4030598112589145 1.1727104375354287 -2.3 25.9
2/2 ━━━━━━━━━━━━━━━━━━━━ 1s 261ms/step
2/2 ━━━━━━━━━━━━━━━━━━━━ 1s 258ms/step
2/2 ━━━━━━━━━━━━━━━━━━━━ 1s 247ms/step
[I 2024-05-23 18:14:57,522] Trial 0 finished with value: 5.758200154629002 and parameters: {'lr': 0.004132428293167437, 'hs': 4, 'en': 226, 'dropout': 0.1012048303858879}. Best is trial 0 with value: 5.758200154629002.
2/2 ━━━━━━━━━━━━━━━━━━━━ 1s 342ms/step
2/2 ━━━━━━━━━━━━━━━━━━━━ 1s 286ms/step
2/2 ━━━━━━━━━━━━━━━━━━━━ 1s 262ms/step
[I 2024-05-23 18:15:33,839] Trial 1 finished with value: 4.886656298847067 and parameters: {'lr': 0.057464182258573734, 'hs': 7, 'en': 86, 'dropout': 0.09236083870746517}. Best is trial 1 with value: 4.886656298847067.
2/2 ━━━━━━━━━━━━━━━━━━━━ 1s 259ms/step
2/2 ━━━━━━━━━━━━━━━━━━━━ 1s 252ms/step
2/2 ━━━━━━━━━━━━━━━━━━━━ 1s 891ms/step
[I 2024-05-23 18:15:45,579] Trial 2 finished with value: 35.20905719951722 and parameters: {'lr': 0.011223072223486544, 'hs': 6, 'en': 13, 'dropout': 0.0939389390331605}. Best is trial 1 with value: 4.886656298847067.
2/2 ━━━━━━━━━━━━━━━━━━━━ 1s 312ms/step
2/2 ━━━━━━━━━━━━━━━━━━━━ 1s 286ms/step
2/2 ━━━━━━━━━━━━━━━━━━━━ 1s 265ms/step
[I 2024-05-23 18:16:41,999] Trial 3 finished with value: 4.630274769752114 and parameters: {'lr': 0.08714611834495568, 'hs': 5, 'en': 155, 'dropout': 0.1176161896876813}. Best is trial 3 with value: 4.630274769752114.
2/2 ━━━━━━━━━━━━━━━━━━━━ 1s 253ms/step
2/2 ━━━━━━━━━━━━━━━━━━━━ 1s 252ms/step
2/2 ━━━━━━━━━━━━━━━━━━━━ 1s 340ms/step
[I 2024-05-23 18:17:19,554] Trial 4 finished with value: 16.17068978805739 and parameters: {'lr': 0.05117575191572287, 'hs': 8, 'en': 93, 'dropout': 0.06413130455613322}. Best is trial 3 with value: 4.630274769752114.
2/2 ━━━━━━━━━━━━━━━━━━━━ 1s 300ms/step
2/2 ━━━━━━━━━━━━━━━━━━━━ 1s 262ms/step
2/2 ━━━━━━━━━━━━━━━━━━━━ 1s 256ms/step
[I 2024-05-23 18:18:59,547] Trial 5 finished with value: 3.4463556251830565 and parameters: {'lr': 0.03740635014513078, 'hs': 7, 'en': 283, 'dropout': 0.14014189272367977}. Best is trial 5 with value: 3.4463556251830565.
2/2 ━━━━━━━━━━━━━━━━━━━━ 1s 258ms/step
2/2 ━━━━━━━━━━━━━━━━━━━━ 1s 250ms/step
2/2 ━━━━━━━━━━━━━━━━━━━━ 1s 356ms/step
[I 2024-05-23 18:19:39,696] Trial 6 finished with value: 6.082549205534723 and parameters: {'lr': 0.08417649395040845, 'hs': 3, 'en': 100, 'dropout': 0.12432214763334266}. Best is trial 5 with value: 3.4463556251830565.
2/2 ━━━━━━━━━━━━━━━━━━━━ 1s 298ms/step
2/2 ━━━━━━━━━━━━━━━━━━━━ 1s 266ms/step
2/2 ━━━━━━━━━━━━━━━━━━━━ 1s 254ms/step
[I 2024-05-23 18:22:21,333] Trial 7 finished with value: 3.14064210173203 and parameters: {'lr': 0.07371887224555514, 'hs': 2, 'en': 459, 'dropout': 0.06532772739821384}. Best is trial 7 with value: 3.14064210173203.
2/2 ━━━━━━━━━━━━━━━━━━━━ 1s 261ms/step
2/2 ━━━━━━━━━━━━━━━━━━━━ 1s 339ms/step
2/2 ━━━━━━━━━━━━━━━━━━━━ 1s 313ms/step
[I 2024-05-23 18:23:09,545] Trial 8 finished with value: 4.669714850160708 and parameters: {'lr': 0.0489837305367197, 'hs': 7, 'en': 123, 'dropout': 0.15518897603872134}. Best is trial 7 with value: 3.14064210173203.
2/2 ━━━━━━━━━━━━━━━━━━━━ 1s 263ms/step
2/2 ━━━━━━━━━━━━━━━━━━━━ 1s 253ms/step
2/2 ━━━━━━━━━━━━━━━━━━━━ 1s 257ms/step
[I 2024-05-23 18:23:36,010] Trial 9 finished with value: 20.356491427602922 and parameters: {'lr': 0.044918137240449976, 'hs': 6, 'en': 63, 'dropout': 0.08474202717085734}. Best is trial 7 with value: 3.14064210173203.
2/2 ━━━━━━━━━━━━━━━━━━━━ 1s 245ms/step
2/2 ━━━━━━━━━━━━━━━━━━━━ 1s 340ms/step
2/2 ━━━━━━━━━━━━━━━━━━━━ 1s 289ms/step
[I 2024-05-23 18:26:20,640] Trial 10 finished with value: 7.563845062892473 and parameters: {'lr': 0.07384901118863521, 'hs': 2, 'en': 497, 'dropout': 0.18570497237211478}. Best is trial 7 with value: 3.14064210173203.
2/2 ━━━━━━━━━━━━━━━━━━━━ 1s 266ms/step
2/2 ━━━━━━━━━━━━━━━━━━━━ 1s 264ms/step
2/2 ━━━━━━━━━━━━━━━━━━━━ 1s 266ms/step
[I 2024-05-23 18:28:43,599] Trial 11 finished with value: 4.190178258032463 and parameters: {'lr': 0.027825848494211797, 'hs': 2, 'en': 423, 'dropout': 0.16042405016188066}. Best is trial 7 with value: 3.14064210173203.
2/2 ━━━━━━━━━━━━━━━━━━━━ 1s 263ms/step
2/2 ━━━━━━━━━━━━━━━━━━━━ 1s 344ms/step
2/2 ━━━━━━━━━━━━━━━━━━━━ 1s 307ms/step
[I 2024-05-23 18:30:50,781] Trial 12 finished with value: 3.099998279036742 and parameters: {'lr': 0.09924376251654554, 'hs': 4, 'en': 343, 'dropout': 0.05468565968518459}. Best is trial 12 with value: 3.099998279036742.
2/2 ━━━━━━━━━━━━━━━━━━━━ 1s 264ms/step
2/2 ━━━━━━━━━━━━━━━━━━━━ 1s 260ms/step
2/2 ━━━━━━━━━━━━━━━━━━━━ 1s 252ms/step
[I 2024-05-23 18:32:55,705] Trial 13 finished with value: 3.9430253360346312 and parameters: {'lr': 0.09952237204361254, 'hs': 4, 'en': 363, 'dropout': 0.052001477509117384}. Best is trial 12 with value: 3.099998279036742.
2/2 ━━━━━━━━━━━━━━━━━━━━ 1s 340ms/step
2/2 ━━━━━━━━━━━━━━━━━━━━ 1s 334ms/step
2/2 ━━━━━━━━━━━━━━━━━━━━ 1s 280ms/step
[I 2024-05-23 18:34:59,377] Trial 14 finished with value: 3.645545286097825 and parameters: {'lr': 0.06705002161059108, 'hs': 3, 'en': 361, 'dropout': 0.06628293493264466}. Best is trial 12 with value: 3.099998279036742.
2/2 ━━━━━━━━━━━━━━━━━━━━ 1s 307ms/step
2/2 ━━━━━━━━━━━━━━━━━━━━ 1s 262ms/step
2/2 ━━━━━━━━━━━━━━━━━━━━ 1s 253ms/step
[I 2024-05-23 18:37:44,688] Trial 15 finished with value: 3.1355907065805226 and parameters: {'lr': 0.09673104576003277, 'hs': 3, 'en': 500, 'dropout': 0.05167171464467393}. Best is trial 12 with value: 3.099998279036742.
2/2 ━━━━━━━━━━━━━━━━━━━━ 1s 375ms/step
2/2 ━━━━━━━━━━━━━━━━━━━━ 1s 297ms/step
2/2 ━━━━━━━━━━━━━━━━━━━━ 1s 271ms/step
[I 2024-05-23 18:39:48,750] Trial 16 finished with value: 3.262557048889336 and parameters: {'lr': 0.09666709149612186, 'hs': 4, 'en': 362, 'dropout': 0.05007527310372019}. Best is trial 12 with value: 3.099998279036742.
2/2 ━━━━━━━━━━━━━━━━━━━━ 1s 257ms/step
2/2 ━━━━━━━━━━━━━━━━━━━━ 1s 256ms/step
2/2 ━━━━━━━━━━━━━━━━━━━━ 1s 348ms/step
[I 2024-05-23 18:41:25,471] Trial 17 finished with value: 3.3107470127968717 and parameters: {'lr': 0.08753941041539975, 'hs': 3, 'en': 269, 'dropout': 0.07880296946714724}. Best is trial 12 with value: 3.099998279036742.
2/2 ━━━━━━━━━━━━━━━━━━━━ 1s 293ms/step
2/2 ━━━━━━━━━━━━━━━━━━━━ 1s 267ms/step
2/2 ━━━━━━━━━━━━━━━━━━━━ 1s 269ms/step
[I 2024-05-23 18:43:44,489] Trial 18 finished with value: 3.407783292310686 and parameters: {'lr': 0.06658539997642333, 'hs': 5, 'en': 414, 'dropout': 0.10756712368574797}. Best is trial 12 with value: 3.099998279036742.
2/2 ━━━━━━━━━━━━━━━━━━━━ 1s 254ms/step
2/2 ━━━━━━━━━━━━━━━━━━━━ 1s 248ms/step
2/2 ━━━━━━━━━━━━━━━━━━━━ 1s 341ms/step
[I 2024-05-23 18:45:32,580] Trial 19 finished with value: 3.2141351179953084 and parameters: {'lr': 0.09253190209674587, 'hs': 4, 'en': 316, 'dropout': 0.08039225166865234}. Best is trial 12 with value: 3.099998279036742.
2/2 ━━━━━━━━━━━━━━━━━━━━ 1s 297ms/step
[I 2024-05-23 18:46:43,794] A new study created in memory with name: no-name-48b52408-0a32-4f4a-b401-75e9e42a2275
GRU Reynolds y_8 3.7027400856741104 1.499838294371224 1.1 24.6
3/3 ━━━━━━━━━━━━━━━━━━━━ 1s 135ms/step
3/3 ━━━━━━━━━━━━━━━━━━━━ 1s 131ms/step
3/3 ━━━━━━━━━━━━━━━━━━━━ 1s 126ms/step
[I 2024-05-23 18:48:24,683] Trial 0 finished with value: 10.696518316005616 and parameters: {'lr': 0.08820871099188797, 'hs': 5, 'en': 136, 'dropout': 0.17632234423149462}. Best is trial 0 with value: 10.696518316005616.
3/3 ━━━━━━━━━━━━━━━━━━━━ 1s 150ms/step
3/3 ━━━━━━━━━━━━━━━━━━━━ 1s 135ms/step
3/3 ━━━━━━━━━━━━━━━━━━━━ 1s 136ms/step
