[I 2024-05-27 17:40:48,717] A new study created in memory with name: no-name-f1ed3c11-01bd-4200-abc5-aaae8f6f3d22
[I 2024-05-27 17:42:13,587] Trial 0 finished with value: 30.31678147676709 and parameters: {'lr': 0.060995140951262905, 'hs': 5, 'en': 215, 'dropout': 0.008533641498177732}. Best is trial 0 with value: 30.31678147676709.
[I 2024-05-27 17:44:52,167] Trial 1 finished with value: 4.99231080640612 and parameters: {'lr': 0.02028841502169804, 'hs': 4, 'en': 426, 'dropout': 0.007199208882104317}. Best is trial 1 with value: 4.99231080640612.
[I 2024-05-27 17:47:31,066] Trial 2 finished with value: 334.2185404198335 and parameters: {'lr': 0.09496645952903476, 'hs': 7, 'en': 440, 'dropout': 0.005321320005830355}. Best is trial 1 with value: 4.99231080640612.
[I 2024-05-27 17:49:36,983] Trial 3 finished with value: 24.39908032308816 and parameters: {'lr': 0.05023516859614082, 'hs': 3, 'en': 344, 'dropout': 0.0023071903534824336}. Best is trial 1 with value: 4.99231080640612.
[I 2024-05-27 17:49:53,829] Trial 4 finished with value: 37.76804257635118 and parameters: {'lr': 0.024028493077159836, 'hs': 3, 'en': 22, 'dropout': 0.007307004842428112}. Best is trial 1 with value: 4.99231080640612.
[I 2024-05-27 17:52:05,360] Trial 5 finished with value: 29.0470945603539 and parameters: {'lr': 0.08697101880170602, 'hs': 4, 'en': 343, 'dropout': 0.005163115755864882}. Best is trial 1 with value: 4.99231080640612.
[I 2024-05-27 17:54:36,556] Trial 6 finished with value: 15.91806221730368 and parameters: {'lr': 0.09971511996292755, 'hs': 8, 'en': 406, 'dropout': 0.004830233860305576}. Best is trial 1 with value: 4.99231080640612.
[I 2024-05-27 17:56:08,974] Trial 7 finished with value: 37.92846561850255 and parameters: {'lr': 0.07974481256056708, 'hs': 2, 'en': 241, 'dropout': 0.007592776547132213}. Best is trial 1 with value: 4.99231080640612.
[I 2024-05-27 17:58:41,682] Trial 8 finished with value: 7.971591958248111 and parameters: {'lr': 0.00781678872561292, 'hs': 2, 'en': 409, 'dropout': 0.0017039636493518917}. Best is trial 1 with value: 4.99231080640612.
[I 2024-05-27 18:00:47,277] Trial 9 finished with value: 30.09571102756779 and parameters: {'lr': 0.02826722944373534, 'hs': 3, 'en': 335, 'dropout': 0.00845497642562048}. Best is trial 1 with value: 4.99231080640612.
[I 2024-05-27 18:03:49,831] Trial 10 finished with value: 2.6033457583695996 and parameters: {'lr': 0.005812950100555528, 'hs': 6, 'en': 493, 'dropout': 5.588874410971181e-05}. Best is trial 10 with value: 2.6033457583695996.
[I 2024-05-27 18:06:52,440] Trial 11 finished with value: 39.06556990316739 and parameters: {'lr': 0.0001500121700896322, 'hs': 6, 'en': 490, 'dropout': 0.00020198847392254436}. Best is trial 10 with value: 2.6033457583695996.
[I 2024-05-27 18:09:56,691] Trial 12 finished with value: 25.224952373703417 and parameters: {'lr': 0.023944814674251233, 'hs': 5, 'en': 499, 'dropout': 0.009956586934038149}. Best is trial 10 with value: 2.6033457583695996.
[I 2024-05-27 18:10:52,222] Trial 13 finished with value: 28.80282326812035 and parameters: {'lr': 0.012596810658052661, 'hs': 6, 'en': 136, 'dropout': 0.003027909049048723}. Best is trial 10 with value: 2.6033457583695996.
[I 2024-05-27 18:13:35,339] Trial 14 finished with value: 28.142392983516597 and parameters: {'lr': 0.03915131478957465, 'hs': 6, 'en': 440, 'dropout': 0.0064002459090375385}. Best is trial 10 with value: 2.6033457583695996.
[I 2024-05-27 18:15:25,224] Trial 15 finished with value: 4.409565644259321 and parameters: {'lr': 0.014302068156092586, 'hs': 4, 'en': 285, 'dropout': 0.003749783132346356}. Best is trial 10 with value: 2.6033457583695996.
[I 2024-05-27 18:16:26,351] Trial 16 finished with value: 4.818132305293543 and parameters: {'lr': 0.038382159678194895, 'hs': 8, 'en': 154, 'dropout': 0.00021734688169772418}. Best is trial 10 with value: 2.6033457583695996.
[I 2024-05-27 18:18:20,084] Trial 17 finished with value: 14.133597139940017 and parameters: {'lr': 0.0031859468567606653, 'hs': 4, 'en': 296, 'dropout': 0.0037755134531648736}. Best is trial 10 with value: 2.6033457583695996.
[I 2024-05-27 18:18:47,493] Trial 18 finished with value: 37.39558461929466 and parameters: {'lr': 0.06810375980569135, 'hs': 7, 'en': 56, 'dropout': 0.0009998439771403786}. Best is trial 10 with value: 2.6033457583695996.
[I 2024-05-27 18:19:54,384] Trial 19 finished with value: 21.497397701841532 and parameters: {'lr': 0.01276964446486399, 'hs': 5, 'en': 161, 'dropout': 0.003926454322906755}. Best is trial 10 with value: 2.6033457583695996.
[I 2024-05-27 18:22:21,681] A new study created in memory with name: no-name-93130050-9bc8-42e2-a287-143937c36bd2
TKAN Reynolds y_8 0.07420086946620286 0.16770841693044058 1.3 24.2
[I 2024-05-27 18:24:48,614] Trial 0 finished with value: 41.85919328017457 and parameters: {'lr': 0.07154588254078122, 'hs': 6, 'en': 137, 'dropout': 0.001527938076813845}. Best is trial 0 with value: 41.85919328017457.
[I 2024-05-27 18:31:36,207] Trial 1 finished with value: 186.31437572454067 and parameters: {'lr': 0.065140622077448, 'hs': 8, 'en': 402, 'dropout': 0.0014659727908116302}. Best is trial 0 with value: 41.85919328017457.
[I 2024-05-27 18:38:22,972] Trial 2 finished with value: 58.23834296774347 and parameters: {'lr': 0.07539327723186408, 'hs': 3, 'en': 398, 'dropout': 0.004075781579454519}. Best is trial 0 with value: 41.85919328017457.
[I 2024-05-27 18:45:04,700] Trial 3 finished with value: 58.25468993277707 and parameters: {'lr': 0.07000605483330442, 'hs': 4, 'en': 393, 'dropout': 0.009875680424392424}. Best is trial 0 with value: 41.85919328017457.
[I 2024-05-27 18:50:24,347] Trial 4 finished with value: 34.56200891054001 and parameters: {'lr': 0.002474358236384742, 'hs': 5, 'en': 311, 'dropout': 0.00926148033123936}. Best is trial 4 with value: 34.56200891054001.
[I 2024-05-27 18:54:53,276] Trial 5 finished with value: 53.6755872474103 and parameters: {'lr': 0.001133096112172562, 'hs': 5, 'en': 262, 'dropout': 0.003066655796778278}. Best is trial 4 with value: 34.56200891054001.
[I 2024-05-27 18:57:52,540] Trial 6 finished with value: 58.304587449504744 and parameters: {'lr': 0.08638872952943241, 'hs': 2, 'en': 167, 'dropout': 0.007315835610763469}. Best is trial 4 with value: 34.56200891054001.
[I 2024-05-27 19:00:01,295] Trial 7 finished with value: 58.41176191886738 and parameters: {'lr': 0.06168944541874182, 'hs': 5, 'en': 120, 'dropout': 0.005849599830863994}. Best is trial 4 with value: 34.56200891054001.
[I 2024-05-27 19:00:29,965] Trial 8 finished with value: 58.4838213173804 and parameters: {'lr': 0.032342412587081974, 'hs': 7, 'en': 16, 'dropout': 0.007072273491091345}. Best is trial 4 with value: 34.56200891054001.
[I 2024-05-27 19:05:07,307] Trial 9 finished with value: 21.63760983896253 and parameters: {'lr': 0.006127893621563848, 'hs': 4, 'en': 269, 'dropout': 0.004735286787054135}. Best is trial 9 with value: 21.63760983896253.
[I 2024-05-27 19:13:27,581] Trial 10 finished with value: 39.26593566595796 and parameters: {'lr': 0.030827771555991795, 'hs': 2, 'en': 486, 'dropout': 9.210875682550898e-05}. Best is trial 9 with value: 21.63760983896253.
[I 2024-05-27 19:18:14,515] Trial 11 finished with value: 80.64071428388873 and parameters: {'lr': 0.00019719076059946695, 'hs': 4, 'en': 278, 'dropout': 0.009863498589176475}. Best is trial 9 with value: 21.63760983896253.
[I 2024-05-27 19:23:42,294] Trial 12 finished with value: 352.6402795321269 and parameters: {'lr': 0.021740901358499702, 'hs': 4, 'en': 317, 'dropout': 0.005661515509667344}. Best is trial 9 with value: 21.63760983896253.
[I 2024-05-27 19:27:25,347] Trial 13 finished with value: 44.644875599148094 and parameters: {'lr': 0.015425527896301734, 'hs': 6, 'en': 213, 'dropout': 0.008053813162101832}. Best is trial 9 with value: 21.63760983896253.
[I 2024-05-27 19:33:11,884] Trial 14 finished with value: 40.47080114778374 and parameters: {'lr': 0.046012814203123434, 'hs': 6, 'en': 337, 'dropout': 0.004217190177582184}. Best is trial 9 with value: 21.63760983896253.
[I 2024-05-27 19:36:43,610] Trial 15 finished with value: 58.48702582554137 and parameters: {'lr': 0.01441525108868319, 'hs': 3, 'en': 201, 'dropout': 0.00849150254908981}. Best is trial 9 with value: 21.63760983896253.
[I 2024-05-27 19:42:30,417] Trial 16 finished with value: 58.42180221416146 and parameters: {'lr': 0.047475911821617936, 'hs': 3, 'en': 339, 'dropout': 0.006410844975018525}. Best is trial 9 with value: 21.63760983896253.
[I 2024-05-27 19:50:32,671] Trial 17 finished with value: 39.51525638109973 and parameters: {'lr': 0.008883732993970234, 'hs': 5, 'en': 476, 'dropout': 0.004662845418582214}. Best is trial 9 with value: 21.63760983896253.
[I 2024-05-27 19:51:29,565] Trial 18 finished with value: 57.940909788403566 and parameters: {'lr': 0.09919394167122245, 'hs': 7, 'en': 46, 'dropout': 0.0026529833870255295}. Best is trial 9 with value: 21.63760983896253.
[I 2024-05-27 19:55:22,369] Trial 19 finished with value: 58.58964539820327 and parameters: {'lr': 0.02900093793665767, 'hs': 4, 'en': 221, 'dropout': 0.008697651993537977}. Best is trial 9 with value: 21.63760983896253.
[I 2024-05-27 19:57:39,930] A new study created in memory with name: no-name-c6200572-c902-479e-a08a-428399f98c56
TKAN Reynolds y_7 53.565438783419786 6.419851389142121 -5.8 25.3
[I 2024-05-27 20:04:49,516] Trial 0 finished with value: 74.15888193505884 and parameters: {'lr': 0.009585413561292324, 'hs': 3, 'en': 425, 'dropout': 0.0018790758024850615}. Best is trial 0 with value: 74.15888193505884.
[I 2024-05-27 20:12:51,346] Trial 1 finished with value: 74.33550559585728 and parameters: {'lr': 0.0007188262040098962, 'hs': 5, 'en': 478, 'dropout': 0.005862821600175321}. Best is trial 0 with value: 74.15888193505884.
[I 2024-05-27 20:17:50,252] Trial 2 finished with value: 53.91548035330911 and parameters: {'lr': 0.008524184153109318, 'hs': 3, 'en': 289, 'dropout': 0.009223499553774106}. Best is trial 2 with value: 53.91548035330911.
[I 2024-05-27 20:25:27,191] Trial 3 finished with value: 1.265801722963853 and parameters: {'lr': 0.06467262294262902, 'hs': 8, 'en': 451, 'dropout': 0.00042168674953840595}. Best is trial 3 with value: 1.265801722963853.
[I 2024-05-27 20:32:18,353] Trial 4 finished with value: 74.30542054518149 and parameters: {'lr': 0.019889935789563266, 'hs': 6, 'en': 402, 'dropout': 0.0015865489708543012}. Best is trial 3 with value: 1.265801722963853.
[I 2024-05-27 20:37:18,518] Trial 5 finished with value: 4.922324636391354 and parameters: {'lr': 0.08272505545141316, 'hs': 8, 'en': 291, 'dropout': 0.0012600775563419671}. Best is trial 3 with value: 1.265801722963853.
[I 2024-05-27 20:39:37,716] Trial 6 finished with value: 74.17109698238644 and parameters: {'lr': 0.03812995984285254, 'hs': 2, 'en': 127, 'dropout': 0.007764893227417005}. Best is trial 3 with value: 1.265801722963853.
[I 2024-05-27 20:44:43,817] Trial 7 finished with value: 74.10744893670483 and parameters: {'lr': 0.033003593830497155, 'hs': 2, 'en': 294, 'dropout': 0.007756135444536304}. Best is trial 3 with value: 1.265801722963853.
[I 2024-05-27 20:45:59,425] Trial 8 finished with value: 74.10024561795936 and parameters: {'lr': 0.022189702016830525, 'hs': 2, 'en': 65, 'dropout': 0.002993503755451171}. Best is trial 3 with value: 1.265801722963853.
[I 2024-05-27 20:53:40,785] Trial 9 finished with value: 29.158587043925692 and parameters: {'lr': 0.060791501809501734, 'hs': 7, 'en': 449, 'dropout': 0.0044498316785824355}. Best is trial 3 with value: 1.265801722963853.
[I 2024-05-27 20:56:38,279] Trial 10 finished with value: 167.85848733957155 and parameters: {'lr': 0.09520796223143241, 'hs': 8, 'en': 169, 'dropout': 3.189593306803185e-05}. Best is trial 3 with value: 1.265801722963853.
[I 2024-05-27 21:02:31,093] Trial 11 finished with value: 0.4418505855395812 and parameters: {'lr': 0.07487874154306443, 'hs': 8, 'en': 343, 'dropout': 2.0332754830491753e-05}. Best is trial 11 with value: 0.4418505855395812.
[I 2024-05-27 21:08:48,141] Trial 12 finished with value: 26.836333535200755 and parameters: {'lr': 0.06390657799481349, 'hs': 6, 'en': 372, 'dropout': 0.0001458368450915485}. Best is trial 11 with value: 0.4418505855395812.
[I 2024-05-27 21:15:15,257] Trial 13 finished with value: 191.33298393618443 and parameters: {'lr': 0.06877188509581711, 'hs': 7, 'en': 376, 'dropout': 0.003275403074950957}. Best is trial 11 with value: 0.4418505855395812.
[I 2024-05-27 21:21:10,469] Trial 14 finished with value: 27.275517661762837 and parameters: {'lr': 0.07985349791922966, 'hs': 8, 'en': 347, 'dropout': 0.0035118352279192716}. Best is trial 11 with value: 0.4418505855395812.
[I 2024-05-27 21:25:08,621] Trial 15 finished with value: 52.58129611959498 and parameters: {'lr': 0.04948885240493226, 'hs': 5, 'en': 225, 'dropout': 0.005593597417136233}. Best is trial 11 with value: 0.4418505855395812.
[I 2024-05-27 21:29:01,218] Trial 16 finished with value: 217.0161307372604 and parameters: {'lr': 0.07990903454507063, 'hs': 7, 'en': 224, 'dropout': 0.0007435767024063572}. Best is trial 11 with value: 0.4418505855395812.
[I 2024-05-27 21:37:26,300] Trial 17 finished with value: 48.44864872827011 and parameters: {'lr': 0.09747831110342985, 'hs': 6, 'en': 500, 'dropout': 0.0023579136281082287}. Best is trial 11 with value: 0.4418505855395812.
[I 2024-05-27 21:43:32,553] Trial 18 finished with value: 53.496654838571374 and parameters: {'lr': 0.0501287481581238, 'hs': 8, 'en': 355, 'dropout': 0.004652109293859763}. Best is trial 11 with value: 0.4418505855395812.
[I 2024-05-27 21:44:01,617] Trial 19 finished with value: 74.34581516027129 and parameters: {'lr': 0.0528243900675255, 'hs': 5, 'en': 18, 'dropout': 0.000920031757837323}. Best is trial 11 with value: 0.4418505855395812.
[I 2024-05-27 21:46:55,531] A new study created in memory with name: no-name-ec38ace9-959a-4b5e-aebb-868d6d3b1607
TKAN Reynolds y_5 0.3947996541787113 0.5020266601828491 -7.9 27.4
[I 2024-05-27 21:49:55,151] Trial 0 finished with value: 101.0415187951351 and parameters: {'lr': 0.04582117130278811, 'hs': 2, 'en': 168, 'dropout': 0.003630739126851281}. Best is trial 0 with value: 101.0415187951351.
[I 2024-05-27 21:55:37,586] Trial 1 finished with value: 101.14186902596418 and parameters: {'lr': 0.09681473372196955, 'hs': 2, 'en': 329, 'dropout': 0.009208894756423653}. Best is trial 0 with value: 101.0415187951351.
[I 2024-05-27 22:03:44,202] Trial 2 finished with value: 34.350303633716294 and parameters: {'lr': 0.0823926735191213, 'hs': 6, 'en': 475, 'dropout': 0.0011517669292386726}. Best is trial 2 with value: 34.350303633716294.
[I 2024-05-27 22:11:44,722] Trial 3 finished with value: 99.86737948959973 and parameters: {'lr': 0.09635516103091184, 'hs': 2, 'en': 470, 'dropout': 0.008269086812937122}. Best is trial 2 with value: 34.350303633716294.
[I 2024-05-27 22:18:28,755] Trial 4 finished with value: 100.87808169369924 and parameters: {'lr': 0.013779248183923603, 'hs': 2, 'en': 392, 'dropout': 0.006346763415347104}. Best is trial 2 with value: 34.350303633716294.
[I 2024-05-27 22:23:26,827] Trial 5 finished with value: 34.20088936741696 and parameters: {'lr': 0.08502045433354384, 'hs': 5, 'en': 288, 'dropout': 0.0007184691528555761}. Best is trial 5 with value: 34.20088936741696.
[I 2024-05-27 22:29:54,654] Trial 6 finished with value: 67.0220236453175 and parameters: {'lr': 0.0776394163579754, 'hs': 6, 'en': 377, 'dropout': 0.0038812628266542237}. Best is trial 5 with value: 34.20088936741696.
[I 2024-05-27 22:38:15,948] Trial 7 finished with value: 207.02098117874348 and parameters: {'lr': 0.07020836033359341, 'hs': 6, 'en': 493, 'dropout': 0.004714028399046116}. Best is trial 5 with value: 34.20088936741696.
[I 2024-05-27 22:44:22,850] Trial 8 finished with value: 100.00880070568412 and parameters: {'lr': 0.09315047637854719, 'hs': 5, 'en': 358, 'dropout': 0.0019482952771048968}. Best is trial 5 with value: 34.20088936741696.
[I 2024-05-27 22:49:23,624] Trial 9 finished with value: 37.118582557730726 and parameters: {'lr': 0.006563317201965996, 'hs': 7, 'en': 292, 'dropout': 0.004247745535402974}. Best is trial 5 with value: 34.20088936741696.
[I 2024-05-27 22:50:32,862] Trial 10 finished with value: 75.30498854780777 and parameters: {'lr': 0.0454358351867335, 'hs': 4, 'en': 59, 'dropout': 0.0003106479500882952}. Best is trial 5 with value: 34.20088936741696.
[I 2024-05-27 22:54:27,565] Trial 11 finished with value: 2.5499174386939005 and parameters: {'lr': 0.06407227114867939, 'hs': 8, 'en': 223, 'dropout': 0.0003118957196687228}. Best is trial 11 with value: 2.5499174386939005.
[I 2024-05-27 22:58:12,086] Trial 12 finished with value: 8.623615741927603 and parameters: {'lr': 0.061303163029437564, 'hs': 8, 'en': 217, 'dropout': 0.002317128497358766}. Best is trial 11 with value: 2.5499174386939005.
[I 2024-05-27 23:01:34,453] Trial 13 finished with value: 44.6263102267338 and parameters: {'lr': 0.06067922012423737, 'hs': 8, 'en': 189, 'dropout': 0.001810138640905006}. Best is trial 11 with value: 2.5499174386939005.
[I 2024-05-27 23:04:56,488] Trial 14 finished with value: 40.91128279885692 and parameters: {'lr': 0.030492457831894706, 'hs': 8, 'en': 193, 'dropout': 0.002693025127771327}. Best is trial 11 with value: 2.5499174386939005.
[I 2024-05-27 23:06:41,735] Trial 15 finished with value: 47.55842898667331 and parameters: {'lr': 0.06191059657106911, 'hs': 8, 'en': 94, 'dropout': 0.006008932712331598}. Best is trial 11 with value: 2.5499174386939005.
[I 2024-05-27 23:09:02,212] Trial 16 finished with value: 74.16396708297748 and parameters: {'lr': 0.036476417977924405, 'hs': 7, 'en': 130, 'dropout': 0.0026923936043417264}. Best is trial 11 with value: 2.5499174386939005.
[I 2024-05-27 23:09:29,278] Trial 17 finished with value: 83.34831703396799 and parameters: {'lr': 0.057724293285907786, 'hs': 7, 'en': 14, 'dropout': 8.140089553099195e-05}. Best is trial 11 with value: 2.5499174386939005.
[I 2024-05-27 23:13:26,553] Trial 18 finished with value: 69.25266148181394 and parameters: {'lr': 0.07094909344048678, 'hs': 4, 'en': 230, 'dropout': 0.0028410073823305665}. Best is trial 11 with value: 2.5499174386939005.
[I 2024-05-27 23:17:46,604] Trial 19 finished with value: 35.89724534559214 and parameters: {'lr': 0.0253847168595005, 'hs': 8, 'en': 247, 'dropout': 0.0016226664866317952}. Best is trial 11 with value: 2.5499174386939005.
[I 2024-05-27 23:19:41,784] A new study created in memory with name: no-name-bba4c56f-eadc-42e9-9f26-057732fe3ed4
TKAN Reynolds y_3 1.55809307342524 0.9139009114025402 -8.6 31.5
[I 2024-05-27 23:22:40,571] Trial 0 finished with value: 111.37485234551814 and parameters: {'lr': 0.027293905378293834, 'hs': 8, 'en': 240, 'dropout': 0.009503853504277408}. Best is trial 0 with value: 111.37485234551814.
[I 2024-05-27 23:27:43,303] Trial 1 finished with value: 176.18245340699045 and parameters: {'lr': 0.03286566251705274, 'hs': 8, 'en': 417, 'dropout': 0.00319234354621978}. Best is trial 0 with value: 111.37485234551814.
[I 2024-05-27 23:33:24,909] Trial 2 finished with value: 94.82520842511015 and parameters: {'lr': 0.048397530051283895, 'hs': 8, 'en': 478, 'dropout': 0.00378190841639327}. Best is trial 2 with value: 94.82520842511015.
[I 2024-05-27 23:35:42,088] Trial 3 finished with value: 132.50875141695934 and parameters: {'lr': 0.05575231126162382, 'hs': 8, 'en': 180, 'dropout': 0.008075809417028342}. Best is trial 2 with value: 94.82520842511015.
[I 2024-05-27 23:40:57,250] Trial 4 finished with value: 143.18851035337173 and parameters: {'lr': 0.07535364683161211, 'hs': 5, 'en': 440, 'dropout': 0.0050696584484408195}. Best is trial 2 with value: 94.82520842511015.
[I 2024-05-27 23:45:51,575] Trial 5 finished with value: 177.0206259100037 and parameters: {'lr': 0.04747621241482533, 'hs': 8, 'en': 411, 'dropout': 0.0008966752964797548}. Best is trial 2 with value: 94.82520842511015.
[I 2024-05-27 23:50:43,710] Trial 6 finished with value: 52.64352441329171 and parameters: {'lr': 0.0194043724358798, 'hs': 2, 'en': 405, 'dropout': 0.0020034416353458353}. Best is trial 6 with value: 52.64352441329171.
[I 2024-05-27 23:52:49,652] Trial 7 finished with value: 101.29168397106581 and parameters: {'lr': 0.0795318840353632, 'hs': 2, 'en': 165, 'dropout': 0.006965865007149081}. Best is trial 6 with value: 52.64352441329171.
[I 2024-05-27 23:56:36,905] Trial 8 finished with value: 59.09993540242383 and parameters: {'lr': 0.060985927941751436, 'hs': 6, 'en': 309, 'dropout': 0.009256599673564835}. Best is trial 6 with value: 52.64352441329171.
[I 2024-05-27 23:58:21,046] Trial 9 finished with value: 262.27350463761917 and parameters: {'lr': 0.033828477628241795, 'hs': 8, 'en': 137, 'dropout': 0.0009218241591344534}. Best is trial 6 with value: 52.64352441329171.
[I 2024-05-27 23:58:45,737] Trial 10 finished with value: 283.0639346430077 and parameters: {'lr': 0.003536845300336943, 'hs': 2, 'en': 16, 'dropout': 0.002560910640646742}. Best is trial 6 with value: 52.64352441329171.
[I 2024-05-28 00:02:29,936] Trial 11 finished with value: 143.20352608410474 and parameters: {'lr': 0.0009146005767062711, 'hs': 5, 'en': 307, 'dropout': 0.005560340406069624}. Best is trial 6 with value: 52.64352441329171.
[I 2024-05-28 00:06:43,295] Trial 12 finished with value: 144.09472304897446 and parameters: {'lr': 0.09913911820256975, 'hs': 6, 'en': 351, 'dropout': 0.009328312463660303}. Best is trial 6 with value: 52.64352441329171.
[I 2024-05-28 00:10:34,635] Trial 13 finished with value: 217.28251164520256 and parameters: {'lr': 0.016863366747767818, 'hs': 4, 'en': 319, 'dropout': 0.006709588620826062}. Best is trial 6 with value: 52.64352441329171.
[I 2024-05-28 00:15:09,642] Trial 14 finished with value: 258.7793471590864 and parameters: {'lr': 0.06377385385465444, 'hs': 3, 'en': 377, 'dropout': 0.0020605727440663516}. Best is trial 6 with value: 52.64352441329171.
