[I 2024-05-30 23:34:24,554] Trial 6 finished with value: 18.00390863384732 and parameters: {'lr': 0.06827287036461499, 'hs': 5, 'en': 307, 'dropout': 0.008136752287428262}. Best is trial 2 with value: 3.5626970435849885.
/home/keen/.pyenv/versions/3.10.13/lib/python3.10/site-packages/keras/src/layers/core/input_layer.py:25: UserWarning: Argument `input_shape` is deprecated. Use `shape` instead.
  warnings.warn(
8/8 ━━━━━━━━━━━━━━━━━━━━ 1s 50ms/step
/home/keen/.pyenv/versions/3.10.13/lib/python3.10/site-packages/keras/src/layers/core/input_layer.py:25: UserWarning: Argument `input_shape` is deprecated. Use `shape` instead.
  warnings.warn(
8/8 ━━━━━━━━━━━━━━━━━━━━ 1s 43ms/step
/home/keen/.pyenv/versions/3.10.13/lib/python3.10/site-packages/keras/src/layers/core/input_layer.py:25: UserWarning: Argument `input_shape` is deprecated. Use `shape` instead.
  warnings.warn(
8/8 ━━━━━━━━━━━━━━━━━━━━ 1s 41ms/step
[I 2024-05-30 23:39:13,913] Trial 7 finished with value: 25.056752482985967 and parameters: {'lr': 0.07360868035967925, 'hs': 7, 'en': 94, 'dropout': 0.003945232611868044}. Best is trial 2 with value: 3.5626970435849885.
/home/keen/.pyenv/versions/3.10.13/lib/python3.10/site-packages/keras/src/layers/core/input_layer.py:25: UserWarning: Argument `input_shape` is deprecated. Use `shape` instead.
  warnings.warn(
8/8 ━━━━━━━━━━━━━━━━━━━━ 1s 43ms/step
/home/keen/.pyenv/versions/3.10.13/lib/python3.10/site-packages/keras/src/layers/core/input_layer.py:25: UserWarning: Argument `input_shape` is deprecated. Use `shape` instead.
  warnings.warn(
8/8 ━━━━━━━━━━━━━━━━━━━━ 1s 42ms/step
/home/keen/.pyenv/versions/3.10.13/lib/python3.10/site-packages/keras/src/layers/core/input_layer.py:25: UserWarning: Argument `input_shape` is deprecated. Use `shape` instead.
  warnings.warn(
8/8 ━━━━━━━━━━━━━━━━━━━━ 1s 42ms/step
[I 2024-05-30 23:50:59,469] Trial 8 finished with value: 25.084793131489125 and parameters: {'lr': 0.09301304509758071, 'hs': 7, 'en': 255, 'dropout': 0.00700628815059485}. Best is trial 2 with value: 3.5626970435849885.
/home/keen/.pyenv/versions/3.10.13/lib/python3.10/site-packages/keras/src/layers/core/input_layer.py:25: UserWarning: Argument `input_shape` is deprecated. Use `shape` instead.
  warnings.warn(
8/8 ━━━━━━━━━━━━━━━━━━━━ 1s 42ms/step
/home/keen/.pyenv/versions/3.10.13/lib/python3.10/site-packages/keras/src/layers/core/input_layer.py:25: UserWarning: Argument `input_shape` is deprecated. Use `shape` instead.
  warnings.warn(
8/8 ━━━━━━━━━━━━━━━━━━━━ 1s 43ms/step
/home/keen/.pyenv/versions/3.10.13/lib/python3.10/site-packages/keras/src/layers/core/input_layer.py:25: UserWarning: Argument `input_shape` is deprecated. Use `shape` instead.
  warnings.warn(
8/8 ━━━━━━━━━━━━━━━━━━━━ 1s 42ms/step
[I 2024-05-31 00:10:20,813] Trial 9 finished with value: 340.88580465119156 and parameters: {'lr': 0.08733899813708011, 'hs': 7, 'en': 422, 'dropout': 0.006861781366115959}. Best is trial 2 with value: 3.5626970435849885.
/home/keen/.pyenv/versions/3.10.13/lib/python3.10/site-packages/keras/src/layers/core/input_layer.py:25: UserWarning: Argument `input_shape` is deprecated. Use `shape` instead.
  warnings.warn(
8/8 ━━━━━━━━━━━━━━━━━━━━ 1s 41ms/step
/home/keen/.pyenv/versions/3.10.13/lib/python3.10/site-packages/keras/src/layers/core/input_layer.py:25: UserWarning: Argument `input_shape` is deprecated. Use `shape` instead.
  warnings.warn(
8/8 ━━━━━━━━━━━━━━━━━━━━ 1s 42ms/step
/home/keen/.pyenv/versions/3.10.13/lib/python3.10/site-packages/keras/src/layers/core/input_layer.py:25: UserWarning: Argument `input_shape` is deprecated. Use `shape` instead.
  warnings.warn(
8/8 ━━━━━━━━━━━━━━━━━━━━ 1s 42ms/step
[I 2024-05-31 00:26:23,981] Trial 10 finished with value: 4.339858812237338 and parameters: {'lr': 0.0013674284588497182, 'hs': 5, 'en': 348, 'dropout': 0.00042471468997941613}. Best is trial 2 with value: 3.5626970435849885.
/home/keen/.pyenv/versions/3.10.13/lib/python3.10/site-packages/keras/src/layers/core/input_layer.py:25: UserWarning: Argument `input_shape` is deprecated. Use `shape` instead.
  warnings.warn(
8/8 ━━━━━━━━━━━━━━━━━━━━ 1s 43ms/step
/home/keen/.pyenv/versions/3.10.13/lib/python3.10/site-packages/keras/src/layers/core/input_layer.py:25: UserWarning: Argument `input_shape` is deprecated. Use `shape` instead.
  warnings.warn(
8/8 ━━━━━━━━━━━━━━━━━━━━ 1s 43ms/step
/home/keen/.pyenv/versions/3.10.13/lib/python3.10/site-packages/keras/src/layers/core/input_layer.py:25: UserWarning: Argument `input_shape` is deprecated. Use `shape` instead.
  warnings.warn(
8/8 ━━━━━━━━━━━━━━━━━━━━ 1s 45ms/step
[I 2024-05-31 00:48:45,060] Trial 11 finished with value: 3.804371014171803 and parameters: {'lr': 0.005355086442611207, 'hs': 2, 'en': 490, 'dropout': 0.009127342367670294}. Best is trial 2 with value: 3.5626970435849885.
/home/keen/.pyenv/versions/3.10.13/lib/python3.10/site-packages/keras/src/layers/core/input_layer.py:25: UserWarning: Argument `input_shape` is deprecated. Use `shape` instead.
  warnings.warn(
8/8 ━━━━━━━━━━━━━━━━━━━━ 1s 42ms/step
/home/keen/.pyenv/versions/3.10.13/lib/python3.10/site-packages/keras/src/layers/core/input_layer.py:25: UserWarning: Argument `input_shape` is deprecated. Use `shape` instead.
  warnings.warn(
8/8 ━━━━━━━━━━━━━━━━━━━━ 1s 42ms/step
/home/keen/.pyenv/versions/3.10.13/lib/python3.10/site-packages/keras/src/layers/core/input_layer.py:25: UserWarning: Argument `input_shape` is deprecated. Use `shape` instead.
  warnings.warn(
8/8 ━━━━━━━━━━━━━━━━━━━━ 1s 42ms/step
[I 2024-05-31 01:06:41,728] Trial 12 finished with value: 18.17116853396067 and parameters: {'lr': 0.024613809848205152, 'hs': 2, 'en': 388, 'dropout': 0.005353499135408907}. Best is trial 2 with value: 3.5626970435849885.
/home/keen/.pyenv/versions/3.10.13/lib/python3.10/site-packages/keras/src/layers/core/input_layer.py:25: UserWarning: Argument `input_shape` is deprecated. Use `shape` instead.
  warnings.warn(
8/8 ━━━━━━━━━━━━━━━━━━━━ 1s 42ms/step
/home/keen/.pyenv/versions/3.10.13/lib/python3.10/site-packages/keras/src/layers/core/input_layer.py:25: UserWarning: Argument `input_shape` is deprecated. Use `shape` instead.
  warnings.warn(
8/8 ━━━━━━━━━━━━━━━━━━━━ 1s 44ms/step
/home/keen/.pyenv/versions/3.10.13/lib/python3.10/site-packages/keras/src/layers/core/input_layer.py:25: UserWarning: Argument `input_shape` is deprecated. Use `shape` instead.
  warnings.warn(
8/8 ━━━━━━━━━━━━━━━━━━━━ 1s 43ms/step
[I 2024-05-31 01:28:53,668] Trial 13 finished with value: 11.73118524213447 and parameters: {'lr': 0.020350494838669374, 'hs': 6, 'en': 487, 'dropout': 0.0098836366787029}. Best is trial 2 with value: 3.5626970435849885.
/home/keen/.pyenv/versions/3.10.13/lib/python3.10/site-packages/keras/src/layers/core/input_layer.py:25: UserWarning: Argument `input_shape` is deprecated. Use `shape` instead.
  warnings.warn(
8/8 ━━━━━━━━━━━━━━━━━━━━ 1s 42ms/step
/home/keen/.pyenv/versions/3.10.13/lib/python3.10/site-packages/keras/src/layers/core/input_layer.py:25: UserWarning: Argument `input_shape` is deprecated. Use `shape` instead.
  warnings.warn(
8/8 ━━━━━━━━━━━━━━━━━━━━ 8s 1s/step  
/home/keen/.pyenv/versions/3.10.13/lib/python3.10/site-packages/keras/src/layers/core/input_layer.py:25: UserWarning: Argument `input_shape` is deprecated. Use `shape` instead.
  warnings.warn(
8/8 ━━━━━━━━━━━━━━━━━━━━ 1s 44ms/step
[I 2024-05-31 01:30:33,049] Trial 14 finished with value: 25.133448609764034 and parameters: {'lr': 0.038021678496804885, 'hs': 2, 'en': 30, 'dropout': 0.005716521632473481}. Best is trial 2 with value: 3.5626970435849885.
/home/keen/.pyenv/versions/3.10.13/lib/python3.10/site-packages/keras/src/layers/core/input_layer.py:25: UserWarning: Argument `input_shape` is deprecated. Use `shape` instead.
  warnings.warn(
8/8 ━━━━━━━━━━━━━━━━━━━━ 1s 44ms/step
/home/keen/.pyenv/versions/3.10.13/lib/python3.10/site-packages/keras/src/layers/core/input_layer.py:25: UserWarning: Argument `input_shape` is deprecated. Use `shape` instead.
  warnings.warn(
8/8 ━━━━━━━━━━━━━━━━━━━━ 1s 45ms/step
/home/keen/.pyenv/versions/3.10.13/lib/python3.10/site-packages/keras/src/layers/core/input_layer.py:25: UserWarning: Argument `input_shape` is deprecated. Use `shape` instead.
  warnings.warn(
8/8 ━━━━━━━━━━━━━━━━━━━━ 1s 45ms/step
[I 2024-05-31 01:48:59,399] Trial 15 finished with value: 10.212238448396997 and parameters: {'lr': 0.019742400703577932, 'hs': 4, 'en': 388, 'dropout': 0.004475540749852709}. Best is trial 2 with value: 3.5626970435849885.
/home/keen/.pyenv/versions/3.10.13/lib/python3.10/site-packages/keras/src/layers/core/input_layer.py:25: UserWarning: Argument `input_shape` is deprecated. Use `shape` instead.
  warnings.warn(
8/8 ━━━━━━━━━━━━━━━━━━━━ 1s 48ms/step
/home/keen/.pyenv/versions/3.10.13/lib/python3.10/site-packages/keras/src/layers/core/input_layer.py:25: UserWarning: Argument `input_shape` is deprecated. Use `shape` instead.
  warnings.warn(
8/8 ━━━━━━━━━━━━━━━━━━━━ 1s 43ms/step
/home/keen/.pyenv/versions/3.10.13/lib/python3.10/site-packages/keras/src/layers/core/input_layer.py:25: UserWarning: Argument `input_shape` is deprecated. Use `shape` instead.
  warnings.warn(
8/8 ━━━━━━━━━━━━━━━━━━━━ 1s 44ms/step
[I 2024-05-31 02:04:26,841] Trial 16 finished with value: 17.380563997040564 and parameters: {'lr': 0.032998223974519736, 'hs': 6, 'en': 328, 'dropout': 0.008450447588828715}. Best is trial 2 with value: 3.5626970435849885.
/home/keen/.pyenv/versions/3.10.13/lib/python3.10/site-packages/keras/src/layers/core/input_layer.py:25: UserWarning: Argument `input_shape` is deprecated. Use `shape` instead.
  warnings.warn(
8/8 ━━━━━━━━━━━━━━━━━━━━ 1s 44ms/step
/home/keen/.pyenv/versions/3.10.13/lib/python3.10/site-packages/keras/src/layers/core/input_layer.py:25: UserWarning: Argument `input_shape` is deprecated. Use `shape` instead.
  warnings.warn(
8/8 ━━━━━━━━━━━━━━━━━━━━ 1s 43ms/step
/home/keen/.pyenv/versions/3.10.13/lib/python3.10/site-packages/keras/src/layers/core/input_layer.py:25: UserWarning: Argument `input_shape` is deprecated. Use `shape` instead.
  warnings.warn(
8/8 ━━━━━━━━━━━━━━━━━━━━ 1s 44ms/step
[I 2024-05-31 02:27:49,780] Trial 17 finished with value: 25.06395568598011 and parameters: {'lr': 0.010548627904459273, 'hs': 4, 'en': 498, 'dropout': 0.001036718889089584}. Best is trial 2 with value: 3.5626970435849885.
/home/keen/.pyenv/versions/3.10.13/lib/python3.10/site-packages/keras/src/layers/core/input_layer.py:25: UserWarning: Argument `input_shape` is deprecated. Use `shape` instead.
  warnings.warn(
8/8 ━━━━━━━━━━━━━━━━━━━━ 1s 42ms/step
/home/keen/.pyenv/versions/3.10.13/lib/python3.10/site-packages/keras/src/layers/core/input_layer.py:25: UserWarning: Argument `input_shape` is deprecated. Use `shape` instead.
  warnings.warn(
8/8 ━━━━━━━━━━━━━━━━━━━━ 1s 42ms/step
/home/keen/.pyenv/versions/3.10.13/lib/python3.10/site-packages/keras/src/layers/core/input_layer.py:25: UserWarning: Argument `input_shape` is deprecated. Use `shape` instead.
  warnings.warn(
8/8 ━━━━━━━━━━━━━━━━━━━━ 1s 44ms/step
[I 2024-05-31 02:47:43,358] Trial 18 finished with value: 9.775547959025241 and parameters: {'lr': 0.0005858781542088104, 'hs': 6, 'en': 426, 'dropout': 0.005393970015980994}. Best is trial 2 with value: 3.5626970435849885.
/home/keen/.pyenv/versions/3.10.13/lib/python3.10/site-packages/keras/src/layers/core/input_layer.py:25: UserWarning: Argument `input_shape` is deprecated. Use `shape` instead.
  warnings.warn(
8/8 ━━━━━━━━━━━━━━━━━━━━ 1s 42ms/step
/home/keen/.pyenv/versions/3.10.13/lib/python3.10/site-packages/keras/src/layers/core/input_layer.py:25: UserWarning: Argument `input_shape` is deprecated. Use `shape` instead.
  warnings.warn(
8/8 ━━━━━━━━━━━━━━━━━━━━ 1s 44ms/step
/home/keen/.pyenv/versions/3.10.13/lib/python3.10/site-packages/keras/src/layers/core/input_layer.py:25: UserWarning: Argument `input_shape` is deprecated. Use `shape` instead.
  warnings.warn(
8/8 ━━━━━━━━━━━━━━━━━━━━ 1s 46ms/step
[I 2024-05-31 02:56:50,585] Trial 19 finished with value: 24.979782359543208 and parameters: {'lr': 0.0526885037062829, 'hs': 3, 'en': 198, 'dropout': 0.006184817663955547}. Best is trial 2 with value: 3.5626970435849885.
/home/keen/.pyenv/versions/3.10.13/lib/python3.10/site-packages/keras/src/layers/core/input_layer.py:25: UserWarning: Argument `input_shape` is deprecated. Use `shape` instead.
  warnings.warn(
10/10 ━━━━━━━━━━━━━━━━━━━━ 1s 34ms/step
[I 2024-05-31 03:08:16,066] A new study created in memory with name: no-name-36b479fc-69d6-4e55-83fe-3324d323e250
TKAN UK y_4 2.7482088868144787 1.0983302517890008 -4.2 26.2
/home/keen/.pyenv/versions/3.10.13/lib/python3.10/site-packages/keras/src/layers/core/input_layer.py:25: UserWarning: Argument `input_shape` is deprecated. Use `shape` instead.
  warnings.warn(
8/8 ━━━━━━━━━━━━━━━━━━━━ 1s 42ms/step
/home/keen/.pyenv/versions/3.10.13/lib/python3.10/site-packages/keras/src/layers/core/input_layer.py:25: UserWarning: Argument `input_shape` is deprecated. Use `shape` instead.
  warnings.warn(
8/8 ━━━━━━━━━━━━━━━━━━━━ 1s 43ms/step
/home/keen/.pyenv/versions/3.10.13/lib/python3.10/site-packages/keras/src/layers/core/input_layer.py:25: UserWarning: Argument `input_shape` is deprecated. Use `shape` instead.
  warnings.warn(
8/8 ━━━━━━━━━━━━━━━━━━━━ 1s 42ms/step
[I 2024-05-31 03:18:57,326] Trial 0 finished with value: 341.13936418286846 and parameters: {'lr': 0.08558192010295054, 'hs': 7, 'en': 230, 'dropout': 0.00808268336108164}. Best is trial 0 with value: 341.13936418286846.
/home/keen/.pyenv/versions/3.10.13/lib/python3.10/site-packages/keras/src/layers/core/input_layer.py:25: UserWarning: Argument `input_shape` is deprecated. Use `shape` instead.
  warnings.warn(
8/8 ━━━━━━━━━━━━━━━━━━━━ 1s 42ms/step
/home/keen/.pyenv/versions/3.10.13/lib/python3.10/site-packages/keras/src/layers/core/input_layer.py:25: UserWarning: Argument `input_shape` is deprecated. Use `shape` instead.
  warnings.warn(
8/8 ━━━━━━━━━━━━━━━━━━━━ 1s 42ms/step
/home/keen/.pyenv/versions/3.10.13/lib/python3.10/site-packages/keras/src/layers/core/input_layer.py:25: UserWarning: Argument `input_shape` is deprecated. Use `shape` instead.
  warnings.warn(
8/8 ━━━━━━━━━━━━━━━━━━━━ 1s 43ms/step
[I 2024-05-31 03:37:10,370] Trial 1 finished with value: 21.485310040870683 and parameters: {'lr': 0.04733336963704754, 'hs': 2, 'en': 399, 'dropout': 0.008019557756030155}. Best is trial 1 with value: 21.485310040870683.
/home/keen/.pyenv/versions/3.10.13/lib/python3.10/site-packages/keras/src/layers/core/input_layer.py:25: UserWarning: Argument `input_shape` is deprecated. Use `shape` instead.
  warnings.warn(
8/8 ━━━━━━━━━━━━━━━━━━━━ 1s 42ms/step
/home/keen/.pyenv/versions/3.10.13/lib/python3.10/site-packages/keras/src/layers/core/input_layer.py:25: UserWarning: Argument `input_shape` is deprecated. Use `shape` instead.
  warnings.warn(
8/8 ━━━━━━━━━━━━━━━━━━━━ 1s 42ms/step
/home/keen/.pyenv/versions/3.10.13/lib/python3.10/site-packages/keras/src/layers/core/input_layer.py:25: UserWarning: Argument `input_shape` is deprecated. Use `shape` instead.
  warnings.warn(
8/8 ━━━━━━━━━━━━━━━━━━━━ 1s 43ms/step
[I 2024-05-31 03:51:52,166] Trial 2 finished with value: 21.577455115371247 and parameters: {'lr': 0.07698898772688655, 'hs': 2, 'en': 324, 'dropout': 0.009736656846937605}. Best is trial 1 with value: 21.485310040870683.
/home/keen/.pyenv/versions/3.10.13/lib/python3.10/site-packages/keras/src/layers/core/input_layer.py:25: UserWarning: Argument `input_shape` is deprecated. Use `shape` instead.
  warnings.warn(
8/8 ━━━━━━━━━━━━━━━━━━━━ 1s 41ms/step
/home/keen/.pyenv/versions/3.10.13/lib/python3.10/site-packages/keras/src/layers/core/input_layer.py:25: UserWarning: Argument `input_shape` is deprecated. Use `shape` instead.
  warnings.warn(
8/8 ━━━━━━━━━━━━━━━━━━━━ 1s 42ms/step
/home/keen/.pyenv/versions/3.10.13/lib/python3.10/site-packages/keras/src/layers/core/input_layer.py:25: UserWarning: Argument `input_shape` is deprecated. Use `shape` instead.
  warnings.warn(
8/8 ━━━━━━━━━━━━━━━━━━━━ 1s 43ms/step
[I 2024-05-31 04:02:37,525] Trial 3 finished with value: 500.0 and parameters: {'lr': 0.07439675969057831, 'hs': 5, 'en': 233, 'dropout': 0.0007778764758526298}. Best is trial 1 with value: 21.485310040870683.
/home/keen/.pyenv/versions/3.10.13/lib/python3.10/site-packages/keras/src/layers/core/input_layer.py:25: UserWarning: Argument `input_shape` is deprecated. Use `shape` instead.
  warnings.warn(
8/8 ━━━━━━━━━━━━━━━━━━━━ 1s 46ms/step
/home/keen/.pyenv/versions/3.10.13/lib/python3.10/site-packages/keras/src/layers/core/input_layer.py:25: UserWarning: Argument `input_shape` is deprecated. Use `shape` instead.
  warnings.warn(
8/8 ━━━━━━━━━━━━━━━━━━━━ 1s 45ms/step
/home/keen/.pyenv/versions/3.10.13/lib/python3.10/site-packages/keras/src/layers/core/input_layer.py:25: UserWarning: Argument `input_shape` is deprecated. Use `shape` instead.
  warnings.warn(
8/8 ━━━━━━━━━━━━━━━━━━━━ 1s 44ms/step
[I 2024-05-31 04:15:21,323] Trial 4 finished with value: 21.49173858739398 and parameters: {'lr': 0.05510992919748041, 'hs': 6, 'en': 276, 'dropout': 0.008629617695460104}. Best is trial 1 with value: 21.485310040870683.
/home/keen/.pyenv/versions/3.10.13/lib/python3.10/site-packages/keras/src/layers/core/input_layer.py:25: UserWarning: Argument `input_shape` is deprecated. Use `shape` instead.
  warnings.warn(
8/8 ━━━━━━━━━━━━━━━━━━━━ 1s 41ms/step
/home/keen/.pyenv/versions/3.10.13/lib/python3.10/site-packages/keras/src/layers/core/input_layer.py:25: UserWarning: Argument `input_shape` is deprecated. Use `shape` instead.
  warnings.warn(
8/8 ━━━━━━━━━━━━━━━━━━━━ 1s 43ms/step
/home/keen/.pyenv/versions/3.10.13/lib/python3.10/site-packages/keras/src/layers/core/input_layer.py:25: UserWarning: Argument `input_shape` is deprecated. Use `shape` instead.
  warnings.warn(
8/8 ━━━━━━━━━━━━━━━━━━━━ 1s 43ms/step
[I 2024-05-31 04:18:43,000] Trial 5 finished with value: 14.930169560377061 and parameters: {'lr': 0.09371465607818638, 'hs': 4, 'en': 71, 'dropout': 0.003363240160684109}. Best is trial 5 with value: 14.930169560377061.
/home/keen/.pyenv/versions/3.10.13/lib/python3.10/site-packages/keras/src/layers/core/input_layer.py:25: UserWarning: Argument `input_shape` is deprecated. Use `shape` instead.
  warnings.warn(
8/8 ━━━━━━━━━━━━━━━━━━━━ 1s 42ms/step
/home/keen/.pyenv/versions/3.10.13/lib/python3.10/site-packages/keras/src/layers/core/input_layer.py:25: UserWarning: Argument `input_shape` is deprecated. Use `shape` instead.
  warnings.warn(
8/8 ━━━━━━━━━━━━━━━━━━━━ 1s 42ms/step
/home/keen/.pyenv/versions/3.10.13/lib/python3.10/site-packages/keras/src/layers/core/input_layer.py:25: UserWarning: Argument `input_shape` is deprecated. Use `shape` instead.
  warnings.warn(
8/8 ━━━━━━━━━━━━━━━━━━━━ 1s 42ms/step
[I 2024-05-31 04:22:34,452] Trial 6 finished with value: 182.1761039557432 and parameters: {'lr': 0.0705960189126492, 'hs': 4, 'en': 80, 'dropout': 0.004004965493189816}. Best is trial 5 with value: 14.930169560377061.
/home/keen/.pyenv/versions/3.10.13/lib/python3.10/site-packages/keras/src/layers/core/input_layer.py:25: UserWarning: Argument `input_shape` is deprecated. Use `shape` instead.
  warnings.warn(
8/8 ━━━━━━━━━━━━━━━━━━━━ 1s 43ms/step
/home/keen/.pyenv/versions/3.10.13/lib/python3.10/site-packages/keras/src/layers/core/input_layer.py:25: UserWarning: Argument `input_shape` is deprecated. Use `shape` instead.
  warnings.warn(
8/8 ━━━━━━━━━━━━━━━━━━━━ 1s 43ms/step
/home/keen/.pyenv/versions/3.10.13/lib/python3.10/site-packages/keras/src/layers/core/input_layer.py:25: UserWarning: Argument `input_shape` is deprecated. Use `shape` instead.
  warnings.warn(
8/8 ━━━━━━━━━━━━━━━━━━━━ 1s 43ms/step
[I 2024-05-31 04:40:01,093] Trial 7 finished with value: 8.681094803613012 and parameters: {'lr': 0.05505819017530968, 'hs': 4, 'en': 380, 'dropout': 0.0008769117789056262}. Best is trial 7 with value: 8.681094803613012.
/home/keen/.pyenv/versions/3.10.13/lib/python3.10/site-packages/keras/src/layers/core/input_layer.py:25: UserWarning: Argument `input_shape` is deprecated. Use `shape` instead.
  warnings.warn(
8/8 ━━━━━━━━━━━━━━━━━━━━ 1s 42ms/step
/home/keen/.pyenv/versions/3.10.13/lib/python3.10/site-packages/keras/src/layers/core/input_layer.py:25: UserWarning: Argument `input_shape` is deprecated. Use `shape` instead.
  warnings.warn(
8/8 ━━━━━━━━━━━━━━━━━━━━ 1s 46ms/step
/home/keen/.pyenv/versions/3.10.13/lib/python3.10/site-packages/keras/src/layers/core/input_layer.py:25: UserWarning: Argument `input_shape` is deprecated. Use `shape` instead.
  warnings.warn(
8/8 ━━━━━━━━━━━━━━━━━━━━ 1s 42ms/step
[I 2024-05-31 04:54:21,701] Trial 8 finished with value: 169.64090281901886 and parameters: {'lr': 0.08136380318975552, 'hs': 8, 'en': 313, 'dropout': 0.0012694930354114897}. Best is trial 7 with value: 8.681094803613012.
/home/keen/.pyenv/versions/3.10.13/lib/python3.10/site-packages/keras/src/layers/core/input_layer.py:25: UserWarning: Argument `input_shape` is deprecated. Use `shape` instead.
  warnings.warn(
8/8 ━━━━━━━━━━━━━━━━━━━━ 1s 42ms/step
/home/keen/.pyenv/versions/3.10.13/lib/python3.10/site-packages/keras/src/layers/core/input_layer.py:25: UserWarning: Argument `input_shape` is deprecated. Use `shape` instead.
  warnings.warn(
8/8 ━━━━━━━━━━━━━━━━━━━━ 1s 43ms/step
/home/keen/.pyenv/versions/3.10.13/lib/python3.10/site-packages/keras/src/layers/core/input_layer.py:25: UserWarning: Argument `input_shape` is deprecated. Use `shape` instead.
  warnings.warn(
8/8 ━━━━━━━━━━━━━━━━━━━━ 1s 42ms/step
