[I 2024-05-30 02:51:05,777] Trial 19 finished with value: 22.944724767338652 and parameters: {'lr': 0.03447897492274889, 'hs': 2, 'en': 64, 'dropout': 0.0038955476678333195}. Best is trial 0 with value: 4.475115495891031.
/home/keen/.pyenv/versions/3.10.13/lib/python3.10/site-packages/keras/src/layers/core/input_layer.py:25: UserWarning: Argument `input_shape` is deprecated. Use `shape` instead.
  warnings.warn(
31/31 ━━━━━━━━━━━━━━━━━━━━ 1s 11ms/step
[I 2024-05-30 03:03:11,275] A new study created in memory with name: no-name-81778a68-f802-4bf3-a737-e31d980f3481
TKAN UK y_1 3.567990949437315 1.3025362267006129 0.2 26.0
/home/keen/.pyenv/versions/3.10.13/lib/python3.10/site-packages/keras/src/layers/core/input_layer.py:25: UserWarning: Argument `input_shape` is deprecated. Use `shape` instead.
  warnings.warn(
8/8 ━━━━━━━━━━━━━━━━━━━━ 1s 42ms/step
/home/keen/.pyenv/versions/3.10.13/lib/python3.10/site-packages/keras/src/layers/core/input_layer.py:25: UserWarning: Argument `input_shape` is deprecated. Use `shape` instead.
  warnings.warn(
WARNING:tensorflow:5 out of the last 40 calls to <function TensorFlowTrainer.make_predict_function.<locals>.one_step_on_data_distributed at 0x7f3c11b704c0> triggered tf.function retracing. Tracing is expensive and the excessive number of tracings could be due to (1) creating @tf.function repeatedly in a loop, (2) passing tensors with different shapes, (3) passing Python objects instead of tensors. For (1), please define your @tf.function outside of the loop. For (2), @tf.function has reduce_retracing=True option that can avoid unnecessary retracing. For (3), please refer to https://www.tensorflow.org/guide/function#controlling_retracing and https://www.tensorflow.org/api_docs/python/tf/function for  more details.
8/8 ━━━━━━━━━━━━━━━━━━━━ 1s 43ms/step
/home/keen/.pyenv/versions/3.10.13/lib/python3.10/site-packages/keras/src/layers/core/input_layer.py:25: UserWarning: Argument `input_shape` is deprecated. Use `shape` instead.
  warnings.warn(
WARNING:tensorflow:5 out of the last 17 calls to <function TensorFlowTrainer.make_predict_function.<locals>.one_step_on_data_distributed at 0x7f3c1225fbe0> triggered tf.function retracing. Tracing is expensive and the excessive number of tracings could be due to (1) creating @tf.function repeatedly in a loop, (2) passing tensors with different shapes, (3) passing Python objects instead of tensors. For (1), please define your @tf.function outside of the loop. For (2), @tf.function has reduce_retracing=True option that can avoid unnecessary retracing. For (3), please refer to https://www.tensorflow.org/guide/function#controlling_retracing and https://www.tensorflow.org/api_docs/python/tf/function for  more details.
8/8 ━━━━━━━━━━━━━━━━━━━━ 1s 41ms/step
[I 2024-05-30 03:16:28,311] Trial 0 finished with value: 1.5370867565923494 and parameters: {'lr': 0.024176711896468566, 'hs': 6, 'en': 295, 'dropout': 0.0024053455467317915}. Best is trial 0 with value: 1.5370867565923494.
/home/keen/.pyenv/versions/3.10.13/lib/python3.10/site-packages/keras/src/layers/core/input_layer.py:25: UserWarning: Argument `input_shape` is deprecated. Use `shape` instead.
  warnings.warn(
8/8 ━━━━━━━━━━━━━━━━━━━━ 1s 41ms/step
/home/keen/.pyenv/versions/3.10.13/lib/python3.10/site-packages/keras/src/layers/core/input_layer.py:25: UserWarning: Argument `input_shape` is deprecated. Use `shape` instead.
  warnings.warn(
8/8 ━━━━━━━━━━━━━━━━━━━━ 2s 262ms/step
/home/keen/.pyenv/versions/3.10.13/lib/python3.10/site-packages/keras/src/layers/core/input_layer.py:25: UserWarning: Argument `input_shape` is deprecated. Use `shape` instead.
  warnings.warn(
8/8 ━━━━━━━━━━━━━━━━━━━━ 1s 43ms/step
[I 2024-05-30 03:32:14,146] Trial 1 finished with value: 174.27430043743308 and parameters: {'lr': 0.07469057936679645, 'hs': 7, 'en': 347, 'dropout': 0.0018763451300150564}. Best is trial 0 with value: 1.5370867565923494.
/home/keen/.pyenv/versions/3.10.13/lib/python3.10/site-packages/keras/src/layers/core/input_layer.py:25: UserWarning: Argument `input_shape` is deprecated. Use `shape` instead.
  warnings.warn(
8/8 ━━━━━━━━━━━━━━━━━━━━ 1s 43ms/step
/home/keen/.pyenv/versions/3.10.13/lib/python3.10/site-packages/keras/src/layers/core/input_layer.py:25: UserWarning: Argument `input_shape` is deprecated. Use `shape` instead.
  warnings.warn(
8/8 ━━━━━━━━━━━━━━━━━━━━ 1s 42ms/step
/home/keen/.pyenv/versions/3.10.13/lib/python3.10/site-packages/keras/src/layers/core/input_layer.py:25: UserWarning: Argument `input_shape` is deprecated. Use `shape` instead.
  warnings.warn(
8/8 ━━━━━━━━━━━━━━━━━━━━ 1s 42ms/step
[I 2024-05-30 03:46:45,168] Trial 2 finished with value: 181.42478222183885 and parameters: {'lr': 0.09210576938177997, 'hs': 5, 'en': 316, 'dropout': 0.0029414752556618587}. Best is trial 0 with value: 1.5370867565923494.
/home/keen/.pyenv/versions/3.10.13/lib/python3.10/site-packages/keras/src/layers/core/input_layer.py:25: UserWarning: Argument `input_shape` is deprecated. Use `shape` instead.
  warnings.warn(
8/8 ━━━━━━━━━━━━━━━━━━━━ 1s 42ms/step
/home/keen/.pyenv/versions/3.10.13/lib/python3.10/site-packages/keras/src/layers/core/input_layer.py:25: UserWarning: Argument `input_shape` is deprecated. Use `shape` instead.
  warnings.warn(
8/8 ━━━━━━━━━━━━━━━━━━━━ 1s 43ms/step
/home/keen/.pyenv/versions/3.10.13/lib/python3.10/site-packages/keras/src/layers/core/input_layer.py:25: UserWarning: Argument `input_shape` is deprecated. Use `shape` instead.
  warnings.warn(
8/8 ━━━━━━━━━━━━━━━━━━━━ 1s 41ms/step
[I 2024-05-30 04:07:14,465] Trial 3 finished with value: 7.9563368204394225 and parameters: {'lr': 0.021872660599103335, 'hs': 6, 'en': 455, 'dropout': 0.009538893610047915}. Best is trial 0 with value: 1.5370867565923494.
/home/keen/.pyenv/versions/3.10.13/lib/python3.10/site-packages/keras/src/layers/core/input_layer.py:25: UserWarning: Argument `input_shape` is deprecated. Use `shape` instead.
  warnings.warn(
8/8 ━━━━━━━━━━━━━━━━━━━━ 1s 42ms/step
/home/keen/.pyenv/versions/3.10.13/lib/python3.10/site-packages/keras/src/layers/core/input_layer.py:25: UserWarning: Argument `input_shape` is deprecated. Use `shape` instead.
  warnings.warn(
8/8 ━━━━━━━━━━━━━━━━━━━━ 1s 42ms/step
/home/keen/.pyenv/versions/3.10.13/lib/python3.10/site-packages/keras/src/layers/core/input_layer.py:25: UserWarning: Argument `input_shape` is deprecated. Use `shape` instead.
  warnings.warn(
8/8 ━━━━━━━━━━━━━━━━━━━━ 1s 41ms/step
[I 2024-05-30 04:24:16,888] Trial 4 finished with value: 500.0 and parameters: {'lr': 0.09400621127805094, 'hs': 3, 'en': 380, 'dropout': 0.007619215375066985}. Best is trial 0 with value: 1.5370867565923494.
/home/keen/.pyenv/versions/3.10.13/lib/python3.10/site-packages/keras/src/layers/core/input_layer.py:25: UserWarning: Argument `input_shape` is deprecated. Use `shape` instead.
  warnings.warn(
8/8 ━━━━━━━━━━━━━━━━━━━━ 1s 42ms/step
/home/keen/.pyenv/versions/3.10.13/lib/python3.10/site-packages/keras/src/layers/core/input_layer.py:25: UserWarning: Argument `input_shape` is deprecated. Use `shape` instead.
  warnings.warn(
8/8 ━━━━━━━━━━━━━━━━━━━━ 1s 42ms/step
/home/keen/.pyenv/versions/3.10.13/lib/python3.10/site-packages/keras/src/layers/core/input_layer.py:25: UserWarning: Argument `input_shape` is deprecated. Use `shape` instead.
  warnings.warn(
8/8 ━━━━━━━━━━━━━━━━━━━━ 1s 41ms/step
[I 2024-05-30 04:39:59,609] Trial 5 finished with value: 21.281342385693293 and parameters: {'lr': 0.061705512758691884, 'hs': 2, 'en': 347, 'dropout': 0.001502211024584334}. Best is trial 0 with value: 1.5370867565923494.
/home/keen/.pyenv/versions/3.10.13/lib/python3.10/site-packages/keras/src/layers/core/input_layer.py:25: UserWarning: Argument `input_shape` is deprecated. Use `shape` instead.
  warnings.warn(
8/8 ━━━━━━━━━━━━━━━━━━━━ 1s 43ms/step
/home/keen/.pyenv/versions/3.10.13/lib/python3.10/site-packages/keras/src/layers/core/input_layer.py:25: UserWarning: Argument `input_shape` is deprecated. Use `shape` instead.
  warnings.warn(
8/8 ━━━━━━━━━━━━━━━━━━━━ 1s 43ms/step
/home/keen/.pyenv/versions/3.10.13/lib/python3.10/site-packages/keras/src/layers/core/input_layer.py:25: UserWarning: Argument `input_shape` is deprecated. Use `shape` instead.
  warnings.warn(
8/8 ━━━━━━━━━━━━━━━━━━━━ 1s 43ms/step
[I 2024-05-30 04:41:34,653] Trial 6 finished with value: 339.72211952573855 and parameters: {'lr': 0.09611131232418148, 'hs': 2, 'en': 31, 'dropout': 0.0036230121282365886}. Best is trial 0 with value: 1.5370867565923494.
/home/keen/.pyenv/versions/3.10.13/lib/python3.10/site-packages/keras/src/layers/core/input_layer.py:25: UserWarning: Argument `input_shape` is deprecated. Use `shape` instead.
  warnings.warn(
8/8 ━━━━━━━━━━━━━━━━━━━━ 1s 42ms/step
/home/keen/.pyenv/versions/3.10.13/lib/python3.10/site-packages/keras/src/layers/core/input_layer.py:25: UserWarning: Argument `input_shape` is deprecated. Use `shape` instead.
  warnings.warn(
8/8 ━━━━━━━━━━━━━━━━━━━━ 1s 41ms/step
/home/keen/.pyenv/versions/3.10.13/lib/python3.10/site-packages/keras/src/layers/core/input_layer.py:25: UserWarning: Argument `input_shape` is deprecated. Use `shape` instead.
  warnings.warn(
8/8 ━━━━━━━━━━━━━━━━━━━━ 1s 41ms/step
[I 2024-05-30 04:52:29,997] Trial 7 finished with value: 5.307386444520733 and parameters: {'lr': 0.0017076472512679271, 'hs': 8, 'en': 239, 'dropout': 0.009966826765154774}. Best is trial 0 with value: 1.5370867565923494.
/home/keen/.pyenv/versions/3.10.13/lib/python3.10/site-packages/keras/src/layers/core/input_layer.py:25: UserWarning: Argument `input_shape` is deprecated. Use `shape` instead.
  warnings.warn(
8/8 ━━━━━━━━━━━━━━━━━━━━ 1s 42ms/step
/home/keen/.pyenv/versions/3.10.13/lib/python3.10/site-packages/keras/src/layers/core/input_layer.py:25: UserWarning: Argument `input_shape` is deprecated. Use `shape` instead.
  warnings.warn(
8/8 ━━━━━━━━━━━━━━━━━━━━ 1s 41ms/step
/home/keen/.pyenv/versions/3.10.13/lib/python3.10/site-packages/keras/src/layers/core/input_layer.py:25: UserWarning: Argument `input_shape` is deprecated. Use `shape` instead.
  warnings.warn(
8/8 ━━━━━━━━━━━━━━━━━━━━ 1s 42ms/step
[I 2024-05-30 04:57:43,068] Trial 8 finished with value: 172.75899721263374 and parameters: {'lr': 0.09615046044281243, 'hs': 7, 'en': 114, 'dropout': 0.0007397610827204635}. Best is trial 0 with value: 1.5370867565923494.
/home/keen/.pyenv/versions/3.10.13/lib/python3.10/site-packages/keras/src/layers/core/input_layer.py:25: UserWarning: Argument `input_shape` is deprecated. Use `shape` instead.
  warnings.warn(
8/8 ━━━━━━━━━━━━━━━━━━━━ 1s 42ms/step
/home/keen/.pyenv/versions/3.10.13/lib/python3.10/site-packages/keras/src/layers/core/input_layer.py:25: UserWarning: Argument `input_shape` is deprecated. Use `shape` instead.
  warnings.warn(
8/8 ━━━━━━━━━━━━━━━━━━━━ 1s 43ms/step
/home/keen/.pyenv/versions/3.10.13/lib/python3.10/site-packages/keras/src/layers/core/input_layer.py:25: UserWarning: Argument `input_shape` is deprecated. Use `shape` instead.
  warnings.warn(
8/8 ━━━━━━━━━━━━━━━━━━━━ 1s 42ms/step
[I 2024-05-30 05:05:55,129] Trial 9 finished with value: 339.6869549871376 and parameters: {'lr': 0.09356838419289802, 'hs': 6, 'en': 178, 'dropout': 0.00212630839773631}. Best is trial 0 with value: 1.5370867565923494.
/home/keen/.pyenv/versions/3.10.13/lib/python3.10/site-packages/keras/src/layers/core/input_layer.py:25: UserWarning: Argument `input_shape` is deprecated. Use `shape` instead.
  warnings.warn(
8/8 ━━━━━━━━━━━━━━━━━━━━ 1s 46ms/step
/home/keen/.pyenv/versions/3.10.13/lib/python3.10/site-packages/keras/src/layers/core/input_layer.py:25: UserWarning: Argument `input_shape` is deprecated. Use `shape` instead.
  warnings.warn(
8/8 ━━━━━━━━━━━━━━━━━━━━ 1s 41ms/step
/home/keen/.pyenv/versions/3.10.13/lib/python3.10/site-packages/keras/src/layers/core/input_layer.py:25: UserWarning: Argument `input_shape` is deprecated. Use `shape` instead.
  warnings.warn(
8/8 ━━━━━━━━━━━━━━━━━━━━ 1s 43ms/step
[I 2024-05-30 05:28:23,763] Trial 10 finished with value: 14.600898601338912 and parameters: {'lr': 0.03441071665267674, 'hs': 4, 'en': 499, 'dropout': 0.005192260433662636}. Best is trial 0 with value: 1.5370867565923494.
/home/keen/.pyenv/versions/3.10.13/lib/python3.10/site-packages/keras/src/layers/core/input_layer.py:25: UserWarning: Argument `input_shape` is deprecated. Use `shape` instead.
  warnings.warn(
8/8 ━━━━━━━━━━━━━━━━━━━━ 1s 42ms/step
/home/keen/.pyenv/versions/3.10.13/lib/python3.10/site-packages/keras/src/layers/core/input_layer.py:25: UserWarning: Argument `input_shape` is deprecated. Use `shape` instead.
  warnings.warn(
8/8 ━━━━━━━━━━━━━━━━━━━━ 1s 42ms/step
/home/keen/.pyenv/versions/3.10.13/lib/python3.10/site-packages/keras/src/layers/core/input_layer.py:25: UserWarning: Argument `input_shape` is deprecated. Use `shape` instead.
  warnings.warn(
8/8 ━━━━━━━━━━━━━━━━━━━━ 1s 42ms/step
[I 2024-05-30 05:38:39,204] Trial 11 finished with value: 14.135053191516391 and parameters: {'lr': 0.004736272147615558, 'hs': 8, 'en': 223, 'dropout': 0.006081077083604159}. Best is trial 0 with value: 1.5370867565923494.
/home/keen/.pyenv/versions/3.10.13/lib/python3.10/site-packages/keras/src/layers/core/input_layer.py:25: UserWarning: Argument `input_shape` is deprecated. Use `shape` instead.
  warnings.warn(
8/8 ━━━━━━━━━━━━━━━━━━━━ 1s 42ms/step
/home/keen/.pyenv/versions/3.10.13/lib/python3.10/site-packages/keras/src/layers/core/input_layer.py:25: UserWarning: Argument `input_shape` is deprecated. Use `shape` instead.
  warnings.warn(
8/8 ━━━━━━━━━━━━━━━━━━━━ 1s 42ms/step
/home/keen/.pyenv/versions/3.10.13/lib/python3.10/site-packages/keras/src/layers/core/input_layer.py:25: UserWarning: Argument `input_shape` is deprecated. Use `shape` instead.
  warnings.warn(
8/8 ━━━━━━━━━━━━━━━━━━━━ 1s 42ms/step
[I 2024-05-30 05:50:19,837] Trial 12 finished with value: 17.222904780845496 and parameters: {'lr': 0.0010578137051251782, 'hs': 8, 'en': 252, 'dropout': 0.008815284241690962}. Best is trial 0 with value: 1.5370867565923494.
/home/keen/.pyenv/versions/3.10.13/lib/python3.10/site-packages/keras/src/layers/core/input_layer.py:25: UserWarning: Argument `input_shape` is deprecated. Use `shape` instead.
  warnings.warn(
8/8 ━━━━━━━━━━━━━━━━━━━━ 1s 42ms/step
/home/keen/.pyenv/versions/3.10.13/lib/python3.10/site-packages/keras/src/layers/core/input_layer.py:25: UserWarning: Argument `input_shape` is deprecated. Use `shape` instead.
  warnings.warn(
8/8 ━━━━━━━━━━━━━━━━━━━━ 1s 42ms/step
/home/keen/.pyenv/versions/3.10.13/lib/python3.10/site-packages/keras/src/layers/core/input_layer.py:25: UserWarning: Argument `input_shape` is deprecated. Use `shape` instead.
  warnings.warn(
8/8 ━━━━━━━━━━━━━━━━━━━━ 1s 42ms/step
[I 2024-05-30 05:58:40,253] Trial 13 finished with value: 17.042784047627617 and parameters: {'lr': 0.022978461006781158, 'hs': 6, 'en': 182, 'dropout': 0.006777378089887468}. Best is trial 0 with value: 1.5370867565923494.
/home/keen/.pyenv/versions/3.10.13/lib/python3.10/site-packages/keras/src/layers/core/input_layer.py:25: UserWarning: Argument `input_shape` is deprecated. Use `shape` instead.
  warnings.warn(
8/8 ━━━━━━━━━━━━━━━━━━━━ 1s 41ms/step
/home/keen/.pyenv/versions/3.10.13/lib/python3.10/site-packages/keras/src/layers/core/input_layer.py:25: UserWarning: Argument `input_shape` is deprecated. Use `shape` instead.
  warnings.warn(
8/8 ━━━━━━━━━━━━━━━━━━━━ 1s 41ms/step
/home/keen/.pyenv/versions/3.10.13/lib/python3.10/site-packages/keras/src/layers/core/input_layer.py:25: UserWarning: Argument `input_shape` is deprecated. Use `shape` instead.
  warnings.warn(
8/8 ━━━━━━━━━━━━━━━━━━━━ 1s 41ms/step
[I 2024-05-30 06:10:55,068] Trial 14 finished with value: 14.333406641529008 and parameters: {'lr': 0.03984759479289298, 'hs': 7, 'en': 270, 'dropout': 0.004152452997391648}. Best is trial 0 with value: 1.5370867565923494.
/home/keen/.pyenv/versions/3.10.13/lib/python3.10/site-packages/keras/src/layers/core/input_layer.py:25: UserWarning: Argument `input_shape` is deprecated. Use `shape` instead.
  warnings.warn(
8/8 ━━━━━━━━━━━━━━━━━━━━ 1s 42ms/step
/home/keen/.pyenv/versions/3.10.13/lib/python3.10/site-packages/keras/src/layers/core/input_layer.py:25: UserWarning: Argument `input_shape` is deprecated. Use `shape` instead.
  warnings.warn(
8/8 ━━━━━━━━━━━━━━━━━━━━ 1s 42ms/step
/home/keen/.pyenv/versions/3.10.13/lib/python3.10/site-packages/keras/src/layers/core/input_layer.py:25: UserWarning: Argument `input_shape` is deprecated. Use `shape` instead.
  warnings.warn(
8/8 ━━━━━━━━━━━━━━━━━━━━ 1s 42ms/step
[I 2024-05-30 06:16:01,250] Trial 15 finished with value: 21.604470690347128 and parameters: {'lr': 0.01399604220465263, 'hs': 5, 'en': 111, 'dropout': 0.008102478887268583}. Best is trial 0 with value: 1.5370867565923494.
/home/keen/.pyenv/versions/3.10.13/lib/python3.10/site-packages/keras/src/layers/core/input_layer.py:25: UserWarning: Argument `input_shape` is deprecated. Use `shape` instead.
  warnings.warn(
8/8 ━━━━━━━━━━━━━━━━━━━━ 1s 42ms/step
/home/keen/.pyenv/versions/3.10.13/lib/python3.10/site-packages/keras/src/layers/core/input_layer.py:25: UserWarning: Argument `input_shape` is deprecated. Use `shape` instead.
  warnings.warn(
8/8 ━━━━━━━━━━━━━━━━━━━━ 1s 42ms/step
/home/keen/.pyenv/versions/3.10.13/lib/python3.10/site-packages/keras/src/layers/core/input_layer.py:25: UserWarning: Argument `input_shape` is deprecated. Use `shape` instead.
  warnings.warn(
8/8 ━━━━━━━━━━━━━━━━━━━━ 1s 41ms/step
[I 2024-05-30 06:35:07,630] Trial 16 finished with value: 166.90622745492786 and parameters: {'lr': 0.04773183161397433, 'hs': 8, 'en': 424, 'dropout': 5.658999729222158e-05}. Best is trial 0 with value: 1.5370867565923494.
/home/keen/.pyenv/versions/3.10.13/lib/python3.10/site-packages/keras/src/layers/core/input_layer.py:25: UserWarning: Argument `input_shape` is deprecated. Use `shape` instead.
  warnings.warn(
8/8 ━━━━━━━━━━━━━━━━━━━━ 1s 45ms/step
/home/keen/.pyenv/versions/3.10.13/lib/python3.10/site-packages/keras/src/layers/core/input_layer.py:25: UserWarning: Argument `input_shape` is deprecated. Use `shape` instead.
  warnings.warn(
8/8 ━━━━━━━━━━━━━━━━━━━━ 1s 41ms/step
/home/keen/.pyenv/versions/3.10.13/lib/python3.10/site-packages/keras/src/layers/core/input_layer.py:25: UserWarning: Argument `input_shape` is deprecated. Use `shape` instead.
  warnings.warn(
8/8 ━━━━━━━━━━━━━━━━━━━━ 1s 41ms/step
[I 2024-05-30 06:48:09,386] Trial 17 finished with value: 15.09716346556182 and parameters: {'lr': 0.01563555886552081, 'hs': 7, 'en': 288, 'dropout': 0.004927562888819362}. Best is trial 0 with value: 1.5370867565923494.
/home/keen/.pyenv/versions/3.10.13/lib/python3.10/site-packages/keras/src/layers/core/input_layer.py:25: UserWarning: Argument `input_shape` is deprecated. Use `shape` instead.
  warnings.warn(
8/8 ━━━━━━━━━━━━━━━━━━━━ 3s 44ms/step
/home/keen/.pyenv/versions/3.10.13/lib/python3.10/site-packages/keras/src/layers/core/input_layer.py:25: UserWarning: Argument `input_shape` is deprecated. Use `shape` instead.
  warnings.warn(
8/8 ━━━━━━━━━━━━━━━━━━━━ 1s 44ms/step
/home/keen/.pyenv/versions/3.10.13/lib/python3.10/site-packages/keras/src/layers/core/input_layer.py:25: UserWarning: Argument `input_shape` is deprecated. Use `shape` instead.
  warnings.warn(
8/8 ━━━━━━━━━━━━━━━━━━━━ 1s 42ms/step
[I 2024-05-30 06:56:56,198] Trial 18 finished with value: 15.391639149711784 and parameters: {'lr': 0.031723489190088855, 'hs': 5, 'en': 189, 'dropout': 0.009903672649167293}. Best is trial 0 with value: 1.5370867565923494.
/home/keen/.pyenv/versions/3.10.13/lib/python3.10/site-packages/keras/src/layers/core/input_layer.py:25: UserWarning: Argument `input_shape` is deprecated. Use `shape` instead.
  warnings.warn(
8/8 ━━━━━━━━━━━━━━━━━━━━ 1s 44ms/step
/home/keen/.pyenv/versions/3.10.13/lib/python3.10/site-packages/keras/src/layers/core/input_layer.py:25: UserWarning: Argument `input_shape` is deprecated. Use `shape` instead.
  warnings.warn(
8/8 ━━━━━━━━━━━━━━━━━━━━ 1s 42ms/step
/home/keen/.pyenv/versions/3.10.13/lib/python3.10/site-packages/keras/src/layers/core/input_layer.py:25: UserWarning: Argument `input_shape` is deprecated. Use `shape` instead.
  warnings.warn(
8/8 ━━━━━━━━━━━━━━━━━━━━ 1s 43ms/step
[I 2024-05-30 07:02:54,051] Trial 19 finished with value: 174.72953018363216 and parameters: {'lr': 0.009955528504452162, 'hs': 4, 'en': 127, 'dropout': 0.006208909968536893}. Best is trial 0 with value: 1.5370867565923494.
/home/keen/.pyenv/versions/3.10.13/lib/python3.10/site-packages/keras/src/layers/core/input_layer.py:25: UserWarning: Argument `input_shape` is deprecated. Use `shape` instead.
  warnings.warn(
10/10 ━━━━━━━━━━━━━━━━━━━━ 1s 33ms/step
[I 2024-05-30 07:09:31,843] A new study created in memory with name: no-name-581cce34-6239-44e4-b5e9-1be7e81e0d3b
TKAN UK y_6 21.534879344682494 3.9458987423380685 0.6 25.5
/home/keen/.pyenv/versions/3.10.13/lib/python3.10/site-packages/keras/src/layers/core/input_layer.py:25: UserWarning: Argument `input_shape` is deprecated. Use `shape` instead.
  warnings.warn(
8/8 ━━━━━━━━━━━━━━━━━━━━ 1s 43ms/step
/home/keen/.pyenv/versions/3.10.13/lib/python3.10/site-packages/keras/src/layers/core/input_layer.py:25: UserWarning: Argument `input_shape` is deprecated. Use `shape` instead.
  warnings.warn(
8/8 ━━━━━━━━━━━━━━━━━━━━ 1s 42ms/step
/home/keen/.pyenv/versions/3.10.13/lib/python3.10/site-packages/keras/src/layers/core/input_layer.py:25: UserWarning: Argument `input_shape` is deprecated. Use `shape` instead.
  warnings.warn(
8/8 ━━━━━━━━━━━━━━━━━━━━ 1s 43ms/step
