[I 2024-05-28 00:18:10,546] Trial 15 finished with value: 111.75948645310791 and parameters: {'lr': 0.01602049778885504, 'hs': 6, 'en': 246, 'dropout': 0.004004199242518021}. Best is trial 6 with value: 52.64352441329171.
[I 2024-05-28 00:24:07,958] Trial 16 finished with value: 4.830886589826812 and parameters: {'lr': 0.07325005644873986, 'hs': 6, 'en': 500, 'dropout': 1.2405413629641877e-05}. Best is trial 16 with value: 4.830886589826812.
[I 2024-05-28 00:30:03,141] Trial 17 finished with value: 47.42598100616772 and parameters: {'lr': 0.09402771812019123, 'hs': 4, 'en': 493, 'dropout': 0.00024155470774943886}. Best is trial 16 with value: 4.830886589826812.
[I 2024-05-28 00:35:54,395] Trial 18 finished with value: 13.474895332459809 and parameters: {'lr': 0.09787474571040795, 'hs': 4, 'en': 489, 'dropout': 0.00024611762805211245}. Best is trial 16 with value: 4.830886589826812.
[I 2024-05-28 00:41:27,066] Trial 19 finished with value: 75.4163404909314 and parameters: {'lr': 0.08595847595628496, 'hs': 4, 'en': 464, 'dropout': 0.00017371832688253076}. Best is trial 16 with value: 4.830886589826812.
[I 2024-05-28 00:44:22,741] A new study created in memory with name: no-name-d1e0d196-72d0-4ca7-b242-42aa8ce74681
TKAN Reynolds y_1 4.66800137924107 1.4391857426742025 -5.5 40.3
[I 2024-05-28 00:48:11,682] Trial 0 finished with value: 48.63674535219982 and parameters: {'lr': 0.0443535688613786, 'hs': 8, 'en': 229, 'dropout': 0.00416436793392385}. Best is trial 0 with value: 48.63674535219982.
[I 2024-05-28 00:50:17,032] Trial 1 finished with value: 71.39570469549115 and parameters: {'lr': 0.04682278752553555, 'hs': 8, 'en': 117, 'dropout': 0.00916634241093165}. Best is trial 0 with value: 48.63674535219982.
[I 2024-05-28 00:50:55,117] Trial 2 finished with value: 71.36534747660615 and parameters: {'lr': 0.06264463746683423, 'hs': 6, 'en': 28, 'dropout': 0.0036779706353358295}. Best is trial 0 with value: 48.63674535219982.
[I 2024-05-28 00:55:32,698] Trial 3 finished with value: 48.39896308516145 and parameters: {'lr': 0.06417583186828485, 'hs': 7, 'en': 277, 'dropout': 0.0016871121914122699}. Best is trial 3 with value: 48.39896308516145.
[I 2024-05-28 01:01:20,815] Trial 4 finished with value: 48.38691646123189 and parameters: {'lr': 0.02284353944175604, 'hs': 5, 'en': 351, 'dropout': 0.005500492327787163}. Best is trial 4 with value: 48.38691646123189.
[I 2024-05-28 01:06:17,904] Trial 5 finished with value: 50.077051415219245 and parameters: {'lr': 0.03450120049540999, 'hs': 5, 'en': 297, 'dropout': 0.009414355427821059}. Best is trial 4 with value: 48.38691646123189.
[I 2024-05-28 01:12:58,025] Trial 6 finished with value: 29.422364324499142 and parameters: {'lr': 0.06949719157905344, 'hs': 7, 'en': 402, 'dropout': 0.0031428280859203453}. Best is trial 6 with value: 29.422364324499142.
[I 2024-05-28 01:14:15,131] Trial 7 finished with value: 69.62546957554916 and parameters: {'lr': 0.03630348631647885, 'hs': 2, 'en': 69, 'dropout': 0.00321595804090318}. Best is trial 6 with value: 29.422364324499142.
[I 2024-05-28 01:20:09,252] Trial 8 finished with value: 27.23245699124512 and parameters: {'lr': 0.028306546816815038, 'hs': 8, 'en': 357, 'dropout': 0.008185419651555172}. Best is trial 8 with value: 27.23245699124512.
[I 2024-05-28 01:22:00,325] Trial 9 finished with value: 69.91535706723869 and parameters: {'lr': 0.058104266246467313, 'hs': 4, 'en': 102, 'dropout': 0.004778563767788261}. Best is trial 8 with value: 27.23245699124512.
[I 2024-05-28 01:30:07,315] Trial 10 finished with value: 46.33908506198565 and parameters: {'lr': 0.001439950181221946, 'hs': 3, 'en': 496, 'dropout': 0.006943748073344688}. Best is trial 8 with value: 27.23245699124512.
[I 2024-05-28 01:37:19,912] Trial 11 finished with value: 168.17233416731042 and parameters: {'lr': 0.08435688291603691, 'hs': 7, 'en': 436, 'dropout': 0.000618843182090407}. Best is trial 8 with value: 27.23245699124512.
[I 2024-05-28 01:43:48,979] Trial 12 finished with value: 48.25496585541765 and parameters: {'lr': 0.09523212642338741, 'hs': 7, 'en': 393, 'dropout': 0.00717146476236832}. Best is trial 8 with value: 27.23245699124512.
[I 2024-05-28 01:47:13,740] Trial 13 finished with value: 51.75448287686726 and parameters: {'lr': 0.01626696283872272, 'hs': 8, 'en': 198, 'dropout': 0.00727430659518357}. Best is trial 8 with value: 27.23245699124512.
[I 2024-05-28 01:53:11,417] Trial 14 finished with value: 4.058317051947209 and parameters: {'lr': 0.07444517386055982, 'hs': 6, 'en': 359, 'dropout': 0.005801253546420604}. Best is trial 14 with value: 4.058317051947209.
[I 2024-05-28 01:58:51,860] Trial 15 finished with value: 70.51048678531872 and parameters: {'lr': 0.08016026166660278, 'hs': 6, 'en': 339, 'dropout': 0.008328252404893738}. Best is trial 14 with value: 4.058317051947209.
[I 2024-05-28 02:06:49,749] Trial 16 finished with value: 48.419957709925235 and parameters: {'lr': 0.02088688743481283, 'hs': 6, 'en': 486, 'dropout': 0.005476084657978265}. Best is trial 14 with value: 4.058317051947209.
[I 2024-05-28 02:09:48,055] Trial 17 finished with value: 70.53792846032854 and parameters: {'lr': 0.07694145294513247, 'hs': 4, 'en': 173, 'dropout': 0.006367205420775058}. Best is trial 14 with value: 4.058317051947209.
[I 2024-05-28 02:15:19,637] Trial 18 finished with value: 31.125417930663875 and parameters: {'lr': 0.006644237156354343, 'hs': 5, 'en': 331, 'dropout': 0.008314870392821295}. Best is trial 14 with value: 4.058317051947209.
[I 2024-05-28 02:22:03,440] Trial 19 finished with value: 26.440610132402668 and parameters: {'lr': 0.09657412899906481, 'hs': 8, 'en': 404, 'dropout': 0.00997286493655852}. Best is trial 14 with value: 4.058317051947209.
[I 2024-05-28 02:25:00,403] A new study created in memory with name: no-name-91d31bb8-0b48-4c8c-9e34-c2c8c1a9ad35
[I 2024-05-28 02:31:37,416] Trial 0 finished with value: 44.418579122877276 and parameters: {'lr': 0.07424869173004771, 'hs': 5, 'en': 391, 'dropout': 0.00760192949605709}. Best is trial 0 with value: 44.418579122877276.
[I 2024-05-28 02:38:57,660] Trial 1 finished with value: 62.68544913691489 and parameters: {'lr': 0.07414489379324371, 'hs': 2, 'en': 428, 'dropout': 0.0026663447594331277}. Best is trial 0 with value: 44.418579122877276.
[I 2024-05-28 02:46:27,672] Trial 2 finished with value: 43.01433901127694 and parameters: {'lr': 0.07996493302395084, 'hs': 7, 'en': 440, 'dropout': 0.00838731044013617}. Best is trial 2 with value: 43.01433901127694.
[I 2024-05-28 02:48:47,552] Trial 3 finished with value: 62.245904764944974 and parameters: {'lr': 0.03742515684003814, 'hs': 5, 'en': 129, 'dropout': 0.007856495886681695}. Best is trial 2 with value: 43.01433901127694.
[I 2024-05-28 02:50:23,996] Trial 4 finished with value: 45.33524108466164 and parameters: {'lr': 0.01320005849857283, 'hs': 4, 'en': 86, 'dropout': 0.0036641709689993677}. Best is trial 2 with value: 43.01433901127694.
[I 2024-05-28 02:52:49,052] Trial 5 finished with value: 62.920467701995136 and parameters: {'lr': 0.06903168706869274, 'hs': 2, 'en': 134, 'dropout': 0.007268074787031641}. Best is trial 2 with value: 43.01433901127694.
[I 2024-05-28 02:55:20,858] Trial 6 finished with value: 62.78793861009109 and parameters: {'lr': 0.0981123885991187, 'hs': 6, 'en': 141, 'dropout': 0.006774346968514933}. Best is trial 2 with value: 43.01433901127694.
[I 2024-05-28 03:01:34,248] Trial 7 finished with value: 168.2903637922744 and parameters: {'lr': 0.022508955652629246, 'hs': 6, 'en': 363, 'dropout': 0.0009270202039021782}. Best is trial 2 with value: 43.01433901127694.
[I 2024-05-28 03:05:13,276] Trial 8 finished with value: 61.78331785519496 and parameters: {'lr': 0.08096957050165086, 'hs': 8, 'en': 210, 'dropout': 0.009388544244840681}. Best is trial 2 with value: 43.01433901127694.
[I 2024-05-28 03:06:49,002] Trial 9 finished with value: 42.92649352933382 and parameters: {'lr': 0.04395068718421094, 'hs': 6, 'en': 83, 'dropout': 0.0009987036730940053}. Best is trial 9 with value: 42.92649352933382.
[I 2024-05-28 03:07:12,033] Trial 10 finished with value: 62.56599872228455 and parameters: {'lr': 0.046988719538509874, 'hs': 8, 'en': 11, 'dropout': 0.0012745463795080716}. Best is trial 9 with value: 42.92649352933382.
[I 2024-05-28 03:15:41,229] Trial 11 finished with value: 46.41344663808865 and parameters: {'lr': 0.056871085694500605, 'hs': 7, 'en': 497, 'dropout': 0.004701694787896545}. Best is trial 9 with value: 42.92649352933382.
[I 2024-05-28 03:20:32,857] Trial 12 finished with value: 62.35175627543782 and parameters: {'lr': 0.03523042593120519, 'hs': 7, 'en': 280, 'dropout': 0.00953440405854842}. Best is trial 9 with value: 42.92649352933382.
[I 2024-05-28 03:25:23,688] Trial 13 finished with value: 187.1103172637028 and parameters: {'lr': 0.09522282413260238, 'hs': 4, 'en': 278, 'dropout': 4.017705272027321e-05}. Best is trial 9 with value: 42.92649352933382.
[I 2024-05-28 03:25:47,301] Trial 14 finished with value: 62.301899688962614 and parameters: {'lr': 0.057619046538215195, 'hs': 7, 'en': 12, 'dropout': 0.005589255475684978}. Best is trial 9 with value: 42.92649352933382.
[I 2024-05-28 03:29:45,484] Trial 15 finished with value: 62.44898792215696 and parameters: {'lr': 0.000731209445132816, 'hs': 6, 'en': 228, 'dropout': 0.00262252398821198}. Best is trial 9 with value: 42.92649352933382.
[I 2024-05-28 03:35:34,302] Trial 16 finished with value: 62.713144178896094 and parameters: {'lr': 0.08499197801943836, 'hs': 4, 'en': 335, 'dropout': 0.0056792758304076915}. Best is trial 9 with value: 42.92649352933382.
[I 2024-05-28 03:43:45,866] Trial 17 finished with value: 62.72721716009511 and parameters: {'lr': 0.06148702517759681, 'hs': 8, 'en': 481, 'dropout': 0.008494503576174107}. Best is trial 9 with value: 42.92649352933382.
[I 2024-05-28 03:49:09,480] Trial 18 finished with value: 4.133672890485985 and parameters: {'lr': 0.04251130663627128, 'hs': 5, 'en': 315, 'dropout': 0.0042529768901913645}. Best is trial 18 with value: 4.133672890485985.
[I 2024-05-28 03:54:40,765] Trial 19 finished with value: 62.64806100478565 and parameters: {'lr': 0.04010788565846459, 'hs': 3, 'en': 322, 'dropout': 0.003877834415754449}. Best is trial 18 with value: 4.133672890485985.
[I 2024-05-28 03:57:20,967] A new study created in memory with name: no-name-92feea88-3b12-4707-abbd-c980b084ea73
TKAN Reynolds y_6 57.18140382739468 6.679413725729702 -6.5 26.1
[I 2024-05-28 04:06:17,241] Trial 0 finished with value: 93.13509505314362 and parameters: {'lr': 0.07432044644226674, 'hs': 8, 'en': 418, 'dropout': 0.009801435915810315}. Best is trial 0 with value: 93.13509505314362.
[I 2024-05-28 04:11:04,865] Trial 1 finished with value: 127.35681890344222 and parameters: {'lr': 0.0834526087543204, 'hs': 4, 'en': 219, 'dropout': 0.005469494093595233}. Best is trial 0 with value: 93.13509505314362.
[I 2024-05-28 04:16:23,254] Trial 2 finished with value: 85.90632972369087 and parameters: {'lr': 0.00869650769695973, 'hs': 7, 'en': 244, 'dropout': 0.009991151173984737}. Best is trial 2 with value: 85.90632972369087.
[I 2024-05-28 04:24:50,060] Trial 3 finished with value: 16.07527081682416 and parameters: {'lr': 0.0018283817022127313, 'hs': 6, 'en': 393, 'dropout': 0.00549988209047443}. Best is trial 3 with value: 16.07527081682416.
[I 2024-05-28 04:26:36,338] Trial 4 finished with value: 126.75125922139546 and parameters: {'lr': 0.08564230007758443, 'hs': 2, 'en': 73, 'dropout': 0.000302251947766839}. Best is trial 3 with value: 16.07527081682416.
[I 2024-05-28 04:32:26,514] Trial 5 finished with value: 89.02455599042132 and parameters: {'lr': 0.05495321679659739, 'hs': 8, 'en': 269, 'dropout': 0.001822644766395701}. Best is trial 3 with value: 16.07527081682416.
[I 2024-05-28 04:38:40,554] Trial 6 finished with value: 139.38004003683892 and parameters: {'lr': 0.00012696183527545019, 'hs': 7, 'en': 289, 'dropout': 0.002515800980173962}. Best is trial 3 with value: 16.07527081682416.
[I 2024-05-28 04:40:08,569] Trial 7 finished with value: 126.90597452932161 and parameters: {'lr': 0.09805964935799115, 'hs': 2, 'en': 59, 'dropout': 0.0027373828807830086}. Best is trial 3 with value: 16.07527081682416.
[I 2024-05-28 04:45:45,423] Trial 8 finished with value: 216.37309286204425 and parameters: {'lr': 0.08834273126582308, 'hs': 6, 'en': 260, 'dropout': 0.0009783811417577607}. Best is trial 3 with value: 16.07527081682416.
[I 2024-05-28 04:51:56,892] Trial 9 finished with value: 127.1313780970164 and parameters: {'lr': 0.07153817035432229, 'hs': 2, 'en': 285, 'dropout': 0.0007843561566882667}. Best is trial 3 with value: 16.07527081682416.
[I 2024-05-28 05:02:32,843] Trial 10 finished with value: 126.70603491410309 and parameters: {'lr': 0.024832142693915878, 'hs': 4, 'en': 494, 'dropout': 0.006358414120812039}. Best is trial 3 with value: 16.07527081682416.
[I 2024-05-28 05:10:46,865] Trial 11 finished with value: 125.56704817579497 and parameters: {'lr': 0.0007542897767157323, 'hs': 6, 'en': 386, 'dropout': 0.00977212220322071}. Best is trial 3 with value: 16.07527081682416.
[I 2024-05-28 05:14:16,551] Trial 12 finished with value: 92.35870347077287 and parameters: {'lr': 0.022162485376631808, 'hs': 5, 'en': 157, 'dropout': 0.008244344301700795}. Best is trial 3 with value: 16.07527081682416.
[I 2024-05-28 05:22:15,635] Trial 13 finished with value: 252.28726760435993 and parameters: {'lr': 0.023232773363878148, 'hs': 6, 'en': 373, 'dropout': 0.007038575667750327}. Best is trial 3 with value: 16.07527081682416.
[I 2024-05-28 05:29:43,918] Trial 14 finished with value: 81.49635394856841 and parameters: {'lr': 0.03930762767879306, 'hs': 7, 'en': 349, 'dropout': 0.004314058302616946}. Best is trial 3 with value: 16.07527081682416.
[I 2024-05-28 05:39:35,970] Trial 15 finished with value: 90.95443105105915 and parameters: {'lr': 0.043019406514221994, 'hs': 7, 'en': 464, 'dropout': 0.00398913596043434}. Best is trial 3 with value: 16.07527081682416.
[I 2024-05-28 05:46:58,135] Trial 16 finished with value: 81.60440119304853 and parameters: {'lr': 0.04336422035262013, 'hs': 5, 'en': 341, 'dropout': 0.004357127341581486}. Best is trial 3 with value: 16.07527081682416.
[I 2024-05-28 05:56:22,544] Trial 17 finished with value: 46.07982622531307 and parameters: {'lr': 0.05746035454370804, 'hs': 4, 'en': 438, 'dropout': 0.005594968962768863}. Best is trial 3 with value: 16.07527081682416.
[I 2024-05-28 06:05:36,126] Trial 18 finished with value: 125.32711187367677 and parameters: {'lr': 0.060079829112200445, 'hs': 4, 'en': 431, 'dropout': 0.007884996585102041}. Best is trial 3 with value: 16.07527081682416.
[I 2024-05-28 06:16:10,270] Trial 19 finished with value: 126.44530903823302 and parameters: {'lr': 0.06156333448606425, 'hs': 3, 'en': 496, 'dropout': 0.005737323936643573}. Best is trial 3 with value: 16.07527081682416.
[I 2024-05-28 06:18:45,169] A new study created in memory with name: no-name-3a27f695-66c5-43a6-925c-6a47ff1034da
TKAN Reynolds y_2 7.079455867667233 1.6481560674093538 -9.7 41.0
[I 2024-05-28 06:31:02,982] Trial 0 finished with value: 179.7792127207631 and parameters: {'lr': 0.08958496642813218, 'hs': 7, 'en': 198, 'dropout': 0.0067732650608787765}. Best is trial 0 with value: 179.7792127207631.
[I 2024-05-28 06:49:33,023] Trial 1 finished with value: 7.001210217817939 and parameters: {'lr': 0.03621729762308262, 'hs': 5, 'en': 299, 'dropout': 0.0027099218541035666}. Best is trial 1 with value: 7.001210217817939.
[I 2024-05-28 07:17:39,397] Trial 2 finished with value: 173.06793978810035 and parameters: {'lr': 0.059149246422749525, 'hs': 5, 'en': 461, 'dropout': 0.004559797810424396}. Best is trial 1 with value: 7.001210217817939.
[I 2024-05-28 07:30:10,839] Trial 3 finished with value: 18.84630568758764 and parameters: {'lr': 0.04687612526102989, 'hs': 4, 'en': 204, 'dropout': 0.0025756703532568274}. Best is trial 1 with value: 7.001210217817939.
[I 2024-05-28 07:54:18,225] Trial 4 finished with value: 13.609447192357658 and parameters: {'lr': 0.007510041316283347, 'hs': 6, 'en': 394, 'dropout': 0.005526699722315717}. Best is trial 1 with value: 7.001210217817939.
[I 2024-05-28 08:20:31,786] Trial 5 finished with value: 7.507994458621308 and parameters: {'lr': 0.016910321321208045, 'hs': 7, 'en': 431, 'dropout': 0.0032330983955999584}. Best is trial 1 with value: 7.001210217817939.
[I 2024-05-28 08:28:35,024] Trial 6 finished with value: 179.96268211412902 and parameters: {'lr': 0.08194054009111167, 'hs': 5, 'en': 130, 'dropout': 0.003948012879189094}. Best is trial 1 with value: 7.001210217817939.
[I 2024-05-28 08:35:44,296] Trial 7 finished with value: 18.885259271378157 and parameters: {'lr': 0.08378286186176905, 'hs': 2, 'en': 115, 'dropout': 0.0062631144584738545}. Best is trial 1 with value: 7.001210217817939.
[I 2024-05-28 09:05:49,696] Trial 8 finished with value: 166.97598157298498 and parameters: {'lr': 0.030332631859941537, 'hs': 3, 'en': 492, 'dropout': 0.00029306322700864716}. Best is trial 1 with value: 7.001210217817939.
[I 2024-05-28 09:16:22,530] Trial 9 finished with value: 13.190975684832503 and parameters: {'lr': 0.008879616056260567, 'hs': 3, 'en': 170, 'dropout': 0.002587502037434613}. Best is trial 1 with value: 7.001210217817939.
[I 2024-05-28 09:17:42,121] Trial 10 finished with value: 19.310640110273543 and parameters: {'lr': 0.0512750829449574, 'hs': 8, 'en': 19, 'dropout': 0.008382098064060643}. Best is trial 1 with value: 7.001210217817939.
[I 2024-05-28 09:38:09,001] Trial 11 finished with value: 0.6339692854234266 and parameters: {'lr': 0.02722285624394881, 'hs': 7, 'en': 332, 'dropout': 0.0013139015052958233}. Best is trial 11 with value: 0.6339692854234266.
[I 2024-05-28 09:57:41,976] Trial 12 finished with value: 6.968635718698896 and parameters: {'lr': 0.029186949786583403, 'hs': 6, 'en': 320, 'dropout': 0.0005968928908777818}. Best is trial 11 with value: 0.6339692854234266.
[I 2024-05-28 10:15:59,462] Trial 13 finished with value: 0.6821035990019632 and parameters: {'lr': 0.024536568097927, 'hs': 8, 'en': 299, 'dropout': 0.0003342084893175662}. Best is trial 11 with value: 0.6339692854234266.
[I 2024-05-28 10:38:36,303] Trial 14 finished with value: 1.0578054147585434 and parameters: {'lr': 0.021671764608014323, 'hs': 8, 'en': 354, 'dropout': 0.0008753486720859413}. Best is trial 11 with value: 0.6339692854234266.
[I 2024-05-28 10:56:58,209] Trial 15 finished with value: 8.210975921782785 and parameters: {'lr': 0.0005628870962965694, 'hs': 7, 'en': 269, 'dropout': 0.0013992988779081923}. Best is trial 11 with value: 0.6339692854234266.
[I 2024-05-28 11:20:48,731] Trial 16 finished with value: 18.94043599586724 and parameters: {'lr': 0.06593438886904579, 'hs': 8, 'en': 367, 'dropout': 0.009675556819168278}. Best is trial 11 with value: 0.6339692854234266.
[I 2024-05-28 11:36:56,455] Trial 17 finished with value: 13.440163108544718 and parameters: {'lr': 0.040583500151447544, 'hs': 6, 'en': 244, 'dropout': 0.0016209521154223942}. Best is trial 11 with value: 0.6339692854234266.
[I 2024-05-28 11:56:42,681] Trial 18 finished with value: 2.0958514144734353 and parameters: {'lr': 0.017792023926569395, 'hs': 7, 'en': 320, 'dropout': 0.001765686100246647}. Best is trial 11 with value: 0.6339692854234266.
[I 2024-05-28 12:22:26,953] Trial 19 finished with value: 333.4624112808505 and parameters: {'lr': 0.06835981589866871, 'hs': 8, 'en': 415, 'dropout': 0.0001690093199616053}. Best is trial 11 with value: 0.6339692854234266.
[I 2024-05-28 12:32:40,282] A new study created in memory with name: no-name-97c77638-e222-4310-882e-0657f1a14a49
TKAN UK y_8 0.6706931382492144 0.540692878731549 1.4 24.0
[I 2024-05-28 12:53:04,116] Trial 0 finished with value: 339.85030299745944 and parameters: {'lr': 0.03662270069097234, 'hs': 3, 'en': 332, 'dropout': 0.009497398257735202}. Best is trial 0 with value: 339.85030299745944.
[I 2024-05-28 13:11:06,106] Trial 1 finished with value: 2.5543267773046754 and parameters: {'lr': 0.0036541708680517646, 'hs': 8, 'en': 291, 'dropout': 0.0044456911608449}. Best is trial 1 with value: 2.5543267773046754.
[I 2024-05-28 13:32:44,619] Trial 2 finished with value: 19.065444782862894 and parameters: {'lr': 0.07731859373722426, 'hs': 5, 'en': 350, 'dropout': 0.0078077690858098}. Best is trial 1 with value: 2.5543267773046754.
[I 2024-05-28 13:50:37,007] Trial 3 finished with value: 3.870969542167242 and parameters: {'lr': 0.003402484496421402, 'hs': 5, 'en': 286, 'dropout': 0.00891286467852846}. Best is trial 1 with value: 2.5543267773046754.
[I 2024-05-28 13:55:55,751] Trial 4 finished with value: 179.01675674757277 and parameters: {'lr': 0.09027341514399491, 'hs': 5, 'en': 84, 'dropout': 0.0051712775328276875}. Best is trial 1 with value: 2.5543267773046754.
[I 2024-05-28 14:01:14,109] Trial 5 finished with value: 19.374798591176656 and parameters: {'lr': 0.043547222898760805, 'hs': 6, 'en': 83, 'dropout': 0.0032920811820197887}. Best is trial 1 with value: 2.5543267773046754.
[I 2024-05-28 14:03:05,580] Trial 6 finished with value: 19.224841465867836 and parameters: {'lr': 0.05083723645400393, 'hs': 6, 'en': 27, 'dropout': 0.006846833583934273}. Best is trial 1 with value: 2.5543267773046754.
[I 2024-05-28 14:14:00,441] Trial 7 finished with value: 14.437851109790463 and parameters: {'lr': 0.038177415456901106, 'hs': 5, 'en': 175, 'dropout': 0.00786395089064725}. Best is trial 1 with value: 2.5543267773046754.
[I 2024-05-28 14:15:26,317] Trial 8 finished with value: 19.082207982992127 and parameters: {'lr': 0.05223433573414911, 'hs': 6, 'en': 20, 'dropout': 0.002336436648387975}. Best is trial 1 with value: 2.5543267773046754.
[I 2024-05-28 14:29:43,184] Trial 9 finished with value: 19.020474132032053 and parameters: {'lr': 0.07256449690225089, 'hs': 3, 'en': 229, 'dropout': 0.003407484519271762}. Best is trial 1 with value: 2.5543267773046754.
