[I 2024-05-30 14:40:08,753] Trial 3 finished with value: 23.331015458064538 and parameters: {'lr': 0.05027651478799364, 'hs': 5, 'en': 123, 'dropout': 0.006027506956891605}. Best is trial 1 with value: 23.325584940374668.
/home/keen/.pyenv/versions/3.10.13/lib/python3.10/site-packages/keras/src/layers/core/input_layer.py:25: UserWarning: Argument `input_shape` is deprecated. Use `shape` instead.
  warnings.warn(
24/24 ━━━━━━━━━━━━━━━━━━━━ 1s 14ms/step
/home/keen/.pyenv/versions/3.10.13/lib/python3.10/site-packages/keras/src/layers/core/input_layer.py:25: UserWarning: Argument `input_shape` is deprecated. Use `shape` instead.
  warnings.warn(
24/24 ━━━━━━━━━━━━━━━━━━━━ 1s 14ms/step
/home/keen/.pyenv/versions/3.10.13/lib/python3.10/site-packages/keras/src/layers/core/input_layer.py:25: UserWarning: Argument `input_shape` is deprecated. Use `shape` instead.
  warnings.warn(
24/24 ━━━━━━━━━━━━━━━━━━━━ 1s 14ms/step
[I 2024-05-30 15:14:56,232] Trial 4 finished with value: 23.37683990819632 and parameters: {'lr': 0.05127143119791619, 'hs': 2, 'en': 256, 'dropout': 0.005181160217206675}. Best is trial 1 with value: 23.325584940374668.
/home/keen/.pyenv/versions/3.10.13/lib/python3.10/site-packages/keras/src/layers/core/input_layer.py:25: UserWarning: Argument `input_shape` is deprecated. Use `shape` instead.
  warnings.warn(
24/24 ━━━━━━━━━━━━━━━━━━━━ 1s 14ms/step
/home/keen/.pyenv/versions/3.10.13/lib/python3.10/site-packages/keras/src/layers/core/input_layer.py:25: UserWarning: Argument `input_shape` is deprecated. Use `shape` instead.
  warnings.warn(
24/24 ━━━━━━━━━━━━━━━━━━━━ 1s 14ms/step
/home/keen/.pyenv/versions/3.10.13/lib/python3.10/site-packages/keras/src/layers/core/input_layer.py:25: UserWarning: Argument `input_shape` is deprecated. Use `shape` instead.
  warnings.warn(
24/24 ━━━━━━━━━━━━━━━━━━━━ 1s 15ms/step
[I 2024-05-30 15:27:22,488] Trial 5 finished with value: 23.373824359261658 and parameters: {'lr': 0.02526432323607029, 'hs': 4, 'en': 86, 'dropout': 0.003463182872449706}. Best is trial 1 with value: 23.325584940374668.
/home/keen/.pyenv/versions/3.10.13/lib/python3.10/site-packages/keras/src/layers/core/input_layer.py:25: UserWarning: Argument `input_shape` is deprecated. Use `shape` instead.
  warnings.warn(
24/24 ━━━━━━━━━━━━━━━━━━━━ 1s 16ms/step
/home/keen/.pyenv/versions/3.10.13/lib/python3.10/site-packages/keras/src/layers/core/input_layer.py:25: UserWarning: Argument `input_shape` is deprecated. Use `shape` instead.
  warnings.warn(
24/24 ━━━━━━━━━━━━━━━━━━━━ 1s 15ms/step
/home/keen/.pyenv/versions/3.10.13/lib/python3.10/site-packages/keras/src/layers/core/input_layer.py:25: UserWarning: Argument `input_shape` is deprecated. Use `shape` instead.
  warnings.warn(
24/24 ━━━━━━━━━━━━━━━━━━━━ 1s 15ms/step
[I 2024-05-30 16:18:36,076] Trial 6 finished with value: 341.40112819022835 and parameters: {'lr': 0.09732453386575303, 'hs': 7, 'en': 355, 'dropout': 0.009701390966814149}. Best is trial 1 with value: 23.325584940374668.
/home/keen/.pyenv/versions/3.10.13/lib/python3.10/site-packages/keras/src/layers/core/input_layer.py:25: UserWarning: Argument `input_shape` is deprecated. Use `shape` instead.
  warnings.warn(
24/24 ━━━━━━━━━━━━━━━━━━━━ 1s 15ms/step
/home/keen/.pyenv/versions/3.10.13/lib/python3.10/site-packages/keras/src/layers/core/input_layer.py:25: UserWarning: Argument `input_shape` is deprecated. Use `shape` instead.
  warnings.warn(
24/24 ━━━━━━━━━━━━━━━━━━━━ 1s 15ms/step
/home/keen/.pyenv/versions/3.10.13/lib/python3.10/site-packages/keras/src/layers/core/input_layer.py:25: UserWarning: Argument `input_shape` is deprecated. Use `shape` instead.
  warnings.warn(
24/24 ━━━━━━━━━━━━━━━━━━━━ 1s 15ms/step
[I 2024-05-30 17:17:30,327] Trial 7 finished with value: 23.36921252685367 and parameters: {'lr': 0.041399120107006616, 'hs': 3, 'en': 415, 'dropout': 0.002944143979029694}. Best is trial 1 with value: 23.325584940374668.
/home/keen/.pyenv/versions/3.10.13/lib/python3.10/site-packages/keras/src/layers/core/input_layer.py:25: UserWarning: Argument `input_shape` is deprecated. Use `shape` instead.
  warnings.warn(
24/24 ━━━━━━━━━━━━━━━━━━━━ 1s 15ms/step
/home/keen/.pyenv/versions/3.10.13/lib/python3.10/site-packages/keras/src/layers/core/input_layer.py:25: UserWarning: Argument `input_shape` is deprecated. Use `shape` instead.
  warnings.warn(
24/24 ━━━━━━━━━━━━━━━━━━━━ 1s 16ms/step
/home/keen/.pyenv/versions/3.10.13/lib/python3.10/site-packages/keras/src/layers/core/input_layer.py:25: UserWarning: Argument `input_shape` is deprecated. Use `shape` instead.
  warnings.warn(
24/24 ━━━━━━━━━━━━━━━━━━━━ 1s 14ms/step
[I 2024-05-30 17:42:56,385] Trial 8 finished with value: 16.45403332052652 and parameters: {'lr': 0.0630357172740052, 'hs': 2, 'en': 170, 'dropout': 0.0005609058738487632}. Best is trial 8 with value: 16.45403332052652.
/home/keen/.pyenv/versions/3.10.13/lib/python3.10/site-packages/keras/src/layers/core/input_layer.py:25: UserWarning: Argument `input_shape` is deprecated. Use `shape` instead.
  warnings.warn(
24/24 ━━━━━━━━━━━━━━━━━━━━ 1s 15ms/step
/home/keen/.pyenv/versions/3.10.13/lib/python3.10/site-packages/keras/src/layers/core/input_layer.py:25: UserWarning: Argument `input_shape` is deprecated. Use `shape` instead.
  warnings.warn(
24/24 ━━━━━━━━━━━━━━━━━━━━ 1s 14ms/step
/home/keen/.pyenv/versions/3.10.13/lib/python3.10/site-packages/keras/src/layers/core/input_layer.py:25: UserWarning: Argument `input_shape` is deprecated. Use `shape` instead.
  warnings.warn(
24/24 ━━━━━━━━━━━━━━━━━━━━ 1s 14ms/step
[I 2024-05-30 18:05:33,463] Trial 9 finished with value: 16.393958651327406 and parameters: {'lr': 0.005588661253501407, 'hs': 3, 'en': 155, 'dropout': 0.0009500962081814056}. Best is trial 9 with value: 16.393958651327406.
/home/keen/.pyenv/versions/3.10.13/lib/python3.10/site-packages/keras/src/layers/core/input_layer.py:25: UserWarning: Argument `input_shape` is deprecated. Use `shape` instead.
  warnings.warn(
24/24 ━━━━━━━━━━━━━━━━━━━━ 1s 15ms/step
/home/keen/.pyenv/versions/3.10.13/lib/python3.10/site-packages/keras/src/layers/core/input_layer.py:25: UserWarning: Argument `input_shape` is deprecated. Use `shape` instead.
  warnings.warn(
24/24 ━━━━━━━━━━━━━━━━━━━━ 1s 15ms/step
/home/keen/.pyenv/versions/3.10.13/lib/python3.10/site-packages/keras/src/layers/core/input_layer.py:25: UserWarning: Argument `input_shape` is deprecated. Use `shape` instead.
  warnings.warn(
24/24 ━━━━━━━━━━━━━━━━━━━━ 1s 14ms/step
[I 2024-05-30 18:10:37,582] Trial 10 finished with value: 16.50989510128055 and parameters: {'lr': 0.015717053549116827, 'hs': 5, 'en': 35, 'dropout': 7.763985904571565e-05}. Best is trial 9 with value: 16.393958651327406.
/home/keen/.pyenv/versions/3.10.13/lib/python3.10/site-packages/keras/src/layers/core/input_layer.py:25: UserWarning: Argument `input_shape` is deprecated. Use `shape` instead.
  warnings.warn(
24/24 ━━━━━━━━━━━━━━━━━━━━ 1s 15ms/step
/home/keen/.pyenv/versions/3.10.13/lib/python3.10/site-packages/keras/src/layers/core/input_layer.py:25: UserWarning: Argument `input_shape` is deprecated. Use `shape` instead.
  warnings.warn(
24/24 ━━━━━━━━━━━━━━━━━━━━ 1s 14ms/step
/home/keen/.pyenv/versions/3.10.13/lib/python3.10/site-packages/keras/src/layers/core/input_layer.py:25: UserWarning: Argument `input_shape` is deprecated. Use `shape` instead.
  warnings.warn(
24/24 ━━━━━━━━━━━━━━━━━━━━ 1s 14ms/step
[I 2024-05-30 18:34:11,674] Trial 11 finished with value: 16.703306187273082 and parameters: {'lr': 0.001246706993612695, 'hs': 3, 'en': 173, 'dropout': 0.00029923495906846874}. Best is trial 9 with value: 16.393958651327406.
/home/keen/.pyenv/versions/3.10.13/lib/python3.10/site-packages/keras/src/layers/core/input_layer.py:25: UserWarning: Argument `input_shape` is deprecated. Use `shape` instead.
  warnings.warn(
24/24 ━━━━━━━━━━━━━━━━━━━━ 1s 14ms/step
/home/keen/.pyenv/versions/3.10.13/lib/python3.10/site-packages/keras/src/layers/core/input_layer.py:25: UserWarning: Argument `input_shape` is deprecated. Use `shape` instead.
  warnings.warn(
24/24 ━━━━━━━━━━━━━━━━━━━━ 1s 14ms/step
/home/keen/.pyenv/versions/3.10.13/lib/python3.10/site-packages/keras/src/layers/core/input_layer.py:25: UserWarning: Argument `input_shape` is deprecated. Use `shape` instead.
  warnings.warn(
24/24 ━━━━━━━━━━━━━━━━━━━━ 1s 15ms/step
[I 2024-05-30 18:58:56,435] Trial 12 finished with value: 23.32985901037692 and parameters: {'lr': 0.0754810343308029, 'hs': 2, 'en': 181, 'dropout': 0.0015865581217733766}. Best is trial 9 with value: 16.393958651327406.
/home/keen/.pyenv/versions/3.10.13/lib/python3.10/site-packages/keras/src/layers/core/input_layer.py:25: UserWarning: Argument `input_shape` is deprecated. Use `shape` instead.
  warnings.warn(
24/24 ━━━━━━━━━━━━━━━━━━━━ 1s 14ms/step
/home/keen/.pyenv/versions/3.10.13/lib/python3.10/site-packages/keras/src/layers/core/input_layer.py:25: UserWarning: Argument `input_shape` is deprecated. Use `shape` instead.
  warnings.warn(
24/24 ━━━━━━━━━━━━━━━━━━━━ 1s 14ms/step
/home/keen/.pyenv/versions/3.10.13/lib/python3.10/site-packages/keras/src/layers/core/input_layer.py:25: UserWarning: Argument `input_shape` is deprecated. Use `shape` instead.
  warnings.warn(
24/24 ━━━━━━━━━━━━━━━━━━━━ 1s 14ms/step
[I 2024-05-30 19:39:43,582] Trial 13 finished with value: 23.387973971096567 and parameters: {'lr': 0.06980370922323614, 'hs': 4, 'en': 297, 'dropout': 0.0012426010560462916}. Best is trial 9 with value: 16.393958651327406.
/home/keen/.pyenv/versions/3.10.13/lib/python3.10/site-packages/keras/src/layers/core/input_layer.py:25: UserWarning: Argument `input_shape` is deprecated. Use `shape` instead.
  warnings.warn(
24/24 ━━━━━━━━━━━━━━━━━━━━ 1s 14ms/step
/home/keen/.pyenv/versions/3.10.13/lib/python3.10/site-packages/keras/src/layers/core/input_layer.py:25: UserWarning: Argument `input_shape` is deprecated. Use `shape` instead.
  warnings.warn(
24/24 ━━━━━━━━━━━━━━━━━━━━ 1s 15ms/step
/home/keen/.pyenv/versions/3.10.13/lib/python3.10/site-packages/keras/src/layers/core/input_layer.py:25: UserWarning: Argument `input_shape` is deprecated. Use `shape` instead.
  warnings.warn(
24/24 ━━━━━━━━━━━━━━━━━━━━ 1s 14ms/step
[I 2024-05-30 19:42:46,054] Trial 14 finished with value: 341.11588257732666 and parameters: {'lr': 0.0894965894841782, 'hs': 8, 'en': 22, 'dropout': 0.0017092101207794017}. Best is trial 9 with value: 16.393958651327406.
/home/keen/.pyenv/versions/3.10.13/lib/python3.10/site-packages/keras/src/layers/core/input_layer.py:25: UserWarning: Argument `input_shape` is deprecated. Use `shape` instead.
  warnings.warn(
24/24 ━━━━━━━━━━━━━━━━━━━━ 1s 14ms/step
/home/keen/.pyenv/versions/3.10.13/lib/python3.10/site-packages/keras/src/layers/core/input_layer.py:25: UserWarning: Argument `input_shape` is deprecated. Use `shape` instead.
  warnings.warn(
24/24 ━━━━━━━━━━━━━━━━━━━━ 1s 14ms/step
/home/keen/.pyenv/versions/3.10.13/lib/python3.10/site-packages/keras/src/layers/core/input_layer.py:25: UserWarning: Argument `input_shape` is deprecated. Use `shape` instead.
  warnings.warn(
24/24 ━━━━━━━━━━━━━━━━━━━━ 1s 14ms/step
[I 2024-05-30 19:58:14,323] Trial 15 finished with value: 18.92943761565833 and parameters: {'lr': 0.00837697348215978, 'hs': 4, 'en': 113, 'dropout': 0.006310214717318556}. Best is trial 9 with value: 16.393958651327406.
/home/keen/.pyenv/versions/3.10.13/lib/python3.10/site-packages/keras/src/layers/core/input_layer.py:25: UserWarning: Argument `input_shape` is deprecated. Use `shape` instead.
  warnings.warn(
24/24 ━━━━━━━━━━━━━━━━━━━━ 1s 16ms/step
/home/keen/.pyenv/versions/3.10.13/lib/python3.10/site-packages/keras/src/layers/core/input_layer.py:25: UserWarning: Argument `input_shape` is deprecated. Use `shape` instead.
  warnings.warn(
24/24 ━━━━━━━━━━━━━━━━━━━━ 1s 15ms/step
/home/keen/.pyenv/versions/3.10.13/lib/python3.10/site-packages/keras/src/layers/core/input_layer.py:25: UserWarning: Argument `input_shape` is deprecated. Use `shape` instead.
  warnings.warn(
24/24 ━━━━━━━━━━━━━━━━━━━━ 1s 14ms/step
[I 2024-05-30 20:26:23,957] Trial 16 finished with value: 23.440286277611218 and parameters: {'lr': 0.061931696828282395, 'hs': 3, 'en': 206, 'dropout': 0.0020936935617952403}. Best is trial 9 with value: 16.393958651327406.
/home/keen/.pyenv/versions/3.10.13/lib/python3.10/site-packages/keras/src/layers/core/input_layer.py:25: UserWarning: Argument `input_shape` is deprecated. Use `shape` instead.
  warnings.warn(
24/24 ━━━━━━━━━━━━━━━━━━━━ 1s 14ms/step
/home/keen/.pyenv/versions/3.10.13/lib/python3.10/site-packages/keras/src/layers/core/input_layer.py:25: UserWarning: Argument `input_shape` is deprecated. Use `shape` instead.
  warnings.warn(
24/24 ━━━━━━━━━━━━━━━━━━━━ 1s 14ms/step
/home/keen/.pyenv/versions/3.10.13/lib/python3.10/site-packages/keras/src/layers/core/input_layer.py:25: UserWarning: Argument `input_shape` is deprecated. Use `shape` instead.
  warnings.warn(
24/24 ━━━━━━━━━━━━━━━━━━━━ 1s 14ms/step
[I 2024-05-30 21:07:36,229] Trial 17 finished with value: 23.529086808816814 and parameters: {'lr': 0.08175522586030076, 'hs': 2, 'en': 304, 'dropout': 0.004300289730071763}. Best is trial 9 with value: 16.393958651327406.
/home/keen/.pyenv/versions/3.10.13/lib/python3.10/site-packages/keras/src/layers/core/input_layer.py:25: UserWarning: Argument `input_shape` is deprecated. Use `shape` instead.
  warnings.warn(
24/24 ━━━━━━━━━━━━━━━━━━━━ 1s 14ms/step
/home/keen/.pyenv/versions/3.10.13/lib/python3.10/site-packages/keras/src/layers/core/input_layer.py:25: UserWarning: Argument `input_shape` is deprecated. Use `shape` instead.
  warnings.warn(
24/24 ━━━━━━━━━━━━━━━━━━━━ 1s 14ms/step
/home/keen/.pyenv/versions/3.10.13/lib/python3.10/site-packages/keras/src/layers/core/input_layer.py:25: UserWarning: Argument `input_shape` is deprecated. Use `shape` instead.
  warnings.warn(
24/24 ━━━━━━━━━━━━━━━━━━━━ 1s 14ms/step
[I 2024-05-30 21:18:00,634] Trial 18 finished with value: 23.45506695635954 and parameters: {'lr': 0.041379323562283285, 'hs': 6, 'en': 75, 'dropout': 0.0008570931218205612}. Best is trial 9 with value: 16.393958651327406.
/home/keen/.pyenv/versions/3.10.13/lib/python3.10/site-packages/keras/src/layers/core/input_layer.py:25: UserWarning: Argument `input_shape` is deprecated. Use `shape` instead.
  warnings.warn(
24/24 ━━━━━━━━━━━━━━━━━━━━ 1s 15ms/step
/home/keen/.pyenv/versions/3.10.13/lib/python3.10/site-packages/keras/src/layers/core/input_layer.py:25: UserWarning: Argument `input_shape` is deprecated. Use `shape` instead.
  warnings.warn(
24/24 ━━━━━━━━━━━━━━━━━━━━ 1s 15ms/step
/home/keen/.pyenv/versions/3.10.13/lib/python3.10/site-packages/keras/src/layers/core/input_layer.py:25: UserWarning: Argument `input_shape` is deprecated. Use `shape` instead.
  warnings.warn(
24/24 ━━━━━━━━━━━━━━━━━━━━ 1s 15ms/step
[I 2024-05-30 21:38:07,287] Trial 19 finished with value: 0.7380832683912789 and parameters: {'lr': 0.05766511746413657, 'hs': 4, 'en': 143, 'dropout': 8.033190521408902e-05}. Best is trial 19 with value: 0.7380832683912789.
/home/keen/.pyenv/versions/3.10.13/lib/python3.10/site-packages/keras/src/layers/core/input_layer.py:25: UserWarning: Argument `input_shape` is deprecated. Use `shape` instead.
  warnings.warn(
31/31 ━━━━━━━━━━━━━━━━━━━━ 1s 12ms/step
[I 2024-05-30 21:48:30,055] A new study created in memory with name: no-name-d7f197d0-4896-47e0-97f8-8f6ef52b08e7
TKAN UK y_2 0.483289451172448 0.45775279122353996 -1.1 25.8
/home/keen/.pyenv/versions/3.10.13/lib/python3.10/site-packages/keras/src/layers/core/input_layer.py:25: UserWarning: Argument `input_shape` is deprecated. Use `shape` instead.
  warnings.warn(
8/8 ━━━━━━━━━━━━━━━━━━━━ 1s 44ms/step
/home/keen/.pyenv/versions/3.10.13/lib/python3.10/site-packages/keras/src/layers/core/input_layer.py:25: UserWarning: Argument `input_shape` is deprecated. Use `shape` instead.
  warnings.warn(
8/8 ━━━━━━━━━━━━━━━━━━━━ 1s 44ms/step
/home/keen/.pyenv/versions/3.10.13/lib/python3.10/site-packages/keras/src/layers/core/input_layer.py:25: UserWarning: Argument `input_shape` is deprecated. Use `shape` instead.
  warnings.warn(
8/8 ━━━━━━━━━━━━━━━━━━━━ 1s 45ms/step
[I 2024-05-30 22:11:17,143] Trial 0 finished with value: 8.64471509756702 and parameters: {'lr': 0.08341175159016452, 'hs': 8, 'en': 481, 'dropout': 0.002057681721249077}. Best is trial 0 with value: 8.64471509756702.
/home/keen/.pyenv/versions/3.10.13/lib/python3.10/site-packages/keras/src/layers/core/input_layer.py:25: UserWarning: Argument `input_shape` is deprecated. Use `shape` instead.
  warnings.warn(
8/8 ━━━━━━━━━━━━━━━━━━━━ 1s 45ms/step
/home/keen/.pyenv/versions/3.10.13/lib/python3.10/site-packages/keras/src/layers/core/input_layer.py:25: UserWarning: Argument `input_shape` is deprecated. Use `shape` instead.
  warnings.warn(
8/8 ━━━━━━━━━━━━━━━━━━━━ 1s 43ms/step
/home/keen/.pyenv/versions/3.10.13/lib/python3.10/site-packages/keras/src/layers/core/input_layer.py:25: UserWarning: Argument `input_shape` is deprecated. Use `shape` instead.
  warnings.warn(
8/8 ━━━━━━━━━━━━━━━━━━━━ 1s 42ms/step
[I 2024-05-30 22:32:23,622] Trial 1 finished with value: 3.8118520534770304 and parameters: {'lr': 0.008301491926798264, 'hs': 3, 'en': 450, 'dropout': 0.009241897552986229}. Best is trial 1 with value: 3.8118520534770304.
/home/keen/.pyenv/versions/3.10.13/lib/python3.10/site-packages/keras/src/layers/core/input_layer.py:25: UserWarning: Argument `input_shape` is deprecated. Use `shape` instead.
  warnings.warn(
8/8 ━━━━━━━━━━━━━━━━━━━━ 1s 43ms/step
/home/keen/.pyenv/versions/3.10.13/lib/python3.10/site-packages/keras/src/layers/core/input_layer.py:25: UserWarning: Argument `input_shape` is deprecated. Use `shape` instead.
  warnings.warn(
8/8 ━━━━━━━━━━━━━━━━━━━━ 1s 42ms/step
/home/keen/.pyenv/versions/3.10.13/lib/python3.10/site-packages/keras/src/layers/core/input_layer.py:25: UserWarning: Argument `input_shape` is deprecated. Use `shape` instead.
  warnings.warn(
8/8 ━━━━━━━━━━━━━━━━━━━━ 1s 43ms/step
[I 2024-05-30 22:54:35,301] Trial 2 finished with value: 3.5626970435849885 and parameters: {'lr': 0.008919164450117402, 'hs': 6, 'en': 474, 'dropout': 0.004920867091526442}. Best is trial 2 with value: 3.5626970435849885.
/home/keen/.pyenv/versions/3.10.13/lib/python3.10/site-packages/keras/src/layers/core/input_layer.py:25: UserWarning: Argument `input_shape` is deprecated. Use `shape` instead.
  warnings.warn(
8/8 ━━━━━━━━━━━━━━━━━━━━ 1s 42ms/step
/home/keen/.pyenv/versions/3.10.13/lib/python3.10/site-packages/keras/src/layers/core/input_layer.py:25: UserWarning: Argument `input_shape` is deprecated. Use `shape` instead.
  warnings.warn(
8/8 ━━━━━━━━━━━━━━━━━━━━ 1s 43ms/step
/home/keen/.pyenv/versions/3.10.13/lib/python3.10/site-packages/keras/src/layers/core/input_layer.py:25: UserWarning: Argument `input_shape` is deprecated. Use `shape` instead.
  warnings.warn(
8/8 ━━━━━━━━━━━━━━━━━━━━ 1s 41ms/step
[I 2024-05-30 23:01:43,578] Trial 3 finished with value: 25.245648020861108 and parameters: {'lr': 0.043984123512581755, 'hs': 7, 'en': 152, 'dropout': 0.006986498629737883}. Best is trial 2 with value: 3.5626970435849885.
/home/keen/.pyenv/versions/3.10.13/lib/python3.10/site-packages/keras/src/layers/core/input_layer.py:25: UserWarning: Argument `input_shape` is deprecated. Use `shape` instead.
  warnings.warn(
8/8 ━━━━━━━━━━━━━━━━━━━━ 1s 44ms/step
/home/keen/.pyenv/versions/3.10.13/lib/python3.10/site-packages/keras/src/layers/core/input_layer.py:25: UserWarning: Argument `input_shape` is deprecated. Use `shape` instead.
  warnings.warn(
8/8 ━━━━━━━━━━━━━━━━━━━━ 1s 42ms/step
/home/keen/.pyenv/versions/3.10.13/lib/python3.10/site-packages/keras/src/layers/core/input_layer.py:25: UserWarning: Argument `input_shape` is deprecated. Use `shape` instead.
  warnings.warn(
8/8 ━━━━━━━━━━━━━━━━━━━━ 1s 44ms/step
[I 2024-05-30 23:08:12,812] Trial 4 finished with value: 25.658418552063576 and parameters: {'lr': 0.06016287904298735, 'hs': 4, 'en': 137, 'dropout': 0.002603604811546837}. Best is trial 2 with value: 3.5626970435849885.
/home/keen/.pyenv/versions/3.10.13/lib/python3.10/site-packages/keras/src/layers/core/input_layer.py:25: UserWarning: Argument `input_shape` is deprecated. Use `shape` instead.
  warnings.warn(
8/8 ━━━━━━━━━━━━━━━━━━━━ 1s 44ms/step
/home/keen/.pyenv/versions/3.10.13/lib/python3.10/site-packages/keras/src/layers/core/input_layer.py:25: UserWarning: Argument `input_shape` is deprecated. Use `shape` instead.
  warnings.warn(
8/8 ━━━━━━━━━━━━━━━━━━━━ 1s 44ms/step
/home/keen/.pyenv/versions/3.10.13/lib/python3.10/site-packages/keras/src/layers/core/input_layer.py:25: UserWarning: Argument `input_shape` is deprecated. Use `shape` instead.
  warnings.warn(
8/8 ━━━━━━━━━━━━━━━━━━━━ 1s 42ms/step
[I 2024-05-30 23:20:00,127] Trial 5 finished with value: 176.15302011257128 and parameters: {'lr': 0.06841236904323206, 'hs': 3, 'en': 255, 'dropout': 0.0032471888844867423}. Best is trial 2 with value: 3.5626970435849885.
/home/keen/.pyenv/versions/3.10.13/lib/python3.10/site-packages/keras/src/layers/core/input_layer.py:25: UserWarning: Argument `input_shape` is deprecated. Use `shape` instead.
  warnings.warn(
8/8 ━━━━━━━━━━━━━━━━━━━━ 1s 42ms/step
/home/keen/.pyenv/versions/3.10.13/lib/python3.10/site-packages/keras/src/layers/core/input_layer.py:25: UserWarning: Argument `input_shape` is deprecated. Use `shape` instead.
  warnings.warn(
8/8 ━━━━━━━━━━━━━━━━━━━━ 1s 43ms/step
/home/keen/.pyenv/versions/3.10.13/lib/python3.10/site-packages/keras/src/layers/core/input_layer.py:25: UserWarning: Argument `input_shape` is deprecated. Use `shape` instead.
  warnings.warn(
8/8 ━━━━━━━━━━━━━━━━━━━━ 1s 42ms/step
