[I 2024-05-30 07:24:11,485] Trial 0 finished with value: 177.301377482514 and parameters: {'lr': 0.08690639262856382, 'hs': 4, 'en': 325, 'dropout': 0.009948042910374755}. Best is trial 0 with value: 177.301377482514.
/home/keen/.pyenv/versions/3.10.13/lib/python3.10/site-packages/keras/src/layers/core/input_layer.py:25: UserWarning: Argument `input_shape` is deprecated. Use `shape` instead.
  warnings.warn(
8/8 ━━━━━━━━━━━━━━━━━━━━ 1s 43ms/step
/home/keen/.pyenv/versions/3.10.13/lib/python3.10/site-packages/keras/src/layers/core/input_layer.py:25: UserWarning: Argument `input_shape` is deprecated. Use `shape` instead.
  warnings.warn(
8/8 ━━━━━━━━━━━━━━━━━━━━ 1s 42ms/step
/home/keen/.pyenv/versions/3.10.13/lib/python3.10/site-packages/keras/src/layers/core/input_layer.py:25: UserWarning: Argument `input_shape` is deprecated. Use `shape` instead.
  warnings.warn(
8/8 ━━━━━━━━━━━━━━━━━━━━ 1s 43ms/step
[I 2024-05-30 07:35:20,851] Trial 1 finished with value: 16.00623223253817 and parameters: {'lr': 0.06270628449525502, 'hs': 2, 'en': 248, 'dropout': 0.009757429031720891}. Best is trial 1 with value: 16.00623223253817.
/home/keen/.pyenv/versions/3.10.13/lib/python3.10/site-packages/keras/src/layers/core/input_layer.py:25: UserWarning: Argument `input_shape` is deprecated. Use `shape` instead.
  warnings.warn(
8/8 ━━━━━━━━━━━━━━━━━━━━ 1s 41ms/step
/home/keen/.pyenv/versions/3.10.13/lib/python3.10/site-packages/keras/src/layers/core/input_layer.py:25: UserWarning: Argument `input_shape` is deprecated. Use `shape` instead.
  warnings.warn(
8/8 ━━━━━━━━━━━━━━━━━━━━ 1s 42ms/step
/home/keen/.pyenv/versions/3.10.13/lib/python3.10/site-packages/keras/src/layers/core/input_layer.py:25: UserWarning: Argument `input_shape` is deprecated. Use `shape` instead.
  warnings.warn(
8/8 ━━━━━━━━━━━━━━━━━━━━ 1s 41ms/step
[I 2024-05-30 07:54:46,628] Trial 2 finished with value: 6.008036461120953 and parameters: {'lr': 0.010614218239750315, 'hs': 2, 'en': 430, 'dropout': 0.0008839120973378276}. Best is trial 2 with value: 6.008036461120953.
/home/keen/.pyenv/versions/3.10.13/lib/python3.10/site-packages/keras/src/layers/core/input_layer.py:25: UserWarning: Argument `input_shape` is deprecated. Use `shape` instead.
  warnings.warn(
8/8 ━━━━━━━━━━━━━━━━━━━━ 1s 43ms/step
/home/keen/.pyenv/versions/3.10.13/lib/python3.10/site-packages/keras/src/layers/core/input_layer.py:25: UserWarning: Argument `input_shape` is deprecated. Use `shape` instead.
  warnings.warn(
8/8 ━━━━━━━━━━━━━━━━━━━━ 1s 42ms/step
/home/keen/.pyenv/versions/3.10.13/lib/python3.10/site-packages/keras/src/layers/core/input_layer.py:25: UserWarning: Argument `input_shape` is deprecated. Use `shape` instead.
  warnings.warn(
8/8 ━━━━━━━━━━━━━━━━━━━━ 1s 42ms/step
[I 2024-05-30 08:02:16,025] Trial 3 finished with value: 16.409596347739438 and parameters: {'lr': 0.07448878242130588, 'hs': 7, 'en': 165, 'dropout': 0.0018917376010216327}. Best is trial 2 with value: 6.008036461120953.
/home/keen/.pyenv/versions/3.10.13/lib/python3.10/site-packages/keras/src/layers/core/input_layer.py:25: UserWarning: Argument `input_shape` is deprecated. Use `shape` instead.
  warnings.warn(
8/8 ━━━━━━━━━━━━━━━━━━━━ 1s 42ms/step
/home/keen/.pyenv/versions/3.10.13/lib/python3.10/site-packages/keras/src/layers/core/input_layer.py:25: UserWarning: Argument `input_shape` is deprecated. Use `shape` instead.
  warnings.warn(
8/8 ━━━━━━━━━━━━━━━━━━━━ 1s 43ms/step
/home/keen/.pyenv/versions/3.10.13/lib/python3.10/site-packages/keras/src/layers/core/input_layer.py:25: UserWarning: Argument `input_shape` is deprecated. Use `shape` instead.
  warnings.warn(
8/8 ━━━━━━━━━━━━━━━━━━━━ 1s 42ms/step
[I 2024-05-30 08:05:13,354] Trial 4 finished with value: 16.1046462125919 and parameters: {'lr': 0.03204621365590787, 'hs': 6, 'en': 61, 'dropout': 0.003653786568806329}. Best is trial 2 with value: 6.008036461120953.
/home/keen/.pyenv/versions/3.10.13/lib/python3.10/site-packages/keras/src/layers/core/input_layer.py:25: UserWarning: Argument `input_shape` is deprecated. Use `shape` instead.
  warnings.warn(
8/8 ━━━━━━━━━━━━━━━━━━━━ 1s 41ms/step
/home/keen/.pyenv/versions/3.10.13/lib/python3.10/site-packages/keras/src/layers/core/input_layer.py:25: UserWarning: Argument `input_shape` is deprecated. Use `shape` instead.
  warnings.warn(
8/8 ━━━━━━━━━━━━━━━━━━━━ 1s 42ms/step
/home/keen/.pyenv/versions/3.10.13/lib/python3.10/site-packages/keras/src/layers/core/input_layer.py:25: UserWarning: Argument `input_shape` is deprecated. Use `shape` instead.
  warnings.warn(
8/8 ━━━━━━━━━━━━━━━━━━━━ 1s 43ms/step
[I 2024-05-30 08:09:53,720] Trial 5 finished with value: 15.989495369414433 and parameters: {'lr': 0.09322315164935109, 'hs': 4, 'en': 99, 'dropout': 0.0049326772935426935}. Best is trial 2 with value: 6.008036461120953.
/home/keen/.pyenv/versions/3.10.13/lib/python3.10/site-packages/keras/src/layers/core/input_layer.py:25: UserWarning: Argument `input_shape` is deprecated. Use `shape` instead.
  warnings.warn(
8/8 ━━━━━━━━━━━━━━━━━━━━ 1s 42ms/step
/home/keen/.pyenv/versions/3.10.13/lib/python3.10/site-packages/keras/src/layers/core/input_layer.py:25: UserWarning: Argument `input_shape` is deprecated. Use `shape` instead.
  warnings.warn(
8/8 ━━━━━━━━━━━━━━━━━━━━ 1s 41ms/step
/home/keen/.pyenv/versions/3.10.13/lib/python3.10/site-packages/keras/src/layers/core/input_layer.py:25: UserWarning: Argument `input_shape` is deprecated. Use `shape` instead.
  warnings.warn(
8/8 ━━━━━━━━━━━━━━━━━━━━ 1s 41ms/step
[I 2024-05-30 08:22:19,430] Trial 6 finished with value: 16.06410637212274 and parameters: {'lr': 0.062258655807817226, 'hs': 4, 'en': 269, 'dropout': 0.008909997667090195}. Best is trial 2 with value: 6.008036461120953.
/home/keen/.pyenv/versions/3.10.13/lib/python3.10/site-packages/keras/src/layers/core/input_layer.py:25: UserWarning: Argument `input_shape` is deprecated. Use `shape` instead.
  warnings.warn(
8/8 ━━━━━━━━━━━━━━━━━━━━ 1s 43ms/step
/home/keen/.pyenv/versions/3.10.13/lib/python3.10/site-packages/keras/src/layers/core/input_layer.py:25: UserWarning: Argument `input_shape` is deprecated. Use `shape` instead.
  warnings.warn(
8/8 ━━━━━━━━━━━━━━━━━━━━ 1s 42ms/step
/home/keen/.pyenv/versions/3.10.13/lib/python3.10/site-packages/keras/src/layers/core/input_layer.py:25: UserWarning: Argument `input_shape` is deprecated. Use `shape` instead.
  warnings.warn(
8/8 ━━━━━━━━━━━━━━━━━━━━ 1s 41ms/step
[I 2024-05-30 08:43:03,386] Trial 7 finished with value: 11.83106095261842 and parameters: {'lr': 0.013862105791877898, 'hs': 5, 'en': 458, 'dropout': 0.007287800145803631}. Best is trial 2 with value: 6.008036461120953.
/home/keen/.pyenv/versions/3.10.13/lib/python3.10/site-packages/keras/src/layers/core/input_layer.py:25: UserWarning: Argument `input_shape` is deprecated. Use `shape` instead.
  warnings.warn(
8/8 ━━━━━━━━━━━━━━━━━━━━ 1s 42ms/step
/home/keen/.pyenv/versions/3.10.13/lib/python3.10/site-packages/keras/src/layers/core/input_layer.py:25: UserWarning: Argument `input_shape` is deprecated. Use `shape` instead.
  warnings.warn(
8/8 ━━━━━━━━━━━━━━━━━━━━ 1s 43ms/step
/home/keen/.pyenv/versions/3.10.13/lib/python3.10/site-packages/keras/src/layers/core/input_layer.py:25: UserWarning: Argument `input_shape` is deprecated. Use `shape` instead.
  warnings.warn(
8/8 ━━━━━━━━━━━━━━━━━━━━ 1s 42ms/step
[I 2024-05-30 08:54:26,304] Trial 8 finished with value: 177.86007467734171 and parameters: {'lr': 0.09112409325986975, 'hs': 7, 'en': 251, 'dropout': 0.004478960416479699}. Best is trial 2 with value: 6.008036461120953.
/home/keen/.pyenv/versions/3.10.13/lib/python3.10/site-packages/keras/src/layers/core/input_layer.py:25: UserWarning: Argument `input_shape` is deprecated. Use `shape` instead.
  warnings.warn(
8/8 ━━━━━━━━━━━━━━━━━━━━ 1s 41ms/step
/home/keen/.pyenv/versions/3.10.13/lib/python3.10/site-packages/keras/src/layers/core/input_layer.py:25: UserWarning: Argument `input_shape` is deprecated. Use `shape` instead.
  warnings.warn(
8/8 ━━━━━━━━━━━━━━━━━━━━ 1s 41ms/step
/home/keen/.pyenv/versions/3.10.13/lib/python3.10/site-packages/keras/src/layers/core/input_layer.py:25: UserWarning: Argument `input_shape` is deprecated. Use `shape` instead.
  warnings.warn(
8/8 ━━━━━━━━━━━━━━━━━━━━ 1s 42ms/step
[I 2024-05-30 09:02:06,822] Trial 9 finished with value: 338.8116063851282 and parameters: {'lr': 0.0954913729747992, 'hs': 5, 'en': 167, 'dropout': 0.003524875751765799}. Best is trial 2 with value: 6.008036461120953.
/home/keen/.pyenv/versions/3.10.13/lib/python3.10/site-packages/keras/src/layers/core/input_layer.py:25: UserWarning: Argument `input_shape` is deprecated. Use `shape` instead.
  warnings.warn(
8/8 ━━━━━━━━━━━━━━━━━━━━ 1s 41ms/step
/home/keen/.pyenv/versions/3.10.13/lib/python3.10/site-packages/keras/src/layers/core/input_layer.py:25: UserWarning: Argument `input_shape` is deprecated. Use `shape` instead.
  warnings.warn(
8/8 ━━━━━━━━━━━━━━━━━━━━ 1s 42ms/step
/home/keen/.pyenv/versions/3.10.13/lib/python3.10/site-packages/keras/src/layers/core/input_layer.py:25: UserWarning: Argument `input_shape` is deprecated. Use `shape` instead.
  warnings.warn(
8/8 ━━━━━━━━━━━━━━━━━━━━ 1s 41ms/step
[I 2024-05-30 09:24:24,139] Trial 10 finished with value: 16.022401348590197 and parameters: {'lr': 0.0038119563530002523, 'hs': 2, 'en': 493, 'dropout': 6.849135448445368e-05}. Best is trial 2 with value: 6.008036461120953.
/home/keen/.pyenv/versions/3.10.13/lib/python3.10/site-packages/keras/src/layers/core/input_layer.py:25: UserWarning: Argument `input_shape` is deprecated. Use `shape` instead.
  warnings.warn(
8/8 ━━━━━━━━━━━━━━━━━━━━ 1s 42ms/step
/home/keen/.pyenv/versions/3.10.13/lib/python3.10/site-packages/keras/src/layers/core/input_layer.py:25: UserWarning: Argument `input_shape` is deprecated. Use `shape` instead.
  warnings.warn(
8/8 ━━━━━━━━━━━━━━━━━━━━ 1s 43ms/step
/home/keen/.pyenv/versions/3.10.13/lib/python3.10/site-packages/keras/src/layers/core/input_layer.py:25: UserWarning: Argument `input_shape` is deprecated. Use `shape` instead.
  warnings.warn(
8/8 ━━━━━━━━━━━━━━━━━━━━ 1s 43ms/step
[I 2024-05-30 09:46:37,281] Trial 11 finished with value: 2.253398093531509 and parameters: {'lr': 0.0029284857597208294, 'hs': 3, 'en': 492, 'dropout': 0.006991348798021985}. Best is trial 11 with value: 2.253398093531509.
/home/keen/.pyenv/versions/3.10.13/lib/python3.10/site-packages/keras/src/layers/core/input_layer.py:25: UserWarning: Argument `input_shape` is deprecated. Use `shape` instead.
  warnings.warn(
8/8 ━━━━━━━━━━━━━━━━━━━━ 1s 43ms/step
/home/keen/.pyenv/versions/3.10.13/lib/python3.10/site-packages/keras/src/layers/core/input_layer.py:25: UserWarning: Argument `input_shape` is deprecated. Use `shape` instead.
  warnings.warn(
8/8 ━━━━━━━━━━━━━━━━━━━━ 1s 41ms/step
/home/keen/.pyenv/versions/3.10.13/lib/python3.10/site-packages/keras/src/layers/core/input_layer.py:25: UserWarning: Argument `input_shape` is deprecated. Use `shape` instead.
  warnings.warn(
8/8 ━━━━━━━━━━━━━━━━━━━━ 1s 43ms/step
[I 2024-05-30 10:04:28,137] Trial 12 finished with value: 15.95946679747047 and parameters: {'lr': 0.03260329619830894, 'hs': 3, 'en': 394, 'dropout': 0.006912671076406992}. Best is trial 11 with value: 2.253398093531509.
/home/keen/.pyenv/versions/3.10.13/lib/python3.10/site-packages/keras/src/layers/core/input_layer.py:25: UserWarning: Argument `input_shape` is deprecated. Use `shape` instead.
  warnings.warn(
8/8 ━━━━━━━━━━━━━━━━━━━━ 1s 41ms/step
/home/keen/.pyenv/versions/3.10.13/lib/python3.10/site-packages/keras/src/layers/core/input_layer.py:25: UserWarning: Argument `input_shape` is deprecated. Use `shape` instead.
  warnings.warn(
8/8 ━━━━━━━━━━━━━━━━━━━━ 1s 43ms/step
/home/keen/.pyenv/versions/3.10.13/lib/python3.10/site-packages/keras/src/layers/core/input_layer.py:25: UserWarning: Argument `input_shape` is deprecated. Use `shape` instead.
  warnings.warn(
8/8 ━━━━━━━━━━━━━━━━━━━━ 1s 41ms/step
[I 2024-05-30 10:22:37,716] Trial 13 finished with value: 15.963729522643865 and parameters: {'lr': 0.022187910101220672, 'hs': 2, 'en': 404, 'dropout': 0.006988314382380335}. Best is trial 11 with value: 2.253398093531509.
/home/keen/.pyenv/versions/3.10.13/lib/python3.10/site-packages/keras/src/layers/core/input_layer.py:25: UserWarning: Argument `input_shape` is deprecated. Use `shape` instead.
  warnings.warn(
8/8 ━━━━━━━━━━━━━━━━━━━━ 1s 43ms/step
/home/keen/.pyenv/versions/3.10.13/lib/python3.10/site-packages/keras/src/layers/core/input_layer.py:25: UserWarning: Argument `input_shape` is deprecated. Use `shape` instead.
  warnings.warn(
8/8 ━━━━━━━━━━━━━━━━━━━━ 1s 41ms/step
/home/keen/.pyenv/versions/3.10.13/lib/python3.10/site-packages/keras/src/layers/core/input_layer.py:25: UserWarning: Argument `input_shape` is deprecated. Use `shape` instead.
  warnings.warn(
8/8 ━━━━━━━━━━━━━━━━━━━━ 5s 624ms/step
[I 2024-05-30 10:42:09,684] Trial 14 finished with value: 16.08600801794194 and parameters: {'lr': 0.0003166954656867657, 'hs': 3, 'en': 417, 'dropout': 0.0002420254729232664}. Best is trial 11 with value: 2.253398093531509.
/home/keen/.pyenv/versions/3.10.13/lib/python3.10/site-packages/keras/src/layers/core/input_layer.py:25: UserWarning: Argument `input_shape` is deprecated. Use `shape` instead.
  warnings.warn(
8/8 ━━━━━━━━━━━━━━━━━━━━ 1s 48ms/step
/home/keen/.pyenv/versions/3.10.13/lib/python3.10/site-packages/keras/src/layers/core/input_layer.py:25: UserWarning: Argument `input_shape` is deprecated. Use `shape` instead.
  warnings.warn(
8/8 ━━━━━━━━━━━━━━━━━━━━ 1s 46ms/step
/home/keen/.pyenv/versions/3.10.13/lib/python3.10/site-packages/keras/src/layers/core/input_layer.py:25: UserWarning: Argument `input_shape` is deprecated. Use `shape` instead.
  warnings.warn(
8/8 ━━━━━━━━━━━━━━━━━━━━ 1s 44ms/step
[I 2024-05-30 10:59:33,130] Trial 15 finished with value: 171.98174893860335 and parameters: {'lr': 0.04090525459459054, 'hs': 3, 'en': 343, 'dropout': 0.0023619211365377957}. Best is trial 11 with value: 2.253398093531509.
/home/keen/.pyenv/versions/3.10.13/lib/python3.10/site-packages/keras/src/layers/core/input_layer.py:25: UserWarning: Argument `input_shape` is deprecated. Use `shape` instead.
  warnings.warn(
8/8 ━━━━━━━━━━━━━━━━━━━━ 1s 46ms/step
/home/keen/.pyenv/versions/3.10.13/lib/python3.10/site-packages/keras/src/layers/core/input_layer.py:25: UserWarning: Argument `input_shape` is deprecated. Use `shape` instead.
  warnings.warn(
8/8 ━━━━━━━━━━━━━━━━━━━━ 1s 44ms/step
/home/keen/.pyenv/versions/3.10.13/lib/python3.10/site-packages/keras/src/layers/core/input_layer.py:25: UserWarning: Argument `input_shape` is deprecated. Use `shape` instead.
  warnings.warn(
8/8 ━━━━━━━━━━━━━━━━━━━━ 1s 42ms/step
[I 2024-05-30 11:21:41,523] Trial 16 finished with value: 7.5890021979985685 and parameters: {'lr': 0.02081080101786005, 'hs': 8, 'en': 467, 'dropout': 0.006372868015032396}. Best is trial 11 with value: 2.253398093531509.
/home/keen/.pyenv/versions/3.10.13/lib/python3.10/site-packages/keras/src/layers/core/input_layer.py:25: UserWarning: Argument `input_shape` is deprecated. Use `shape` instead.
  warnings.warn(
8/8 ━━━━━━━━━━━━━━━━━━━━ 1s 42ms/step
/home/keen/.pyenv/versions/3.10.13/lib/python3.10/site-packages/keras/src/layers/core/input_layer.py:25: UserWarning: Argument `input_shape` is deprecated. Use `shape` instead.
  warnings.warn(
8/8 ━━━━━━━━━━━━━━━━━━━━ 1s 43ms/step
/home/keen/.pyenv/versions/3.10.13/lib/python3.10/site-packages/keras/src/layers/core/input_layer.py:25: UserWarning: Argument `input_shape` is deprecated. Use `shape` instead.
  warnings.warn(
8/8 ━━━━━━━━━━━━━━━━━━━━ 1s 43ms/step
[I 2024-05-30 11:44:39,296] Trial 17 finished with value: 7.468562981569036 and parameters: {'lr': 0.012059902017079557, 'hs': 3, 'en': 498, 'dropout': 0.005799474904040199}. Best is trial 11 with value: 2.253398093531509.
/home/keen/.pyenv/versions/3.10.13/lib/python3.10/site-packages/keras/src/layers/core/input_layer.py:25: UserWarning: Argument `input_shape` is deprecated. Use `shape` instead.
  warnings.warn(
8/8 ━━━━━━━━━━━━━━━━━━━━ 1s 45ms/step
/home/keen/.pyenv/versions/3.10.13/lib/python3.10/site-packages/keras/src/layers/core/input_layer.py:25: UserWarning: Argument `input_shape` is deprecated. Use `shape` instead.
  warnings.warn(
8/8 ━━━━━━━━━━━━━━━━━━━━ 1s 41ms/step
/home/keen/.pyenv/versions/3.10.13/lib/python3.10/site-packages/keras/src/layers/core/input_layer.py:25: UserWarning: Argument `input_shape` is deprecated. Use `shape` instead.
  warnings.warn(
8/8 ━━━━━━━━━━━━━━━━━━━━ 1s 40ms/step
[I 2024-05-30 12:00:07,604] Trial 18 finished with value: 15.9741157866101 and parameters: {'lr': 0.049583372268149954, 'hs': 2, 'en': 341, 'dropout': 0.007996462371665796}. Best is trial 11 with value: 2.253398093531509.
/home/keen/.pyenv/versions/3.10.13/lib/python3.10/site-packages/keras/src/layers/core/input_layer.py:25: UserWarning: Argument `input_shape` is deprecated. Use `shape` instead.
  warnings.warn(
8/8 ━━━━━━━━━━━━━━━━━━━━ 1s 40ms/step
/home/keen/.pyenv/versions/3.10.13/lib/python3.10/site-packages/keras/src/layers/core/input_layer.py:25: UserWarning: Argument `input_shape` is deprecated. Use `shape` instead.
  warnings.warn(
8/8 ━━━━━━━━━━━━━━━━━━━━ 1s 40ms/step
/home/keen/.pyenv/versions/3.10.13/lib/python3.10/site-packages/keras/src/layers/core/input_layer.py:25: UserWarning: Argument `input_shape` is deprecated. Use `shape` instead.
  warnings.warn(
8/8 ━━━━━━━━━━━━━━━━━━━━ 1s 40ms/step
[I 2024-05-30 12:17:21,682] Trial 19 finished with value: 6.433855942070607 and parameters: {'lr': 0.010389981611336653, 'hs': 4, 'en': 421, 'dropout': 0.001385462391146295}. Best is trial 11 with value: 2.253398093531509.
/home/keen/.pyenv/versions/3.10.13/lib/python3.10/site-packages/keras/src/layers/core/input_layer.py:25: UserWarning: Argument `input_shape` is deprecated. Use `shape` instead.
  warnings.warn(
10/10 ━━━━━━━━━━━━━━━━━━━━ 1s 31ms/step
[I 2024-05-30 12:27:19,518] A new study created in memory with name: no-name-59bf8cc8-d70c-41f3-b35f-21177c70e49f
TKAN UK y_10 1.138528160306101 0.8388577435106446 1.2 21.6
/home/keen/.pyenv/versions/3.10.13/lib/python3.10/site-packages/keras/src/layers/core/input_layer.py:25: UserWarning: Argument `input_shape` is deprecated. Use `shape` instead.
  warnings.warn(
24/24 ━━━━━━━━━━━━━━━━━━━━ 1s 14ms/step
/home/keen/.pyenv/versions/3.10.13/lib/python3.10/site-packages/keras/src/layers/core/input_layer.py:25: UserWarning: Argument `input_shape` is deprecated. Use `shape` instead.
  warnings.warn(
24/24 ━━━━━━━━━━━━━━━━━━━━ 1s 14ms/step
/home/keen/.pyenv/versions/3.10.13/lib/python3.10/site-packages/keras/src/layers/core/input_layer.py:25: UserWarning: Argument `input_shape` is deprecated. Use `shape` instead.
  warnings.warn(
24/24 ━━━━━━━━━━━━━━━━━━━━ 1s 14ms/step
[I 2024-05-30 12:59:23,088] Trial 0 finished with value: 23.327895929644807 and parameters: {'lr': 0.029872919147430996, 'hs': 2, 'en': 266, 'dropout': 0.008014010721939068}. Best is trial 0 with value: 23.327895929644807.
/home/keen/.pyenv/versions/3.10.13/lib/python3.10/site-packages/keras/src/layers/core/input_layer.py:25: UserWarning: Argument `input_shape` is deprecated. Use `shape` instead.
  warnings.warn(
24/24 ━━━━━━━━━━━━━━━━━━━━ 1s 15ms/step
/home/keen/.pyenv/versions/3.10.13/lib/python3.10/site-packages/keras/src/layers/core/input_layer.py:25: UserWarning: Argument `input_shape` is deprecated. Use `shape` instead.
  warnings.warn(
24/24 ━━━━━━━━━━━━━━━━━━━━ 1s 14ms/step
/home/keen/.pyenv/versions/3.10.13/lib/python3.10/site-packages/keras/src/layers/core/input_layer.py:25: UserWarning: Argument `input_shape` is deprecated. Use `shape` instead.
  warnings.warn(
24/24 ━━━━━━━━━━━━━━━━━━━━ 1s 14ms/step
[I 2024-05-30 13:25:29,080] Trial 1 finished with value: 23.325584940374668 and parameters: {'lr': 0.029673692613312416, 'hs': 3, 'en': 191, 'dropout': 0.002701944279341071}. Best is trial 1 with value: 23.325584940374668.
/home/keen/.pyenv/versions/3.10.13/lib/python3.10/site-packages/keras/src/layers/core/input_layer.py:25: UserWarning: Argument `input_shape` is deprecated. Use `shape` instead.
  warnings.warn(
24/24 ━━━━━━━━━━━━━━━━━━━━ 1s 14ms/step
/home/keen/.pyenv/versions/3.10.13/lib/python3.10/site-packages/keras/src/layers/core/input_layer.py:25: UserWarning: Argument `input_shape` is deprecated. Use `shape` instead.
  warnings.warn(
24/24 ━━━━━━━━━━━━━━━━━━━━ 1s 15ms/step
/home/keen/.pyenv/versions/3.10.13/lib/python3.10/site-packages/keras/src/layers/core/input_layer.py:25: UserWarning: Argument `input_shape` is deprecated. Use `shape` instead.
  warnings.warn(
24/24 ━━━━━━━━━━━━━━━━━━━━ 1s 14ms/step
[I 2024-05-30 14:23:08,179] Trial 2 finished with value: 23.496188669220732 and parameters: {'lr': 0.06695273596161351, 'hs': 7, 'en': 409, 'dropout': 0.00403514653228774}. Best is trial 1 with value: 23.325584940374668.
/home/keen/.pyenv/versions/3.10.13/lib/python3.10/site-packages/keras/src/layers/core/input_layer.py:25: UserWarning: Argument `input_shape` is deprecated. Use `shape` instead.
  warnings.warn(
24/24 ━━━━━━━━━━━━━━━━━━━━ 1s 14ms/step
/home/keen/.pyenv/versions/3.10.13/lib/python3.10/site-packages/keras/src/layers/core/input_layer.py:25: UserWarning: Argument `input_shape` is deprecated. Use `shape` instead.
  warnings.warn(
24/24 ━━━━━━━━━━━━━━━━━━━━ 1s 14ms/step
/home/keen/.pyenv/versions/3.10.13/lib/python3.10/site-packages/keras/src/layers/core/input_layer.py:25: UserWarning: Argument `input_shape` is deprecated. Use `shape` instead.
  warnings.warn(
24/24 ━━━━━━━━━━━━━━━━━━━━ 1s 14ms/step
