[I 2024-05-31 16:13:31,605] Trial 16 finished with value: 7.559547868375829 and parameters: {'lr': 0.014250598040141315, 'hs': 6, 'en': 355, 'dropout': 0.006996603905999144}. Best is trial 6 with value: 1.5482431502455238.
/home/keen/.pyenv/versions/3.10.13/lib/python3.10/site-packages/keras/src/layers/core/input_layer.py:25: UserWarning: Argument `input_shape` is deprecated. Use `shape` instead.
  warnings.warn(
8/8 ━━━━━━━━━━━━━━━━━━━━ 1s 42ms/step
/home/keen/.pyenv/versions/3.10.13/lib/python3.10/site-packages/keras/src/layers/core/input_layer.py:25: UserWarning: Argument `input_shape` is deprecated. Use `shape` instead.
  warnings.warn(
8/8 ━━━━━━━━━━━━━━━━━━━━ 1s 44ms/step
/home/keen/.pyenv/versions/3.10.13/lib/python3.10/site-packages/keras/src/layers/core/input_layer.py:25: UserWarning: Argument `input_shape` is deprecated. Use `shape` instead.
  warnings.warn(
8/8 ━━━━━━━━━━━━━━━━━━━━ 1s 44ms/step
[I 2024-05-31 16:32:48,434] Trial 17 finished with value: 2.3585877724267923 and parameters: {'lr': 0.0012161857982646669, 'hs': 4, 'en': 418, 'dropout': 0.005533203253632787}. Best is trial 6 with value: 1.5482431502455238.
/home/keen/.pyenv/versions/3.10.13/lib/python3.10/site-packages/keras/src/layers/core/input_layer.py:25: UserWarning: Argument `input_shape` is deprecated. Use `shape` instead.
  warnings.warn(
8/8 ━━━━━━━━━━━━━━━━━━━━ 1s 44ms/step
/home/keen/.pyenv/versions/3.10.13/lib/python3.10/site-packages/keras/src/layers/core/input_layer.py:25: UserWarning: Argument `input_shape` is deprecated. Use `shape` instead.
  warnings.warn(
8/8 ━━━━━━━━━━━━━━━━━━━━ 1s 41ms/step
/home/keen/.pyenv/versions/3.10.13/lib/python3.10/site-packages/keras/src/layers/core/input_layer.py:25: UserWarning: Argument `input_shape` is deprecated. Use `shape` instead.
  warnings.warn(
8/8 ━━━━━━━━━━━━━━━━━━━━ 1s 43ms/step
[I 2024-05-31 16:53:59,852] Trial 18 finished with value: 11.53036646893491 and parameters: {'lr': 0.03783449197347013, 'hs': 8, 'en': 447, 'dropout': 0.007634435861893241}. Best is trial 6 with value: 1.5482431502455238.
/home/keen/.pyenv/versions/3.10.13/lib/python3.10/site-packages/keras/src/layers/core/input_layer.py:25: UserWarning: Argument `input_shape` is deprecated. Use `shape` instead.
  warnings.warn(
8/8 ━━━━━━━━━━━━━━━━━━━━ 1s 45ms/step
/home/keen/.pyenv/versions/3.10.13/lib/python3.10/site-packages/keras/src/layers/core/input_layer.py:25: UserWarning: Argument `input_shape` is deprecated. Use `shape` instead.
  warnings.warn(
8/8 ━━━━━━━━━━━━━━━━━━━━ 1s 41ms/step
/home/keen/.pyenv/versions/3.10.13/lib/python3.10/site-packages/keras/src/layers/core/input_layer.py:25: UserWarning: Argument `input_shape` is deprecated. Use `shape` instead.
  warnings.warn(
8/8 ━━━━━━━━━━━━━━━━━━━━ 1s 42ms/step
[I 2024-05-31 17:09:05,005] Trial 19 finished with value: 11.678521153542833 and parameters: {'lr': 0.01991849743061518, 'hs': 6, 'en': 320, 'dropout': 0.009975992878681018}. Best is trial 6 with value: 1.5482431502455238.
/home/keen/.pyenv/versions/3.10.13/lib/python3.10/site-packages/keras/src/layers/core/input_layer.py:25: UserWarning: Argument `input_shape` is deprecated. Use `shape` instead.
  warnings.warn(
10/10 ━━━━━━━━━━━━━━━━━━━━ 1s 35ms/step
TKAN UK y_9 1.9528203477180548 0.9929126975165555 0.4 21.5