024-05-29 16:54:58.813167: I external/local_tsl/tsl/cuda/cudart_stub.cc:32] Could not find cuda drivers on your machine, GPU will not be used.
2024-05-29 16:54:58.815407: I external/local_tsl/tsl/cuda/cudart_stub.cc:32] Could not find cuda drivers on your machine, GPU will not be used.
2024-05-29 16:54:58.842810: I tensorflow/core/platform/cpu_feature_guard.cc:210] This TensorFlow binary is optimized to use available CPU instructions in performance-critical operations.
To enable the following instructions: AVX2 FMA, in other operations, rebuild TensorFlow with the appropriate compiler flags.
2024-05-29 16:54:59.653714: W tensorflow/compiler/tf2tensorrt/utils/py_utils.cc:38] TF-TRT Warning: Could not find TensorRT
/home/keen/.pyenv/versions/3.10.13/lib/python3.10/site-packages/tqdm/auto.py:21: TqdmWarning: IProgress not found. Please update jupyter and ipywidgets. See https://ipywidgets.readthedocs.io/en/stable/user_install.html
  from .autonotebook import tqdm as notebook_tqdm
[I 2024-05-29 16:55:00,391] A new study created in memory with name: no-name-7a676373-ea27-4a61-8cf2-819f112c80fc
/home/keen/.pyenv/versions/3.10.13/lib/python3.10/site-packages/keras/src/layers/core/input_layer.py:25: UserWarning: Argument `input_shape` is deprecated. Use `shape` instead.
  warnings.warn(
24/24 ━━━━━━━━━━━━━━━━━━━━ 1s 14ms/step
/home/keen/.pyenv/versions/3.10.13/lib/python3.10/site-packages/keras/src/layers/core/input_layer.py:25: UserWarning: Argument `input_shape` is deprecated. Use `shape` instead.
  warnings.warn(
24/24 ━━━━━━━━━━━━━━━━━━━━ 1s 15ms/step
/home/keen/.pyenv/versions/3.10.13/lib/python3.10/site-packages/keras/src/layers/core/input_layer.py:25: UserWarning: Argument `input_shape` is deprecated. Use `shape` instead.
  warnings.warn(
24/24 ━━━━━━━━━━━━━━━━━━━━ 1s 14ms/step
[I 2024-05-29 17:18:12,099] Trial 0 finished with value: 4.475115495891031 and parameters: {'lr': 0.004259990290711209, 'hs': 4, 'en': 179, 'dropout': 0.005079489847872037}. Best is trial 0 with value: 4.475115495891031.
/home/keen/.pyenv/versions/3.10.13/lib/python3.10/site-packages/keras/src/layers/core/input_layer.py:25: UserWarning: Argument `input_shape` is deprecated. Use `shape` instead.
  warnings.warn(
24/24 ━━━━━━━━━━━━━━━━━━━━ 1s 14ms/step 
/home/keen/.pyenv/versions/3.10.13/lib/python3.10/site-packages/keras/src/layers/core/input_layer.py:25: UserWarning: Argument `input_shape` is deprecated. Use `shape` instead.
  warnings.warn(
24/24 ━━━━━━━━━━━━━━━━━━━━ 1s 14ms/step
/home/keen/.pyenv/versions/3.10.13/lib/python3.10/site-packages/keras/src/layers/core/input_layer.py:25: UserWarning: Argument `input_shape` is deprecated. Use `shape` instead.
  warnings.warn(
24/24 ━━━━━━━━━━━━━━━━━━━━ 1s 14ms/step
[I 2024-05-29 17:51:36,579] Trial 1 finished with value: 23.013946627812928 and parameters: {'lr': 0.08419154665007368, 'hs': 5, 'en': 252, 'dropout': 0.007763060913926847}. Best is trial 0 with value: 4.475115495891031.
/home/keen/.pyenv/versions/3.10.13/lib/python3.10/site-packages/keras/src/layers/core/input_layer.py:25: UserWarning: Argument `input_shape` is deprecated. Use `shape` instead.
  warnings.warn(
24/24 ━━━━━━━━━━━━━━━━━━━━ 1s 14ms/step
/home/keen/.pyenv/versions/3.10.13/lib/python3.10/site-packages/keras/src/layers/core/input_layer.py:25: UserWarning: Argument `input_shape` is deprecated. Use `shape` instead.
  warnings.warn(
24/24 ━━━━━━━━━━━━━━━━━━━━ 1s 14ms/step
/home/keen/.pyenv/versions/3.10.13/lib/python3.10/site-packages/keras/src/layers/core/input_layer.py:25: UserWarning: Argument `input_shape` is deprecated. Use `shape` instead.
  warnings.warn(
24/24 ━━━━━━━━━━━━━━━━━━━━ 1s 14ms/step
[I 2024-05-29 18:30:20,813] Trial 2 finished with value: 22.92644683020905 and parameters: {'lr': 0.023343547184990012, 'hs': 3, 'en': 290, 'dropout': 0.007234787182286203}. Best is trial 0 with value: 4.475115495891031.
/home/keen/.pyenv/versions/3.10.13/lib/python3.10/site-packages/keras/src/layers/core/input_layer.py:25: UserWarning: Argument `input_shape` is deprecated. Use `shape` instead.
  warnings.warn(
24/24 ━━━━━━━━━━━━━━━━━━━━ 1s 14ms/step
/home/keen/.pyenv/versions/3.10.13/lib/python3.10/site-packages/keras/src/layers/core/input_layer.py:25: UserWarning: Argument `input_shape` is deprecated. Use `shape` instead.
  warnings.warn(
24/24 ━━━━━━━━━━━━━━━━━━━━ 1s 14ms/step
/home/keen/.pyenv/versions/3.10.13/lib/python3.10/site-packages/keras/src/layers/core/input_layer.py:25: UserWarning: Argument `input_shape` is deprecated. Use `shape` instead.
  warnings.warn(
24/24 ━━━━━━━━━━━━━━━━━━━━ 1s 14ms/step
[I 2024-05-29 19:10:38,591] Trial 3 finished with value: 181.90042072587755 and parameters: {'lr': 0.08884734681712786, 'hs': 7, 'en': 298, 'dropout': 0.007897196145892795}. Best is trial 0 with value: 4.475115495891031.
/home/keen/.pyenv/versions/3.10.13/lib/python3.10/site-packages/keras/src/layers/core/input_layer.py:25: UserWarning: Argument `input_shape` is deprecated. Use `shape` instead.
  warnings.warn(
24/24 ━━━━━━━━━━━━━━━━━━━━ 1s 14ms/step
/home/keen/.pyenv/versions/3.10.13/lib/python3.10/site-packages/keras/src/layers/core/input_layer.py:25: UserWarning: Argument `input_shape` is deprecated. Use `shape` instead.
  warnings.warn(
24/24 ━━━━━━━━━━━━━━━━━━━━ 1s 14ms/step
/home/keen/.pyenv/versions/3.10.13/lib/python3.10/site-packages/keras/src/layers/core/input_layer.py:25: UserWarning: Argument `input_shape` is deprecated. Use `shape` instead.
  warnings.warn(
24/24 ━━━━━━━━━━━━━━━━━━━━ 1s 14ms/step
[I 2024-05-29 19:24:23,188] Trial 4 finished with value: 23.06975187746147 and parameters: {'lr': 0.08516007281166486, 'hs': 2, 'en': 100, 'dropout': 0.009341268254782655}. Best is trial 0 with value: 4.475115495891031.
/home/keen/.pyenv/versions/3.10.13/lib/python3.10/site-packages/keras/src/layers/core/input_layer.py:25: UserWarning: Argument `input_shape` is deprecated. Use `shape` instead.
  warnings.warn(
24/24 ━━━━━━━━━━━━━━━━━━━━ 1s 14ms/step
/home/keen/.pyenv/versions/3.10.13/lib/python3.10/site-packages/keras/src/layers/core/input_layer.py:25: UserWarning: Argument `input_shape` is deprecated. Use `shape` instead.
  warnings.warn(
24/24 ━━━━━━━━━━━━━━━━━━━━ 1s 14ms/step
/home/keen/.pyenv/versions/3.10.13/lib/python3.10/site-packages/keras/src/layers/core/input_layer.py:25: UserWarning: Argument `input_shape` is deprecated. Use `shape` instead.
  warnings.warn(
24/24 ━━━━━━━━━━━━━━━━━━━━ 1s 14ms/step
[I 2024-05-29 19:27:22,120] Trial 5 finished with value: 22.988669047768948 and parameters: {'lr': 0.008670080706926469, 'hs': 3, 'en': 20, 'dropout': 0.004648211116729207}. Best is trial 0 with value: 4.475115495891031.
/home/keen/.pyenv/versions/3.10.13/lib/python3.10/site-packages/keras/src/layers/core/input_layer.py:25: UserWarning: Argument `input_shape` is deprecated. Use `shape` instead.
  warnings.warn(
24/24 ━━━━━━━━━━━━━━━━━━━━ 1s 14ms/step
/home/keen/.pyenv/versions/3.10.13/lib/python3.10/site-packages/keras/src/layers/core/input_layer.py:25: UserWarning: Argument `input_shape` is deprecated. Use `shape` instead.
  warnings.warn(
24/24 ━━━━━━━━━━━━━━━━━━━━ 1s 14ms/step
/home/keen/.pyenv/versions/3.10.13/lib/python3.10/site-packages/keras/src/layers/core/input_layer.py:25: UserWarning: Argument `input_shape` is deprecated. Use `shape` instead.
  warnings.warn(
24/24 ━━━━━━━━━━━━━━━━━━━━ 1s 14ms/step
[I 2024-05-29 19:50:07,554] Trial 6 finished with value: 5.629716260833557 and parameters: {'lr': 0.005559688830671235, 'hs': 2, 'en': 171, 'dropout': 0.0034360455449829385}. Best is trial 0 with value: 4.475115495891031.
/home/keen/.pyenv/versions/3.10.13/lib/python3.10/site-packages/keras/src/layers/core/input_layer.py:25: UserWarning: Argument `input_shape` is deprecated. Use `shape` instead.
  warnings.warn(
24/24 ━━━━━━━━━━━━━━━━━━━━ 1s 15ms/step
/home/keen/.pyenv/versions/3.10.13/lib/python3.10/site-packages/keras/src/layers/core/input_layer.py:25: UserWarning: Argument `input_shape` is deprecated. Use `shape` instead.
  warnings.warn(
24/24 ━━━━━━━━━━━━━━━━━━━━ 1s 15ms/step
/home/keen/.pyenv/versions/3.10.13/lib/python3.10/site-packages/keras/src/layers/core/input_layer.py:25: UserWarning: Argument `input_shape` is deprecated. Use `shape` instead.
  warnings.warn(
24/24 ━━━━━━━━━━━━━━━━━━━━ 1s 14ms/step
[I 2024-05-29 20:15:50,218] Trial 7 finished with value: 7.530913053227869 and parameters: {'lr': 0.012079878436833077, 'hs': 5, 'en': 189, 'dropout': 0.009847441961395559}. Best is trial 0 with value: 4.475115495891031.
/home/keen/.pyenv/versions/3.10.13/lib/python3.10/site-packages/keras/src/layers/core/input_layer.py:25: UserWarning: Argument `input_shape` is deprecated. Use `shape` instead.
  warnings.warn(
24/24 ━━━━━━━━━━━━━━━━━━━━ 1s 14ms/step
/home/keen/.pyenv/versions/3.10.13/lib/python3.10/site-packages/keras/src/layers/core/input_layer.py:25: UserWarning: Argument `input_shape` is deprecated. Use `shape` instead.
  warnings.warn(
24/24 ━━━━━━━━━━━━━━━━━━━━ 1s 14ms/step
/home/keen/.pyenv/versions/3.10.13/lib/python3.10/site-packages/keras/src/layers/core/input_layer.py:25: UserWarning: Argument `input_shape` is deprecated. Use `shape` instead.
  warnings.warn(
24/24 ━━━━━━━━━━━━━━━━━━━━ 1s 14ms/step
[I 2024-05-29 20:33:50,963] Trial 8 finished with value: 22.93686026008997 and parameters: {'lr': 0.056800929287862706, 'hs': 4, 'en': 133, 'dropout': 0.004603439969847425}. Best is trial 0 with value: 4.475115495891031.
/home/keen/.pyenv/versions/3.10.13/lib/python3.10/site-packages/keras/src/layers/core/input_layer.py:25: UserWarning: Argument `input_shape` is deprecated. Use `shape` instead.
  warnings.warn(
24/24 ━━━━━━━━━━━━━━━━━━━━ 1s 14ms/step
/home/keen/.pyenv/versions/3.10.13/lib/python3.10/site-packages/keras/src/layers/core/input_layer.py:25: UserWarning: Argument `input_shape` is deprecated. Use `shape` instead.
  warnings.warn(
24/24 ━━━━━━━━━━━━━━━━━━━━ 1s 14ms/step
/home/keen/.pyenv/versions/3.10.13/lib/python3.10/site-packages/keras/src/layers/core/input_layer.py:25: UserWarning: Argument `input_shape` is deprecated. Use `shape` instead.
  warnings.warn(
24/24 ━━━━━━━━━━━━━━━━━━━━ 1s 14ms/step
[I 2024-05-29 21:31:22,044] Trial 9 finished with value: 9.309308719732531 and parameters: {'lr': 0.04728976134159935, 'hs': 5, 'en': 430, 'dropout': 0.0014210213829289873}. Best is trial 0 with value: 4.475115495891031.
/home/keen/.pyenv/versions/3.10.13/lib/python3.10/site-packages/keras/src/layers/core/input_layer.py:25: UserWarning: Argument `input_shape` is deprecated. Use `shape` instead.
  warnings.warn(
24/24 ━━━━━━━━━━━━━━━━━━━━ 1s 14ms/step
/home/keen/.pyenv/versions/3.10.13/lib/python3.10/site-packages/keras/src/layers/core/input_layer.py:25: UserWarning: Argument `input_shape` is deprecated. Use `shape` instead.
  warnings.warn(
24/24 ━━━━━━━━━━━━━━━━━━━━ 1s 14ms/step
/home/keen/.pyenv/versions/3.10.13/lib/python3.10/site-packages/keras/src/layers/core/input_layer.py:25: UserWarning: Argument `input_shape` is deprecated. Use `shape` instead.
  warnings.warn(
24/24 ━━━━━━━━━━━━━━━━━━━━ 1s 14ms/step
[I 2024-05-29 22:26:12,502] Trial 10 finished with value: 168.23906273343147 and parameters: {'lr': 0.036961551252803815, 'hs': 8, 'en': 414, 'dropout': 0.0005317345890063852}. Best is trial 0 with value: 4.475115495891031.
/home/keen/.pyenv/versions/3.10.13/lib/python3.10/site-packages/keras/src/layers/core/input_layer.py:25: UserWarning: Argument `input_shape` is deprecated. Use `shape` instead.
  warnings.warn(
24/24 ━━━━━━━━━━━━━━━━━━━━ 1s 14ms/step
/home/keen/.pyenv/versions/3.10.13/lib/python3.10/site-packages/keras/src/layers/core/input_layer.py:25: UserWarning: Argument `input_shape` is deprecated. Use `shape` instead.
  warnings.warn(
24/24 ━━━━━━━━━━━━━━━━━━━━ 1s 14ms/step
/home/keen/.pyenv/versions/3.10.13/lib/python3.10/site-packages/keras/src/layers/core/input_layer.py:25: UserWarning: Argument `input_shape` is deprecated. Use `shape` instead.
  warnings.warn(
24/24 ━━━━━━━━━━━━━━━━━━━━ 1s 15ms/step
[I 2024-05-29 22:51:01,009] Trial 11 finished with value: 11.807888396856148 and parameters: {'lr': 0.002698465478393811, 'hs': 2, 'en': 182, 'dropout': 0.0027643078829587783}. Best is trial 0 with value: 4.475115495891031.
/home/keen/.pyenv/versions/3.10.13/lib/python3.10/site-packages/keras/src/layers/core/input_layer.py:25: UserWarning: Argument `input_shape` is deprecated. Use `shape` instead.
  warnings.warn(
24/24 ━━━━━━━━━━━━━━━━━━━━ 1s 14ms/step
/home/keen/.pyenv/versions/3.10.13/lib/python3.10/site-packages/keras/src/layers/core/input_layer.py:25: UserWarning: Argument `input_shape` is deprecated. Use `shape` instead.
  warnings.warn(
24/24 ━━━━━━━━━━━━━━━━━━━━ 1s 14ms/step
/home/keen/.pyenv/versions/3.10.13/lib/python3.10/site-packages/keras/src/layers/core/input_layer.py:25: UserWarning: Argument `input_shape` is deprecated. Use `shape` instead.
  warnings.warn(
24/24 ━━━━━━━━━━━━━━━━━━━━ 1s 14ms/step
[I 2024-05-29 22:56:58,389] Trial 12 finished with value: 23.002900960608397 and parameters: {'lr': 0.027931298650503405, 'hs': 3, 'en': 43, 'dropout': 0.003150335686417069}. Best is trial 0 with value: 4.475115495891031.
/home/keen/.pyenv/versions/3.10.13/lib/python3.10/site-packages/keras/src/layers/core/input_layer.py:25: UserWarning: Argument `input_shape` is deprecated. Use `shape` instead.
  warnings.warn(
24/24 ━━━━━━━━━━━━━━━━━━━━ 1s 14ms/step
/home/keen/.pyenv/versions/3.10.13/lib/python3.10/site-packages/keras/src/layers/core/input_layer.py:25: UserWarning: Argument `input_shape` is deprecated. Use `shape` instead.
  warnings.warn(
24/24 ━━━━━━━━━━━━━━━━━━━━ 1s 14ms/step
/home/keen/.pyenv/versions/3.10.13/lib/python3.10/site-packages/keras/src/layers/core/input_layer.py:25: UserWarning: Argument `input_shape` is deprecated. Use `shape` instead.
  warnings.warn(
24/24 ━━━━━━━━━━━━━━━━━━━━ 1s 14ms/step
[I 2024-05-29 23:27:34,175] Trial 13 finished with value: 181.69065951579162 and parameters: {'lr': 0.060020580584367884, 'hs': 6, 'en': 227, 'dropout': 0.005968106830353508}. Best is trial 0 with value: 4.475115495891031.
/home/keen/.pyenv/versions/3.10.13/lib/python3.10/site-packages/keras/src/layers/core/input_layer.py:25: UserWarning: Argument `input_shape` is deprecated. Use `shape` instead.
  warnings.warn(
24/24 ━━━━━━━━━━━━━━━━━━━━ 1s 14ms/step
/home/keen/.pyenv/versions/3.10.13/lib/python3.10/site-packages/keras/src/layers/core/input_layer.py:25: UserWarning: Argument `input_shape` is deprecated. Use `shape` instead.
  warnings.warn(
24/24 ━━━━━━━━━━━━━━━━━━━━ 1s 14ms/step
/home/keen/.pyenv/versions/3.10.13/lib/python3.10/site-packages/keras/src/layers/core/input_layer.py:25: UserWarning: Argument `input_shape` is deprecated. Use `shape` instead.
  warnings.warn(
24/24 ━━━━━━━━━━━━━━━━━━━━ 1s 14ms/step
[I 2024-05-30 00:14:15,906] Trial 14 finished with value: 168.6145122708668 and parameters: {'lr': 0.020613216742720146, 'hs': 4, 'en': 347, 'dropout': 0.0030774317419670757}. Best is trial 0 with value: 4.475115495891031.
/home/keen/.pyenv/versions/3.10.13/lib/python3.10/site-packages/keras/src/layers/core/input_layer.py:25: UserWarning: Argument `input_shape` is deprecated. Use `shape` instead.
  warnings.warn(
24/24 ━━━━━━━━━━━━━━━━━━━━ 1s 14ms/step
/home/keen/.pyenv/versions/3.10.13/lib/python3.10/site-packages/keras/src/layers/core/input_layer.py:25: UserWarning: Argument `input_shape` is deprecated. Use `shape` instead.
  warnings.warn(
24/24 ━━━━━━━━━━━━━━━━━━━━ 1s 14ms/step
/home/keen/.pyenv/versions/3.10.13/lib/python3.10/site-packages/keras/src/layers/core/input_layer.py:25: UserWarning: Argument `input_shape` is deprecated. Use `shape` instead.
  warnings.warn(
24/24 ━━━━━━━━━━━━━━━━━━━━ 1s 14ms/step
[I 2024-05-30 00:28:50,716] Trial 15 finished with value: 22.655854770490276 and parameters: {'lr': 0.0013363956415155041, 'hs': 2, 'en': 109, 'dropout': 0.005858517777065649}. Best is trial 0 with value: 4.475115495891031.
/home/keen/.pyenv/versions/3.10.13/lib/python3.10/site-packages/keras/src/layers/core/input_layer.py:25: UserWarning: Argument `input_shape` is deprecated. Use `shape` instead.
  warnings.warn(
24/24 ━━━━━━━━━━━━━━━━━━━━ 1s 14ms/step
/home/keen/.pyenv/versions/3.10.13/lib/python3.10/site-packages/keras/src/layers/core/input_layer.py:25: UserWarning: Argument `input_shape` is deprecated. Use `shape` instead.
  warnings.warn(
24/24 ━━━━━━━━━━━━━━━━━━━━ 1s 14ms/step
/home/keen/.pyenv/versions/3.10.13/lib/python3.10/site-packages/keras/src/layers/core/input_layer.py:25: UserWarning: Argument `input_shape` is deprecated. Use `shape` instead.
  warnings.warn(
24/24 ━━━━━━━━━━━━━━━━━━━━ 1s 14ms/step
[I 2024-05-30 00:51:17,213] Trial 16 finished with value: 22.911266597838008 and parameters: {'lr': 0.036715612519823984, 'hs': 4, 'en': 169, 'dropout': 0.004030308429880938}. Best is trial 0 with value: 4.475115495891031.
/home/keen/.pyenv/versions/3.10.13/lib/python3.10/site-packages/keras/src/layers/core/input_layer.py:25: UserWarning: Argument `input_shape` is deprecated. Use `shape` instead.
  warnings.warn(
24/24 ━━━━━━━━━━━━━━━━━━━━ 1s 14ms/step
/home/keen/.pyenv/versions/3.10.13/lib/python3.10/site-packages/keras/src/layers/core/input_layer.py:25: UserWarning: Argument `input_shape` is deprecated. Use `shape` instead.
  warnings.warn(
24/24 ━━━━━━━━━━━━━━━━━━━━ 1s 16ms/step
/home/keen/.pyenv/versions/3.10.13/lib/python3.10/site-packages/keras/src/layers/core/input_layer.py:25: UserWarning: Argument `input_shape` is deprecated. Use `shape` instead.
  warnings.warn(
24/24 ━━━━━━━━━━━━━━━━━━━━ 1s 14ms/step
[I 2024-05-30 01:37:07,481] Trial 17 finished with value: 16.282609112518358 and parameters: {'lr': 0.014428299304130997, 'hs': 3, 'en': 348, 'dropout': 0.006185544071590119}. Best is trial 0 with value: 4.475115495891031.
/home/keen/.pyenv/versions/3.10.13/lib/python3.10/site-packages/keras/src/layers/core/input_layer.py:25: UserWarning: Argument `input_shape` is deprecated. Use `shape` instead.
  warnings.warn(
24/24 ━━━━━━━━━━━━━━━━━━━━ 1s 14ms/step
/home/keen/.pyenv/versions/3.10.13/lib/python3.10/site-packages/keras/src/layers/core/input_layer.py:25: UserWarning: Argument `input_shape` is deprecated. Use `shape` instead.
  warnings.warn(
24/24 ━━━━━━━━━━━━━━━━━━━━ 1s 14ms/step
/home/keen/.pyenv/versions/3.10.13/lib/python3.10/site-packages/keras/src/layers/core/input_layer.py:25: UserWarning: Argument `input_shape` is deprecated. Use `shape` instead.
  warnings.warn(
24/24 ━━━━━━━━━━━━━━━━━━━━ 1s 14ms/step
[I 2024-05-30 02:42:12,360] Trial 18 finished with value: 175.42223554752618 and parameters: {'lr': 0.07471321752325853, 'hs': 6, 'en': 483, 'dropout': 0.002020730878081108}. Best is trial 0 with value: 4.475115495891031.
/home/keen/.pyenv/versions/3.10.13/lib/python3.10/site-packages/keras/src/layers/core/input_layer.py:25: UserWarning: Argument `input_shape` is deprecated. Use `shape` instead.
  warnings.warn(
24/24 ━━━━━━━━━━━━━━━━━━━━ 1s 14ms/step
/home/keen/.pyenv/versions/3.10.13/lib/python3.10/site-packages/keras/src/layers/core/input_layer.py:25: UserWarning: Argument `input_shape` is deprecated. Use `shape` instead.
  warnings.warn(
24/24 ━━━━━━━━━━━━━━━━━━━━ 1s 14ms/step
/home/keen/.pyenv/versions/3.10.13/lib/python3.10/site-packages/keras/src/layers/core/input_layer.py:25: UserWarning: Argument `input_shape` is deprecated. Use `shape` instead.
  warnings.warn(
24/24 ━━━━━━━━━━━━━━━━━━━━ 1s 14ms/step
