[I 2024-05-28 15:00:11,309] Trial 10 finished with value: 0.609339714472953 and parameters: {'lr': 0.0016680729096096576, 'hs': 8, 'en': 490, 'dropout': 6.792111051763527e-05}. Best is trial 10 with value: 0.609339714472953.
[I 2024-05-28 15:30:41,478] Trial 11 finished with value: 1.081726255117368 and parameters: {'lr': 0.0006394460272695669, 'hs': 8, 'en': 491, 'dropout': 8.557907212350364e-05}. Best is trial 10 with value: 0.609339714472953.
[I 2024-05-28 15:59:36,632] Trial 12 finished with value: 0.8391307565383368 and parameters: {'lr': 0.01905789934963093, 'hs': 8, 'en': 494, 'dropout': 0.0007643914860510537}. Best is trial 10 with value: 0.609339714472953.
[I 2024-05-28 16:27:48,877] Trial 13 finished with value: 0.17501292195144139 and parameters: {'lr': 0.018379080773424268, 'hs': 8, 'en': 482, 'dropout': 2.043601461086805e-05}. Best is trial 13 with value: 0.17501292195144139.
[I 2024-05-28 16:50:33,514] Trial 14 finished with value: 7.191032217962412 and parameters: {'lr': 0.01971038976694651, 'hs': 7, 'en': 391, 'dropout': 0.0017021152645474045}. Best is trial 13 with value: 0.17501292195144139.
[I 2024-05-28 17:16:54,754] Trial 15 finished with value: 167.2148994392027 and parameters: {'lr': 0.021457382451543015, 'hs': 7, 'en': 429, 'dropout': 0.0014373984052679604}. Best is trial 13 with value: 0.17501292195144139.
[I 2024-05-28 17:43:49,083] Trial 16 finished with value: 19.046294125700516 and parameters: {'lr': 0.015753790047655578, 'hs': 2, 'en': 432, 'dropout': 0.0002460891057600705}. Best is trial 13 with value: 0.17501292195144139.
[I 2024-05-28 18:11:10,485] Trial 17 finished with value: 1.0904188907633374 and parameters: {'lr': 0.02720152899915009, 'hs': 7, 'en': 446, 'dropout': 0.0026476372401311402}. Best is trial 13 with value: 0.17501292195144139.
[I 2024-05-28 18:33:05,063] Trial 18 finished with value: 173.03231292060434 and parameters: {'lr': 0.059492561878366115, 'hs': 8, 'en': 363, 'dropout': 0.005483393796631351}. Best is trial 13 with value: 0.17501292195144139.
[I 2024-05-28 18:45:42,375] Trial 19 finished with value: 13.09651661588652 and parameters: {'lr': 0.009839683207854217, 'hs': 7, 'en': 205, 'dropout': 0.0013769286171141676}. Best is trial 13 with value: 0.17501292195144139.
[I 2024-05-28 19:00:26,029] A new study created in memory with name: no-name-633c6816-9d26-4d89-b6a6-18f07c293698
TKAN UK y_7 20.1650906057103 3.787631224745501 1.3 23.7
[I 2024-05-28 19:15:31,013] Trial 0 finished with value: 168.3300843989451 and parameters: {'lr': 0.015301445432738, 'hs': 8, 'en': 248, 'dropout': 0.0012568731353179094}. Best is trial 0 with value: 168.3300843989451.
[I 2024-05-28 19:42:56,139] Trial 1 finished with value: 8.322993798154586 and parameters: {'lr': 0.06815957080796053, 'hs': 7, 'en': 455, 'dropout': 0.005199022946105423}. Best is trial 1 with value: 8.322993798154586.
[I 2024-05-28 20:07:32,708] Trial 2 finished with value: 1.0930631430525823 and parameters: {'lr': 0.04008782782670433, 'hs': 5, 'en': 407, 'dropout': 0.0010716180242982451}. Best is trial 2 with value: 1.0930631430525823.
[I 2024-05-28 20:24:45,157] Trial 3 finished with value: 3.1305094476545055 and parameters: {'lr': 0.0036299641740593917, 'hs': 4, 'en': 284, 'dropout': 0.0029484889890982625}. Best is trial 2 with value: 1.0930631430525823.
[I 2024-05-28 20:49:44,896] Trial 4 finished with value: 2.542518526399269 and parameters: {'lr': 0.0015076784185039552, 'hs': 6, 'en': 414, 'dropout': 0.0019317695891060496}. Best is trial 2 with value: 1.0930631430525823.
[I 2024-05-28 21:20:23,797] Trial 5 finished with value: 21.358793550151386 and parameters: {'lr': 0.04680512152314992, 'hs': 2, 'en': 500, 'dropout': 0.0034037707878478273}. Best is trial 2 with value: 1.0930631430525823.
[I 2024-05-28 21:22:18,697] Trial 6 finished with value: 21.49904866288537 and parameters: {'lr': 0.01840253742567841, 'hs': 6, 'en': 29, 'dropout': 0.003079322839444322}. Best is trial 2 with value: 1.0930631430525823.
[I 2024-05-28 21:39:19,662] Trial 7 finished with value: 180.5217457220896 and parameters: {'lr': 0.08222434983882293, 'hs': 3, 'en': 281, 'dropout': 0.003270943331914665}. Best is trial 2 with value: 1.0930631430525823.
[I 2024-05-28 21:41:31,343] Trial 8 finished with value: 21.464395987962813 and parameters: {'lr': 0.03285790915635203, 'hs': 4, 'en': 33, 'dropout': 0.0052423422284919715}. Best is trial 2 with value: 1.0930631430525823.
[I 2024-05-28 21:55:02,650] Trial 9 finished with value: 21.319435037052084 and parameters: {'lr': 0.02826208177555966, 'hs': 5, 'en': 222, 'dropout': 0.0008812656218674726}. Best is trial 2 with value: 1.0930631430525823.
[I 2024-05-28 22:18:37,119] Trial 10 finished with value: 175.08978310113625 and parameters: {'lr': 0.05713014946361738, 'hs': 5, 'en': 389, 'dropout': 0.008471092328479179}. Best is trial 2 with value: 1.0930631430525823.
[I 2024-05-28 22:41:25,644] Trial 11 finished with value: 8.171840547898858 and parameters: {'lr': 0.004218354391051941, 'hs': 6, 'en': 378, 'dropout': 0.0004520067241406146}. Best is trial 2 with value: 1.0930631430525823.
[I 2024-05-28 23:04:39,006] Trial 12 finished with value: 339.9574428108798 and parameters: {'lr': 0.09441078410804579, 'hs': 6, 'en': 383, 'dropout': 0.007476336990046596}. Best is trial 2 with value: 1.0930631430525823.
[I 2024-05-28 23:14:24,466] Trial 13 finished with value: 167.53569610063656 and parameters: {'lr': 0.04305211109486806, 'hs': 7, 'en': 159, 'dropout': 3.900677137735247e-05}. Best is trial 2 with value: 1.0930631430525823.
[I 2024-05-28 23:34:53,873] Trial 14 finished with value: 1.8802750761205778 and parameters: {'lr': 0.06475294718201344, 'hs': 4, 'en': 338, 'dropout': 0.0019307543428349308}. Best is trial 2 with value: 1.0930631430525823.
[I 2024-05-28 23:54:49,743] Trial 15 finished with value: 21.512491270968336 and parameters: {'lr': 0.06637337003260853, 'hs': 4, 'en': 328, 'dropout': 0.006472303291379552}. Best is trial 2 with value: 1.0930631430525823.
[I 2024-05-29 00:14:49,873] Trial 16 finished with value: 174.5574122876833 and parameters: {'lr': 0.0760656960827778, 'hs': 3, 'en': 329, 'dropout': 0.0018925826669760576}. Best is trial 2 with value: 1.0930631430525823.
[I 2024-05-29 00:25:38,882] Trial 17 finished with value: 181.46158874808114 and parameters: {'lr': 0.05562796010417846, 'hs': 2, 'en': 175, 'dropout': 0.00411693547283663}. Best is trial 2 with value: 1.0930631430525823.
[I 2024-05-29 00:55:19,397] Trial 18 finished with value: 9.754181358071056 and parameters: {'lr': 0.037410679607149125, 'hs': 3, 'en': 492, 'dropout': 0.0024583051093807337}. Best is trial 2 with value: 1.0930631430525823.
[I 2024-05-29 01:15:03,816] Trial 19 finished with value: 340.6212703144421 and parameters: {'lr': 0.09535616761244911, 'hs': 5, 'en': 324, 'dropout': 0.004432136635573809}. Best is trial 2 with value: 1.0930631430525823.
[I 2024-05-29 01:27:35,473] A new study created in memory with name: no-name-6e7f2325-6a8c-4b9a-b52d-6a2385d2d040
[I 2024-05-29 01:57:40,258] Trial 0 finished with value: 7.056907485051753 and parameters: {'lr': 0.03579640157982464, 'hs': 5, 'en': 499, 'dropout': 0.004061854772238282}. Best is trial 0 with value: 7.056907485051753.
[I 2024-05-29 02:13:27,372] Trial 1 finished with value: 16.15994330157476 and parameters: {'lr': 0.07880395863998613, 'hs': 5, 'en': 261, 'dropout': 0.006714291685044225}. Best is trial 0 with value: 7.056907485051753.
[I 2024-05-29 02:39:17,958] Trial 2 finished with value: 10.892055217514752 and parameters: {'lr': 0.02358753094237521, 'hs': 6, 'en': 426, 'dropout': 0.0034071657448908484}. Best is trial 0 with value: 7.056907485051753.
[I 2024-05-29 02:47:38,014] Trial 3 finished with value: 16.675358216398692 and parameters: {'lr': 0.06199236565357967, 'hs': 8, 'en': 135, 'dropout': 0.008394578625000239}. Best is trial 0 with value: 7.056907485051753.
[I 2024-05-29 03:04:55,789] Trial 4 finished with value: 177.81644035865727 and parameters: {'lr': 0.08456886786744607, 'hs': 6, 'en': 285, 'dropout': 0.004476953781152609}. Best is trial 0 with value: 7.056907485051753.
[I 2024-05-29 03:09:42,571] Trial 5 finished with value: 177.91708555994236 and parameters: {'lr': 0.01741913224388143, 'hs': 8, 'en': 77, 'dropout': 0.0020926563768119614}. Best is trial 0 with value: 7.056907485051753.
[I 2024-05-29 03:38:23,796] Trial 6 finished with value: 1.1935158247793471 and parameters: {'lr': 0.036674474515417894, 'hs': 6, 'en': 472, 'dropout': 0.0004876063240227508}. Best is trial 6 with value: 1.1935158247793471.
[I 2024-05-29 03:58:18,275] Trial 7 finished with value: 172.19431809081277 and parameters: {'lr': 0.06938635367999106, 'hs': 6, 'en': 330, 'dropout': 0.00645299043375738}. Best is trial 6 with value: 1.1935158247793471.
[I 2024-05-29 04:22:47,435] Trial 8 finished with value: 338.9405037572487 and parameters: {'lr': 0.08720067227782806, 'hs': 5, 'en': 406, 'dropout': 0.004423450150685371}. Best is trial 6 with value: 1.1935158247793471.
[I 2024-05-29 04:35:09,794] Trial 9 finished with value: 16.20096976253162 and parameters: {'lr': 0.024149094660714496, 'hs': 4, 'en': 203, 'dropout': 0.006189714779731105}. Best is trial 6 with value: 1.1935158247793471.
[I 2024-05-29 05:05:22,075] Trial 10 finished with value: 10.958537243972577 and parameters: {'lr': 0.001383760583005808, 'hs': 3, 'en': 500, 'dropout': 3.636582510429994e-05}. Best is trial 6 with value: 1.1935158247793471.
[I 2024-05-29 05:35:42,926] Trial 11 finished with value: 171.99130446512345 and parameters: {'lr': 0.04429742889935877, 'hs': 2, 'en': 499, 'dropout': 0.0008185101083721912}. Best is trial 6 with value: 1.1935158247793471.
[I 2024-05-29 05:58:51,362] Trial 12 finished with value: 16.023181471899864 and parameters: {'lr': 0.04481539113822425, 'hs': 7, 'en': 385, 'dropout': 0.0023907398663616086}. Best is trial 6 with value: 1.1935158247793471.
[I 2024-05-29 06:26:27,833] Trial 13 finished with value: 16.044000268721444 and parameters: {'lr': 0.036034232956379406, 'hs': 4, 'en': 459, 'dropout': 0.00959969064567824}. Best is trial 6 with value: 1.1935158247793471.
[I 2024-05-29 06:46:28,817] Trial 14 finished with value: 177.23187147147408 and parameters: {'lr': 0.0574601532075415, 'hs': 4, 'en': 330, 'dropout': 0.0016245057491646297}. Best is trial 6 with value: 1.1935158247793471.
[I 2024-05-29 07:08:07,292] Trial 15 finished with value: 16.424659845609003 and parameters: {'lr': 0.0347440712010177, 'hs': 7, 'en': 357, 'dropout': 0.003168602436405335}. Best is trial 6 with value: 1.1935158247793471.
[I 2024-05-29 07:09:48,159] Trial 16 finished with value: 16.30123569314985 and parameters: {'lr': 0.009437456821109903, 'hs': 7, 'en': 24, 'dropout': 0.005505500293044326}. Best is trial 6 with value: 1.1935158247793471.
[I 2024-05-29 07:36:18,601] Trial 17 finished with value: 16.168011943341117 and parameters: {'lr': 0.037185139882294896, 'hs': 5, 'en': 440, 'dropout': 0.007535611378628182}. Best is trial 6 with value: 1.1935158247793471.
[I 2024-05-29 07:46:54,609] Trial 18 finished with value: 177.84712893463708 and parameters: {'lr': 0.05411104122796275, 'hs': 3, 'en': 172, 'dropout': 7.445308626500505e-05}. Best is trial 6 with value: 1.1935158247793471.
[I 2024-05-29 08:14:53,553] Trial 19 finished with value: 0.8035049093856298 and parameters: {'lr': 0.027570100971431456, 'hs': 6, 'en': 459, 'dropout': 0.0013508627972700017}. Best is trial 19 with value: 0.8035049093856298.
[I 2024-05-29 08:28:59,782] A new study created in memory with name: no-name-e63ef0a3-c535-4b39-aedc-760649447157
[I 2024-05-29 08:44:10,249] Trial 0 finished with value: 3.286680324841644 and parameters: {'lr': 0.0030862129375749713, 'hs': 7, 'en': 248, 'dropout': 0.003929708783682176}. Best is trial 0 with value: 3.286680324841644.
[I 2024-05-29 08:54:34,895] Trial 1 finished with value: 183.14915401172084 and parameters: {'lr': 0.07323639874859444, 'hs': 3, 'en': 170, 'dropout': 0.0001354831164216318}. Best is trial 0 with value: 3.286680324841644.
[I 2024-05-29 09:18:37,469] Trial 2 finished with value: 24.149729170850474 and parameters: {'lr': 0.08417219989062907, 'hs': 6, 'en': 395, 'dropout': 0.0037924325657503525}. Best is trial 0 with value: 3.286680324841644.
[I 2024-05-29 09:47:09,337] Trial 3 finished with value: 183.09431173241015 and parameters: {'lr': 0.09787472968066581, 'hs': 3, 'en': 470, 'dropout': 0.009309722038983014}. Best is trial 0 with value: 3.286680324841644.
[I 2024-05-29 10:09:09,927] Trial 4 finished with value: 341.52300169745985 and parameters: {'lr': 0.08088946266726786, 'hs': 5, 'en': 365, 'dropout': 0.006241239941082718}. Best is trial 0 with value: 3.286680324841644.
[I 2024-05-29 10:21:36,378] Trial 5 finished with value: 2.42967255940454 and parameters: {'lr': 0.012155083554818286, 'hs': 8, 'en': 206, 'dropout': 0.0015024602429988575}. Best is trial 5 with value: 2.42967255940454.
[I 2024-05-29 10:41:13,943] Trial 6 finished with value: 341.403145560078 and parameters: {'lr': 0.09791010513739776, 'hs': 4, 'en': 324, 'dropout': 0.00395222065089323}. Best is trial 5 with value: 2.42967255940454.
[I 2024-05-29 10:45:40,283] Trial 7 finished with value: 23.87316816156289 and parameters: {'lr': 0.05048517427421273, 'hs': 2, 'en': 68, 'dropout': 0.001017448337271532}. Best is trial 5 with value: 2.42967255940454.
[I 2024-05-29 11:09:40,722] Trial 8 finished with value: 341.4068747485433 and parameters: {'lr': 0.08266713540171657, 'hs': 4, 'en': 389, 'dropout': 0.00477374772780085}. Best is trial 5 with value: 2.42967255940454.
[I 2024-05-29 11:11:22,627] Trial 9 finished with value: 183.21085786930072 and parameters: {'lr': 0.0676139266315283, 'hs': 3, 'en': 24, 'dropout': 0.003098929311262541}. Best is trial 5 with value: 2.42967255940454.
[I 2024-05-29 11:20:45,210] Trial 10 finished with value: 10.59626093309528 and parameters: {'lr': 0.001757854926805972, 'hs': 8, 'en': 151, 'dropout': 0.0017372521108938602}. Best is trial 5 with value: 2.42967255940454.
[I 2024-05-29 11:35:50,757] Trial 11 finished with value: 4.166759590804719 and parameters: {'lr': 0.002501305562555945, 'hs': 8, 'en': 242, 'dropout': 0.006950213947792275}. Best is trial 5 with value: 2.42967255940454.
[I 2024-05-29 11:51:33,751] Trial 12 finished with value: 2.518099714764596 and parameters: {'lr': 0.02373395128490385, 'hs': 7, 'en': 246, 'dropout': 0.002365663449342685}. Best is trial 5 with value: 2.42967255940454.
[I 2024-05-29 12:01:05,062] Trial 13 finished with value: 2.5834022989648973 and parameters: {'lr': 0.026657588445091245, 'hs': 7, 'en': 153, 'dropout': 0.0020824633876277603}. Best is trial 5 with value: 2.42967255940454.
[I 2024-05-29 12:20:19,156] Trial 14 finished with value: 7.922650013473857 and parameters: {'lr': 0.02607710326984685, 'hs': 7, 'en': 310, 'dropout': 9.013442033237867e-05}. Best is trial 5 with value: 2.42967255940454.
[I 2024-05-29 12:33:18,372] Trial 15 finished with value: 9.30543659776207 and parameters: {'lr': 0.02768892935922372, 'hs': 6, 'en': 204, 'dropout': 0.0024794427581796103}. Best is trial 5 with value: 2.42967255940454.
[I 2024-05-29 12:39:11,366] Trial 16 finished with value: 23.896624996552717 and parameters: {'lr': 0.016988068519631465, 'hs': 8, 'en': 94, 'dropout': 0.005989687326852116}. Best is trial 5 with value: 2.42967255940454.
[I 2024-05-29 12:57:26,884] Trial 17 finished with value: 8.9150725131803 and parameters: {'lr': 0.04376794157502023, 'hs': 6, 'en': 297, 'dropout': 0.001054801117673518}. Best is trial 5 with value: 2.42967255940454.
[I 2024-05-29 13:09:40,302] Trial 18 finished with value: 23.896777621487644 and parameters: {'lr': 0.04350574306858042, 'hs': 7, 'en': 198, 'dropout': 0.008243782265085722}. Best is trial 5 with value: 2.42967255940454.
[I 2024-05-29 13:16:30,818] Trial 19 finished with value: 17.781063704901822 and parameters: {'lr': 0.015573165116764409, 'hs': 8, 'en': 111, 'dropout': 0.0029657616420809057}. Best is trial 5 with value: 2.42967255940454.
[I 2024-05-29 13:22:47,617] A new study created in memory with name: no-name-759cadb7-43b5-42d4-bcfd-1fc1a0bf1c38
TKAN UK y_3 24.64667726653964 4.162749994309802 -0.2 26.4
[I 2024-05-29 14:21:13,507] Trial 0 finished with value: 181.79807103082308 and parameters: {'lr': 0.07927755786126911, 'hs': 3, 'en': 347, 'dropout': 0.0004875422806380205}. Best is trial 0 with value: 181.79807103082308.
[I 2024-05-29 15:29:21,235] Trial 1 finished with value: 22.54595448854499 and parameters: {'lr': 0.0002870771000804608, 'hs': 8, 'en': 402, 'dropout': 0.00847661597647734}. Best is trial 1 with value: 22.54595448854499.
[I 2024-05-29 15:59:28,894] Trial 2 finished with value: 181.81376881062576 and parameters: {'lr': 0.08022578609415049, 'hs': 4, 'en': 175, 'dropout': 0.0010222259062208985}. Best is trial 1 with value: 22.54595448854499.
[I 2024-05-29 16:22:01,467] Trial 3 finished with value: 22.948582301947994 and parameters: {'lr': 0.09511870215234339, 'hs': 7, 'en': 131, 'dropout': 0.00911275876501277}. Best is trial 1 with value: 22.54595448854499.
