nit:  [[11.90427268]
 [11.90427268]
 [11.90427268]
 [11.90427268]
 [11.90427268]]
val loss:  1.438677141554945
val loss:  1.0693363554285658
val loss:  1.0416715853480123
val loss:  1.0623213928777908
Init:  [[12.67537206]
 [12.67537206]
 [12.67537206]
 [12.67537206]
 [12.67537206]]
val loss:  1.50868436334541
val loss:  1.1678345033407354
val loss:  1.0921580697021736
val loss:  1.104511631112986
Init:  [[11.92958963]
 [11.92958963]
 [11.92958963]
 [11.92958963]
 [11.92958963]]
val loss:  1.685821465838896
val loss:  1.2694873449700796
val loss:  1.144908481041055
val loss:  1.1402568595881646
val loss:  1.1420264718418867
[I 2024-06-06 13:20:44,099] Trial 0 finished with value: 2.378188747470016 and parameters: {'layers': 12, 'max_depth': 2, 'C': 1523}. Best is trial 0 with value: 2.378188747470016.
Init:  [[11.79006241]
 [11.79006241]
 [11.79006241]
 [11.79006241]
 [11.79006241]]
val loss:  1.1789483855491734
val loss:  1.1097576293768723
val loss:  1.114916464515049
Init:  [[12.68218915]
 [12.68218915]
 [12.68218915]
 [12.68218915]
 [12.68218915]]
val loss:  1.0763697787603737
val loss:  1.031588335706428
val loss:  1.0512836985389478
Init:  [[12.05315575]
 [12.05315575]
 [12.05315575]
 [12.05315575]
 [12.05315575]]
val loss:  1.2112718420344348
val loss:  1.170735610932553
val loss:  1.1743553725516511
[I 2024-06-06 13:34:02,214] Trial 1 finished with value: 2.4247015023844747 and parameters: {'layers': 9, 'max_depth': 3, 'C': 469}. Best is trial 0 with value: 2.378188747470016.
Init:  [[11.80854537]
 [11.80854537]
 [11.80854537]
 [11.80854537]
 [11.80854537]]
val loss:  1.33926474838976
val loss:  1.3119356197400578
val loss:  1.3248137689248638
Init:  [[12.60100816]
 [12.60100816]
 [12.60100816]
 [12.60100816]
 [12.60100816]]
val loss:  1.2527892261786266
val loss:  1.2117359833461703
val loss:  1.2371152991850192
Init:  [[11.9987761]
 [11.9987761]
 [11.9987761]
 [11.9987761]
 [11.9987761]]
val loss:  1.1034124831915264
val loss:  1.0975207310504786
val loss:  1.1186284413899616
[I 2024-06-06 13:46:01,552] Trial 2 finished with value: 2.4244696434148687 and parameters: {'layers': 15, 'max_depth': 3, 'C': 1723}. Best is trial 0 with value: 2.378188747470016.
Init:  [[11.78086894]
 [11.78086894]
 [11.78086894]
 [11.78086894]
 [11.78086894]]
val loss:  1.4180460140225528
val loss:  1.4068246666551254
val loss:  1.4347214474935754
Init:  [[12.71394623]
 [12.71394623]
 [12.71394623]
 [12.71394623]
 [12.71394623]]
val loss:  1.2016244715317153
val loss:  1.1262243348020882
val loss:  1.1357178512452468
Init:  [[11.93489321]
 [11.93489321]
 [11.93489321]
 [11.93489321]
 [11.93489321]]
val loss:  1.316309556210328
val loss:  1.2426993111232467
val loss:  1.2503657628177907
[I 2024-06-06 13:57:15,546] Trial 3 finished with value: 2.416569091439388 and parameters: {'layers': 7, 'max_depth': 3, 'C': 1093}. Best is trial 0 with value: 2.378188747470016.
Init:  [[11.75520883]
 [11.75520883]
 [11.75520883]
 [11.75520883]
 [11.75520883]]
val loss:  5.144132377500869
val loss:  2.4064671802645368
val loss:  1.5573598533754704
val loss:  1.418025171940419
val loss:  1.2740968097217253
val loss:  1.1870523358464626
val loss:  1.176489748973808
val loss:  1.1803160050333366
Init:  [[12.61538646]
 [12.61538646]
 [12.61538646]
 [12.61538646]
 [12.61538646]]
val loss:  4.828173534272169
val loss:  2.4563721086211547
val loss:  1.3848257996400608
val loss:  1.1945500979101815
val loss:  1.0782087812767773
val loss:  1.0435133204546263
val loss:  1.0413593257382303
val loss:  1.045615329043342
Init:  [[12.00911927]
 [12.00911927]
 [12.00911927]
 [12.00911927]
 [12.00911927]]
val loss:  5.061744851431089
val loss:  2.376892201044407
val loss:  1.5595997196853773
val loss:  1.2463548819258452
val loss:  1.0956631935118855
val loss:  1.0598529194964288
val loss:  1.0494957845998987
val loss:  1.0455836273998005
[I 2024-06-06 14:10:15,430] Trial 4 finished with value: 2.344578854475729 and parameters: {'layers': 8, 'max_depth': 1, 'C': 377}. Best is trial 4 with value: 2.344578854475729.
Init:  [[11.8175228]
 [11.8175228]
 [11.8175228]
 [11.8175228]
 [11.8175228]]
val loss:  1.6947974002382524
val loss:  1.1789633229215024
val loss:  1.1344121882561968
val loss:  1.153764481251651
Init:  [[12.71036966]
 [12.71036966]
 [12.71036966]
 [12.71036966]
 [12.71036966]]
val loss:  1.7607182384106992
val loss:  1.3217120626800412
val loss:  1.2696561279230867
val loss:  1.2634837541013606
val loss:  1.2783115995920005
Init:  [[11.88804896]
 [11.88804896]
 [11.88804896]
 [11.88804896]
 [11.88804896]]
val loss:  1.7389809459643346
val loss:  1.2940040985475454
val loss:  1.2381032788744195
val loss:  1.2273435243009958
val loss:  1.2324105388020326
[I 2024-06-06 14:22:55,301] Trial 5 finished with value: 2.3841248914762545 and parameters: {'layers': 8, 'max_depth': 2, 'C': 112}. Best is trial 4 with value: 2.344578854475729.
Init:  [[11.8412386]
 [11.8412386]
 [11.8412386]
 [11.8412386]
 [11.8412386]]
val loss:  1.3176243062251922
val loss:  1.1945595168831784
val loss:  1.1894517468900123
val loss:  1.176563669585865
val loss:  1.1864046807341366
Init:  [[12.74095055]
 [12.74095055]
 [12.74095055]
 [12.74095055]
 [12.74095055]]
val loss:  1.2559523776925114
val loss:  1.2574897712056943
Init:  [[12.01742261]
 [12.01742261]
 [12.01742261]
 [12.01742261]
 [12.01742261]]
val loss:  1.0252031268853745
val loss:  1.0181060435098637
val loss:  1.0208460223324773
[I 2024-06-06 14:35:01,590] Trial 6 finished with value: 2.3963084249701607 and parameters: {'layers': 9, 'max_depth': 3, 'C': 1813}. Best is trial 4 with value: 2.344578854475729.
Init:  [[11.86699472]
 [11.86699472]
 [11.86699472]
 [11.86699472]
 [11.86699472]]
val loss:  1.7866006709733777
val loss:  1.3329613427097902
val loss:  1.256604785350108
val loss:  1.2601147424218802
Init:  [[12.74392703]
 [12.74392703]
 [12.74392703]
 [12.74392703]
 [12.74392703]]
val loss:  2.0271245373886484
val loss:  1.5279178885034206
val loss:  1.4311067386705072
val loss:  1.417844495365521
val loss:  1.4089199604687912
val loss:  1.3962470817544261
val loss:  1.4070263597653714
Init:  [[11.86342693]
 [11.86342693]
 [11.86342693]
 [11.86342693]
 [11.86342693]]
val loss:  1.7138919905077667
val loss:  1.339293270100561
val loss:  1.2309935028828738
val loss:  1.2310772009490787
[I 2024-06-06 14:49:43,622] Trial 7 finished with value: 2.3921512509156204 and parameters: {'layers': 13, 'max_depth': 2, 'C': 132}. Best is trial 4 with value: 2.344578854475729.
Init:  [[11.71757081]
 [11.71757081]
 [11.71757081]
 [11.71757081]
 [11.71757081]]
val loss:  1.7271984764487018
val loss:  1.333628457851439
val loss:  1.2736491984216576
val loss:  1.282040754100619
Init:  [[12.69683149]
 [12.69683149]
 [12.69683149]
 [12.69683149]
 [12.69683149]]
val loss:  1.5052528009739863
val loss:  1.1250737329878606
val loss:  1.0706389429856338
val loss:  1.085482709795123
Init:  [[11.94900408]
 [11.94900408]
 [11.94900408]
 [11.94900408]
 [11.94900408]]
val loss:  1.462494679345259
val loss:  1.2042267285614627
val loss:  1.1552900945022795
val loss:  1.1535041317536632
val loss:  1.1452821001389033
val loss:  1.152781816713351
[I 2024-06-06 15:02:20,700] Trial 8 finished with value: 2.3707725830160977 and parameters: {'layers': 10, 'max_depth': 2, 'C': 237}. Best is trial 4 with value: 2.344578854475729.
Init:  [[11.80506481]
 [11.80506481]
 [11.80506481]
 [11.80506481]
 [11.80506481]]
val loss:  1.8339363396872863
val loss:  1.2569112546906698
val loss:  1.168967243766749
val loss:  1.1824024571956193
Init:  [[12.60948152]
 [12.60948152]
 [12.60948152]
 [12.60948152]
 [12.60948152]]
val loss:  1.9645717456831244
val loss:  1.382945968841951
val loss:  1.242263008157038
val loss:  1.2340000685047994
val loss:  1.2408492567743654
Init:  [[11.91519078]
 [11.91519078]
 [11.91519078]
 [11.91519078]
 [11.91519078]]
val loss:  1.3473955325452938
val loss:  1.0510304040626417
val loss:  0.9781279497117503
val loss:  0.9872921026374514
[I 2024-06-06 15:13:59,988] Trial 9 finished with value: 2.3880923251549206 and parameters: {'layers': 7, 'max_depth': 2, 'C': 847}. Best is trial 4 with value: 2.344578854475729.
Init:  [[11.90328853]
 [11.90328853]
 [11.90328853]
 [11.90328853]
 [11.90328853]]
val loss:  5.196347744886965
val loss:  2.5458520860807288
val loss:  1.3938140513877844
val loss:  1.1678147523335334
val loss:  0.9619661698389629
Init:  [[12.70636102]
 [12.70636102]
 [12.70636102]
 [12.70636102]
 [12.70636102]]
val loss:  4.636385177219114
val loss:  2.5803688829954052
val loss:  1.3952508974970939
val loss:  1.2199242268659776
val loss:  1.0852166116534958
Init:  [[12.06465083]
 [12.06465083]
 [12.06465083]
 [12.06465083]
 [12.06465083]]
val loss:  4.8312398222526305
val loss:  2.8878774164993404
val loss:  1.5745820431186814
val loss:  1.2897289034356674
val loss:  1.1480213129696841
[I 2024-06-06 15:22:08,151] Trial 10 finished with value: 2.5170009072149058 and parameters: {'layers': 5, 'max_depth': 1, 'C': 615}. Best is trial 4 with value: 2.344578854475729.
Init:  [[11.77642823]
 [11.77642823]
 [11.77642823]
 [11.77642823]
 [11.77642823]]
val loss:  4.381663123696166
val loss:  2.600853139226298
val loss:  1.5396131980651133
val loss:  1.3664490800695712
val loss:  1.1751455166794131
val loss:  1.0631755109346988
val loss:  1.0318488839972397
val loss:  1.0199440675764975
val loss:  1.0147364917442931
val loss:  1.012576263944062
val loss:  1.0095900570403986
Init:  [[12.69289486]
 [12.69289486]
 [12.69289486]
 [12.69289486]
 [12.69289486]]
val loss:  4.271377760932987
val loss:  2.490900871568431
val loss:  1.6536052192551793
val loss:  1.5713989340815553
val loss:  1.4675200806020665
val loss:  1.420741549537316
val loss:  1.4093234475442633
val loss:  1.4104746010316611
Init:  [[11.93962083]
 [11.93962083]
 [11.93962083]
 [11.93962083]
 [11.93962083]]
val loss:  4.6839058203022095
val loss:  2.49391634064069
val loss:  1.3337723273448896
val loss:  1.062197543942937
val loss:  0.9359155773344487
val loss:  0.8868548010975178
val loss:  0.8738207339396994
val loss:  0.8707340253712609
val loss:  0.8680287415712422
val loss:  0.866736796449795
val loss:  0.8669870544617326
[I 2024-06-06 15:38:15,590] Trial 11 finished with value: 2.3563121792391737 and parameters: {'layers': 11, 'max_depth': 1, 'C': 408}. Best is trial 4 with value: 2.344578854475729.
Init:  [[11.75828133]
 [11.75828133]
 [11.75828133]
 [11.75828133]
 [11.75828133]]
val loss:  4.85107567155083
val loss:  2.5898186619264916
val loss:  1.70644851470851
val loss:  1.5775278760119604
val loss:  1.4246852307419775
val loss:  1.3402420440687908
val loss:  1.3214688861576969
val loss:  1.3154964688580328
val loss:  1.315714740851314
Init:  [[12.76279405]
 [12.76279405]
 [12.76279405]
 [12.76279405]
 [12.76279405]]
val loss:  4.735642774851215
val loss:  2.678502472492462
val loss:  1.6867476493239646
val loss:  1.5942775705410823
val loss:  1.460360401257301
val loss:  1.3652585391502152
val loss:  1.3473091527667231
val loss:  1.3402762385388345
val loss:  1.336572255397045
val loss:  1.3374076285309253
Init:  [[12.06133909]
 [12.06133909]
 [12.06133909]
 [12.06133909]
 [12.06133909]]
val loss:  4.920900910895357
val loss:  2.5515657275651114
val loss:  1.4098721134729026
val loss:  1.174728725878898
val loss:  1.086776321700299
val loss:  1.0393504831712526
val loss:  1.0366945863709063
val loss:  1.0407836208364976
[I 2024-06-06 15:53:03,366] Trial 12 finished with value: 2.3288612943808746 and parameters: {'layers': 12, 'max_depth': 1, 'C': 1117}. Best is trial 12 with value: 2.3288612943808746.
Init:  [[11.72719635]
 [11.72719635]
 [11.72719635]
 [11.72719635]
 [11.72719635]]
val loss:  4.823442074087801
val loss:  2.7395009688652436
val loss:  1.7148333276378134
val loss:  1.6003392048305338
val loss:  1.3777558893241098
val loss:  1.2741643551976678
val loss:  1.2405705583926694
val loss:  1.2228003877529523
val loss:  1.2176883735647837
val loss:  1.2140793398670602
val loss:  1.213426086475489
val loss:  1.2129560966692956
val loss:  1.2125448788209057
val loss:  1.2099947038455758
Init:  [[12.56286606]
 [12.56286606]
 [12.56286606]
 [12.56286606]
 [12.56286606]]
val loss:  5.101402770079582
val loss:  2.6303222434774094
val loss:  1.646464817338922
val loss:  1.4578635993218156
val loss:  1.3808864699041865
val loss:  1.3561597752033627
val loss:  1.3539577734781594
val loss:  1.354753909322554
Init:  [[11.92666187]
 [11.92666187]
 [11.92666187]
 [11.92666187]
 [11.92666187]]
val loss:  4.736902978145429
val loss:  2.6120290318707555
val loss:  1.4458280490071538
val loss:  1.1724849676838487
val loss:  1.0721660558884354
val loss:  1.0497702733001297
val loss:  1.039411846165991
val loss:  1.0432032146202
[I 2024-06-06 16:09:34,802] Trial 13 finished with value: 2.3763414284424256 and parameters: {'layers': 14, 'max_depth': 1, 'C': 1228}. Best is trial 12 with value: 2.3288612943808746.
Init:  [[11.76545847]
 [11.76545847]
 [11.76545847]
 [11.76545847]
 [11.76545847]]
val loss:  4.1127092186409415
val loss:  2.4595910566590535
val loss:  1.6185701110568786
val loss:  1.5555872105768758
val loss:  1.377164909263844
Init:  [[12.67544407]
 [12.67544407]
 [12.67544407]
 [12.67544407]
 [12.67544407]]
val loss:  4.453885515776557
val loss:  2.484475971961826
val loss:  1.502187093275714
val loss:  1.3206090266669013
val loss:  1.2101999315776062
Init:  [[11.92819774]
 [11.92819774]
 [11.92819774]
 [11.92819774]
 [11.92819774]]
val loss:  5.663447624085116
val loss:  3.083188861960086
val loss:  1.8706996540244467
val loss:  1.6527499432990895
val loss:  1.423150578451365
[I 2024-06-06 16:17:44,142] Trial 14 finished with value: 2.6252299492850235 and parameters: {'layers': 5, 'max_depth': 1, 'C': 799}. Best is trial 12 with value: 2.3288612943808746.
Init:  [[11.75345655]
 [11.75345655]
 [11.75345655]
 [11.75345655]
 [11.75345655]]
val loss:  4.9824482306546445
val loss:  2.4870289661823866
val loss:  1.5647283026599548
val loss:  1.3764381497355864
val loss:  1.2287214144917185
val loss:  1.161374540589416
val loss:  1.1568754127198468
val loss:  1.1566271188878605
val loss:  1.1581801355069241
Init:  [[12.73398944]
 [12.73398944]
 [12.73398944]
 [12.73398944]
 [12.73398944]]
val loss:  5.339217320747799
val loss:  2.9188019962829377
val loss:  1.7083545394793225
val loss:  1.4609696988868417
val loss:  1.2802218252095527
val loss:  1.1766238529032955
val loss:  1.1423004745307064
val loss:  1.1298725040752935
val loss:  1.127422005486839
val loss:  1.1232594661054696
val loss:  1.1212880880927705
Init:  [[12.05325174]
 [12.05325174]
 [12.05325174]
 [12.05325174]
 [12.05325174]]
val loss:  4.3277518514153295
val loss:  2.8368797775612267
val loss:  1.7062197100269705
val loss:  1.4846885430305459
val loss:  1.3236922311825814
val loss:  1.2407940611473232
val loss:  1.2245507365049826
val loss:  1.2114707044215849
val loss:  1.2081488650888534
val loss:  1.2052101635537975
val loss:  1.2018909235907813
[I 2024-06-06 16:36:06,689] Trial 15 finished with value: 2.3547604472072403 and parameters: {'layers': 11, 'max_depth': 1, 'C': 1351}. Best is trial 12 with value: 2.3288612943808746.
Init:  [[11.79743159]
 [11.79743159]
 [11.79743159]
 [11.79743159]
 [11.79743159]]
val loss:  5.220802519768957
val loss:  2.425676410412308
val loss:  1.4270605434707775
val loss:  1.1609485045387575
val loss:  1.0313794411418036
val loss:  0.9854575931870675
val loss:  0.9811211346726421
val loss:  0.985313841966442
Init:  [[12.58115699]
 [12.58115699]
 [12.58115699]
 [12.58115699]
 [12.58115699]]
val loss:  5.643652846815324
val loss:  2.7793300545572994
val loss:  1.5505431441122095
val loss:  1.304436256249813
val loss:  1.1811410501192943
val loss:  1.134369887746308
val loss:  1.1252792518098795
val loss:  1.1174204983170783
val loss:  1.1127264624626119
val loss:  1.1146386268941206
Init:  [[11.97556995]
 [11.97556995]
 [11.97556995]
 [11.97556995]
 [11.97556995]]
val loss:  4.738917950035826
val loss:  2.5663653899240777
val loss:  1.3502756365107156
val loss:  1.1028162702134447
val loss:  0.9858197576836536
val loss:  0.9383587892737857
val loss:  0.9230159002492565
val loss:  0.9175241228475637
val loss:  0.9182910835572242
[I 2024-06-06 16:51:51,780] Trial 16 finished with value: 2.355988915470601 and parameters: {'layers': 13, 'max_depth': 1, 'C': 977}. Best is trial 12 with value: 2.3288612943808746.
Init:  [[11.76253]
 [11.76253]
 [11.76253]
 [11.76253]
 [11.76253]]
val loss:  4.597786678204944
val loss:  2.3161255760575163
val loss:  1.329172466632115
val loss:  1.156565476659969
val loss:  1.046133715963421
val loss:  1.0007803432429825
val loss:  0.9920106416878889
Init:  [[12.74167067]
 [12.74167067]
 [12.74167067]
 [12.74167067]
 [12.74167067]]
val loss:  3.5159995107588426
val loss:  2.116847723812275
val loss:  1.258689508225138
val loss:  1.1314024051759621
val loss:  1.0353802991994665
val loss:  1.0048527172945703
val loss:  1.0008104576728578
Init:  [[11.89863211]
 [11.89863211]
 [11.89863211]
 [11.89863211]
 [11.89863211]]
val loss:  5.238193908308899
val loss:  2.77964517759301
val loss:  1.5835537768588674
val loss:  1.3780606192432407
val loss:  1.1999540155723436
val loss:  1.116145870448682
val loss:  1.0873943842230491
[I 2024-06-06 17:03:33,059] Trial 17 finished with value: 2.355161760342893 and parameters: {'layers': 7, 'max_depth': 1, 'C': 674}. Best is trial 12 with value: 2.3288612943808746.
Init:  [[11.91817091]
 [11.91817091]
 [11.91817091]
 [11.91817091]
 [11.91817091]]
val loss:  4.830696432783184
val loss:  2.776868946308475
val loss:  1.6045678283686737
val loss:  1.3603665924039257
val loss:  1.2268370717478454
val loss:  1.1721217063991876
val loss:  1.1641045520733913
val loss:  1.1607761428652594
val loss:  1.1577231776846175
val loss:  1.1562734343534509
Init:  [[12.61238598]
 [12.61238598]
 [12.61238598]
 [12.61238598]
 [12.61238598]]
val loss:  4.759383565921806
val loss:  2.4282283492494776
val loss:  1.4263297886913857
val loss:  1.2328736331395862
val loss:  1.123009135758955
val loss:  1.0831420835891774
val loss:  1.06916780518056
val loss:  1.0641714849502315
val loss:  1.0654079611010425
Init:  [[11.92013439]
 [11.92013439]
 [11.92013439]
 [11.92013439]
 [11.92013439]]
val loss:  4.987066660443318
val loss:  2.793566671532986
val loss:  1.5015886622652828
val loss:  1.2615381592597381
val loss:  1.1092035122698258
val loss:  1.0539559353267234
val loss:  1.0388713966866683
val loss:  1.0286473633511648
val loss:  1.0260888488042283
val loss:  1.0244782910291006
[I 2024-06-06 17:19:37,499] Trial 18 finished with value: 2.3541089650958065 and parameters: {'layers': 10, 'max_depth': 1, 'C': 1385}. Best is trial 12 with value: 2.3288612943808746.
Init:  [[11.83799808]
 [11.83799808]
 [11.83799808]
 [11.83799808]
 [11.83799808]]
val loss:  4.424757662067201
val loss:  2.4590470367293924
val loss:  1.511452583793641
val loss:  1.3076213451874878
val loss:  1.1995626965737245
val loss:  1.1593161916692283
val loss:  1.159093125232553
val loss:  1.1676556545878776
Init:  [[12.74663946]
 [12.74663946]
 [12.74663946]
 [12.74663946]
 [12.74663946]]
val loss:  4.875801186841885
val loss:  2.946567429002554
val loss:  1.6960942595196489
val loss:  1.5811027535102131
val loss:  1.3924513430463183
val loss:  1.2963413291023478
val loss:  1.2783518527898798
val loss:  1.2720355607956213
val loss:  1.2720688340465478
Init:  [[11.92510199]
 [11.92510199]
 [11.92510199]
 [11.92510199]
 [11.92510199]]
val loss:  6.474616213023137
val loss:  3.266333834623371
val loss:  1.826963031407584
val loss:  1.3932904146356047
val loss:  1.1856304328111438
val loss:  1.1273041954910135
val loss:  1.100973612996969
val loss:  1.0922613583698
val loss:  1.0866799479425782
val loss:  1.0851375429100132
val loss:  1.0850033027481236
val loss:  1.0874950897887148
[I 2024-06-06 17:35:46,660] Trial 19 finished with value: 2.3545267684498623 and parameters: {'layers': 12, 'max_depth': 1, 'C': 1972}. Best is trial 12 with value: 2.3288612943808746.
Init:  [[12.08722996]
 [12.08722996]
 [12.08722996]
 [12.08722996]
 [12.08722996]]
val loss:  5.019679190628106
val loss:  2.850162289067905
val loss:  1.6476189189691703
val loss:  1.4754169688828238
val loss:  1.3412539805254216
val loss:  1.2787624144733285
val loss:  1.2567662096138688
val loss:  1.2493783321514689
val loss:  1.2481183868699788
val loss:  1.2472804023165318
val loss:  1.2485405385165265
[I 2024-06-06 17:44:32,599] A new study created in memory with name: no-name-7fe7e063-43df-4e30-8d00-051a6902cd9b
Boosted Forest Reynolds y_2 2.2073711585023648 1.018706165327376 -9.7 41.0
Init:  [[14.72934074]
 [14.72934074]
 [14.72934074]
 [14.72934074]
 [14.72934074]]
val loss:  1.906777043322467
val loss:  1.879679900041549
val loss:  1.8897139714459668
Init:  [[13.93368889]
 [13.93368889]
 [13.93368889]
 [13.93368889]
 [13.93368889]]
val loss:  2.3355785715963497
val loss:  2.4178550204420097
Init:  [[14.58556938]
 [14.58556938]
 [14.58556938]
 [14.58556938]
 [14.58556938]]
val loss:  2.98076908356727
val loss:  2.9107031556815075
val loss:  2.957949403553067
