[I 2024-06-11 17:43:13,181] A new study created in memory with name: no-name-43e4a6f9-d139-4308-8528-feba1fd8ea10
[I 2024-06-11 17:57:56,451] Trial 0 finished with value: 1.6271431078262346 and parameters: {'layers': 8, 'max_depth': 1, 'C': 1948}. Best is trial 0 with value: 1.6271431078262346.
[I 2024-06-11 18:14:23,732] Trial 1 finished with value: 0.5346065821810885 and parameters: {'layers': 5, 'max_depth': 2, 'C': 739}. Best is trial 1 with value: 0.5346065821810885.
[I 2024-06-11 19:06:18,462] Trial 2 finished with value: 0.3155739946345582 and parameters: {'layers': 12, 'max_depth': 2, 'C': 327}. Best is trial 2 with value: 0.3155739946345582.
[I 2024-06-11 19:29:06,019] Trial 3 finished with value: 1.2486390453702638 and parameters: {'layers': 15, 'max_depth': 1, 'C': 1449}. Best is trial 2 with value: 0.3155739946345582.
[I 2024-06-11 19:56:08,314] Trial 4 finished with value: 0.4169626576264482 and parameters: {'layers': 7, 'max_depth': 2, 'C': 1158}. Best is trial 2 with value: 0.3155739946345582.
[I 2024-06-11 20:17:11,265] Trial 5 finished with value: 0.4700812283676043 and parameters: {'layers': 6, 'max_depth': 2, 'C': 742}. Best is trial 2 with value: 0.3155739946345582.
[I 2024-06-11 20:30:49,974] Trial 6 finished with value: 1.6717457255029355 and parameters: {'layers': 8, 'max_depth': 1, 'C': 1884}. Best is trial 2 with value: 0.3155739946345582.
[I 2024-06-11 21:22:59,793] Trial 7 finished with value: 0.33607941199987446 and parameters: {'layers': 12, 'max_depth': 2, 'C': 278}. Best is trial 2 with value: 0.3155739946345582.
[I 2024-06-11 22:04:38,780] Trial 8 finished with value: 0.33598828508896456 and parameters: {'layers': 10, 'max_depth': 2, 'C': 1405}. Best is trial 2 with value: 0.3155739946345582.
[I 2024-06-11 22:18:30,079] Trial 9 finished with value: 1.5862469114787325 and parameters: {'layers': 9, 'max_depth': 1, 'C': 1576}. Best is trial 2 with value: 0.3155739946345582.
[I 2024-06-11 23:15:57,091] Trial 10 finished with value: 0.3268821409935372 and parameters: {'layers': 13, 'max_depth': 2, 'C': 5}. Best is trial 2 with value: 0.3155739946345582.
[I 2024-06-12 00:18:42,065] Trial 11 finished with value: 0.3291813107533858 and parameters: {'layers': 13, 'max_depth': 2, 'C': 43}. Best is trial 2 with value: 0.3155739946345582.
[I 2024-06-12 01:11:48,716] Trial 12 finished with value: 0.32538581155963353 and parameters: {'layers': 12, 'max_depth': 2, 'C': 367}. Best is trial 2 with value: 0.3155739946345582.
[I 2024-06-12 01:58:03,111] Trial 13 finished with value: 0.3441429569062043 and parameters: {'layers': 11, 'max_depth': 2, 'C': 471}. Best is trial 2 with value: 0.3155739946345582.
[I 2024-06-12 03:04:06,578] Trial 14 finished with value: 0.3193979538972451 and parameters: {'layers': 15, 'max_depth': 2, 'C': 518}. Best is trial 2 with value: 0.3155739946345582.
[I 2024-06-12 04:14:01,335] Trial 15 finished with value: 0.32080751825731507 and parameters: {'layers': 15, 'max_depth': 2, 'C': 805}. Best is trial 2 with value: 0.3155739946345582.
[I 2024-06-12 05:15:04,150] Trial 16 finished with value: 0.3221675540320322 and parameters: {'layers': 14, 'max_depth': 2, 'C': 546}. Best is trial 2 with value: 0.3155739946345582.
[I 2024-06-12 05:37:27,926] Trial 17 finished with value: 1.2740239019121624 and parameters: {'layers': 14, 'max_depth': 1, 'C': 1085}. Best is trial 2 with value: 0.3155739946345582.
[I 2024-06-12 06:27:00,647] Trial 18 finished with value: 0.3259504518185936 and parameters: {'layers': 11, 'max_depth': 2, 'C': 220}. Best is trial 2 with value: 0.3155739946345582.
[I 2024-06-12 07:33:42,744] Trial 19 finished with value: 0.3189532408228128 and parameters: {'layers': 14, 'max_depth': 2, 'C': 620}. Best is trial 2 with value: 0.3155739946345582.
[I 2024-06-12 08:00:21,295] A new study created in memory with name: no-name-89e7d1dc-61a7-43b5-8485-cf9a51622d6b
Boosted Forest UK y_2 0.31361100174177314 0.4069123861648 -2.8 26.7
[I 2024-06-12 08:09:02,742] Trial 0 finished with value: 0.7924488946296329 and parameters: {'layers': 13, 'max_depth': 1, 'C': 1642}. Best is trial 0 with value: 0.7924488946296329.
[I 2024-06-12 08:13:09,201] Trial 1 finished with value: 1.613802281900563 and parameters: {'layers': 6, 'max_depth': 1, 'C': 849}. Best is trial 0 with value: 0.7924488946296329.
[I 2024-06-12 08:28:58,515] Trial 2 finished with value: 0.21514995679497761 and parameters: {'layers': 14, 'max_depth': 2, 'C': 835}. Best is trial 2 with value: 0.21514995679497761.
[I 2024-06-12 08:44:28,802] Trial 3 finished with value: 0.21530159459208018 and parameters: {'layers': 12, 'max_depth': 2, 'C': 1494}. Best is trial 2 with value: 0.21514995679497761.
[I 2024-06-12 08:57:13,340] Trial 4 finished with value: 0.23484347816495688 and parameters: {'layers': 10, 'max_depth': 2, 'C': 1168}. Best is trial 2 with value: 0.21514995679497761.
[I 2024-06-12 09:04:16,345] Trial 5 finished with value: 1.0271451492188524 and parameters: {'layers': 11, 'max_depth': 1, 'C': 1315}. Best is trial 2 with value: 0.21514995679497761.
[I 2024-06-12 09:07:51,817] Trial 6 finished with value: 1.8223601942075296 and parameters: {'layers': 5, 'max_depth': 1, 'C': 1688}. Best is trial 2 with value: 0.21514995679497761.
[I 2024-06-12 09:17:15,457] Trial 7 finished with value: 0.6979933937050665 and parameters: {'layers': 14, 'max_depth': 1, 'C': 1683}. Best is trial 2 with value: 0.21514995679497761.
[I 2024-06-12 09:23:02,417] Trial 8 finished with value: 0.3145727166864804 and parameters: {'layers': 5, 'max_depth': 2, 'C': 1302}. Best is trial 2 with value: 0.21514995679497761.
[I 2024-06-12 09:29:57,825] Trial 9 finished with value: 1.1270345314412653 and parameters: {'layers': 11, 'max_depth': 1, 'C': 1906}. Best is trial 2 with value: 0.21514995679497761.
[I 2024-06-12 09:46:00,237] Trial 10 finished with value: 0.237099613071147 and parameters: {'layers': 15, 'max_depth': 2, 'C': 282}. Best is trial 2 with value: 0.21514995679497761.
[I 2024-06-12 10:00:15,936] Trial 11 finished with value: 0.20933235009368636 and parameters: {'layers': 13, 'max_depth': 2, 'C': 728}. Best is trial 11 with value: 0.20933235009368636.
[I 2024-06-12 10:11:19,380] Trial 12 finished with value: 0.2258913233511853 and parameters: {'layers': 9, 'max_depth': 2, 'C': 721}. Best is trial 11 with value: 0.20933235009368636.
[I 2024-06-12 10:27:03,266] Trial 13 finished with value: 0.2109660080799731 and parameters: {'layers': 15, 'max_depth': 2, 'C': 442}. Best is trial 11 with value: 0.20933235009368636.
[I 2024-06-12 10:43:52,001] Trial 14 finished with value: 0.21601978819207268 and parameters: {'layers': 15, 'max_depth': 2, 'C': 379}. Best is trial 11 with value: 0.20933235009368636.
[I 2024-06-12 11:00:40,483] Trial 15 finished with value: 0.22806537811962022 and parameters: {'layers': 13, 'max_depth': 2, 'C': 522}. Best is trial 11 with value: 0.20933235009368636.
[I 2024-06-12 11:11:40,691] Trial 16 finished with value: 0.22148354687224214 and parameters: {'layers': 9, 'max_depth': 2, 'C': 21}. Best is trial 11 with value: 0.20933235009368636.
[I 2024-06-12 11:28:24,599] Trial 17 finished with value: 0.21936093936661596 and parameters: {'layers': 13, 'max_depth': 2, 'C': 574}. Best is trial 11 with value: 0.20933235009368636.
[I 2024-06-12 11:46:31,355] Trial 18 finished with value: 0.21141501976611674 and parameters: {'layers': 15, 'max_depth': 2, 'C': 139}. Best is trial 11 with value: 0.20933235009368636.
[I 2024-06-12 11:55:08,217] Trial 19 finished with value: 0.2377129374669612 and parameters: {'layers': 7, 'max_depth': 2, 'C': 1068}. Best is trial 11 with value: 0.20933235009368636.
[I 2024-06-12 12:03:15,912] A new study created in memory with name: no-name-79c7a1ee-a552-4b90-894c-95e896745817
Boosted Forest UK y_6 0.21988153033458493 0.346514845985149 0.9 24.6
[I 2024-06-12 12:15:15,695] Trial 0 finished with value: 0.06489461135981406 and parameters: {'layers': 10, 'max_depth': 2, 'C': 1302}. Best is trial 0 with value: 0.06489461135981406.
[I 2024-06-12 12:30:49,537] Trial 1 finished with value: 0.06711784414775035 and parameters: {'layers': 13, 'max_depth': 2, 'C': 680}. Best is trial 0 with value: 0.06489461135981406.
[I 2024-06-12 12:34:24,611] Trial 2 finished with value: 1.0995416509014884 and parameters: {'layers': 5, 'max_depth': 1, 'C': 899}. Best is trial 0 with value: 0.06489461135981406.
[I 2024-06-12 12:40:58,237] Trial 3 finished with value: 0.12139225779579521 and parameters: {'layers': 5, 'max_depth': 2, 'C': 1051}. Best is trial 0 with value: 0.06489461135981406.
[I 2024-06-12 12:45:14,845] Trial 4 finished with value: 0.789083152404352 and parameters: {'layers': 7, 'max_depth': 1, 'C': 331}. Best is trial 0 with value: 0.06489461135981406.
[I 2024-06-12 12:54:07,047] Trial 5 finished with value: 0.08623592027657644 and parameters: {'layers': 7, 'max_depth': 2, 'C': 558}. Best is trial 0 with value: 0.06489461135981406.
[I 2024-06-12 13:11:30,664] Trial 6 finished with value: 0.07018368748064101 and parameters: {'layers': 12, 'max_depth': 2, 'C': 1451}. Best is trial 0 with value: 0.06489461135981406.
[I 2024-06-12 13:20:37,865] Trial 7 finished with value: 0.4110127206620529 and parameters: {'layers': 15, 'max_depth': 1, 'C': 834}. Best is trial 0 with value: 0.06489461135981406.
[I 2024-06-12 13:27:19,553] Trial 8 finished with value: 0.638256265793334 and parameters: {'layers': 12, 'max_depth': 1, 'C': 360}. Best is trial 0 with value: 0.06489461135981406.
[I 2024-06-12 13:35:05,381] Trial 9 finished with value: 0.4413852350522838 and parameters: {'layers': 14, 'max_depth': 1, 'C': 1187}. Best is trial 0 with value: 0.06489461135981406.
[I 2024-06-12 13:48:24,103] Trial 10 finished with value: 0.06848638471950398 and parameters: {'layers': 10, 'max_depth': 2, 'C': 1987}. Best is trial 0 with value: 0.06489461135981406.
[I 2024-06-12 14:03:59,802] Trial 11 finished with value: 0.06988306235195894 and parameters: {'layers': 10, 'max_depth': 2, 'C': 1486}. Best is trial 0 with value: 0.06489461135981406.
[I 2024-06-12 14:20:50,403] Trial 12 finished with value: 0.07140142713590841 and parameters: {'layers': 12, 'max_depth': 2, 'C': 46}. Best is trial 0 with value: 0.06489461135981406.
[I 2024-06-12 14:31:21,959] Trial 13 finished with value: 0.07326752368057825 and parameters: {'layers': 9, 'max_depth': 2, 'C': 1721}. Best is trial 0 with value: 0.06489461135981406.
[I 2024-06-12 14:46:19,571] Trial 14 finished with value: 0.06294344371925356 and parameters: {'layers': 13, 'max_depth': 2, 'C': 641}. Best is trial 14 with value: 0.06294344371925356.
[I 2024-06-12 14:55:37,204] Trial 15 finished with value: 0.07733743993763793 and parameters: {'layers': 8, 'max_depth': 2, 'C': 1363}. Best is trial 14 with value: 0.06294344371925356.
[I 2024-06-12 15:08:22,939] Trial 16 finished with value: 0.06956645061836571 and parameters: {'layers': 11, 'max_depth': 2, 'C': 1248}. Best is trial 14 with value: 0.06294344371925356.
[I 2024-06-12 15:23:01,728] Trial 17 finished with value: 0.06492536994941911 and parameters: {'layers': 15, 'max_depth': 2, 'C': 1670}. Best is trial 14 with value: 0.06294344371925356.
[I 2024-06-12 15:36:15,425] Trial 18 finished with value: 0.06994538114307323 and parameters: {'layers': 13, 'max_depth': 2, 'C': 670}. Best is trial 14 with value: 0.06294344371925356.
[I 2024-06-12 15:49:09,390] Trial 19 finished with value: 0.06942190733000703 and parameters: {'layers': 11, 'max_depth': 2, 'C': 1052}. Best is trial 14 with value: 0.06294344371925356.
[I 2024-06-12 15:56:33,604] A new study created in memory with name: no-name-e6fa6fbf-4884-480e-862a-e6295e41f1ae
Boosted Forest UK y_10 0.05647383438025862 0.14897898845858343 2.7 21.7
[I 2024-06-12 16:02:17,343] Trial 0 finished with value: 1.9656267430693777 and parameters: {'layers': 8, 'max_depth': 1, 'C': 759}. Best is trial 0 with value: 1.9656267430693777.
[I 2024-06-12 16:09:02,314] Trial 1 finished with value: 1.6705150819153396 and parameters: {'layers': 9, 'max_depth': 1, 'C': 1514}. Best is trial 1 with value: 1.6705150819153396.
[I 2024-06-12 16:23:12,789] Trial 2 finished with value: 0.6861327452331992 and parameters: {'layers': 12, 'max_depth': 2, 'C': 684}. Best is trial 2 with value: 0.6861327452331992.
[I 2024-06-12 16:36:03,539] Trial 3 finished with value: 0.6715297407760149 and parameters: {'layers': 10, 'max_depth': 2, 'C': 1780}. Best is trial 3 with value: 0.6715297407760149.
[I 2024-06-12 16:43:52,925] Trial 4 finished with value: 1.5031460147980036 and parameters: {'layers': 11, 'max_depth': 1, 'C': 1901}. Best is trial 3 with value: 0.6715297407760149.
[I 2024-06-12 16:50:28,920] Trial 5 finished with value: 1.8817664447168532 and parameters: {'layers': 9, 'max_depth': 1, 'C': 512}. Best is trial 3 with value: 0.6715297407760149.
[I 2024-06-12 17:06:01,540] Trial 6 finished with value: 0.6746612042174783 and parameters: {'layers': 14, 'max_depth': 2, 'C': 499}. Best is trial 3 with value: 0.6715297407760149.
[I 2024-06-12 17:19:55,854] Trial 7 finished with value: 0.6557528615526437 and parameters: {'layers': 12, 'max_depth': 2, 'C': 1255}. Best is trial 7 with value: 0.6557528615526437.
[I 2024-06-12 17:28:47,695] Trial 8 finished with value: 1.387395684175783 and parameters: {'layers': 12, 'max_depth': 1, 'C': 1602}. Best is trial 7 with value: 0.6557528615526437.
[I 2024-06-12 17:40:06,243] Trial 9 finished with value: 0.6660560637907104 and parameters: {'layers': 9, 'max_depth': 2, 'C': 1763}. Best is trial 7 with value: 0.6557528615526437.
[I 2024-06-12 17:46:02,372] Trial 10 finished with value: 0.7342802894324295 and parameters: {'layers': 5, 'max_depth': 2, 'C': 1137}. Best is trial 7 with value: 0.6557528615526437.
[I 2024-06-12 18:00:34,748] Trial 11 finished with value: 0.672292474971037 and parameters: {'layers': 15, 'max_depth': 2, 'C': 1212}. Best is trial 7 with value: 0.6557528615526437.
[I 2024-06-12 18:09:35,670] Trial 12 finished with value: 0.6754075174865632 and parameters: {'layers': 7, 'max_depth': 2, 'C': 1443}. Best is trial 7 with value: 0.6557528615526437.
[I 2024-06-12 18:24:54,042] Trial 13 finished with value: 0.7256317941554279 and parameters: {'layers': 13, 'max_depth': 2, 'C': 1033}. Best is trial 7 with value: 0.6557528615526437.
[I 2024-06-12 18:32:10,253] Trial 14 finished with value: 0.6930652281175119 and parameters: {'layers': 6, 'max_depth': 2, 'C': 66}. Best is trial 7 with value: 0.6557528615526437.
[I 2024-06-12 18:44:43,217] Trial 15 finished with value: 0.665546177440656 and parameters: {'layers': 11, 'max_depth': 2, 'C': 1994}. Best is trial 7 with value: 0.6557528615526437.
[I 2024-06-12 18:58:55,740] Trial 16 finished with value: 0.7009339526637534 and parameters: {'layers': 11, 'max_depth': 2, 'C': 1358}. Best is trial 7 with value: 0.6557528615526437.
[I 2024-06-12 19:14:37,597] Trial 17 finished with value: 0.6725197659049997 and parameters: {'layers': 13, 'max_depth': 2, 'C': 1973}. Best is trial 7 with value: 0.6557528615526437.
[I 2024-06-12 19:28:44,938] Trial 18 finished with value: 0.7017888457704592 and parameters: {'layers': 11, 'max_depth': 2, 'C': 862}. Best is trial 7 with value: 0.6557528615526437.
[I 2024-06-12 19:44:28,619] Trial 19 finished with value: 0.7093471259499265 and parameters: {'layers': 15, 'max_depth': 2, 'C': 172}. Best is trial 7 with value: 0.6557528615526437.
[I 2024-06-12 19:52:11,543] A new study created in memory with name: no-name-4f3b299c-fbb8-493b-abc1-4cd58759b26f
Boosted Forest UK y_4 0.6336312068332677 0.5704434625423508 -4.0 26.3
[I 2024-06-12 19:58:51,447] Trial 0 finished with value: 0.12105108720121034 and parameters: {'layers': 6, 'max_depth': 2, 'C': 146}. Best is trial 0 with value: 0.12105108720121034.
[I 2024-06-12 20:09:11,911] Trial 1 finished with value: 0.08825753211764574 and parameters: {'layers': 9, 'max_depth': 2, 'C': 987}. Best is trial 1 with value: 0.08825753211764574.
[I 2024-06-12 20:23:43,690] Trial 2 finished with value: 0.09409411783154487 and parameters: {'layers': 15, 'max_depth': 2, 'C': 1248}. Best is trial 1 with value: 0.08825753211764574.
[I 2024-06-12 20:30:18,813] Trial 3 finished with value: 0.10639504629289886 and parameters: {'layers': 6, 'max_depth': 2, 'C': 1063}. Best is trial 1 with value: 0.08825753211764574.
[I 2024-06-12 20:44:53,306] Trial 4 finished with value: 0.0782315194433571 and parameters: {'layers': 12, 'max_depth': 2, 'C': 1724}. Best is trial 4 with value: 0.0782315194433571.
[I 2024-06-12 20:50:47,287] Trial 5 finished with value: 0.11964581308018729 and parameters: {'layers': 6, 'max_depth': 2, 'C': 683}. Best is trial 4 with value: 0.0782315194433571.
[I 2024-06-12 21:01:48,339] Trial 6 finished with value: 0.08479858532271396 and parameters: {'layers': 9, 'max_depth': 2, 'C': 1864}. Best is trial 4 with value: 0.0782315194433571.
[I 2024-06-12 21:06:43,092] Trial 7 finished with value: 0.17148242679386635 and parameters: {'layers': 5, 'max_depth': 2, 'C': 1145}. Best is trial 4 with value: 0.0782315194433571.
[I 2024-06-12 21:19:11,725] Trial 8 finished with value: 0.0828051277336052 and parameters: {'layers': 10, 'max_depth': 2, 'C': 1081}. Best is trial 4 with value: 0.0782315194433571.
[I 2024-06-12 21:25:18,984] Trial 9 finished with value: 0.7500802513771004 and parameters: {'layers': 11, 'max_depth': 1, 'C': 805}. Best is trial 4 with value: 0.0782315194433571.
[I 2024-06-12 21:33:13,136] Trial 10 finished with value: 0.5281101930844093 and parameters: {'layers': 14, 'max_depth': 1, 'C': 1975}. Best is trial 4 with value: 0.0782315194433571.
[I 2024-06-12 21:39:58,846] Trial 11 finished with value: 0.6715483529502092 and parameters: {'layers': 12, 'max_depth': 1, 'C': 1551}. Best is trial 4 with value: 0.0782315194433571.
[I 2024-06-12 21:56:02,237] Trial 12 finished with value: 0.09196115636184549 and parameters: {'layers': 13, 'max_depth': 2, 'C': 1504}. Best is trial 4 with value: 0.0782315194433571.
[I 2024-06-12 22:07:43,824] Trial 13 finished with value: 0.07827741705847369 and parameters: {'layers': 10, 'max_depth': 2, 'C': 350}. Best is trial 4 with value: 0.0782315194433571.
[I 2024-06-12 22:12:32,427] Trial 14 finished with value: 0.8762429350778059 and parameters: {'layers': 8, 'max_depth': 1, 'C': 296}. Best is trial 4 with value: 0.0782315194433571.
[I 2024-06-12 22:27:04,605] Trial 15 finished with value: 0.09034566374616586 and parameters: {'layers': 12, 'max_depth': 2, 'C': 502}. Best is trial 4 with value: 0.0782315194433571.
[I 2024-06-12 22:39:42,264] Trial 16 finished with value: 0.08010632983438638 and parameters: {'layers': 11, 'max_depth': 2, 'C': 10}. Best is trial 4 with value: 0.0782315194433571.
[I 2024-06-12 22:44:29,331] Trial 17 finished with value: 0.9752844289433026 and parameters: {'layers': 8, 'max_depth': 1, 'C': 1504}. Best is trial 4 with value: 0.0782315194433571.
[I 2024-06-12 22:59:48,116] Trial 18 finished with value: 0.08441235328160736 and parameters: {'layers': 14, 'max_depth': 2, 'C': 402}. Best is trial 4 with value: 0.0782315194433571.
[I 2024-06-12 23:13:43,662] Trial 19 finished with value: 0.08119464804932254 and parameters: {'layers': 11, 'max_depth': 2, 'C': 1752}. Best is trial 4 with value: 0.0782315194433571.
[I 2024-06-12 23:20:42,829] A new study created in memory with name: no-name-08e428fb-f5f4-4572-bdbf-4070f021ff8e
Boosted Forest UK y_9 0.08337655152012488 0.18533214604469517 2.7 22.1
[I 2024-06-12 23:26:27,294] Trial 0 finished with value: 1.7241129271848825 and parameters: {'layers': 9, 'max_depth': 1, 'C': 1796}. Best is trial 0 with value: 1.7241129271848825.
[I 2024-06-12 23:31:58,401] Trial 1 finished with value: 0.7059529530450536 and parameters: {'layers': 5, 'max_depth': 2, 'C': 1908}. Best is trial 1 with value: 0.7059529530450536.
[I 2024-06-12 23:43:17,715] Trial 2 finished with value: 0.9630997099057931 and parameters: {'layers': 15, 'max_depth': 1, 'C': 1564}. Best is trial 1 with value: 0.7059529530450536.
[I 2024-06-12 23:58:41,931] Trial 3 finished with value: 0.7239006859031099 and parameters: {'layers': 12, 'max_depth': 2, 'C': 1433}. Best is trial 1 with value: 0.7059529530450536.
[I 2024-06-13 00:14:37,809] Trial 4 finished with value: 0.6995395668557364 and parameters: {'layers': 15, 'max_depth': 2, 'C': 284}. Best is trial 4 with value: 0.6995395668557364.
[I 2024-06-13 00:23:27,221] Trial 5 finished with value: 1.1337759682266526 and parameters: {'layers': 13, 'max_depth': 1, 'C': 676}. Best is trial 4 with value: 0.6995395668557364.
[I 2024-06-13 00:29:29,834] Trial 6 finished with value: 1.6965873257081459 and parameters: {'layers': 9, 'max_depth': 1, 'C': 1747}. Best is trial 4 with value: 0.6995395668557364.
[I 2024-06-13 00:46:37,679] Trial 7 finished with value: 0.6042143469068045 and parameters: {'layers': 14, 'max_depth': 2, 'C': 1389}. Best is trial 7 with value: 0.6042143469068045.
[I 2024-06-13 01:06:04,975] Trial 8 finished with value: 0.6184803414326298 and parameters: {'layers': 14, 'max_depth': 2, 'C': 1342}. Best is trial 7 with value: 0.6042143469068045.
[I 2024-06-13 01:13:59,142] Trial 9 finished with value: 0.6165380462560824 and parameters: {'layers': 6, 'max_depth': 2, 'C': 1235}. Best is trial 7 with value: 0.6042143469068045.
[I 2024-06-13 01:29:37,570] Trial 10 finished with value: 0.615140309082717 and parameters: {'layers': 11, 'max_depth': 2, 'C': 862}. Best is trial 7 with value: 0.6042143469068045.
[I 2024-06-13 01:42:51,500] Trial 11 finished with value: 0.5474404617979739 and parameters: {'layers': 11, 'max_depth': 2, 'C': 851}. Best is trial 11 with value: 0.5474404617979739.
[I 2024-06-13 01:55:20,997] Trial 12 finished with value: 0.5958873977110839 and parameters: {'layers': 10, 'max_depth': 2, 'C': 562}. Best is trial 11 with value: 0.5474404617979739.
[I 2024-06-13 02:05:14,774] Trial 13 finished with value: 0.6095550967725009 and parameters: {'layers': 8, 'max_depth': 2, 'C': 433}. Best is trial 11 with value: 0.5474404617979739.
