[I 2024-06-07 02:47:57,274] Trial 3 finished with value: 0.3269533350816653 and parameters: {'layers': 8, 'max_depth': 1, 'C': 729}. Best is trial 1 with value: 0.28970186292664646.
Init:  [[11.25713386]
 [11.25713386]
 [11.25713386]
 [11.25713386]
 [11.25713386]]
val loss:  1.6355390083665098
val loss:  0.5599086219786131
val loss:  0.2645732841210527
val loss:  0.2038412541145112
val loss:  0.1501025372979875
val loss:  0.12127687491962297
val loss:  0.11345674678037629
val loss:  0.10868656205724232
val loss:  0.10687385627438692
val loss:  0.1060115231557596
val loss:  0.10573035845434993
val loss:  0.1050064241349805
val loss:  0.1045306747928291
val loss:  0.10409260846157545
val loss:  0.10359925743584521
Init:  [[9.94453543]
 [9.94453543]
 [9.94453543]
 [9.94453543]
 [9.94453543]]
val loss:  2.2601274120100814
val loss:  0.9422253600362211
val loss:  0.43013852361467775
val loss:  0.3791326859935583
val loss:  0.24896356490766286
val loss:  0.16774128210213288
val loss:  0.14023471853957273
val loss:  0.13100723799456235
val loss:  0.1264518553336781
val loss:  0.12385167800975845
val loss:  0.12232521772624134
val loss:  0.12112612534508742
val loss:  0.12036154261622899
val loss:  0.12001135312650488
val loss:  0.1196522431488414
Init:  [[10.24327559]
 [10.24327559]
 [10.24327559]
 [10.24327559]
 [10.24327559]]
val loss:  1.81600385394668
val loss:  0.9209690901796971
val loss:  0.3700520583344911
val loss:  0.2238596300799607
val loss:  0.17324290667124662
val loss:  0.1546991774433384
val loss:  0.1495643123865888
val loss:  0.14408084124689807
val loss:  0.14128385418951514
val loss:  0.13966261977856892
val loss:  0.1371231242960637
val loss:  0.13588013505574498
val loss:  0.13446457487013377
val loss:  0.13344256628128795
val loss:  0.13279875384635906
[I 2024-06-07 03:07:06,842] Trial 4 finished with value: 0.2998940915598705 and parameters: {'layers': 15, 'max_depth': 1, 'C': 31}. Best is trial 1 with value: 0.28970186292664646.
Init:  [[11.22737008]
 [11.22737008]
 [11.22737008]
 [11.22737008]
 [11.22737008]]
val loss:  0.19586316259340716
val loss:  0.10385058007007068
val loss:  0.09746296248095743
val loss:  0.1036780237767854
Init:  [[10.00749606]
 [10.00749606]
 [10.00749606]
 [10.00749606]
 [10.00749606]]
val loss:  0.19960334662562787
val loss:  0.1437303765547565
val loss:  0.13464835359018418
val loss:  0.13521968242135154
Init:  [[10.22771654]
 [10.22771654]
 [10.22771654]
 [10.22771654]
 [10.22771654]]
val loss:  0.18537074009804286
val loss:  0.1360452458862589
val loss:  0.12797226946969326
val loss:  0.12836510305799695
[I 2024-06-07 03:22:18,435] Trial 5 finished with value: 0.3089608974817955 and parameters: {'layers': 5, 'max_depth': 3, 'C': 499}. Best is trial 1 with value: 0.28970186292664646.
Init:  [[11.18680315]
 [11.18680315]
 [11.18680315]
 [11.18680315]
 [11.18680315]]
val loss:  1.606598270101704
val loss:  0.7768779151263654
val loss:  0.3233563685474352
val loss:  0.2629184132394281
val loss:  0.16829082434298706
val loss:  0.12486408155680001
val loss:  0.11176502294253447
val loss:  0.11000752071678896
val loss:  0.1096653962157096
val loss:  0.10933312725080835
val loss:  0.10896445549537227
val loss:  0.10856473594288343
Init:  [[10.07307087]
 [10.07307087]
 [10.07307087]
 [10.07307087]
 [10.07307087]]
val loss:  2.0726617596712797
val loss:  1.1049340783917576
val loss:  0.4395993013679881
val loss:  0.1762465332922935
val loss:  0.13809928172656782
val loss:  0.10444707454278551
val loss:  0.0956886092467594
val loss:  0.0939094056356649
val loss:  0.093251059341186
val loss:  0.09315459321787191
Init:  [[10.26122835]
 [10.26122835]
 [10.26122835]
 [10.26122835]
 [10.26122835]]
val loss:  1.530088709597602
val loss:  0.8407443742427098
val loss:  0.2833573734768916
val loss:  0.22637390848656613
val loss:  0.1736910413916966
val loss:  0.14670400964660502
val loss:  0.14168356626653222
val loss:  0.14031817692722837
val loss:  0.1393088839207566
val loss:  0.1383500250908473
val loss:  0.13765972444027272
val loss:  0.13735952212436517
[I 2024-06-07 03:36:26,403] Trial 6 finished with value: 0.30806615728414827 and parameters: {'layers': 12, 'max_depth': 1, 'C': 1539}. Best is trial 1 with value: 0.28970186292664646.
Init:  [[11.20837795]
 [11.20837795]
 [11.20837795]
 [11.20837795]
 [11.20837795]]
val loss:  0.2111280442177458
val loss:  0.13299658032890838
val loss:  0.13252274428825556
val loss:  0.1353410359853298
Init:  [[9.94229921]
 [9.94229921]
 [9.94229921]
 [9.94229921]
 [9.94229921]]
val loss:  0.2185500255761805
val loss:  0.1397220209774768
val loss:  0.1322665840893894
val loss:  0.13087382070647002
val loss:  0.13298105970402757
Init:  [[10.18601575]
 [10.18601575]
 [10.18601575]
 [10.18601575]
 [10.18601575]]
val loss:  0.18299063100805124
val loss:  0.11549339234296935
val loss:  0.11313308549735988
val loss:  0.11304586402439025
[I 2024-06-07 03:53:01,285] Trial 7 finished with value: 0.303340588203848 and parameters: {'layers': 7, 'max_depth': 3, 'C': 1244}. Best is trial 1 with value: 0.28970186292664646.
Init:  [[11.18689764]
 [11.18689764]
 [11.18689764]
 [11.18689764]
 [11.18689764]]
val loss:  0.17774237470948823
val loss:  0.10668416127733002
val loss:  0.10182998443838084
val loss:  0.10277891759953992
Init:  [[9.96651969]
 [9.96651969]
 [9.96651969]
 [9.96651969]
 [9.96651969]]
val loss:  0.20211868114352724
val loss:  0.13221805284784693
val loss:  0.13427085339489922
Init:  [[10.28330709]
 [10.28330709]
 [10.28330709]
 [10.28330709]
 [10.28330709]]
val loss:  0.18495423141614242
val loss:  0.14164255089352573
val loss:  0.1389881091263835
val loss:  0.13841311497068817
val loss:  0.13899137255634525
[I 2024-06-07 04:08:31,646] Trial 8 finished with value: 0.3125224284239762 and parameters: {'layers': 15, 'max_depth': 3, 'C': 1497}. Best is trial 1 with value: 0.28970186292664646.
Init:  [[11.27914961]
 [11.27914961]
 [11.27914961]
 [11.27914961]
 [11.27914961]]
val loss:  0.5533583685625676
val loss:  0.16451790043695178
val loss:  0.11572175576682539
val loss:  0.1168279207706302
Init:  [[9.95143307]
 [9.95143307]
 [9.95143307]
 [9.95143307]
 [9.95143307]]
val loss:  0.4845432827589268
val loss:  0.18761871626458276
val loss:  0.1026106131966442
val loss:  0.09637074511521364
val loss:  0.09669425601264915
Init:  [[10.24009449]
 [10.24009449]
 [10.24009449]
 [10.24009449]
 [10.24009449]]
val loss:  0.44488708755401396
val loss:  0.22672053230434977
val loss:  0.16481091500969658
val loss:  0.15858953592158004
val loss:  0.1551223077106757
val loss:  0.154055584724191
val loss:  0.152718917988339
val loss:  0.15254231290075934
val loss:  0.15216504556953397
val loss:  0.15231739149731932
[I 2024-06-07 04:25:49,723] Trial 9 finished with value: 0.28930049309597533 and parameters: {'layers': 12, 'max_depth': 2, 'C': 1686}. Best is trial 9 with value: 0.28930049309597533.
Init:  [[11.29099213]
 [11.29099213]
 [11.29099213]
 [11.29099213]
 [11.29099213]]
val loss:  0.7160387490748049
val loss:  0.2037458655804291
val loss:  0.13049992030775262
val loss:  0.12496679460963696
val loss:  0.12281917752258938
val loss:  0.12114092364971221
val loss:  0.12149284607664018
Init:  [[9.96645669]
 [9.96645669]
 [9.96645669]
 [9.96645669]
 [9.96645669]]
val loss:  0.6456899306203598
val loss:  0.17126851731217746
val loss:  0.12038621311097576
val loss:  0.11720906068243242
val loss:  0.11557223677275526
val loss:  0.11630230321679057
Init:  [[10.32837795]
 [10.32837795]
 [10.32837795]
 [10.32837795]
 [10.32837795]]
val loss:  0.5346492849351944
val loss:  0.18410494248124842
val loss:  0.12019845803171483
val loss:  0.11379773734200516
val loss:  0.11221456911328836
val loss:  0.11068471969683619
val loss:  0.11125877945722566
[I 2024-06-07 04:44:20,043] Trial 10 finished with value: 0.3058330261878839 and parameters: {'layers': 11, 'max_depth': 2, 'C': 1034}. Best is trial 9 with value: 0.28930049309597533.
Init:  [[11.2247874]
 [11.2247874]
 [11.2247874]
 [11.2247874]
 [11.2247874]]
val loss:  0.4205594857496163
val loss:  0.21225898044208216
val loss:  0.14218384172813595
val loss:  0.13831959751712386
val loss:  0.13898854021613352
Init:  [[10.05426772]
 [10.05426772]
 [10.05426772]
 [10.05426772]
 [10.05426772]]
val loss:  0.6150752215762809
val loss:  0.2312858753160388
val loss:  0.1354650592894137
val loss:  0.12879564991481923
val loss:  0.1295106566537934
Init:  [[10.27559055]
 [10.27559055]
 [10.27559055]
 [10.27559055]
 [10.27559055]]
val loss:  0.4696530735471066
val loss:  0.16716820763234308
val loss:  0.11288096335499458
val loss:  0.11060924575251997
val loss:  0.11246368946292154
[I 2024-06-07 04:57:56,923] Trial 11 finished with value: 0.29099917523428737 and parameters: {'layers': 10, 'max_depth': 2, 'C': 387}. Best is trial 9 with value: 0.28930049309597533.
Init:  [[11.21140157]
 [11.21140157]
 [11.21140157]
 [11.21140157]
 [11.21140157]]
val loss:  0.5331593476157118
val loss:  0.2201288329142876
val loss:  0.13638225651581082
val loss:  0.13071683289718392
val loss:  0.13195250389143992
Init:  [[9.93675591]
 [9.93675591]
 [9.93675591]
 [9.93675591]
 [9.93675591]]
val loss:  0.4565140493947702
val loss:  0.17650688407151943
val loss:  0.10760143695057516
val loss:  0.10537162806605993
val loss:  0.10394217380229144
val loss:  0.1040652505173983
Init:  [[10.28510236]
 [10.28510236]
 [10.28510236]
 [10.28510236]
 [10.28510236]]
val loss:  0.5743806477251243
val loss:  0.18806042725604646
val loss:  0.13116679152008484
val loss:  0.13256103648979137
[I 2024-06-07 05:11:57,315] Trial 12 finished with value: 0.2963787172493734 and parameters: {'layers': 10, 'max_depth': 2, 'C': 740}. Best is trial 9 with value: 0.28930049309597533.
Init:  [[11.31026772]
 [11.31026772]
 [11.31026772]
 [11.31026772]
 [11.31026772]]
val loss:  0.5948344645133309
val loss:  0.18512219797505813
val loss:  0.11064142053842316
val loss:  0.10490429224648275
val loss:  0.10399706879754866
val loss:  0.10426324457142958
Init:  [[10.00674016]
 [10.00674016]
 [10.00674016]
 [10.00674016]
 [10.00674016]]
val loss:  0.5443533877054937
val loss:  0.19715756852194588
val loss:  0.12183646750813862
val loss:  0.11643934508599979
val loss:  0.11633642595926594
val loss:  0.11692563937772073
Init:  [[10.19237795]
 [10.19237795]
 [10.19237795]
 [10.19237795]
 [10.19237795]]
val loss:  0.44359439383077226
val loss:  0.14173662273703647
val loss:  0.08601770794778463
val loss:  0.08598086019016096
[I 2024-06-07 05:26:31,474] Trial 13 finished with value: 0.29435334171797223 and parameters: {'layers': 13, 'max_depth': 2, 'C': 304}. Best is trial 9 with value: 0.28930049309597533.
Init:  [[11.20406299]
 [11.20406299]
 [11.20406299]
 [11.20406299]
 [11.20406299]]
val loss:  0.39342923456582257
val loss:  0.14184672007276902
val loss:  0.09955909591715938
val loss:  0.10293689305208524
Init:  [[9.98292913]
 [9.98292913]
 [9.98292913]
 [9.98292913]
 [9.98292913]]
val loss:  0.6198400578098225
val loss:  0.20033434811448297
val loss:  0.13373954341729097
val loss:  0.12815664892635842
val loss:  0.12692604784142367
val loss:  0.12792766986957038
Init:  [[10.25433071]
 [10.25433071]
 [10.25433071]
 [10.25433071]
 [10.25433071]]
val loss:  0.475266068401518
val loss:  0.18846554513008323
val loss:  0.1287394191485205
val loss:  0.1269217095450447
val loss:  0.12789878708058525
[I 2024-06-07 05:40:25,939] Trial 14 finished with value: 0.29635231294720127 and parameters: {'layers': 9, 'max_depth': 2, 'C': 917}. Best is trial 9 with value: 0.28930049309597533.
Init:  [[11.17187402]
 [11.17187402]
 [11.17187402]
 [11.17187402]
 [11.17187402]]
val loss:  1.8239661452690108
val loss:  0.8281844526102304
val loss:  0.3608999455286432
val loss:  0.2979821614416768
val loss:  0.19144654281662732
val loss:  0.12883925822905773
Init:  [[10.10831496]
 [10.10831496]
 [10.10831496]
 [10.10831496]
 [10.10831496]]
val loss:  2.3054448917643513
val loss:  0.8124602446217332
val loss:  0.38870497949338
val loss:  0.3204212437335988
val loss:  0.22587065397766518
val loss:  0.15655361270493218
Init:  [[10.27077165]
 [10.27077165]
 [10.27077165]
 [10.27077165]
 [10.27077165]]
val loss:  1.8239646706805537
val loss:  0.9960469899105944
val loss:  0.4885591075722795
val loss:  0.37534170351911117
val loss:  0.25582775878917774
val loss:  0.18256031757080876
[I 2024-06-07 05:47:45,413] Trial 15 finished with value: 0.38602597093152474 and parameters: {'layers': 6, 'max_depth': 1, 'C': 1478}. Best is trial 9 with value: 0.28930049309597533.
Init:  [[11.19618898]
 [11.19618898]
 [11.19618898]
 [11.19618898]
 [11.19618898]]
val loss:  0.4512686307662487
val loss:  0.20800560036014
val loss:  0.1308570661508481
val loss:  0.1264491939732829
val loss:  0.12368549152673333
val loss:  0.12412205335894129
Init:  [[10.02935433]
 [10.02935433]
 [10.02935433]
 [10.02935433]
 [10.02935433]]
val loss:  0.4540144981047479
val loss:  0.1916338476887935
val loss:  0.11176002483156719
val loss:  0.10503717376706287
val loss:  0.10354655433970684
val loss:  0.10334388488724651
val loss:  0.10284957258956727
val loss:  0.10317240182498158
Init:  [[10.27650394]
 [10.27650394]
 [10.27650394]
 [10.27650394]
 [10.27650394]]
val loss:  0.534020430441749
val loss:  0.21409416346787125
val loss:  0.14110062581897945
val loss:  0.13556352807018096
val loss:  0.13527502687116644
val loss:  0.13404377058407208
val loss:  0.1335751691037278
val loss:  0.13253537829946188
val loss:  0.13225980687649008
val loss:  0.13176041202465277
val loss:  0.1312583774103014
val loss:  0.13003189635327544
[I 2024-06-07 06:11:51,369] Trial 16 finished with value: 0.29777929142310683 and parameters: {'layers': 12, 'max_depth': 2, 'C': 26}. Best is trial 9 with value: 0.28930049309597533.
Init:  [[11.18903937]
 [11.18903937]
 [11.18903937]
 [11.18903937]
 [11.18903937]]
val loss:  1.8485629194262312
val loss:  1.0431066313875996
val loss:  0.43833601272217027
val loss:  0.3651334654805559
val loss:  0.22723140454341323
val loss:  0.14850763375901663
val loss:  0.122043937739687
val loss:  0.11140779716364008
val loss:  0.10624494321273294
Init:  [[9.94850394]
 [9.94850394]
 [9.94850394]
 [9.94850394]
 [9.94850394]]
val loss:  1.9945131823394133
val loss:  1.124211813415884
val loss:  0.4097207347746878
val loss:  0.36836663761066474
val loss:  0.2340764539939199
val loss:  0.16184235623786147
val loss:  0.13544123851974543
val loss:  0.12508790554693563
val loss:  0.12175787677462181
Init:  [[10.25269291]
 [10.25269291]
 [10.25269291]
 [10.25269291]
 [10.25269291]]
val loss:  1.7193732806244546
val loss:  0.8458486997660553
val loss:  0.43695686759698316
val loss:  0.26506754753850376
val loss:  0.17278436078807877
val loss:  0.14119313806223005
val loss:  0.13291968249546218
val loss:  0.12863940645118252
val loss:  0.1262216842183353
[I 2024-06-07 06:22:52,381] Trial 17 finished with value: 0.32237578793108596 and parameters: {'layers': 9, 'max_depth': 1, 'C': 1178}. Best is trial 9 with value: 0.28930049309597533.
Init:  [[11.19033071]
 [11.19033071]
 [11.19033071]
 [11.19033071]
 [11.19033071]]
val loss:  0.19448129603121006
val loss:  0.12282961224685408
val loss:  0.1115661414106009
val loss:  0.11362714797448246
Init:  [[9.96125984]
 [9.96125984]
 [9.96125984]
 [9.96125984]
 [9.96125984]]
val loss:  0.22573411256539194
val loss:  0.171413653514221
val loss:  0.15524226240306227
val loss:  0.15534494649555683
Init:  [[10.2647874]
 [10.2647874]
 [10.2647874]
 [10.2647874]
 [10.2647874]]
val loss:  0.18365062810525623
val loss:  0.12900004617535807
val loss:  0.12423548540872827
val loss:  0.12441822895065682
[I 2024-06-07 06:38:01,938] Trial 18 finished with value: 0.30830445454361066 and parameters: {'layers': 7, 'max_depth': 3, 'C': 624}. Best is trial 9 with value: 0.28930049309597533.
Init:  [[11.20050394]
 [11.20050394]
 [11.20050394]
 [11.20050394]
 [11.20050394]]
val loss:  0.6749824482915662
val loss:  0.22906033080468877
val loss:  0.14937748601193124
val loss:  0.13625866761299715
val loss:  0.13165630150182048
val loss:  0.12924338317301137
val loss:  0.12638381195639548
val loss:  0.12714834603940153
Init:  [[10.00538583]
 [10.00538583]
 [10.00538583]
 [10.00538583]
 [10.00538583]]
val loss:  0.5917674493667853
val loss:  0.2670354255629558
val loss:  0.15560196198471066
val loss:  0.14696795368967355
val loss:  0.14343399839661614
val loss:  0.1429854192074105
val loss:  0.1430008951161388
Init:  [[10.19477165]
 [10.19477165]
 [10.19477165]
 [10.19477165]
 [10.19477165]]
val loss:  0.4827588921966109
val loss:  0.22589979352709946
val loss:  0.15010788998961724
val loss:  0.14576326054890912
val loss:  0.14610905509097719
[I 2024-06-07 06:56:37,859] Trial 19 finished with value: 0.3080175259003108 and parameters: {'layers': 14, 'max_depth': 2, 'C': 1633}. Best is trial 9 with value: 0.28930049309597533.
Init:  [[10.50241495]
 [10.50241495]
 [10.50241495]
 [10.50241495]
 [10.50241495]]
val loss:  0.4686945986219588
val loss:  0.18968647045698006
val loss:  0.11857191468308684
val loss:  0.11138746273149307
val loss:  0.11279418273095111
[I 2024-06-07 07:03:15,259] A new study created in memory with name: no-name-c537cd8a-83d2-4370-b626-80f1dd01f6eb
Boosted Forest Reynolds y_4 0.29814285176820615 0.3338661725443367 -7.3 24.9