[I 2024-06-06 21:23:37,243] Trial 2 finished with value: 0.9302600168097133 and parameters: {'layers': 7, 'max_depth': 3, 'C': 832}. Best is trial 1 with value: 0.9083793894659827.
Init:  [[11.10128205]
 [11.10128205]
 [11.10128205]
 [11.10128205]
 [11.10128205]]
val loss:  0.5290984856693287
val loss:  0.487813158585277
val loss:  0.48827143005290335
Init:  [[12.38910256]
 [12.38910256]
 [12.38910256]
 [12.38910256]
 [12.38910256]]
val loss:  0.48771516173587537
val loss:  0.46258608605273493
val loss:  0.4802503691531424
Init:  [[11.87588523]
 [11.87588523]
 [11.87588523]
 [11.87588523]
 [11.87588523]]
val loss:  0.4442062278610877
val loss:  0.38958443663587083
val loss:  0.39877764640634134
[I 2024-06-06 21:35:25,070] Trial 3 finished with value: 0.923022620643367 and parameters: {'layers': 7, 'max_depth': 3, 'C': 225}. Best is trial 1 with value: 0.9083793894659827.
Init:  [[11.24603175]
 [11.24603175]
 [11.24603175]
 [11.24603175]
 [11.24603175]]
val loss:  0.48746930284100354
val loss:  0.439855086898759
val loss:  0.4433875916568166
Init:  [[12.32319902]
 [12.32319902]
 [12.32319902]
 [12.32319902]
 [12.32319902]]
val loss:  0.4202248121378063
val loss:  0.41311265321820095
val loss:  0.4197818904566343
Init:  [[11.7747558]
 [11.7747558]
 [11.7747558]
 [11.7747558]
 [11.7747558]]
val loss:  0.5496254075685656
val loss:  0.5109064454657639
val loss:  0.514521607867927
[I 2024-06-06 21:47:20,984] Trial 4 finished with value: 0.9317283613563531 and parameters: {'layers': 8, 'max_depth': 3, 'C': 505}. Best is trial 1 with value: 0.9083793894659827.
Init:  [[11.0960928]
 [11.0960928]
 [11.0960928]
 [11.0960928]
 [11.0960928]]
val loss:  3.0871242189722365
val loss:  1.6136486122613605
val loss:  0.785225441571088
val loss:  0.6313232813880575
val loss:  0.5098132190642268
val loss:  0.44183823314703796
val loss:  0.42234318343396193
val loss:  0.41432057168034175
val loss:  0.4094137470597746
val loss:  0.40791868575247453
val loss:  0.4063428454663672
Init:  [[12.39920635]
 [12.39920635]
 [12.39920635]
 [12.39920635]
 [12.39920635]]
val loss:  3.1271255575361034
val loss:  1.5997909694165804
val loss:  0.7142212202313017
val loss:  0.5622366765416779
val loss:  0.4752084448433612
val loss:  0.43721740505694767
val loss:  0.4310306008047351
val loss:  0.4309632195501068
Init:  [[11.82420635]
 [11.82420635]
 [11.82420635]
 [11.82420635]
 [11.82420635]]
val loss:  3.3227577049700723
val loss:  1.7435337558438169
val loss:  0.8388671157699835
val loss:  0.6699241431552649
val loss:  0.5068161476977409
val loss:  0.41716010812494664
val loss:  0.3844993012894253
val loss:  0.37512958835871585
val loss:  0.3726318903534537
val loss:  0.3705453550324584
val loss:  0.3703524198230349
[I 2024-06-06 22:00:24,946] Trial 5 finished with value: 0.9247227519736447 and parameters: {'layers': 11, 'max_depth': 1, 'C': 1959}. Best is trial 1 with value: 0.9083793894659827.
Init:  [[11.12277167]
 [11.12277167]
 [11.12277167]
 [11.12277167]
 [11.12277167]]
val loss:  0.5136811739016816
val loss:  0.4791711798772252
val loss:  0.4838794495678423
Init:  [[12.48800366]
 [12.48800366]
 [12.48800366]
 [12.48800366]
 [12.48800366]]
val loss:  0.34420298194381194
val loss:  0.33000775697541046
val loss:  0.3388666795301052
Init:  [[11.7530525]
 [11.7530525]
 [11.7530525]
 [11.7530525]
 [11.7530525]]
val loss:  0.42404382527174417
val loss:  0.39256889368377507
val loss:  0.3940555206616517
[I 2024-06-06 22:12:03,538] Trial 6 finished with value: 0.9178545521033149 and parameters: {'layers': 6, 'max_depth': 3, 'C': 666}. Best is trial 1 with value: 0.9083793894659827.
Init:  [[11.18537851]
 [11.18537851]
 [11.18537851]
 [11.18537851]
 [11.18537851]]
val loss:  0.8032777057009736
val loss:  0.5025313585119945
val loss:  0.45275798581522225
val loss:  0.4489578751549633
val loss:  0.45518870246534116
Init:  [[12.47493895]
 [12.47493895]
 [12.47493895]
 [12.47493895]
 [12.47493895]]
val loss:  0.860899556786963
val loss:  0.5922768258383443
val loss:  0.5485632946758765
val loss:  0.5438206517641129
val loss:  0.5436792380139958
val loss:  0.5390095469372151
Init:  [[11.87579365]
 [11.87579365]
 [11.87579365]
 [11.87579365]
 [11.87579365]]
val loss:  0.8887264094999668
val loss:  0.5134090321571642
val loss:  0.4253995605098531
val loss:  0.41801454626084306
val loss:  0.41357138928684595
val loss:  0.41554730327666073
[I 2024-06-06 22:28:11,573] Trial 7 finished with value: 0.9159476917223 and parameters: {'layers': 6, 'max_depth': 2, 'C': 776}. Best is trial 1 with value: 0.9083793894659827.
Init:  [[11.1956044]
 [11.1956044]
 [11.1956044]
 [11.1956044]
 [11.1956044]]
val loss:  0.7895923264127374
val loss:  0.688234722491681
val loss:  0.6645268407463396
val loss:  0.6739750981533631
Init:  [[12.41565934]
 [12.41565934]
 [12.41565934]
 [12.41565934]
 [12.41565934]]
val loss:  0.4422302332308152
val loss:  0.4291240241158328
val loss:  0.430026988541151
Init:  [[11.75067155]
 [11.75067155]
 [11.75067155]
 [11.75067155]
 [11.75067155]]
val loss:  0.44358628737257155
val loss:  0.4328090797697983
val loss:  0.45882842232434734
[I 2024-06-06 22:41:19,415] Trial 8 finished with value: 0.9226157704741927 and parameters: {'layers': 9, 'max_depth': 3, 'C': 1878}. Best is trial 1 with value: 0.9083793894659827.
Init:  [[11.16144689]
 [11.16144689]
 [11.16144689]
 [11.16144689]
 [11.16144689]]
val loss:  3.0069207719288924
val loss:  1.7358034833506484
val loss:  0.8984759675277206
val loss:  0.7565082004829711
val loss:  0.6389424342947387
val loss:  0.578270359036191
val loss:  0.5612493756579464
val loss:  0.556365879575253
val loss:  0.5546567678379365
val loss:  0.5530406211147271
val loss:  0.5534426699799828
Init:  [[12.55543346]
 [12.55543346]
 [12.55543346]
 [12.55543346]
 [12.55543346]]
val loss:  3.3729799921385757
val loss:  1.5795107406285098
val loss:  0.6744503253973115
val loss:  0.5039933163292178
val loss:  0.4266461957797105
val loss:  0.39444981368684584
val loss:  0.3843641675145988
val loss:  0.38206411341986296
val loss:  0.381197226502161
val loss:  0.38046997036719926
val loss:  0.3799367494863766
val loss:  0.3792885632133491
Init:  [[11.85573871]
 [11.85573871]
 [11.85573871]
 [11.85573871]
 [11.85573871]]
val loss:  3.0707135390503675
val loss:  1.4751403455231031
val loss:  0.7898215990224399
val loss:  0.676720270345164
val loss:  0.5864351974625149
val loss:  0.5438048457670557
val loss:  0.5289951412881253
val loss:  0.525385166806197
val loss:  0.525499655352335
[I 2024-06-06 22:55:23,417] Trial 9 finished with value: 0.9231437682329408 and parameters: {'layers': 12, 'max_depth': 1, 'C': 1780}. Best is trial 1 with value: 0.9083793894659827.
Init:  [[11.05695971]
 [11.05695971]
 [11.05695971]
 [11.05695971]
 [11.05695971]]
val loss:  0.8605933965254823
val loss:  0.5194016135959224
val loss:  0.4454384355401275
val loss:  0.4414928822038979
val loss:  0.4454680413289283
Init:  [[12.41184371]
 [12.41184371]
 [12.41184371]
 [12.41184371]
 [12.41184371]]
val loss:  0.6976130022128163
val loss:  0.4491200636185464
val loss:  0.36723977391285867
val loss:  0.3597137857265092
val loss:  0.3639148105218605
Init:  [[11.77359585]
 [11.77359585]
 [11.77359585]
 [11.77359585]
 [11.77359585]]
val loss:  0.7821372345380668
val loss:  0.5674965341749805
val loss:  0.4917046560158722
val loss:  0.48466807835179093
val loss:  0.4783074490299119
val loss:  0.4773988090517947
val loss:  0.4771518153513942
val loss:  0.4818087021883977
[I 2024-06-06 23:12:23,717] Trial 10 finished with value: 0.9163198302095802 and parameters: {'layers': 15, 'max_depth': 2, 'C': 1231}. Best is trial 1 with value: 0.9083793894659827.
Init:  [[11.10637973]
 [11.10637973]
 [11.10637973]
 [11.10637973]
 [11.10637973]]
val loss:  3.333622201231847
val loss:  1.567496339835057
val loss:  0.8603684079799747
val loss:  0.7102764645347155
val loss:  0.5650076549156423
val loss:  0.4652714432890895
val loss:  0.430662742696492
val loss:  0.4183256338382594
val loss:  0.4136345223370502
val loss:  0.4125952584931421
val loss:  0.4115603028605874
val loss:  0.4112639356285163
val loss:  0.41165962082997887
Init:  [[12.46294261]
 [12.46294261]
 [12.46294261]
 [12.46294261]
 [12.46294261]]
val loss:  3.106037165480442
val loss:  1.5831819405126166
val loss:  0.7618825116646428
val loss:  0.5859666413180953
val loss:  0.4880692744289165
val loss:  0.43497279526813987
val loss:  0.4243530174829142
val loss:  0.42249152105923515
val loss:  0.423075143627827
Init:  [[11.83904151]
 [11.83904151]
 [11.83904151]
 [11.83904151]
 [11.83904151]]
val loss:  3.353664632490468
val loss:  1.6928333303553582
val loss:  0.7492196535484098
val loss:  0.5962798881658917
val loss:  0.48820167175379053
val loss:  0.4389311581356527
val loss:  0.425112146569703
val loss:  0.42203080334777493
val loss:  0.4208449340483689
val loss:  0.41972495110555935
val loss:  0.41885374539710757
val loss:  0.4179199213329994
val loss:  0.41830085973485026
[I 2024-06-06 23:27:48,759] Trial 11 finished with value: 0.9149224447214834 and parameters: {'layers': 13, 'max_depth': 1, 'C': 1311}. Best is trial 1 with value: 0.9083793894659827.
Init:  [[11.07493895]
 [11.07493895]
 [11.07493895]
 [11.07493895]
 [11.07493895]]
val loss:  1.2377378883930026
val loss:  0.5697453262352321
val loss:  0.46529087311661216
val loss:  0.4450934258926466
val loss:  0.44624000350789056
Init:  [[12.43278388]
 [12.43278388]
 [12.43278388]
 [12.43278388]
 [12.43278388]]
val loss:  0.7207656886133239
val loss:  0.43319070802788007
val loss:  0.36017128678348637
val loss:  0.357246109672722
val loss:  0.3571078597766185
val loss:  0.35892574261088717
Init:  [[11.80579976]
 [11.80579976]
 [11.80579976]
 [11.80579976]
 [11.80579976]]
val loss:  0.8258992446437922
val loss:  0.5396787341751944
val loss:  0.44453364401279033
val loss:  0.45421107977248915
[I 2024-06-06 23:42:26,588] Trial 12 finished with value: 0.9297862828640958 and parameters: {'layers': 14, 'max_depth': 2, 'C': 1205}. Best is trial 1 with value: 0.9083793894659827.
Init:  [[11.18623321]
 [11.18623321]
 [11.18623321]
 [11.18623321]
 [11.18623321]]
val loss:  2.9007453168380897
val loss:  1.9395195417162947
val loss:  0.9970595987846728
val loss:  0.8448969554754485
val loss:  0.7102239663912047
val loss:  0.6165705867447915
val loss:  0.5882823636515663
val loss:  0.5807806770488517
val loss:  0.5769168587155077
val loss:  0.5743053976820303
Init:  [[12.33073871]
 [12.33073871]
 [12.33073871]
 [12.33073871]
 [12.33073871]]
val loss:  3.146503447879605
val loss:  1.7047117615279188
val loss:  0.7178929788086291
val loss:  0.55052375336238
val loss:  0.4617396127570044
val loss:  0.41711145024281815
val loss:  0.4096338794138472
val loss:  0.40756688142003034
val loss:  0.4055980078189198
val loss:  0.4063500842154851
Init:  [[11.8270757]
 [11.8270757]
 [11.8270757]
 [11.8270757]
 [11.8270757]]
val loss:  3.546001483415027
val loss:  1.7695534457589857
val loss:  0.8370673598072657
val loss:  0.6875263327461477
val loss:  0.5526671863470165
val loss:  0.4772636195689272
val loss:  0.45725758598151833
val loss:  0.45311266686763774
val loss:  0.45115021500170277
val loss:  0.4513938729782179
[I 2024-06-06 23:55:37,109] Trial 13 finished with value: 0.9162868170834804 and parameters: {'layers': 10, 'max_depth': 1, 'C': 1610}. Best is trial 1 with value: 0.9083793894659827.
Init:  [[11.11016484]
 [11.11016484]
 [11.11016484]
 [11.11016484]
 [11.11016484]]
val loss:  0.9670504612519865
val loss:  0.5564888877765988
val loss:  0.5118203532863748
val loss:  0.5134704986438456
Init:  [[12.39532967]
 [12.39532967]
 [12.39532967]
 [12.39532967]
 [12.39532967]]
val loss:  0.776896527034762
val loss:  0.5320292318788056
val loss:  0.4612717653929947
val loss:  0.4545270424240286
val loss:  0.451516955015993
val loss:  0.4488688925390145
val loss:  0.44484203636285946
val loss:  0.4470700371479328
Init:  [[11.7790293]
 [11.7790293]
 [11.7790293]
 [11.7790293]
 [11.7790293]]
val loss:  0.8217005614639942
val loss:  0.5654133750147042
val loss:  0.499295330205952
val loss:  0.48803630726179265
val loss:  0.486524129196116
val loss:  0.4890398482093537
[I 2024-06-07 00:12:39,702] Trial 14 finished with value: 0.904952244029952 and parameters: {'layers': 11, 'max_depth': 2, 'C': 1471}. Best is trial 14 with value: 0.904952244029952.
Init:  [[11.10998168]
 [11.10998168]
 [11.10998168]
 [11.10998168]
 [11.10998168]]
val loss:  0.9656822416380035
val loss:  0.5514441302362346
val loss:  0.4691776147095733
val loss:  0.45682282902949867
val loss:  0.4532852338496449
val loss:  0.4566427993257889
Init:  [[12.40482295]
 [12.40482295]
 [12.40482295]
 [12.40482295]
 [12.40482295]]
val loss:  0.7494707086928736
val loss:  0.5207908022623521
val loss:  0.454898170594922
val loss:  0.45736162444070105
Init:  [[11.91364469]
 [11.91364469]
 [11.91364469]
 [11.91364469]
 [11.91364469]]
val loss:  0.8776880769061697
val loss:  0.5296198719170102
val loss:  0.42928295102680997
val loss:  0.4185495012285201
val loss:  0.421178123553594
[I 2024-06-07 00:26:50,112] Trial 15 finished with value: 0.9177048699567343 and parameters: {'layers': 10, 'max_depth': 2, 'C': 1008}. Best is trial 14 with value: 0.904952244029952.
Init:  [[11.21187424]
 [11.21187424]
 [11.21187424]
 [11.21187424]
 [11.21187424]]
val loss:  0.8941571135699874
val loss:  0.549105812399333
val loss:  0.48110581069659786
val loss:  0.477821406582551
val loss:  0.47750631918930864
val loss:  0.4829125347046634
Init:  [[12.39496337]
 [12.39496337]
 [12.39496337]
 [12.39496337]
 [12.39496337]]
val loss:  0.6820780188156712
val loss:  0.47838646946274166
val loss:  0.38764681674864876
val loss:  0.38656608731846526
val loss:  0.38598294928820875
val loss:  0.3904748015472989
Init:  [[11.74386447]
 [11.74386447]
 [11.74386447]
 [11.74386447]
 [11.74386447]]
val loss:  0.7667518616198746
val loss:  0.5163178212363034
val loss:  0.39016035543522964
val loss:  0.3752441706691116
val loss:  0.37702530192006073
[I 2024-06-07 00:42:49,042] Trial 16 finished with value: 0.9102355204185663 and parameters: {'layers': 11, 'max_depth': 2, 'C': 70}. Best is trial 14 with value: 0.904952244029952.
Init:  [[11.20964591]
 [11.20964591]
 [11.20964591]
 [11.20964591]
 [11.20964591]]
val loss:  0.9802283952248786
val loss:  0.5331166112282666
val loss:  0.4230066322977306
val loss:  0.40438040830387323
val loss:  0.40576165669606695
Init:  [[12.49184982]
 [12.49184982]
 [12.49184982]
 [12.49184982]
 [12.49184982]]
val loss:  0.6719343278131935
val loss:  0.4380934965772786
val loss:  0.388876905235036
val loss:  0.3938486433870055
Init:  [[11.78788156]
 [11.78788156]
 [11.78788156]
 [11.78788156]
 [11.78788156]]
val loss:  0.800704821948657
val loss:  0.555940495834275
val loss:  0.47337013583798543
val loss:  0.46543299421672213
val loss:  0.4654365392467566
[I 2024-06-07 00:56:04,538] Trial 17 finished with value: 0.9228768126718437 and parameters: {'layers': 9, 'max_depth': 2, 'C': 1012}. Best is trial 14 with value: 0.904952244029952.
Init:  [[11.13885836]
 [11.13885836]
 [11.13885836]
 [11.13885836]
 [11.13885836]]
val loss:  0.9617560612001146
val loss:  0.6440366848277078
val loss:  0.5818304274105293
val loss:  0.5712603964533728
val loss:  0.5753910701981648
Init:  [[12.41138584]
 [12.41138584]
 [12.41138584]
 [12.41138584]
 [12.41138584]]
val loss:  0.7371894675929302
val loss:  0.49138388647142445
val loss:  0.41904761037660354
val loss:  0.4184769458906636
val loss:  0.41543325605071507
val loss:  0.4145724286844468
val loss:  0.4130948135496951
val loss:  0.41464545017700594
Init:  [[11.87429792]
 [11.87429792]
 [11.87429792]
 [11.87429792]
 [11.87429792]]
val loss:  0.6968938704603651
val loss:  0.5174265381309784
val loss:  0.47021090207367705
val loss:  0.46945541079468195
val loss:  0.4699055160304798
[I 2024-06-07 01:13:15,662] Trial 18 finished with value: 0.9177019200725517 and parameters: {'layers': 12, 'max_depth': 2, 'C': 1462}. Best is trial 14 with value: 0.904952244029952.
Init:  [[11.1253663]
 [11.1253663]
 [11.1253663]
 [11.1253663]
 [11.1253663]]
val loss:  0.9347746872456555
val loss:  0.5370999511466238
val loss:  0.4518262028942555
val loss:  0.44379812982244865
val loss:  0.4464028370388431
Init:  [[12.51440781]
 [12.51440781]
 [12.51440781]
 [12.51440781]
 [12.51440781]]
val loss:  0.797414055536133
val loss:  0.5088300850289978
val loss:  0.43493219929846727
val loss:  0.4302657078542597
val loss:  0.43361406811033026
Init:  [[11.79111722]
 [11.79111722]
 [11.79111722]
 [11.79111722]
 [11.79111722]]
val loss:  0.7584975103429938
val loss:  0.5150884220183076
val loss:  0.4408434071164386
val loss:  0.43512149305184566
val loss:  0.43636259653170106
[I 2024-06-07 01:27:37,331] Trial 19 finished with value: 0.900292671532919 and parameters: {'layers': 9, 'max_depth': 2, 'C': 406}. Best is trial 19 with value: 0.900292671532919.
Init:  [[11.81204721]
 [11.81204721]
 [11.81204721]
 [11.81204721]
 [11.81204721]]
val loss:  1.0601828711055996
val loss:  0.5957112018323912
val loss:  0.47607955607027075
val loss:  0.45585639485589974
val loss:  0.45179176106058827
val loss:  0.4493885847297822
val loss:  0.4470687029703984
val loss:  0.4490286081532157
[I 2024-06-07 01:39:11,366] A new study created in memory with name: no-name-e935a28e-9680-48b9-9bf7-d8cc4a31b2f0
Boosted Forest Reynolds y_3 0.9749196766558795 0.659312267159743 -8.6 31.5
Init:  [[11.21026772]
 [11.21026772]
 [11.21026772]
 [11.21026772]
 [11.21026772]]
val loss:  0.6803845808763901
val loss:  0.24673884250003034
val loss:  0.16482507300291738
val loss:  0.15396309106355785
val loss:  0.1477836456958975
val loss:  0.14577101702344744
val loss:  0.14712677158887297
Init:  [[9.99927559]
 [9.99927559]
 [9.99927559]
 [9.99927559]
 [9.99927559]]
val loss:  0.5618617655170588
val loss:  0.21695478088172154
val loss:  0.12126564331547052
val loss:  0.11345576162846986
val loss:  0.11262382368719163
val loss:  0.11200281861379512
val loss:  0.11152541408286697
val loss:  0.11107498489437377
val loss:  0.1113024957445623
Init:  [[10.2872126]
 [10.2872126]
 [10.2872126]
 [10.2872126]
 [10.2872126]]
val loss:  0.4158839335370056
val loss:  0.20797552805749062
val loss:  0.1173645646330761
val loss:  0.11180085206078992
val loss:  0.10887800574976476
val loss:  0.10561516432854333
val loss:  0.10671322622695276
[I 2024-06-07 02:00:56,882] Trial 0 finished with value: 0.301619952930628 and parameters: {'layers': 13, 'max_depth': 2, 'C': 1840}. Best is trial 0 with value: 0.301619952930628.
Init:  [[11.24144882]
 [11.24144882]
 [11.24144882]
 [11.24144882]
 [11.24144882]]
val loss:  0.47475770025556047
val loss:  0.1806407864033913
val loss:  0.11404997156074691
val loss:  0.10989279147716997
val loss:  0.10985198361216747
Init:  [[10.02894488]
 [10.02894488]
 [10.02894488]
 [10.02894488]
 [10.02894488]]
val loss:  0.7340454042365228
val loss:  0.19290009654180987
val loss:  0.11913817551184055
val loss:  0.10497354831336687
val loss:  0.10178109760818965
val loss:  0.10215049267894037
Init:  [[10.31398425]
 [10.31398425]
 [10.31398425]
 [10.31398425]
 [10.31398425]]
val loss:  0.549796498479494
val loss:  0.20458563622403234
val loss:  0.12344035967309148
val loss:  0.1172869655247104
val loss:  0.11643415458589454
val loss:  0.11179803358861218
val loss:  0.11159354565157846
val loss:  0.1100225950910271
[I 2024-06-07 02:18:51,801] Trial 1 finished with value: 0.28970186292664646 and parameters: {'layers': 8, 'max_depth': 2, 'C': 500}. Best is trial 1 with value: 0.28970186292664646.
Init:  [[11.22107087]
 [11.22107087]
 [11.22107087]
 [11.22107087]
 [11.22107087]]
val loss:  0.19023141246618328
val loss:  0.11917977978579027
val loss:  0.1127786730399912
val loss:  0.11278188237165443
Init:  [[10.12100787]
 [10.12100787]
 [10.12100787]
 [10.12100787]
 [10.12100787]]
val loss:  0.2827569408956268
val loss:  0.17186207051141847
val loss:  0.16412722443749414
val loss:  0.1611213080272592
val loss:  0.1588727640848468
val loss:  0.1574276434312428
val loss:  0.1575455520362545
Init:  [[10.25908661]
 [10.25908661]
 [10.25908661]
 [10.25908661]
 [10.25908661]]
val loss:  0.1745375087930973
val loss:  0.11367562753892345
val loss:  0.11067528634172025
val loss:  0.11182247614528358
[I 2024-06-07 02:38:04,914] Trial 2 finished with value: 0.3100760284634618 and parameters: {'layers': 8, 'max_depth': 3, 'C': 1872}. Best is trial 1 with value: 0.28970186292664646.
Init:  [[11.14818898]
 [11.14818898]
 [11.14818898]
 [11.14818898]
 [11.14818898]]
val loss:  1.6464425569283223
val loss:  0.8358916523459997
val loss:  0.3546618395555787
val loss:  0.29885513923435614
val loss:  0.1902237782172321
val loss:  0.12684339955859478
val loss:  0.11094767880810964
val loss:  0.10338702223249906
Init:  [[10.07691339]
 [10.07691339]
 [10.07691339]
 [10.07691339]
 [10.07691339]]
val loss:  1.6646613183064694
val loss:  0.9442622956713549
val loss:  0.38638836512079827
val loss:  0.32661340966441105
val loss:  0.20417714706676382
val loss:  0.1385214400881025
val loss:  0.1203623266422094
val loss:  0.11540424486743657
Init:  [[10.28255118]
 [10.28255118]
 [10.28255118]
 [10.28255118]
 [10.28255118]]
val loss:  1.8823223020216253
val loss:  0.9754524085408317
val loss:  0.4047515487628661
val loss:  0.3358668308269708
val loss:  0.2477571222631367
val loss:  0.1940927148978593
val loss:  0.17024771066531472
val loss:  0.15891613089930345
