[I 2024-06-06 17:55:41,288] Trial 0 finished with value: 4.640650207704081 and parameters: {'layers': 12, 'max_depth': 3, 'C': 1564}. Best is trial 0 with value: 4.640650207704081.
Init:  [[14.6248963]
 [14.6248963]
 [14.6248963]
 [14.6248963]
 [14.6248963]]
val loss:  6.573248264055066
val loss:  4.415338049956427
val loss:  3.269573721117952
val loss:  2.9011954575507035
val loss:  2.769611515939529
val loss:  2.7345206490666105
val loss:  2.709536770631956
val loss:  2.695399786844165
val loss:  2.6831245941721416
val loss:  2.6724556217180546
Init:  [[13.97595556]
 [13.97595556]
 [13.97595556]
 [13.97595556]
 [13.97595556]]
val loss:  4.756404967195092
val loss:  3.109881214126862
val loss:  2.0856744875541997
val loss:  1.7287322781631818
val loss:  1.5410613090023138
val loss:  1.4823104946199308
val loss:  1.4572095306715191
val loss:  1.4591032159797044
Init:  [[14.5555827]
 [14.5555827]
 [14.5555827]
 [14.5555827]
 [14.5555827]]
val loss:  5.871186461439307
val loss:  3.8308557317523917
val loss:  2.5089050446703967
val loss:  2.303409160012263
val loss:  2.226194972838467
val loss:  2.218817411011177
val loss:  2.2005235317912875
val loss:  2.199992771055223
val loss:  2.1929785429853204
val loss:  2.191124304250039
[I 2024-06-06 18:04:39,527] Trial 1 finished with value: 4.461889236417226 and parameters: {'layers': 10, 'max_depth': 1, 'C': 1861}. Best is trial 1 with value: 4.461889236417226.
Init:  [[14.74396296]
 [14.74396296]
 [14.74396296]
 [14.74396296]
 [14.74396296]]
val loss:  2.642437763948284
val loss:  1.9027378879878134
val loss:  1.8020202572037771
val loss:  1.790571748898708
val loss:  1.8152621167241323
Init:  [[13.70124444]
 [13.70124444]
 [13.70124444]
 [13.70124444]
 [13.70124444]]
val loss:  3.0716825616217998
val loss:  2.576728433609639
val loss:  2.500381337081272
val loss:  2.5331728667971243
Init:  [[14.71466756]
 [14.71466756]
 [14.71466756]
 [14.71466756]
 [14.71466756]]
val loss:  2.9392956451426486
val loss:  2.748760632039661
val loss:  2.7324436066237068
val loss:  2.7320346311051633
val loss:  2.7227034169274638
val loss:  2.744370730358646
[I 2024-06-06 18:19:41,739] Trial 2 finished with value: 4.536202549704026 and parameters: {'layers': 7, 'max_depth': 2, 'C': 232}. Best is trial 1 with value: 4.461889236417226.
Init:  [[14.73618148]
 [14.73618148]
 [14.73618148]
 [14.73618148]
 [14.73618148]]
val loss:  5.044050218409896
val loss:  3.625477705465615
val loss:  2.507607143516478
val loss:  2.259549720472168
val loss:  2.1640275020509168
Init:  [[14.00644444]
 [14.00644444]
 [14.00644444]
 [14.00644444]
 [14.00644444]]
val loss:  5.3642049835825665
val loss:  3.960675793218863
val loss:  3.149698385759757
val loss:  2.8704425462846723
val loss:  2.6777629348138445
Init:  [[14.5712202]
 [14.5712202]
 [14.5712202]
 [14.5712202]
 [14.5712202]]
val loss:  4.937109868102144
val loss:  3.391301708878578
val loss:  2.3304199553328173
val loss:  2.120015486067314
val loss:  2.104939272233309
[I 2024-06-06 18:24:29,843] Trial 3 finished with value: 4.5352296695133045 and parameters: {'layers': 5, 'max_depth': 1, 'C': 220}. Best is trial 1 with value: 4.461889236417226.
Init:  [[14.81014074]
 [14.81014074]
 [14.81014074]
 [14.81014074]
 [14.81014074]]
val loss:  2.236508231200644
val loss:  2.264302314561429
Init:  [[13.96644444]
 [13.96644444]
 [13.96644444]
 [13.96644444]
 [13.96644444]]
val loss:  2.3450639312175148
val loss:  2.3707120862935454
Init:  [[14.58894565]
 [14.58894565]
 [14.58894565]
 [14.58894565]
 [14.58894565]]
val loss:  2.8182152551835777
val loss:  2.876829212532267
[I 2024-06-06 18:32:43,705] Trial 4 finished with value: 4.636698449742572 and parameters: {'layers': 14, 'max_depth': 3, 'C': 72}. Best is trial 1 with value: 4.461889236417226.
Init:  [[14.65982593]
 [14.65982593]
 [14.65982593]
 [14.65982593]
 [14.65982593]]
val loss:  2.3127135407202024
val loss:  2.402359142646962
Init:  [[13.91537778]
 [13.91537778]
 [13.91537778]
 [13.91537778]
 [13.91537778]]
val loss:  2.0937744741907713
val loss:  2.112090588533712
Init:  [[14.54789538]
 [14.54789538]
 [14.54789538]
 [14.54789538]
 [14.54789538]]
val loss:  2.4041965008039394
val loss:  2.3531022851550136
val loss:  2.3584429179861273
[I 2024-06-06 18:42:10,696] Trial 5 finished with value: 4.654300721051551 and parameters: {'layers': 5, 'max_depth': 3, 'C': 1896}. Best is trial 1 with value: 4.461889236417226.
Init:  [[14.64436111]
 [14.64436111]
 [14.64436111]
 [14.64436111]
 [14.64436111]]
val loss:  6.519992487026423
val loss:  3.7039770618746863
val loss:  2.6601886674926325
val loss:  2.50866631404588
val loss:  2.4851465271954982
val loss:  2.4892730581391027
Init:  [[13.98146667]
 [13.98146667]
 [13.98146667]
 [13.98146667]
 [13.98146667]]
val loss:  4.704588246182073
val loss:  3.463461370548928
val loss:  2.653023971235042
val loss:  2.345499653718584
val loss:  2.2108092380619246
val loss:  2.172792388606882
Init:  [[14.55527173]
 [14.55527173]
 [14.55527173]
 [14.55527173]
 [14.55527173]]
val loss:  8.371175617983871
val loss:  4.950488774268072
val loss:  3.720096567662548
val loss:  3.331237213841516
val loss:  3.0396773560787973
val loss:  2.9809975481356865
[I 2024-06-06 18:47:51,633] Trial 6 finished with value: 4.488800137107371 and parameters: {'layers': 6, 'max_depth': 1, 'C': 975}. Best is trial 1 with value: 4.461889236417226.
Init:  [[14.74111667]
 [14.74111667]
 [14.74111667]
 [14.74111667]
 [14.74111667]]
val loss:  2.032295348744938
val loss:  2.0069895920261183
val loss:  2.019790570044822
Init:  [[14.00853333]
 [14.00853333]
 [14.00853333]
 [14.00853333]
 [14.00853333]]
val loss:  2.054044947737044
val loss:  2.1156630776557575
Init:  [[14.55740227]
 [14.55740227]
 [14.55740227]
 [14.55740227]
 [14.55740227]]
val loss:  2.4348343925116533
val loss:  2.475952447132813
[I 2024-06-06 18:56:35,019] Trial 7 finished with value: 4.586864282795129 and parameters: {'layers': 15, 'max_depth': 3, 'C': 691}. Best is trial 1 with value: 4.461889236417226.
Init:  [[14.57960556]
 [14.57960556]
 [14.57960556]
 [14.57960556]
 [14.57960556]]
val loss:  5.723536997901821
val loss:  3.4851550724019593
val loss:  2.2728414082588344
val loss:  2.040161724831767
val loss:  1.9939545297412753
Init:  [[14.05084444]
 [14.05084444]
 [14.05084444]
 [14.05084444]
 [14.05084444]]
val loss:  4.346364958549901
val loss:  2.9249298126484446
val loss:  2.1178473058656158
val loss:  1.961250340216946
val loss:  1.9216882112573117
Init:  [[14.56504517]
 [14.56504517]
 [14.56504517]
 [14.56504517]
 [14.56504517]]
val loss:  5.651234334183244
val loss:  4.146274660519395
val loss:  2.882161014741928
val loss:  2.483276719493493
val loss:  2.39725989438917
[I 2024-06-06 19:01:24,447] Trial 8 finished with value: 4.512068408888859 and parameters: {'layers': 5, 'max_depth': 1, 'C': 1761}. Best is trial 1 with value: 4.461889236417226.
Init:  [[14.90414074]
 [14.90414074]
 [14.90414074]
 [14.90414074]
 [14.90414074]]
val loss:  5.706212824991522
val loss:  3.4928365359404228
val loss:  2.4927783943754327
val loss:  2.3615902684444556
val loss:  2.3262792051198047
val loss:  2.3165816875039273
val loss:  2.321755739230783
Init:  [[13.87528889]
 [13.87528889]
 [13.87528889]
 [13.87528889]
 [13.87528889]]
val loss:  4.4914827633333045
val loss:  3.2222892682019713
val loss:  2.5488189138473007
val loss:  2.4223522334530796
val loss:  2.280933688577668
val loss:  2.2147092630290026
val loss:  2.2297637599807434
Init:  [[14.58379239]
 [14.58379239]
 [14.58379239]
 [14.58379239]
 [14.58379239]]
val loss:  5.686739253788585
val loss:  3.052138833280029
val loss:  2.108333845013061
val loss:  1.836537260148456
val loss:  1.7138972695818755
val loss:  1.706092133604206
val loss:  1.6967138492881584
val loss:  1.7007284242481602
[I 2024-06-06 19:08:19,506] Trial 9 finished with value: 4.46259746116866 and parameters: {'layers': 13, 'max_depth': 1, 'C': 1343}. Best is trial 1 with value: 4.461889236417226.
Init:  [[14.84760741]
 [14.84760741]
 [14.84760741]
 [14.84760741]
 [14.84760741]]
val loss:  3.608804020128252
val loss:  2.9904500884076035
val loss:  2.8681787162156405
val loss:  2.9019250013389644
Init:  [[14.04226667]
 [14.04226667]
 [14.04226667]
 [14.04226667]
 [14.04226667]]
val loss:  2.49853285461383
val loss:  2.133158539984117
val loss:  2.0646634647867286
val loss:  2.0981062090697473
Init:  [[14.69276433]
 [14.69276433]
 [14.69276433]
 [14.69276433]
 [14.69276433]]
val loss:  3.112009091811794
val loss:  2.5636707561806236
val loss:  2.4301621843622345
val loss:  2.435775361028878
[I 2024-06-06 19:16:09,534] Trial 10 finished with value: 4.540695699085023 and parameters: {'layers': 9, 'max_depth': 2, 'C': 1263}. Best is trial 1 with value: 4.461889236417226.
Init:  [[14.89351667]
 [14.89351667]
 [14.89351667]
 [14.89351667]
 [14.89351667]]
val loss:  5.993061071112042
val loss:  4.118450088446354
val loss:  2.8612312106568303
val loss:  2.5722820340509607
val loss:  2.509281004586343
val loss:  2.4655317428378574
val loss:  2.451471705777458
val loss:  2.4525595583931223
Init:  [[13.85542222]
 [13.85542222]
 [13.85542222]
 [13.85542222]
 [13.85542222]]
val loss:  4.4914480501038625
val loss:  3.360386756245763
val loss:  2.4814613711536797
val loss:  2.084043929577777
val loss:  1.8782841465804978
val loss:  1.8367727680837282
val loss:  1.8133286697587858
val loss:  1.8067367139776067
val loss:  1.7958939750221559
val loss:  1.7969600570507835
Init:  [[14.53883274]
 [14.53883274]
 [14.53883274]
 [14.53883274]
 [14.53883274]]
val loss:  5.754311906921455
val loss:  3.716978244604067
val loss:  2.552542040116825
val loss:  2.202475897456688
val loss:  2.0868751298914745
val loss:  2.0424271584469653
val loss:  2.01744521403164
val loss:  2.0015805860022238
val loss:  1.9863965412771867
val loss:  1.9788816392260329
val loss:  1.9752541524965812
[I 2024-06-06 19:25:17,904] Trial 11 finished with value: 4.529741584435936 and parameters: {'layers': 11, 'max_depth': 1, 'C': 1470}. Best is trial 1 with value: 4.461889236417226.
Init:  [[14.55214074]
 [14.55214074]
 [14.55214074]
 [14.55214074]
 [14.55214074]]
val loss:  3.016921562080484
val loss:  2.225433735416767
val loss:  2.150743602213294
val loss:  2.1533174675586193
Init:  [[13.87248889]
 [13.87248889]
 [13.87248889]
 [13.87248889]
 [13.87248889]]
val loss:  2.853661206813432
val loss:  2.3497223039866895
val loss:  2.3024494409187817
val loss:  2.3303012520288426
Init:  [[14.52257515]
 [14.52257515]
 [14.52257515]
 [14.52257515]
 [14.52257515]]
val loss:  3.2985152943150227
val loss:  2.5774474715481053
val loss:  2.6422150694795894
[I 2024-06-06 19:32:35,971] Trial 12 finished with value: 4.490429635342652 and parameters: {'layers': 9, 'max_depth': 2, 'C': 1166}. Best is trial 1 with value: 4.461889236417226.
Init:  [[14.64293704]
 [14.64293704]
 [14.64293704]
 [14.64293704]
 [14.64293704]]
val loss:  5.3572517891555735
val loss:  2.8510413729409856
val loss:  2.165042013297504
val loss:  2.1616513345945685
val loss:  2.1656147476175223
Init:  [[13.82888889]
 [13.82888889]
 [13.82888889]
 [13.82888889]
 [13.82888889]]
val loss:  6.690504790156696
val loss:  4.5181127491643105
val loss:  3.5321368351098874
val loss:  3.1249591079415358
val loss:  2.9035916302061215
val loss:  2.8285973168549616
val loss:  2.8086565392841285
val loss:  2.791826843296139
val loss:  2.783627093427322
val loss:  2.7830917100909467
val loss:  2.782433614130478
val loss:  2.788186459208457
Init:  [[14.62137383]
 [14.62137383]
 [14.62137383]
 [14.62137383]
 [14.62137383]]
val loss:  6.164972396217571
val loss:  4.0113398805492455
val loss:  2.8634541488446743
val loss:  2.585141950631075
val loss:  2.501775842963997
val loss:  2.472866411666648
val loss:  2.4678140439349048
val loss:  2.4591004407339265
val loss:  2.459442977727937
[I 2024-06-06 19:40:45,213] Trial 13 finished with value: 4.53259567558339 and parameters: {'layers': 13, 'max_depth': 1, 'C': 1931}. Best is trial 1 with value: 4.461889236417226.
Init:  [[14.88498519]
 [14.88498519]
 [14.88498519]
 [14.88498519]
 [14.88498519]]
val loss:  5.950633994079739
val loss:  4.385372922910125
val loss:  3.351175997026726
val loss:  3.114945510286089
val loss:  3.0452223265525267
val loss:  3.007831659814693
val loss:  2.998994355807627
val loss:  2.9907204489777737
val loss:  2.9768340525433534
val loss:  2.9773771740530006
Init:  [[13.83631111]
 [13.83631111]
 [13.83631111]
 [13.83631111]
 [13.83631111]]
val loss:  5.9215592934922485
val loss:  3.811440559021211
val loss:  2.934326492242132
val loss:  2.645113203813942
val loss:  2.456056285783878
val loss:  2.433554625405983
val loss:  2.434371012176601
Init:  [[14.49365282]
 [14.49365282]
 [14.49365282]
 [14.49365282]
 [14.49365282]]
val loss:  7.010289285394124
val loss:  4.266136433881346
val loss:  3.212349105567021
val loss:  2.994699617720718
val loss:  2.910135282857184
val loss:  2.9013140401846167
val loss:  2.8940738693047634
val loss:  2.89539102439841
[I 2024-06-06 19:48:30,912] Trial 14 finished with value: 4.491287318854643 and parameters: {'layers': 10, 'max_depth': 1, 'C': 1568}. Best is trial 1 with value: 4.461889236417226.
Init:  [[14.58187222]
 [14.58187222]
 [14.58187222]
 [14.58187222]
 [14.58187222]]
val loss:  3.3438958561673453
val loss:  2.549958082616815
val loss:  2.5427841685660777
val loss:  2.60373989038977
Init:  [[14.05897778]
 [14.05897778]
 [14.05897778]
 [14.05897778]
 [14.05897778]]
val loss:  2.177974472227041
val loss:  1.5160877869079314
val loss:  1.368973879324633
val loss:  1.4050329881062795
Init:  [[14.5337239]
 [14.5337239]
 [14.5337239]
 [14.5337239]
 [14.5337239]]
val loss:  2.6773360728844335
val loss:  2.0132745235542364
val loss:  1.9624077195770446
val loss:  1.9959268037875677
[I 2024-06-06 19:56:31,233] Trial 15 finished with value: 4.587196176382209 and parameters: {'layers': 12, 'max_depth': 2, 'C': 830}. Best is trial 1 with value: 4.461889236417226.
Init:  [[14.69085]
 [14.69085]
 [14.69085]
 [14.69085]
 [14.69085]]
val loss:  4.164134837308997
val loss:  2.7548727676692684
val loss:  1.5826143607816394
val loss:  1.4444590975091083
val loss:  1.3829993690480897
val loss:  1.382235949329843
val loss:  1.387018580138413
Init:  [[14.01586667]
 [14.01586667]
 [14.01586667]
 [14.01586667]
 [14.01586667]]
val loss:  5.73764581851752
val loss:  3.8013314595556738
val loss:  2.9499326725923742
val loss:  2.6498346651554896
val loss:  2.4956393798848184
val loss:  2.463576784497064
val loss:  2.470788115522794
Init:  [[14.59378795]
 [14.59378795]
 [14.59378795]
 [14.59378795]
 [14.59378795]]
val loss:  7.266833974203159
val loss:  4.328984747762197
val loss:  3.0424028199600466
val loss:  2.6655248593644183
val loss:  2.53212962664593
val loss:  2.5121054621052443
val loss:  2.4988257376339837
val loss:  2.4994122716569325
[I 2024-06-06 20:03:23,648] Trial 16 finished with value: 4.487817227781132 and parameters: {'layers': 8, 'max_depth': 1, 'C': 1275}. Best is trial 1 with value: 4.461889236417226.
Init:  [[14.81751852]
 [14.81751852]
 [14.81751852]
 [14.81751852]
 [14.81751852]]
val loss:  2.286874285809668
val loss:  1.7624685062049743
val loss:  1.76512261096495
Init:  [[13.96684444]
 [13.96684444]
 [13.96684444]
 [13.96684444]
 [13.96684444]]
val loss:  2.671349378836003
val loss:  2.2850082110916263
val loss:  2.131279796592468
val loss:  2.141638442314012
Init:  [[14.50458315]
 [14.50458315]
 [14.50458315]
 [14.50458315]
 [14.50458315]]
val loss:  3.0317059290311863
val loss:  2.6783162130915046
val loss:  2.53394279575712
val loss:  2.5549424776173018
[I 2024-06-06 20:10:57,658] Trial 17 finished with value: 4.529300985585709 and parameters: {'layers': 11, 'max_depth': 2, 'C': 593}. Best is trial 1 with value: 4.461889236417226.
Init:  [[14.69698519]
 [14.69698519]
 [14.69698519]
 [14.69698519]
 [14.69698519]]
val loss:  5.806360433063507
val loss:  3.5972693457231406
val loss:  2.3142530208777727
val loss:  2.134692664086965
val loss:  2.120530914318597
val loss:  2.125309413095626
Init:  [[13.95933333]
 [13.95933333]
 [13.95933333]
 [13.95933333]
 [13.95933333]]
val loss:  4.935900455328548
val loss:  3.0726676895524645
val loss:  2.2788294862558836
val loss:  2.0205066021304474
val loss:  1.8786880089029505
val loss:  1.8558475529969454
val loss:  1.8557568161745877
Init:  [[14.55140678]
 [14.55140678]
 [14.55140678]
 [14.55140678]
 [14.55140678]]
val loss:  6.116088541899123
val loss:  4.207621098580086
val loss:  2.945793240314396
val loss:  2.614439110106309
val loss:  2.455321121306859
val loss:  2.396353888712538
val loss:  2.378863975480731
val loss:  2.3653818142758194
val loss:  2.3475833485779716
val loss:  2.3457997261828276
val loss:  2.3425461457516445
val loss:  2.3411341816882114
val loss:  2.3414018032267956
[I 2024-06-06 20:19:11,548] Trial 18 finished with value: 4.518080323125058 and parameters: {'layers': 15, 'max_depth': 1, 'C': 1738}. Best is trial 1 with value: 4.461889236417226.
Init:  [[14.61294074]
 [14.61294074]
 [14.61294074]
 [14.61294074]
 [14.61294074]]
val loss:  2.7615900369325646
val loss:  2.0828585910669943
val loss:  2.060030360765777
val loss:  2.0269893909504155
val loss:  2.0500913408925787
Init:  [[14.03742222]
 [14.03742222]
 [14.03742222]
 [14.03742222]
 [14.03742222]]
val loss:  1.941055542620024
val loss:  1.6271903483733816
val loss:  1.5492922715936364
val loss:  1.545906458821021
val loss:  1.5526478950149833
Init:  [[14.51222049]
 [14.51222049]
 [14.51222049]
 [14.51222049]
 [14.51222049]]
val loss:  3.343512654378179
val loss:  2.4627628956673164
val loss:  2.268432912202318
val loss:  2.258454945332337
val loss:  2.2823602854917837
[I 2024-06-06 20:29:08,368] Trial 19 finished with value: 4.566567647203956 and parameters: {'layers': 13, 'max_depth': 2, 'C': 1409}. Best is trial 1 with value: 4.461889236417226.
Init:  [[14.49212579]
 [14.49212579]
 [14.49212579]
 [14.49212579]
 [14.49212579]]
val loss:  5.248137463038597
val loss:  3.7840548342681184
val loss:  2.8031224782627646
val loss:  2.5962288322919593
val loss:  2.493500642188349
val loss:  2.461282827741041
val loss:  2.4542856260958126
val loss:  2.4444424225530503
val loss:  2.444171359459544
val loss:  2.4339502449592776
[I 2024-06-06 20:33:40,370] A new study created in memory with name: no-name-78220f31-9ed0-41f3-894e-7fd7b18871b1
Boosted Forest Reynolds y_1 5.384831294945721 1.3358984433253638 -5.5 40.3
Init:  [[11.12014652]
 [11.12014652]
 [11.12014652]
 [11.12014652]
 [11.12014652]]
val loss:  2.824578876915435
val loss:  1.7591667573410048
val loss:  0.8278742738732209
val loss:  0.6934109085551415
val loss:  0.5876400299496923
val loss:  0.536540476531945
val loss:  0.5262759977713283
val loss:  0.5235794181705025
val loss:  0.5221107707116508
val loss:  0.5207512548853671
val loss:  0.5208959749541486
Init:  [[12.34166667]
 [12.34166667]
 [12.34166667]
 [12.34166667]
 [12.34166667]]
val loss:  3.4886873695513376
val loss:  1.5170142693237794
val loss:  0.719644716966786
val loss:  0.5257075904211214
val loss:  0.43784713386040186
val loss:  0.3912877736240905
val loss:  0.3818302536710878
val loss:  0.3795616572437215
val loss:  0.3788806417870689
val loss:  0.3789636677791915
Init:  [[11.76190476]
 [11.76190476]
 [11.76190476]
 [11.76190476]
 [11.76190476]]
val loss:  2.9300036291797387
val loss:  1.6105264770574563
val loss:  0.7672310749468174
val loss:  0.6713242805122043
val loss:  0.5220155581001799
val loss:  0.44146405056798427
val loss:  0.41892832093618965
val loss:  0.4128455542733209
val loss:  0.41253912860330777
val loss:  0.4114848945763566
val loss:  0.4110824844744332
val loss:  0.41097808477462944
val loss:  0.41032148984387157
[I 2024-06-06 20:48:33,622] Trial 0 finished with value: 0.9142380238065027 and parameters: {'layers': 13, 'max_depth': 1, 'C': 1516}. Best is trial 0 with value: 0.9142380238065027.
Init:  [[11.14722222]
 [11.14722222]
 [11.14722222]
 [11.14722222]
 [11.14722222]]
val loss:  0.8746915621299582
val loss:  0.5891685982278517
val loss:  0.5469794081176304
val loss:  0.5462633915314494
val loss:  0.5442895016305735
val loss:  0.5422455040535966
val loss:  0.5436428689546715
Init:  [[12.39288767]
 [12.39288767]
 [12.39288767]
 [12.39288767]
 [12.39288767]]
val loss:  0.6293779945578367
val loss:  0.4832684883814803
val loss:  0.4180375060269948
val loss:  0.42344724639150855
Init:  [[11.77405372]
 [11.77405372]
 [11.77405372]
 [11.77405372]
 [11.77405372]]
val loss:  0.7810105873424882
val loss:  0.5476997874381486
val loss:  0.4829469392934194
val loss:  0.48212252338067924
val loss:  0.47939733088879477
val loss:  0.47800173615831143
val loss:  0.4782975396406446
[I 2024-06-06 21:05:26,075] Trial 1 finished with value: 0.9083793894659827 and parameters: {'layers': 10, 'max_depth': 2, 'C': 943}. Best is trial 1 with value: 0.9083793894659827.
Init:  [[11.18409646]
 [11.18409646]
 [11.18409646]
 [11.18409646]
 [11.18409646]]
val loss:  0.5023980642017658
val loss:  0.41846922680321896
val loss:  0.41245711727543033
val loss:  0.41053267343091565
val loss:  0.40856929081112264
val loss:  0.4142727628867702
Init:  [[12.40216728]
 [12.40216728]
 [12.40216728]
 [12.40216728]
 [12.40216728]]
val loss:  0.3989985700287863
val loss:  0.3884283839564756
val loss:  0.3972706085041999
Init:  [[11.77078755]
 [11.77078755]
 [11.77078755]
 [11.77078755]
 [11.77078755]]
val loss:  0.4648284123739461
val loss:  0.4440490884057401
val loss:  0.44320201439353263
val loss:  0.43691431921519275
val loss:  0.44239935712849787
