[I 2024-06-19 06:48:13,677] Trial 92 finished with value: 0.7134799848468465 and parameters: {'p': 1, 'd': 0, 'q': 0}. Best is trial 46 with value: 0.7134799848468465.
[I 2024-06-19 06:48:37,478] Trial 93 finished with value: 0.7134799848468465 and parameters: {'p': 1, 'd': 0, 'q': 0}. Best is trial 46 with value: 0.7134799848468465.
[I 2024-06-19 06:49:01,314] Trial 94 finished with value: 0.7134799848468465 and parameters: {'p': 1, 'd': 0, 'q': 0}. Best is trial 46 with value: 0.7134799848468465.
[I 2024-06-19 06:49:25,033] Trial 95 finished with value: 0.7134799848468465 and parameters: {'p': 1, 'd': 0, 'q': 0}. Best is trial 46 with value: 0.7134799848468465.
[I 2024-06-19 06:49:48,791] Trial 96 finished with value: 0.7134799848468465 and parameters: {'p': 1, 'd': 0, 'q': 0}. Best is trial 46 with value: 0.7134799848468465.
[I 2024-06-19 06:50:12,657] Trial 97 finished with value: 0.7134799848468465 and parameters: {'p': 1, 'd': 0, 'q': 0}. Best is trial 46 with value: 0.7134799848468465.
[I 2024-06-19 06:50:36,368] Trial 98 finished with value: 0.7134799848468465 and parameters: {'p': 1, 'd': 0, 'q': 0}. Best is trial 46 with value: 0.7134799848468465.
[I 2024-06-19 06:51:00,109] Trial 99 finished with value: 0.7134799848468465 and parameters: {'p': 1, 'd': 0, 'q': 0}. Best is trial 46 with value: 0.7134799848468465.
[I 2024-06-19 06:51:05,494] A new study created in memory with name: no-name-560c8019-f918-412d-b4b6-059beff76487
[I 2024-06-19 06:51:05,496] Trial 0 finished with value: 1000.0 and parameters: {'p': 5, 'd': 5, 'q': 4}. Best is trial 0 with value: 1000.0.
[I 2024-06-19 06:51:05,498] Trial 1 finished with value: 1000.0 and parameters: {'p': 2, 'd': 5, 'q': 3}. Best is trial 0 with value: 1000.0.
[I 2024-06-19 06:51:05,500] Trial 2 finished with value: 1000.0 and parameters: {'p': 5, 'd': 2, 'q': 0}. Best is trial 0 with value: 1000.0.
ARIMA UK y_4 0.7256809594084145 0.626943096034825 -4.2 28.1
(718, 28) (308, 28)
[I 2024-06-19 06:54:12,093] Trial 3 finished with value: 0.0870506543662216 and parameters: {'p': 2, 'd': 0, 'q': 4}. Best is trial 3 with value: 0.0870506543662216.
[I 2024-06-19 06:59:11,217] Trial 4 finished with value: 0.18798810481225955 and parameters: {'p': 4, 'd': 0, 'q': 5}. Best is trial 3 with value: 0.0870506543662216.
[I 2024-06-19 07:00:19,949] Trial 5 finished with value: 1.877431052824937 and parameters: {'p': 5, 'd': 0, 'q': 1}. Best is trial 3 with value: 0.0870506543662216.
[I 2024-06-19 07:00:19,951] Trial 6 finished with value: 1000.0 and parameters: {'p': 2, 'd': 2, 'q': 4}. Best is trial 3 with value: 0.0870506543662216.
[I 2024-06-19 07:00:19,953] Trial 7 finished with value: 1000.0 and parameters: {'p': 3, 'd': 2, 'q': 5}. Best is trial 3 with value: 0.0870506543662216.
[I 2024-06-19 07:00:19,954] Trial 8 finished with value: 1000.0 and parameters: {'p': 1, 'd': 4, 'q': 3}. Best is trial 3 with value: 0.0870506543662216.
[I 2024-06-19 07:00:19,956] Trial 9 finished with value: 1000.0 and parameters: {'p': 2, 'd': 5, 'q': 4}. Best is trial 3 with value: 0.0870506543662216.
[I 2024-06-19 07:00:19,967] Trial 10 finished with value: 1000.0 and parameters: {'p': 1, 'd': 1, 'q': 2}. Best is trial 3 with value: 0.0870506543662216.
[I 2024-06-19 07:05:17,083] Trial 11 finished with value: 0.18798810481225955 and parameters: {'p': 4, 'd': 0, 'q': 5}. Best is trial 3 with value: 0.0870506543662216.
[I 2024-06-19 07:09:42,277] Trial 12 finished with value: 0.08477430540318891 and parameters: {'p': 3, 'd': 0, 'q': 5}. Best is trial 12 with value: 0.08477430540318891.
[I 2024-06-19 07:09:42,289] Trial 13 finished with value: 1000.0 and parameters: {'p': 3, 'd': 1, 'q': 4}. Best is trial 12 with value: 0.08477430540318891.
[I 2024-06-19 07:09:42,300] Trial 14 finished with value: 1000.0 and parameters: {'p': 3, 'd': 1, 'q': 2}. Best is trial 12 with value: 0.08477430540318891.
[I 2024-06-19 07:09:42,312] Trial 15 finished with value: 1000.0 and parameters: {'p': 2, 'd': 3, 'q': 5}. Best is trial 12 with value: 0.08477430540318891.
[I 2024-06-19 07:13:19,901] Trial 16 finished with value: 0.08202344681747498 and parameters: {'p': 4, 'd': 0, 'q': 3}. Best is trial 16 with value: 0.08202344681747498.
[I 2024-06-19 07:13:19,914] Trial 17 finished with value: 1000.0 and parameters: {'p': 4, 'd': 1, 'q': 1}. Best is trial 16 with value: 0.08202344681747498.
[I 2024-06-19 07:13:19,926] Trial 18 finished with value: 1000.0 and parameters: {'p': 4, 'd': 3, 'q': 3}. Best is trial 16 with value: 0.08202344681747498.
[I 2024-06-19 07:16:06,066] Trial 19 finished with value: 0.07703411506272337 and parameters: {'p': 3, 'd': 0, 'q': 2}. Best is trial 19 with value: 0.07703411506272337.
[I 2024-06-19 07:16:06,078] Trial 20 finished with value: 1000.0 and parameters: {'p': 4, 'd': 1, 'q': 1}. Best is trial 19 with value: 0.07703411506272337.
[I 2024-06-19 07:18:52,209] Trial 21 finished with value: 0.07703411506272337 and parameters: {'p': 3, 'd': 0, 'q': 2}. Best is trial 19 with value: 0.07703411506272337.
[I 2024-06-19 07:21:38,317] Trial 22 finished with value: 0.07703411506272337 and parameters: {'p': 3, 'd': 0, 'q': 2}. Best is trial 19 with value: 0.07703411506272337.
[I 2024-06-19 07:21:38,330] Trial 23 finished with value: 1000.0 and parameters: {'p': 3, 'd': 1, 'q': 2}. Best is trial 19 with value: 0.07703411506272337.
[I 2024-06-19 07:24:24,461] Trial 24 finished with value: 0.07703411506272337 and parameters: {'p': 3, 'd': 0, 'q': 2}. Best is trial 19 with value: 0.07703411506272337.
[I 2024-06-19 07:24:24,474] Trial 25 finished with value: 1000.0 and parameters: {'p': 3, 'd': 1, 'q': 1}. Best is trial 19 with value: 0.07703411506272337.
[I 2024-06-19 07:27:10,581] Trial 26 finished with value: 0.07703411506272337 and parameters: {'p': 3, 'd': 0, 'q': 2}. Best is trial 19 with value: 0.07703411506272337.
[I 2024-06-19 07:27:10,594] Trial 27 finished with value: 1000.0 and parameters: {'p': 2, 'd': 2, 'q': 0}. Best is trial 19 with value: 0.07703411506272337.
[I 2024-06-19 07:27:10,606] Trial 28 finished with value: 1000.0 and parameters: {'p': 3, 'd': 4, 'q': 1}. Best is trial 19 with value: 0.07703411506272337.
[I 2024-06-19 07:29:12,398] Trial 29 finished with value: 0.0730802809504984 and parameters: {'p': 2, 'd': 0, 'q': 2}. Best is trial 29 with value: 0.0730802809504984.
[I 2024-06-19 07:29:12,411] Trial 30 finished with value: 1000.0 and parameters: {'p': 1, 'd': 1, 'q': 3}. Best is trial 29 with value: 0.0730802809504984.
[I 2024-06-19 07:31:14,940] Trial 31 finished with value: 0.0730802809504984 and parameters: {'p': 2, 'd': 0, 'q': 2}. Best is trial 29 with value: 0.0730802809504984.
[I 2024-06-19 07:33:17,143] Trial 32 finished with value: 0.0730802809504984 and parameters: {'p': 2, 'd': 0, 'q': 2}. Best is trial 29 with value: 0.0730802809504984.
[I 2024-06-19 07:35:52,034] Trial 33 finished with value: 0.08548137077270775 and parameters: {'p': 2, 'd': 0, 'q': 3}. Best is trial 29 with value: 0.0730802809504984.
[I 2024-06-19 07:35:52,048] Trial 34 finished with value: 1000.0 and parameters: {'p': 2, 'd': 1, 'q': 1}. Best is trial 29 with value: 0.0730802809504984.
[I 2024-06-19 07:37:16,261] Trial 35 finished with value: 0.06978401112556688 and parameters: {'p': 1, 'd': 0, 'q': 2}. Best is trial 35 with value: 0.06978401112556688.
[I 2024-06-19 07:37:54,007] Trial 36 finished with value: 0.08104769676721835 and parameters: {'p': 1, 'd': 0, 'q': 0}. Best is trial 35 with value: 0.06978401112556688.
[I 2024-06-19 07:37:54,020] Trial 37 finished with value: 1000.0 and parameters: {'p': 1, 'd': 2, 'q': 3}. Best is trial 35 with value: 0.06978401112556688.
[I 2024-06-19 07:39:18,253] Trial 38 finished with value: 0.06978401112556688 and parameters: {'p': 1, 'd': 0, 'q': 2}. Best is trial 35 with value: 0.06978401112556688.
[I 2024-06-19 07:39:18,265] Trial 39 finished with value: 1000.0 and parameters: {'p': 1, 'd': 1, 'q': 1}. Best is trial 35 with value: 0.06978401112556688.
[I 2024-06-19 07:41:17,687] Trial 40 finished with value: 0.07318118925527815 and parameters: {'p': 1, 'd': 0, 'q': 3}. Best is trial 35 with value: 0.06978401112556688.
[I 2024-06-19 07:43:22,078] Trial 41 finished with value: 0.0730802809504984 and parameters: {'p': 2, 'd': 0, 'q': 2}. Best is trial 35 with value: 0.06978401112556688.
[I 2024-06-19 07:44:46,434] Trial 42 finished with value: 0.06978401112556688 and parameters: {'p': 1, 'd': 0, 'q': 2}. Best is trial 35 with value: 0.06978401112556688.
[I 2024-06-19 07:46:10,541] Trial 43 finished with value: 0.06978401112556688 and parameters: {'p': 1, 'd': 0, 'q': 2}. Best is trial 35 with value: 0.06978401112556688.
[I 2024-06-19 07:47:12,312] Trial 44 finished with value: 0.06726414236984024 and parameters: {'p': 1, 'd': 0, 'q': 1}. Best is trial 44 with value: 0.06726414236984024.
[I 2024-06-19 07:47:12,325] Trial 45 finished with value: 1000.0 and parameters: {'p': 1, 'd': 1, 'q': 1}. Best is trial 44 with value: 0.06726414236984024.
[I 2024-06-19 07:47:12,337] Trial 46 finished with value: 1000.0 and parameters: {'p': 1, 'd': 5, 'q': 0}. Best is trial 44 with value: 0.06726414236984024.
[I 2024-06-19 07:48:14,153] Trial 47 finished with value: 0.06726414236984024 and parameters: {'p': 1, 'd': 0, 'q': 1}. Best is trial 44 with value: 0.06726414236984024.
[I 2024-06-19 07:48:14,166] Trial 48 finished with value: 1000.0 and parameters: {'p': 1, 'd': 2, 'q': 1}. Best is trial 44 with value: 0.06726414236984024.
[I 2024-06-19 07:48:14,179] Trial 49 finished with value: 1000.0 and parameters: {'p': 1, 'd': 1, 'q': 0}. Best is trial 44 with value: 0.06726414236984024.
[I 2024-06-19 07:48:14,192] Trial 50 finished with value: 1000.0 and parameters: {'p': 1, 'd': 4, 'q': 1}. Best is trial 44 with value: 0.06726414236984024.
[I 2024-06-19 07:49:16,841] Trial 51 finished with value: 0.06726414236984024 and parameters: {'p': 1, 'd': 0, 'q': 1}. Best is trial 44 with value: 0.06726414236984024.
[I 2024-06-19 07:50:19,427] Trial 52 finished with value: 0.06726414236984024 and parameters: {'p': 1, 'd': 0, 'q': 1}. Best is trial 44 with value: 0.06726414236984024.
[I 2024-06-19 07:51:21,967] Trial 53 finished with value: 0.06726414236984024 and parameters: {'p': 1, 'd': 0, 'q': 1}. Best is trial 44 with value: 0.06726414236984024.
[I 2024-06-19 07:52:24,569] Trial 54 finished with value: 0.06726414236984024 and parameters: {'p': 1, 'd': 0, 'q': 1}. Best is trial 44 with value: 0.06726414236984024.
[I 2024-06-19 07:53:02,735] Trial 55 finished with value: 0.08104769676721835 and parameters: {'p': 1, 'd': 0, 'q': 0}. Best is trial 44 with value: 0.06726414236984024.
[I 2024-06-19 07:53:02,748] Trial 56 finished with value: 1000.0 and parameters: {'p': 5, 'd': 1, 'q': 1}. Best is trial 44 with value: 0.06726414236984024.
[I 2024-06-19 07:54:05,295] Trial 57 finished with value: 0.06726414236984024 and parameters: {'p': 1, 'd': 0, 'q': 1}. Best is trial 44 with value: 0.06726414236984024.
[I 2024-06-19 07:54:43,560] Trial 58 finished with value: 0.08104769676721835 and parameters: {'p': 1, 'd': 0, 'q': 0}. Best is trial 44 with value: 0.06726414236984024.
[I 2024-06-19 07:54:43,573] Trial 59 finished with value: 1000.0 and parameters: {'p': 1, 'd': 1, 'q': 1}. Best is trial 44 with value: 0.06726414236984024.
[I 2024-06-19 07:56:09,380] Trial 60 finished with value: 0.07199846812888892 and parameters: {'p': 2, 'd': 0, 'q': 1}. Best is trial 44 with value: 0.06726414236984024.
[I 2024-06-19 07:57:11,884] Trial 61 finished with value: 0.06726414236984024 and parameters: {'p': 1, 'd': 0, 'q': 1}. Best is trial 44 with value: 0.06726414236984024.
[I 2024-06-19 07:58:14,448] Trial 62 finished with value: 0.06726414236984024 and parameters: {'p': 1, 'd': 0, 'q': 1}. Best is trial 44 with value: 0.06726414236984024.
[I 2024-06-19 07:59:16,974] Trial 63 finished with value: 0.06726414236984024 and parameters: {'p': 1, 'd': 0, 'q': 1}. Best is trial 44 with value: 0.06726414236984024.
[I 2024-06-19 08:00:19,465] Trial 64 finished with value: 0.06726414236984024 and parameters: {'p': 1, 'd': 0, 'q': 1}. Best is trial 44 with value: 0.06726414236984024.
[I 2024-06-19 08:00:57,709] Trial 65 finished with value: 0.08104769676721835 and parameters: {'p': 1, 'd': 0, 'q': 0}. Best is trial 44 with value: 0.06726414236984024.
[I 2024-06-19 08:00:57,723] Trial 66 finished with value: 1000.0 and parameters: {'p': 1, 'd': 1, 'q': 1}. Best is trial 44 with value: 0.06726414236984024.
[I 2024-06-19 08:02:00,158] Trial 67 finished with value: 0.06726414236984024 and parameters: {'p': 1, 'd': 0, 'q': 1}. Best is trial 44 with value: 0.06726414236984024.
[I 2024-06-19 08:02:00,172] Trial 68 finished with value: 1000.0 and parameters: {'p': 2, 'd': 3, 'q': 0}. Best is trial 44 with value: 0.06726414236984024.
[I 2024-06-19 08:03:02,648] Trial 69 finished with value: 0.06726414236984024 and parameters: {'p': 1, 'd': 0, 'q': 1}. Best is trial 44 with value: 0.06726414236984024.
[I 2024-06-19 08:03:02,662] Trial 70 finished with value: 1000.0 and parameters: {'p': 5, 'd': 1, 'q': 1}. Best is trial 44 with value: 0.06726414236984024.
[I 2024-06-19 08:04:05,156] Trial 71 finished with value: 0.06726414236984024 and parameters: {'p': 1, 'd': 0, 'q': 1}. Best is trial 44 with value: 0.06726414236984024.
[I 2024-06-19 08:05:09,257] Trial 72 finished with value: 0.06726414236984024 and parameters: {'p': 1, 'd': 0, 'q': 1}. Best is trial 44 with value: 0.06726414236984024.
[I 2024-06-19 08:06:13,326] Trial 73 finished with value: 0.06726414236984024 and parameters: {'p': 1, 'd': 0, 'q': 1}. Best is trial 44 with value: 0.06726414236984024.
[I 2024-06-19 08:07:17,455] Trial 74 finished with value: 0.06726414236984024 and parameters: {'p': 1, 'd': 0, 'q': 1}. Best is trial 44 with value: 0.06726414236984024.
[I 2024-06-19 08:08:45,470] Trial 75 finished with value: 0.07199846812888892 and parameters: {'p': 2, 'd': 0, 'q': 1}. Best is trial 44 with value: 0.06726414236984024.
[I 2024-06-19 08:09:24,621] Trial 76 finished with value: 0.08104769676721835 and parameters: {'p': 1, 'd': 0, 'q': 0}. Best is trial 44 with value: 0.06726414236984024.
[I 2024-06-19 08:10:28,804] Trial 77 finished with value: 0.06726414236984024 and parameters: {'p': 1, 'd': 0, 'q': 1}. Best is trial 44 with value: 0.06726414236984024.
[I 2024-06-19 08:10:28,818] Trial 78 finished with value: 1000.0 and parameters: {'p': 1, 'd': 1, 'q': 1}. Best is trial 44 with value: 0.06726414236984024.
[I 2024-06-19 08:11:25,087] Trial 79 finished with value: 0.0674192856824886 and parameters: {'p': 2, 'd': 0, 'q': 0}. Best is trial 44 with value: 0.06726414236984024.
[I 2024-06-19 08:12:27,669] Trial 80 finished with value: 0.06726414236984024 and parameters: {'p': 1, 'd': 0, 'q': 1}. Best is trial 44 with value: 0.06726414236984024.
[I 2024-06-19 08:13:30,295] Trial 81 finished with value: 0.06726414236984024 and parameters: {'p': 1, 'd': 0, 'q': 1}. Best is trial 44 with value: 0.06726414236984024.
[I 2024-06-19 08:14:32,873] Trial 82 finished with value: 0.06726414236984024 and parameters: {'p': 1, 'd': 0, 'q': 1}. Best is trial 44 with value: 0.06726414236984024.
[I 2024-06-19 08:15:35,352] Trial 83 finished with value: 0.06726414236984024 and parameters: {'p': 1, 'd': 0, 'q': 1}. Best is trial 44 with value: 0.06726414236984024.
[I 2024-06-19 08:16:37,983] Trial 84 finished with value: 0.06726414236984024 and parameters: {'p': 1, 'd': 0, 'q': 1}. Best is trial 44 with value: 0.06726414236984024.
[I 2024-06-19 08:17:40,551] Trial 85 finished with value: 0.06726414236984024 and parameters: {'p': 1, 'd': 0, 'q': 1}. Best is trial 44 with value: 0.06726414236984024.
[I 2024-06-19 08:19:05,951] Trial 86 finished with value: 0.06978401112556688 and parameters: {'p': 1, 'd': 0, 'q': 2}. Best is trial 44 with value: 0.06726414236984024.
[I 2024-06-19 08:19:05,966] Trial 87 finished with value: 1000.0 and parameters: {'p': 1, 'd': 1, 'q': 1}. Best is trial 44 with value: 0.06726414236984024.
[I 2024-06-19 08:21:48,992] Trial 88 finished with value: 0.08181132308383718 and parameters: {'p': 1, 'd': 0, 'q': 4}. Best is trial 44 with value: 0.06726414236984024.
[I 2024-06-19 08:22:53,041] Trial 89 finished with value: 0.06726414236984024 and parameters: {'p': 1, 'd': 0, 'q': 1}. Best is trial 44 with value: 0.06726414236984024.
[I 2024-06-19 08:23:49,251] Trial 90 finished with value: 0.0674192856824886 and parameters: {'p': 2, 'd': 0, 'q': 0}. Best is trial 44 with value: 0.06726414236984024.
[I 2024-06-19 08:24:51,140] Trial 91 finished with value: 0.06726414236984024 and parameters: {'p': 1, 'd': 0, 'q': 1}. Best is trial 44 with value: 0.06726414236984024.
[I 2024-06-19 08:25:55,183] Trial 92 finished with value: 0.06726414236984024 and parameters: {'p': 1, 'd': 0, 'q': 1}. Best is trial 44 with value: 0.06726414236984024.
[I 2024-06-19 08:26:59,259] Trial 93 finished with value: 0.06726414236984024 and parameters: {'p': 1, 'd': 0, 'q': 1}. Best is trial 44 with value: 0.06726414236984024.
[I 2024-06-19 08:28:03,383] Trial 94 finished with value: 0.06726414236984024 and parameters: {'p': 1, 'd': 0, 'q': 1}. Best is trial 44 with value: 0.06726414236984024.
[I 2024-06-19 08:28:03,397] Trial 95 finished with value: 1000.0 and parameters: {'p': 1, 'd': 3, 'q': 1}. Best is trial 44 with value: 0.06726414236984024.
[I 2024-06-19 08:29:07,547] Trial 96 finished with value: 0.06726414236984024 and parameters: {'p': 1, 'd': 0, 'q': 1}. Best is trial 44 with value: 0.06726414236984024.
[I 2024-06-19 08:30:11,659] Trial 97 finished with value: 0.06726414236984024 and parameters: {'p': 1, 'd': 0, 'q': 1}. Best is trial 44 with value: 0.06726414236984024.
[I 2024-06-19 08:31:38,959] Trial 98 finished with value: 0.06978401112556688 and parameters: {'p': 1, 'd': 0, 'q': 2}. Best is trial 44 with value: 0.06726414236984024.
[I 2024-06-19 08:31:38,974] Trial 99 finished with value: 1000.0 and parameters: {'p': 1, 'd': 1, 'q': 1}. Best is trial 44 with value: 0.06726414236984024.
[I 2024-06-19 08:31:53,427] A new study created in memory with name: no-name-124cd7fa-e13f-4b0d-b57b-3c52cd28792a
[I 2024-06-19 08:31:53,429] Trial 0 finished with value: 1000.0 and parameters: {'p': 5, 'd': 3, 'q': 2}. Best is trial 0 with value: 1000.0.
[I 2024-06-19 08:31:53,431] Trial 1 finished with value: 1000.0 and parameters: {'p': 2, 'd': 2, 'q': 2}. Best is trial 0 with value: 1000.0.
[I 2024-06-19 08:31:53,432] Trial 2 finished with value: 1000.0 and parameters: {'p': 2, 'd': 1, 'q': 0}. Best is trial 0 with value: 1000.0.
[I 2024-06-19 08:31:53,434] Trial 3 finished with value: 1000.0 and parameters: {'p': 5, 'd': 3, 'q': 2}. Best is trial 0 with value: 1000.0.
ARIMA UK y_10 0.10067395061087327 0.17724953389707407 1.6 21.7
(718, 28) (308, 28)
[I 2024-06-19 08:35:02,137] Trial 4 finished with value: 0.18460925269252315 and parameters: {'p': 1, 'd': 0, 'q': 5}. Best is trial 4 with value: 0.18460925269252315.
[I 2024-06-19 08:35:02,138] Trial 5 finished with value: 1000.0 and parameters: {'p': 5, 'd': 1, 'q': 4}. Best is trial 4 with value: 0.18460925269252315.
[I 2024-06-19 08:35:02,140] Trial 6 finished with value: 1000.0 and parameters: {'p': 3, 'd': 5, 'q': 1}. Best is trial 4 with value: 0.18460925269252315.
[I 2024-06-19 08:35:02,142] Trial 7 finished with value: 1000.0 and parameters: {'p': 3, 'd': 5, 'q': 5}. Best is trial 4 with value: 0.18460925269252315.
[I 2024-06-19 08:35:02,144] Trial 8 finished with value: 1000.0 and parameters: {'p': 4, 'd': 4, 'q': 2}. Best is trial 4 with value: 0.18460925269252315.
[I 2024-06-19 08:35:02,145] Trial 9 finished with value: 1000.0 and parameters: {'p': 2, 'd': 3, 'q': 3}. Best is trial 4 with value: 0.18460925269252315.
[I 2024-06-19 08:38:09,933] Trial 10 finished with value: 0.18460925269252315 and parameters: {'p': 1, 'd': 0, 'q': 5}. Best is trial 4 with value: 0.18460925269252315.
[I 2024-06-19 08:41:20,038] Trial 11 finished with value: 0.18460925269252315 and parameters: {'p': 1, 'd': 0, 'q': 5}. Best is trial 4 with value: 0.18460925269252315.
[I 2024-06-19 08:43:44,974] Trial 12 finished with value: 0.1781812275632354 and parameters: {'p': 1, 'd': 0, 'q': 4}. Best is trial 12 with value: 0.1781812275632354.
[I 2024-06-19 08:43:44,986] Trial 13 finished with value: 1000.0 and parameters: {'p': 1, 'd': 1, 'q': 4}. Best is trial 12 with value: 0.1781812275632354.
[I 2024-06-19 08:46:07,417] Trial 14 finished with value: 0.1781812275632354 and parameters: {'p': 1, 'd': 0, 'q': 4}. Best is trial 12 with value: 0.1781812275632354.
[I 2024-06-19 08:46:07,429] Trial 15 finished with value: 1000.0 and parameters: {'p': 2, 'd': 2, 'q': 4}. Best is trial 12 with value: 0.1781812275632354.
[I 2024-06-19 08:46:07,441] Trial 16 finished with value: 1000.0 and parameters: {'p': 1, 'd': 1, 'q': 3}. Best is trial 12 with value: 0.1781812275632354.
[I 2024-06-19 08:50:05,568] Trial 17 finished with value: 0.20357483006658234 and parameters: {'p': 4, 'd': 0, 'q': 4}. Best is trial 12 with value: 0.1781812275632354.
[I 2024-06-19 08:50:05,580] Trial 18 finished with value: 1000.0 and parameters: {'p': 2, 'd': 2, 'q': 3}. Best is trial 12 with value: 0.1781812275632354.
[I 2024-06-19 08:53:34,394] Trial 19 finished with value: 0.1981290260052463 and parameters: {'p': 3, 'd': 0, 'q': 4}. Best is trial 12 with value: 0.1781812275632354.
[I 2024-06-19 08:53:34,406] Trial 20 finished with value: 1000.0 and parameters: {'p': 1, 'd': 1, 'q': 3}. Best is trial 12 with value: 0.1781812275632354.
[I 2024-06-19 08:56:43,287] Trial 21 finished with value: 0.18460925269252315 and parameters: {'p': 1, 'd': 0, 'q': 5}. Best is trial 12 with value: 0.1781812275632354.
[I 2024-06-19 08:59:51,119] Trial 22 finished with value: 0.18460925269252315 and parameters: {'p': 1, 'd': 0, 'q': 5}. Best is trial 12 with value: 0.1781812275632354.
[I 2024-06-19 08:59:51,131] Trial 23 finished with value: 1000.0 and parameters: {'p': 2, 'd': 1, 'q': 4}. Best is trial 12 with value: 0.1781812275632354.
