[I 2024-06-18 16:38:26,385] Trial 65 finished with value: 1000.0 and parameters: {'p': 2, 'd': 1, 'q': 1}. Best is trial 1 with value: 0.35503280434101253.
[I 2024-06-18 16:38:43,305] Trial 66 finished with value: 0.36265410150979044 and parameters: {'p': 3, 'd': 0, 'q': 0}. Best is trial 1 with value: 0.35503280434101253.
[I 2024-06-18 16:38:55,161] Trial 67 finished with value: 0.35503280434101253 and parameters: {'p': 2, 'd': 0, 'q': 0}. Best is trial 1 with value: 0.35503280434101253.
[I 2024-06-18 16:38:55,175] Trial 68 finished with value: 1000.0 and parameters: {'p': 1, 'd': 1, 'q': 5}. Best is trial 1 with value: 0.35503280434101253.
[I 2024-06-18 16:39:15,267] Trial 69 finished with value: 0.3735360510824121 and parameters: {'p': 2, 'd': 0, 'q': 1}. Best is trial 1 with value: 0.35503280434101253.
[I 2024-06-18 16:39:31,982] Trial 70 finished with value: 0.36265410150979044 and parameters: {'p': 3, 'd': 0, 'q': 0}. Best is trial 1 with value: 0.35503280434101253.
[I 2024-06-18 16:39:43,664] Trial 71 finished with value: 0.35503280434101253 and parameters: {'p': 2, 'd': 0, 'q': 0}. Best is trial 1 with value: 0.35503280434101253.
[I 2024-06-18 16:39:55,117] Trial 72 finished with value: 0.35503280434101253 and parameters: {'p': 2, 'd': 0, 'q': 0}. Best is trial 1 with value: 0.35503280434101253.
[I 2024-06-18 16:40:06,503] Trial 73 finished with value: 0.35503280434101253 and parameters: {'p': 2, 'd': 0, 'q': 0}. Best is trial 1 with value: 0.35503280434101253.
[I 2024-06-18 16:40:06,517] Trial 74 finished with value: 1000.0 and parameters: {'p': 2, 'd': 1, 'q': 0}. Best is trial 1 with value: 0.35503280434101253.
[I 2024-06-18 16:40:17,900] Trial 75 finished with value: 0.35503280434101253 and parameters: {'p': 2, 'd': 0, 'q': 0}. Best is trial 1 with value: 0.35503280434101253.
[I 2024-06-18 16:40:41,581] Trial 76 finished with value: 0.395883285790824 and parameters: {'p': 5, 'd': 0, 'q': 0}. Best is trial 1 with value: 0.35503280434101253.
[I 2024-06-18 16:41:01,101] Trial 77 finished with value: 0.3735360510824121 and parameters: {'p': 2, 'd': 0, 'q': 1}. Best is trial 1 with value: 0.35503280434101253.
[I 2024-06-18 16:41:21,013] Trial 78 finished with value: 0.3740274787136691 and parameters: {'p': 1, 'd': 0, 'q': 2}. Best is trial 1 with value: 0.35503280434101253.
[I 2024-06-18 16:41:21,027] Trial 79 finished with value: 1000.0 and parameters: {'p': 2, 'd': 4, 'q': 0}. Best is trial 1 with value: 0.35503280434101253.
[I 2024-06-18 16:41:21,041] Trial 80 finished with value: 1000.0 and parameters: {'p': 2, 'd': 1, 'q': 1}. Best is trial 1 with value: 0.35503280434101253.
[I 2024-06-18 16:41:32,470] Trial 81 finished with value: 0.35503280434101253 and parameters: {'p': 2, 'd': 0, 'q': 0}. Best is trial 1 with value: 0.35503280434101253.
[I 2024-06-18 16:41:44,035] Trial 82 finished with value: 0.35503280434101253 and parameters: {'p': 2, 'd': 0, 'q': 0}. Best is trial 1 with value: 0.35503280434101253.
[I 2024-06-18 16:41:55,751] Trial 83 finished with value: 0.35503280434101253 and parameters: {'p': 2, 'd': 0, 'q': 0}. Best is trial 1 with value: 0.35503280434101253.
[I 2024-06-18 16:42:07,320] Trial 84 finished with value: 0.35503280434101253 and parameters: {'p': 2, 'd': 0, 'q': 0}. Best is trial 1 with value: 0.35503280434101253.
[I 2024-06-18 16:42:18,886] Trial 85 finished with value: 0.35503280434101253 and parameters: {'p': 2, 'd': 0, 'q': 0}. Best is trial 1 with value: 0.35503280434101253.
[I 2024-06-18 16:42:35,441] Trial 86 finished with value: 0.36265410150979044 and parameters: {'p': 3, 'd': 0, 'q': 0}. Best is trial 1 with value: 0.35503280434101253.
[I 2024-06-18 16:43:14,231] Trial 87 finished with value: 0.40600969135886045 and parameters: {'p': 2, 'd': 0, 'q': 3}. Best is trial 1 with value: 0.35503280434101253.
[I 2024-06-18 16:43:25,989] Trial 88 finished with value: 0.35503280434101253 and parameters: {'p': 2, 'd': 0, 'q': 0}. Best is trial 1 with value: 0.35503280434101253.
[I 2024-06-18 16:43:26,004] Trial 89 finished with value: 1000.0 and parameters: {'p': 2, 'd': 1, 'q': 0}. Best is trial 1 with value: 0.35503280434101253.
[I 2024-06-18 16:43:39,623] Trial 90 finished with value: 0.3521456939794821 and parameters: {'p': 1, 'd': 0, 'q': 1}. Best is trial 90 with value: 0.3521456939794821.
[I 2024-06-18 16:43:48,894] Trial 91 finished with value: 0.4089616708778019 and parameters: {'p': 1, 'd': 0, 'q': 0}. Best is trial 90 with value: 0.3521456939794821.
[I 2024-06-18 16:44:22,009] Trial 92 finished with value: 0.3763847841406007 and parameters: {'p': 4, 'd': 0, 'q': 1}. Best is trial 90 with value: 0.3521456939794821.
[I 2024-06-18 16:44:31,747] Trial 93 finished with value: 0.4089616708778019 and parameters: {'p': 1, 'd': 0, 'q': 0}. Best is trial 90 with value: 0.3521456939794821.
[I 2024-06-18 16:44:52,320] Trial 94 finished with value: 0.3740274787136691 and parameters: {'p': 1, 'd': 0, 'q': 2}. Best is trial 90 with value: 0.3521456939794821.
[I 2024-06-18 16:45:04,101] Trial 95 finished with value: 0.35503280434101253 and parameters: {'p': 2, 'd': 0, 'q': 0}. Best is trial 90 with value: 0.3521456939794821.
[I 2024-06-18 16:45:17,434] Trial 96 finished with value: 0.3521456939794821 and parameters: {'p': 1, 'd': 0, 'q': 1}. Best is trial 90 with value: 0.3521456939794821.
[I 2024-06-18 16:45:17,449] Trial 97 finished with value: 1000.0 and parameters: {'p': 1, 'd': 3, 'q': 1}. Best is trial 90 with value: 0.3521456939794821.
[I 2024-06-18 16:45:17,462] Trial 98 finished with value: 1000.0 and parameters: {'p': 1, 'd': 2, 'q': 2}. Best is trial 90 with value: 0.3521456939794821.
[I 2024-06-18 16:45:30,575] Trial 99 finished with value: 0.3521456939794821 and parameters: {'p': 1, 'd': 0, 'q': 1}. Best is trial 90 with value: 0.3521456939794821.
[I 2024-06-18 16:45:33,405] A new study created in memory with name: no-name-85811413-6852-4274-9bdc-dd4358aa3260
[I 2024-06-18 16:45:33,407] Trial 0 finished with value: 1000.0 and parameters: {'p': 5, 'd': 3, 'q': 2}. Best is trial 0 with value: 1000.0.
[I 2024-06-18 16:45:33,408] Trial 1 finished with value: 1000.0 and parameters: {'p': 2, 'd': 5, 'q': 3}. Best is trial 0 with value: 1000.0.
[I 2024-06-18 16:45:33,410] Trial 2 finished with value: 1000.0 and parameters: {'p': 4, 'd': 4, 'q': 3}. Best is trial 0 with value: 1000.0.
ARIMA Reynolds y_4 0.5500244685003255 0.41383596286755486 -7.3 24.9
(195, 28) (84, 28)
[I 2024-06-18 16:46:06,818] Trial 3 finished with value: 0.10089333776745697 and parameters: {'p': 1, 'd': 0, 'q': 3}. Best is trial 3 with value: 0.10089333776745697.
[I 2024-06-18 16:46:06,821] Trial 4 finished with value: 1000.0 and parameters: {'p': 4, 'd': 3, 'q': 3}. Best is trial 3 with value: 0.10089333776745697.
[I 2024-06-18 16:46:06,823] Trial 5 finished with value: 1000.0 and parameters: {'p': 2, 'd': 4, 'q': 0}. Best is trial 3 with value: 0.10089333776745697.
[I 2024-06-18 16:46:06,825] Trial 6 finished with value: 1000.0 and parameters: {'p': 5, 'd': 4, 'q': 1}. Best is trial 3 with value: 0.10089333776745697.
[I 2024-06-18 16:46:06,826] Trial 7 finished with value: 1000.0 and parameters: {'p': 1, 'd': 2, 'q': 5}. Best is trial 3 with value: 0.10089333776745697.
[I 2024-06-18 16:46:06,828] Trial 8 finished with value: 1000.0 and parameters: {'p': 1, 'd': 1, 'q': 1}. Best is trial 3 with value: 0.10089333776745697.
[I 2024-06-18 16:46:06,830] Trial 9 finished with value: 1000.0 and parameters: {'p': 2, 'd': 3, 'q': 4}. Best is trial 3 with value: 0.10089333776745697.
[I 2024-06-18 16:47:23,110] Trial 10 finished with value: 0.11067319885093113 and parameters: {'p': 3, 'd': 0, 'q': 5}. Best is trial 3 with value: 0.10089333776745697.
[I 2024-06-18 16:48:37,323] Trial 11 finished with value: 0.11067319885093113 and parameters: {'p': 3, 'd': 0, 'q': 5}. Best is trial 3 with value: 0.10089333776745697.
[I 2024-06-18 16:49:38,192] Trial 12 finished with value: 0.11298755164879948 and parameters: {'p': 3, 'd': 0, 'q': 4}. Best is trial 3 with value: 0.10089333776745697.
[I 2024-06-18 16:49:38,203] Trial 13 finished with value: 1000.0 and parameters: {'p': 1, 'd': 1, 'q': 4}. Best is trial 3 with value: 0.10089333776745697.
[I 2024-06-18 16:49:38,215] Trial 14 finished with value: 1000.0 and parameters: {'p': 4, 'd': 1, 'q': 5}. Best is trial 3 with value: 0.10089333776745697.
[I 2024-06-18 16:50:11,351] Trial 15 finished with value: 0.09810644682744286 and parameters: {'p': 2, 'd': 0, 'q': 2}. Best is trial 15 with value: 0.09810644682744286.
[I 2024-06-18 16:50:11,363] Trial 16 finished with value: 1000.0 and parameters: {'p': 2, 'd': 2, 'q': 2}. Best is trial 15 with value: 0.09810644682744286.
[I 2024-06-18 16:50:11,376] Trial 17 finished with value: 1000.0 and parameters: {'p': 1, 'd': 1, 'q': 1}. Best is trial 15 with value: 0.09810644682744286.
[I 2024-06-18 16:50:44,522] Trial 18 finished with value: 0.09810644682744286 and parameters: {'p': 2, 'd': 0, 'q': 2}. Best is trial 15 with value: 0.09810644682744286.
[I 2024-06-18 16:50:44,534] Trial 19 finished with value: 1000.0 and parameters: {'p': 3, 'd': 2, 'q': 0}. Best is trial 15 with value: 0.09810644682744286.
[I 2024-06-18 16:51:17,855] Trial 20 finished with value: 0.09810644682744286 and parameters: {'p': 2, 'd': 0, 'q': 2}. Best is trial 15 with value: 0.09810644682744286.
[I 2024-06-18 16:51:51,081] Trial 21 finished with value: 0.09810644682744286 and parameters: {'p': 2, 'd': 0, 'q': 2}. Best is trial 15 with value: 0.09810644682744286.
[I 2024-06-18 16:51:51,094] Trial 22 finished with value: 1000.0 and parameters: {'p': 2, 'd': 1, 'q': 2}. Best is trial 15 with value: 0.09810644682744286.
[I 2024-06-18 16:52:15,420] Trial 23 finished with value: 0.1009101537996225 and parameters: {'p': 2, 'd': 0, 'q': 1}. Best is trial 15 with value: 0.09810644682744286.
[I 2024-06-18 16:52:15,432] Trial 24 finished with value: 1000.0 and parameters: {'p': 3, 'd': 1, 'q': 2}. Best is trial 15 with value: 0.09810644682744286.
[I 2024-06-18 16:52:39,718] Trial 25 finished with value: 0.1009101537996225 and parameters: {'p': 2, 'd': 0, 'q': 1}. Best is trial 15 with value: 0.09810644682744286.
[I 2024-06-18 16:52:39,732] Trial 26 finished with value: 1000.0 and parameters: {'p': 3, 'd': 1, 'q': 2}. Best is trial 15 with value: 0.09810644682744286.
[I 2024-06-18 16:53:24,248] Trial 27 finished with value: 0.1121715734958503 and parameters: {'p': 2, 'd': 0, 'q': 3}. Best is trial 15 with value: 0.09810644682744286.
[I 2024-06-18 16:53:24,262] Trial 28 finished with value: 1000.0 and parameters: {'p': 1, 'd': 2, 'q': 1}. Best is trial 15 with value: 0.09810644682744286.
[I 2024-06-18 16:53:58,133] Trial 29 finished with value: 0.09810644682744286 and parameters: {'p': 2, 'd': 0, 'q': 2}. Best is trial 15 with value: 0.09810644682744286.
[I 2024-06-18 16:53:58,146] Trial 30 finished with value: 1000.0 and parameters: {'p': 3, 'd': 1, 'q': 0}. Best is trial 15 with value: 0.09810644682744286.
[I 2024-06-18 16:54:31,861] Trial 31 finished with value: 0.09810644682744286 and parameters: {'p': 2, 'd': 0, 'q': 2}. Best is trial 15 with value: 0.09810644682744286.
[I 2024-06-18 16:55:05,412] Trial 32 finished with value: 0.09810644682744286 and parameters: {'p': 2, 'd': 0, 'q': 2}. Best is trial 15 with value: 0.09810644682744286.
[I 2024-06-18 16:55:05,425] Trial 33 finished with value: 1000.0 and parameters: {'p': 2, 'd': 5, 'q': 3}. Best is trial 15 with value: 0.09810644682744286.
[I 2024-06-18 16:55:38,370] Trial 34 finished with value: 0.10089333776745697 and parameters: {'p': 1, 'd': 0, 'q': 3}. Best is trial 15 with value: 0.09810644682744286.
[I 2024-06-18 16:56:23,041] Trial 35 finished with value: 0.1121715734958503 and parameters: {'p': 2, 'd': 0, 'q': 3}. Best is trial 15 with value: 0.09810644682744286.
[I 2024-06-18 16:56:23,054] Trial 36 finished with value: 1000.0 and parameters: {'p': 1, 'd': 1, 'q': 2}. Best is trial 15 with value: 0.09810644682744286.
[I 2024-06-18 16:57:09,360] Trial 37 finished with value: 0.10152520063448715 and parameters: {'p': 3, 'd': 0, 'q': 2}. Best is trial 15 with value: 0.09810644682744286.
[I 2024-06-18 16:57:09,373] Trial 38 finished with value: 1000.0 and parameters: {'p': 5, 'd': 1, 'q': 1}. Best is trial 15 with value: 0.09810644682744286.
[I 2024-06-18 16:57:09,388] Trial 39 finished with value: 1000.0 and parameters: {'p': 4, 'd': 5, 'q': 3}. Best is trial 15 with value: 0.09810644682744286.
[I 2024-06-18 16:57:09,402] Trial 40 finished with value: 1000.0 and parameters: {'p': 2, 'd': 2, 'q': 1}. Best is trial 15 with value: 0.09810644682744286.
[I 2024-06-18 16:57:42,592] Trial 41 finished with value: 0.09810644682744286 and parameters: {'p': 2, 'd': 0, 'q': 2}. Best is trial 15 with value: 0.09810644682744286.
[I 2024-06-18 16:58:15,703] Trial 42 finished with value: 0.09810644682744286 and parameters: {'p': 2, 'd': 0, 'q': 2}. Best is trial 15 with value: 0.09810644682744286.
[I 2024-06-18 16:58:48,854] Trial 43 finished with value: 0.09810644682744286 and parameters: {'p': 2, 'd': 0, 'q': 2}. Best is trial 15 with value: 0.09810644682744286.
[I 2024-06-18 16:59:21,499] Trial 44 finished with value: 0.10089333776745697 and parameters: {'p': 1, 'd': 0, 'q': 3}. Best is trial 15 with value: 0.09810644682744286.
[I 2024-06-18 16:59:54,690] Trial 45 finished with value: 0.09810644682744286 and parameters: {'p': 2, 'd': 0, 'q': 2}. Best is trial 15 with value: 0.09810644682744286.
[I 2024-06-18 16:59:54,703] Trial 46 finished with value: 1000.0 and parameters: {'p': 3, 'd': 4, 'q': 1}. Best is trial 15 with value: 0.09810644682744286.
[I 2024-06-18 16:59:54,716] Trial 47 finished with value: 1000.0 and parameters: {'p': 1, 'd': 1, 'q': 2}. Best is trial 15 with value: 0.09810644682744286.
[I 2024-06-18 17:00:48,025] Trial 48 finished with value: 0.10050871026983006 and parameters: {'p': 2, 'd': 0, 'q': 4}. Best is trial 15 with value: 0.09810644682744286.
[I 2024-06-18 17:00:48,038] Trial 49 finished with value: 1000.0 and parameters: {'p': 3, 'd': 3, 'q': 3}. Best is trial 15 with value: 0.09810644682744286.
[I 2024-06-18 17:00:48,051] Trial 50 finished with value: 1000.0 and parameters: {'p': 2, 'd': 1, 'q': 2}. Best is trial 15 with value: 0.09810644682744286.
[I 2024-06-18 17:01:21,940] Trial 51 finished with value: 0.09810644682744286 and parameters: {'p': 2, 'd': 0, 'q': 2}. Best is trial 15 with value: 0.09810644682744286.
[I 2024-06-18 17:01:55,898] Trial 52 finished with value: 0.09810644682744286 and parameters: {'p': 2, 'd': 0, 'q': 2}. Best is trial 15 with value: 0.09810644682744286.
[I 2024-06-18 17:02:19,895] Trial 53 finished with value: 0.1009101537996225 and parameters: {'p': 2, 'd': 0, 'q': 1}. Best is trial 15 with value: 0.09810644682744286.
[I 2024-06-18 17:02:43,590] Trial 54 finished with value: 0.09485335137130277 and parameters: {'p': 1, 'd': 0, 'q': 2}. Best is trial 54 with value: 0.09485335137130277.
[I 2024-06-18 17:02:43,603] Trial 55 finished with value: 1000.0 and parameters: {'p': 1, 'd': 1, 'q': 2}. Best is trial 54 with value: 0.09485335137130277.
[I 2024-06-18 17:03:16,400] Trial 56 finished with value: 0.10089333776745697 and parameters: {'p': 1, 'd': 0, 'q': 3}. Best is trial 54 with value: 0.09485335137130277.
[I 2024-06-18 17:03:33,081] Trial 57 finished with value: 0.09265990791075175 and parameters: {'p': 1, 'd': 0, 'q': 1}. Best is trial 57 with value: 0.09265990791075175.
[I 2024-06-18 17:03:33,095] Trial 58 finished with value: 1000.0 and parameters: {'p': 1, 'd': 1, 'q': 0}. Best is trial 57 with value: 0.09265990791075175.
[I 2024-06-18 17:03:49,775] Trial 59 finished with value: 0.09265990791075175 and parameters: {'p': 1, 'd': 0, 'q': 1}. Best is trial 57 with value: 0.09265990791075175.
[I 2024-06-18 17:03:49,790] Trial 60 finished with value: 1000.0 and parameters: {'p': 1, 'd': 1, 'q': 1}. Best is trial 57 with value: 0.09265990791075175.
[I 2024-06-18 17:04:06,542] Trial 61 finished with value: 0.09265990791075175 and parameters: {'p': 1, 'd': 0, 'q': 1}. Best is trial 57 with value: 0.09265990791075175.
[I 2024-06-18 17:04:23,320] Trial 62 finished with value: 0.09265990791075175 and parameters: {'p': 1, 'd': 0, 'q': 1}. Best is trial 57 with value: 0.09265990791075175.
[I 2024-06-18 17:04:33,198] Trial 63 finished with value: 0.12827282368077703 and parameters: {'p': 1, 'd': 0, 'q': 0}. Best is trial 57 with value: 0.09265990791075175.
[I 2024-06-18 17:04:49,961] Trial 64 finished with value: 0.09265990791075175 and parameters: {'p': 1, 'd': 0, 'q': 1}. Best is trial 57 with value: 0.09265990791075175.
[I 2024-06-18 17:05:06,755] Trial 65 finished with value: 0.09265990791075175 and parameters: {'p': 1, 'd': 0, 'q': 1}. Best is trial 57 with value: 0.09265990791075175.
[I 2024-06-18 17:05:23,429] Trial 66 finished with value: 0.09265990791075175 and parameters: {'p': 1, 'd': 0, 'q': 1}. Best is trial 57 with value: 0.09265990791075175.
[I 2024-06-18 17:05:40,128] Trial 67 finished with value: 0.09265990791075175 and parameters: {'p': 1, 'd': 0, 'q': 1}. Best is trial 57 with value: 0.09265990791075175.
[I 2024-06-18 17:05:50,042] Trial 68 finished with value: 0.12827282368077703 and parameters: {'p': 1, 'd': 0, 'q': 0}. Best is trial 57 with value: 0.09265990791075175.
[I 2024-06-18 17:05:50,056] Trial 69 finished with value: 1000.0 and parameters: {'p': 1, 'd': 1, 'q': 1}. Best is trial 57 with value: 0.09265990791075175.
[I 2024-06-18 17:06:06,806] Trial 70 finished with value: 0.09265990791075175 and parameters: {'p': 1, 'd': 0, 'q': 1}. Best is trial 57 with value: 0.09265990791075175.
[I 2024-06-18 17:06:23,676] Trial 71 finished with value: 0.09265990791075175 and parameters: {'p': 1, 'd': 0, 'q': 1}. Best is trial 57 with value: 0.09265990791075175.
[I 2024-06-18 17:06:40,396] Trial 72 finished with value: 0.09265990791075175 and parameters: {'p': 1, 'd': 0, 'q': 1}. Best is trial 57 with value: 0.09265990791075175.
[I 2024-06-18 17:06:57,126] Trial 73 finished with value: 0.09265990791075175 and parameters: {'p': 1, 'd': 0, 'q': 1}. Best is trial 57 with value: 0.09265990791075175.
[I 2024-06-18 17:07:07,020] Trial 74 finished with value: 0.12827282368077703 and parameters: {'p': 1, 'd': 0, 'q': 0}. Best is trial 57 with value: 0.09265990791075175.
[I 2024-06-18 17:07:23,749] Trial 75 finished with value: 0.09265990791075175 and parameters: {'p': 1, 'd': 0, 'q': 1}. Best is trial 57 with value: 0.09265990791075175.
[I 2024-06-18 17:07:40,455] Trial 76 finished with value: 0.09265990791075175 and parameters: {'p': 1, 'd': 0, 'q': 1}. Best is trial 57 with value: 0.09265990791075175.
[I 2024-06-18 17:07:57,376] Trial 77 finished with value: 0.09265990791075175 and parameters: {'p': 1, 'd': 0, 'q': 1}. Best is trial 57 with value: 0.09265990791075175.
[I 2024-06-18 17:07:57,390] Trial 78 finished with value: 1000.0 and parameters: {'p': 1, 'd': 1, 'q': 0}. Best is trial 57 with value: 0.09265990791075175.
[I 2024-06-18 17:08:14,097] Trial 79 finished with value: 0.09265990791075175 and parameters: {'p': 1, 'd': 0, 'q': 1}. Best is trial 57 with value: 0.09265990791075175.
[I 2024-06-18 17:08:14,112] Trial 80 finished with value: 1000.0 and parameters: {'p': 1, 'd': 4, 'q': 1}. Best is trial 57 with value: 0.09265990791075175.
[I 2024-06-18 17:08:30,856] Trial 81 finished with value: 0.09265990791075175 and parameters: {'p': 1, 'd': 0, 'q': 1}. Best is trial 57 with value: 0.09265990791075175.
[I 2024-06-18 17:08:47,533] Trial 82 finished with value: 0.09265990791075175 and parameters: {'p': 1, 'd': 0, 'q': 1}. Best is trial 57 with value: 0.09265990791075175.
[I 2024-06-18 17:09:04,059] Trial 83 finished with value: 0.09265990791075175 and parameters: {'p': 1, 'd': 0, 'q': 1}. Best is trial 57 with value: 0.09265990791075175.
[I 2024-06-18 17:09:20,587] Trial 84 finished with value: 0.09265990791075175 and parameters: {'p': 1, 'd': 0, 'q': 1}. Best is trial 57 with value: 0.09265990791075175.
[I 2024-06-18 17:09:37,173] Trial 85 finished with value: 0.09265990791075175 and parameters: {'p': 1, 'd': 0, 'q': 1}. Best is trial 57 with value: 0.09265990791075175.
[I 2024-06-18 17:09:37,187] Trial 86 finished with value: 1000.0 and parameters: {'p': 1, 'd': 1, 'q': 0}. Best is trial 57 with value: 0.09265990791075175.
[I 2024-06-18 17:09:37,200] Trial 87 finished with value: 1000.0 and parameters: {'p': 4, 'd': 3, 'q': 1}. Best is trial 57 with value: 0.09265990791075175.
[I 2024-06-18 17:09:53,714] Trial 88 finished with value: 0.09265990791075175 and parameters: {'p': 1, 'd': 0, 'q': 1}. Best is trial 57 with value: 0.09265990791075175.
[I 2024-06-18 17:10:10,330] Trial 89 finished with value: 0.09265990791075175 and parameters: {'p': 1, 'd': 0, 'q': 1}. Best is trial 57 with value: 0.09265990791075175.
[I 2024-06-18 17:10:20,061] Trial 90 finished with value: 0.12827282368077703 and parameters: {'p': 1, 'd': 0, 'q': 0}. Best is trial 57 with value: 0.09265990791075175.
[I 2024-06-18 17:10:36,539] Trial 91 finished with value: 0.09265990791075175 and parameters: {'p': 1, 'd': 0, 'q': 1}. Best is trial 57 with value: 0.09265990791075175.
[I 2024-06-18 17:10:53,412] Trial 92 finished with value: 0.09265990791075175 and parameters: {'p': 1, 'd': 0, 'q': 1}. Best is trial 57 with value: 0.09265990791075175.
[I 2024-06-18 17:11:10,141] Trial 93 finished with value: 0.09265990791075175 and parameters: {'p': 1, 'd': 0, 'q': 1}. Best is trial 57 with value: 0.09265990791075175.
[I 2024-06-18 17:11:26,856] Trial 94 finished with value: 0.09265990791075175 and parameters: {'p': 1, 'd': 0, 'q': 1}. Best is trial 57 with value: 0.09265990791075175.
[I 2024-06-18 17:11:43,727] Trial 95 finished with value: 0.09265990791075175 and parameters: {'p': 1, 'd': 0, 'q': 1}. Best is trial 57 with value: 0.09265990791075175.
[I 2024-06-18 17:12:00,397] Trial 96 finished with value: 0.09265990791075175 and parameters: {'p': 1, 'd': 0, 'q': 1}. Best is trial 57 with value: 0.09265990791075175.
