[I 2024-06-18 14:39:49,627] Trial 67 finished with value: 1.6567239244898107 and parameters: {'p': 3, 'd': 0, 'q': 3}. Best is trial 20 with value: 1.2774811308171623.
[I 2024-06-18 14:39:49,641] Trial 68 finished with value: 1000.0 and parameters: {'p': 2, 'd': 1, 'q': 0}. Best is trial 20 with value: 1.2774811308171623.
[I 2024-06-18 14:40:02,464] Trial 69 finished with value: 1.2774811308171623 and parameters: {'p': 3, 'd': 0, 'q': 0}. Best is trial 20 with value: 1.2774811308171623.
[I 2024-06-18 14:40:02,477] Trial 70 finished with value: 1000.0 and parameters: {'p': 2, 'd': 1, 'q': 0}. Best is trial 20 with value: 1.2774811308171623.
[I 2024-06-18 14:40:15,321] Trial 71 finished with value: 1.2774811308171623 and parameters: {'p': 3, 'd': 0, 'q': 0}. Best is trial 20 with value: 1.2774811308171623.
[I 2024-06-18 14:40:28,136] Trial 72 finished with value: 1.2774811308171623 and parameters: {'p': 3, 'd': 0, 'q': 0}. Best is trial 20 with value: 1.2774811308171623.
[I 2024-06-18 14:41:23,227] Trial 73 finished with value: 1.6470048305430949 and parameters: {'p': 3, 'd': 0, 'q': 4}. Best is trial 20 with value: 1.2774811308171623.
[I 2024-06-18 14:41:35,898] Trial 74 finished with value: 1.2774811308171623 and parameters: {'p': 3, 'd': 0, 'q': 0}. Best is trial 20 with value: 1.2774811308171623.
[I 2024-06-18 14:42:00,091] Trial 75 finished with value: 1.373116992787591 and parameters: {'p': 3, 'd': 0, 'q': 1}. Best is trial 20 with value: 1.2774811308171623.
[I 2024-06-18 14:42:13,202] Trial 76 finished with value: 1.2774811308171623 and parameters: {'p': 3, 'd': 0, 'q': 0}. Best is trial 20 with value: 1.2774811308171623.
[I 2024-06-18 14:42:26,474] Trial 77 finished with value: 1.2774811308171623 and parameters: {'p': 3, 'd': 0, 'q': 0}. Best is trial 20 with value: 1.2774811308171623.
[I 2024-06-18 14:42:42,874] Trial 78 finished with value: 1.3420208184778637 and parameters: {'p': 4, 'd': 0, 'q': 0}. Best is trial 20 with value: 1.2774811308171623.
[I 2024-06-18 14:42:42,888] Trial 79 finished with value: 1000.0 and parameters: {'p': 3, 'd': 1, 'q': 0}. Best is trial 20 with value: 1.2774811308171623.
[I 2024-06-18 14:43:12,310] Trial 80 finished with value: 1.4307376920278938 and parameters: {'p': 4, 'd': 0, 'q': 1}. Best is trial 20 with value: 1.2774811308171623.
[I 2024-06-18 14:43:24,939] Trial 81 finished with value: 1.2774811308171623 and parameters: {'p': 3, 'd': 0, 'q': 0}. Best is trial 20 with value: 1.2774811308171623.
[I 2024-06-18 14:43:37,545] Trial 82 finished with value: 1.2774811308171623 and parameters: {'p': 3, 'd': 0, 'q': 0}. Best is trial 20 with value: 1.2774811308171623.
[I 2024-06-18 14:43:50,008] Trial 83 finished with value: 1.2774811308171623 and parameters: {'p': 3, 'd': 0, 'q': 0}. Best is trial 20 with value: 1.2774811308171623.
[I 2024-06-18 14:44:02,839] Trial 84 finished with value: 1.2774811308171623 and parameters: {'p': 3, 'd': 0, 'q': 0}. Best is trial 20 with value: 1.2774811308171623.
[I 2024-06-18 14:44:49,547] Trial 85 finished with value: 1.6567239244898107 and parameters: {'p': 3, 'd': 0, 'q': 3}. Best is trial 20 with value: 1.2774811308171623.
[I 2024-06-18 14:45:02,533] Trial 86 finished with value: 1.2774811308171623 and parameters: {'p': 3, 'd': 0, 'q': 0}. Best is trial 20 with value: 1.2774811308171623.
[I 2024-06-18 14:45:02,548] Trial 87 finished with value: 1000.0 and parameters: {'p': 3, 'd': 1, 'q': 0}. Best is trial 20 with value: 1.2774811308171623.
[I 2024-06-18 14:45:12,432] Trial 88 finished with value: 1.213671354062376 and parameters: {'p': 2, 'd': 0, 'q': 0}. Best is trial 88 with value: 1.213671354062376.
[I 2024-06-18 14:45:22,239] Trial 89 finished with value: 1.213671354062376 and parameters: {'p': 2, 'd': 0, 'q': 0}. Best is trial 88 with value: 1.213671354062376.
[I 2024-06-18 14:45:22,253] Trial 90 finished with value: 1000.0 and parameters: {'p': 2, 'd': 3, 'q': 1}. Best is trial 88 with value: 1.213671354062376.
[I 2024-06-18 14:45:31,879] Trial 91 finished with value: 1.213671354062376 and parameters: {'p': 2, 'd': 0, 'q': 0}. Best is trial 88 with value: 1.213671354062376.
[I 2024-06-18 14:45:41,357] Trial 92 finished with value: 1.213671354062376 and parameters: {'p': 2, 'd': 0, 'q': 0}. Best is trial 88 with value: 1.213671354062376.
[I 2024-06-18 14:45:50,777] Trial 93 finished with value: 1.213671354062376 and parameters: {'p': 2, 'd': 0, 'q': 0}. Best is trial 88 with value: 1.213671354062376.
[I 2024-06-18 14:46:00,261] Trial 94 finished with value: 1.213671354062376 and parameters: {'p': 2, 'd': 0, 'q': 0}. Best is trial 88 with value: 1.213671354062376.
[I 2024-06-18 14:46:09,682] Trial 95 finished with value: 1.213671354062376 and parameters: {'p': 2, 'd': 0, 'q': 0}. Best is trial 88 with value: 1.213671354062376.
[I 2024-06-18 14:46:19,116] Trial 96 finished with value: 1.213671354062376 and parameters: {'p': 2, 'd': 0, 'q': 0}. Best is trial 88 with value: 1.213671354062376.
[I 2024-06-18 14:46:28,599] Trial 97 finished with value: 1.213671354062376 and parameters: {'p': 2, 'd': 0, 'q': 0}. Best is trial 88 with value: 1.213671354062376.
[I 2024-06-18 14:46:28,613] Trial 98 finished with value: 1000.0 and parameters: {'p': 2, 'd': 1, 'q': 0}. Best is trial 88 with value: 1.213671354062376.
[I 2024-06-18 14:46:38,044] Trial 99 finished with value: 1.213671354062376 and parameters: {'p': 2, 'd': 0, 'q': 0}. Best is trial 88 with value: 1.213671354062376.
[I 2024-06-18 14:46:40,041] A new study created in memory with name: no-name-a2b50296-1183-458e-b70d-9965ffe90a62
[I 2024-06-18 14:46:40,042] Trial 0 finished with value: 1000.0 and parameters: {'p': 3, 'd': 1, 'q': 3}. Best is trial 0 with value: 1000.0.
[I 2024-06-18 14:46:40,044] Trial 1 finished with value: 1000.0 and parameters: {'p': 5, 'd': 1, 'q': 3}. Best is trial 0 with value: 1000.0.
[I 2024-06-18 14:46:40,047] Trial 2 finished with value: 1000.0 and parameters: {'p': 1, 'd': 5, 'q': 2}. Best is trial 0 with value: 1000.0.
[I 2024-06-18 14:46:40,049] Trial 3 finished with value: 1000.0 and parameters: {'p': 1, 'd': 4, 'q': 3}. Best is trial 0 with value: 1000.0.
[I 2024-06-18 14:46:40,051] Trial 4 finished with value: 1000.0 and parameters: {'p': 2, 'd': 2, 'q': 2}. Best is trial 0 with value: 1000.0.
[I 2024-06-18 14:46:40,053] Trial 5 finished with value: 1000.0 and parameters: {'p': 2, 'd': 1, 'q': 4}. Best is trial 0 with value: 1000.0.
[I 2024-06-18 14:46:40,054] Trial 6 finished with value: 1000.0 and parameters: {'p': 2, 'd': 4, 'q': 1}. Best is trial 0 with value: 1000.0.
[I 2024-06-18 14:46:40,056] Trial 7 finished with value: 1000.0 and parameters: {'p': 2, 'd': 1, 'q': 0}. Best is trial 0 with value: 1000.0.
[I 2024-06-18 14:46:40,057] Trial 8 finished with value: 1000.0 and parameters: {'p': 1, 'd': 1, 'q': 0}. Best is trial 0 with value: 1000.0.
[I 2024-06-18 14:46:40,058] Trial 9 finished with value: 1000.0 and parameters: {'p': 4, 'd': 4, 'q': 0}. Best is trial 0 with value: 1000.0.
ARIMA Reynolds y_3 1.3259091000988243 0.7599640736307742 -8.6 31.5
(248, 28) (107, 28)
[I 2024-06-18 14:48:10,276] Trial 10 finished with value: 4.670461583341465 and parameters: {'p': 4, 'd': 0, 'q': 5}. Best is trial 10 with value: 4.670461583341465.
[I 2024-06-18 14:49:43,690] Trial 11 finished with value: 4.670461583341465 and parameters: {'p': 4, 'd': 0, 'q': 5}. Best is trial 10 with value: 4.670461583341465.
[I 2024-06-18 14:51:24,886] Trial 12 finished with value: 4.670461583341465 and parameters: {'p': 4, 'd': 0, 'q': 5}. Best is trial 10 with value: 4.670461583341465.
[I 2024-06-18 14:53:18,772] Trial 13 finished with value: 4.62158806258442 and parameters: {'p': 5, 'd': 0, 'q': 5}. Best is trial 13 with value: 4.62158806258442.
[I 2024-06-18 14:54:46,488] Trial 14 finished with value: 4.501363563414879 and parameters: {'p': 5, 'd': 0, 'q': 4}. Best is trial 14 with value: 4.501363563414879.
[I 2024-06-18 14:54:46,500] Trial 15 finished with value: 1000.0 and parameters: {'p': 5, 'd': 2, 'q': 4}. Best is trial 14 with value: 4.501363563414879.
[I 2024-06-18 14:54:46,511] Trial 16 finished with value: 1000.0 and parameters: {'p': 5, 'd': 3, 'q': 4}. Best is trial 14 with value: 4.501363563414879.
[I 2024-06-18 14:56:11,374] Trial 17 finished with value: 4.501363563414879 and parameters: {'p': 5, 'd': 0, 'q': 4}. Best is trial 14 with value: 4.501363563414879.
[I 2024-06-18 14:56:11,385] Trial 18 finished with value: 1000.0 and parameters: {'p': 3, 'd': 2, 'q': 4}. Best is trial 14 with value: 4.501363563414879.
[I 2024-06-18 14:56:11,397] Trial 19 finished with value: 1000.0 and parameters: {'p': 5, 'd': 3, 'q': 4}. Best is trial 14 with value: 4.501363563414879.
[I 2024-06-18 14:56:11,835] Trial 20 finished with value: 254.89806682080487 and parameters: {'p': 4, 'd': 0, 'q': 2}. Best is trial 14 with value: 4.501363563414879.
[I 2024-06-18 14:57:49,957] Trial 21 finished with value: 4.62158806258442 and parameters: {'p': 5, 'd': 0, 'q': 5}. Best is trial 14 with value: 4.501363563414879.
[I 2024-06-18 14:59:32,707] Trial 22 finished with value: 4.62158806258442 and parameters: {'p': 5, 'd': 0, 'q': 5}. Best is trial 14 with value: 4.501363563414879.
[I 2024-06-18 14:59:32,719] Trial 23 finished with value: 1000.0 and parameters: {'p': 5, 'd': 1, 'q': 4}. Best is trial 14 with value: 4.501363563414879.
[I 2024-06-18 15:00:40,892] Trial 24 finished with value: 4.291189617481791 and parameters: {'p': 4, 'd': 0, 'q': 3}. Best is trial 24 with value: 4.291189617481791.
[I 2024-06-18 15:01:49,676] Trial 25 finished with value: 4.291189617481791 and parameters: {'p': 4, 'd': 0, 'q': 3}. Best is trial 24 with value: 4.291189617481791.
[I 2024-06-18 15:01:49,689] Trial 26 finished with value: 1000.0 and parameters: {'p': 3, 'd': 1, 'q': 3}. Best is trial 24 with value: 4.291189617481791.
[I 2024-06-18 15:01:49,701] Trial 27 finished with value: 1000.0 and parameters: {'p': 4, 'd': 2, 'q': 1}. Best is trial 24 with value: 4.291189617481791.
[I 2024-06-18 15:02:58,604] Trial 28 finished with value: 4.291189617481791 and parameters: {'p': 4, 'd': 0, 'q': 3}. Best is trial 24 with value: 4.291189617481791.
[I 2024-06-18 15:02:58,617] Trial 29 finished with value: 1000.0 and parameters: {'p': 3, 'd': 1, 'q': 3}. Best is trial 24 with value: 4.291189617481791.
[I 2024-06-18 15:02:58,630] Trial 30 finished with value: 1000.0 and parameters: {'p': 4, 'd': 1, 'q': 2}. Best is trial 24 with value: 4.291189617481791.
[I 2024-06-18 15:04:06,639] Trial 31 finished with value: 4.291189617481791 and parameters: {'p': 4, 'd': 0, 'q': 3}. Best is trial 24 with value: 4.291189617481791.
[I 2024-06-18 15:05:13,685] Trial 32 finished with value: 4.291189617481791 and parameters: {'p': 4, 'd': 0, 'q': 3}. Best is trial 24 with value: 4.291189617481791.
[I 2024-06-18 15:06:12,367] Trial 33 finished with value: 4.080043809024008 and parameters: {'p': 3, 'd': 0, 'q': 3}. Best is trial 33 with value: 4.080043809024008.
[I 2024-06-18 15:06:12,380] Trial 34 finished with value: 1000.0 and parameters: {'p': 3, 'd': 5, 'q': 3}. Best is trial 33 with value: 4.080043809024008.
[I 2024-06-18 15:06:12,392] Trial 35 finished with value: 1000.0 and parameters: {'p': 3, 'd': 1, 'q': 2}. Best is trial 33 with value: 4.080043809024008.
[I 2024-06-18 15:06:12,404] Trial 36 finished with value: 1000.0 and parameters: {'p': 3, 'd': 1, 'q': 3}. Best is trial 33 with value: 4.080043809024008.
[I 2024-06-18 15:06:12,846] Trial 37 finished with value: 254.89806682080487 and parameters: {'p': 4, 'd': 0, 'q': 2}. Best is trial 33 with value: 4.080043809024008.
[I 2024-06-18 15:06:12,859] Trial 38 finished with value: 1000.0 and parameters: {'p': 2, 'd': 2, 'q': 1}. Best is trial 33 with value: 4.080043809024008.
[I 2024-06-18 15:06:12,872] Trial 39 finished with value: 1000.0 and parameters: {'p': 3, 'd': 1, 'q': 2}. Best is trial 33 with value: 4.080043809024008.
[I 2024-06-18 15:06:59,227] Trial 40 finished with value: 3.9625539038478275 and parameters: {'p': 2, 'd': 0, 'q': 3}. Best is trial 40 with value: 3.9625539038478275.
[I 2024-06-18 15:07:45,716] Trial 41 finished with value: 3.9625539038478275 and parameters: {'p': 2, 'd': 0, 'q': 3}. Best is trial 40 with value: 3.9625539038478275.
[I 2024-06-18 15:08:32,819] Trial 42 finished with value: 3.9625539038478275 and parameters: {'p': 2, 'd': 0, 'q': 3}. Best is trial 40 with value: 3.9625539038478275.
[I 2024-06-18 15:09:19,249] Trial 43 finished with value: 3.9625539038478275 and parameters: {'p': 2, 'd': 0, 'q': 3}. Best is trial 40 with value: 3.9625539038478275.
[I 2024-06-18 15:09:19,262] Trial 44 finished with value: 1000.0 and parameters: {'p': 2, 'd': 1, 'q': 3}. Best is trial 40 with value: 3.9625539038478275.
[I 2024-06-18 15:09:39,206] Trial 45 finished with value: 3.5051863517733803 and parameters: {'p': 1, 'd': 0, 'q': 2}. Best is trial 45 with value: 3.5051863517733803.
[I 2024-06-18 15:09:58,817] Trial 46 finished with value: 3.5051863517733803 and parameters: {'p': 1, 'd': 0, 'q': 2}. Best is trial 45 with value: 3.5051863517733803.
[I 2024-06-18 15:09:58,830] Trial 47 finished with value: 1000.0 and parameters: {'p': 1, 'd': 4, 'q': 1}. Best is trial 45 with value: 3.5051863517733803.
[I 2024-06-18 15:09:58,843] Trial 48 finished with value: 1000.0 and parameters: {'p': 1, 'd': 1, 'q': 2}. Best is trial 45 with value: 3.5051863517733803.
[I 2024-06-18 15:10:18,421] Trial 49 finished with value: 3.5051863517733803 and parameters: {'p': 1, 'd': 0, 'q': 2}. Best is trial 45 with value: 3.5051863517733803.
[I 2024-06-18 15:10:31,191] Trial 50 finished with value: 3.0530841505381607 and parameters: {'p': 1, 'd': 0, 'q': 1}. Best is trial 50 with value: 3.0530841505381607.
[I 2024-06-18 15:10:44,072] Trial 51 finished with value: 3.0530841505381607 and parameters: {'p': 1, 'd': 0, 'q': 1}. Best is trial 50 with value: 3.0530841505381607.
[I 2024-06-18 15:10:57,396] Trial 52 finished with value: 3.0530841505381607 and parameters: {'p': 1, 'd': 0, 'q': 1}. Best is trial 50 with value: 3.0530841505381607.
[I 2024-06-18 15:11:10,632] Trial 53 finished with value: 3.0530841505381607 and parameters: {'p': 1, 'd': 0, 'q': 1}. Best is trial 50 with value: 3.0530841505381607.
[I 2024-06-18 15:11:24,007] Trial 54 finished with value: 3.0530841505381607 and parameters: {'p': 1, 'd': 0, 'q': 1}. Best is trial 50 with value: 3.0530841505381607.
[I 2024-06-18 15:11:24,021] Trial 55 finished with value: 1000.0 and parameters: {'p': 1, 'd': 1, 'q': 0}. Best is trial 50 with value: 3.0530841505381607.
[I 2024-06-18 15:11:37,378] Trial 56 finished with value: 3.0530841505381607 and parameters: {'p': 1, 'd': 0, 'q': 1}. Best is trial 50 with value: 3.0530841505381607.
[I 2024-06-18 15:11:37,392] Trial 57 finished with value: 1000.0 and parameters: {'p': 1, 'd': 3, 'q': 1}. Best is trial 50 with value: 3.0530841505381607.
[I 2024-06-18 15:11:50,830] Trial 58 finished with value: 3.0530841505381607 and parameters: {'p': 1, 'd': 0, 'q': 1}. Best is trial 50 with value: 3.0530841505381607.
[I 2024-06-18 15:11:50,844] Trial 59 finished with value: 1000.0 and parameters: {'p': 1, 'd': 1, 'q': 1}. Best is trial 50 with value: 3.0530841505381607.
[I 2024-06-18 15:11:59,039] Trial 60 finished with value: 2.9102387354266757 and parameters: {'p': 1, 'd': 0, 'q': 0}. Best is trial 60 with value: 2.9102387354266757.
[I 2024-06-18 15:12:07,227] Trial 61 finished with value: 2.9102387354266757 and parameters: {'p': 1, 'd': 0, 'q': 0}. Best is trial 60 with value: 2.9102387354266757.
[I 2024-06-18 15:12:15,528] Trial 62 finished with value: 2.9102387354266757 and parameters: {'p': 1, 'd': 0, 'q': 0}. Best is trial 60 with value: 2.9102387354266757.
[I 2024-06-18 15:12:24,094] Trial 63 finished with value: 2.9102387354266757 and parameters: {'p': 1, 'd': 0, 'q': 0}. Best is trial 60 with value: 2.9102387354266757.
[I 2024-06-18 15:12:32,536] Trial 64 finished with value: 2.9102387354266757 and parameters: {'p': 1, 'd': 0, 'q': 0}. Best is trial 60 with value: 2.9102387354266757.
[I 2024-06-18 15:12:41,049] Trial 65 finished with value: 2.9102387354266757 and parameters: {'p': 1, 'd': 0, 'q': 0}. Best is trial 60 with value: 2.9102387354266757.
[I 2024-06-18 15:12:49,480] Trial 66 finished with value: 2.9102387354266757 and parameters: {'p': 1, 'd': 0, 'q': 0}. Best is trial 60 with value: 2.9102387354266757.
[I 2024-06-18 15:12:57,831] Trial 67 finished with value: 2.9102387354266757 and parameters: {'p': 1, 'd': 0, 'q': 0}. Best is trial 60 with value: 2.9102387354266757.
[I 2024-06-18 15:12:57,845] Trial 68 finished with value: 1000.0 and parameters: {'p': 1, 'd': 1, 'q': 0}. Best is trial 60 with value: 2.9102387354266757.
[I 2024-06-18 15:13:06,058] Trial 69 finished with value: 2.9102387354266757 and parameters: {'p': 1, 'd': 0, 'q': 0}. Best is trial 60 with value: 2.9102387354266757.
[I 2024-06-18 15:13:14,293] Trial 70 finished with value: 2.9102387354266757 and parameters: {'p': 1, 'd': 0, 'q': 0}. Best is trial 60 with value: 2.9102387354266757.
[I 2024-06-18 15:13:22,556] Trial 71 finished with value: 2.9102387354266757 and parameters: {'p': 1, 'd': 0, 'q': 0}. Best is trial 60 with value: 2.9102387354266757.
[I 2024-06-18 15:13:30,852] Trial 72 finished with value: 2.9102387354266757 and parameters: {'p': 1, 'd': 0, 'q': 0}. Best is trial 60 with value: 2.9102387354266757.
[I 2024-06-18 15:13:39,192] Trial 73 finished with value: 2.9102387354266757 and parameters: {'p': 1, 'd': 0, 'q': 0}. Best is trial 60 with value: 2.9102387354266757.
[I 2024-06-18 15:13:47,483] Trial 74 finished with value: 2.9102387354266757 and parameters: {'p': 1, 'd': 0, 'q': 0}. Best is trial 60 with value: 2.9102387354266757.
[I 2024-06-18 15:13:58,495] Trial 75 finished with value: 2.9862172686041624 and parameters: {'p': 2, 'd': 0, 'q': 0}. Best is trial 60 with value: 2.9102387354266757.
[I 2024-06-18 15:13:58,508] Trial 76 finished with value: 1000.0 and parameters: {'p': 1, 'd': 1, 'q': 0}. Best is trial 60 with value: 2.9102387354266757.
[I 2024-06-18 15:14:06,705] Trial 77 finished with value: 2.9102387354266757 and parameters: {'p': 1, 'd': 0, 'q': 0}. Best is trial 60 with value: 2.9102387354266757.
[I 2024-06-18 15:14:06,719] Trial 78 finished with value: 1000.0 and parameters: {'p': 2, 'd': 5, 'q': 0}. Best is trial 60 with value: 2.9102387354266757.
[I 2024-06-18 15:14:06,733] Trial 79 finished with value: 1000.0 and parameters: {'p': 1, 'd': 1, 'q': 0}. Best is trial 60 with value: 2.9102387354266757.
[I 2024-06-18 15:14:15,017] Trial 80 finished with value: 2.9102387354266757 and parameters: {'p': 1, 'd': 0, 'q': 0}. Best is trial 60 with value: 2.9102387354266757.
[I 2024-06-18 15:14:23,500] Trial 81 finished with value: 2.9102387354266757 and parameters: {'p': 1, 'd': 0, 'q': 0}. Best is trial 60 with value: 2.9102387354266757.
[I 2024-06-18 15:14:31,920] Trial 82 finished with value: 2.9102387354266757 and parameters: {'p': 1, 'd': 0, 'q': 0}. Best is trial 60 with value: 2.9102387354266757.
[I 2024-06-18 15:14:40,236] Trial 83 finished with value: 2.9102387354266757 and parameters: {'p': 1, 'd': 0, 'q': 0}. Best is trial 60 with value: 2.9102387354266757.
[I 2024-06-18 15:14:48,559] Trial 84 finished with value: 2.9102387354266757 and parameters: {'p': 1, 'd': 0, 'q': 0}. Best is trial 60 with value: 2.9102387354266757.
[I 2024-06-18 15:14:56,877] Trial 85 finished with value: 2.9102387354266757 and parameters: {'p': 1, 'd': 0, 'q': 0}. Best is trial 60 with value: 2.9102387354266757.
[I 2024-06-18 15:15:07,845] Trial 86 finished with value: 2.9862172686041624 and parameters: {'p': 2, 'd': 0, 'q': 0}. Best is trial 60 with value: 2.9102387354266757.
[I 2024-06-18 15:15:07,859] Trial 87 finished with value: 1000.0 and parameters: {'p': 1, 'd': 1, 'q': 0}. Best is trial 60 with value: 2.9102387354266757.
[I 2024-06-18 15:15:16,165] Trial 88 finished with value: 2.9102387354266757 and parameters: {'p': 1, 'd': 0, 'q': 0}. Best is trial 60 with value: 2.9102387354266757.
[I 2024-06-18 15:15:27,123] Trial 89 finished with value: 2.9862172686041624 and parameters: {'p': 2, 'd': 0, 'q': 0}. Best is trial 60 with value: 2.9102387354266757.
[I 2024-06-18 15:15:35,450] Trial 90 finished with value: 2.9102387354266757 and parameters: {'p': 1, 'd': 0, 'q': 0}. Best is trial 60 with value: 2.9102387354266757.
[I 2024-06-18 15:15:43,655] Trial 91 finished with value: 2.9102387354266757 and parameters: {'p': 1, 'd': 0, 'q': 0}. Best is trial 60 with value: 2.9102387354266757.
[I 2024-06-18 15:15:51,958] Trial 92 finished with value: 2.9102387354266757 and parameters: {'p': 1, 'd': 0, 'q': 0}. Best is trial 60 with value: 2.9102387354266757.
[I 2024-06-18 15:16:00,192] Trial 93 finished with value: 2.9102387354266757 and parameters: {'p': 1, 'd': 0, 'q': 0}. Best is trial 60 with value: 2.9102387354266757.
[I 2024-06-18 15:16:08,479] Trial 94 finished with value: 2.9102387354266757 and parameters: {'p': 1, 'd': 0, 'q': 0}. Best is trial 60 with value: 2.9102387354266757.
[I 2024-06-18 15:16:16,747] Trial 95 finished with value: 2.9102387354266757 and parameters: {'p': 1, 'd': 0, 'q': 0}. Best is trial 60 with value: 2.9102387354266757.
[I 2024-06-18 15:16:25,051] Trial 96 finished with value: 2.9102387354266757 and parameters: {'p': 1, 'd': 0, 'q': 0}. Best is trial 60 with value: 2.9102387354266757.
[I 2024-06-18 15:16:25,065] Trial 97 finished with value: 1000.0 and parameters: {'p': 1, 'd': 3, 'q': 0}. Best is trial 60 with value: 2.9102387354266757.
[I 2024-06-18 15:16:33,359] Trial 98 finished with value: 2.9102387354266757 and parameters: {'p': 1, 'd': 0, 'q': 0}. Best is trial 60 with value: 2.9102387354266757.
[I 2024-06-18 15:16:33,374] Trial 99 finished with value: 1000.0 and parameters: {'p': 1, 'd': 1, 'q': 0}. Best is trial 60 with value: 2.9102387354266757.
[I 2024-06-18 15:16:35,149] A new study created in memory with name: no-name-341ce689-75f0-4693-9648-45ff392fbb57
