[I 2024-06-18 13:27:54,807] A new study created in memory with name: no-name-e2a51fb9-555f-4206-b801-9eeca5c671e8
[I 2024-06-18 13:27:54,810] Trial 0 finished with value: 1000.0 and parameters: {'p': 1, 'd': 2, 'q': 0}. Best is trial 0 with value: 1000.0.
[I 2024-06-18 13:27:54,812] Trial 1 finished with value: 1000.0 and parameters: {'p': 3, 'd': 5, 'q': 3}. Best is trial 0 with value: 1000.0.
(195, 28) (84, 28)
[I 2024-06-18 13:28:43,573] Trial 2 finished with value: 0.47939167539023425 and parameters: {'p': 4, 'd': 0, 'q': 2}. Best is trial 2 with value: 0.47939167539023425.
[I 2024-06-18 13:28:43,574] Trial 3 finished with value: 1000.0 and parameters: {'p': 3, 'd': 2, 'q': 1}. Best is trial 2 with value: 0.47939167539023425.
[I 2024-06-18 13:28:43,582] Trial 4 finished with value: 1000.0 and parameters: {'p': 2, 'd': 4, 'q': 1}. Best is trial 2 with value: 0.47939167539023425.
[I 2024-06-18 13:28:54,392] Trial 5 finished with value: 0.4536289246295372 and parameters: {'p': 2, 'd': 0, 'q': 0}. Best is trial 5 with value: 0.4536289246295372.
[I 2024-06-18 13:28:54,394] Trial 6 finished with value: 1000.0 and parameters: {'p': 3, 'd': 5, 'q': 4}. Best is trial 5 with value: 0.4536289246295372.
[I 2024-06-18 13:28:54,395] Trial 7 finished with value: 1000.0 and parameters: {'p': 5, 'd': 5, 'q': 1}. Best is trial 5 with value: 0.4536289246295372.
[I 2024-06-18 13:28:54,397] Trial 8 finished with value: 1000.0 and parameters: {'p': 1, 'd': 2, 'q': 0}. Best is trial 5 with value: 0.4536289246295372.
[I 2024-06-18 13:28:54,399] Trial 9 finished with value: 1000.0 and parameters: {'p': 2, 'd': 3, 'q': 3}. Best is trial 5 with value: 0.4536289246295372.
[I 2024-06-18 13:30:00,088] Trial 10 finished with value: 0.48529952058929243 and parameters: {'p': 2, 'd': 0, 'q': 5}. Best is trial 5 with value: 0.4536289246295372.
[I 2024-06-18 13:30:57,211] Trial 11 finished with value: 0.48295753003404246 and parameters: {'p': 5, 'd': 0, 'q': 2}. Best is trial 5 with value: 0.4536289246295372.
[I 2024-06-18 13:30:57,225] Trial 12 finished with value: 1000.0 and parameters: {'p': 4, 'd': 1, 'q': 2}. Best is trial 5 with value: 0.4536289246295372.
[I 2024-06-18 13:31:16,581] Trial 13 finished with value: 0.449563815364008 and parameters: {'p': 4, 'd': 0, 'q': 0}. Best is trial 13 with value: 0.449563815364008.
[I 2024-06-18 13:31:16,592] Trial 14 finished with value: 1000.0 and parameters: {'p': 4, 'd': 1, 'q': 0}. Best is trial 13 with value: 0.449563815364008.
[I 2024-06-18 13:31:16,604] Trial 15 finished with value: 1000.0 and parameters: {'p': 2, 'd': 1, 'q': 0}. Best is trial 13 with value: 0.449563815364008.
[I 2024-06-18 13:31:48,958] Trial 16 finished with value: 0.45518793003677466 and parameters: {'p': 4, 'd': 0, 'q': 1}. Best is trial 13 with value: 0.449563815364008.
[I 2024-06-18 13:31:48,970] Trial 17 finished with value: 1000.0 and parameters: {'p': 5, 'd': 1, 'q': 0}. Best is trial 13 with value: 0.449563815364008.
[I 2024-06-18 13:31:48,981] Trial 18 finished with value: 1000.0 and parameters: {'p': 1, 'd': 3, 'q': 1}. Best is trial 13 with value: 0.449563815364008.
[I 2024-06-18 13:32:59,150] Trial 19 finished with value: 0.5246770711068998 and parameters: {'p': 3, 'd': 0, 'q': 5}. Best is trial 13 with value: 0.449563815364008.
[I 2024-06-18 13:32:59,162] Trial 20 finished with value: 1000.0 and parameters: {'p': 2, 'd': 1, 'q': 4}. Best is trial 13 with value: 0.449563815364008.
[I 2024-06-18 13:33:31,951] Trial 21 finished with value: 0.45518793003677466 and parameters: {'p': 4, 'd': 0, 'q': 1}. Best is trial 13 with value: 0.449563815364008.
[I 2024-06-18 13:33:51,585] Trial 22 finished with value: 0.449563815364008 and parameters: {'p': 4, 'd': 0, 'q': 0}. Best is trial 13 with value: 0.449563815364008.
[I 2024-06-18 13:33:51,598] Trial 23 finished with value: 1000.0 and parameters: {'p': 3, 'd': 1, 'q': 0}. Best is trial 13 with value: 0.449563815364008.
[I 2024-06-18 13:34:11,421] Trial 24 finished with value: 0.449563815364008 and parameters: {'p': 4, 'd': 0, 'q': 0}. Best is trial 13 with value: 0.449563815364008.
[I 2024-06-18 13:34:11,434] Trial 25 finished with value: 1000.0 and parameters: {'p': 4, 'd': 1, 'q': 0}. Best is trial 13 with value: 0.449563815364008.
[I 2024-06-18 13:34:53,221] Trial 26 finished with value: 0.44537798265492545 and parameters: {'p': 5, 'd': 0, 'q': 1}. Best is trial 26 with value: 0.44537798265492545.
[I 2024-06-18 13:34:53,234] Trial 27 finished with value: 1000.0 and parameters: {'p': 5, 'd': 2, 'q': 1}. Best is trial 26 with value: 0.44537798265492545.
[I 2024-06-18 13:34:53,247] Trial 28 finished with value: 1000.0 and parameters: {'p': 5, 'd': 4, 'q': 2}. Best is trial 26 with value: 0.44537798265492545.
[I 2024-06-18 13:34:53,259] Trial 29 finished with value: 1000.0 and parameters: {'p': 5, 'd': 2, 'q': 1}. Best is trial 26 with value: 0.44537798265492545.
[I 2024-06-18 13:35:18,392] Trial 30 finished with value: 0.44923415718384874 and parameters: {'p': 5, 'd': 0, 'q': 0}. Best is trial 26 with value: 0.44537798265492545.
[I 2024-06-18 13:35:43,351] Trial 31 finished with value: 0.44923415718384874 and parameters: {'p': 5, 'd': 0, 'q': 0}. Best is trial 26 with value: 0.44537798265492545.
[I 2024-06-18 13:36:08,330] Trial 32 finished with value: 0.44923415718384874 and parameters: {'p': 5, 'd': 0, 'q': 0}. Best is trial 26 with value: 0.44537798265492545.
[I 2024-06-18 13:36:08,342] Trial 33 finished with value: 1000.0 and parameters: {'p': 5, 'd': 1, 'q': 0}. Best is trial 26 with value: 0.44537798265492545.
[I 2024-06-18 13:36:49,299] Trial 34 finished with value: 0.44537798265492545 and parameters: {'p': 5, 'd': 0, 'q': 1}. Best is trial 26 with value: 0.44537798265492545.
[I 2024-06-18 13:37:46,732] Trial 35 finished with value: 0.48295753003404246 and parameters: {'p': 5, 'd': 0, 'q': 2}. Best is trial 26 with value: 0.44537798265492545.
[I 2024-06-18 13:37:46,745] Trial 36 finished with value: 1000.0 and parameters: {'p': 5, 'd': 1, 'q': 1}. Best is trial 26 with value: 0.44537798265492545.
[I 2024-06-18 13:38:27,878] Trial 37 finished with value: 0.44537798265492545 and parameters: {'p': 5, 'd': 0, 'q': 1}. Best is trial 26 with value: 0.44537798265492545.
[I 2024-06-18 13:39:25,052] Trial 38 finished with value: 0.48295753003404246 and parameters: {'p': 5, 'd': 0, 'q': 2}. Best is trial 26 with value: 0.44537798265492545.
[I 2024-06-18 13:39:25,065] Trial 39 finished with value: 1000.0 and parameters: {'p': 5, 'd': 1, 'q': 3}. Best is trial 26 with value: 0.44537798265492545.
[I 2024-06-18 13:39:25,079] Trial 40 finished with value: 1000.0 and parameters: {'p': 4, 'd': 2, 'q': 1}. Best is trial 26 with value: 0.44537798265492545.
[I 2024-06-18 13:40:05,771] Trial 41 finished with value: 0.44537798265492545 and parameters: {'p': 5, 'd': 0, 'q': 1}. Best is trial 26 with value: 0.44537798265492545.
[I 2024-06-18 13:40:46,401] Trial 42 finished with value: 0.44537798265492545 and parameters: {'p': 5, 'd': 0, 'q': 1}. Best is trial 26 with value: 0.44537798265492545.
[I 2024-06-18 13:41:27,006] Trial 43 finished with value: 0.44537798265492545 and parameters: {'p': 5, 'd': 0, 'q': 1}. Best is trial 26 with value: 0.44537798265492545.
[I 2024-06-18 13:42:24,154] Trial 44 finished with value: 0.48295753003404246 and parameters: {'p': 5, 'd': 0, 'q': 2}. Best is trial 26 with value: 0.44537798265492545.
[I 2024-06-18 13:42:24,167] Trial 45 finished with value: 1000.0 and parameters: {'p': 5, 'd': 4, 'q': 1}. Best is trial 26 with value: 0.44537798265492545.
[I 2024-06-18 13:42:56,617] Trial 46 finished with value: 0.45518793003677466 and parameters: {'p': 4, 'd': 0, 'q': 1}. Best is trial 26 with value: 0.44537798265492545.
[I 2024-06-18 13:42:56,631] Trial 47 finished with value: 1000.0 and parameters: {'p': 5, 'd': 1, 'q': 3}. Best is trial 26 with value: 0.44537798265492545.
[I 2024-06-18 13:43:54,488] Trial 48 finished with value: 0.48295753003404246 and parameters: {'p': 5, 'd': 0, 'q': 2}. Best is trial 26 with value: 0.44537798265492545.
[I 2024-06-18 13:44:41,056] Trial 49 finished with value: 0.44537798265492545 and parameters: {'p': 5, 'd': 0, 'q': 1}. Best is trial 26 with value: 0.44537798265492545.
[I 2024-06-18 13:44:41,069] Trial 50 finished with value: 1000.0 and parameters: {'p': 3, 'd': 1, 'q': 2}. Best is trial 26 with value: 0.44537798265492545.
[I 2024-06-18 13:45:24,202] Trial 51 finished with value: 0.44537798265492545 and parameters: {'p': 5, 'd': 0, 'q': 1}. Best is trial 26 with value: 0.44537798265492545.
[I 2024-06-18 13:46:07,949] Trial 52 finished with value: 0.44537798265492545 and parameters: {'p': 5, 'd': 0, 'q': 1}. Best is trial 26 with value: 0.44537798265492545.
[I 2024-06-18 13:46:41,355] Trial 53 finished with value: 0.45518793003677466 and parameters: {'p': 4, 'd': 0, 'q': 1}. Best is trial 26 with value: 0.44537798265492545.
[I 2024-06-18 13:47:23,769] Trial 54 finished with value: 0.44537798265492545 and parameters: {'p': 5, 'd': 0, 'q': 1}. Best is trial 26 with value: 0.44537798265492545.
[I 2024-06-18 13:47:23,782] Trial 55 finished with value: 1000.0 and parameters: {'p': 5, 'd': 1, 'q': 1}. Best is trial 26 with value: 0.44537798265492545.
[I 2024-06-18 13:48:13,017] Trial 56 finished with value: 0.47939167539023425 and parameters: {'p': 4, 'd': 0, 'q': 2}. Best is trial 26 with value: 0.44537798265492545.
[I 2024-06-18 13:48:55,456] Trial 57 finished with value: 0.44537798265492545 and parameters: {'p': 5, 'd': 0, 'q': 1}. Best is trial 26 with value: 0.44537798265492545.
[I 2024-06-18 13:48:55,469] Trial 58 finished with value: 1000.0 and parameters: {'p': 5, 'd': 1, 'q': 2}. Best is trial 26 with value: 0.44537798265492545.
[I 2024-06-18 13:48:55,483] Trial 59 finished with value: 1000.0 and parameters: {'p': 4, 'd': 3, 'q': 1}. Best is trial 26 with value: 0.44537798265492545.
[I 2024-06-18 13:50:10,266] Trial 60 finished with value: 0.5129373618810043 and parameters: {'p': 5, 'd': 0, 'q': 4}. Best is trial 26 with value: 0.44537798265492545.
[I 2024-06-18 13:50:53,035] Trial 61 finished with value: 0.44537798265492545 and parameters: {'p': 5, 'd': 0, 'q': 1}. Best is trial 26 with value: 0.44537798265492545.
[I 2024-06-18 13:51:34,924] Trial 62 finished with value: 0.44537798265492545 and parameters: {'p': 5, 'd': 0, 'q': 1}. Best is trial 26 with value: 0.44537798265492545.
[I 2024-06-18 13:52:17,472] Trial 63 finished with value: 0.44537798265492545 and parameters: {'p': 5, 'd': 0, 'q': 1}. Best is trial 26 with value: 0.44537798265492545.
[I 2024-06-18 13:52:59,132] Trial 64 finished with value: 0.44537798265492545 and parameters: {'p': 5, 'd': 0, 'q': 1}. Best is trial 26 with value: 0.44537798265492545.
[I 2024-06-18 13:52:59,146] Trial 65 finished with value: 1000.0 and parameters: {'p': 5, 'd': 1, 'q': 1}. Best is trial 26 with value: 0.44537798265492545.
[I 2024-06-18 13:53:56,382] Trial 66 finished with value: 0.48295753003404246 and parameters: {'p': 5, 'd': 0, 'q': 2}. Best is trial 26 with value: 0.44537798265492545.
[I 2024-06-18 13:54:09,582] Trial 67 finished with value: 0.41997007572461775 and parameters: {'p': 1, 'd': 0, 'q': 1}. Best is trial 67 with value: 0.41997007572461775.
[I 2024-06-18 13:54:09,596] Trial 68 finished with value: 1000.0 and parameters: {'p': 1, 'd': 1, 'q': 1}. Best is trial 67 with value: 0.41997007572461775.
[I 2024-06-18 13:54:09,612] Trial 69 finished with value: 1000.0 and parameters: {'p': 1, 'd': 5, 'q': 0}. Best is trial 67 with value: 0.41997007572461775.
[I 2024-06-18 13:54:39,240] Trial 70 finished with value: 0.47166122757029516 and parameters: {'p': 2, 'd': 0, 'q': 2}. Best is trial 67 with value: 0.41997007572461775.
[I 2024-06-18 13:55:06,386] Trial 71 finished with value: 0.4520321510855356 and parameters: {'p': 3, 'd': 0, 'q': 1}. Best is trial 67 with value: 0.41997007572461775.
[I 2024-06-18 13:55:25,616] Trial 72 finished with value: 0.46345668336522294 and parameters: {'p': 2, 'd': 0, 'q': 1}. Best is trial 67 with value: 0.41997007572461775.
[I 2024-06-18 13:56:09,659] Trial 73 finished with value: 0.44537798265492545 and parameters: {'p': 5, 'd': 0, 'q': 1}. Best is trial 67 with value: 0.41997007572461775.
[I 2024-06-18 13:56:35,465] Trial 74 finished with value: 0.44923415718384874 and parameters: {'p': 5, 'd': 0, 'q': 0}. Best is trial 67 with value: 0.41997007572461775.
[I 2024-06-18 13:57:08,310] Trial 75 finished with value: 0.45518793003677466 and parameters: {'p': 4, 'd': 0, 'q': 1}. Best is trial 67 with value: 0.41997007572461775.
[I 2024-06-18 13:57:50,868] Trial 76 finished with value: 0.44537798265492545 and parameters: {'p': 5, 'd': 0, 'q': 1}. Best is trial 67 with value: 0.41997007572461775.
[I 2024-06-18 13:57:50,882] Trial 77 finished with value: 1000.0 and parameters: {'p': 1, 'd': 1, 'q': 0}. Best is trial 67 with value: 0.41997007572461775.
[I 2024-06-18 13:57:50,896] Trial 78 finished with value: 1000.0 and parameters: {'p': 3, 'd': 3, 'q': 1}. Best is trial 67 with value: 0.41997007572461775.
[I 2024-06-18 13:58:49,183] Trial 79 finished with value: 0.48295753003404246 and parameters: {'p': 5, 'd': 0, 'q': 2}. Best is trial 67 with value: 0.41997007572461775.
[I 2024-06-18 13:59:30,945] Trial 80 finished with value: 0.44537798265492545 and parameters: {'p': 5, 'd': 0, 'q': 1}. Best is trial 67 with value: 0.41997007572461775.
[I 2024-06-18 14:00:11,560] Trial 81 finished with value: 0.44537798265492545 and parameters: {'p': 5, 'd': 0, 'q': 1}. Best is trial 67 with value: 0.41997007572461775.
[I 2024-06-18 14:00:52,536] Trial 82 finished with value: 0.44537798265492545 and parameters: {'p': 5, 'd': 0, 'q': 1}. Best is trial 67 with value: 0.41997007572461775.
[I 2024-06-18 14:01:33,199] Trial 83 finished with value: 0.44537798265492545 and parameters: {'p': 5, 'd': 0, 'q': 1}. Best is trial 67 with value: 0.41997007572461775.
[I 2024-06-18 14:02:14,012] Trial 84 finished with value: 0.44537798265492545 and parameters: {'p': 5, 'd': 0, 'q': 1}. Best is trial 67 with value: 0.41997007572461775.
[I 2024-06-18 14:02:55,296] Trial 85 finished with value: 0.44537798265492545 and parameters: {'p': 5, 'd': 0, 'q': 1}. Best is trial 67 with value: 0.41997007572461775.
[I 2024-06-18 14:02:55,310] Trial 86 finished with value: 1000.0 and parameters: {'p': 5, 'd': 1, 'q': 1}. Best is trial 67 with value: 0.41997007572461775.
[I 2024-06-18 14:02:55,324] Trial 87 finished with value: 1000.0 and parameters: {'p': 4, 'd': 4, 'q': 0}. Best is trial 67 with value: 0.41997007572461775.
[I 2024-06-18 14:04:21,932] Trial 88 finished with value: 0.5454850277073566 and parameters: {'p': 5, 'd': 0, 'q': 5}. Best is trial 67 with value: 0.41997007572461775.
[I 2024-06-18 14:05:04,096] Trial 89 finished with value: 0.44537798265492545 and parameters: {'p': 5, 'd': 0, 'q': 1}. Best is trial 67 with value: 0.41997007572461775.
[I 2024-06-18 14:06:01,278] Trial 90 finished with value: 0.48295753003404246 and parameters: {'p': 5, 'd': 0, 'q': 2}. Best is trial 67 with value: 0.41997007572461775.
[I 2024-06-18 14:06:43,292] Trial 91 finished with value: 0.44537798265492545 and parameters: {'p': 5, 'd': 0, 'q': 1}. Best is trial 67 with value: 0.41997007572461775.
[I 2024-06-18 14:07:23,932] Trial 92 finished with value: 0.44537798265492545 and parameters: {'p': 5, 'd': 0, 'q': 1}. Best is trial 67 with value: 0.41997007572461775.
[I 2024-06-18 14:08:04,970] Trial 93 finished with value: 0.44537798265492545 and parameters: {'p': 5, 'd': 0, 'q': 1}. Best is trial 67 with value: 0.41997007572461775.
[I 2024-06-18 14:08:46,548] Trial 94 finished with value: 0.44537798265492545 and parameters: {'p': 5, 'd': 0, 'q': 1}. Best is trial 67 with value: 0.41997007572461775.
[I 2024-06-18 14:09:27,659] Trial 95 finished with value: 0.44537798265492545 and parameters: {'p': 5, 'd': 0, 'q': 1}. Best is trial 67 with value: 0.41997007572461775.
[I 2024-06-18 14:09:27,674] Trial 96 finished with value: 1000.0 and parameters: {'p': 4, 'd': 1, 'q': 1}. Best is trial 67 with value: 0.41997007572461775.
[I 2024-06-18 14:10:09,255] Trial 97 finished with value: 0.44537798265492545 and parameters: {'p': 5, 'd': 0, 'q': 1}. Best is trial 67 with value: 0.41997007572461775.
[I 2024-06-18 14:10:34,832] Trial 98 finished with value: 0.44923415718384874 and parameters: {'p': 5, 'd': 0, 'q': 0}. Best is trial 67 with value: 0.41997007572461775.
[I 2024-06-18 14:11:34,218] Trial 99 finished with value: 0.48295753003404246 and parameters: {'p': 5, 'd': 0, 'q': 2}. Best is trial 67 with value: 0.41997007572461775.
[I 2024-06-18 14:11:37,160] A new study created in memory with name: no-name-2e8f8fe2-0f23-44b8-95a2-209924dd5077
[I 2024-06-18 14:11:37,162] Trial 0 finished with value: 1000.0 and parameters: {'p': 1, 'd': 5, 'q': 4}. Best is trial 0 with value: 1000.0.
ARIMA Reynolds y_5 0.4974652208023145 0.4849169013339721 -7.9 27.4
(134, 28) (58, 28)
[I 2024-06-18 14:11:51,940] Trial 1 finished with value: 7.990311859705552 and parameters: {'p': 5, 'd': 0, 'q': 0}. Best is trial 1 with value: 7.990311859705552.
[I 2024-06-18 14:11:51,942] Trial 2 finished with value: 1000.0 and parameters: {'p': 3, 'd': 5, 'q': 0}. Best is trial 1 with value: 7.990311859705552.
[I 2024-06-18 14:11:51,944] Trial 3 finished with value: 1000.0 and parameters: {'p': 3, 'd': 1, 'q': 2}. Best is trial 1 with value: 7.990311859705552.
[I 2024-06-18 14:11:51,946] Trial 4 finished with value: 1000.0 and parameters: {'p': 4, 'd': 3, 'q': 3}. Best is trial 1 with value: 7.990311859705552.
[I 2024-06-18 14:11:51,947] Trial 5 finished with value: 1000.0 and parameters: {'p': 1, 'd': 3, 'q': 1}. Best is trial 1 with value: 7.990311859705552.
[I 2024-06-18 14:11:51,949] Trial 6 finished with value: 1000.0 and parameters: {'p': 5, 'd': 5, 'q': 2}. Best is trial 1 with value: 7.990311859705552.
[I 2024-06-18 14:11:51,950] Trial 7 finished with value: 1000.0 and parameters: {'p': 5, 'd': 5, 'q': 3}. Best is trial 1 with value: 7.990311859705552.
[I 2024-06-18 14:11:51,952] Trial 8 finished with value: 1000.0 and parameters: {'p': 5, 'd': 2, 'q': 4}. Best is trial 1 with value: 7.990311859705552.
[I 2024-06-18 14:11:51,953] Trial 9 finished with value: 1000.0 and parameters: {'p': 4, 'd': 3, 'q': 0}. Best is trial 1 with value: 7.990311859705552.
[I 2024-06-18 14:12:30,743] Trial 10 finished with value: 8.91924916268454 and parameters: {'p': 2, 'd': 0, 'q': 5}. Best is trial 1 with value: 7.990311859705552.
[I 2024-06-18 14:13:08,836] Trial 11 finished with value: 8.91924916268454 and parameters: {'p': 2, 'd': 0, 'q': 5}. Best is trial 1 with value: 7.990311859705552.
[I 2024-06-18 14:13:47,609] Trial 12 finished with value: 8.91924916268454 and parameters: {'p': 2, 'd': 0, 'q': 5}. Best is trial 1 with value: 7.990311859705552.
[I 2024-06-18 14:13:47,622] Trial 13 finished with value: 1000.0 and parameters: {'p': 2, 'd': 1, 'q': 1}. Best is trial 1 with value: 7.990311859705552.
[I 2024-06-18 14:13:47,634] Trial 14 finished with value: 1000.0 and parameters: {'p': 4, 'd': 1, 'q': 1}. Best is trial 1 with value: 7.990311859705552.
[I 2024-06-18 14:14:16,910] Trial 15 finished with value: 9.264376457608156 and parameters: {'p': 2, 'd': 0, 'q': 4}. Best is trial 1 with value: 7.990311859705552.
[I 2024-06-18 14:14:16,922] Trial 16 finished with value: 1000.0 and parameters: {'p': 3, 'd': 2, 'q': 5}. Best is trial 1 with value: 7.990311859705552.
[I 2024-06-18 14:14:47,801] Trial 17 finished with value: 8.746508417003396 and parameters: {'p': 4, 'd': 0, 'q': 2}. Best is trial 1 with value: 7.990311859705552.
[I 2024-06-18 14:14:47,813] Trial 18 finished with value: 1000.0 and parameters: {'p': 4, 'd': 1, 'q': 0}. Best is trial 1 with value: 7.990311859705552.
[I 2024-06-18 14:14:47,825] Trial 19 finished with value: 1000.0 and parameters: {'p': 5, 'd': 4, 'q': 2}. Best is trial 1 with value: 7.990311859705552.
[I 2024-06-18 14:14:47,837] Trial 20 finished with value: 1000.0 and parameters: {'p': 4, 'd': 2, 'q': 1}. Best is trial 1 with value: 7.990311859705552.
[I 2024-06-18 14:15:29,743] Trial 21 finished with value: 9.174234051381644 and parameters: {'p': 5, 'd': 0, 'q': 3}. Best is trial 1 with value: 7.990311859705552.
[I 2024-06-18 14:16:01,220] Trial 22 finished with value: 8.746508417003396 and parameters: {'p': 4, 'd': 0, 'q': 2}. Best is trial 1 with value: 7.990311859705552.
[I 2024-06-18 14:16:01,233] Trial 23 finished with value: 1000.0 and parameters: {'p': 4, 'd': 1, 'q': 2}. Best is trial 1 with value: 7.990311859705552.
[I 2024-06-18 14:16:22,219] Trial 24 finished with value: 8.04240679801007 and parameters: {'p': 4, 'd': 0, 'q': 1}. Best is trial 1 with value: 7.990311859705552.
[I 2024-06-18 14:16:22,232] Trial 25 finished with value: 1000.0 and parameters: {'p': 5, 'd': 1, 'q': 0}. Best is trial 1 with value: 7.990311859705552.
[I 2024-06-18 14:16:38,389] Trial 26 finished with value: 7.222525087568884 and parameters: {'p': 3, 'd': 0, 'q': 1}. Best is trial 26 with value: 7.222525087568884.
[I 2024-06-18 14:16:38,402] Trial 27 finished with value: 1000.0 and parameters: {'p': 3, 'd': 1, 'q': 1}. Best is trial 26 with value: 7.222525087568884.
[I 2024-06-18 14:16:48,014] Trial 28 finished with value: 6.664681707441798 and parameters: {'p': 3, 'd': 0, 'q': 0}. Best is trial 28 with value: 6.664681707441798.
[I 2024-06-18 14:16:48,027] Trial 29 finished with value: 1000.0 and parameters: {'p': 3, 'd': 2, 'q': 0}. Best is trial 28 with value: 6.664681707441798.
[I 2024-06-18 14:16:48,039] Trial 30 finished with value: 1000.0 and parameters: {'p': 1, 'd': 4, 'q': 0}. Best is trial 28 with value: 6.664681707441798.
[I 2024-06-18 14:17:04,137] Trial 31 finished with value: 7.222525087568884 and parameters: {'p': 3, 'd': 0, 'q': 1}. Best is trial 28 with value: 6.664681707441798.
[I 2024-06-18 14:17:13,860] Trial 32 finished with value: 6.664681707441798 and parameters: {'p': 3, 'd': 0, 'q': 0}. Best is trial 28 with value: 6.664681707441798.
