[I 2024-06-19 03:34:50,180] Trial 27 finished with value: 0.16896237740722847 and parameters: {'p': 5, 'd': 0, 'q': 0}. Best is trial 24 with value: 0.15443296704315.
[I 2024-06-19 03:34:50,192] Trial 28 finished with value: 1000.0 and parameters: {'p': 4, 'd': 1, 'q': 1}. Best is trial 24 with value: 0.15443296704315.
[I 2024-06-19 03:34:50,204] Trial 29 finished with value: 1000.0 and parameters: {'p': 1, 'd': 2, 'q': 0}. Best is trial 24 with value: 0.15443296704315.
[I 2024-06-19 03:35:46,253] Trial 30 finished with value: 0.15443296704315 and parameters: {'p': 3, 'd': 0, 'q': 0}. Best is trial 24 with value: 0.15443296704315.
[I 2024-06-19 03:36:42,322] Trial 31 finished with value: 0.15443296704315 and parameters: {'p': 3, 'd': 0, 'q': 0}. Best is trial 24 with value: 0.15443296704315.
[I 2024-06-19 03:37:38,320] Trial 32 finished with value: 0.15443296704315 and parameters: {'p': 3, 'd': 0, 'q': 0}. Best is trial 24 with value: 0.15443296704315.
[I 2024-06-19 03:37:38,333] Trial 33 finished with value: 1000.0 and parameters: {'p': 3, 'd': 1, 'q': 0}. Best is trial 24 with value: 0.15443296704315.
[I 2024-06-19 03:37:38,345] Trial 34 finished with value: 1000.0 and parameters: {'p': 2, 'd': 1, 'q': 0}. Best is trial 24 with value: 0.15443296704315.
[I 2024-06-19 03:38:34,357] Trial 35 finished with value: 0.15443296704315 and parameters: {'p': 3, 'd': 0, 'q': 0}. Best is trial 24 with value: 0.15443296704315.
[I 2024-06-19 03:38:34,370] Trial 36 finished with value: 1000.0 and parameters: {'p': 3, 'd': 5, 'q': 4}. Best is trial 24 with value: 0.15443296704315.
[I 2024-06-19 03:38:34,382] Trial 37 finished with value: 1000.0 and parameters: {'p': 3, 'd': 1, 'q': 0}. Best is trial 24 with value: 0.15443296704315.
[I 2024-06-19 03:39:44,987] Trial 38 finished with value: 0.16226255151458543 and parameters: {'p': 2, 'd': 0, 'q': 1}. Best is trial 24 with value: 0.15443296704315.
[I 2024-06-19 03:39:45,000] Trial 39 finished with value: 1000.0 and parameters: {'p': 3, 'd': 4, 'q': 4}. Best is trial 24 with value: 0.15443296704315.
[I 2024-06-19 03:39:45,012] Trial 40 finished with value: 1000.0 and parameters: {'p': 2, 'd': 2, 'q': 1}. Best is trial 24 with value: 0.15443296704315.
[I 2024-06-19 03:40:40,883] Trial 41 finished with value: 0.15443296704315 and parameters: {'p': 3, 'd': 0, 'q': 0}. Best is trial 24 with value: 0.15443296704315.
[I 2024-06-19 03:41:36,762] Trial 42 finished with value: 0.15443296704315 and parameters: {'p': 3, 'd': 0, 'q': 0}. Best is trial 24 with value: 0.15443296704315.
[I 2024-06-19 03:45:55,152] Trial 43 finished with value: 0.19817117644171173 and parameters: {'p': 3, 'd': 0, 'q': 5}. Best is trial 24 with value: 0.15443296704315.
[I 2024-06-19 03:45:55,166] Trial 44 finished with value: 1000.0 and parameters: {'p': 3, 'd': 1, 'q': 0}. Best is trial 24 with value: 0.15443296704315.
[I 2024-06-19 03:46:38,387] Trial 45 finished with value: 0.14851404445072808 and parameters: {'p': 2, 'd': 0, 'q': 0}. Best is trial 45 with value: 0.14851404445072808.
[I 2024-06-19 03:47:29,775] Trial 46 finished with value: 0.14428338940337979 and parameters: {'p': 1, 'd': 0, 'q': 1}. Best is trial 46 with value: 0.14428338940337979.
[I 2024-06-19 03:48:21,244] Trial 47 finished with value: 0.14428338940337979 and parameters: {'p': 1, 'd': 0, 'q': 1}. Best is trial 46 with value: 0.14428338940337979.
[I 2024-06-19 03:48:21,258] Trial 48 finished with value: 1000.0 and parameters: {'p': 1, 'd': 1, 'q': 2}. Best is trial 46 with value: 0.14428338940337979.
[I 2024-06-19 03:49:12,685] Trial 49 finished with value: 0.14428338940337979 and parameters: {'p': 1, 'd': 0, 'q': 1}. Best is trial 46 with value: 0.14428338940337979.
[I 2024-06-19 03:49:12,699] Trial 50 finished with value: 1000.0 and parameters: {'p': 1, 'd': 3, 'q': 2}. Best is trial 46 with value: 0.14428338940337979.
[I 2024-06-19 03:50:04,103] Trial 51 finished with value: 0.14428338940337979 and parameters: {'p': 1, 'd': 0, 'q': 1}. Best is trial 46 with value: 0.14428338940337979.
[I 2024-06-19 03:50:54,707] Trial 52 finished with value: 0.14428338940337979 and parameters: {'p': 1, 'd': 0, 'q': 1}. Best is trial 46 with value: 0.14428338940337979.
[I 2024-06-19 03:52:06,626] Trial 53 finished with value: 0.16835724929053245 and parameters: {'p': 1, 'd': 0, 'q': 2}. Best is trial 46 with value: 0.14428338940337979.
[I 2024-06-19 03:52:58,006] Trial 54 finished with value: 0.14428338940337979 and parameters: {'p': 1, 'd': 0, 'q': 1}. Best is trial 46 with value: 0.14428338940337979.
[I 2024-06-19 03:53:48,191] Trial 55 finished with value: 0.14428338940337979 and parameters: {'p': 1, 'd': 0, 'q': 1}. Best is trial 46 with value: 0.14428338940337979.
[I 2024-06-19 03:53:48,204] Trial 56 finished with value: 1000.0 and parameters: {'p': 1, 'd': 1, 'q': 1}. Best is trial 46 with value: 0.14428338940337979.
[I 2024-06-19 03:54:37,814] Trial 57 finished with value: 0.14428338940337979 and parameters: {'p': 1, 'd': 0, 'q': 1}. Best is trial 46 with value: 0.14428338940337979.
[I 2024-06-19 03:54:37,828] Trial 58 finished with value: 1000.0 and parameters: {'p': 1, 'd': 1, 'q': 1}. Best is trial 46 with value: 0.14428338940337979.
[I 2024-06-19 03:55:49,709] Trial 59 finished with value: 0.16835724929053245 and parameters: {'p': 1, 'd': 0, 'q': 2}. Best is trial 46 with value: 0.14428338940337979.
[I 2024-06-19 03:56:41,070] Trial 60 finished with value: 0.14428338940337979 and parameters: {'p': 1, 'd': 0, 'q': 1}. Best is trial 46 with value: 0.14428338940337979.
[I 2024-06-19 03:57:32,509] Trial 61 finished with value: 0.14428338940337979 and parameters: {'p': 1, 'd': 0, 'q': 1}. Best is trial 46 with value: 0.14428338940337979.
[I 2024-06-19 03:58:23,885] Trial 62 finished with value: 0.14428338940337979 and parameters: {'p': 1, 'd': 0, 'q': 1}. Best is trial 46 with value: 0.14428338940337979.
[I 2024-06-19 03:59:15,305] Trial 63 finished with value: 0.14428338940337979 and parameters: {'p': 1, 'd': 0, 'q': 1}. Best is trial 46 with value: 0.14428338940337979.
[I 2024-06-19 04:00:27,257] Trial 64 finished with value: 0.16835724929053245 and parameters: {'p': 1, 'd': 0, 'q': 2}. Best is trial 46 with value: 0.14428338940337979.
[I 2024-06-19 04:00:27,271] Trial 65 finished with value: 1000.0 and parameters: {'p': 1, 'd': 1, 'q': 1}. Best is trial 46 with value: 0.14428338940337979.
[I 2024-06-19 04:01:18,657] Trial 66 finished with value: 0.14428338940337979 and parameters: {'p': 1, 'd': 0, 'q': 1}. Best is trial 46 with value: 0.14428338940337979.
[I 2024-06-19 04:02:08,940] Trial 67 finished with value: 0.14428338940337979 and parameters: {'p': 1, 'd': 0, 'q': 1}. Best is trial 46 with value: 0.14428338940337979.
[I 2024-06-19 04:02:08,954] Trial 68 finished with value: 1000.0 and parameters: {'p': 1, 'd': 3, 'q': 2}. Best is trial 46 with value: 0.14428338940337979.
[I 2024-06-19 04:02:08,967] Trial 69 finished with value: 1000.0 and parameters: {'p': 1, 'd': 1, 'q': 2}. Best is trial 46 with value: 0.14428338940337979.
[I 2024-06-19 04:02:59,110] Trial 70 finished with value: 0.14428338940337979 and parameters: {'p': 1, 'd': 0, 'q': 1}. Best is trial 46 with value: 0.14428338940337979.
[I 2024-06-19 04:03:49,257] Trial 71 finished with value: 0.14428338940337979 and parameters: {'p': 1, 'd': 0, 'q': 1}. Best is trial 46 with value: 0.14428338940337979.
[I 2024-06-19 04:04:39,430] Trial 72 finished with value: 0.14428338940337979 and parameters: {'p': 1, 'd': 0, 'q': 1}. Best is trial 46 with value: 0.14428338940337979.
[I 2024-06-19 04:05:29,094] Trial 73 finished with value: 0.14428338940337979 and parameters: {'p': 1, 'd': 0, 'q': 1}. Best is trial 46 with value: 0.14428338940337979.
[I 2024-06-19 04:06:40,520] Trial 74 finished with value: 0.16226255151458543 and parameters: {'p': 2, 'd': 0, 'q': 1}. Best is trial 46 with value: 0.14428338940337979.
[I 2024-06-19 04:07:30,705] Trial 75 finished with value: 0.14428338940337979 and parameters: {'p': 1, 'd': 0, 'q': 1}. Best is trial 46 with value: 0.14428338940337979.
[I 2024-06-19 04:08:21,000] Trial 76 finished with value: 0.14428338940337979 and parameters: {'p': 1, 'd': 0, 'q': 1}. Best is trial 46 with value: 0.14428338940337979.
[I 2024-06-19 04:09:32,439] Trial 77 finished with value: 0.16226255151458543 and parameters: {'p': 2, 'd': 0, 'q': 1}. Best is trial 46 with value: 0.14428338940337979.
[I 2024-06-19 04:09:32,452] Trial 78 finished with value: 1000.0 and parameters: {'p': 1, 'd': 1, 'q': 2}. Best is trial 46 with value: 0.14428338940337979.
[I 2024-06-19 04:10:22,634] Trial 79 finished with value: 0.14428338940337979 and parameters: {'p': 1, 'd': 0, 'q': 1}. Best is trial 46 with value: 0.14428338940337979.
[I 2024-06-19 04:11:12,817] Trial 80 finished with value: 0.14428338940337979 and parameters: {'p': 1, 'd': 0, 'q': 1}. Best is trial 46 with value: 0.14428338940337979.
[I 2024-06-19 04:12:02,994] Trial 81 finished with value: 0.14428338940337979 and parameters: {'p': 1, 'd': 0, 'q': 1}. Best is trial 46 with value: 0.14428338940337979.
[I 2024-06-19 04:12:52,935] Trial 82 finished with value: 0.14428338940337979 and parameters: {'p': 1, 'd': 0, 'q': 1}. Best is trial 46 with value: 0.14428338940337979.
[I 2024-06-19 04:14:37,349] Trial 83 finished with value: 0.17276152630101163 and parameters: {'p': 1, 'd': 0, 'q': 3}. Best is trial 46 with value: 0.14428338940337979.
[I 2024-06-19 04:14:37,364] Trial 84 finished with value: 1000.0 and parameters: {'p': 2, 'd': 5, 'q': 1}. Best is trial 46 with value: 0.14428338940337979.
[I 2024-06-19 04:15:26,774] Trial 85 finished with value: 0.14428338940337979 and parameters: {'p': 1, 'd': 0, 'q': 1}. Best is trial 46 with value: 0.14428338940337979.
[I 2024-06-19 04:16:18,197] Trial 86 finished with value: 0.14428338940337979 and parameters: {'p': 1, 'd': 0, 'q': 1}. Best is trial 46 with value: 0.14428338940337979.
[I 2024-06-19 04:16:18,212] Trial 87 finished with value: 1000.0 and parameters: {'p': 1, 'd': 1, 'q': 2}. Best is trial 46 with value: 0.14428338940337979.
[I 2024-06-19 04:17:31,436] Trial 88 finished with value: 0.16226255151458543 and parameters: {'p': 2, 'd': 0, 'q': 1}. Best is trial 46 with value: 0.14428338940337979.
[I 2024-06-19 04:18:22,806] Trial 89 finished with value: 0.14428338940337979 and parameters: {'p': 1, 'd': 0, 'q': 1}. Best is trial 46 with value: 0.14428338940337979.
[I 2024-06-19 04:18:22,821] Trial 90 finished with value: 1000.0 and parameters: {'p': 1, 'd': 1, 'q': 1}. Best is trial 46 with value: 0.14428338940337979.
[I 2024-06-19 04:19:14,293] Trial 91 finished with value: 0.14428338940337979 and parameters: {'p': 1, 'd': 0, 'q': 1}. Best is trial 46 with value: 0.14428338940337979.
[I 2024-06-19 04:20:05,771] Trial 92 finished with value: 0.14428338940337979 and parameters: {'p': 1, 'd': 0, 'q': 1}. Best is trial 46 with value: 0.14428338940337979.
[I 2024-06-19 04:20:57,168] Trial 93 finished with value: 0.14428338940337979 and parameters: {'p': 1, 'd': 0, 'q': 1}. Best is trial 46 with value: 0.14428338940337979.
[I 2024-06-19 04:21:48,574] Trial 94 finished with value: 0.14428338940337979 and parameters: {'p': 1, 'd': 0, 'q': 1}. Best is trial 46 with value: 0.14428338940337979.
[I 2024-06-19 04:22:40,053] Trial 95 finished with value: 0.14428338940337979 and parameters: {'p': 1, 'd': 0, 'q': 1}. Best is trial 46 with value: 0.14428338940337979.
[I 2024-06-19 04:23:52,010] Trial 96 finished with value: 0.16835724929053245 and parameters: {'p': 1, 'd': 0, 'q': 2}. Best is trial 46 with value: 0.14428338940337979.
[I 2024-06-19 04:24:43,420] Trial 97 finished with value: 0.14428338940337979 and parameters: {'p': 1, 'd': 0, 'q': 1}. Best is trial 46 with value: 0.14428338940337979.
[I 2024-06-19 04:25:34,850] Trial 98 finished with value: 0.14428338940337979 and parameters: {'p': 1, 'd': 0, 'q': 1}. Best is trial 46 with value: 0.14428338940337979.
[I 2024-06-19 04:26:26,363] Trial 99 finished with value: 0.14428338940337979 and parameters: {'p': 1, 'd': 0, 'q': 1}. Best is trial 46 with value: 0.14428338940337979.
[I 2024-06-19 04:26:37,690] A new study created in memory with name: no-name-0ee144f4-6b75-4322-a27c-caa85e92e8d8
[I 2024-06-19 04:26:37,692] Trial 0 finished with value: 1000.0 and parameters: {'p': 3, 'd': 3, 'q': 0}. Best is trial 0 with value: 1000.0.
[I 2024-06-19 04:26:37,694] Trial 1 finished with value: 1000.0 and parameters: {'p': 4, 'd': 4, 'q': 2}. Best is trial 0 with value: 1000.0.
[I 2024-06-19 04:26:37,695] Trial 2 finished with value: 1000.0 and parameters: {'p': 1, 'd': 3, 'q': 3}. Best is trial 0 with value: 1000.0.
[I 2024-06-19 04:26:37,697] Trial 3 finished with value: 1000.0 and parameters: {'p': 3, 'd': 4, 'q': 1}. Best is trial 0 with value: 1000.0.
[I 2024-06-19 04:26:37,699] Trial 4 finished with value: 1000.0 and parameters: {'p': 5, 'd': 5, 'q': 3}. Best is trial 0 with value: 1000.0.
[I 2024-06-19 04:26:37,701] Trial 5 finished with value: 1000.0 and parameters: {'p': 5, 'd': 4, 'q': 4}. Best is trial 0 with value: 1000.0.
[I 2024-06-19 04:26:37,702] Trial 6 finished with value: 1000.0 and parameters: {'p': 4, 'd': 5, 'q': 0}. Best is trial 0 with value: 1000.0.
[I 2024-06-19 04:26:37,704] Trial 7 finished with value: 1000.0 and parameters: {'p': 5, 'd': 1, 'q': 2}. Best is trial 0 with value: 1000.0.
[I 2024-06-19 04:26:37,706] Trial 8 finished with value: 1000.0 and parameters: {'p': 2, 'd': 2, 'q': 4}. Best is trial 0 with value: 1000.0.
[I 2024-06-19 04:26:37,708] Trial 9 finished with value: 1000.0 and parameters: {'p': 4, 'd': 4, 'q': 5}. Best is trial 0 with value: 1000.0.
ARIMA UK y_8 0.13101717328115944 0.2583012046785823 1.6 24.0
(718, 28) (308, 28)
[I 2024-06-19 04:27:31,394] Trial 10 finished with value: 0.07797905074984403 and parameters: {'p': 2, 'd': 0, 'q': 0}. Best is trial 10 with value: 0.07797905074984403.
[I 2024-06-19 04:28:24,744] Trial 11 finished with value: 0.07797905074984403 and parameters: {'p': 2, 'd': 0, 'q': 0}. Best is trial 10 with value: 0.07797905074984403.
[I 2024-06-19 04:29:25,351] Trial 12 finished with value: 0.08150631263928858 and parameters: {'p': 1, 'd': 0, 'q': 1}. Best is trial 10 with value: 0.07797905074984403.
[I 2024-06-19 04:30:18,677] Trial 13 finished with value: 0.07797905074984403 and parameters: {'p': 2, 'd': 0, 'q': 0}. Best is trial 10 with value: 0.07797905074984403.
[I 2024-06-19 04:30:18,688] Trial 14 finished with value: 1000.0 and parameters: {'p': 2, 'd': 1, 'q': 1}. Best is trial 10 with value: 0.07797905074984403.
[I 2024-06-19 04:30:18,699] Trial 15 finished with value: 1000.0 and parameters: {'p': 2, 'd': 1, 'q': 0}. Best is trial 10 with value: 0.07797905074984403.
[I 2024-06-19 04:31:19,362] Trial 16 finished with value: 0.08150631263928858 and parameters: {'p': 1, 'd': 0, 'q': 1}. Best is trial 10 with value: 0.07797905074984403.
[I 2024-06-19 04:31:19,374] Trial 17 finished with value: 1000.0 and parameters: {'p': 3, 'd': 2, 'q': 2}. Best is trial 10 with value: 0.07797905074984403.
[I 2024-06-19 04:31:19,385] Trial 18 finished with value: 1000.0 and parameters: {'p': 2, 'd': 1, 'q': 0}. Best is trial 10 with value: 0.07797905074984403.
[I 2024-06-19 04:32:19,970] Trial 19 finished with value: 0.08150631263928858 and parameters: {'p': 1, 'd': 0, 'q': 1}. Best is trial 10 with value: 0.07797905074984403.
[I 2024-06-19 04:32:19,982] Trial 20 finished with value: 1000.0 and parameters: {'p': 3, 'd': 2, 'q': 0}. Best is trial 10 with value: 0.07797905074984403.
[I 2024-06-19 04:33:13,281] Trial 21 finished with value: 0.07797905074984403 and parameters: {'p': 2, 'd': 0, 'q': 0}. Best is trial 10 with value: 0.07797905074984403.
[I 2024-06-19 04:34:36,846] Trial 22 finished with value: 0.08844597649170287 and parameters: {'p': 2, 'd': 0, 'q': 1}. Best is trial 10 with value: 0.07797905074984403.
[I 2024-06-19 04:34:36,858] Trial 23 finished with value: 1000.0 and parameters: {'p': 2, 'd': 1, 'q': 0}. Best is trial 10 with value: 0.07797905074984403.
[I 2024-06-19 04:35:14,374] Trial 24 finished with value: 0.10152202282343636 and parameters: {'p': 1, 'd': 0, 'q': 0}. Best is trial 10 with value: 0.07797905074984403.
[I 2024-06-19 04:35:14,387] Trial 25 finished with value: 1000.0 and parameters: {'p': 2, 'd': 1, 'q': 1}. Best is trial 10 with value: 0.07797905074984403.
[I 2024-06-19 04:37:53,398] Trial 26 finished with value: 0.09664842517227097 and parameters: {'p': 3, 'd': 0, 'q': 2}. Best is trial 10 with value: 0.07797905074984403.
[I 2024-06-19 04:37:53,410] Trial 27 finished with value: 1000.0 and parameters: {'p': 2, 'd': 1, 'q': 0}. Best is trial 10 with value: 0.07797905074984403.
[I 2024-06-19 04:38:53,327] Trial 28 finished with value: 0.08150631263928858 and parameters: {'p': 1, 'd': 0, 'q': 1}. Best is trial 10 with value: 0.07797905074984403.
[I 2024-06-19 04:38:53,339] Trial 29 finished with value: 1000.0 and parameters: {'p': 3, 'd': 2, 'q': 0}. Best is trial 10 with value: 0.07797905074984403.
[I 2024-06-19 04:38:53,351] Trial 30 finished with value: 1000.0 and parameters: {'p': 3, 'd': 3, 'q': 5}. Best is trial 10 with value: 0.07797905074984403.
[I 2024-06-19 04:39:46,558] Trial 31 finished with value: 0.07797905074984403 and parameters: {'p': 2, 'd': 0, 'q': 0}. Best is trial 10 with value: 0.07797905074984403.
[I 2024-06-19 04:40:39,810] Trial 32 finished with value: 0.07797905074984403 and parameters: {'p': 2, 'd': 0, 'q': 0}. Best is trial 10 with value: 0.07797905074984403.
[I 2024-06-19 04:41:33,151] Trial 33 finished with value: 0.07797905074984403 and parameters: {'p': 2, 'd': 0, 'q': 0}. Best is trial 10 with value: 0.07797905074984403.
[I 2024-06-19 04:41:33,164] Trial 34 finished with value: 1000.0 and parameters: {'p': 1, 'd': 1, 'q': 1}. Best is trial 10 with value: 0.07797905074984403.
[I 2024-06-19 04:42:46,893] Trial 35 finished with value: 0.08239616990126236 and parameters: {'p': 3, 'd': 0, 'q': 0}. Best is trial 10 with value: 0.07797905074984403.
[I 2024-06-19 04:42:46,907] Trial 36 finished with value: 1000.0 and parameters: {'p': 2, 'd': 1, 'q': 2}. Best is trial 10 with value: 0.07797905074984403.
[I 2024-06-19 04:44:45,092] Trial 37 finished with value: 0.0866023768994102 and parameters: {'p': 1, 'd': 0, 'q': 3}. Best is trial 10 with value: 0.07797905074984403.
[I 2024-06-19 04:44:45,106] Trial 38 finished with value: 1000.0 and parameters: {'p': 4, 'd': 1, 'q': 1}. Best is trial 10 with value: 0.07797905074984403.
[I 2024-06-19 04:47:52,435] Trial 39 finished with value: 0.10090537008803495 and parameters: {'p': 2, 'd': 0, 'q': 4}. Best is trial 10 with value: 0.07797905074984403.
[I 2024-06-19 04:47:52,448] Trial 40 finished with value: 1000.0 and parameters: {'p': 3, 'd': 2, 'q': 0}. Best is trial 10 with value: 0.07797905074984403.
[I 2024-06-19 04:48:45,757] Trial 41 finished with value: 0.07797905074984403 and parameters: {'p': 2, 'd': 0, 'q': 0}. Best is trial 10 with value: 0.07797905074984403.
[I 2024-06-19 04:49:40,363] Trial 42 finished with value: 0.07797905074984403 and parameters: {'p': 2, 'd': 0, 'q': 0}. Best is trial 10 with value: 0.07797905074984403.
[I 2024-06-19 04:50:34,805] Trial 43 finished with value: 0.07797905074984403 and parameters: {'p': 2, 'd': 0, 'q': 0}. Best is trial 10 with value: 0.07797905074984403.
[I 2024-06-19 04:50:34,818] Trial 44 finished with value: 1000.0 and parameters: {'p': 2, 'd': 5, 'q': 1}. Best is trial 10 with value: 0.07797905074984403.
[I 2024-06-19 04:50:34,831] Trial 45 finished with value: 1000.0 and parameters: {'p': 1, 'd': 1, 'q': 0}. Best is trial 10 with value: 0.07797905074984403.
[I 2024-06-19 04:52:33,561] Trial 46 finished with value: 0.08603363560950095 and parameters: {'p': 3, 'd': 0, 'q': 1}. Best is trial 10 with value: 0.07797905074984403.
[I 2024-06-19 04:52:33,575] Trial 47 finished with value: 1000.0 and parameters: {'p': 2, 'd': 4, 'q': 0}. Best is trial 10 with value: 0.07797905074984403.
[I 2024-06-19 04:52:33,588] Trial 48 finished with value: 1000.0 and parameters: {'p': 2, 'd': 1, 'q': 0}. Best is trial 10 with value: 0.07797905074984403.
[I 2024-06-19 04:55:01,383] Trial 49 finished with value: 0.08862309713881543 and parameters: {'p': 4, 'd': 0, 'q': 1}. Best is trial 10 with value: 0.07797905074984403.
[I 2024-06-19 04:57:02,614] Trial 50 finished with value: 0.0866023768994102 and parameters: {'p': 1, 'd': 0, 'q': 3}. Best is trial 10 with value: 0.07797905074984403.
[I 2024-06-19 04:57:56,698] Trial 51 finished with value: 0.07797905074984403 and parameters: {'p': 2, 'd': 0, 'q': 0}. Best is trial 10 with value: 0.07797905074984403.
[I 2024-06-19 04:58:49,720] Trial 52 finished with value: 0.07797905074984403 and parameters: {'p': 2, 'd': 0, 'q': 0}. Best is trial 10 with value: 0.07797905074984403.
[I 2024-06-19 04:59:42,300] Trial 53 finished with value: 0.07797905074984403 and parameters: {'p': 2, 'd': 0, 'q': 0}. Best is trial 10 with value: 0.07797905074984403.
[I 2024-06-19 04:59:42,313] Trial 54 finished with value: 1000.0 and parameters: {'p': 2, 'd': 1, 'q': 0}. Best is trial 10 with value: 0.07797905074984403.
[I 2024-06-19 05:01:04,680] Trial 55 finished with value: 0.08844597649170287 and parameters: {'p': 2, 'd': 0, 'q': 1}. Best is trial 10 with value: 0.07797905074984403.
[I 2024-06-19 05:02:20,248] Trial 56 finished with value: 0.08239616990126236 and parameters: {'p': 3, 'd': 0, 'q': 0}. Best is trial 10 with value: 0.07797905074984403.
[I 2024-06-19 05:02:20,263] Trial 57 finished with value: 1000.0 and parameters: {'p': 1, 'd': 1, 'q': 1}. Best is trial 10 with value: 0.07797905074984403.
[I 2024-06-19 05:02:20,277] Trial 58 finished with value: 1000.0 and parameters: {'p': 2, 'd': 3, 'q': 4}. Best is trial 10 with value: 0.07797905074984403.
[I 2024-06-19 05:03:13,686] Trial 59 finished with value: 0.07797905074984403 and parameters: {'p': 2, 'd': 0, 'q': 0}. Best is trial 10 with value: 0.07797905074984403.
