[I 2024-06-19 01:52:31,259] Trial 94 finished with value: 0.42378066149968674 and parameters: {'p': 2, 'd': 0, 'q': 1}. Best is trial 23 with value: 0.42378066149968674.
[I 2024-06-19 01:56:06,750] Trial 95 finished with value: 0.42378066149968674 and parameters: {'p': 2, 'd': 0, 'q': 1}. Best is trial 23 with value: 0.42378066149968674.
[I 2024-06-19 02:01:32,268] Trial 96 finished with value: 0.5431943139245262 and parameters: {'p': 2, 'd': 0, 'q': 2}. Best is trial 23 with value: 0.42378066149968674.
[I 2024-06-19 02:01:32,282] Trial 97 finished with value: 1000.0 and parameters: {'p': 2, 'd': 1, 'q': 1}. Best is trial 23 with value: 0.42378066149968674.
[I 2024-06-19 02:05:11,815] Trial 98 finished with value: 0.42378066149968674 and parameters: {'p': 2, 'd': 0, 'q': 1}. Best is trial 23 with value: 0.42378066149968674.
[I 2024-06-19 02:05:11,830] Trial 99 finished with value: 1000.0 and parameters: {'p': 2, 'd': 3, 'q': 3}. Best is trial 23 with value: 0.42378066149968674.
[I 2024-06-19 02:05:58,195] A new study created in memory with name: no-name-d240cf3a-ee47-47fe-adcf-336602d6b31c
[I 2024-06-19 02:05:58,197] Trial 0 finished with value: 1000.0 and parameters: {'p': 2, 'd': 3, 'q': 2}. Best is trial 0 with value: 1000.0.
[I 2024-06-19 02:05:58,198] Trial 1 finished with value: 1000.0 and parameters: {'p': 2, 'd': 1, 'q': 5}. Best is trial 0 with value: 1000.0.
ARIMA UK y_2 0.47246055233427564 0.4853302922916044 -2.4 25.8
(718, 28) (308, 28)
[I 2024-06-19 02:07:10,820] Trial 2 finished with value: 0.3905389530580731 and parameters: {'p': 5, 'd': 0, 'q': 0}. Best is trial 2 with value: 0.3905389530580731.
[I 2024-06-19 02:07:10,822] Trial 3 finished with value: 1000.0 and parameters: {'p': 5, 'd': 3, 'q': 3}. Best is trial 2 with value: 0.3905389530580731.
[I 2024-06-19 02:07:10,823] Trial 4 finished with value: 1000.0 and parameters: {'p': 4, 'd': 4, 'q': 1}. Best is trial 2 with value: 0.3905389530580731.
[I 2024-06-19 02:07:10,825] Trial 5 finished with value: 1000.0 and parameters: {'p': 2, 'd': 3, 'q': 4}. Best is trial 2 with value: 0.3905389530580731.
[I 2024-06-19 02:07:10,827] Trial 6 finished with value: 1000.0 and parameters: {'p': 3, 'd': 4, 'q': 3}. Best is trial 2 with value: 0.3905389530580731.
[I 2024-06-19 02:07:10,828] Trial 7 finished with value: 1000.0 and parameters: {'p': 5, 'd': 5, 'q': 4}. Best is trial 2 with value: 0.3905389530580731.
[I 2024-06-19 02:07:10,830] Trial 8 finished with value: 1000.0 and parameters: {'p': 2, 'd': 2, 'q': 5}. Best is trial 2 with value: 0.3905389530580731.
[I 2024-06-19 02:07:10,831] Trial 9 finished with value: 1000.0 and parameters: {'p': 1, 'd': 1, 'q': 5}. Best is trial 2 with value: 0.3905389530580731.
[I 2024-06-19 02:08:08,576] Trial 10 finished with value: 0.36493946847259695 and parameters: {'p': 4, 'd': 0, 'q': 0}. Best is trial 10 with value: 0.36493946847259695.
[I 2024-06-19 02:09:07,147] Trial 11 finished with value: 0.36493946847259695 and parameters: {'p': 4, 'd': 0, 'q': 0}. Best is trial 10 with value: 0.36493946847259695.
[I 2024-06-19 02:10:05,390] Trial 12 finished with value: 0.36493946847259695 and parameters: {'p': 4, 'd': 0, 'q': 0}. Best is trial 10 with value: 0.36493946847259695.
[I 2024-06-19 02:10:05,401] Trial 13 finished with value: 1000.0 and parameters: {'p': 4, 'd': 1, 'q': 1}. Best is trial 10 with value: 0.36493946847259695.
[I 2024-06-19 02:11:36,329] Trial 14 finished with value: 0.37876483192225524 and parameters: {'p': 3, 'd': 0, 'q': 1}. Best is trial 10 with value: 0.36493946847259695.
[I 2024-06-19 02:11:36,341] Trial 15 finished with value: 1000.0 and parameters: {'p': 4, 'd': 2, 'q': 0}. Best is trial 10 with value: 0.36493946847259695.
[I 2024-06-19 02:11:36,353] Trial 16 finished with value: 1000.0 and parameters: {'p': 3, 'd': 1, 'q': 2}. Best is trial 10 with value: 0.36493946847259695.
[I 2024-06-19 02:13:31,342] Trial 17 finished with value: 0.3841428942022238 and parameters: {'p': 4, 'd': 0, 'q': 1}. Best is trial 10 with value: 0.36493946847259695.
[I 2024-06-19 02:13:31,354] Trial 18 finished with value: 1000.0 and parameters: {'p': 5, 'd': 2, 'q': 0}. Best is trial 10 with value: 0.36493946847259695.
[I 2024-06-19 02:14:55,285] Trial 19 finished with value: 1.868683749685586 and parameters: {'p': 4, 'd': 0, 'q': 2}. Best is trial 10 with value: 0.36493946847259695.
[I 2024-06-19 02:14:55,297] Trial 20 finished with value: 1000.0 and parameters: {'p': 3, 'd': 1, 'q': 0}. Best is trial 10 with value: 0.36493946847259695.
[I 2024-06-19 02:15:53,032] Trial 21 finished with value: 0.36493946847259695 and parameters: {'p': 4, 'd': 0, 'q': 0}. Best is trial 10 with value: 0.36493946847259695.
[I 2024-06-19 02:17:47,653] Trial 22 finished with value: 0.3841428942022238 and parameters: {'p': 4, 'd': 0, 'q': 1}. Best is trial 10 with value: 0.36493946847259695.
[I 2024-06-19 02:17:47,666] Trial 23 finished with value: 1000.0 and parameters: {'p': 3, 'd': 1, 'q': 0}. Best is trial 10 with value: 0.36493946847259695.
[I 2024-06-19 02:18:16,677] Trial 24 finished with value: 3.8816811378041836 and parameters: {'p': 5, 'd': 0, 'q': 1}. Best is trial 10 with value: 0.36493946847259695.
[I 2024-06-19 02:19:14,324] Trial 25 finished with value: 0.36493946847259695 and parameters: {'p': 4, 'd': 0, 'q': 0}. Best is trial 10 with value: 0.36493946847259695.
[I 2024-06-19 02:19:14,337] Trial 26 finished with value: 1000.0 and parameters: {'p': 4, 'd': 1, 'q': 1}. Best is trial 10 with value: 0.36493946847259695.
[I 2024-06-19 02:19:14,348] Trial 27 finished with value: 1000.0 and parameters: {'p': 3, 'd': 2, 'q': 0}. Best is trial 10 with value: 0.36493946847259695.
[I 2024-06-19 02:22:38,843] Trial 28 finished with value: 53.00314234499753 and parameters: {'p': 5, 'd': 0, 'q': 2}. Best is trial 10 with value: 0.36493946847259695.
[I 2024-06-19 02:22:38,855] Trial 29 finished with value: 1000.0 and parameters: {'p': 1, 'd': 1, 'q': 0}. Best is trial 10 with value: 0.36493946847259695.
[I 2024-06-19 02:22:38,867] Trial 30 finished with value: 1000.0 and parameters: {'p': 3, 'd': 5, 'q': 2}. Best is trial 10 with value: 0.36493946847259695.
[I 2024-06-19 02:23:36,471] Trial 31 finished with value: 0.36493946847259695 and parameters: {'p': 4, 'd': 0, 'q': 0}. Best is trial 10 with value: 0.36493946847259695.
[I 2024-06-19 02:24:34,109] Trial 32 finished with value: 0.36493946847259695 and parameters: {'p': 4, 'd': 0, 'q': 0}. Best is trial 10 with value: 0.36493946847259695.
[I 2024-06-19 02:24:34,122] Trial 33 finished with value: 1000.0 and parameters: {'p': 4, 'd': 1, 'q': 1}. Best is trial 10 with value: 0.36493946847259695.
[I 2024-06-19 02:25:46,607] Trial 34 finished with value: 0.3905389530580731 and parameters: {'p': 5, 'd': 0, 'q': 0}. Best is trial 10 with value: 0.36493946847259695.
[I 2024-06-19 02:26:44,274] Trial 35 finished with value: 0.36493946847259695 and parameters: {'p': 4, 'd': 0, 'q': 0}. Best is trial 10 with value: 0.36493946847259695.
[I 2024-06-19 02:26:44,287] Trial 36 finished with value: 1000.0 and parameters: {'p': 5, 'd': 1, 'q': 1}. Best is trial 10 with value: 0.36493946847259695.
[I 2024-06-19 02:27:41,840] Trial 37 finished with value: 0.36493946847259695 and parameters: {'p': 4, 'd': 0, 'q': 0}. Best is trial 10 with value: 0.36493946847259695.
[I 2024-06-19 02:27:41,854] Trial 38 finished with value: 1000.0 and parameters: {'p': 3, 'd': 3, 'q': 3}. Best is trial 10 with value: 0.36493946847259695.
[I 2024-06-19 02:27:41,868] Trial 39 finished with value: 1000.0 and parameters: {'p': 5, 'd': 4, 'q': 1}. Best is trial 10 with value: 0.36493946847259695.
[I 2024-06-19 02:30:37,012] Trial 40 finished with value: 0.43829515575455413 and parameters: {'p': 2, 'd': 0, 'q': 4}. Best is trial 10 with value: 0.36493946847259695.
[I 2024-06-19 02:31:34,513] Trial 41 finished with value: 0.36493946847259695 and parameters: {'p': 4, 'd': 0, 'q': 0}. Best is trial 10 with value: 0.36493946847259695.
[I 2024-06-19 02:31:34,526] Trial 42 finished with value: 1000.0 and parameters: {'p': 4, 'd': 1, 'q': 0}. Best is trial 10 with value: 0.36493946847259695.
[I 2024-06-19 02:32:32,090] Trial 43 finished with value: 0.36493946847259695 and parameters: {'p': 4, 'd': 0, 'q': 0}. Best is trial 10 with value: 0.36493946847259695.
[I 2024-06-19 02:34:27,016] Trial 44 finished with value: 0.3841428942022238 and parameters: {'p': 4, 'd': 0, 'q': 1}. Best is trial 10 with value: 0.36493946847259695.
[I 2024-06-19 02:35:13,034] Trial 45 finished with value: 0.3520272892866626 and parameters: {'p': 3, 'd': 0, 'q': 0}. Best is trial 45 with value: 0.3520272892866626.
[I 2024-06-19 02:35:13,047] Trial 46 finished with value: 1000.0 and parameters: {'p': 3, 'd': 1, 'q': 0}. Best is trial 45 with value: 0.3520272892866626.
[I 2024-06-19 02:36:20,849] Trial 47 finished with value: 0.3625726532285759 and parameters: {'p': 2, 'd': 0, 'q': 1}. Best is trial 45 with value: 0.3520272892866626.
[I 2024-06-19 02:36:20,862] Trial 48 finished with value: 1000.0 and parameters: {'p': 2, 'd': 2, 'q': 1}. Best is trial 45 with value: 0.3520272892866626.
[I 2024-06-19 02:36:20,875] Trial 49 finished with value: 1000.0 and parameters: {'p': 2, 'd': 1, 'q': 1}. Best is trial 45 with value: 0.3520272892866626.
[I 2024-06-19 02:36:20,887] Trial 50 finished with value: 1000.0 and parameters: {'p': 1, 'd': 1, 'q': 0}. Best is trial 45 with value: 0.3520272892866626.
[I 2024-06-19 02:37:06,926] Trial 51 finished with value: 0.3520272892866626 and parameters: {'p': 3, 'd': 0, 'q': 0}. Best is trial 45 with value: 0.3520272892866626.
[I 2024-06-19 02:37:52,943] Trial 52 finished with value: 0.3520272892866626 and parameters: {'p': 3, 'd': 0, 'q': 0}. Best is trial 45 with value: 0.3520272892866626.
[I 2024-06-19 02:38:38,979] Trial 53 finished with value: 0.3520272892866626 and parameters: {'p': 3, 'd': 0, 'q': 0}. Best is trial 45 with value: 0.3520272892866626.
[I 2024-06-19 02:39:25,064] Trial 54 finished with value: 0.3520272892866626 and parameters: {'p': 3, 'd': 0, 'q': 0}. Best is trial 45 with value: 0.3520272892866626.
[I 2024-06-19 02:40:54,968] Trial 55 finished with value: 0.37876483192225524 and parameters: {'p': 3, 'd': 0, 'q': 1}. Best is trial 45 with value: 0.3520272892866626.
[I 2024-06-19 02:41:40,978] Trial 56 finished with value: 0.3520272892866626 and parameters: {'p': 3, 'd': 0, 'q': 0}. Best is trial 45 with value: 0.3520272892866626.
[I 2024-06-19 02:42:27,012] Trial 57 finished with value: 0.3520272892866626 and parameters: {'p': 3, 'd': 0, 'q': 0}. Best is trial 45 with value: 0.3520272892866626.
[I 2024-06-19 02:43:13,006] Trial 58 finished with value: 0.3520272892866626 and parameters: {'p': 3, 'd': 0, 'q': 0}. Best is trial 45 with value: 0.3520272892866626.
[I 2024-06-19 02:43:13,020] Trial 59 finished with value: 1000.0 and parameters: {'p': 3, 'd': 1, 'q': 3}. Best is trial 45 with value: 0.3520272892866626.
[I 2024-06-19 02:43:47,842] Trial 60 finished with value: 0.3299949259981466 and parameters: {'p': 2, 'd': 0, 'q': 0}. Best is trial 60 with value: 0.3299949259981466.
[I 2024-06-19 02:44:22,588] Trial 61 finished with value: 0.3299949259981466 and parameters: {'p': 2, 'd': 0, 'q': 0}. Best is trial 60 with value: 0.3299949259981466.
[I 2024-06-19 02:44:57,228] Trial 62 finished with value: 0.3299949259981466 and parameters: {'p': 2, 'd': 0, 'q': 0}. Best is trial 60 with value: 0.3299949259981466.
[I 2024-06-19 02:45:31,912] Trial 63 finished with value: 0.3299949259981466 and parameters: {'p': 2, 'd': 0, 'q': 0}. Best is trial 60 with value: 0.3299949259981466.
[I 2024-06-19 02:48:25,455] Trial 64 finished with value: 0.43829515575455413 and parameters: {'p': 2, 'd': 0, 'q': 4}. Best is trial 60 with value: 0.3299949259981466.
[I 2024-06-19 02:48:25,469] Trial 65 finished with value: 1000.0 and parameters: {'p': 2, 'd': 1, 'q': 0}. Best is trial 60 with value: 0.3299949259981466.
[I 2024-06-19 02:49:00,175] Trial 66 finished with value: 0.3299949259981466 and parameters: {'p': 2, 'd': 0, 'q': 0}. Best is trial 60 with value: 0.3299949259981466.
[I 2024-06-19 02:49:27,177] Trial 67 finished with value: 0.3221438000601859 and parameters: {'p': 1, 'd': 0, 'q': 0}. Best is trial 67 with value: 0.3221438000601859.
[I 2024-06-19 02:49:27,191] Trial 68 finished with value: 1000.0 and parameters: {'p': 1, 'd': 4, 'q': 0}. Best is trial 67 with value: 0.3221438000601859.
[I 2024-06-19 02:50:08,473] Trial 69 finished with value: 0.319325353309136 and parameters: {'p': 1, 'd': 0, 'q': 1}. Best is trial 69 with value: 0.319325353309136.
[I 2024-06-19 02:50:08,487] Trial 70 finished with value: 1000.0 and parameters: {'p': 1, 'd': 1, 'q': 1}. Best is trial 69 with value: 0.319325353309136.
[I 2024-06-19 02:50:43,219] Trial 71 finished with value: 0.3299949259981466 and parameters: {'p': 2, 'd': 0, 'q': 0}. Best is trial 69 with value: 0.319325353309136.
[I 2024-06-19 02:51:17,908] Trial 72 finished with value: 0.3299949259981466 and parameters: {'p': 2, 'd': 0, 'q': 0}. Best is trial 69 with value: 0.319325353309136.
[I 2024-06-19 02:51:52,649] Trial 73 finished with value: 0.3299949259981466 and parameters: {'p': 2, 'd': 0, 'q': 0}. Best is trial 69 with value: 0.319325353309136.
[I 2024-06-19 02:52:33,866] Trial 74 finished with value: 0.319325353309136 and parameters: {'p': 1, 'd': 0, 'q': 1}. Best is trial 69 with value: 0.319325353309136.
[I 2024-06-19 02:53:34,400] Trial 75 finished with value: 0.39011901596379167 and parameters: {'p': 1, 'd': 0, 'q': 2}. Best is trial 69 with value: 0.319325353309136.
[I 2024-06-19 02:54:15,696] Trial 76 finished with value: 0.319325353309136 and parameters: {'p': 1, 'd': 0, 'q': 1}. Best is trial 69 with value: 0.319325353309136.
[I 2024-06-19 02:54:56,935] Trial 77 finished with value: 0.319325353309136 and parameters: {'p': 1, 'd': 0, 'q': 1}. Best is trial 69 with value: 0.319325353309136.
[I 2024-06-19 02:54:56,950] Trial 78 finished with value: 1000.0 and parameters: {'p': 1, 'd': 1, 'q': 2}. Best is trial 69 with value: 0.319325353309136.
[I 2024-06-19 02:55:38,194] Trial 79 finished with value: 0.319325353309136 and parameters: {'p': 1, 'd': 0, 'q': 1}. Best is trial 69 with value: 0.319325353309136.
[I 2024-06-19 02:56:38,752] Trial 80 finished with value: 0.39011901596379167 and parameters: {'p': 1, 'd': 0, 'q': 2}. Best is trial 69 with value: 0.319325353309136.
[I 2024-06-19 02:57:20,027] Trial 81 finished with value: 0.319325353309136 and parameters: {'p': 1, 'd': 0, 'q': 1}. Best is trial 69 with value: 0.319325353309136.
[I 2024-06-19 02:58:01,288] Trial 82 finished with value: 0.319325353309136 and parameters: {'p': 1, 'd': 0, 'q': 1}. Best is trial 69 with value: 0.319325353309136.
[I 2024-06-19 02:58:42,640] Trial 83 finished with value: 0.319325353309136 and parameters: {'p': 1, 'd': 0, 'q': 1}. Best is trial 69 with value: 0.319325353309136.
[I 2024-06-19 02:59:23,868] Trial 84 finished with value: 0.319325353309136 and parameters: {'p': 1, 'd': 0, 'q': 1}. Best is trial 69 with value: 0.319325353309136.
[I 2024-06-19 03:00:05,123] Trial 85 finished with value: 0.319325353309136 and parameters: {'p': 1, 'd': 0, 'q': 1}. Best is trial 69 with value: 0.319325353309136.
[I 2024-06-19 03:00:46,434] Trial 86 finished with value: 0.319325353309136 and parameters: {'p': 1, 'd': 0, 'q': 1}. Best is trial 69 with value: 0.319325353309136.
[I 2024-06-19 03:00:46,448] Trial 87 finished with value: 1000.0 and parameters: {'p': 1, 'd': 3, 'q': 1}. Best is trial 69 with value: 0.319325353309136.
[I 2024-06-19 03:00:46,461] Trial 88 finished with value: 1000.0 and parameters: {'p': 1, 'd': 5, 'q': 1}. Best is trial 69 with value: 0.319325353309136.
[I 2024-06-19 03:01:27,686] Trial 89 finished with value: 0.319325353309136 and parameters: {'p': 1, 'd': 0, 'q': 1}. Best is trial 69 with value: 0.319325353309136.
[I 2024-06-19 03:01:27,700] Trial 90 finished with value: 1000.0 and parameters: {'p': 1, 'd': 1, 'q': 1}. Best is trial 69 with value: 0.319325353309136.
[I 2024-06-19 03:02:08,924] Trial 91 finished with value: 0.319325353309136 and parameters: {'p': 1, 'd': 0, 'q': 1}. Best is trial 69 with value: 0.319325353309136.
[I 2024-06-19 03:02:50,190] Trial 92 finished with value: 0.319325353309136 and parameters: {'p': 1, 'd': 0, 'q': 1}. Best is trial 69 with value: 0.319325353309136.
[I 2024-06-19 03:03:31,502] Trial 93 finished with value: 0.319325353309136 and parameters: {'p': 1, 'd': 0, 'q': 1}. Best is trial 69 with value: 0.319325353309136.
[I 2024-06-19 03:04:12,761] Trial 94 finished with value: 0.319325353309136 and parameters: {'p': 1, 'd': 0, 'q': 1}. Best is trial 69 with value: 0.319325353309136.
[I 2024-06-19 03:05:13,276] Trial 95 finished with value: 0.39011901596379167 and parameters: {'p': 1, 'd': 0, 'q': 2}. Best is trial 69 with value: 0.319325353309136.
[I 2024-06-19 03:05:54,591] Trial 96 finished with value: 0.319325353309136 and parameters: {'p': 1, 'd': 0, 'q': 1}. Best is trial 69 with value: 0.319325353309136.
[I 2024-06-19 03:06:35,844] Trial 97 finished with value: 0.319325353309136 and parameters: {'p': 1, 'd': 0, 'q': 1}. Best is trial 69 with value: 0.319325353309136.
[I 2024-06-19 03:07:36,436] Trial 98 finished with value: 0.39011901596379167 and parameters: {'p': 1, 'd': 0, 'q': 2}. Best is trial 69 with value: 0.319325353309136.
[I 2024-06-19 03:08:19,323] Trial 99 finished with value: 0.319325353309136 and parameters: {'p': 1, 'd': 0, 'q': 1}. Best is trial 69 with value: 0.319325353309136.
[I 2024-06-19 03:08:29,115] A new study created in memory with name: no-name-57159bf1-349a-4793-8332-1f17019db278
[I 2024-06-19 03:08:29,117] Trial 0 finished with value: 1000.0 and parameters: {'p': 1, 'd': 2, 'q': 0}. Best is trial 0 with value: 1000.0.
[I 2024-06-19 03:08:29,118] Trial 1 finished with value: 1000.0 and parameters: {'p': 5, 'd': 1, 'q': 5}. Best is trial 0 with value: 1000.0.
[I 2024-06-19 03:08:29,120] Trial 2 finished with value: 1000.0 and parameters: {'p': 3, 'd': 4, 'q': 0}. Best is trial 0 with value: 1000.0.
[I 2024-06-19 03:08:29,122] Trial 3 finished with value: 1000.0 and parameters: {'p': 3, 'd': 1, 'q': 3}. Best is trial 0 with value: 1000.0.
[I 2024-06-19 03:08:29,124] Trial 4 finished with value: 1000.0 and parameters: {'p': 5, 'd': 5, 'q': 5}. Best is trial 0 with value: 1000.0.
[I 2024-06-19 03:08:29,125] Trial 5 finished with value: 1000.0 and parameters: {'p': 4, 'd': 2, 'q': 4}. Best is trial 0 with value: 1000.0.
[I 2024-06-19 03:08:29,127] Trial 6 finished with value: 1000.0 and parameters: {'p': 1, 'd': 3, 'q': 1}. Best is trial 0 with value: 1000.0.
[I 2024-06-19 03:08:29,129] Trial 7 finished with value: 1000.0 and parameters: {'p': 2, 'd': 2, 'q': 1}. Best is trial 0 with value: 1000.0.
ARIMA UK y_6 0.2528145091034033 0.3736013032017772 0.8 25.5
(718, 28) (308, 28)
[I 2024-06-19 03:10:12,634] Trial 8 finished with value: 0.16376011847253644 and parameters: {'p': 3, 'd': 0, 'q': 1}. Best is trial 8 with value: 0.16376011847253644.
[I 2024-06-19 03:10:12,636] Trial 9 finished with value: 1000.0 and parameters: {'p': 2, 'd': 1, 'q': 1}. Best is trial 8 with value: 0.16376011847253644.
[I 2024-06-19 03:13:20,075] Trial 10 finished with value: 0.177156345457349 and parameters: {'p': 4, 'd': 0, 'q': 2}. Best is trial 8 with value: 0.16376011847253644.
[I 2024-06-19 03:16:27,791] Trial 11 finished with value: 0.177156345457349 and parameters: {'p': 4, 'd': 0, 'q': 2}. Best is trial 8 with value: 0.16376011847253644.
[I 2024-06-19 03:19:35,338] Trial 12 finished with value: 0.177156345457349 and parameters: {'p': 4, 'd': 0, 'q': 2}. Best is trial 8 with value: 0.16376011847253644.
[I 2024-06-19 03:22:37,198] Trial 13 finished with value: 0.18495162370563117 and parameters: {'p': 3, 'd': 0, 'q': 3}. Best is trial 8 with value: 0.16376011847253644.
[I 2024-06-19 03:25:43,560] Trial 14 finished with value: 0.177156345457349 and parameters: {'p': 4, 'd': 0, 'q': 2}. Best is trial 8 with value: 0.16376011847253644.
[I 2024-06-19 03:25:43,572] Trial 15 finished with value: 1000.0 and parameters: {'p': 2, 'd': 1, 'q': 1}. Best is trial 8 with value: 0.16376011847253644.
[I 2024-06-19 03:25:43,583] Trial 16 finished with value: 1000.0 and parameters: {'p': 5, 'd': 3, 'q': 3}. Best is trial 8 with value: 0.16376011847253644.
[I 2024-06-19 03:26:53,906] Trial 17 finished with value: 0.16018661123929534 and parameters: {'p': 4, 'd': 0, 'q': 0}. Best is trial 17 with value: 0.16018661123929534.
[I 2024-06-19 03:26:53,918] Trial 18 finished with value: 1000.0 and parameters: {'p': 3, 'd': 1, 'q': 0}. Best is trial 17 with value: 0.16018661123929534.
[I 2024-06-19 03:26:53,930] Trial 19 finished with value: 1000.0 and parameters: {'p': 2, 'd': 4, 'q': 0}. Best is trial 17 with value: 0.16018661123929534.
[I 2024-06-19 03:28:34,976] Trial 20 finished with value: 0.16376011847253644 and parameters: {'p': 3, 'd': 0, 'q': 1}. Best is trial 17 with value: 0.16018661123929534.
[I 2024-06-19 03:30:15,958] Trial 21 finished with value: 0.16376011847253644 and parameters: {'p': 3, 'd': 0, 'q': 1}. Best is trial 17 with value: 0.16018661123929534.
[I 2024-06-19 03:30:15,971] Trial 22 finished with value: 1000.0 and parameters: {'p': 3, 'd': 1, 'q': 0}. Best is trial 17 with value: 0.16018661123929534.
[I 2024-06-19 03:32:23,808] Trial 23 finished with value: 0.16926399925561417 and parameters: {'p': 4, 'd': 0, 'q': 1}. Best is trial 17 with value: 0.16018661123929534.
[I 2024-06-19 03:33:19,900] Trial 24 finished with value: 0.15443296704315 and parameters: {'p': 3, 'd': 0, 'q': 0}. Best is trial 24 with value: 0.15443296704315.
[I 2024-06-19 03:33:19,913] Trial 25 finished with value: 1000.0 and parameters: {'p': 2, 'd': 1, 'q': 0}. Best is trial 24 with value: 0.15443296704315.
[I 2024-06-19 03:33:19,925] Trial 26 finished with value: 1000.0 and parameters: {'p': 4, 'd': 2, 'q': 0}. Best is trial 24 with value: 0.15443296704315.
