[I 2024-06-18 19:24:19,760] Trial 29 finished with value: 0.3855581634121254 and parameters: {'p': 1, 'd': 0, 'q': 2}. Best is trial 26 with value: 0.3855581634121254.
[I 2024-06-18 19:26:32,516] Trial 30 finished with value: 0.3509138962924352 and parameters: {'p': 1, 'd': 0, 'q': 1}. Best is trial 30 with value: 0.3509138962924352.
[I 2024-06-18 19:28:43,362] Trial 31 finished with value: 0.3509138962924352 and parameters: {'p': 1, 'd': 0, 'q': 1}. Best is trial 30 with value: 0.3509138962924352.
[I 2024-06-18 19:30:52,934] Trial 32 finished with value: 0.3509138962924352 and parameters: {'p': 1, 'd': 0, 'q': 1}. Best is trial 30 with value: 0.3509138962924352.
[I 2024-06-18 19:30:52,947] Trial 33 finished with value: 1000.0 and parameters: {'p': 1, 'd': 1, 'q': 1}. Best is trial 30 with value: 0.3509138962924352.
[I 2024-06-18 19:30:52,959] Trial 34 finished with value: 1000.0 and parameters: {'p': 1, 'd': 1, 'q': 1}. Best is trial 30 with value: 0.3509138962924352.
[I 2024-06-18 19:32:20,563] Trial 35 finished with value: 0.37090989317634654 and parameters: {'p': 1, 'd': 0, 'q': 0}. Best is trial 30 with value: 0.3509138962924352.
[I 2024-06-18 19:33:48,246] Trial 36 finished with value: 0.37090989317634654 and parameters: {'p': 1, 'd': 0, 'q': 0}. Best is trial 30 with value: 0.3509138962924352.
[I 2024-06-18 19:33:48,259] Trial 37 finished with value: 1000.0 and parameters: {'p': 1, 'd': 1, 'q': 0}. Best is trial 30 with value: 0.3509138962924352.
[I 2024-06-18 19:33:48,271] Trial 38 finished with value: 1000.0 and parameters: {'p': 1, 'd': 3, 'q': 0}. Best is trial 30 with value: 0.3509138962924352.
[I 2024-06-18 19:35:57,612] Trial 39 finished with value: 0.3509138962924352 and parameters: {'p': 1, 'd': 0, 'q': 1}. Best is trial 30 with value: 0.3509138962924352.
[I 2024-06-18 19:35:57,626] Trial 40 finished with value: 1000.0 and parameters: {'p': 2, 'd': 1, 'q': 1}. Best is trial 30 with value: 0.3509138962924352.
[I 2024-06-18 19:38:06,911] Trial 41 finished with value: 0.3509138962924352 and parameters: {'p': 1, 'd': 0, 'q': 1}. Best is trial 30 with value: 0.3509138962924352.
[I 2024-06-18 19:40:16,476] Trial 42 finished with value: 0.3509138962924352 and parameters: {'p': 1, 'd': 0, 'q': 1}. Best is trial 30 with value: 0.3509138962924352.
[I 2024-06-18 19:42:25,804] Trial 43 finished with value: 0.3509138962924352 and parameters: {'p': 1, 'd': 0, 'q': 1}. Best is trial 30 with value: 0.3509138962924352.
[I 2024-06-18 19:43:10,449] Trial 44 finished with value: 2.1476971336188684 and parameters: {'p': 4, 'd': 0, 'q': 1}. Best is trial 30 with value: 0.3509138962924352.
[I 2024-06-18 19:44:20,914] Trial 45 finished with value: 1.0748255997441043 and parameters: {'p': 2, 'd': 0, 'q': 1}. Best is trial 30 with value: 0.3509138962924352.
[I 2024-06-18 19:44:20,927] Trial 46 finished with value: 1000.0 and parameters: {'p': 1, 'd': 4, 'q': 0}. Best is trial 30 with value: 0.3509138962924352.
[I 2024-06-18 19:44:20,940] Trial 47 finished with value: 1000.0 and parameters: {'p': 1, 'd': 1, 'q': 1}. Best is trial 30 with value: 0.3509138962924352.
[I 2024-06-18 19:49:43,516] Trial 48 finished with value: 0.4175950714972847 and parameters: {'p': 2, 'd': 0, 'q': 2}. Best is trial 30 with value: 0.3509138962924352.
[I 2024-06-18 19:49:43,529] Trial 49 finished with value: 1000.0 and parameters: {'p': 1, 'd': 1, 'q': 1}. Best is trial 30 with value: 0.3509138962924352.
[I 2024-06-18 19:49:43,542] Trial 50 finished with value: 1000.0 and parameters: {'p': 2, 'd': 2, 'q': 0}. Best is trial 30 with value: 0.3509138962924352.
[I 2024-06-18 19:51:51,503] Trial 51 finished with value: 0.3509138962924352 and parameters: {'p': 1, 'd': 0, 'q': 1}. Best is trial 30 with value: 0.3509138962924352.
[I 2024-06-18 19:53:59,528] Trial 52 finished with value: 0.3509138962924352 and parameters: {'p': 1, 'd': 0, 'q': 1}. Best is trial 30 with value: 0.3509138962924352.
[I 2024-06-18 19:57:10,855] Trial 53 finished with value: 0.3855581634121254 and parameters: {'p': 1, 'd': 0, 'q': 2}. Best is trial 30 with value: 0.3509138962924352.
[I 2024-06-18 19:59:18,759] Trial 54 finished with value: 0.3509138962924352 and parameters: {'p': 1, 'd': 0, 'q': 1}. Best is trial 30 with value: 0.3509138962924352.
[I 2024-06-18 20:01:26,736] Trial 55 finished with value: 0.3509138962924352 and parameters: {'p': 1, 'd': 0, 'q': 1}. Best is trial 30 with value: 0.3509138962924352.
[I 2024-06-18 20:02:53,448] Trial 56 finished with value: 0.37090989317634654 and parameters: {'p': 1, 'd': 0, 'q': 0}. Best is trial 30 with value: 0.3509138962924352.
[I 2024-06-18 20:02:53,461] Trial 57 finished with value: 1000.0 and parameters: {'p': 2, 'd': 5, 'q': 2}. Best is trial 30 with value: 0.3509138962924352.
[I 2024-06-18 20:02:53,474] Trial 58 finished with value: 1000.0 and parameters: {'p': 1, 'd': 1, 'q': 2}. Best is trial 30 with value: 0.3509138962924352.
[I 2024-06-18 20:09:59,647] Trial 59 finished with value: 0.41990483809930884 and parameters: {'p': 5, 'd': 0, 'q': 1}. Best is trial 30 with value: 0.3509138962924352.
[I 2024-06-18 20:09:59,661] Trial 60 finished with value: 1000.0 and parameters: {'p': 2, 'd': 1, 'q': 1}. Best is trial 30 with value: 0.3509138962924352.
[I 2024-06-18 20:12:07,514] Trial 61 finished with value: 0.3509138962924352 and parameters: {'p': 1, 'd': 0, 'q': 1}. Best is trial 30 with value: 0.3509138962924352.
[I 2024-06-18 20:14:15,395] Trial 62 finished with value: 0.3509138962924352 and parameters: {'p': 1, 'd': 0, 'q': 1}. Best is trial 30 with value: 0.3509138962924352.
[I 2024-06-18 20:16:24,025] Trial 63 finished with value: 0.3509138962924352 and parameters: {'p': 1, 'd': 0, 'q': 1}. Best is trial 30 with value: 0.3509138962924352.
[I 2024-06-18 20:18:33,079] Trial 64 finished with value: 0.3509138962924352 and parameters: {'p': 1, 'd': 0, 'q': 1}. Best is trial 30 with value: 0.3509138962924352.
[I 2024-06-18 20:21:45,749] Trial 65 finished with value: 0.3855581634121254 and parameters: {'p': 1, 'd': 0, 'q': 2}. Best is trial 30 with value: 0.3509138962924352.
[I 2024-06-18 20:23:13,135] Trial 66 finished with value: 0.37090989317634654 and parameters: {'p': 1, 'd': 0, 'q': 0}. Best is trial 30 with value: 0.3509138962924352.
[I 2024-06-18 20:23:13,149] Trial 67 finished with value: 1000.0 and parameters: {'p': 1, 'd': 1, 'q': 1}. Best is trial 30 with value: 0.3509138962924352.
[I 2024-06-18 20:23:13,162] Trial 68 finished with value: 1000.0 and parameters: {'p': 1, 'd': 3, 'q': 1}. Best is trial 30 with value: 0.3509138962924352.
[I 2024-06-18 20:25:04,131] Trial 69 finished with value: 0.3573842992038348 and parameters: {'p': 2, 'd': 0, 'q': 0}. Best is trial 30 with value: 0.3509138962924352.
[I 2024-06-18 20:28:21,797] Trial 70 finished with value: 0.3855581634121254 and parameters: {'p': 1, 'd': 0, 'q': 2}. Best is trial 30 with value: 0.3509138962924352.
[I 2024-06-18 20:30:31,232] Trial 71 finished with value: 0.3509138962924352 and parameters: {'p': 1, 'd': 0, 'q': 1}. Best is trial 30 with value: 0.3509138962924352.
[I 2024-06-18 20:32:40,255] Trial 72 finished with value: 0.3509138962924352 and parameters: {'p': 1, 'd': 0, 'q': 1}. Best is trial 30 with value: 0.3509138962924352.
[I 2024-06-18 20:33:25,023] Trial 73 finished with value: 2.1476971336188684 and parameters: {'p': 4, 'd': 0, 'q': 1}. Best is trial 30 with value: 0.3509138962924352.
[I 2024-06-18 20:35:34,143] Trial 74 finished with value: 0.3509138962924352 and parameters: {'p': 1, 'd': 0, 'q': 1}. Best is trial 30 with value: 0.3509138962924352.
[I 2024-06-18 20:37:43,194] Trial 75 finished with value: 0.3509138962924352 and parameters: {'p': 1, 'd': 0, 'q': 1}. Best is trial 30 with value: 0.3509138962924352.
[I 2024-06-18 20:37:43,209] Trial 76 finished with value: 1000.0 and parameters: {'p': 1, 'd': 1, 'q': 0}. Best is trial 30 with value: 0.3509138962924352.
[I 2024-06-18 20:38:53,473] Trial 77 finished with value: 1.0748255997441043 and parameters: {'p': 2, 'd': 0, 'q': 1}. Best is trial 30 with value: 0.3509138962924352.
[I 2024-06-18 20:41:02,550] Trial 78 finished with value: 0.3509138962924352 and parameters: {'p': 1, 'd': 0, 'q': 1}. Best is trial 30 with value: 0.3509138962924352.
[I 2024-06-18 20:41:02,564] Trial 79 finished with value: 1000.0 and parameters: {'p': 1, 'd': 1, 'q': 2}. Best is trial 30 with value: 0.3509138962924352.
[I 2024-06-18 20:42:29,962] Trial 80 finished with value: 0.37090989317634654 and parameters: {'p': 1, 'd': 0, 'q': 0}. Best is trial 30 with value: 0.3509138962924352.
[I 2024-06-18 20:44:39,391] Trial 81 finished with value: 0.3509138962924352 and parameters: {'p': 1, 'd': 0, 'q': 1}. Best is trial 30 with value: 0.3509138962924352.
[I 2024-06-18 20:46:52,056] Trial 82 finished with value: 0.3509138962924352 and parameters: {'p': 1, 'd': 0, 'q': 1}. Best is trial 30 with value: 0.3509138962924352.
[I 2024-06-18 20:49:03,745] Trial 83 finished with value: 0.3509138962924352 and parameters: {'p': 1, 'd': 0, 'q': 1}. Best is trial 30 with value: 0.3509138962924352.
[I 2024-06-18 20:51:13,455] Trial 84 finished with value: 0.3509138962924352 and parameters: {'p': 1, 'd': 0, 'q': 1}. Best is trial 30 with value: 0.3509138962924352.
[I 2024-06-18 20:53:22,515] Trial 85 finished with value: 0.3509138962924352 and parameters: {'p': 1, 'd': 0, 'q': 1}. Best is trial 30 with value: 0.3509138962924352.
[I 2024-06-18 20:55:31,604] Trial 86 finished with value: 0.3509138962924352 and parameters: {'p': 1, 'd': 0, 'q': 1}. Best is trial 30 with value: 0.3509138962924352.
[I 2024-06-18 20:55:31,618] Trial 87 finished with value: 1000.0 and parameters: {'p': 1, 'd': 1, 'q': 2}. Best is trial 30 with value: 0.3509138962924352.
[I 2024-06-18 20:57:40,606] Trial 88 finished with value: 0.3509138962924352 and parameters: {'p': 1, 'd': 0, 'q': 1}. Best is trial 30 with value: 0.3509138962924352.
[I 2024-06-18 21:08:50,683] Trial 89 finished with value: 0.492388495120123 and parameters: {'p': 2, 'd': 0, 'q': 5}. Best is trial 30 with value: 0.3509138962924352.
[I 2024-06-18 21:08:50,706] Trial 90 finished with value: 1000.0 and parameters: {'p': 1, 'd': 1, 'q': 1}. Best is trial 30 with value: 0.3509138962924352.
[I 2024-06-18 21:11:00,929] Trial 91 finished with value: 0.3509138962924352 and parameters: {'p': 1, 'd': 0, 'q': 1}. Best is trial 30 with value: 0.3509138962924352.
[I 2024-06-18 21:13:13,203] Trial 92 finished with value: 0.3509138962924352 and parameters: {'p': 1, 'd': 0, 'q': 1}. Best is trial 30 with value: 0.3509138962924352.
[I 2024-06-18 21:15:21,182] Trial 93 finished with value: 0.3509138962924352 and parameters: {'p': 1, 'd': 0, 'q': 1}. Best is trial 30 with value: 0.3509138962924352.
[I 2024-06-18 21:17:29,124] Trial 94 finished with value: 0.3509138962924352 and parameters: {'p': 1, 'd': 0, 'q': 1}. Best is trial 30 with value: 0.3509138962924352.
[I 2024-06-18 21:19:37,273] Trial 95 finished with value: 0.3509138962924352 and parameters: {'p': 1, 'd': 0, 'q': 1}. Best is trial 30 with value: 0.3509138962924352.
[I 2024-06-18 21:21:45,196] Trial 96 finished with value: 0.3509138962924352 and parameters: {'p': 1, 'd': 0, 'q': 1}. Best is trial 30 with value: 0.3509138962924352.
[I 2024-06-18 21:23:11,826] Trial 97 finished with value: 0.37090989317634654 and parameters: {'p': 1, 'd': 0, 'q': 0}. Best is trial 30 with value: 0.3509138962924352.
[I 2024-06-18 21:23:25,547] Trial 98 finished with value: 19.084717153962043 and parameters: {'p': 3, 'd': 0, 'q': 2}. Best is trial 30 with value: 0.3509138962924352.
[I 2024-06-18 21:25:33,568] Trial 99 finished with value: 0.3509138962924352 and parameters: {'p': 1, 'd': 0, 'q': 1}. Best is trial 30 with value: 0.3509138962924352.
[I 2024-06-18 21:26:01,045] A new study created in memory with name: no-name-a84e6ecc-49cd-453e-84e4-5b1f7fcb3949
[I 2024-06-18 21:26:01,047] Trial 0 finished with value: 1000.0 and parameters: {'p': 3, 'd': 1, 'q': 4}. Best is trial 0 with value: 1000.0.
[I 2024-06-18 21:26:01,049] Trial 1 finished with value: 1000.0 and parameters: {'p': 5, 'd': 4, 'q': 0}. Best is trial 0 with value: 1000.0.
[I 2024-06-18 21:26:01,050] Trial 2 finished with value: 1000.0 and parameters: {'p': 3, 'd': 5, 'q': 0}. Best is trial 0 with value: 1000.0.
[I 2024-06-18 21:26:01,052] Trial 3 finished with value: 1000.0 and parameters: {'p': 2, 'd': 4, 'q': 3}. Best is trial 0 with value: 1000.0.
[I 2024-06-18 21:26:01,053] Trial 4 finished with value: 1000.0 and parameters: {'p': 4, 'd': 3, 'q': 0}. Best is trial 0 with value: 1000.0.
[I 2024-06-18 21:26:01,055] Trial 5 finished with value: 1000.0 and parameters: {'p': 5, 'd': 2, 'q': 3}. Best is trial 0 with value: 1000.0.
ARIMA UK y_1 0.5129266826593185 0.47360518948189645 0.0 25.6
(718, 28) (308, 28)
[I 2024-06-18 21:29:43,144] Trial 6 finished with value: 1.0232784453710104 and parameters: {'p': 4, 'd': 0, 'q': 4}. Best is trial 6 with value: 1.0232784453710104.
[I 2024-06-18 21:29:43,146] Trial 7 finished with value: 1000.0 and parameters: {'p': 1, 'd': 3, 'q': 2}. Best is trial 6 with value: 1.0232784453710104.
[I 2024-06-18 21:29:43,147] Trial 8 finished with value: 1000.0 and parameters: {'p': 2, 'd': 5, 'q': 5}. Best is trial 6 with value: 1.0232784453710104.
[I 2024-06-18 21:29:43,149] Trial 9 finished with value: 1000.0 and parameters: {'p': 2, 'd': 4, 'q': 2}. Best is trial 6 with value: 1.0232784453710104.
[I 2024-06-18 21:31:50,575] Trial 10 finished with value: 2.5128873656455593 and parameters: {'p': 4, 'd': 0, 'q': 5}. Best is trial 6 with value: 1.0232784453710104.
[I 2024-06-18 21:33:57,880] Trial 11 finished with value: 2.5128873656455593 and parameters: {'p': 4, 'd': 0, 'q': 5}. Best is trial 6 with value: 1.0232784453710104.
[I 2024-06-18 21:37:41,475] Trial 12 finished with value: 1.0232784453710104 and parameters: {'p': 4, 'd': 0, 'q': 4}. Best is trial 6 with value: 1.0232784453710104.
[I 2024-06-18 21:37:41,488] Trial 13 finished with value: 1000.0 and parameters: {'p': 4, 'd': 1, 'q': 4}. Best is trial 6 with value: 1.0232784453710104.
[I 2024-06-18 21:37:41,500] Trial 14 finished with value: 1000.0 and parameters: {'p': 5, 'd': 1, 'q': 4}. Best is trial 6 with value: 1.0232784453710104.
[I 2024-06-18 21:40:30,245] Trial 15 finished with value: 0.9779113676725202 and parameters: {'p': 3, 'd': 0, 'q': 3}. Best is trial 15 with value: 0.9779113676725202.
[I 2024-06-18 21:40:30,256] Trial 16 finished with value: 1000.0 and parameters: {'p': 3, 'd': 2, 'q': 2}. Best is trial 15 with value: 0.9779113676725202.
[I 2024-06-18 21:40:30,269] Trial 17 finished with value: 1000.0 and parameters: {'p': 1, 'd': 1, 'q': 1}. Best is trial 15 with value: 0.9779113676725202.
[I 2024-06-18 21:43:21,444] Trial 18 finished with value: 0.9779113676725202 and parameters: {'p': 3, 'd': 0, 'q': 3}. Best is trial 15 with value: 0.9779113676725202.
[I 2024-06-18 21:43:21,456] Trial 19 finished with value: 1000.0 and parameters: {'p': 2, 'd': 2, 'q': 3}. Best is trial 15 with value: 0.9779113676725202.
[I 2024-06-18 21:44:47,956] Trial 20 finished with value: 0.8347929046188162 and parameters: {'p': 3, 'd': 0, 'q': 1}. Best is trial 20 with value: 0.8347929046188162.
[I 2024-06-18 21:46:14,438] Trial 21 finished with value: 0.8347929046188162 and parameters: {'p': 3, 'd': 0, 'q': 1}. Best is trial 20 with value: 0.8347929046188162.
[I 2024-06-18 21:46:14,451] Trial 22 finished with value: 1000.0 and parameters: {'p': 3, 'd': 1, 'q': 1}. Best is trial 20 with value: 0.8347929046188162.
[I 2024-06-18 21:47:39,900] Trial 23 finished with value: 0.8347929046188162 and parameters: {'p': 3, 'd': 0, 'q': 1}. Best is trial 20 with value: 0.8347929046188162.
[I 2024-06-18 21:47:39,912] Trial 24 finished with value: 1000.0 and parameters: {'p': 2, 'd': 1, 'q': 1}. Best is trial 20 with value: 0.8347929046188162.
[I 2024-06-18 21:49:06,351] Trial 25 finished with value: 0.8347929046188162 and parameters: {'p': 3, 'd': 0, 'q': 1}. Best is trial 20 with value: 0.8347929046188162.
[I 2024-06-18 21:49:06,364] Trial 26 finished with value: 1000.0 and parameters: {'p': 3, 'd': 1, 'q': 1}. Best is trial 20 with value: 0.8347929046188162.
[I 2024-06-18 21:49:36,459] Trial 27 finished with value: 0.7579095389089338 and parameters: {'p': 2, 'd': 0, 'q': 0}. Best is trial 27 with value: 0.7579095389089338.
[I 2024-06-18 21:49:36,472] Trial 28 finished with value: 1000.0 and parameters: {'p': 1, 'd': 2, 'q': 0}. Best is trial 27 with value: 0.7579095389089338.
[I 2024-06-18 21:49:36,484] Trial 29 finished with value: 1000.0 and parameters: {'p': 2, 'd': 1, 'q': 0}. Best is trial 27 with value: 0.7579095389089338.
[I 2024-06-18 21:51:17,620] Trial 30 finished with value: 0.970578899811698 and parameters: {'p': 2, 'd': 0, 'q': 2}. Best is trial 27 with value: 0.7579095389089338.
[I 2024-06-18 21:52:43,967] Trial 31 finished with value: 0.8347929046188162 and parameters: {'p': 3, 'd': 0, 'q': 1}. Best is trial 27 with value: 0.7579095389089338.
[I 2024-06-18 21:53:23,673] Trial 32 finished with value: 0.7869463888321748 and parameters: {'p': 3, 'd': 0, 'q': 0}. Best is trial 27 with value: 0.7579095389089338.
[I 2024-06-18 21:53:53,271] Trial 33 finished with value: 0.7579095389089338 and parameters: {'p': 2, 'd': 0, 'q': 0}. Best is trial 27 with value: 0.7579095389089338.
[I 2024-06-18 21:53:53,284] Trial 34 finished with value: 1000.0 and parameters: {'p': 2, 'd': 1, 'q': 0}. Best is trial 27 with value: 0.7579095389089338.
[I 2024-06-18 21:53:53,296] Trial 35 finished with value: 1000.0 and parameters: {'p': 1, 'd': 1, 'q': 0}. Best is trial 27 with value: 0.7579095389089338.
[I 2024-06-18 21:54:22,317] Trial 36 finished with value: 0.7579095389089338 and parameters: {'p': 2, 'd': 0, 'q': 0}. Best is trial 27 with value: 0.7579095389089338.
[I 2024-06-18 21:54:51,332] Trial 37 finished with value: 0.7579095389089338 and parameters: {'p': 2, 'd': 0, 'q': 0}. Best is trial 27 with value: 0.7579095389089338.
[I 2024-06-18 21:54:51,345] Trial 38 finished with value: 1000.0 and parameters: {'p': 2, 'd': 1, 'q': 0}. Best is trial 27 with value: 0.7579095389089338.
[I 2024-06-18 21:54:51,357] Trial 39 finished with value: 1000.0 and parameters: {'p': 1, 'd': 3, 'q': 0}. Best is trial 27 with value: 0.7579095389089338.
[I 2024-06-18 21:54:51,369] Trial 40 finished with value: 1000.0 and parameters: {'p': 2, 'd': 5, 'q': 0}. Best is trial 27 with value: 0.7579095389089338.
[I 2024-06-18 21:55:20,449] Trial 41 finished with value: 0.7579095389089338 and parameters: {'p': 2, 'd': 0, 'q': 0}. Best is trial 27 with value: 0.7579095389089338.
[I 2024-06-18 21:55:49,452] Trial 42 finished with value: 0.7579095389089338 and parameters: {'p': 2, 'd': 0, 'q': 0}. Best is trial 27 with value: 0.7579095389089338.
[I 2024-06-18 21:56:18,455] Trial 43 finished with value: 0.7579095389089338 and parameters: {'p': 2, 'd': 0, 'q': 0}. Best is trial 27 with value: 0.7579095389089338.
[I 2024-06-18 21:56:41,747] Trial 44 finished with value: 0.7379015245326299 and parameters: {'p': 1, 'd': 0, 'q': 0}. Best is trial 44 with value: 0.7379015245326299.
[I 2024-06-18 21:57:04,993] Trial 45 finished with value: 0.7379015245326299 and parameters: {'p': 1, 'd': 0, 'q': 0}. Best is trial 44 with value: 0.7379015245326299.
[I 2024-06-18 21:57:05,006] Trial 46 finished with value: 1000.0 and parameters: {'p': 1, 'd': 1, 'q': 0}. Best is trial 44 with value: 0.7379015245326299.
[I 2024-06-18 21:57:05,019] Trial 47 finished with value: 1000.0 and parameters: {'p': 1, 'd': 4, 'q': 1}. Best is trial 44 with value: 0.7379015245326299.
[I 2024-06-18 21:57:28,262] Trial 48 finished with value: 0.7379015245326299 and parameters: {'p': 1, 'd': 0, 'q': 0}. Best is trial 44 with value: 0.7379015245326299.
[I 2024-06-18 21:57:28,275] Trial 49 finished with value: 1000.0 and parameters: {'p': 1, 'd': 1, 'q': 0}. Best is trial 44 with value: 0.7379015245326299.
[I 2024-06-18 21:57:51,595] Trial 50 finished with value: 0.7379015245326299 and parameters: {'p': 1, 'd': 0, 'q': 0}. Best is trial 44 with value: 0.7379015245326299.
[I 2024-06-18 21:58:14,804] Trial 51 finished with value: 0.7379015245326299 and parameters: {'p': 1, 'd': 0, 'q': 0}. Best is trial 44 with value: 0.7379015245326299.
[I 2024-06-18 21:58:38,100] Trial 52 finished with value: 0.7379015245326299 and parameters: {'p': 1, 'd': 0, 'q': 0}. Best is trial 44 with value: 0.7379015245326299.
[I 2024-06-18 21:59:01,406] Trial 53 finished with value: 0.7379015245326299 and parameters: {'p': 1, 'd': 0, 'q': 0}. Best is trial 44 with value: 0.7379015245326299.
[I 2024-06-18 21:59:35,821] Trial 54 finished with value: 0.7635337753794424 and parameters: {'p': 1, 'd': 0, 'q': 1}. Best is trial 44 with value: 0.7379015245326299.
[I 2024-06-18 21:59:35,834] Trial 55 finished with value: 1000.0 and parameters: {'p': 1, 'd': 3, 'q': 1}. Best is trial 44 with value: 0.7379015245326299.
[I 2024-06-18 21:59:59,043] Trial 56 finished with value: 0.7379015245326299 and parameters: {'p': 1, 'd': 0, 'q': 0}. Best is trial 44 with value: 0.7379015245326299.
[I 2024-06-18 21:59:59,056] Trial 57 finished with value: 1000.0 and parameters: {'p': 1, 'd': 2, 'q': 2}. Best is trial 44 with value: 0.7379015245326299.
[I 2024-06-18 21:59:59,068] Trial 58 finished with value: 1000.0 and parameters: {'p': 1, 'd': 1, 'q': 0}. Best is trial 44 with value: 0.7379015245326299.
[I 2024-06-18 22:00:33,521] Trial 59 finished with value: 0.7635337753794424 and parameters: {'p': 1, 'd': 0, 'q': 1}. Best is trial 44 with value: 0.7379015245326299.
[I 2024-06-18 22:00:56,746] Trial 60 finished with value: 0.7379015245326299 and parameters: {'p': 1, 'd': 0, 'q': 0}. Best is trial 44 with value: 0.7379015245326299.
[I 2024-06-18 22:01:19,955] Trial 61 finished with value: 0.7379015245326299 and parameters: {'p': 1, 'd': 0, 'q': 0}. Best is trial 44 with value: 0.7379015245326299.
