[I 2024-06-18 17:12:00,411] Trial 97 finished with value: 1000.0 and parameters: {'p': 5, 'd': 1, 'q': 1}. Best is trial 57 with value: 0.09265990791075175.
[I 2024-06-18 17:12:17,079] Trial 98 finished with value: 0.09265990791075175 and parameters: {'p': 1, 'd': 0, 'q': 1}. Best is trial 57 with value: 0.09265990791075175.
[I 2024-06-18 17:12:26,971] Trial 99 finished with value: 0.12827282368077703 and parameters: {'p': 1, 'd': 0, 'q': 0}. Best is trial 57 with value: 0.09265990791075175.
[I 2024-06-18 17:12:30,752] A new study created in memory with name: no-name-5e37bb62-9b93-41ae-af09-f97cda5b0f7a
[I 2024-06-18 17:12:30,753] Trial 0 finished with value: 1000.0 and parameters: {'p': 2, 'd': 3, 'q': 0}. Best is trial 0 with value: 1000.0.
ARIMA Reynolds y_7 0.10274151148504923 0.21900988104270103 -5.8 25.3
(718, 28) (308, 28)
[I 2024-06-18 17:13:31,839] Trial 1 finished with value: 3.110170427487402 and parameters: {'p': 5, 'd': 0, 'q': 3}. Best is trial 1 with value: 3.110170427487402.
[I 2024-06-18 17:14:18,433] Trial 2 finished with value: 0.3633581837528019 and parameters: {'p': 3, 'd': 0, 'q': 0}. Best is trial 2 with value: 0.3633581837528019.
[I 2024-06-18 17:14:18,435] Trial 3 finished with value: 1000.0 and parameters: {'p': 4, 'd': 1, 'q': 2}. Best is trial 2 with value: 0.3633581837528019.
[I 2024-06-18 17:14:18,437] Trial 4 finished with value: 1000.0 and parameters: {'p': 3, 'd': 4, 'q': 3}. Best is trial 2 with value: 0.3633581837528019.
[I 2024-06-18 17:14:18,438] Trial 5 finished with value: 1000.0 and parameters: {'p': 5, 'd': 5, 'q': 5}. Best is trial 2 with value: 0.3633581837528019.
[I 2024-06-18 17:14:18,440] Trial 6 finished with value: 1000.0 and parameters: {'p': 5, 'd': 2, 'q': 2}. Best is trial 2 with value: 0.3633581837528019.
[I 2024-06-18 17:14:18,441] Trial 7 finished with value: 1000.0 and parameters: {'p': 3, 'd': 5, 'q': 1}. Best is trial 2 with value: 0.3633581837528019.
[I 2024-06-18 17:14:18,443] Trial 8 finished with value: 1000.0 and parameters: {'p': 2, 'd': 3, 'q': 2}. Best is trial 2 with value: 0.3633581837528019.
[I 2024-06-18 17:14:18,445] Trial 9 finished with value: 1000.0 and parameters: {'p': 1, 'd': 2, 'q': 5}. Best is trial 2 with value: 0.3633581837528019.
[I 2024-06-18 17:14:44,760] Trial 10 finished with value: 0.3558060487995024 and parameters: {'p': 1, 'd': 0, 'q': 0}. Best is trial 10 with value: 0.3558060487995024.
[I 2024-06-18 17:15:11,205] Trial 11 finished with value: 0.3558060487995024 and parameters: {'p': 1, 'd': 0, 'q': 0}. Best is trial 10 with value: 0.3558060487995024.
[I 2024-06-18 17:15:11,217] Trial 12 finished with value: 1000.0 and parameters: {'p': 1, 'd': 1, 'q': 0}. Best is trial 10 with value: 0.3558060487995024.
[I 2024-06-18 17:15:51,496] Trial 13 finished with value: 0.34426294018136927 and parameters: {'p': 1, 'd': 0, 'q': 1}. Best is trial 13 with value: 0.34426294018136927.
[I 2024-06-18 17:15:51,507] Trial 14 finished with value: 1000.0 and parameters: {'p': 2, 'd': 1, 'q': 1}. Best is trial 13 with value: 0.34426294018136927.
[I 2024-06-18 17:16:31,758] Trial 15 finished with value: 0.34426294018136927 and parameters: {'p': 1, 'd': 0, 'q': 1}. Best is trial 13 with value: 0.34426294018136927.
[I 2024-06-18 17:16:31,770] Trial 16 finished with value: 1000.0 and parameters: {'p': 2, 'd': 1, 'q': 1}. Best is trial 13 with value: 0.34426294018136927.
[I 2024-06-18 17:16:31,781] Trial 17 finished with value: 1000.0 and parameters: {'p': 1, 'd': 2, 'q': 4}. Best is trial 13 with value: 0.34426294018136927.
[I 2024-06-18 17:18:24,604] Trial 18 finished with value: 0.391820820066223 and parameters: {'p': 4, 'd': 0, 'q': 1}. Best is trial 13 with value: 0.34426294018136927.
[I 2024-06-18 17:18:24,616] Trial 19 finished with value: 1000.0 and parameters: {'p': 2, 'd': 1, 'q': 1}. Best is trial 13 with value: 0.34426294018136927.
[I 2024-06-18 17:18:24,628] Trial 20 finished with value: 1000.0 and parameters: {'p': 1, 'd': 4, 'q': 3}. Best is trial 13 with value: 0.34426294018136927.
[I 2024-06-18 17:18:51,382] Trial 21 finished with value: 0.3558060487995024 and parameters: {'p': 1, 'd': 0, 'q': 0}. Best is trial 13 with value: 0.34426294018136927.
[I 2024-06-18 17:19:31,542] Trial 22 finished with value: 0.34426294018136927 and parameters: {'p': 1, 'd': 0, 'q': 1}. Best is trial 13 with value: 0.34426294018136927.
[I 2024-06-18 17:19:31,554] Trial 23 finished with value: 1000.0 and parameters: {'p': 2, 'd': 1, 'q': 2}. Best is trial 13 with value: 0.34426294018136927.
[I 2024-06-18 17:20:12,111] Trial 24 finished with value: 0.34426294018136927 and parameters: {'p': 1, 'd': 0, 'q': 1}. Best is trial 13 with value: 0.34426294018136927.
[I 2024-06-18 17:21:54,527] Trial 25 finished with value: 0.40781897519622706 and parameters: {'p': 2, 'd': 0, 'q': 2}. Best is trial 13 with value: 0.34426294018136927.
[I 2024-06-18 17:21:54,539] Trial 26 finished with value: 1000.0 and parameters: {'p': 1, 'd': 1, 'q': 1}. Best is trial 13 with value: 0.34426294018136927.
[I 2024-06-18 17:21:54,551] Trial 27 finished with value: 1000.0 and parameters: {'p': 4, 'd': 2, 'q': 2}. Best is trial 13 with value: 0.34426294018136927.
[I 2024-06-18 17:23:03,247] Trial 28 finished with value: 0.37613568127345504 and parameters: {'p': 2, 'd': 0, 'q': 1}. Best is trial 13 with value: 0.34426294018136927.
[I 2024-06-18 17:23:03,259] Trial 29 finished with value: 1000.0 and parameters: {'p': 1, 'd': 3, 'q': 4}. Best is trial 13 with value: 0.34426294018136927.
[I 2024-06-18 17:23:03,271] Trial 30 finished with value: 1000.0 and parameters: {'p': 3, 'd': 1, 'q': 0}. Best is trial 13 with value: 0.34426294018136927.
[I 2024-06-18 17:23:43,390] Trial 31 finished with value: 0.34426294018136927 and parameters: {'p': 1, 'd': 0, 'q': 1}. Best is trial 13 with value: 0.34426294018136927.
[I 2024-06-18 17:24:23,549] Trial 32 finished with value: 0.34426294018136927 and parameters: {'p': 1, 'd': 0, 'q': 1}. Best is trial 13 with value: 0.34426294018136927.
[I 2024-06-18 17:24:49,921] Trial 33 finished with value: 0.3558060487995024 and parameters: {'p': 1, 'd': 0, 'q': 0}. Best is trial 13 with value: 0.34426294018136927.
[I 2024-06-18 17:26:32,080] Trial 34 finished with value: 0.40781897519622706 and parameters: {'p': 2, 'd': 0, 'q': 2}. Best is trial 13 with value: 0.34426294018136927.
[I 2024-06-18 17:26:32,093] Trial 35 finished with value: 1000.0 and parameters: {'p': 1, 'd': 1, 'q': 3}. Best is trial 13 with value: 0.34426294018136927.
[I 2024-06-18 17:27:12,965] Trial 36 finished with value: 0.34426294018136927 and parameters: {'p': 1, 'd': 0, 'q': 1}. Best is trial 13 with value: 0.34426294018136927.
[I 2024-06-18 17:27:12,977] Trial 37 finished with value: 1000.0 and parameters: {'p': 2, 'd': 1, 'q': 0}. Best is trial 13 with value: 0.34426294018136927.
[I 2024-06-18 17:27:12,990] Trial 38 finished with value: 1000.0 and parameters: {'p': 2, 'd': 4, 'q': 2}. Best is trial 13 with value: 0.34426294018136927.
[I 2024-06-18 17:28:44,128] Trial 39 finished with value: 0.3865099827485916 and parameters: {'p': 3, 'd': 0, 'q': 1}. Best is trial 13 with value: 0.34426294018136927.
[I 2024-06-18 17:28:44,141] Trial 40 finished with value: 1000.0 and parameters: {'p': 1, 'd': 2, 'q': 3}. Best is trial 13 with value: 0.34426294018136927.
[I 2024-06-18 17:29:24,375] Trial 41 finished with value: 0.34426294018136927 and parameters: {'p': 1, 'd': 0, 'q': 1}. Best is trial 13 with value: 0.34426294018136927.
[I 2024-06-18 17:30:04,881] Trial 42 finished with value: 0.34426294018136927 and parameters: {'p': 1, 'd': 0, 'q': 1}. Best is trial 13 with value: 0.34426294018136927.
[I 2024-06-18 17:30:45,539] Trial 43 finished with value: 0.34426294018136927 and parameters: {'p': 1, 'd': 0, 'q': 1}. Best is trial 13 with value: 0.34426294018136927.
[I 2024-06-18 17:33:40,322] Trial 44 finished with value: 189.98905834010807 and parameters: {'p': 4, 'd': 0, 'q': 2}. Best is trial 13 with value: 0.34426294018136927.
[I 2024-06-18 17:33:40,336] Trial 45 finished with value: 1000.0 and parameters: {'p': 1, 'd': 1, 'q': 0}. Best is trial 13 with value: 0.34426294018136927.
[I 2024-06-18 17:34:21,141] Trial 46 finished with value: 0.34426294018136927 and parameters: {'p': 1, 'd': 0, 'q': 1}. Best is trial 13 with value: 0.34426294018136927.
[I 2024-06-18 17:34:21,155] Trial 47 finished with value: 1000.0 and parameters: {'p': 1, 'd': 1, 'q': 2}. Best is trial 13 with value: 0.34426294018136927.
[I 2024-06-18 17:34:55,663] Trial 48 finished with value: 0.3440246739803832 and parameters: {'p': 2, 'd': 0, 'q': 0}. Best is trial 48 with value: 0.3440246739803832.
[I 2024-06-18 17:34:55,676] Trial 49 finished with value: 1000.0 and parameters: {'p': 2, 'd': 1, 'q': 0}. Best is trial 48 with value: 0.3440246739803832.
[I 2024-06-18 17:35:41,910] Trial 50 finished with value: 0.3633581837528019 and parameters: {'p': 3, 'd': 0, 'q': 0}. Best is trial 48 with value: 0.3440246739803832.
[I 2024-06-18 17:36:21,969] Trial 51 finished with value: 0.34426294018136927 and parameters: {'p': 1, 'd': 0, 'q': 1}. Best is trial 48 with value: 0.3440246739803832.
[I 2024-06-18 17:37:29,811] Trial 52 finished with value: 0.37613568127345504 and parameters: {'p': 2, 'd': 0, 'q': 1}. Best is trial 48 with value: 0.3440246739803832.
[I 2024-06-18 17:37:56,415] Trial 53 finished with value: 0.3558060487995024 and parameters: {'p': 1, 'd': 0, 'q': 0}. Best is trial 48 with value: 0.3440246739803832.
[I 2024-06-18 17:38:22,692] Trial 54 finished with value: 0.3558060487995024 and parameters: {'p': 1, 'd': 0, 'q': 0}. Best is trial 48 with value: 0.3440246739803832.
[I 2024-06-18 17:38:22,706] Trial 55 finished with value: 1000.0 and parameters: {'p': 5, 'd': 1, 'q': 1}. Best is trial 48 with value: 0.3440246739803832.
[I 2024-06-18 17:39:31,291] Trial 56 finished with value: 0.37613568127345504 and parameters: {'p': 2, 'd': 0, 'q': 1}. Best is trial 48 with value: 0.3440246739803832.
[I 2024-06-18 17:39:31,305] Trial 57 finished with value: 1000.0 and parameters: {'p': 1, 'd': 5, 'q': 2}. Best is trial 48 with value: 0.3440246739803832.
[I 2024-06-18 17:39:31,318] Trial 58 finished with value: 1000.0 and parameters: {'p': 1, 'd': 1, 'q': 1}. Best is trial 48 with value: 0.3440246739803832.
[I 2024-06-18 17:42:27,212] Trial 59 finished with value: 0.46948634347046897 and parameters: {'p': 2, 'd': 0, 'q': 4}. Best is trial 48 with value: 0.3440246739803832.
[I 2024-06-18 17:42:27,226] Trial 60 finished with value: 1000.0 and parameters: {'p': 1, 'd': 4, 'q': 0}. Best is trial 48 with value: 0.3440246739803832.
[I 2024-06-18 17:43:07,082] Trial 61 finished with value: 0.34426294018136927 and parameters: {'p': 1, 'd': 0, 'q': 1}. Best is trial 48 with value: 0.3440246739803832.
[I 2024-06-18 17:43:47,041] Trial 62 finished with value: 0.34426294018136927 and parameters: {'p': 1, 'd': 0, 'q': 1}. Best is trial 48 with value: 0.3440246739803832.
[I 2024-06-18 17:44:26,922] Trial 63 finished with value: 0.34426294018136927 and parameters: {'p': 1, 'd': 0, 'q': 1}. Best is trial 48 with value: 0.3440246739803832.
[I 2024-06-18 17:45:27,067] Trial 64 finished with value: 0.39318049680931455 and parameters: {'p': 1, 'd': 0, 'q': 2}. Best is trial 48 with value: 0.3440246739803832.
[I 2024-06-18 17:46:34,833] Trial 65 finished with value: 0.37613568127345504 and parameters: {'p': 2, 'd': 0, 'q': 1}. Best is trial 48 with value: 0.3440246739803832.
[I 2024-06-18 17:46:34,846] Trial 66 finished with value: 1000.0 and parameters: {'p': 1, 'd': 1, 'q': 0}. Best is trial 48 with value: 0.3440246739803832.
[I 2024-06-18 17:47:34,812] Trial 67 finished with value: 0.39318049680931455 and parameters: {'p': 1, 'd': 0, 'q': 2}. Best is trial 48 with value: 0.3440246739803832.
[I 2024-06-18 17:47:34,826] Trial 68 finished with value: 1000.0 and parameters: {'p': 1, 'd': 1, 'q': 1}. Best is trial 48 with value: 0.3440246739803832.
[I 2024-06-18 17:47:34,840] Trial 69 finished with value: 1000.0 and parameters: {'p': 3, 'd': 3, 'q': 5}. Best is trial 48 with value: 0.3440246739803832.
[I 2024-06-18 17:48:45,121] Trial 70 finished with value: 0.37613568127345504 and parameters: {'p': 2, 'd': 0, 'q': 1}. Best is trial 48 with value: 0.3440246739803832.
[I 2024-06-18 17:49:26,673] Trial 71 finished with value: 0.34426294018136927 and parameters: {'p': 1, 'd': 0, 'q': 1}. Best is trial 48 with value: 0.3440246739803832.
[I 2024-06-18 17:50:08,098] Trial 72 finished with value: 0.34426294018136927 and parameters: {'p': 1, 'd': 0, 'q': 1}. Best is trial 48 with value: 0.3440246739803832.
[I 2024-06-18 17:50:49,553] Trial 73 finished with value: 0.34426294018136927 and parameters: {'p': 1, 'd': 0, 'q': 1}. Best is trial 48 with value: 0.3440246739803832.
[I 2024-06-18 17:51:16,591] Trial 74 finished with value: 0.3558060487995024 and parameters: {'p': 1, 'd': 0, 'q': 0}. Best is trial 48 with value: 0.3440246739803832.
[I 2024-06-18 17:52:19,021] Trial 75 finished with value: 0.39318049680931455 and parameters: {'p': 1, 'd': 0, 'q': 2}. Best is trial 48 with value: 0.3440246739803832.
[I 2024-06-18 17:52:59,664] Trial 76 finished with value: 0.34426294018136927 and parameters: {'p': 1, 'd': 0, 'q': 1}. Best is trial 48 with value: 0.3440246739803832.
[I 2024-06-18 17:54:07,594] Trial 77 finished with value: 0.37613568127345504 and parameters: {'p': 2, 'd': 0, 'q': 1}. Best is trial 48 with value: 0.3440246739803832.
[I 2024-06-18 17:54:07,608] Trial 78 finished with value: 1000.0 and parameters: {'p': 1, 'd': 1, 'q': 2}. Best is trial 48 with value: 0.3440246739803832.
[I 2024-06-18 17:54:33,687] Trial 79 finished with value: 0.3558060487995024 and parameters: {'p': 1, 'd': 0, 'q': 0}. Best is trial 48 with value: 0.3440246739803832.
[I 2024-06-18 17:55:13,666] Trial 80 finished with value: 0.34426294018136927 and parameters: {'p': 1, 'd': 0, 'q': 1}. Best is trial 48 with value: 0.3440246739803832.
[I 2024-06-18 17:55:53,697] Trial 81 finished with value: 0.34426294018136927 and parameters: {'p': 1, 'd': 0, 'q': 1}. Best is trial 48 with value: 0.3440246739803832.
[I 2024-06-18 17:56:33,648] Trial 82 finished with value: 0.34426294018136927 and parameters: {'p': 1, 'd': 0, 'q': 1}. Best is trial 48 with value: 0.3440246739803832.
[I 2024-06-18 17:57:13,606] Trial 83 finished with value: 0.34426294018136927 and parameters: {'p': 1, 'd': 0, 'q': 1}. Best is trial 48 with value: 0.3440246739803832.
[I 2024-06-18 17:57:53,571] Trial 84 finished with value: 0.34426294018136927 and parameters: {'p': 1, 'd': 0, 'q': 1}. Best is trial 48 with value: 0.3440246739803832.
[I 2024-06-18 17:57:53,585] Trial 85 finished with value: 1000.0 and parameters: {'p': 1, 'd': 1, 'q': 0}. Best is trial 48 with value: 0.3440246739803832.
[I 2024-06-18 17:59:01,320] Trial 86 finished with value: 0.37613568127345504 and parameters: {'p': 2, 'd': 0, 'q': 1}. Best is trial 48 with value: 0.3440246739803832.
[I 2024-06-18 18:00:01,473] Trial 87 finished with value: 0.39318049680931455 and parameters: {'p': 1, 'd': 0, 'q': 2}. Best is trial 48 with value: 0.3440246739803832.
[I 2024-06-18 18:00:01,488] Trial 88 finished with value: 1000.0 and parameters: {'p': 1, 'd': 1, 'q': 1}. Best is trial 48 with value: 0.3440246739803832.
[I 2024-06-18 18:00:27,605] Trial 89 finished with value: 0.3558060487995024 and parameters: {'p': 1, 'd': 0, 'q': 0}. Best is trial 48 with value: 0.3440246739803832.
[I 2024-06-18 18:00:27,619] Trial 90 finished with value: 1000.0 and parameters: {'p': 2, 'd': 2, 'q': 3}. Best is trial 48 with value: 0.3440246739803832.
[I 2024-06-18 18:01:07,513] Trial 91 finished with value: 0.34426294018136927 and parameters: {'p': 1, 'd': 0, 'q': 1}. Best is trial 48 with value: 0.3440246739803832.
[I 2024-06-18 18:01:47,689] Trial 92 finished with value: 0.34426294018136927 and parameters: {'p': 1, 'd': 0, 'q': 1}. Best is trial 48 with value: 0.3440246739803832.
[I 2024-06-18 18:02:27,938] Trial 93 finished with value: 0.34426294018136927 and parameters: {'p': 1, 'd': 0, 'q': 1}. Best is trial 48 with value: 0.3440246739803832.
[I 2024-06-18 18:03:08,241] Trial 94 finished with value: 0.34426294018136927 and parameters: {'p': 1, 'd': 0, 'q': 1}. Best is trial 48 with value: 0.3440246739803832.
[I 2024-06-18 18:05:01,754] Trial 95 finished with value: 0.391820820066223 and parameters: {'p': 4, 'd': 0, 'q': 1}. Best is trial 48 with value: 0.3440246739803832.
[I 2024-06-18 18:05:42,362] Trial 96 finished with value: 0.34426294018136927 and parameters: {'p': 1, 'd': 0, 'q': 1}. Best is trial 48 with value: 0.3440246739803832.
[I 2024-06-18 18:06:42,690] Trial 97 finished with value: 0.39318049680931455 and parameters: {'p': 1, 'd': 0, 'q': 2}. Best is trial 48 with value: 0.3440246739803832.
[I 2024-06-18 18:07:08,659] Trial 98 finished with value: 0.3558060487995024 and parameters: {'p': 1, 'd': 0, 'q': 0}. Best is trial 48 with value: 0.3440246739803832.
[I 2024-06-18 18:09:26,242] Trial 99 finished with value: 0.43876151105613037 and parameters: {'p': 1, 'd': 0, 'q': 4}. Best is trial 48 with value: 0.3440246739803832.
[I 2024-06-18 18:09:34,253] A new study created in memory with name: no-name-fa749d13-8d95-480e-b776-0164d8b0bdba
ARIMA UK y_5 0.3036918470814822 0.40709268702051055 0.9 25.7
(2261, 28) (970, 28)
[I 2024-06-18 18:22:57,291] Trial 0 finished with value: 0.5329157256389361 and parameters: {'p': 5, 'd': 0, 'q': 4}. Best is trial 0 with value: 0.5329157256389361.
[I 2024-06-18 18:22:57,292] Trial 1 finished with value: 1000.0 and parameters: {'p': 2, 'd': 1, 'q': 1}. Best is trial 0 with value: 0.5329157256389361.
[I 2024-06-18 18:22:57,294] Trial 2 finished with value: 1000.0 and parameters: {'p': 5, 'd': 5, 'q': 0}. Best is trial 0 with value: 0.5329157256389361.
[I 2024-06-18 18:22:57,296] Trial 3 finished with value: 1000.0 and parameters: {'p': 5, 'd': 3, 'q': 0}. Best is trial 0 with value: 0.5329157256389361.
[I 2024-06-18 18:22:57,297] Trial 4 finished with value: 1000.0 and parameters: {'p': 5, 'd': 5, 'q': 5}. Best is trial 0 with value: 0.5329157256389361.
[I 2024-06-18 18:22:57,299] Trial 5 finished with value: 1000.0 and parameters: {'p': 2, 'd': 5, 'q': 5}. Best is trial 0 with value: 0.5329157256389361.
[I 2024-06-18 18:22:57,300] Trial 6 finished with value: 1000.0 and parameters: {'p': 5, 'd': 3, 'q': 2}. Best is trial 0 with value: 0.5329157256389361.
[I 2024-06-18 18:22:57,301] Trial 7 finished with value: 1000.0 and parameters: {'p': 3, 'd': 2, 'q': 0}. Best is trial 0 with value: 0.5329157256389361.
[I 2024-06-18 18:34:07,572] Trial 8 finished with value: 0.492388495120123 and parameters: {'p': 2, 'd': 0, 'q': 5}. Best is trial 8 with value: 0.492388495120123.
[I 2024-06-18 18:41:14,450] Trial 9 finished with value: 0.45483965342119465 and parameters: {'p': 2, 'd': 0, 'q': 3}. Best is trial 9 with value: 0.45483965342119465.
[I 2024-06-18 18:41:14,461] Trial 10 finished with value: 1000.0 and parameters: {'p': 1, 'd': 1, 'q': 3}. Best is trial 9 with value: 0.45483965342119465.
[I 2024-06-18 18:48:21,535] Trial 11 finished with value: 0.45483965342119465 and parameters: {'p': 2, 'd': 0, 'q': 3}. Best is trial 9 with value: 0.45483965342119465.
[I 2024-06-18 18:48:21,546] Trial 12 finished with value: 1000.0 and parameters: {'p': 1, 'd': 1, 'q': 3}. Best is trial 9 with value: 0.45483965342119465.
[I 2024-06-18 18:48:35,286] Trial 13 finished with value: 19.084717153962043 and parameters: {'p': 3, 'd': 0, 'q': 2}. Best is trial 9 with value: 0.45483965342119465.
[I 2024-06-18 18:48:35,298] Trial 14 finished with value: 1000.0 and parameters: {'p': 2, 'd': 2, 'q': 4}. Best is trial 9 with value: 0.45483965342119465.
[I 2024-06-18 18:49:30,427] Trial 15 finished with value: 2.9515929548404465 and parameters: {'p': 4, 'd': 0, 'q': 3}. Best is trial 9 with value: 0.45483965342119465.
[I 2024-06-18 18:49:30,439] Trial 16 finished with value: 1000.0 and parameters: {'p': 1, 'd': 1, 'q': 4}. Best is trial 9 with value: 0.45483965342119465.
[I 2024-06-18 18:49:30,451] Trial 17 finished with value: 1000.0 and parameters: {'p': 3, 'd': 4, 'q': 2}. Best is trial 9 with value: 0.45483965342119465.
[I 2024-06-18 18:49:30,463] Trial 18 finished with value: 1000.0 and parameters: {'p': 3, 'd': 2, 'q': 1}. Best is trial 9 with value: 0.45483965342119465.
[I 2024-06-18 18:50:25,643] Trial 19 finished with value: 2.9515929548404465 and parameters: {'p': 4, 'd': 0, 'q': 3}. Best is trial 9 with value: 0.45483965342119465.
[I 2024-06-18 18:50:25,655] Trial 20 finished with value: 1000.0 and parameters: {'p': 2, 'd': 1, 'q': 4}. Best is trial 9 with value: 0.45483965342119465.
[I 2024-06-18 19:01:37,529] Trial 21 finished with value: 0.492388495120123 and parameters: {'p': 2, 'd': 0, 'q': 5}. Best is trial 9 with value: 0.45483965342119465.
[I 2024-06-18 19:10:43,168] Trial 22 finished with value: 0.46880382745156013 and parameters: {'p': 2, 'd': 0, 'q': 4}. Best is trial 9 with value: 0.45483965342119465.
[I 2024-06-18 19:10:43,180] Trial 23 finished with value: 1000.0 and parameters: {'p': 1, 'd': 1, 'q': 4}. Best is trial 9 with value: 0.45483965342119465.
[I 2024-06-18 19:17:56,061] Trial 24 finished with value: 0.45483965342119465 and parameters: {'p': 2, 'd': 0, 'q': 3}. Best is trial 9 with value: 0.45483965342119465.
[I 2024-06-18 19:17:56,074] Trial 25 finished with value: 1000.0 and parameters: {'p': 3, 'd': 1, 'q': 3}. Best is trial 9 with value: 0.45483965342119465.
[I 2024-06-18 19:21:07,949] Trial 26 finished with value: 0.3855581634121254 and parameters: {'p': 1, 'd': 0, 'q': 2}. Best is trial 26 with value: 0.3855581634121254.
[I 2024-06-18 19:21:07,961] Trial 27 finished with value: 1000.0 and parameters: {'p': 1, 'd': 2, 'q': 1}. Best is trial 26 with value: 0.3855581634121254.
[I 2024-06-18 19:21:07,973] Trial 28 finished with value: 1000.0 and parameters: {'p': 1, 'd': 4, 'q': 2}. Best is trial 26 with value: 0.3855581634121254.
