[I 2024-06-19 05:05:09,534] Trial 60 finished with value: 0.08603363560950095 and parameters: {'p': 3, 'd': 0, 'q': 1}. Best is trial 10 with value: 0.07797905074984403.
[I 2024-06-19 05:06:02,809] Trial 61 finished with value: 0.07797905074984403 and parameters: {'p': 2, 'd': 0, 'q': 0}. Best is trial 10 with value: 0.07797905074984403.
[I 2024-06-19 05:06:56,186] Trial 62 finished with value: 0.07797905074984403 and parameters: {'p': 2, 'd': 0, 'q': 0}. Best is trial 10 with value: 0.07797905074984403.
[I 2024-06-19 05:07:49,615] Trial 63 finished with value: 0.07797905074984403 and parameters: {'p': 2, 'd': 0, 'q': 0}. Best is trial 10 with value: 0.07797905074984403.
[I 2024-06-19 05:08:42,957] Trial 64 finished with value: 0.07797905074984403 and parameters: {'p': 2, 'd': 0, 'q': 0}. Best is trial 10 with value: 0.07797905074984403.
[I 2024-06-19 05:08:42,970] Trial 65 finished with value: 1000.0 and parameters: {'p': 2, 'd': 1, 'q': 0}. Best is trial 10 with value: 0.07797905074984403.
[I 2024-06-19 05:09:20,584] Trial 66 finished with value: 0.10152202282343636 and parameters: {'p': 1, 'd': 0, 'q': 0}. Best is trial 10 with value: 0.07797905074984403.
[I 2024-06-19 05:09:20,598] Trial 67 finished with value: 1000.0 and parameters: {'p': 2, 'd': 1, 'q': 0}. Best is trial 10 with value: 0.07797905074984403.
[I 2024-06-19 05:12:14,038] Trial 68 finished with value: 0.08974218824137278 and parameters: {'p': 5, 'd': 0, 'q': 1}. Best is trial 10 with value: 0.07797905074984403.
[I 2024-06-19 05:12:14,052] Trial 69 finished with value: 1000.0 and parameters: {'p': 3, 'd': 1, 'q': 5}. Best is trial 10 with value: 0.07797905074984403.
[I 2024-06-19 05:13:07,311] Trial 70 finished with value: 0.07797905074984403 and parameters: {'p': 2, 'd': 0, 'q': 0}. Best is trial 10 with value: 0.07797905074984403.
[I 2024-06-19 05:14:00,625] Trial 71 finished with value: 0.07797905074984403 and parameters: {'p': 2, 'd': 0, 'q': 0}. Best is trial 10 with value: 0.07797905074984403.
[I 2024-06-19 05:14:53,997] Trial 72 finished with value: 0.07797905074984403 and parameters: {'p': 2, 'd': 0, 'q': 0}. Best is trial 10 with value: 0.07797905074984403.
[I 2024-06-19 05:15:47,257] Trial 73 finished with value: 0.07797905074984403 and parameters: {'p': 2, 'd': 0, 'q': 0}. Best is trial 10 with value: 0.07797905074984403.
[I 2024-06-19 05:16:40,114] Trial 74 finished with value: 0.07797905074984403 and parameters: {'p': 2, 'd': 0, 'q': 0}. Best is trial 10 with value: 0.07797905074984403.
[I 2024-06-19 05:17:34,836] Trial 75 finished with value: 0.07797905074984403 and parameters: {'p': 2, 'd': 0, 'q': 0}. Best is trial 10 with value: 0.07797905074984403.
[I 2024-06-19 05:18:13,289] Trial 76 finished with value: 0.10152202282343636 and parameters: {'p': 1, 'd': 0, 'q': 0}. Best is trial 10 with value: 0.07797905074984403.
[I 2024-06-19 05:19:38,868] Trial 77 finished with value: 0.08844597649170287 and parameters: {'p': 2, 'd': 0, 'q': 1}. Best is trial 10 with value: 0.07797905074984403.
[I 2024-06-19 05:19:38,882] Trial 78 finished with value: 1000.0 and parameters: {'p': 3, 'd': 1, 'q': 0}. Best is trial 10 with value: 0.07797905074984403.
[I 2024-06-19 05:21:42,673] Trial 79 finished with value: 0.09013688209987523 and parameters: {'p': 2, 'd': 0, 'q': 2}. Best is trial 10 with value: 0.07797905074984403.
[I 2024-06-19 05:21:42,688] Trial 80 finished with value: 1000.0 and parameters: {'p': 1, 'd': 4, 'q': 0}. Best is trial 10 with value: 0.07797905074984403.
[I 2024-06-19 05:22:35,971] Trial 81 finished with value: 0.07797905074984403 and parameters: {'p': 2, 'd': 0, 'q': 0}. Best is trial 10 with value: 0.07797905074984403.
[I 2024-06-19 05:23:29,246] Trial 82 finished with value: 0.07797905074984403 and parameters: {'p': 2, 'd': 0, 'q': 0}. Best is trial 10 with value: 0.07797905074984403.
[I 2024-06-19 05:24:22,627] Trial 83 finished with value: 0.07797905074984403 and parameters: {'p': 2, 'd': 0, 'q': 0}. Best is trial 10 with value: 0.07797905074984403.
[I 2024-06-19 05:25:15,908] Trial 84 finished with value: 0.07797905074984403 and parameters: {'p': 2, 'd': 0, 'q': 0}. Best is trial 10 with value: 0.07797905074984403.
[I 2024-06-19 05:26:39,346] Trial 85 finished with value: 0.08844597649170287 and parameters: {'p': 2, 'd': 0, 'q': 1}. Best is trial 10 with value: 0.07797905074984403.
[I 2024-06-19 05:26:39,360] Trial 86 finished with value: 1000.0 and parameters: {'p': 2, 'd': 1, 'q': 0}. Best is trial 10 with value: 0.07797905074984403.
[I 2024-06-19 05:29:14,320] Trial 87 finished with value: 0.10223780933820587 and parameters: {'p': 2, 'd': 0, 'q': 3}. Best is trial 10 with value: 0.07797905074984403.
[I 2024-06-19 05:30:27,305] Trial 88 finished with value: 0.08239616990126236 and parameters: {'p': 3, 'd': 0, 'q': 0}. Best is trial 10 with value: 0.07797905074984403.
[I 2024-06-19 05:31:19,971] Trial 89 finished with value: 0.07797905074984403 and parameters: {'p': 2, 'd': 0, 'q': 0}. Best is trial 10 with value: 0.07797905074984403.
[I 2024-06-19 05:31:19,985] Trial 90 finished with value: 1000.0 and parameters: {'p': 1, 'd': 5, 'q': 1}. Best is trial 10 with value: 0.07797905074984403.
[I 2024-06-19 05:32:12,652] Trial 91 finished with value: 0.07797905074984403 and parameters: {'p': 2, 'd': 0, 'q': 0}. Best is trial 10 with value: 0.07797905074984403.
[I 2024-06-19 05:33:05,270] Trial 92 finished with value: 0.07797905074984403 and parameters: {'p': 2, 'd': 0, 'q': 0}. Best is trial 10 with value: 0.07797905074984403.
[I 2024-06-19 05:33:57,941] Trial 93 finished with value: 0.07797905074984403 and parameters: {'p': 2, 'd': 0, 'q': 0}. Best is trial 10 with value: 0.07797905074984403.
[I 2024-06-19 05:34:50,636] Trial 94 finished with value: 0.07797905074984403 and parameters: {'p': 2, 'd': 0, 'q': 0}. Best is trial 10 with value: 0.07797905074984403.
[I 2024-06-19 05:35:43,259] Trial 95 finished with value: 0.07797905074984403 and parameters: {'p': 2, 'd': 0, 'q': 0}. Best is trial 10 with value: 0.07797905074984403.
[I 2024-06-19 05:35:43,273] Trial 96 finished with value: 1000.0 and parameters: {'p': 2, 'd': 1, 'q': 0}. Best is trial 10 with value: 0.07797905074984403.
[I 2024-06-19 05:36:35,906] Trial 97 finished with value: 0.07797905074984403 and parameters: {'p': 2, 'd': 0, 'q': 0}. Best is trial 10 with value: 0.07797905074984403.
[I 2024-06-19 05:37:28,659] Trial 98 finished with value: 0.07797905074984403 and parameters: {'p': 2, 'd': 0, 'q': 0}. Best is trial 10 with value: 0.07797905074984403.
[I 2024-06-19 05:38:51,216] Trial 99 finished with value: 0.08844597649170287 and parameters: {'p': 2, 'd': 0, 'q': 1}. Best is trial 10 with value: 0.07797905074984403.
[I 2024-06-19 05:39:03,349] A new study created in memory with name: no-name-7d4fa36b-8b59-447e-a8b5-79665854845f
ARIMA UK y_9 0.13979791969896824 0.19456183073140176 1.0 21.5
(718, 28) (308, 28)
[I 2024-06-19 05:42:30,193] Trial 0 finished with value: 1.0122407500821693 and parameters: {'p': 2, 'd': 0, 'q': 5}. Best is trial 0 with value: 1.0122407500821693.
[I 2024-06-19 05:42:30,194] Trial 1 finished with value: 1000.0 and parameters: {'p': 1, 'd': 3, 'q': 2}. Best is trial 0 with value: 1.0122407500821693.
[I 2024-06-19 05:42:30,196] Trial 2 finished with value: 1000.0 and parameters: {'p': 1, 'd': 2, 'q': 0}. Best is trial 0 with value: 1.0122407500821693.
[I 2024-06-19 05:42:30,198] Trial 3 finished with value: 1000.0 and parameters: {'p': 4, 'd': 1, 'q': 1}. Best is trial 0 with value: 1.0122407500821693.
[I 2024-06-19 05:44:49,855] Trial 4 finished with value: 0.9005101036085218 and parameters: {'p': 3, 'd': 0, 'q': 2}. Best is trial 4 with value: 0.9005101036085218.
[I 2024-06-19 05:44:49,856] Trial 5 finished with value: 1000.0 and parameters: {'p': 4, 'd': 5, 'q': 0}. Best is trial 4 with value: 0.9005101036085218.
[I 2024-06-19 05:44:49,858] Trial 6 finished with value: 1000.0 and parameters: {'p': 1, 'd': 3, 'q': 3}. Best is trial 4 with value: 0.9005101036085218.
[I 2024-06-19 05:46:31,909] Trial 7 finished with value: 0.9044573524857444 and parameters: {'p': 2, 'd': 0, 'q': 2}. Best is trial 4 with value: 0.9005101036085218.
[I 2024-06-19 05:46:31,910] Trial 8 finished with value: 1000.0 and parameters: {'p': 5, 'd': 4, 'q': 1}. Best is trial 4 with value: 0.9005101036085218.
[I 2024-06-19 05:46:31,912] Trial 9 finished with value: 1000.0 and parameters: {'p': 2, 'd': 5, 'q': 5}. Best is trial 4 with value: 0.9005101036085218.
[I 2024-06-19 05:46:31,924] Trial 10 finished with value: 1000.0 and parameters: {'p': 3, 'd': 1, 'q': 4}. Best is trial 4 with value: 0.9005101036085218.
[I 2024-06-19 05:48:56,743] Trial 11 finished with value: 0.9005101036085218 and parameters: {'p': 3, 'd': 0, 'q': 2}. Best is trial 4 with value: 0.9005101036085218.
[I 2024-06-19 05:48:56,754] Trial 12 finished with value: 1000.0 and parameters: {'p': 3, 'd': 1, 'q': 3}. Best is trial 4 with value: 0.9005101036085218.
[I 2024-06-19 05:51:46,023] Trial 13 finished with value: 0.9876247827329131 and parameters: {'p': 4, 'd': 0, 'q': 2}. Best is trial 4 with value: 0.9005101036085218.
[I 2024-06-19 05:51:46,036] Trial 14 finished with value: 1000.0 and parameters: {'p': 3, 'd': 2, 'q': 1}. Best is trial 4 with value: 0.9005101036085218.
[I 2024-06-19 05:53:12,086] Trial 15 finished with value: 2.9107090345928897 and parameters: {'p': 5, 'd': 0, 'q': 3}. Best is trial 4 with value: 0.9005101036085218.
[I 2024-06-19 05:53:12,099] Trial 16 finished with value: 1000.0 and parameters: {'p': 4, 'd': 1, 'q': 4}. Best is trial 4 with value: 0.9005101036085218.
[I 2024-06-19 05:53:12,110] Trial 17 finished with value: 1000.0 and parameters: {'p': 2, 'd': 2, 'q': 1}. Best is trial 4 with value: 0.9005101036085218.
[I 2024-06-19 05:55:36,669] Trial 18 finished with value: 0.9005101036085218 and parameters: {'p': 3, 'd': 0, 'q': 2}. Best is trial 4 with value: 0.9005101036085218.
[I 2024-06-19 05:55:36,681] Trial 19 finished with value: 1000.0 and parameters: {'p': 4, 'd': 1, 'q': 3}. Best is trial 4 with value: 0.9005101036085218.
[I 2024-06-19 05:55:36,693] Trial 20 finished with value: 1000.0 and parameters: {'p': 2, 'd': 4, 'q': 4}. Best is trial 4 with value: 0.9005101036085218.
[I 2024-06-19 05:58:00,152] Trial 21 finished with value: 0.9005101036085218 and parameters: {'p': 3, 'd': 0, 'q': 2}. Best is trial 4 with value: 0.9005101036085218.
[I 2024-06-19 06:00:24,749] Trial 22 finished with value: 0.9005101036085218 and parameters: {'p': 3, 'd': 0, 'q': 2}. Best is trial 4 with value: 0.9005101036085218.
[I 2024-06-19 06:00:24,762] Trial 23 finished with value: 1000.0 and parameters: {'p': 3, 'd': 1, 'q': 1}. Best is trial 4 with value: 0.9005101036085218.
[I 2024-06-19 06:02:47,454] Trial 24 finished with value: 0.9005101036085218 and parameters: {'p': 3, 'd': 0, 'q': 2}. Best is trial 4 with value: 0.9005101036085218.
[I 2024-06-19 06:05:34,881] Trial 25 finished with value: 0.9837391986436466 and parameters: {'p': 3, 'd': 0, 'q': 3}. Best is trial 4 with value: 0.9005101036085218.
[I 2024-06-19 06:05:34,893] Trial 26 finished with value: 1000.0 and parameters: {'p': 4, 'd': 1, 'q': 1}. Best is trial 4 with value: 0.9005101036085218.
[I 2024-06-19 06:05:34,906] Trial 27 finished with value: 1000.0 and parameters: {'p': 2, 'd': 2, 'q': 2}. Best is trial 4 with value: 0.9005101036085218.
[I 2024-06-19 06:05:42,558] Trial 28 finished with value: 5.691428388640676 and parameters: {'p': 4, 'd': 0, 'q': 0}. Best is trial 4 with value: 0.9005101036085218.
[I 2024-06-19 06:08:30,474] Trial 29 finished with value: 0.9837391986436466 and parameters: {'p': 3, 'd': 0, 'q': 3}. Best is trial 4 with value: 0.9005101036085218.
[I 2024-06-19 06:08:30,487] Trial 30 finished with value: 1000.0 and parameters: {'p': 2, 'd': 1, 'q': 2}. Best is trial 4 with value: 0.9005101036085218.
[I 2024-06-19 06:10:54,840] Trial 31 finished with value: 0.9005101036085218 and parameters: {'p': 3, 'd': 0, 'q': 2}. Best is trial 4 with value: 0.9005101036085218.
[I 2024-06-19 06:13:19,598] Trial 32 finished with value: 0.9005101036085218 and parameters: {'p': 3, 'd': 0, 'q': 2}. Best is trial 4 with value: 0.9005101036085218.
[I 2024-06-19 06:15:40,301] Trial 33 finished with value: 0.9005101036085218 and parameters: {'p': 3, 'd': 0, 'q': 2}. Best is trial 4 with value: 0.9005101036085218.
[I 2024-06-19 06:15:40,314] Trial 34 finished with value: 1000.0 and parameters: {'p': 2, 'd': 1, 'q': 1}. Best is trial 4 with value: 0.9005101036085218.
[I 2024-06-19 06:18:53,316] Trial 35 finished with value: 1.0014278604457254 and parameters: {'p': 4, 'd': 0, 'q': 3}. Best is trial 4 with value: 0.9005101036085218.
[I 2024-06-19 06:18:53,329] Trial 36 finished with value: 1000.0 and parameters: {'p': 1, 'd': 2, 'q': 1}. Best is trial 4 with value: 0.9005101036085218.
[I 2024-06-19 06:18:53,341] Trial 37 finished with value: 1000.0 and parameters: {'p': 3, 'd': 3, 'q': 2}. Best is trial 4 with value: 0.9005101036085218.
[I 2024-06-19 06:18:53,354] Trial 38 finished with value: 1000.0 and parameters: {'p': 4, 'd': 1, 'q': 0}. Best is trial 4 with value: 0.9005101036085218.
[I 2024-06-19 06:21:14,496] Trial 39 finished with value: 0.9005101036085218 and parameters: {'p': 3, 'd': 0, 'q': 2}. Best is trial 4 with value: 0.9005101036085218.
[I 2024-06-19 06:21:14,510] Trial 40 finished with value: 1000.0 and parameters: {'p': 2, 'd': 1, 'q': 3}. Best is trial 4 with value: 0.9005101036085218.
[I 2024-06-19 06:23:38,140] Trial 41 finished with value: 0.9005101036085218 and parameters: {'p': 3, 'd': 0, 'q': 2}. Best is trial 4 with value: 0.9005101036085218.
[I 2024-06-19 06:26:02,885] Trial 42 finished with value: 0.9005101036085218 and parameters: {'p': 3, 'd': 0, 'q': 2}. Best is trial 4 with value: 0.9005101036085218.
[I 2024-06-19 06:27:29,168] Trial 43 finished with value: 0.8373194104499678 and parameters: {'p': 3, 'd': 0, 'q': 1}. Best is trial 43 with value: 0.8373194104499678.
[I 2024-06-19 06:28:00,228] Trial 44 finished with value: 0.7685144630029905 and parameters: {'p': 2, 'd': 0, 'q': 0}. Best is trial 44 with value: 0.7685144630029905.
[I 2024-06-19 06:28:00,241] Trial 45 finished with value: 1000.0 and parameters: {'p': 1, 'd': 4, 'q': 0}. Best is trial 44 with value: 0.7685144630029905.
[I 2024-06-19 06:28:24,927] Trial 46 finished with value: 0.7134799848468465 and parameters: {'p': 1, 'd': 0, 'q': 0}. Best is trial 46 with value: 0.7134799848468465.
[I 2024-06-19 06:28:24,941] Trial 47 finished with value: 1000.0 and parameters: {'p': 1, 'd': 1, 'q': 0}. Best is trial 46 with value: 0.7134799848468465.
[I 2024-06-19 06:28:24,954] Trial 48 finished with value: 1000.0 and parameters: {'p': 1, 'd': 5, 'q': 0}. Best is trial 46 with value: 0.7134799848468465.
[I 2024-06-19 06:28:24,967] Trial 49 finished with value: 1000.0 and parameters: {'p': 1, 'd': 3, 'q': 0}. Best is trial 46 with value: 0.7134799848468465.
[I 2024-06-19 06:28:24,980] Trial 50 finished with value: 1000.0 and parameters: {'p': 2, 'd': 1, 'q': 1}. Best is trial 46 with value: 0.7134799848468465.
[I 2024-06-19 06:29:34,556] Trial 51 finished with value: 0.8183246788765494 and parameters: {'p': 2, 'd': 0, 'q': 1}. Best is trial 46 with value: 0.7134799848468465.
[I 2024-06-19 06:30:05,081] Trial 52 finished with value: 0.7685144630029905 and parameters: {'p': 2, 'd': 0, 'q': 0}. Best is trial 46 with value: 0.7134799848468465.
[I 2024-06-19 06:30:35,624] Trial 53 finished with value: 0.7685144630029905 and parameters: {'p': 2, 'd': 0, 'q': 0}. Best is trial 46 with value: 0.7134799848468465.
[I 2024-06-19 06:31:05,953] Trial 54 finished with value: 0.7685144630029905 and parameters: {'p': 2, 'd': 0, 'q': 0}. Best is trial 46 with value: 0.7134799848468465.
[I 2024-06-19 06:31:35,925] Trial 55 finished with value: 0.7685144630029905 and parameters: {'p': 2, 'd': 0, 'q': 0}. Best is trial 46 with value: 0.7134799848468465.
[I 2024-06-19 06:32:05,933] Trial 56 finished with value: 0.7685144630029905 and parameters: {'p': 2, 'd': 0, 'q': 0}. Best is trial 46 with value: 0.7134799848468465.
[I 2024-06-19 06:32:35,884] Trial 57 finished with value: 0.7685144630029905 and parameters: {'p': 2, 'd': 0, 'q': 0}. Best is trial 46 with value: 0.7134799848468465.
[I 2024-06-19 06:32:35,897] Trial 58 finished with value: 1000.0 and parameters: {'p': 1, 'd': 1, 'q': 0}. Best is trial 46 with value: 0.7134799848468465.
[I 2024-06-19 06:33:05,869] Trial 59 finished with value: 0.7685144630029905 and parameters: {'p': 2, 'd': 0, 'q': 0}. Best is trial 46 with value: 0.7134799848468465.
[I 2024-06-19 06:33:36,017] Trial 60 finished with value: 0.7685144630029905 and parameters: {'p': 2, 'd': 0, 'q': 0}. Best is trial 46 with value: 0.7134799848468465.
[I 2024-06-19 06:34:06,336] Trial 61 finished with value: 0.7685144630029905 and parameters: {'p': 2, 'd': 0, 'q': 0}. Best is trial 46 with value: 0.7134799848468465.
[I 2024-06-19 06:34:36,645] Trial 62 finished with value: 0.7685144630029905 and parameters: {'p': 2, 'd': 0, 'q': 0}. Best is trial 46 with value: 0.7134799848468465.
[I 2024-06-19 06:35:07,040] Trial 63 finished with value: 0.7685144630029905 and parameters: {'p': 2, 'd': 0, 'q': 0}. Best is trial 46 with value: 0.7134799848468465.
[I 2024-06-19 06:35:31,115] Trial 64 finished with value: 0.7134799848468465 and parameters: {'p': 1, 'd': 0, 'q': 0}. Best is trial 46 with value: 0.7134799848468465.
[I 2024-06-19 06:35:31,129] Trial 65 finished with value: 1000.0 and parameters: {'p': 1, 'd': 1, 'q': 0}. Best is trial 46 with value: 0.7134799848468465.
[I 2024-06-19 06:35:55,189] Trial 66 finished with value: 0.7134799848468465 and parameters: {'p': 1, 'd': 0, 'q': 0}. Best is trial 46 with value: 0.7134799848468465.
[I 2024-06-19 06:36:19,328] Trial 67 finished with value: 0.7134799848468465 and parameters: {'p': 1, 'd': 0, 'q': 0}. Best is trial 46 with value: 0.7134799848468465.
[I 2024-06-19 06:36:19,342] Trial 68 finished with value: 1000.0 and parameters: {'p': 1, 'd': 1, 'q': 5}. Best is trial 46 with value: 0.7134799848468465.
[I 2024-06-19 06:36:43,397] Trial 69 finished with value: 0.7134799848468465 and parameters: {'p': 1, 'd': 0, 'q': 0}. Best is trial 46 with value: 0.7134799848468465.
[I 2024-06-19 06:36:43,411] Trial 70 finished with value: 1000.0 and parameters: {'p': 1, 'd': 1, 'q': 1}. Best is trial 46 with value: 0.7134799848468465.
[I 2024-06-19 06:37:07,476] Trial 71 finished with value: 0.7134799848468465 and parameters: {'p': 1, 'd': 0, 'q': 0}. Best is trial 46 with value: 0.7134799848468465.
[I 2024-06-19 06:37:31,637] Trial 72 finished with value: 0.7134799848468465 and parameters: {'p': 1, 'd': 0, 'q': 0}. Best is trial 46 with value: 0.7134799848468465.
[I 2024-06-19 06:37:55,756] Trial 73 finished with value: 0.7134799848468465 and parameters: {'p': 1, 'd': 0, 'q': 0}. Best is trial 46 with value: 0.7134799848468465.
[I 2024-06-19 06:38:19,892] Trial 74 finished with value: 0.7134799848468465 and parameters: {'p': 1, 'd': 0, 'q': 0}. Best is trial 46 with value: 0.7134799848468465.
[I 2024-06-19 06:38:44,156] Trial 75 finished with value: 0.7134799848468465 and parameters: {'p': 1, 'd': 0, 'q': 0}. Best is trial 46 with value: 0.7134799848468465.
[I 2024-06-19 06:39:20,038] Trial 76 finished with value: 0.7453810551582556 and parameters: {'p': 1, 'd': 0, 'q': 1}. Best is trial 46 with value: 0.7134799848468465.
[I 2024-06-19 06:39:44,164] Trial 77 finished with value: 0.7134799848468465 and parameters: {'p': 1, 'd': 0, 'q': 0}. Best is trial 46 with value: 0.7134799848468465.
[I 2024-06-19 06:40:20,146] Trial 78 finished with value: 0.7453810551582556 and parameters: {'p': 1, 'd': 0, 'q': 1}. Best is trial 46 with value: 0.7134799848468465.
[I 2024-06-19 06:40:44,218] Trial 79 finished with value: 0.7134799848468465 and parameters: {'p': 1, 'd': 0, 'q': 0}. Best is trial 46 with value: 0.7134799848468465.
[I 2024-06-19 06:40:44,231] Trial 80 finished with value: 1000.0 and parameters: {'p': 1, 'd': 1, 'q': 0}. Best is trial 46 with value: 0.7134799848468465.
[I 2024-06-19 06:41:08,302] Trial 81 finished with value: 0.7134799848468465 and parameters: {'p': 1, 'd': 0, 'q': 0}. Best is trial 46 with value: 0.7134799848468465.
[I 2024-06-19 06:41:32,143] Trial 82 finished with value: 0.7134799848468465 and parameters: {'p': 1, 'd': 0, 'q': 0}. Best is trial 46 with value: 0.7134799848468465.
[I 2024-06-19 06:41:55,899] Trial 83 finished with value: 0.7134799848468465 and parameters: {'p': 1, 'd': 0, 'q': 0}. Best is trial 46 with value: 0.7134799848468465.
[I 2024-06-19 06:42:19,717] Trial 84 finished with value: 0.7134799848468465 and parameters: {'p': 1, 'd': 0, 'q': 0}. Best is trial 46 with value: 0.7134799848468465.
[I 2024-06-19 06:42:43,536] Trial 85 finished with value: 0.7134799848468465 and parameters: {'p': 1, 'd': 0, 'q': 0}. Best is trial 46 with value: 0.7134799848468465.
[I 2024-06-19 06:43:18,984] Trial 86 finished with value: 0.7453810551582556 and parameters: {'p': 1, 'd': 0, 'q': 1}. Best is trial 46 with value: 0.7134799848468465.
[I 2024-06-19 06:43:18,998] Trial 87 finished with value: 1000.0 and parameters: {'p': 1, 'd': 4, 'q': 0}. Best is trial 46 with value: 0.7134799848468465.
[I 2024-06-19 06:47:26,021] Trial 88 finished with value: 1.0923406504936688 and parameters: {'p': 5, 'd': 0, 'q': 4}. Best is trial 46 with value: 0.7134799848468465.
[I 2024-06-19 06:47:26,034] Trial 89 finished with value: 1000.0 and parameters: {'p': 1, 'd': 1, 'q': 1}. Best is trial 46 with value: 0.7134799848468465.
[I 2024-06-19 06:47:26,048] Trial 90 finished with value: 1000.0 and parameters: {'p': 1, 'd': 3, 'q': 0}. Best is trial 46 with value: 0.7134799848468465.
[I 2024-06-19 06:47:49,934] Trial 91 finished with value: 0.7134799848468465 and parameters: {'p': 1, 'd': 0, 'q': 0}. Best is trial 46 with value: 0.7134799848468465.
