[I 2024-06-18 14:17:30,070] Trial 33 finished with value: 7.222525087568884 and parameters: {'p': 3, 'd': 0, 'q': 1}. Best is trial 28 with value: 6.664681707441798.
[I 2024-06-18 14:17:30,083] Trial 34 finished with value: 1000.0 and parameters: {'p': 3, 'd': 1, 'q': 0}. Best is trial 28 with value: 6.664681707441798.
[I 2024-06-18 14:17:39,668] Trial 35 finished with value: 6.664681707441798 and parameters: {'p': 3, 'd': 0, 'q': 0}. Best is trial 28 with value: 6.664681707441798.
[I 2024-06-18 14:17:39,682] Trial 36 finished with value: 1000.0 and parameters: {'p': 3, 'd': 1, 'q': 0}. Best is trial 28 with value: 6.664681707441798.
[I 2024-06-18 14:17:49,364] Trial 37 finished with value: 6.664681707441798 and parameters: {'p': 3, 'd': 0, 'q': 0}. Best is trial 28 with value: 6.664681707441798.
[I 2024-06-18 14:17:56,874] Trial 38 finished with value: 6.397246090155925 and parameters: {'p': 2, 'd': 0, 'q': 0}. Best is trial 38 with value: 6.397246090155925.
[I 2024-06-18 14:17:56,887] Trial 39 finished with value: 1000.0 and parameters: {'p': 1, 'd': 1, 'q': 0}. Best is trial 38 with value: 6.397246090155925.
[I 2024-06-18 14:18:04,201] Trial 40 finished with value: 6.397246090155925 and parameters: {'p': 2, 'd': 0, 'q': 0}. Best is trial 38 with value: 6.397246090155925.
[I 2024-06-18 14:18:11,562] Trial 41 finished with value: 6.397246090155925 and parameters: {'p': 2, 'd': 0, 'q': 0}. Best is trial 38 with value: 6.397246090155925.
[I 2024-06-18 14:18:18,925] Trial 42 finished with value: 6.397246090155925 and parameters: {'p': 2, 'd': 0, 'q': 0}. Best is trial 38 with value: 6.397246090155925.
[I 2024-06-18 14:18:18,938] Trial 43 finished with value: 1000.0 and parameters: {'p': 2, 'd': 1, 'q': 0}. Best is trial 38 with value: 6.397246090155925.
[I 2024-06-18 14:18:26,489] Trial 44 finished with value: 6.397246090155925 and parameters: {'p': 2, 'd': 0, 'q': 0}. Best is trial 38 with value: 6.397246090155925.
[I 2024-06-18 14:18:33,979] Trial 45 finished with value: 6.397246090155925 and parameters: {'p': 2, 'd': 0, 'q': 0}. Best is trial 38 with value: 6.397246090155925.
[I 2024-06-18 14:18:46,978] Trial 46 finished with value: 6.989567552471777 and parameters: {'p': 2, 'd': 0, 'q': 1}. Best is trial 38 with value: 6.397246090155925.
[I 2024-06-18 14:18:46,992] Trial 47 finished with value: 1000.0 and parameters: {'p': 1, 'd': 1, 'q': 0}. Best is trial 38 with value: 6.397246090155925.
[I 2024-06-18 14:18:47,005] Trial 48 finished with value: 1000.0 and parameters: {'p': 2, 'd': 4, 'q': 1}. Best is trial 38 with value: 6.397246090155925.
[I 2024-06-18 14:18:52,605] Trial 49 finished with value: 5.820236869239067 and parameters: {'p': 1, 'd': 0, 'q': 0}. Best is trial 49 with value: 5.820236869239067.
[I 2024-06-18 14:18:52,619] Trial 50 finished with value: 1000.0 and parameters: {'p': 1, 'd': 2, 'q': 1}. Best is trial 49 with value: 5.820236869239067.
[I 2024-06-18 14:19:00,144] Trial 51 finished with value: 6.397246090155925 and parameters: {'p': 2, 'd': 0, 'q': 0}. Best is trial 49 with value: 5.820236869239067.
[I 2024-06-18 14:19:05,704] Trial 52 finished with value: 5.820236869239067 and parameters: {'p': 1, 'd': 0, 'q': 0}. Best is trial 49 with value: 5.820236869239067.
[I 2024-06-18 14:19:11,261] Trial 53 finished with value: 5.820236869239067 and parameters: {'p': 1, 'd': 0, 'q': 0}. Best is trial 49 with value: 5.820236869239067.
[I 2024-06-18 14:19:16,827] Trial 54 finished with value: 5.820236869239067 and parameters: {'p': 1, 'd': 0, 'q': 0}. Best is trial 49 with value: 5.820236869239067.
[I 2024-06-18 14:19:16,840] Trial 55 finished with value: 1000.0 and parameters: {'p': 1, 'd': 1, 'q': 0}. Best is trial 49 with value: 5.820236869239067.
[I 2024-06-18 14:19:25,430] Trial 56 finished with value: 6.345727064616593 and parameters: {'p': 1, 'd': 0, 'q': 1}. Best is trial 49 with value: 5.820236869239067.
[I 2024-06-18 14:19:33,863] Trial 57 finished with value: 6.345727064616593 and parameters: {'p': 1, 'd': 0, 'q': 1}. Best is trial 49 with value: 5.820236869239067.
[I 2024-06-18 14:19:33,877] Trial 58 finished with value: 1000.0 and parameters: {'p': 1, 'd': 3, 'q': 3}. Best is trial 49 with value: 5.820236869239067.
[I 2024-06-18 14:19:33,890] Trial 59 finished with value: 1000.0 and parameters: {'p': 1, 'd': 1, 'q': 1}. Best is trial 49 with value: 5.820236869239067.
[I 2024-06-18 14:19:46,066] Trial 60 finished with value: 7.549762498888622 and parameters: {'p': 1, 'd': 0, 'q': 2}. Best is trial 49 with value: 5.820236869239067.
[I 2024-06-18 14:19:54,360] Trial 61 finished with value: 6.345727064616593 and parameters: {'p': 1, 'd': 0, 'q': 1}. Best is trial 49 with value: 5.820236869239067.
[I 2024-06-18 14:20:02,740] Trial 62 finished with value: 6.345727064616593 and parameters: {'p': 1, 'd': 0, 'q': 1}. Best is trial 49 with value: 5.820236869239067.
[I 2024-06-18 14:20:11,176] Trial 63 finished with value: 6.345727064616593 and parameters: {'p': 1, 'd': 0, 'q': 1}. Best is trial 49 with value: 5.820236869239067.
[I 2024-06-18 14:20:23,281] Trial 64 finished with value: 7.549762498888622 and parameters: {'p': 1, 'd': 0, 'q': 2}. Best is trial 49 with value: 5.820236869239067.
[I 2024-06-18 14:20:31,695] Trial 65 finished with value: 6.345727064616593 and parameters: {'p': 1, 'd': 0, 'q': 1}. Best is trial 49 with value: 5.820236869239067.
[I 2024-06-18 14:20:47,708] Trial 66 finished with value: 8.260373771882909 and parameters: {'p': 1, 'd': 0, 'q': 3}. Best is trial 49 with value: 5.820236869239067.
[I 2024-06-18 14:20:47,722] Trial 67 finished with value: 1000.0 and parameters: {'p': 1, 'd': 1, 'q': 1}. Best is trial 49 with value: 5.820236869239067.
[I 2024-06-18 14:20:56,143] Trial 68 finished with value: 6.345727064616593 and parameters: {'p': 1, 'd': 0, 'q': 1}. Best is trial 49 with value: 5.820236869239067.
[I 2024-06-18 14:20:56,158] Trial 69 finished with value: 1000.0 and parameters: {'p': 1, 'd': 5, 'q': 2}. Best is trial 49 with value: 5.820236869239067.
[I 2024-06-18 14:21:18,396] Trial 70 finished with value: 8.88346351324341 and parameters: {'p': 1, 'd': 0, 'q': 4}. Best is trial 49 with value: 5.820236869239067.
[I 2024-06-18 14:21:26,768] Trial 71 finished with value: 6.345727064616593 and parameters: {'p': 1, 'd': 0, 'q': 1}. Best is trial 49 with value: 5.820236869239067.
[I 2024-06-18 14:21:35,172] Trial 72 finished with value: 6.345727064616593 and parameters: {'p': 1, 'd': 0, 'q': 1}. Best is trial 49 with value: 5.820236869239067.
[I 2024-06-18 14:21:43,356] Trial 73 finished with value: 6.345727064616593 and parameters: {'p': 1, 'd': 0, 'q': 1}. Best is trial 49 with value: 5.820236869239067.
[I 2024-06-18 14:21:51,543] Trial 74 finished with value: 6.345727064616593 and parameters: {'p': 1, 'd': 0, 'q': 1}. Best is trial 49 with value: 5.820236869239067.
[I 2024-06-18 14:21:51,557] Trial 75 finished with value: 1000.0 and parameters: {'p': 1, 'd': 1, 'q': 2}. Best is trial 49 with value: 5.820236869239067.
[I 2024-06-18 14:21:56,990] Trial 76 finished with value: 5.820236869239067 and parameters: {'p': 1, 'd': 0, 'q': 0}. Best is trial 49 with value: 5.820236869239067.
[I 2024-06-18 14:22:02,519] Trial 77 finished with value: 5.820236869239067 and parameters: {'p': 1, 'd': 0, 'q': 0}. Best is trial 49 with value: 5.820236869239067.
[I 2024-06-18 14:22:02,533] Trial 78 finished with value: 1000.0 and parameters: {'p': 1, 'd': 1, 'q': 0}. Best is trial 49 with value: 5.820236869239067.
[I 2024-06-18 14:22:08,003] Trial 79 finished with value: 5.820236869239067 and parameters: {'p': 1, 'd': 0, 'q': 0}. Best is trial 49 with value: 5.820236869239067.
[I 2024-06-18 14:22:13,411] Trial 80 finished with value: 5.820236869239067 and parameters: {'p': 1, 'd': 0, 'q': 0}. Best is trial 49 with value: 5.820236869239067.
[I 2024-06-18 14:22:18,832] Trial 81 finished with value: 5.820236869239067 and parameters: {'p': 1, 'd': 0, 'q': 0}. Best is trial 49 with value: 5.820236869239067.
[I 2024-06-18 14:22:24,275] Trial 82 finished with value: 5.820236869239067 and parameters: {'p': 1, 'd': 0, 'q': 0}. Best is trial 49 with value: 5.820236869239067.
[I 2024-06-18 14:22:29,644] Trial 83 finished with value: 5.820236869239067 and parameters: {'p': 1, 'd': 0, 'q': 0}. Best is trial 49 with value: 5.820236869239067.
[I 2024-06-18 14:22:35,069] Trial 84 finished with value: 5.820236869239067 and parameters: {'p': 1, 'd': 0, 'q': 0}. Best is trial 49 with value: 5.820236869239067.
[I 2024-06-18 14:22:40,457] Trial 85 finished with value: 5.820236869239067 and parameters: {'p': 1, 'd': 0, 'q': 0}. Best is trial 49 with value: 5.820236869239067.
[I 2024-06-18 14:22:45,902] Trial 86 finished with value: 5.820236869239067 and parameters: {'p': 1, 'd': 0, 'q': 0}. Best is trial 49 with value: 5.820236869239067.
[I 2024-06-18 14:22:51,321] Trial 87 finished with value: 5.820236869239067 and parameters: {'p': 1, 'd': 0, 'q': 0}. Best is trial 49 with value: 5.820236869239067.
[I 2024-06-18 14:22:51,335] Trial 88 finished with value: 1000.0 and parameters: {'p': 1, 'd': 1, 'q': 0}. Best is trial 49 with value: 5.820236869239067.
[I 2024-06-18 14:22:56,747] Trial 89 finished with value: 5.820236869239067 and parameters: {'p': 1, 'd': 0, 'q': 0}. Best is trial 49 with value: 5.820236869239067.
[I 2024-06-18 14:22:56,761] Trial 90 finished with value: 1000.0 and parameters: {'p': 1, 'd': 1, 'q': 0}. Best is trial 49 with value: 5.820236869239067.
[I 2024-06-18 14:23:02,133] Trial 91 finished with value: 5.820236869239067 and parameters: {'p': 1, 'd': 0, 'q': 0}. Best is trial 49 with value: 5.820236869239067.
[I 2024-06-18 14:23:07,555] Trial 92 finished with value: 5.820236869239067 and parameters: {'p': 1, 'd': 0, 'q': 0}. Best is trial 49 with value: 5.820236869239067.
[I 2024-06-18 14:23:12,960] Trial 93 finished with value: 5.820236869239067 and parameters: {'p': 1, 'd': 0, 'q': 0}. Best is trial 49 with value: 5.820236869239067.
[I 2024-06-18 14:23:18,312] Trial 94 finished with value: 5.820236869239067 and parameters: {'p': 1, 'd': 0, 'q': 0}. Best is trial 49 with value: 5.820236869239067.
[I 2024-06-18 14:23:23,697] Trial 95 finished with value: 5.820236869239067 and parameters: {'p': 1, 'd': 0, 'q': 0}. Best is trial 49 with value: 5.820236869239067.
[I 2024-06-18 14:23:29,185] Trial 96 finished with value: 5.820236869239067 and parameters: {'p': 1, 'd': 0, 'q': 0}. Best is trial 49 with value: 5.820236869239067.
[I 2024-06-18 14:23:34,636] Trial 97 finished with value: 5.820236869239067 and parameters: {'p': 1, 'd': 0, 'q': 0}. Best is trial 49 with value: 5.820236869239067.
[I 2024-06-18 14:23:40,117] Trial 98 finished with value: 5.820236869239067 and parameters: {'p': 1, 'd': 0, 'q': 0}. Best is trial 49 with value: 5.820236869239067.
[I 2024-06-18 14:23:47,390] Trial 99 finished with value: 6.397246090155925 and parameters: {'p': 2, 'd': 0, 'q': 0}. Best is trial 49 with value: 5.820236869239067.
[I 2024-06-18 14:23:48,554] A new study created in memory with name: no-name-f3a3b41f-4220-40b8-b25d-53976ba74f94
[I 2024-06-18 14:23:48,556] Trial 0 finished with value: 1000.0 and parameters: {'p': 5, 'd': 3, 'q': 5}. Best is trial 0 with value: 1000.0.
[I 2024-06-18 14:23:48,557] Trial 1 finished with value: 1000.0 and parameters: {'p': 2, 'd': 3, 'q': 1}. Best is trial 0 with value: 1000.0.
[I 2024-06-18 14:23:48,559] Trial 2 finished with value: 1000.0 and parameters: {'p': 4, 'd': 1, 'q': 4}. Best is trial 0 with value: 1000.0.
ARIMA Reynolds y_1 4.056066758593803 1.2318069162590042 -5.5 40.3
(195, 28) (84, 28)
[I 2024-06-18 14:24:14,197] Trial 3 finished with value: 1.4846617001552234 and parameters: {'p': 1, 'd': 0, 'q': 3}. Best is trial 3 with value: 1.4846617001552234.
[I 2024-06-18 14:24:14,198] Trial 4 finished with value: 1000.0 and parameters: {'p': 3, 'd': 3, 'q': 0}. Best is trial 3 with value: 1.4846617001552234.
[I 2024-06-18 14:24:14,200] Trial 5 finished with value: 1000.0 and parameters: {'p': 1, 'd': 5, 'q': 1}. Best is trial 3 with value: 1.4846617001552234.
[I 2024-06-18 14:24:14,201] Trial 6 finished with value: 1000.0 and parameters: {'p': 1, 'd': 3, 'q': 1}. Best is trial 3 with value: 1.4846617001552234.
[I 2024-06-18 14:24:14,204] Trial 7 finished with value: 1000.0 and parameters: {'p': 1, 'd': 1, 'q': 2}. Best is trial 3 with value: 1.4846617001552234.
[I 2024-06-18 14:24:14,207] Trial 8 finished with value: 1000.0 and parameters: {'p': 2, 'd': 1, 'q': 3}. Best is trial 3 with value: 1.4846617001552234.
[I 2024-06-18 14:24:14,209] Trial 9 finished with value: 1000.0 and parameters: {'p': 3, 'd': 1, 'q': 4}. Best is trial 3 with value: 1.4846617001552234.
[I 2024-06-18 14:24:52,313] Trial 10 finished with value: 1.5455806031913584 and parameters: {'p': 2, 'd': 0, 'q': 3}. Best is trial 3 with value: 1.4846617001552234.
[I 2024-06-18 14:25:28,834] Trial 11 finished with value: 1.5455806031913584 and parameters: {'p': 2, 'd': 0, 'q': 3}. Best is trial 3 with value: 1.4846617001552234.
[I 2024-06-18 14:26:16,794] Trial 12 finished with value: 1.5383063369349395 and parameters: {'p': 2, 'd': 0, 'q': 4}. Best is trial 3 with value: 1.4846617001552234.
[I 2024-06-18 14:27:04,374] Trial 13 finished with value: 1.4093870824020873 and parameters: {'p': 1, 'd': 0, 'q': 5}. Best is trial 13 with value: 1.4093870824020873.
[I 2024-06-18 14:27:04,389] Trial 14 finished with value: 1000.0 and parameters: {'p': 1, 'd': 2, 'q': 5}. Best is trial 13 with value: 1.4093870824020873.
[I 2024-06-18 14:27:04,400] Trial 15 finished with value: 1000.0 and parameters: {'p': 4, 'd': 5, 'q': 5}. Best is trial 13 with value: 1.4093870824020873.
[I 2024-06-18 14:27:04,411] Trial 16 finished with value: 1000.0 and parameters: {'p': 1, 'd': 2, 'q': 2}. Best is trial 13 with value: 1.4093870824020873.
[I 2024-06-18 14:28:00,696] Trial 17 finished with value: 1.6470048305430949 and parameters: {'p': 3, 'd': 0, 'q': 4}. Best is trial 13 with value: 1.4093870824020873.
[I 2024-06-18 14:28:00,708] Trial 18 finished with value: 1000.0 and parameters: {'p': 1, 'd': 4, 'q': 2}. Best is trial 13 with value: 1.4093870824020873.
[I 2024-06-18 14:28:00,720] Trial 19 finished with value: 1000.0 and parameters: {'p': 5, 'd': 2, 'q': 5}. Best is trial 13 with value: 1.4093870824020873.
[I 2024-06-18 14:28:13,737] Trial 20 finished with value: 1.2774811308171623 and parameters: {'p': 3, 'd': 0, 'q': 0}. Best is trial 20 with value: 1.2774811308171623.
[I 2024-06-18 14:28:46,378] Trial 21 finished with value: 1.4307376920278938 and parameters: {'p': 4, 'd': 0, 'q': 1}. Best is trial 20 with value: 1.2774811308171623.
[I 2024-06-18 14:28:46,391] Trial 22 finished with value: 1000.0 and parameters: {'p': 4, 'd': 1, 'q': 0}. Best is trial 20 with value: 1.2774811308171623.
[I 2024-06-18 14:29:03,346] Trial 23 finished with value: 1.3420208184778637 and parameters: {'p': 4, 'd': 0, 'q': 0}. Best is trial 20 with value: 1.2774811308171623.
[I 2024-06-18 14:29:03,359] Trial 24 finished with value: 1000.0 and parameters: {'p': 3, 'd': 1, 'q': 0}. Best is trial 20 with value: 1.2774811308171623.
[I 2024-06-18 14:29:25,233] Trial 25 finished with value: 1.3095353333568183 and parameters: {'p': 5, 'd': 0, 'q': 0}. Best is trial 20 with value: 1.2774811308171623.
[I 2024-06-18 14:29:25,246] Trial 26 finished with value: 1000.0 and parameters: {'p': 5, 'd': 1, 'q': 0}. Best is trial 20 with value: 1.2774811308171623.
[I 2024-06-18 14:29:46,733] Trial 27 finished with value: 1.3095353333568183 and parameters: {'p': 5, 'd': 0, 'q': 0}. Best is trial 20 with value: 1.2774811308171623.
[I 2024-06-18 14:29:46,746] Trial 28 finished with value: 1000.0 and parameters: {'p': 5, 'd': 2, 'q': 1}. Best is trial 20 with value: 1.2774811308171623.
[I 2024-06-18 14:29:46,759] Trial 29 finished with value: 1000.0 and parameters: {'p': 5, 'd': 4, 'q': 0}. Best is trial 20 with value: 1.2774811308171623.
[I 2024-06-18 14:30:23,987] Trial 30 finished with value: 1.4286705915082072 and parameters: {'p': 5, 'd': 0, 'q': 1}. Best is trial 20 with value: 1.2774811308171623.
[I 2024-06-18 14:30:40,389] Trial 31 finished with value: 1.3420208184778637 and parameters: {'p': 4, 'd': 0, 'q': 0}. Best is trial 20 with value: 1.2774811308171623.
[I 2024-06-18 14:30:57,144] Trial 32 finished with value: 1.3420208184778637 and parameters: {'p': 4, 'd': 0, 'q': 0}. Best is trial 20 with value: 1.2774811308171623.
[I 2024-06-18 14:30:57,157] Trial 33 finished with value: 1000.0 and parameters: {'p': 5, 'd': 1, 'q': 0}. Best is trial 20 with value: 1.2774811308171623.
[I 2024-06-18 14:31:27,861] Trial 34 finished with value: 1.4307376920278938 and parameters: {'p': 4, 'd': 0, 'q': 1}. Best is trial 20 with value: 1.2774811308171623.
[I 2024-06-18 14:31:27,874] Trial 35 finished with value: 1000.0 and parameters: {'p': 3, 'd': 1, 'q': 0}. Best is trial 20 with value: 1.2774811308171623.
[I 2024-06-18 14:31:49,328] Trial 36 finished with value: 1.3095353333568183 and parameters: {'p': 5, 'd': 0, 'q': 0}. Best is trial 20 with value: 1.2774811308171623.
[I 2024-06-18 14:32:25,902] Trial 37 finished with value: 1.4286705915082072 and parameters: {'p': 5, 'd': 0, 'q': 1}. Best is trial 20 with value: 1.2774811308171623.
[I 2024-06-18 14:32:25,915] Trial 38 finished with value: 1000.0 and parameters: {'p': 5, 'd': 1, 'q': 0}. Best is trial 20 with value: 1.2774811308171623.
[I 2024-06-18 14:32:25,927] Trial 39 finished with value: 1000.0 and parameters: {'p': 5, 'd': 1, 'q': 1}. Best is trial 20 with value: 1.2774811308171623.
[I 2024-06-18 14:33:04,271] Trial 40 finished with value: 1.6186206280784596 and parameters: {'p': 3, 'd': 0, 'q': 2}. Best is trial 20 with value: 1.2774811308171623.
[I 2024-06-18 14:33:20,913] Trial 41 finished with value: 1.3420208184778637 and parameters: {'p': 4, 'd': 0, 'q': 0}. Best is trial 20 with value: 1.2774811308171623.
[I 2024-06-18 14:33:42,006] Trial 42 finished with value: 1.3095353333568183 and parameters: {'p': 5, 'd': 0, 'q': 0}. Best is trial 20 with value: 1.2774811308171623.
[I 2024-06-18 14:34:18,560] Trial 43 finished with value: 1.4286705915082072 and parameters: {'p': 5, 'd': 0, 'q': 1}. Best is trial 20 with value: 1.2774811308171623.
[I 2024-06-18 14:34:18,573] Trial 44 finished with value: 1000.0 and parameters: {'p': 5, 'd': 1, 'q': 0}. Best is trial 20 with value: 1.2774811308171623.
[I 2024-06-18 14:34:55,091] Trial 45 finished with value: 1.4286705915082072 and parameters: {'p': 5, 'd': 0, 'q': 1}. Best is trial 20 with value: 1.2774811308171623.
[I 2024-06-18 14:35:16,127] Trial 46 finished with value: 1.3095353333568183 and parameters: {'p': 5, 'd': 0, 'q': 0}. Best is trial 20 with value: 1.2774811308171623.
[I 2024-06-18 14:35:28,774] Trial 47 finished with value: 1.2774811308171623 and parameters: {'p': 3, 'd': 0, 'q': 0}. Best is trial 20 with value: 1.2774811308171623.
[I 2024-06-18 14:35:28,787] Trial 48 finished with value: 1000.0 and parameters: {'p': 3, 'd': 1, 'q': 0}. Best is trial 20 with value: 1.2774811308171623.
[I 2024-06-18 14:35:28,800] Trial 49 finished with value: 1000.0 and parameters: {'p': 2, 'd': 4, 'q': 1}. Best is trial 20 with value: 1.2774811308171623.
[I 2024-06-18 14:35:28,813] Trial 50 finished with value: 1000.0 and parameters: {'p': 3, 'd': 3, 'q': 0}. Best is trial 20 with value: 1.2774811308171623.
[I 2024-06-18 14:35:41,482] Trial 51 finished with value: 1.2774811308171623 and parameters: {'p': 3, 'd': 0, 'q': 0}. Best is trial 20 with value: 1.2774811308171623.
[I 2024-06-18 14:35:54,151] Trial 52 finished with value: 1.2774811308171623 and parameters: {'p': 3, 'd': 0, 'q': 0}. Best is trial 20 with value: 1.2774811308171623.
[I 2024-06-18 14:36:07,333] Trial 53 finished with value: 1.2774811308171623 and parameters: {'p': 3, 'd': 0, 'q': 0}. Best is trial 20 with value: 1.2774811308171623.
[I 2024-06-18 14:36:32,081] Trial 54 finished with value: 1.373116992787591 and parameters: {'p': 3, 'd': 0, 'q': 1}. Best is trial 20 with value: 1.2774811308171623.
[I 2024-06-18 14:36:32,094] Trial 55 finished with value: 1000.0 and parameters: {'p': 2, 'd': 1, 'q': 0}. Best is trial 20 with value: 1.2774811308171623.
[I 2024-06-18 14:36:44,829] Trial 56 finished with value: 1.2774811308171623 and parameters: {'p': 3, 'd': 0, 'q': 0}. Best is trial 20 with value: 1.2774811308171623.
[I 2024-06-18 14:37:09,050] Trial 57 finished with value: 1.373116992787591 and parameters: {'p': 3, 'd': 0, 'q': 1}. Best is trial 20 with value: 1.2774811308171623.
[I 2024-06-18 14:37:47,441] Trial 58 finished with value: 1.6186206280784596 and parameters: {'p': 3, 'd': 0, 'q': 2}. Best is trial 20 with value: 1.2774811308171623.
[I 2024-06-18 14:37:47,455] Trial 59 finished with value: 1000.0 and parameters: {'p': 3, 'd': 1, 'q': 0}. Best is trial 20 with value: 1.2774811308171623.
[I 2024-06-18 14:37:47,468] Trial 60 finished with value: 1000.0 and parameters: {'p': 2, 'd': 5, 'q': 0}. Best is trial 20 with value: 1.2774811308171623.
[I 2024-06-18 14:38:00,196] Trial 61 finished with value: 1.2774811308171623 and parameters: {'p': 3, 'd': 0, 'q': 0}. Best is trial 20 with value: 1.2774811308171623.
[I 2024-06-18 14:38:12,915] Trial 62 finished with value: 1.2774811308171623 and parameters: {'p': 3, 'd': 0, 'q': 0}. Best is trial 20 with value: 1.2774811308171623.
[I 2024-06-18 14:38:25,627] Trial 63 finished with value: 1.2774811308171623 and parameters: {'p': 3, 'd': 0, 'q': 0}. Best is trial 20 with value: 1.2774811308171623.
[I 2024-06-18 14:38:38,366] Trial 64 finished with value: 1.2774811308171623 and parameters: {'p': 3, 'd': 0, 'q': 0}. Best is trial 20 with value: 1.2774811308171623.
[I 2024-06-18 14:39:02,968] Trial 65 finished with value: 1.373116992787591 and parameters: {'p': 3, 'd': 0, 'q': 1}. Best is trial 20 with value: 1.2774811308171623.
[I 2024-06-18 14:39:02,982] Trial 66 finished with value: 1000.0 and parameters: {'p': 3, 'd': 2, 'q': 0}. Best is trial 20 with value: 1.2774811308171623.
