[I 2024-06-19 09:03:02,166] Trial 24 finished with value: 0.18460925269252315 and parameters: {'p': 1, 'd': 0, 'q': 5}. Best is trial 12 with value: 0.1781812275632354.
[I 2024-06-19 09:03:02,179] Trial 25 finished with value: 1000.0 and parameters: {'p': 2, 'd': 1, 'q': 4}. Best is trial 12 with value: 0.1781812275632354.
[I 2024-06-19 09:04:47,307] Trial 26 finished with value: 0.17647040406190173 and parameters: {'p': 1, 'd': 0, 'q': 3}. Best is trial 26 with value: 0.17647040406190173.
[I 2024-06-19 09:04:47,320] Trial 27 finished with value: 1000.0 and parameters: {'p': 3, 'd': 2, 'q': 3}. Best is trial 26 with value: 0.17647040406190173.
[I 2024-06-19 09:04:47,332] Trial 28 finished with value: 1000.0 and parameters: {'p': 1, 'd': 4, 'q': 1}. Best is trial 26 with value: 0.17647040406190173.
[I 2024-06-19 09:07:15,023] Trial 29 finished with value: 0.18649075315946134 and parameters: {'p': 2, 'd': 0, 'q': 3}. Best is trial 26 with value: 0.17647040406190173.
[I 2024-06-19 09:07:15,036] Trial 30 finished with value: 1000.0 and parameters: {'p': 4, 'd': 1, 'q': 1}. Best is trial 26 with value: 0.17647040406190173.
[I 2024-06-19 09:09:40,320] Trial 31 finished with value: 0.1781812275632354 and parameters: {'p': 1, 'd': 0, 'q': 4}. Best is trial 26 with value: 0.17647040406190173.
[I 2024-06-19 09:12:02,614] Trial 32 finished with value: 0.1781812275632354 and parameters: {'p': 1, 'd': 0, 'q': 4}. Best is trial 26 with value: 0.17647040406190173.
[I 2024-06-19 09:14:26,049] Trial 33 finished with value: 0.18649075315946134 and parameters: {'p': 2, 'd': 0, 'q': 3}. Best is trial 26 with value: 0.17647040406190173.
[I 2024-06-19 09:14:26,062] Trial 34 finished with value: 1000.0 and parameters: {'p': 1, 'd': 1, 'q': 4}. Best is trial 26 with value: 0.17647040406190173.
[I 2024-06-19 09:16:17,003] Trial 35 finished with value: 0.17992075776370567 and parameters: {'p': 2, 'd': 0, 'q': 2}. Best is trial 26 with value: 0.17647040406190173.
[I 2024-06-19 09:16:17,016] Trial 36 finished with value: 1000.0 and parameters: {'p': 1, 'd': 2, 'q': 4}. Best is trial 26 with value: 0.17647040406190173.
[I 2024-06-19 09:16:17,028] Trial 37 finished with value: 1000.0 and parameters: {'p': 1, 'd': 1, 'q': 0}. Best is trial 26 with value: 0.17647040406190173.
[I 2024-06-19 09:18:40,333] Trial 38 finished with value: 0.18649075315946134 and parameters: {'p': 2, 'd': 0, 'q': 3}. Best is trial 26 with value: 0.17647040406190173.
[I 2024-06-19 09:18:40,346] Trial 39 finished with value: 1000.0 and parameters: {'p': 1, 'd': 4, 'q': 2}. Best is trial 26 with value: 0.17647040406190173.
[I 2024-06-19 09:23:15,433] Trial 40 finished with value: 0.20498760170282052 and parameters: {'p': 5, 'd': 0, 'q': 4}. Best is trial 26 with value: 0.17647040406190173.
[I 2024-06-19 09:25:45,050] Trial 41 finished with value: 0.1781812275632354 and parameters: {'p': 1, 'd': 0, 'q': 4}. Best is trial 26 with value: 0.17647040406190173.
[I 2024-06-19 09:28:13,181] Trial 42 finished with value: 0.1781812275632354 and parameters: {'p': 1, 'd': 0, 'q': 4}. Best is trial 26 with value: 0.17647040406190173.
[I 2024-06-19 09:28:13,195] Trial 43 finished with value: 1000.0 and parameters: {'p': 1, 'd': 1, 'q': 3}. Best is trial 26 with value: 0.17647040406190173.
[I 2024-06-19 09:30:43,036] Trial 44 finished with value: 0.1781812275632354 and parameters: {'p': 1, 'd': 0, 'q': 4}. Best is trial 26 with value: 0.17647040406190173.
[I 2024-06-19 09:35:26,958] Trial 45 finished with value: 0.19477464661316787 and parameters: {'p': 2, 'd': 0, 'q': 5}. Best is trial 26 with value: 0.17647040406190173.
[I 2024-06-19 09:35:26,972] Trial 46 finished with value: 1000.0 and parameters: {'p': 1, 'd': 1, 'q': 4}. Best is trial 26 with value: 0.17647040406190173.
[I 2024-06-19 09:39:11,953] Trial 47 finished with value: 0.18460925269252315 and parameters: {'p': 1, 'd': 0, 'q': 5}. Best is trial 26 with value: 0.17647040406190173.
[I 2024-06-19 09:39:11,973] Trial 48 finished with value: 1000.0 and parameters: {'p': 1, 'd': 1, 'q': 3}. Best is trial 26 with value: 0.17647040406190173.
[I 2024-06-19 09:42:19,886] Trial 49 finished with value: 0.1997560882722946 and parameters: {'p': 2, 'd': 0, 'q': 4}. Best is trial 26 with value: 0.17647040406190173.
[I 2024-06-19 09:42:19,899] Trial 50 finished with value: 1000.0 and parameters: {'p': 2, 'd': 3, 'q': 3}. Best is trial 26 with value: 0.17647040406190173.
[I 2024-06-19 09:44:47,253] Trial 51 finished with value: 0.1781812275632354 and parameters: {'p': 1, 'd': 0, 'q': 4}. Best is trial 26 with value: 0.17647040406190173.
[I 2024-06-19 09:47:14,238] Trial 52 finished with value: 0.1781812275632354 and parameters: {'p': 1, 'd': 0, 'q': 4}. Best is trial 26 with value: 0.17647040406190173.
[I 2024-06-19 09:49:42,828] Trial 53 finished with value: 0.1781812275632354 and parameters: {'p': 1, 'd': 0, 'q': 4}. Best is trial 26 with value: 0.17647040406190173.
[I 2024-06-19 09:54:03,748] Trial 54 finished with value: 0.18460925269252315 and parameters: {'p': 1, 'd': 0, 'q': 5}. Best is trial 26 with value: 0.17647040406190173.
[I 2024-06-19 09:56:28,182] Trial 55 finished with value: 0.1781812275632354 and parameters: {'p': 1, 'd': 0, 'q': 4}. Best is trial 26 with value: 0.17647040406190173.
[I 2024-06-19 09:56:28,195] Trial 56 finished with value: 1000.0 and parameters: {'p': 4, 'd': 1, 'q': 5}. Best is trial 26 with value: 0.17647040406190173.
[I 2024-06-19 09:56:28,208] Trial 57 finished with value: 1000.0 and parameters: {'p': 1, 'd': 5, 'q': 2}. Best is trial 26 with value: 0.17647040406190173.
[I 2024-06-19 09:56:28,221] Trial 58 finished with value: 1000.0 and parameters: {'p': 1, 'd': 1, 'q': 4}. Best is trial 26 with value: 0.17647040406190173.
[I 2024-06-19 09:58:11,894] Trial 59 finished with value: 0.17647040406190173 and parameters: {'p': 1, 'd': 0, 'q': 3}. Best is trial 26 with value: 0.17647040406190173.
[I 2024-06-19 10:00:37,061] Trial 60 finished with value: 0.18649075315946134 and parameters: {'p': 2, 'd': 0, 'q': 3}. Best is trial 26 with value: 0.17647040406190173.
[I 2024-06-19 10:02:22,004] Trial 61 finished with value: 0.17647040406190173 and parameters: {'p': 1, 'd': 0, 'q': 3}. Best is trial 26 with value: 0.17647040406190173.
[I 2024-06-19 10:04:06,772] Trial 62 finished with value: 0.17647040406190173 and parameters: {'p': 1, 'd': 0, 'q': 3}. Best is trial 26 with value: 0.17647040406190173.
[I 2024-06-19 10:05:51,585] Trial 63 finished with value: 0.17647040406190173 and parameters: {'p': 1, 'd': 0, 'q': 3}. Best is trial 26 with value: 0.17647040406190173.
[I 2024-06-19 10:06:59,852] Trial 64 finished with value: 0.16992751428736005 and parameters: {'p': 1, 'd': 0, 'q': 2}. Best is trial 64 with value: 0.16992751428736005.
[I 2024-06-19 10:08:07,887] Trial 65 finished with value: 0.16992751428736005 and parameters: {'p': 1, 'd': 0, 'q': 2}. Best is trial 64 with value: 0.16992751428736005.
[I 2024-06-19 10:10:33,644] Trial 66 finished with value: 0.1817748984658674 and parameters: {'p': 3, 'd': 0, 'q': 2}. Best is trial 64 with value: 0.16992751428736005.
[I 2024-06-19 10:11:43,097] Trial 67 finished with value: 0.16992751428736005 and parameters: {'p': 1, 'd': 0, 'q': 2}. Best is trial 64 with value: 0.16992751428736005.
[I 2024-06-19 10:11:43,111] Trial 68 finished with value: 1000.0 and parameters: {'p': 1, 'd': 1, 'q': 2}. Best is trial 64 with value: 0.16992751428736005.
[I 2024-06-19 10:11:43,125] Trial 69 finished with value: 1000.0 and parameters: {'p': 1, 'd': 1, 'q': 2}. Best is trial 64 with value: 0.16992751428736005.
[I 2024-06-19 10:11:43,138] Trial 70 finished with value: 1000.0 and parameters: {'p': 2, 'd': 2, 'q': 1}. Best is trial 64 with value: 0.16992751428736005.
[I 2024-06-19 10:12:53,672] Trial 71 finished with value: 0.16992751428736005 and parameters: {'p': 1, 'd': 0, 'q': 2}. Best is trial 64 with value: 0.16992751428736005.
[I 2024-06-19 10:14:02,544] Trial 72 finished with value: 0.16992751428736005 and parameters: {'p': 1, 'd': 0, 'q': 2}. Best is trial 64 with value: 0.16992751428736005.
[I 2024-06-19 10:15:11,814] Trial 73 finished with value: 0.16992751428736005 and parameters: {'p': 1, 'd': 0, 'q': 2}. Best is trial 64 with value: 0.16992751428736005.
[I 2024-06-19 10:16:20,663] Trial 74 finished with value: 0.16992751428736005 and parameters: {'p': 1, 'd': 0, 'q': 2}. Best is trial 64 with value: 0.16992751428736005.
[I 2024-06-19 10:17:29,183] Trial 75 finished with value: 0.16992751428736005 and parameters: {'p': 1, 'd': 0, 'q': 2}. Best is trial 64 with value: 0.16992751428736005.
[I 2024-06-19 10:18:37,955] Trial 76 finished with value: 0.16992751428736005 and parameters: {'p': 1, 'd': 0, 'q': 2}. Best is trial 64 with value: 0.16992751428736005.
[I 2024-06-19 10:19:26,110] Trial 77 finished with value: 0.15178809890280048 and parameters: {'p': 1, 'd': 0, 'q': 1}. Best is trial 77 with value: 0.15178809890280048.
[I 2024-06-19 10:20:15,491] Trial 78 finished with value: 0.15178809890280048 and parameters: {'p': 1, 'd': 0, 'q': 1}. Best is trial 77 with value: 0.15178809890280048.
[I 2024-06-19 10:21:04,132] Trial 79 finished with value: 0.15178809890280048 and parameters: {'p': 1, 'd': 0, 'q': 1}. Best is trial 77 with value: 0.15178809890280048.
[I 2024-06-19 10:21:04,146] Trial 80 finished with value: 1000.0 and parameters: {'p': 1, 'd': 1, 'q': 1}. Best is trial 77 with value: 0.15178809890280048.
[I 2024-06-19 10:21:54,036] Trial 81 finished with value: 0.15178809890280048 and parameters: {'p': 1, 'd': 0, 'q': 1}. Best is trial 77 with value: 0.15178809890280048.
[I 2024-06-19 10:22:43,076] Trial 82 finished with value: 0.15178809890280048 and parameters: {'p': 1, 'd': 0, 'q': 1}. Best is trial 77 with value: 0.15178809890280048.
[I 2024-06-19 10:23:30,908] Trial 83 finished with value: 0.15178809890280048 and parameters: {'p': 1, 'd': 0, 'q': 1}. Best is trial 77 with value: 0.15178809890280048.
[I 2024-06-19 10:24:20,357] Trial 84 finished with value: 0.15178809890280048 and parameters: {'p': 1, 'd': 0, 'q': 1}. Best is trial 77 with value: 0.15178809890280048.
[I 2024-06-19 10:25:09,923] Trial 85 finished with value: 0.15178809890280048 and parameters: {'p': 1, 'd': 0, 'q': 1}. Best is trial 77 with value: 0.15178809890280048.
[I 2024-06-19 10:25:59,563] Trial 86 finished with value: 0.15178809890280048 and parameters: {'p': 1, 'd': 0, 'q': 1}. Best is trial 77 with value: 0.15178809890280048.
[I 2024-06-19 10:26:31,595] Trial 87 finished with value: 0.17710022980298584 and parameters: {'p': 1, 'd': 0, 'q': 0}. Best is trial 77 with value: 0.15178809890280048.
[I 2024-06-19 10:26:31,609] Trial 88 finished with value: 1000.0 and parameters: {'p': 5, 'd': 4, 'q': 1}. Best is trial 77 with value: 0.15178809890280048.
[I 2024-06-19 10:26:31,623] Trial 89 finished with value: 1000.0 and parameters: {'p': 1, 'd': 1, 'q': 1}. Best is trial 77 with value: 0.15178809890280048.
[I 2024-06-19 10:27:45,059] Trial 90 finished with value: 0.17049537951040733 and parameters: {'p': 2, 'd': 0, 'q': 1}. Best is trial 77 with value: 0.15178809890280048.
[I 2024-06-19 10:28:16,448] Trial 91 finished with value: 0.17710022980298584 and parameters: {'p': 1, 'd': 0, 'q': 0}. Best is trial 77 with value: 0.15178809890280048.
[I 2024-06-19 10:29:04,960] Trial 92 finished with value: 0.15178809890280048 and parameters: {'p': 1, 'd': 0, 'q': 1}. Best is trial 77 with value: 0.15178809890280048.
[I 2024-06-19 10:29:53,541] Trial 93 finished with value: 0.15178809890280048 and parameters: {'p': 1, 'd': 0, 'q': 1}. Best is trial 77 with value: 0.15178809890280048.
[I 2024-06-19 10:30:42,139] Trial 94 finished with value: 0.15178809890280048 and parameters: {'p': 1, 'd': 0, 'q': 1}. Best is trial 77 with value: 0.15178809890280048.
[I 2024-06-19 10:31:30,643] Trial 95 finished with value: 0.15178809890280048 and parameters: {'p': 1, 'd': 0, 'q': 1}. Best is trial 77 with value: 0.15178809890280048.
[I 2024-06-19 10:31:30,657] Trial 96 finished with value: 1000.0 and parameters: {'p': 1, 'd': 3, 'q': 1}. Best is trial 77 with value: 0.15178809890280048.
[I 2024-06-19 10:32:19,320] Trial 97 finished with value: 0.15178809890280048 and parameters: {'p': 1, 'd': 0, 'q': 1}. Best is trial 77 with value: 0.15178809890280048.
[I 2024-06-19 10:32:51,175] Trial 98 finished with value: 0.17710022980298584 and parameters: {'p': 1, 'd': 0, 'q': 0}. Best is trial 77 with value: 0.15178809890280048.
[I 2024-06-19 10:33:40,038] Trial 99 finished with value: 0.15178809890280048 and parameters: {'p': 1, 'd': 0, 'q': 1}. Best is trial 77 with value: 0.15178809890280048.
ARIMA UK y_7 0.14333275431617604 0.2680108836803537 1.7 23.7