[I 2024-06-18 15:16:35,151] Trial 0 finished with value: 1000.0 and parameters: {'p': 5, 'd': 3, 'q': 4}. Best is trial 0 with value: 1000.0.
[I 2024-06-18 15:16:35,153] Trial 1 finished with value: 1000.0 and parameters: {'p': 3, 'd': 4, 'q': 2}. Best is trial 0 with value: 1000.0.
[I 2024-06-18 15:16:35,154] Trial 2 finished with value: 1000.0 and parameters: {'p': 2, 'd': 5, 'q': 1}. Best is trial 0 with value: 1000.0.
[I 2024-06-18 15:16:35,156] Trial 3 finished with value: 1000.0 and parameters: {'p': 2, 'd': 2, 'q': 5}. Best is trial 0 with value: 1000.0.
[I 2024-06-18 15:16:35,158] Trial 4 finished with value: 1000.0 and parameters: {'p': 5, 'd': 5, 'q': 1}. Best is trial 0 with value: 1000.0.
[I 2024-06-18 15:16:35,159] Trial 5 finished with value: 1000.0 and parameters: {'p': 1, 'd': 5, 'q': 3}. Best is trial 0 with value: 1000.0.
[I 2024-06-18 15:16:35,161] Trial 6 finished with value: 1000.0 and parameters: {'p': 3, 'd': 1, 'q': 2}. Best is trial 0 with value: 1000.0.
[I 2024-06-18 15:16:35,162] Trial 7 finished with value: 1000.0 and parameters: {'p': 5, 'd': 5, 'q': 1}. Best is trial 0 with value: 1000.0.
[I 2024-06-18 15:16:35,164] Trial 8 finished with value: 1000.0 and parameters: {'p': 2, 'd': 5, 'q': 5}. Best is trial 0 with value: 1000.0.
[I 2024-06-18 15:16:35,166] Trial 9 finished with value: 1000.0 and parameters: {'p': 2, 'd': 1, 'q': 4}. Best is trial 0 with value: 1000.0.
[I 2024-06-18 15:16:35,177] Trial 10 finished with value: 1000.0 and parameters: {'p': 4, 'd': 3, 'q': 4}. Best is trial 0 with value: 1000.0.
[I 2024-06-18 15:16:35,189] Trial 11 finished with value: 1000.0 and parameters: {'p': 4, 'd': 3, 'q': 3}. Best is trial 0 with value: 1000.0.
[I 2024-06-18 15:16:35,201] Trial 12 finished with value: 1000.0 and parameters: {'p': 4, 'd': 3, 'q': 0}. Best is trial 0 with value: 1000.0.
[I 2024-06-18 15:16:35,214] Trial 13 finished with value: 1000.0 and parameters: {'p': 3, 'd': 4, 'q': 2}. Best is trial 0 with value: 1000.0.
ARIMA Reynolds y_2 2.2448340702520913 1.0260832497128396 -9.7 41.0
(195, 28) (84, 28)
[I 2024-06-18 15:17:38,766] Trial 14 finished with value: 0.28412953223718174 and parameters: {'p': 4, 'd': 0, 'q': 4}. Best is trial 14 with value: 0.28412953223718174.
[I 2024-06-18 15:18:51,802] Trial 15 finished with value: 0.2705692238814936 and parameters: {'p': 5, 'd': 0, 'q': 4}. Best is trial 15 with value: 0.2705692238814936.
[I 2024-06-18 15:19:57,851] Trial 16 finished with value: 0.28412953223718174 and parameters: {'p': 4, 'd': 0, 'q': 4}. Best is trial 15 with value: 0.2705692238814936.
[I 2024-06-18 15:21:24,668] Trial 17 finished with value: 0.2771166952986749 and parameters: {'p': 5, 'd': 0, 'q': 5}. Best is trial 15 with value: 0.2705692238814936.
[I 2024-06-18 15:21:24,680] Trial 18 finished with value: 1000.0 and parameters: {'p': 5, 'd': 1, 'q': 5}. Best is trial 15 with value: 0.2705692238814936.
[I 2024-06-18 15:22:56,655] Trial 19 finished with value: 0.2771166952986749 and parameters: {'p': 5, 'd': 0, 'q': 5}. Best is trial 15 with value: 0.2705692238814936.
[I 2024-06-18 15:22:56,667] Trial 20 finished with value: 1000.0 and parameters: {'p': 5, 'd': 2, 'q': 3}. Best is trial 15 with value: 0.2705692238814936.
[I 2024-06-18 15:24:28,551] Trial 21 finished with value: 0.2771166952986749 and parameters: {'p': 5, 'd': 0, 'q': 5}. Best is trial 15 with value: 0.2705692238814936.
[I 2024-06-18 15:25:55,921] Trial 22 finished with value: 0.2771166952986749 and parameters: {'p': 5, 'd': 0, 'q': 5}. Best is trial 15 with value: 0.2705692238814936.
[I 2024-06-18 15:25:55,934] Trial 23 finished with value: 1000.0 and parameters: {'p': 4, 'd': 1, 'q': 5}. Best is trial 15 with value: 0.2705692238814936.
[I 2024-06-18 15:27:08,798] Trial 24 finished with value: 0.2705692238814936 and parameters: {'p': 5, 'd': 0, 'q': 4}. Best is trial 15 with value: 0.2705692238814936.
[I 2024-06-18 15:27:08,811] Trial 25 finished with value: 1000.0 and parameters: {'p': 4, 'd': 1, 'q': 4}. Best is trial 15 with value: 0.2705692238814936.
[I 2024-06-18 15:28:15,044] Trial 26 finished with value: 0.25784644227064424 and parameters: {'p': 5, 'd': 0, 'q': 3}. Best is trial 26 with value: 0.25784644227064424.
[I 2024-06-18 15:28:15,057] Trial 27 finished with value: 1000.0 and parameters: {'p': 1, 'd': 2, 'q': 3}. Best is trial 26 with value: 0.25784644227064424.
[I 2024-06-18 15:28:15,069] Trial 28 finished with value: 1000.0 and parameters: {'p': 4, 'd': 1, 'q': 3}. Best is trial 26 with value: 0.25784644227064424.
[I 2024-06-18 15:29:29,143] Trial 29 finished with value: 0.2705692238814936 and parameters: {'p': 5, 'd': 0, 'q': 4}. Best is trial 26 with value: 0.25784644227064424.
[I 2024-06-18 15:29:29,156] Trial 30 finished with value: 1000.0 and parameters: {'p': 3, 'd': 2, 'q': 3}. Best is trial 26 with value: 0.25784644227064424.
[I 2024-06-18 15:30:41,749] Trial 31 finished with value: 0.2705692238814936 and parameters: {'p': 5, 'd': 0, 'q': 4}. Best is trial 26 with value: 0.25784644227064424.
[I 2024-06-18 15:31:55,121] Trial 32 finished with value: 0.2705692238814936 and parameters: {'p': 5, 'd': 0, 'q': 4}. Best is trial 26 with value: 0.25784644227064424.
[I 2024-06-18 15:31:55,134] Trial 33 finished with value: 1000.0 and parameters: {'p': 5, 'd': 1, 'q': 4}. Best is trial 26 with value: 0.25784644227064424.
[I 2024-06-18 15:33:01,646] Trial 34 finished with value: 0.25784644227064424 and parameters: {'p': 5, 'd': 0, 'q': 3}. Best is trial 26 with value: 0.25784644227064424.
[I 2024-06-18 15:33:08,558] Trial 35 finished with value: 21.470494611085122 and parameters: {'p': 5, 'd': 0, 'q': 2}. Best is trial 26 with value: 0.25784644227064424.
[I 2024-06-18 15:33:08,570] Trial 36 finished with value: 1000.0 and parameters: {'p': 4, 'd': 1, 'q': 3}. Best is trial 26 with value: 0.25784644227064424.
[I 2024-06-18 15:33:15,496] Trial 37 finished with value: 21.470494611085122 and parameters: {'p': 5, 'd': 0, 'q': 2}. Best is trial 26 with value: 0.25784644227064424.
[I 2024-06-18 15:33:15,509] Trial 38 finished with value: 1000.0 and parameters: {'p': 5, 'd': 4, 'q': 3}. Best is trial 26 with value: 0.25784644227064424.
[I 2024-06-18 15:33:15,522] Trial 39 finished with value: 1000.0 and parameters: {'p': 4, 'd': 1, 'q': 1}. Best is trial 26 with value: 0.25784644227064424.
[I 2024-06-18 15:33:15,534] Trial 40 finished with value: 1000.0 and parameters: {'p': 3, 'd': 2, 'q': 3}. Best is trial 26 with value: 0.25784644227064424.
[I 2024-06-18 15:34:27,256] Trial 41 finished with value: 0.2705692238814936 and parameters: {'p': 5, 'd': 0, 'q': 4}. Best is trial 26 with value: 0.25784644227064424.
[I 2024-06-18 15:35:38,636] Trial 42 finished with value: 0.2705692238814936 and parameters: {'p': 5, 'd': 0, 'q': 4}. Best is trial 26 with value: 0.25784644227064424.
[I 2024-06-18 15:36:50,336] Trial 43 finished with value: 0.2705692238814936 and parameters: {'p': 5, 'd': 0, 'q': 4}. Best is trial 26 with value: 0.25784644227064424.
[I 2024-06-18 15:36:50,349] Trial 44 finished with value: 1000.0 and parameters: {'p': 5, 'd': 1, 'q': 3}. Best is trial 26 with value: 0.25784644227064424.
[I 2024-06-18 15:36:57,406] Trial 45 finished with value: 21.470494611085122 and parameters: {'p': 5, 'd': 0, 'q': 2}. Best is trial 26 with value: 0.25784644227064424.
[I 2024-06-18 15:38:02,052] Trial 46 finished with value: 0.28412953223718174 and parameters: {'p': 4, 'd': 0, 'q': 4}. Best is trial 26 with value: 0.25784644227064424.
[I 2024-06-18 15:38:02,066] Trial 47 finished with value: 1000.0 and parameters: {'p': 2, 'd': 1, 'q': 3}. Best is trial 26 with value: 0.25784644227064424.
[I 2024-06-18 15:39:14,617] Trial 48 finished with value: 0.2705692238814936 and parameters: {'p': 5, 'd': 0, 'q': 4}. Best is trial 26 with value: 0.25784644227064424.
[I 2024-06-18 15:39:14,631] Trial 49 finished with value: 1000.0 and parameters: {'p': 4, 'd': 1, 'q': 0}. Best is trial 26 with value: 0.25784644227064424.
[I 2024-06-18 15:39:21,721] Trial 50 finished with value: 21.470494611085122 and parameters: {'p': 5, 'd': 0, 'q': 2}. Best is trial 26 with value: 0.25784644227064424.
[I 2024-06-18 15:40:34,538] Trial 51 finished with value: 0.2705692238814936 and parameters: {'p': 5, 'd': 0, 'q': 4}. Best is trial 26 with value: 0.25784644227064424.
[I 2024-06-18 15:41:46,708] Trial 52 finished with value: 0.2705692238814936 and parameters: {'p': 5, 'd': 0, 'q': 4}. Best is trial 26 with value: 0.25784644227064424.
[I 2024-06-18 15:42:59,094] Trial 53 finished with value: 0.2705692238814936 and parameters: {'p': 5, 'd': 0, 'q': 4}. Best is trial 26 with value: 0.25784644227064424.
[I 2024-06-18 15:42:59,107] Trial 54 finished with value: 1000.0 and parameters: {'p': 5, 'd': 4, 'q': 3}. Best is trial 26 with value: 0.25784644227064424.
[I 2024-06-18 15:44:28,758] Trial 55 finished with value: 0.2771166952986749 and parameters: {'p': 5, 'd': 0, 'q': 5}. Best is trial 26 with value: 0.25784644227064424.
[I 2024-06-18 15:45:33,280] Trial 56 finished with value: 0.28412953223718174 and parameters: {'p': 4, 'd': 0, 'q': 4}. Best is trial 26 with value: 0.25784644227064424.
[I 2024-06-18 15:45:33,293] Trial 57 finished with value: 1000.0 and parameters: {'p': 5, 'd': 1, 'q': 5}. Best is trial 26 with value: 0.25784644227064424.
[I 2024-06-18 15:46:39,772] Trial 58 finished with value: 0.25784644227064424 and parameters: {'p': 5, 'd': 0, 'q': 3}. Best is trial 26 with value: 0.25784644227064424.
[I 2024-06-18 15:46:39,785] Trial 59 finished with value: 1000.0 and parameters: {'p': 1, 'd': 1, 'q': 3}. Best is trial 26 with value: 0.25784644227064424.
[I 2024-06-18 15:47:30,614] Trial 60 finished with value: 34.350031529747 and parameters: {'p': 4, 'd': 0, 'q': 2}. Best is trial 26 with value: 0.25784644227064424.
[I 2024-06-18 15:48:35,877] Trial 61 finished with value: 0.25784644227064424 and parameters: {'p': 5, 'd': 0, 'q': 3}. Best is trial 26 with value: 0.25784644227064424.
[I 2024-06-18 15:49:40,978] Trial 62 finished with value: 0.25784644227064424 and parameters: {'p': 5, 'd': 0, 'q': 3}. Best is trial 26 with value: 0.25784644227064424.
[I 2024-06-18 15:50:46,313] Trial 63 finished with value: 0.25784644227064424 and parameters: {'p': 5, 'd': 0, 'q': 3}. Best is trial 26 with value: 0.25784644227064424.
[I 2024-06-18 15:51:52,705] Trial 64 finished with value: 0.25784644227064424 and parameters: {'p': 5, 'd': 0, 'q': 3}. Best is trial 26 with value: 0.25784644227064424.
[I 2024-06-18 15:52:59,341] Trial 65 finished with value: 0.25784644227064424 and parameters: {'p': 5, 'd': 0, 'q': 3}. Best is trial 26 with value: 0.25784644227064424.
[I 2024-06-18 15:54:05,587] Trial 66 finished with value: 0.25784644227064424 and parameters: {'p': 5, 'd': 0, 'q': 3}. Best is trial 26 with value: 0.25784644227064424.
[I 2024-06-18 15:55:12,140] Trial 67 finished with value: 0.25784644227064424 and parameters: {'p': 5, 'd': 0, 'q': 3}. Best is trial 26 with value: 0.25784644227064424.
[I 2024-06-18 15:55:12,155] Trial 68 finished with value: 1000.0 and parameters: {'p': 5, 'd': 1, 'q': 3}. Best is trial 26 with value: 0.25784644227064424.
[I 2024-06-18 15:56:18,703] Trial 69 finished with value: 0.25784644227064424 and parameters: {'p': 5, 'd': 0, 'q': 3}. Best is trial 26 with value: 0.25784644227064424.
[I 2024-06-18 15:56:59,694] Trial 70 finished with value: 0.24995898208492323 and parameters: {'p': 2, 'd': 0, 'q': 3}. Best is trial 70 with value: 0.24995898208492323.
[I 2024-06-18 15:57:40,830] Trial 71 finished with value: 0.24995898208492323 and parameters: {'p': 2, 'd': 0, 'q': 3}. Best is trial 70 with value: 0.24995898208492323.
[I 2024-06-18 15:58:13,434] Trial 72 finished with value: 0.23376396504155805 and parameters: {'p': 2, 'd': 0, 'q': 2}. Best is trial 72 with value: 0.23376396504155805.
[I 2024-06-18 15:58:46,319] Trial 73 finished with value: 0.23376396504155805 and parameters: {'p': 2, 'd': 0, 'q': 2}. Best is trial 72 with value: 0.23376396504155805.
[I 2024-06-18 15:59:08,360] Trial 74 finished with value: 0.22215250951548218 and parameters: {'p': 2, 'd': 0, 'q': 1}. Best is trial 74 with value: 0.22215250951548218.
[I 2024-06-18 15:59:30,217] Trial 75 finished with value: 0.22215250951548218 and parameters: {'p': 2, 'd': 0, 'q': 1}. Best is trial 74 with value: 0.22215250951548218.
[I 2024-06-18 15:59:30,231] Trial 76 finished with value: 1000.0 and parameters: {'p': 2, 'd': 1, 'q': 1}. Best is trial 74 with value: 0.22215250951548218.
[I 2024-06-18 15:59:52,487] Trial 77 finished with value: 0.22215250951548218 and parameters: {'p': 2, 'd': 0, 'q': 1}. Best is trial 74 with value: 0.22215250951548218.
[I 2024-06-18 16:00:14,903] Trial 78 finished with value: 0.22215250951548218 and parameters: {'p': 2, 'd': 0, 'q': 1}. Best is trial 74 with value: 0.22215250951548218.
[I 2024-06-18 16:00:14,917] Trial 79 finished with value: 1000.0 and parameters: {'p': 2, 'd': 1, 'q': 1}. Best is trial 74 with value: 0.22215250951548218.
[I 2024-06-18 16:00:37,103] Trial 80 finished with value: 0.22215250951548218 and parameters: {'p': 2, 'd': 0, 'q': 1}. Best is trial 74 with value: 0.22215250951548218.
[I 2024-06-18 16:00:59,350] Trial 81 finished with value: 0.22215250951548218 and parameters: {'p': 2, 'd': 0, 'q': 1}. Best is trial 74 with value: 0.22215250951548218.
[I 2024-06-18 16:01:21,351] Trial 82 finished with value: 0.22215250951548218 and parameters: {'p': 2, 'd': 0, 'q': 1}. Best is trial 74 with value: 0.22215250951548218.
[I 2024-06-18 16:01:43,329] Trial 83 finished with value: 0.22215250951548218 and parameters: {'p': 2, 'd': 0, 'q': 1}. Best is trial 74 with value: 0.22215250951548218.
[I 2024-06-18 16:02:05,376] Trial 84 finished with value: 0.22215250951548218 and parameters: {'p': 2, 'd': 0, 'q': 1}. Best is trial 74 with value: 0.22215250951548218.
[I 2024-06-18 16:02:20,426] Trial 85 finished with value: 0.21388184421635947 and parameters: {'p': 1, 'd': 0, 'q': 1}. Best is trial 85 with value: 0.21388184421635947.
[I 2024-06-18 16:02:20,441] Trial 86 finished with value: 1000.0 and parameters: {'p': 1, 'd': 3, 'q': 1}. Best is trial 85 with value: 0.21388184421635947.
[I 2024-06-18 16:02:35,488] Trial 87 finished with value: 0.21388184421635947 and parameters: {'p': 1, 'd': 0, 'q': 1}. Best is trial 85 with value: 0.21388184421635947.
[I 2024-06-18 16:02:45,494] Trial 88 finished with value: 0.24626999589680826 and parameters: {'p': 1, 'd': 0, 'q': 0}. Best is trial 85 with value: 0.21388184421635947.
[I 2024-06-18 16:02:45,509] Trial 89 finished with value: 1000.0 and parameters: {'p': 3, 'd': 1, 'q': 1}. Best is trial 85 with value: 0.21388184421635947.
[I 2024-06-18 16:03:00,501] Trial 90 finished with value: 0.21388184421635947 and parameters: {'p': 1, 'd': 0, 'q': 1}. Best is trial 85 with value: 0.21388184421635947.
[I 2024-06-18 16:03:15,524] Trial 91 finished with value: 0.21388184421635947 and parameters: {'p': 1, 'd': 0, 'q': 1}. Best is trial 85 with value: 0.21388184421635947.
[I 2024-06-18 16:03:30,487] Trial 92 finished with value: 0.21388184421635947 and parameters: {'p': 1, 'd': 0, 'q': 1}. Best is trial 85 with value: 0.21388184421635947.
[I 2024-06-18 16:03:45,532] Trial 93 finished with value: 0.21388184421635947 and parameters: {'p': 1, 'd': 0, 'q': 1}. Best is trial 85 with value: 0.21388184421635947.
[I 2024-06-18 16:04:00,593] Trial 94 finished with value: 0.21388184421635947 and parameters: {'p': 1, 'd': 0, 'q': 1}. Best is trial 85 with value: 0.21388184421635947.
[I 2024-06-18 16:04:00,608] Trial 95 finished with value: 1000.0 and parameters: {'p': 1, 'd': 4, 'q': 0}. Best is trial 85 with value: 0.21388184421635947.
[I 2024-06-18 16:04:15,983] Trial 96 finished with value: 0.21388184421635947 and parameters: {'p': 1, 'd': 0, 'q': 1}. Best is trial 85 with value: 0.21388184421635947.
[I 2024-06-18 16:04:31,400] Trial 97 finished with value: 0.21388184421635947 and parameters: {'p': 1, 'd': 0, 'q': 1}. Best is trial 85 with value: 0.21388184421635947.
[I 2024-06-18 16:04:41,624] Trial 98 finished with value: 0.24626999589680826 and parameters: {'p': 1, 'd': 0, 'q': 0}. Best is trial 85 with value: 0.21388184421635947.
[I 2024-06-18 16:04:41,638] Trial 99 finished with value: 1000.0 and parameters: {'p': 1, 'd': 5, 'q': 1}. Best is trial 85 with value: 0.21388184421635947.
[I 2024-06-18 16:04:45,147] A new study created in memory with name: no-name-90b36a04-000b-43ae-a9a9-5fba0bd0c704
[I 2024-06-18 16:04:45,149] Trial 0 finished with value: 1000.0 and parameters: {'p': 2, 'd': 4, 'q': 5}. Best is trial 0 with value: 1000.0.
[I 2024-06-18 16:04:45,151] Trial 1 finished with value: 1000.0 and parameters: {'p': 4, 'd': 1, 'q': 5}. Best is trial 0 with value: 1000.0.
[I 2024-06-18 16:04:45,152] Trial 2 finished with value: 1000.0 and parameters: {'p': 5, 'd': 5, 'q': 5}. Best is trial 0 with value: 1000.0.
ARIMA Reynolds y_6 0.2233236531030905 0.30238614750459397 -6.5 26.1
(114, 28) (49, 28)
[I 2024-06-18 16:05:23,221] Trial 3 finished with value: 0.015053509200176866 and parameters: {'p': 5, 'd': 0, 'q': 2}. Best is trial 3 with value: 0.015053509200176866.
[I 2024-06-18 16:05:23,223] Trial 4 finished with value: 1000.0 and parameters: {'p': 5, 'd': 1, 'q': 3}. Best is trial 3 with value: 0.015053509200176866.
[I 2024-06-18 16:05:23,224] Trial 5 finished with value: 1000.0 and parameters: {'p': 3, 'd': 1, 'q': 3}. Best is trial 3 with value: 0.015053509200176866.
[I 2024-06-18 16:05:23,226] Trial 6 finished with value: 1000.0 and parameters: {'p': 5, 'd': 2, 'q': 3}. Best is trial 3 with value: 0.015053509200176866.
[I 2024-06-18 16:05:23,227] Trial 7 finished with value: 1000.0 and parameters: {'p': 2, 'd': 4, 'q': 2}. Best is trial 3 with value: 0.015053509200176866.
[I 2024-06-18 16:05:23,229] Trial 8 finished with value: 1000.0 and parameters: {'p': 1, 'd': 5, 'q': 3}. Best is trial 3 with value: 0.015053509200176866.
[I 2024-06-18 16:06:03,930] Trial 9 finished with value: 0.016787993811784543 and parameters: {'p': 2, 'd': 0, 'q': 5}. Best is trial 3 with value: 0.015053509200176866.
[I 2024-06-18 16:06:24,211] Trial 10 finished with value: 0.014217771309996326 and parameters: {'p': 4, 'd': 0, 'q': 0}. Best is trial 10 with value: 0.014217771309996326.
[I 2024-06-18 16:06:44,484] Trial 11 finished with value: 0.014217771309996326 and parameters: {'p': 4, 'd': 0, 'q': 0}. Best is trial 10 with value: 0.014217771309996326.
[I 2024-06-18 16:07:04,669] Trial 12 finished with value: 0.014217771309996326 and parameters: {'p': 4, 'd': 0, 'q': 0}. Best is trial 10 with value: 0.014217771309996326.
[I 2024-06-18 16:07:04,680] Trial 13 finished with value: 1000.0 and parameters: {'p': 4, 'd': 2, 'q': 0}. Best is trial 10 with value: 0.014217771309996326.
[I 2024-06-18 16:07:04,692] Trial 14 finished with value: 1000.0 and parameters: {'p': 3, 'd': 3, 'q': 1}. Best is trial 10 with value: 0.014217771309996326.
[I 2024-06-18 16:07:31,056] Trial 15 finished with value: 0.01561858160873514 and parameters: {'p': 4, 'd': 0, 'q': 1}. Best is trial 10 with value: 0.014217771309996326.
[I 2024-06-18 16:07:31,068] Trial 16 finished with value: 1000.0 and parameters: {'p': 3, 'd': 1, 'q': 1}. Best is trial 10 with value: 0.014217771309996326.
[I 2024-06-18 16:07:31,080] Trial 17 finished with value: 1000.0 and parameters: {'p': 4, 'd': 2, 'q': 0}. Best is trial 10 with value: 0.014217771309996326.
[I 2024-06-18 16:07:31,091] Trial 18 finished with value: 1000.0 and parameters: {'p': 4, 'd': 3, 'q': 1}. Best is trial 10 with value: 0.014217771309996326.
[I 2024-06-18 16:07:46,559] Trial 19 finished with value: 0.01452461869722957 and parameters: {'p': 3, 'd': 0, 'q': 0}. Best is trial 10 with value: 0.014217771309996326.
[I 2024-06-18 16:07:46,570] Trial 20 finished with value: 1000.0 and parameters: {'p': 1, 'd': 1, 'q': 4}. Best is trial 10 with value: 0.014217771309996326.
[I 2024-06-18 16:08:06,552] Trial 21 finished with value: 0.014217771309996326 and parameters: {'p': 4, 'd': 0, 'q': 0}. Best is trial 10 with value: 0.014217771309996326.
[I 2024-06-18 16:08:26,582] Trial 22 finished with value: 0.014217771309996326 and parameters: {'p': 4, 'd': 0, 'q': 0}. Best is trial 10 with value: 0.014217771309996326.
[I 2024-06-18 16:08:26,595] Trial 23 finished with value: 1000.0 and parameters: {'p': 3, 'd': 1, 'q': 1}. Best is trial 10 with value: 0.014217771309996326.
[I 2024-06-18 16:08:51,331] Trial 24 finished with value: 0.015733240122439138 and parameters: {'p': 5, 'd': 0, 'q': 0}. Best is trial 10 with value: 0.014217771309996326.
[I 2024-06-18 16:09:23,754] Trial 25 finished with value: 0.0154661346482643 and parameters: {'p': 4, 'd': 0, 'q': 2}. Best is trial 10 with value: 0.014217771309996326.
[I 2024-06-18 16:09:23,767] Trial 26 finished with value: 1000.0 and parameters: {'p': 4, 'd': 1, 'q': 1}. Best is trial 10 with value: 0.014217771309996326.
[I 2024-06-18 16:09:23,778] Trial 27 finished with value: 1000.0 and parameters: {'p': 3, 'd': 2, 'q': 0}. Best is trial 10 with value: 0.014217771309996326.
[I 2024-06-18 16:09:54,018] Trial 28 finished with value: 0.015860250533177328 and parameters: {'p': 5, 'd': 0, 'q': 1}. Best is trial 10 with value: 0.014217771309996326.
[I 2024-06-18 16:09:54,030] Trial 29 finished with value: 1000.0 and parameters: {'p': 3, 'd': 3, 'q': 0}. Best is trial 10 with value: 0.014217771309996326.
[I 2024-06-18 16:09:54,042] Trial 30 finished with value: 1000.0 and parameters: {'p': 4, 'd': 4, 'q': 2}. Best is trial 10 with value: 0.014217771309996326.
[I 2024-06-18 16:10:13,880] Trial 31 finished with value: 0.014217771309996326 and parameters: {'p': 4, 'd': 0, 'q': 0}. Best is trial 10 with value: 0.014217771309996326.
[I 2024-06-18 16:10:33,619] Trial 32 finished with value: 0.014217771309996326 and parameters: {'p': 4, 'd': 0, 'q': 0}. Best is trial 10 with value: 0.014217771309996326.
