[I 2024-06-18 22:01:43,164] Trial 62 finished with value: 0.7379015245326299 and parameters: {'p': 1, 'd': 0, 'q': 0}. Best is trial 44 with value: 0.7379015245326299.
[I 2024-06-18 22:02:06,459] Trial 63 finished with value: 0.7379015245326299 and parameters: {'p': 1, 'd': 0, 'q': 0}. Best is trial 44 with value: 0.7379015245326299.
[I 2024-06-18 22:02:29,695] Trial 64 finished with value: 0.7379015245326299 and parameters: {'p': 1, 'd': 0, 'q': 0}. Best is trial 44 with value: 0.7379015245326299.
[I 2024-06-18 22:03:04,122] Trial 65 finished with value: 0.7635337753794424 and parameters: {'p': 1, 'd': 0, 'q': 1}. Best is trial 44 with value: 0.7379015245326299.
[I 2024-06-18 22:03:27,671] Trial 66 finished with value: 0.7379015245326299 and parameters: {'p': 1, 'd': 0, 'q': 0}. Best is trial 44 with value: 0.7379015245326299.
[I 2024-06-18 22:03:27,685] Trial 67 finished with value: 1000.0 and parameters: {'p': 1, 'd': 1, 'q': 1}. Best is trial 44 with value: 0.7379015245326299.
[I 2024-06-18 22:03:51,138] Trial 68 finished with value: 0.7379015245326299 and parameters: {'p': 1, 'd': 0, 'q': 0}. Best is trial 44 with value: 0.7379015245326299.
[I 2024-06-18 22:03:51,152] Trial 69 finished with value: 1000.0 and parameters: {'p': 5, 'd': 1, 'q': 5}. Best is trial 44 with value: 0.7379015245326299.
[I 2024-06-18 22:04:25,915] Trial 70 finished with value: 0.7635337753794424 and parameters: {'p': 1, 'd': 0, 'q': 1}. Best is trial 44 with value: 0.7379015245326299.
[I 2024-06-18 22:04:49,421] Trial 71 finished with value: 0.7379015245326299 and parameters: {'p': 1, 'd': 0, 'q': 0}. Best is trial 44 with value: 0.7379015245326299.
[I 2024-06-18 22:05:12,897] Trial 72 finished with value: 0.7379015245326299 and parameters: {'p': 1, 'd': 0, 'q': 0}. Best is trial 44 with value: 0.7379015245326299.
[I 2024-06-18 22:05:36,325] Trial 73 finished with value: 0.7379015245326299 and parameters: {'p': 1, 'd': 0, 'q': 0}. Best is trial 44 with value: 0.7379015245326299.
[I 2024-06-18 22:05:59,830] Trial 74 finished with value: 0.7379015245326299 and parameters: {'p': 1, 'd': 0, 'q': 0}. Best is trial 44 with value: 0.7379015245326299.
[I 2024-06-18 22:06:23,314] Trial 75 finished with value: 0.7379015245326299 and parameters: {'p': 1, 'd': 0, 'q': 0}. Best is trial 44 with value: 0.7379015245326299.
[I 2024-06-18 22:07:53,780] Trial 76 finished with value: 0.9253811369208735 and parameters: {'p': 1, 'd': 0, 'q': 3}. Best is trial 44 with value: 0.7379015245326299.
[I 2024-06-18 22:07:53,794] Trial 77 finished with value: 1000.0 and parameters: {'p': 1, 'd': 1, 'q': 0}. Best is trial 44 with value: 0.7379015245326299.
[I 2024-06-18 22:08:17,340] Trial 78 finished with value: 0.7379015245326299 and parameters: {'p': 1, 'd': 0, 'q': 0}. Best is trial 44 with value: 0.7379015245326299.
[I 2024-06-18 22:08:17,354] Trial 79 finished with value: 1000.0 and parameters: {'p': 1, 'd': 4, 'q': 0}. Best is trial 44 with value: 0.7379015245326299.
[I 2024-06-18 22:08:52,195] Trial 80 finished with value: 0.7635337753794424 and parameters: {'p': 1, 'd': 0, 'q': 1}. Best is trial 44 with value: 0.7379015245326299.
[I 2024-06-18 22:09:15,697] Trial 81 finished with value: 0.7379015245326299 and parameters: {'p': 1, 'd': 0, 'q': 0}. Best is trial 44 with value: 0.7379015245326299.
[I 2024-06-18 22:09:39,233] Trial 82 finished with value: 0.7379015245326299 and parameters: {'p': 1, 'd': 0, 'q': 0}. Best is trial 44 with value: 0.7379015245326299.
[I 2024-06-18 22:10:02,713] Trial 83 finished with value: 0.7379015245326299 and parameters: {'p': 1, 'd': 0, 'q': 0}. Best is trial 44 with value: 0.7379015245326299.
[I 2024-06-18 22:10:26,161] Trial 84 finished with value: 0.7379015245326299 and parameters: {'p': 1, 'd': 0, 'q': 0}. Best is trial 44 with value: 0.7379015245326299.
[I 2024-06-18 22:10:26,174] Trial 85 finished with value: 1000.0 and parameters: {'p': 4, 'd': 5, 'q': 4}. Best is trial 44 with value: 0.7379015245326299.
[I 2024-06-18 22:10:49,729] Trial 86 finished with value: 0.7379015245326299 and parameters: {'p': 1, 'd': 0, 'q': 0}. Best is trial 44 with value: 0.7379015245326299.
[I 2024-06-18 22:10:49,742] Trial 87 finished with value: 1000.0 and parameters: {'p': 1, 'd': 1, 'q': 0}. Best is trial 44 with value: 0.7379015245326299.
[I 2024-06-18 22:11:12,991] Trial 88 finished with value: 0.7379015245326299 and parameters: {'p': 1, 'd': 0, 'q': 0}. Best is trial 44 with value: 0.7379015245326299.
[I 2024-06-18 22:11:36,221] Trial 89 finished with value: 0.7379015245326299 and parameters: {'p': 1, 'd': 0, 'q': 0}. Best is trial 44 with value: 0.7379015245326299.
[I 2024-06-18 22:11:59,520] Trial 90 finished with value: 0.7379015245326299 and parameters: {'p': 1, 'd': 0, 'q': 0}. Best is trial 44 with value: 0.7379015245326299.
[I 2024-06-18 22:12:22,751] Trial 91 finished with value: 0.7379015245326299 and parameters: {'p': 1, 'd': 0, 'q': 0}. Best is trial 44 with value: 0.7379015245326299.
[I 2024-06-18 22:12:45,974] Trial 92 finished with value: 0.7379015245326299 and parameters: {'p': 1, 'd': 0, 'q': 0}. Best is trial 44 with value: 0.7379015245326299.
[I 2024-06-18 22:13:09,294] Trial 93 finished with value: 0.7379015245326299 and parameters: {'p': 1, 'd': 0, 'q': 0}. Best is trial 44 with value: 0.7379015245326299.
[I 2024-06-18 22:13:32,576] Trial 94 finished with value: 0.7379015245326299 and parameters: {'p': 1, 'd': 0, 'q': 0}. Best is trial 44 with value: 0.7379015245326299.
[I 2024-06-18 22:13:55,823] Trial 95 finished with value: 0.7379015245326299 and parameters: {'p': 1, 'd': 0, 'q': 0}. Best is trial 44 with value: 0.7379015245326299.
[I 2024-06-18 22:13:55,837] Trial 96 finished with value: 1000.0 and parameters: {'p': 1, 'd': 1, 'q': 1}. Best is trial 44 with value: 0.7379015245326299.
[I 2024-06-18 22:14:19,122] Trial 97 finished with value: 0.7379015245326299 and parameters: {'p': 1, 'd': 0, 'q': 0}. Best is trial 44 with value: 0.7379015245326299.
[I 2024-06-18 22:14:48,121] Trial 98 finished with value: 0.7579095389089338 and parameters: {'p': 2, 'd': 0, 'q': 0}. Best is trial 44 with value: 0.7379015245326299.
[I 2024-06-18 22:15:11,364] Trial 99 finished with value: 0.7379015245326299 and parameters: {'p': 1, 'd': 0, 'q': 0}. Best is trial 44 with value: 0.7379015245326299.
[I 2024-06-18 22:15:16,770] A new study created in memory with name: no-name-e3d1f8ba-d4b0-424a-b5ae-e3060cd692ea
[I 2024-06-18 22:15:16,772] Trial 0 finished with value: 1000.0 and parameters: {'p': 3, 'd': 2, 'q': 4}. Best is trial 0 with value: 1000.0.
[I 2024-06-18 22:15:16,773] Trial 1 finished with value: 1000.0 and parameters: {'p': 1, 'd': 4, 'q': 4}. Best is trial 0 with value: 1000.0.
[I 2024-06-18 22:15:16,775] Trial 2 finished with value: 1000.0 and parameters: {'p': 1, 'd': 3, 'q': 4}. Best is trial 0 with value: 1000.0.
[I 2024-06-18 22:15:16,776] Trial 3 finished with value: 1000.0 and parameters: {'p': 1, 'd': 3, 'q': 1}. Best is trial 0 with value: 1000.0.
[I 2024-06-18 22:15:16,778] Trial 4 finished with value: 1000.0 and parameters: {'p': 3, 'd': 1, 'q': 3}. Best is trial 0 with value: 1000.0.
[I 2024-06-18 22:15:16,780] Trial 5 finished with value: 1000.0 and parameters: {'p': 4, 'd': 3, 'q': 3}. Best is trial 0 with value: 1000.0.
[I 2024-06-18 22:15:16,782] Trial 6 finished with value: 1000.0 and parameters: {'p': 2, 'd': 1, 'q': 2}. Best is trial 0 with value: 1000.0.
ARIMA UK y_3 0.7346957228139758 0.6357117877816288 0.2 27.4
(2261, 28) (970, 28)
[I 2024-06-18 22:17:28,713] Trial 7 finished with value: 0.4251007343225029 and parameters: {'p': 1, 'd': 0, 'q': 1}. Best is trial 7 with value: 0.4251007343225029.
[I 2024-06-18 22:17:28,715] Trial 8 finished with value: 1000.0 and parameters: {'p': 4, 'd': 4, 'q': 2}. Best is trial 7 with value: 0.4251007343225029.
[I 2024-06-18 22:17:28,717] Trial 9 finished with value: 1000.0 and parameters: {'p': 4, 'd': 4, 'q': 1}. Best is trial 7 with value: 0.4251007343225029.
[I 2024-06-18 22:19:10,524] Trial 10 finished with value: 0.9795203976331237 and parameters: {'p': 5, 'd': 0, 'q': 0}. Best is trial 7 with value: 0.4251007343225029.
[I 2024-06-18 22:20:55,656] Trial 11 finished with value: 0.9795203976331237 and parameters: {'p': 5, 'd': 0, 'q': 0}. Best is trial 7 with value: 0.4251007343225029.
[I 2024-06-18 22:22:40,718] Trial 12 finished with value: 0.9795203976331237 and parameters: {'p': 5, 'd': 0, 'q': 0}. Best is trial 7 with value: 0.4251007343225029.
[I 2024-06-18 22:22:40,730] Trial 13 finished with value: 1000.0 and parameters: {'p': 2, 'd': 1, 'q': 1}. Best is trial 7 with value: 0.4251007343225029.
[I 2024-06-18 22:24:33,300] Trial 14 finished with value: 0.4294765316925681 and parameters: {'p': 2, 'd': 0, 'q': 0}. Best is trial 7 with value: 0.4251007343225029.
[I 2024-06-18 22:24:33,312] Trial 15 finished with value: 1000.0 and parameters: {'p': 2, 'd': 2, 'q': 1}. Best is trial 7 with value: 0.4251007343225029.
[I 2024-06-18 22:24:33,324] Trial 16 finished with value: 1000.0 and parameters: {'p': 2, 'd': 5, 'q': 5}. Best is trial 7 with value: 0.4251007343225029.
[I 2024-06-18 22:24:33,335] Trial 17 finished with value: 1000.0 and parameters: {'p': 1, 'd': 1, 'q': 0}. Best is trial 7 with value: 0.4251007343225029.
[I 2024-06-18 22:31:59,597] Trial 18 finished with value: 0.5827020840227588 and parameters: {'p': 3, 'd': 0, 'q': 2}. Best is trial 7 with value: 0.4251007343225029.
[I 2024-06-18 22:31:59,610] Trial 19 finished with value: 1000.0 and parameters: {'p': 2, 'd': 2, 'q': 1}. Best is trial 7 with value: 0.4251007343225029.
[I 2024-06-18 22:33:31,181] Trial 20 finished with value: 0.4483465053682263 and parameters: {'p': 1, 'd': 0, 'q': 0}. Best is trial 7 with value: 0.4251007343225029.
[I 2024-06-18 22:35:00,511] Trial 21 finished with value: 0.4483465053682263 and parameters: {'p': 1, 'd': 0, 'q': 0}. Best is trial 7 with value: 0.4251007343225029.
[I 2024-06-18 22:35:00,523] Trial 22 finished with value: 1000.0 and parameters: {'p': 1, 'd': 1, 'q': 0}. Best is trial 7 with value: 0.4251007343225029.
[I 2024-06-18 22:38:36,162] Trial 23 finished with value: 0.42378066149968674 and parameters: {'p': 2, 'd': 0, 'q': 1}. Best is trial 23 with value: 0.42378066149968674.
[I 2024-06-18 22:38:36,174] Trial 24 finished with value: 1000.0 and parameters: {'p': 2, 'd': 1, 'q': 1}. Best is trial 23 with value: 0.42378066149968674.
[I 2024-06-18 22:45:55,338] Trial 25 finished with value: 0.5827020840227588 and parameters: {'p': 3, 'd': 0, 'q': 2}. Best is trial 23 with value: 0.42378066149968674.
[I 2024-06-18 22:45:55,351] Trial 26 finished with value: 1000.0 and parameters: {'p': 2, 'd': 1, 'q': 1}. Best is trial 23 with value: 0.42378066149968674.
[I 2024-06-18 22:51:19,259] Trial 27 finished with value: 0.5431943139245262 and parameters: {'p': 2, 'd': 0, 'q': 2}. Best is trial 23 with value: 0.42378066149968674.
[I 2024-06-18 22:51:19,271] Trial 28 finished with value: 1000.0 and parameters: {'p': 2, 'd': 2, 'q': 3}. Best is trial 23 with value: 0.42378066149968674.
[I 2024-06-18 22:51:19,284] Trial 29 finished with value: 1000.0 and parameters: {'p': 3, 'd': 2, 'q': 1}. Best is trial 23 with value: 0.42378066149968674.
[I 2024-06-18 23:00:39,745] Trial 30 finished with value: 0.5371417046119955 and parameters: {'p': 1, 'd': 0, 'q': 5}. Best is trial 23 with value: 0.42378066149968674.
[I 2024-06-18 23:02:09,164] Trial 31 finished with value: 0.4483465053682263 and parameters: {'p': 1, 'd': 0, 'q': 0}. Best is trial 23 with value: 0.42378066149968674.
[I 2024-06-18 23:03:38,620] Trial 32 finished with value: 0.4483465053682263 and parameters: {'p': 1, 'd': 0, 'q': 0}. Best is trial 23 with value: 0.42378066149968674.
[I 2024-06-18 23:03:38,633] Trial 33 finished with value: 1000.0 and parameters: {'p': 1, 'd': 1, 'q': 0}. Best is trial 23 with value: 0.42378066149968674.
[I 2024-06-18 23:05:49,737] Trial 34 finished with value: 0.4251007343225029 and parameters: {'p': 1, 'd': 0, 'q': 1}. Best is trial 23 with value: 0.42378066149968674.
[I 2024-06-18 23:05:49,750] Trial 35 finished with value: 1000.0 and parameters: {'p': 1, 'd': 1, 'q': 1}. Best is trial 23 with value: 0.42378066149968674.
[I 2024-06-18 23:05:49,762] Trial 36 finished with value: 1000.0 and parameters: {'p': 2, 'd': 5, 'q': 1}. Best is trial 23 with value: 0.42378066149968674.
[I 2024-06-18 23:13:12,467] Trial 37 finished with value: 0.5827020840227588 and parameters: {'p': 3, 'd': 0, 'q': 2}. Best is trial 23 with value: 0.42378066149968674.
[I 2024-06-18 23:13:12,480] Trial 38 finished with value: 1000.0 and parameters: {'p': 1, 'd': 1, 'q': 3}. Best is trial 23 with value: 0.42378066149968674.
[I 2024-06-18 23:13:12,492] Trial 39 finished with value: 1000.0 and parameters: {'p': 2, 'd': 3, 'q': 1}. Best is trial 23 with value: 0.42378066149968674.
[I 2024-06-18 23:20:23,376] Trial 40 finished with value: 0.5226237618139217 and parameters: {'p': 1, 'd': 0, 'q': 4}. Best is trial 23 with value: 0.42378066149968674.
[I 2024-06-18 23:21:53,457] Trial 41 finished with value: 0.4483465053682263 and parameters: {'p': 1, 'd': 0, 'q': 0}. Best is trial 23 with value: 0.42378066149968674.
[I 2024-06-18 23:23:23,589] Trial 42 finished with value: 0.4483465053682263 and parameters: {'p': 1, 'd': 0, 'q': 0}. Best is trial 23 with value: 0.42378066149968674.
[I 2024-06-18 23:26:42,832] Trial 43 finished with value: 0.4611140055991865 and parameters: {'p': 1, 'd': 0, 'q': 2}. Best is trial 23 with value: 0.42378066149968674.
[I 2024-06-18 23:26:42,846] Trial 44 finished with value: 1000.0 and parameters: {'p': 2, 'd': 1, 'q': 1}. Best is trial 23 with value: 0.42378066149968674.
[I 2024-06-18 23:29:49,741] Trial 45 finished with value: 0.45908616949152703 and parameters: {'p': 4, 'd': 0, 'q': 0}. Best is trial 23 with value: 0.42378066149968674.
[I 2024-06-18 23:29:49,754] Trial 46 finished with value: 1000.0 and parameters: {'p': 1, 'd': 1, 'q': 1}. Best is trial 23 with value: 0.42378066149968674.
[I 2024-06-18 23:31:38,094] Trial 47 finished with value: 0.4294765316925681 and parameters: {'p': 2, 'd': 0, 'q': 0}. Best is trial 23 with value: 0.42378066149968674.
[I 2024-06-18 23:31:38,108] Trial 48 finished with value: 1000.0 and parameters: {'p': 3, 'd': 1, 'q': 1}. Best is trial 23 with value: 0.42378066149968674.
[I 2024-06-18 23:31:38,120] Trial 49 finished with value: 1000.0 and parameters: {'p': 2, 'd': 4, 'q': 2}. Best is trial 23 with value: 0.42378066149968674.
[I 2024-06-18 23:33:26,478] Trial 50 finished with value: 0.4294765316925681 and parameters: {'p': 2, 'd': 0, 'q': 0}. Best is trial 23 with value: 0.42378066149968674.
[I 2024-06-18 23:35:14,845] Trial 51 finished with value: 0.4294765316925681 and parameters: {'p': 2, 'd': 0, 'q': 0}. Best is trial 23 with value: 0.42378066149968674.
[I 2024-06-18 23:37:03,220] Trial 52 finished with value: 0.4294765316925681 and parameters: {'p': 2, 'd': 0, 'q': 0}. Best is trial 23 with value: 0.42378066149968674.
[I 2024-06-18 23:39:28,615] Trial 53 finished with value: 0.4432048402955616 and parameters: {'p': 3, 'd': 0, 'q': 0}. Best is trial 23 with value: 0.42378066149968674.
[I 2024-06-18 23:43:04,441] Trial 54 finished with value: 0.42378066149968674 and parameters: {'p': 2, 'd': 0, 'q': 1}. Best is trial 23 with value: 0.42378066149968674.
[I 2024-06-18 23:46:40,411] Trial 55 finished with value: 0.42378066149968674 and parameters: {'p': 2, 'd': 0, 'q': 1}. Best is trial 23 with value: 0.42378066149968674.
[I 2024-06-18 23:46:40,425] Trial 56 finished with value: 1000.0 and parameters: {'p': 2, 'd': 3, 'q': 1}. Best is trial 23 with value: 0.42378066149968674.
[I 2024-06-18 23:46:40,438] Trial 57 finished with value: 1000.0 and parameters: {'p': 3, 'd': 1, 'q': 2}. Best is trial 23 with value: 0.42378066149968674.
[I 2024-06-18 23:52:27,341] Trial 58 finished with value: 0.4978469646241189 and parameters: {'p': 4, 'd': 0, 'q': 1}. Best is trial 23 with value: 0.42378066149968674.
[I 2024-06-18 23:56:02,716] Trial 59 finished with value: 0.42378066149968674 and parameters: {'p': 2, 'd': 0, 'q': 1}. Best is trial 23 with value: 0.42378066149968674.
[I 2024-06-18 23:59:39,932] Trial 60 finished with value: 0.42378066149968674 and parameters: {'p': 2, 'd': 0, 'q': 1}. Best is trial 23 with value: 0.42378066149968674.
[I 2024-06-19 00:03:23,050] Trial 61 finished with value: 0.42378066149968674 and parameters: {'p': 2, 'd': 0, 'q': 1}. Best is trial 23 with value: 0.42378066149968674.
[I 2024-06-19 00:07:03,257] Trial 62 finished with value: 0.42378066149968674 and parameters: {'p': 2, 'd': 0, 'q': 1}. Best is trial 23 with value: 0.42378066149968674.
[I 2024-06-19 00:10:44,460] Trial 63 finished with value: 0.42378066149968674 and parameters: {'p': 2, 'd': 0, 'q': 1}. Best is trial 23 with value: 0.42378066149968674.
[I 2024-06-19 00:14:27,690] Trial 64 finished with value: 0.42378066149968674 and parameters: {'p': 2, 'd': 0, 'q': 1}. Best is trial 23 with value: 0.42378066149968674.
[I 2024-06-19 00:14:27,704] Trial 65 finished with value: 1000.0 and parameters: {'p': 2, 'd': 1, 'q': 2}. Best is trial 23 with value: 0.42378066149968674.
[I 2024-06-19 00:18:10,909] Trial 66 finished with value: 0.42378066149968674 and parameters: {'p': 2, 'd': 0, 'q': 1}. Best is trial 23 with value: 0.42378066149968674.
[I 2024-06-19 00:18:10,923] Trial 67 finished with value: 1000.0 and parameters: {'p': 2, 'd': 1, 'q': 2}. Best is trial 23 with value: 0.42378066149968674.
[I 2024-06-19 00:21:52,910] Trial 68 finished with value: 0.42378066149968674 and parameters: {'p': 2, 'd': 0, 'q': 1}. Best is trial 23 with value: 0.42378066149968674.
[I 2024-06-19 00:26:30,122] Trial 69 finished with value: 0.46488798954616 and parameters: {'p': 3, 'd': 0, 'q': 1}. Best is trial 23 with value: 0.42378066149968674.
[I 2024-06-19 00:30:06,185] Trial 70 finished with value: 0.42378066149968674 and parameters: {'p': 2, 'd': 0, 'q': 1}. Best is trial 23 with value: 0.42378066149968674.
[I 2024-06-19 00:33:41,533] Trial 71 finished with value: 0.42378066149968674 and parameters: {'p': 2, 'd': 0, 'q': 1}. Best is trial 23 with value: 0.42378066149968674.
[I 2024-06-19 00:37:16,751] Trial 72 finished with value: 0.42378066149968674 and parameters: {'p': 2, 'd': 0, 'q': 1}. Best is trial 23 with value: 0.42378066149968674.
[I 2024-06-19 00:40:52,023] Trial 73 finished with value: 0.42378066149968674 and parameters: {'p': 2, 'd': 0, 'q': 1}. Best is trial 23 with value: 0.42378066149968674.
[I 2024-06-19 00:44:29,730] Trial 74 finished with value: 0.42378066149968674 and parameters: {'p': 2, 'd': 0, 'q': 1}. Best is trial 23 with value: 0.42378066149968674.
[I 2024-06-19 00:44:29,745] Trial 75 finished with value: 1000.0 and parameters: {'p': 2, 'd': 1, 'q': 1}. Best is trial 23 with value: 0.42378066149968674.
[I 2024-06-19 00:50:01,989] Trial 76 finished with value: 0.5431943139245262 and parameters: {'p': 2, 'd': 0, 'q': 2}. Best is trial 23 with value: 0.42378066149968674.
[I 2024-06-19 00:54:47,754] Trial 77 finished with value: 0.46488798954616 and parameters: {'p': 3, 'd': 0, 'q': 1}. Best is trial 23 with value: 0.42378066149968674.
[I 2024-06-19 00:58:25,517] Trial 78 finished with value: 0.42378066149968674 and parameters: {'p': 2, 'd': 0, 'q': 1}. Best is trial 23 with value: 0.42378066149968674.
[I 2024-06-19 00:58:25,531] Trial 79 finished with value: 1000.0 and parameters: {'p': 3, 'd': 1, 'q': 2}. Best is trial 23 with value: 0.42378066149968674.
[I 2024-06-19 01:02:08,771] Trial 80 finished with value: 0.42378066149968674 and parameters: {'p': 2, 'd': 0, 'q': 1}. Best is trial 23 with value: 0.42378066149968674.
[I 2024-06-19 01:05:46,871] Trial 81 finished with value: 0.42378066149968674 and parameters: {'p': 2, 'd': 0, 'q': 1}. Best is trial 23 with value: 0.42378066149968674.
[I 2024-06-19 01:09:24,849] Trial 82 finished with value: 0.42378066149968674 and parameters: {'p': 2, 'd': 0, 'q': 1}. Best is trial 23 with value: 0.42378066149968674.
[I 2024-06-19 01:13:02,794] Trial 83 finished with value: 0.42378066149968674 and parameters: {'p': 2, 'd': 0, 'q': 1}. Best is trial 23 with value: 0.42378066149968674.
[I 2024-06-19 01:16:38,666] Trial 84 finished with value: 0.42378066149968674 and parameters: {'p': 2, 'd': 0, 'q': 1}. Best is trial 23 with value: 0.42378066149968674.
[I 2024-06-19 01:20:16,023] Trial 85 finished with value: 0.42378066149968674 and parameters: {'p': 2, 'd': 0, 'q': 1}. Best is trial 23 with value: 0.42378066149968674.
[I 2024-06-19 01:23:51,671] Trial 86 finished with value: 0.42378066149968674 and parameters: {'p': 2, 'd': 0, 'q': 1}. Best is trial 23 with value: 0.42378066149968674.
[I 2024-06-19 01:29:18,056] Trial 87 finished with value: 0.5431943139245262 and parameters: {'p': 2, 'd': 0, 'q': 2}. Best is trial 23 with value: 0.42378066149968674.
[I 2024-06-19 01:32:55,955] Trial 88 finished with value: 0.42378066149968674 and parameters: {'p': 2, 'd': 0, 'q': 1}. Best is trial 23 with value: 0.42378066149968674.
[I 2024-06-19 01:32:55,970] Trial 89 finished with value: 1000.0 and parameters: {'p': 2, 'd': 1, 'q': 5}. Best is trial 23 with value: 0.42378066149968674.
[I 2024-06-19 01:37:42,818] Trial 90 finished with value: 0.46488798954616 and parameters: {'p': 3, 'd': 0, 'q': 1}. Best is trial 23 with value: 0.42378066149968674.
[I 2024-06-19 01:41:26,164] Trial 91 finished with value: 0.42378066149968674 and parameters: {'p': 2, 'd': 0, 'q': 1}. Best is trial 23 with value: 0.42378066149968674.
[I 2024-06-19 01:45:09,602] Trial 92 finished with value: 0.42378066149968674 and parameters: {'p': 2, 'd': 0, 'q': 1}. Best is trial 23 with value: 0.42378066149968674.
[I 2024-06-19 01:48:53,003] Trial 93 finished with value: 0.42378066149968674 and parameters: {'p': 2, 'd': 0, 'q': 1}. Best is trial 23 with value: 0.42378066149968674.
