[I 2024-06-18 16:10:33,632] Trial 33 finished with value: 1000.0 and parameters: {'p': 5, 'd': 1, 'q': 0}. Best is trial 10 with value: 0.014217771309996326.
[I 2024-06-18 16:10:59,238] Trial 34 finished with value: 0.01561858160873514 and parameters: {'p': 4, 'd': 0, 'q': 1}. Best is trial 10 with value: 0.014217771309996326.
[I 2024-06-18 16:10:59,252] Trial 35 finished with value: 1000.0 and parameters: {'p': 5, 'd': 1, 'q': 0}. Best is trial 10 with value: 0.014217771309996326.
[I 2024-06-18 16:10:59,265] Trial 36 finished with value: 1000.0 and parameters: {'p': 4, 'd': 1, 'q': 1}. Best is trial 10 with value: 0.014217771309996326.
[I 2024-06-18 16:11:36,815] Trial 37 finished with value: 0.261735214602379 and parameters: {'p': 3, 'd': 0, 'q': 4}. Best is trial 10 with value: 0.014217771309996326.
[I 2024-06-18 16:11:36,832] Trial 38 finished with value: 1000.0 and parameters: {'p': 5, 'd': 1, 'q': 0}. Best is trial 10 with value: 0.014217771309996326.
[I 2024-06-18 16:12:09,593] Trial 39 finished with value: 0.0154661346482643 and parameters: {'p': 4, 'd': 0, 'q': 2}. Best is trial 10 with value: 0.014217771309996326.
[I 2024-06-18 16:12:09,606] Trial 40 finished with value: 1000.0 and parameters: {'p': 2, 'd': 5, 'q': 0}. Best is trial 10 with value: 0.014217771309996326.
[I 2024-06-18 16:12:29,121] Trial 41 finished with value: 0.014217771309996326 and parameters: {'p': 4, 'd': 0, 'q': 0}. Best is trial 10 with value: 0.014217771309996326.
[I 2024-06-18 16:12:52,918] Trial 42 finished with value: 0.015733240122439138 and parameters: {'p': 5, 'd': 0, 'q': 0}. Best is trial 10 with value: 0.014217771309996326.
[I 2024-06-18 16:13:18,405] Trial 43 finished with value: 0.01561858160873514 and parameters: {'p': 4, 'd': 0, 'q': 1}. Best is trial 10 with value: 0.014217771309996326.
[I 2024-06-18 16:13:18,418] Trial 44 finished with value: 1000.0 and parameters: {'p': 4, 'd': 1, 'q': 0}. Best is trial 10 with value: 0.014217771309996326.
[I 2024-06-18 16:13:33,496] Trial 45 finished with value: 0.01452461869722957 and parameters: {'p': 3, 'd': 0, 'q': 0}. Best is trial 10 with value: 0.014217771309996326.
[I 2024-06-18 16:13:59,020] Trial 46 finished with value: 0.01561858160873514 and parameters: {'p': 4, 'd': 0, 'q': 1}. Best is trial 10 with value: 0.014217771309996326.
[I 2024-06-18 16:13:59,034] Trial 47 finished with value: 1000.0 and parameters: {'p': 4, 'd': 1, 'q': 0}. Best is trial 10 with value: 0.014217771309996326.
[I 2024-06-18 16:14:30,683] Trial 48 finished with value: 0.015860250533177328 and parameters: {'p': 5, 'd': 0, 'q': 1}. Best is trial 10 with value: 0.014217771309996326.
[I 2024-06-18 16:14:30,697] Trial 49 finished with value: 1000.0 and parameters: {'p': 3, 'd': 2, 'q': 0}. Best is trial 10 with value: 0.014217771309996326.
[I 2024-06-18 16:15:12,586] Trial 50 finished with value: 0.01985087519468017 and parameters: {'p': 4, 'd': 0, 'q': 4}. Best is trial 10 with value: 0.014217771309996326.
[I 2024-06-18 16:15:32,456] Trial 51 finished with value: 0.014217771309996326 and parameters: {'p': 4, 'd': 0, 'q': 0}. Best is trial 10 with value: 0.014217771309996326.
[I 2024-06-18 16:15:52,313] Trial 52 finished with value: 0.014217771309996326 and parameters: {'p': 4, 'd': 0, 'q': 0}. Best is trial 10 with value: 0.014217771309996326.
[I 2024-06-18 16:15:52,327] Trial 53 finished with value: 1000.0 and parameters: {'p': 4, 'd': 1, 'q': 0}. Best is trial 10 with value: 0.014217771309996326.
[I 2024-06-18 16:16:12,261] Trial 54 finished with value: 0.014217771309996326 and parameters: {'p': 4, 'd': 0, 'q': 0}. Best is trial 10 with value: 0.014217771309996326.
[I 2024-06-18 16:16:33,734] Trial 55 finished with value: 0.015334271728382046 and parameters: {'p': 3, 'd': 0, 'q': 1}. Best is trial 10 with value: 0.014217771309996326.
[I 2024-06-18 16:16:33,748] Trial 56 finished with value: 1000.0 and parameters: {'p': 5, 'd': 1, 'q': 0}. Best is trial 10 with value: 0.014217771309996326.
[I 2024-06-18 16:16:55,160] Trial 57 finished with value: 10.884944048149515 and parameters: {'p': 4, 'd': 0, 'q': 5}. Best is trial 10 with value: 0.014217771309996326.
[I 2024-06-18 16:17:06,825] Trial 58 finished with value: 0.015913601881867172 and parameters: {'p': 1, 'd': 0, 'q': 1}. Best is trial 10 with value: 0.014217771309996326.
[I 2024-06-18 16:17:06,838] Trial 59 finished with value: 1000.0 and parameters: {'p': 3, 'd': 4, 'q': 0}. Best is trial 10 with value: 0.014217771309996326.
[I 2024-06-18 16:17:06,851] Trial 60 finished with value: 1000.0 and parameters: {'p': 4, 'd': 1, 'q': 3}. Best is trial 10 with value: 0.014217771309996326.
[I 2024-06-18 16:17:26,907] Trial 61 finished with value: 0.014217771309996326 and parameters: {'p': 4, 'd': 0, 'q': 0}. Best is trial 10 with value: 0.014217771309996326.
[I 2024-06-18 16:17:46,866] Trial 62 finished with value: 0.014217771309996326 and parameters: {'p': 4, 'd': 0, 'q': 0}. Best is trial 10 with value: 0.014217771309996326.
[I 2024-06-18 16:18:06,761] Trial 63 finished with value: 0.014217771309996326 and parameters: {'p': 4, 'd': 0, 'q': 0}. Best is trial 10 with value: 0.014217771309996326.
[I 2024-06-18 16:18:26,444] Trial 64 finished with value: 0.014217771309996326 and parameters: {'p': 4, 'd': 0, 'q': 0}. Best is trial 10 with value: 0.014217771309996326.
[I 2024-06-18 16:18:56,490] Trial 65 finished with value: 0.015860250533177328 and parameters: {'p': 5, 'd': 0, 'q': 1}. Best is trial 10 with value: 0.014217771309996326.
[I 2024-06-18 16:18:56,505] Trial 66 finished with value: 1000.0 and parameters: {'p': 4, 'd': 1, 'q': 0}. Best is trial 10 with value: 0.014217771309996326.
[I 2024-06-18 16:19:22,170] Trial 67 finished with value: 0.01561858160873514 and parameters: {'p': 4, 'd': 0, 'q': 1}. Best is trial 10 with value: 0.014217771309996326.
[I 2024-06-18 16:19:37,366] Trial 68 finished with value: 0.01452461869722957 and parameters: {'p': 3, 'd': 0, 'q': 0}. Best is trial 10 with value: 0.014217771309996326.
[I 2024-06-18 16:19:37,380] Trial 69 finished with value: 1000.0 and parameters: {'p': 5, 'd': 1, 'q': 0}. Best is trial 10 with value: 0.014217771309996326.
[I 2024-06-18 16:20:03,628] Trial 70 finished with value: 0.01561858160873514 and parameters: {'p': 4, 'd': 0, 'q': 1}. Best is trial 10 with value: 0.014217771309996326.
[I 2024-06-18 16:20:23,558] Trial 71 finished with value: 0.014217771309996326 and parameters: {'p': 4, 'd': 0, 'q': 0}. Best is trial 10 with value: 0.014217771309996326.
[I 2024-06-18 16:20:43,657] Trial 72 finished with value: 0.014217771309996326 and parameters: {'p': 4, 'd': 0, 'q': 0}. Best is trial 10 with value: 0.014217771309996326.
[I 2024-06-18 16:21:03,935] Trial 73 finished with value: 0.014217771309996326 and parameters: {'p': 4, 'd': 0, 'q': 0}. Best is trial 10 with value: 0.014217771309996326.
[I 2024-06-18 16:21:24,281] Trial 74 finished with value: 0.014217771309996326 and parameters: {'p': 4, 'd': 0, 'q': 0}. Best is trial 10 with value: 0.014217771309996326.
[I 2024-06-18 16:21:35,284] Trial 75 finished with value: 0.014474131185663557 and parameters: {'p': 2, 'd': 0, 'q': 0}. Best is trial 10 with value: 0.014217771309996326.
[I 2024-06-18 16:21:55,497] Trial 76 finished with value: 0.014217771309996326 and parameters: {'p': 4, 'd': 0, 'q': 0}. Best is trial 10 with value: 0.014217771309996326.
[I 2024-06-18 16:21:55,511] Trial 77 finished with value: 1000.0 and parameters: {'p': 4, 'd': 1, 'q': 0}. Best is trial 10 with value: 0.014217771309996326.
[I 2024-06-18 16:21:55,525] Trial 78 finished with value: 1000.0 and parameters: {'p': 3, 'd': 3, 'q': 1}. Best is trial 10 with value: 0.014217771309996326.
[I 2024-06-18 16:22:15,705] Trial 79 finished with value: 0.014217771309996326 and parameters: {'p': 4, 'd': 0, 'q': 0}. Best is trial 10 with value: 0.014217771309996326.
[I 2024-06-18 16:22:40,427] Trial 80 finished with value: 0.015733240122439138 and parameters: {'p': 5, 'd': 0, 'q': 0}. Best is trial 10 with value: 0.014217771309996326.
[I 2024-06-18 16:23:00,709] Trial 81 finished with value: 0.014217771309996326 and parameters: {'p': 4, 'd': 0, 'q': 0}. Best is trial 10 with value: 0.014217771309996326.
[I 2024-06-18 16:23:20,906] Trial 82 finished with value: 0.014217771309996326 and parameters: {'p': 4, 'd': 0, 'q': 0}. Best is trial 10 with value: 0.014217771309996326.
[I 2024-06-18 16:23:41,126] Trial 83 finished with value: 0.014217771309996326 and parameters: {'p': 4, 'd': 0, 'q': 0}. Best is trial 10 with value: 0.014217771309996326.
[I 2024-06-18 16:23:41,140] Trial 84 finished with value: 1000.0 and parameters: {'p': 4, 'd': 5, 'q': 0}. Best is trial 10 with value: 0.014217771309996326.
[I 2024-06-18 16:24:01,389] Trial 85 finished with value: 0.014217771309996326 and parameters: {'p': 4, 'd': 0, 'q': 0}. Best is trial 10 with value: 0.014217771309996326.
[I 2024-06-18 16:24:21,607] Trial 86 finished with value: 0.014217771309996326 and parameters: {'p': 4, 'd': 0, 'q': 0}. Best is trial 10 with value: 0.014217771309996326.
[I 2024-06-18 16:24:41,977] Trial 87 finished with value: 0.014217771309996326 and parameters: {'p': 4, 'd': 0, 'q': 0}. Best is trial 10 with value: 0.014217771309996326.
[I 2024-06-18 16:24:41,992] Trial 88 finished with value: 1000.0 and parameters: {'p': 4, 'd': 1, 'q': 1}. Best is trial 10 with value: 0.014217771309996326.
[I 2024-06-18 16:24:57,589] Trial 89 finished with value: 0.01452461869722957 and parameters: {'p': 3, 'd': 0, 'q': 0}. Best is trial 10 with value: 0.014217771309996326.
[I 2024-06-18 16:25:30,820] Trial 90 finished with value: 0.0154661346482643 and parameters: {'p': 4, 'd': 0, 'q': 2}. Best is trial 10 with value: 0.014217771309996326.
[I 2024-06-18 16:25:51,026] Trial 91 finished with value: 0.014217771309996326 and parameters: {'p': 4, 'd': 0, 'q': 0}. Best is trial 10 with value: 0.014217771309996326.
[I 2024-06-18 16:26:11,215] Trial 92 finished with value: 0.014217771309996326 and parameters: {'p': 4, 'd': 0, 'q': 0}. Best is trial 10 with value: 0.014217771309996326.
[I 2024-06-18 16:26:31,485] Trial 93 finished with value: 0.014217771309996326 and parameters: {'p': 4, 'd': 0, 'q': 0}. Best is trial 10 with value: 0.014217771309996326.
[I 2024-06-18 16:26:51,711] Trial 94 finished with value: 0.014217771309996326 and parameters: {'p': 4, 'd': 0, 'q': 0}. Best is trial 10 with value: 0.014217771309996326.
[I 2024-06-18 16:27:11,926] Trial 95 finished with value: 0.014217771309996326 and parameters: {'p': 4, 'd': 0, 'q': 0}. Best is trial 10 with value: 0.014217771309996326.
[I 2024-06-18 16:27:11,941] Trial 96 finished with value: 1000.0 and parameters: {'p': 4, 'd': 1, 'q': 0}. Best is trial 10 with value: 0.014217771309996326.
[I 2024-06-18 16:27:38,249] Trial 97 finished with value: 0.01561858160873514 and parameters: {'p': 4, 'd': 0, 'q': 1}. Best is trial 10 with value: 0.014217771309996326.
[I 2024-06-18 16:28:03,025] Trial 98 finished with value: 0.015733240122439138 and parameters: {'p': 5, 'd': 0, 'q': 0}. Best is trial 10 with value: 0.014217771309996326.
[I 2024-06-18 16:28:40,020] Trial 99 finished with value: 0.017569156501582688 and parameters: {'p': 4, 'd': 0, 'q': 3}. Best is trial 10 with value: 0.014217771309996326.
[I 2024-06-18 16:28:44,181] A new study created in memory with name: no-name-f698030d-23a7-4f9c-bc11-3eed72835ec1
[I 2024-06-18 16:28:44,183] Trial 0 finished with value: 1000.0 and parameters: {'p': 3, 'd': 2, 'q': 3}. Best is trial 0 with value: 1000.0.
ARIMA Reynolds y_8 0.014645591121666812 0.08431132557677559 1.3 24.2
(189, 28) (82, 28)
[I 2024-06-18 16:28:55,624] Trial 1 finished with value: 0.35503280434101253 and parameters: {'p': 2, 'd': 0, 'q': 0}. Best is trial 1 with value: 0.35503280434101253.
[I 2024-06-18 16:28:55,625] Trial 2 finished with value: 1000.0 and parameters: {'p': 4, 'd': 4, 'q': 3}. Best is trial 1 with value: 0.35503280434101253.
[I 2024-06-18 16:28:55,627] Trial 3 finished with value: 1000.0 and parameters: {'p': 4, 'd': 5, 'q': 0}. Best is trial 1 with value: 0.35503280434101253.
[I 2024-06-18 16:29:11,947] Trial 4 finished with value: 0.36265410150979044 and parameters: {'p': 3, 'd': 0, 'q': 0}. Best is trial 1 with value: 0.35503280434101253.
[I 2024-06-18 16:29:11,948] Trial 5 finished with value: 1000.0 and parameters: {'p': 1, 'd': 2, 'q': 2}. Best is trial 1 with value: 0.35503280434101253.
[I 2024-06-18 16:29:11,951] Trial 6 finished with value: 1000.0 and parameters: {'p': 2, 'd': 3, 'q': 3}. Best is trial 1 with value: 0.35503280434101253.
[I 2024-06-18 16:29:11,952] Trial 7 finished with value: 1000.0 and parameters: {'p': 1, 'd': 1, 'q': 4}. Best is trial 1 with value: 0.35503280434101253.
[I 2024-06-18 16:29:11,954] Trial 8 finished with value: 1000.0 and parameters: {'p': 1, 'd': 1, 'q': 3}. Best is trial 1 with value: 0.35503280434101253.
[I 2024-06-18 16:29:11,956] Trial 9 finished with value: 1000.0 and parameters: {'p': 4, 'd': 3, 'q': 1}. Best is trial 1 with value: 0.35503280434101253.
[I 2024-06-18 16:30:29,501] Trial 10 finished with value: 1.2614212226346806 and parameters: {'p': 5, 'd': 0, 'q': 5}. Best is trial 1 with value: 0.35503280434101253.
[I 2024-06-18 16:30:41,281] Trial 11 finished with value: 0.35503280434101253 and parameters: {'p': 2, 'd': 0, 'q': 0}. Best is trial 1 with value: 0.35503280434101253.
[I 2024-06-18 16:31:01,450] Trial 12 finished with value: 0.3735360510824121 and parameters: {'p': 2, 'd': 0, 'q': 1}. Best is trial 1 with value: 0.35503280434101253.
[I 2024-06-18 16:31:01,462] Trial 13 finished with value: 1000.0 and parameters: {'p': 2, 'd': 1, 'q': 1}. Best is trial 1 with value: 0.35503280434101253.
[I 2024-06-18 16:31:13,212] Trial 14 finished with value: 0.35503280434101253 and parameters: {'p': 2, 'd': 0, 'q': 0}. Best is trial 1 with value: 0.35503280434101253.
[I 2024-06-18 16:31:13,224] Trial 15 finished with value: 1000.0 and parameters: {'p': 3, 'd': 1, 'q': 1}. Best is trial 1 with value: 0.35503280434101253.
[I 2024-06-18 16:31:13,236] Trial 16 finished with value: 1000.0 and parameters: {'p': 2, 'd': 2, 'q': 2}. Best is trial 1 with value: 0.35503280434101253.
[I 2024-06-18 16:31:22,420] Trial 17 finished with value: 0.4089616708778019 and parameters: {'p': 1, 'd': 0, 'q': 0}. Best is trial 1 with value: 0.35503280434101253.
[I 2024-06-18 16:31:22,432] Trial 18 finished with value: 1000.0 and parameters: {'p': 3, 'd': 1, 'q': 2}. Best is trial 1 with value: 0.35503280434101253.
[I 2024-06-18 16:31:22,444] Trial 19 finished with value: 1000.0 and parameters: {'p': 2, 'd': 5, 'q': 0}. Best is trial 1 with value: 0.35503280434101253.
[I 2024-06-18 16:31:22,455] Trial 20 finished with value: 1000.0 and parameters: {'p': 3, 'd': 4, 'q': 1}. Best is trial 1 with value: 0.35503280434101253.
[I 2024-06-18 16:31:34,011] Trial 21 finished with value: 0.35503280434101253 and parameters: {'p': 2, 'd': 0, 'q': 0}. Best is trial 1 with value: 0.35503280434101253.
[I 2024-06-18 16:31:45,495] Trial 22 finished with value: 0.35503280434101253 and parameters: {'p': 2, 'd': 0, 'q': 0}. Best is trial 1 with value: 0.35503280434101253.
[I 2024-06-18 16:31:45,507] Trial 23 finished with value: 1000.0 and parameters: {'p': 1, 'd': 1, 'q': 1}. Best is trial 1 with value: 0.35503280434101253.
[I 2024-06-18 16:31:57,264] Trial 24 finished with value: 0.35503280434101253 and parameters: {'p': 2, 'd': 0, 'q': 0}. Best is trial 1 with value: 0.35503280434101253.
[I 2024-06-18 16:32:17,401] Trial 25 finished with value: 0.3735360510824121 and parameters: {'p': 2, 'd': 0, 'q': 1}. Best is trial 1 with value: 0.35503280434101253.
[I 2024-06-18 16:32:17,413] Trial 26 finished with value: 1000.0 and parameters: {'p': 1, 'd': 1, 'q': 0}. Best is trial 1 with value: 0.35503280434101253.
[I 2024-06-18 16:32:17,425] Trial 27 finished with value: 1000.0 and parameters: {'p': 3, 'd': 2, 'q': 5}. Best is trial 1 with value: 0.35503280434101253.
[I 2024-06-18 16:32:46,922] Trial 28 finished with value: 0.4114813267217474 and parameters: {'p': 2, 'd': 0, 'q': 2}. Best is trial 1 with value: 0.35503280434101253.
[I 2024-06-18 16:32:46,935] Trial 29 finished with value: 1000.0 and parameters: {'p': 3, 'd': 2, 'q': 4}. Best is trial 1 with value: 0.35503280434101253.
[I 2024-06-18 16:32:46,948] Trial 30 finished with value: 1000.0 and parameters: {'p': 5, 'd': 1, 'q': 0}. Best is trial 1 with value: 0.35503280434101253.
[I 2024-06-18 16:32:58,710] Trial 31 finished with value: 0.35503280434101253 and parameters: {'p': 2, 'd': 0, 'q': 0}. Best is trial 1 with value: 0.35503280434101253.
[I 2024-06-18 16:33:10,544] Trial 32 finished with value: 0.35503280434101253 and parameters: {'p': 2, 'd': 0, 'q': 0}. Best is trial 1 with value: 0.35503280434101253.
[I 2024-06-18 16:33:30,313] Trial 33 finished with value: 0.3735360510824121 and parameters: {'p': 2, 'd': 0, 'q': 1}. Best is trial 1 with value: 0.35503280434101253.
[I 2024-06-18 16:33:51,253] Trial 34 finished with value: 0.39443884215109104 and parameters: {'p': 4, 'd': 0, 'q': 0}. Best is trial 1 with value: 0.35503280434101253.
[I 2024-06-18 16:33:51,267] Trial 35 finished with value: 1000.0 and parameters: {'p': 1, 'd': 1, 'q': 0}. Best is trial 1 with value: 0.35503280434101253.
[I 2024-06-18 16:33:51,279] Trial 36 finished with value: 1000.0 and parameters: {'p': 3, 'd': 4, 'q': 1}. Best is trial 1 with value: 0.35503280434101253.
[I 2024-06-18 16:34:03,195] Trial 37 finished with value: 0.35503280434101253 and parameters: {'p': 2, 'd': 0, 'q': 0}. Best is trial 1 with value: 0.35503280434101253.
[I 2024-06-18 16:34:03,209] Trial 38 finished with value: 1000.0 and parameters: {'p': 1, 'd': 1, 'q': 2}. Best is trial 1 with value: 0.35503280434101253.
[I 2024-06-18 16:34:03,223] Trial 39 finished with value: 1000.0 and parameters: {'p': 3, 'd': 2, 'q': 0}. Best is trial 1 with value: 0.35503280434101253.
[I 2024-06-18 16:34:03,236] Trial 40 finished with value: 1000.0 and parameters: {'p': 1, 'd': 3, 'q': 4}. Best is trial 1 with value: 0.35503280434101253.
[I 2024-06-18 16:34:14,993] Trial 41 finished with value: 0.35503280434101253 and parameters: {'p': 2, 'd': 0, 'q': 0}. Best is trial 1 with value: 0.35503280434101253.
[I 2024-06-18 16:34:26,764] Trial 42 finished with value: 0.35503280434101253 and parameters: {'p': 2, 'd': 0, 'q': 0}. Best is trial 1 with value: 0.35503280434101253.
[I 2024-06-18 16:34:46,454] Trial 43 finished with value: 0.3735360510824121 and parameters: {'p': 2, 'd': 0, 'q': 1}. Best is trial 1 with value: 0.35503280434101253.
[I 2024-06-18 16:34:57,917] Trial 44 finished with value: 0.35503280434101253 and parameters: {'p': 2, 'd': 0, 'q': 0}. Best is trial 1 with value: 0.35503280434101253.
[I 2024-06-18 16:34:57,931] Trial 45 finished with value: 1000.0 and parameters: {'p': 2, 'd': 1, 'q': 1}. Best is trial 1 with value: 0.35503280434101253.
[I 2024-06-18 16:35:07,336] Trial 46 finished with value: 0.4089616708778019 and parameters: {'p': 1, 'd': 0, 'q': 0}. Best is trial 1 with value: 0.35503280434101253.
[I 2024-06-18 16:35:07,350] Trial 47 finished with value: 1000.0 and parameters: {'p': 4, 'd': 1, 'q': 0}. Best is trial 1 with value: 0.35503280434101253.
[I 2024-06-18 16:35:34,635] Trial 48 finished with value: 0.3716527779011348 and parameters: {'p': 3, 'd': 0, 'q': 1}. Best is trial 1 with value: 0.35503280434101253.
[I 2024-06-18 16:35:34,649] Trial 49 finished with value: 1000.0 and parameters: {'p': 2, 'd': 1, 'q': 0}. Best is trial 1 with value: 0.35503280434101253.
[I 2024-06-18 16:35:54,757] Trial 50 finished with value: 0.3735360510824121 and parameters: {'p': 2, 'd': 0, 'q': 1}. Best is trial 1 with value: 0.35503280434101253.
[I 2024-06-18 16:36:06,516] Trial 51 finished with value: 0.35503280434101253 and parameters: {'p': 2, 'd': 0, 'q': 0}. Best is trial 1 with value: 0.35503280434101253.
[I 2024-06-18 16:36:18,343] Trial 52 finished with value: 0.35503280434101253 and parameters: {'p': 2, 'd': 0, 'q': 0}. Best is trial 1 with value: 0.35503280434101253.
[I 2024-06-18 16:36:30,107] Trial 53 finished with value: 0.35503280434101253 and parameters: {'p': 2, 'd': 0, 'q': 0}. Best is trial 1 with value: 0.35503280434101253.
[I 2024-06-18 16:36:30,121] Trial 54 finished with value: 1000.0 and parameters: {'p': 3, 'd': 1, 'q': 0}. Best is trial 1 with value: 0.35503280434101253.
[I 2024-06-18 16:36:30,134] Trial 55 finished with value: 1000.0 and parameters: {'p': 1, 'd': 3, 'q': 1}. Best is trial 1 with value: 0.35503280434101253.
[I 2024-06-18 16:37:09,992] Trial 56 finished with value: 0.40600969135886045 and parameters: {'p': 2, 'd': 0, 'q': 3}. Best is trial 1 with value: 0.35503280434101253.
[I 2024-06-18 16:37:10,006] Trial 57 finished with value: 1000.0 and parameters: {'p': 2, 'd': 5, 'q': 0}. Best is trial 1 with value: 0.35503280434101253.
[I 2024-06-18 16:37:10,019] Trial 58 finished with value: 1000.0 and parameters: {'p': 3, 'd': 1, 'q': 0}. Best is trial 1 with value: 0.35503280434101253.
[I 2024-06-18 16:37:29,631] Trial 59 finished with value: 0.3735360510824121 and parameters: {'p': 2, 'd': 0, 'q': 1}. Best is trial 1 with value: 0.35503280434101253.
[I 2024-06-18 16:37:39,051] Trial 60 finished with value: 0.4089616708778019 and parameters: {'p': 1, 'd': 0, 'q': 0}. Best is trial 1 with value: 0.35503280434101253.
[I 2024-06-18 16:37:50,893] Trial 61 finished with value: 0.35503280434101253 and parameters: {'p': 2, 'd': 0, 'q': 0}. Best is trial 1 with value: 0.35503280434101253.
[I 2024-06-18 16:38:02,652] Trial 62 finished with value: 0.35503280434101253 and parameters: {'p': 2, 'd': 0, 'q': 0}. Best is trial 1 with value: 0.35503280434101253.
[I 2024-06-18 16:38:14,432] Trial 63 finished with value: 0.35503280434101253 and parameters: {'p': 2, 'd': 0, 'q': 0}. Best is trial 1 with value: 0.35503280434101253.
[I 2024-06-18 16:38:26,371] Trial 64 finished with value: 0.35503280434101253 and parameters: {'p': 2, 'd': 0, 'q': 0}. Best is trial 1 with value: 0.35503280434101253.
