2024-06-14 11:21:53.291544: I external/local_tsl/tsl/cuda/cudart_stub.cc:32] Could not find cuda drivers on your machine, GPU will not be used.
2024-06-14 11:21:53.293736: I external/local_tsl/tsl/cuda/cudart_stub.cc:32] Could not find cuda drivers on your machine, GPU will not be used.
2024-06-14 11:21:53.321826: I tensorflow/core/platform/cpu_feature_guard.cc:210] This TensorFlow binary is optimized to use available CPU instructions in performance-critical operations.
To enable the following instructions: AVX2 FMA, in other operations, rebuild TensorFlow with the appropriate compiler flags.
2024-06-14 11:21:54.068169: W tensorflow/compiler/tf2tensorrt/utils/py_utils.cc:38] TF-TRT Warning: Could not find TensorRT
[I 2024-06-14 11:21:54,717] A new study created in memory with name: no-name-586aa393-5117-4a85-9349-1e197b9b98eb
24/24 ━━━━━━━━━━━━━━━━━━━━ 0s 11ms/step
24/24 ━━━━━━━━━━━━━━━━━━━━ 0s 11ms/step
24/24 ━━━━━━━━━━━━━━━━━━━━ 0s 11ms/step
[I 2024-06-14 11:46:09,881] Trial 0 finished with value: 1.8657732355666088 and parameters: {'lr': 0.00714620501330995, 'hs': 2, 'en': 432, 'dropout': 0.07461908404047646}. Best is trial 0 with value: 1.8657732355666088.
24/24 ━━━━━━━━━━━━━━━━━━━━ 0s 11ms/step
24/24 ━━━━━━━━━━━━━━━━━━━━ 0s 11ms/step
24/24 ━━━━━━━━━━━━━━━━━━━━ 0s 11ms/step
[I 2024-06-14 12:03:17,961] Trial 1 finished with value: 3.7184533518921916 and parameters: {'lr': 0.09025212526244031, 'hs': 8, 'en': 295, 'dropout': 0.17960881639797127}. Best is trial 0 with value: 1.8657732355666088.
24/24 ━━━━━━━━━━━━━━━━━━━━ 0s 11ms/step
24/24 ━━━━━━━━━━━━━━━━━━━━ 0s 11ms/step
24/24 ━━━━━━━━━━━━━━━━━━━━ 0s 11ms/step
[I 2024-06-14 12:15:44,988] Trial 2 finished with value: 2.015734033368856 and parameters: {'lr': 0.034648995941477204, 'hs': 5, 'en': 222, 'dropout': 0.09984834610241468}. Best is trial 0 with value: 1.8657732355666088.
24/24 ━━━━━━━━━━━━━━━━━━━━ 0s 11ms/step
24/24 ━━━━━━━━━━━━━━━━━━━━ 0s 11ms/step
24/24 ━━━━━━━━━━━━━━━━━━━━ 0s 11ms/step
[I 2024-06-14 12:36:41,869] Trial 3 finished with value: 2.451190953774689 and parameters: {'lr': 0.08137550131406807, 'hs': 7, 'en': 368, 'dropout': 0.14686701437597272}. Best is trial 0 with value: 1.8657732355666088.
24/24 ━━━━━━━━━━━━━━━━━━━━ 1s 12ms/step
24/24 ━━━━━━━━━━━━━━━━━━━━ 0s 11ms/step
24/24 ━━━━━━━━━━━━━━━━━━━━ 0s 11ms/step
[I 2024-06-14 12:55:38,671] Trial 4 finished with value: 3.7066107866183287 and parameters: {'lr': 0.073613632084633, 'hs': 4, 'en': 333, 'dropout': 0.156786802195572}. Best is trial 0 with value: 1.8657732355666088.
24/24 ━━━━━━━━━━━━━━━━━━━━ 0s 11ms/step
24/24 ━━━━━━━━━━━━━━━━━━━━ 0s 11ms/step
24/24 ━━━━━━━━━━━━━━━━━━━━ 0s 11ms/step
[I 2024-06-14 13:09:46,499] Trial 5 finished with value: 2.3028123864601198 and parameters: {'lr': 0.013580974031405482, 'hs': 2, 'en': 247, 'dropout': 0.1396118375240586}. Best is trial 0 with value: 1.8657732355666088.
24/24 ━━━━━━━━━━━━━━━━━━━━ 0s 11ms/step
24/24 ━━━━━━━━━━━━━━━━━━━━ 0s 11ms/step
24/24 ━━━━━━━━━━━━━━━━━━━━ 0s 11ms/step
[I 2024-06-14 13:30:09,782] Trial 6 finished with value: 3.322771580226618 and parameters: {'lr': 0.03607090246062046, 'hs': 2, 'en': 357, 'dropout': 0.15460201109820443}. Best is trial 0 with value: 1.8657732355666088.
24/24 ━━━━━━━━━━━━━━━━━━━━ 0s 11ms/step
24/24 ━━━━━━━━━━━━━━━━━━━━ 0s 11ms/step
24/24 ━━━━━━━━━━━━━━━━━━━━ 0s 11ms/step
[I 2024-06-14 13:49:05,586] Trial 7 finished with value: 2.571499848496726 and parameters: {'lr': 0.028516205640296194, 'hs': 8, 'en': 326, 'dropout': 0.13026892878961452}. Best is trial 0 with value: 1.8657732355666088.
24/24 ━━━━━━━━━━━━━━━━━━━━ 0s 11ms/step
24/24 ━━━━━━━━━━━━━━━━━━━━ 1s 12ms/step
24/24 ━━━━━━━━━━━━━━━━━━━━ 1s 12ms/step
[I 2024-06-14 14:11:13,760] Trial 8 finished with value: 1.8718723403854591 and parameters: {'lr': 0.02519389800067788, 'hs': 6, 'en': 320, 'dropout': 0.0929561082110435}. Best is trial 0 with value: 1.8657732355666088.
24/24 ━━━━━━━━━━━━━━━━━━━━ 1s 12ms/step
24/24 ━━━━━━━━━━━━━━━━━━━━ 1s 11ms/step
24/24 ━━━━━━━━━━━━━━━━━━━━ 1s 12ms/step
[I 2024-06-14 14:31:43,734] Trial 9 finished with value: 3.330314048265729 and parameters: {'lr': 0.08244837972153021, 'hs': 3, 'en': 256, 'dropout': 0.18572071249043898}. Best is trial 0 with value: 1.8657732355666088.
24/24 ━━━━━━━━━━━━━━━━━━━━ 1s 12ms/step
24/24 ━━━━━━━━━━━━━━━━━━━━ 1s 12ms/step
24/24 ━━━━━━━━━━━━━━━━━━━━ 0s 11ms/step
[I 2024-06-14 15:06:15,544] Trial 10 finished with value: 0.8547443778924791 and parameters: {'lr': 0.0017085255130611238, 'hs': 4, 'en': 487, 'dropout': 0.05406175633048757}. Best is trial 10 with value: 0.8547443778924791.
24/24 ━━━━━━━━━━━━━━━━━━━━ 0s 11ms/step
24/24 ━━━━━━━━━━━━━━━━━━━━ 0s 11ms/step
24/24 ━━━━━━━━━━━━━━━━━━━━ 1s 11ms/step
[I 2024-06-14 15:37:39,229] Trial 11 finished with value: 0.8893546146307373 and parameters: {'lr': 0.0035863523536950395, 'hs': 4, 'en': 487, 'dropout': 0.05314316855429418}. Best is trial 10 with value: 0.8547443778924791.
24/24 ━━━━━━━━━━━━━━━━━━━━ 0s 11ms/step
24/24 ━━━━━━━━━━━━━━━━━━━━ 0s 11ms/step
24/24 ━━━━━━━━━━━━━━━━━━━━ 0s 11ms/step
[I 2024-06-14 16:08:56,839] Trial 12 finished with value: 0.9085720819207882 and parameters: {'lr': 0.0026078889902986227, 'hs': 4, 'en': 496, 'dropout': 0.05723558327706769}. Best is trial 10 with value: 0.8547443778924791.
24/24 ━━━━━━━━━━━━━━━━━━━━ 0s 11ms/step
24/24 ━━━━━━━━━━━━━━━━━━━━ 0s 11ms/step
24/24 ━━━━━━━━━━━━━━━━━━━━ 0s 11ms/step
[I 2024-06-14 16:14:28,361] Trial 13 finished with value: 2.10122986661113 and parameters: {'lr': 0.055832564735142635, 'hs': 4, 'en': 90, 'dropout': 0.05104379120917772}. Best is trial 10 with value: 0.8547443778924791.
24/24 ━━━━━━━━━━━━━━━━━━━━ 0s 11ms/step
24/24 ━━━━━━━━━━━━━━━━━━━━ 0s 11ms/step
24/24 ━━━━━━━━━━━━━━━━━━━━ 0s 11ms/step
[I 2024-06-14 16:47:10,161] Trial 14 finished with value: 1.92823597754776 and parameters: {'lr': 0.052053298750438404, 'hs': 5, 'en': 492, 'dropout': 0.10895648800153496}. Best is trial 10 with value: 0.8547443778924791.
24/24 ━━━━━━━━━━━━━━━━━━━━ 1s 11ms/step
24/24 ━━━━━━━━━━━━━━━━━━━━ 0s 11ms/step
24/24 ━━━━━━━━━━━━━━━━━━━━ 0s 11ms/step
[I 2024-06-14 17:14:17,708] Trial 15 finished with value: 1.4210837467866095 and parameters: {'lr': 0.016457993446586723, 'hs': 6, 'en': 421, 'dropout': 0.07675292842263753}. Best is trial 10 with value: 0.8547443778924791.
24/24 ━━━━━━━━━━━━━━━━━━━━ 0s 11ms/step
24/24 ━━━━━━━━━━━━━━━━━━━━ 0s 11ms/step
24/24 ━━━━━━━━━━━━━━━━━━━━ 0s 11ms/step
[I 2024-06-14 17:23:08,524] Trial 16 finished with value: 5.584553030405672 and parameters: {'lr': 0.00021966241889793568, 'hs': 3, 'en': 141, 'dropout': 0.07232745808281955}. Best is trial 10 with value: 0.8547443778924791.
24/24 ━━━━━━━━━━━━━━━━━━━━ 0s 11ms/step
24/24 ━━━━━━━━━━━━━━━━━━━━ 0s 11ms/step
24/24 ━━━━━━━━━━━━━━━━━━━━ 0s 11ms/step
[I 2024-06-14 17:49:09,128] Trial 17 finished with value: 2.9164044747281657 and parameters: {'lr': 0.019042414187589278, 'hs': 3, 'en': 422, 'dropout': 0.11470894876161773}. Best is trial 10 with value: 0.8547443778924791.
24/24 ━━━━━━━━━━━━━━━━━━━━ 1s 11ms/step
24/24 ━━━━━━━━━━━━━━━━━━━━ 0s 11ms/step
24/24 ━━━━━━━━━━━━━━━━━━━━ 0s 11ms/step
[I 2024-06-14 17:51:19,341] Trial 18 finished with value: 1.9057804598216084 and parameters: {'lr': 0.04291923769028339, 'hs': 5, 'en': 35, 'dropout': 0.08478049201634114}. Best is trial 10 with value: 0.8547443778924791.
24/24 ━━━━━━━━━━━━━━━━━━━━ 0s 11ms/step
24/24 ━━━━━━━━━━━━━━━━━━━━ 0s 11ms/step
24/24 ━━━━━━━━━━━━━━━━━━━━ 0s 11ms/step
[I 2024-06-14 18:16:49,845] Trial 19 finished with value: 1.0768502086770055 and parameters: {'lr': 0.012062501693381366, 'hs': 6, 'en': 454, 'dropout': 0.05694854397610335}. Best is trial 10 with value: 0.8547443778924791.
31/31 ━━━━━━━━━━━━━━━━━━━━ 0s 8ms/step
[I 2024-06-14 18:31:39,471] A new study created in memory with name: no-name-74f17e41-1491-492e-955f-8b8935c5a009
GRU UK y_1 1.0386454250234276 0.8535403790582788 0.1 25.8
8/8 ━━━━━━━━━━━━━━━━━━━━ 0s 32ms/step
WARNING:tensorflow:5 out of the last 40 calls to <function TensorFlowTrainer.make_predict_function.<locals>.one_step_on_data_distributed at 0x7f422ecde440> triggered tf.function retracing. Tracing is expensive and the excessive number of tracings could be due to (1) creating @tf.function repeatedly in a loop, (2) passing tensors with different shapes, (3) passing Python objects instead of tensors. For (1), please define your @tf.function outside of the loop. For (2), @tf.function has reduce_retracing=True option that can avoid unnecessary retracing. For (3), please refer to https://www.tensorflow.org/guide/function#controlling_retracing and https://www.tensorflow.org/api_docs/python/tf/function for  more details.
8/8 ━━━━━━━━━━━━━━━━━━━━ 0s 32ms/step
WARNING:tensorflow:5 out of the last 17 calls to <function TensorFlowTrainer.make_predict_function.<locals>.one_step_on_data_distributed at 0x7f422e954790> triggered tf.function retracing. Tracing is expensive and the excessive number of tracings could be due to (1) creating @tf.function repeatedly in a loop, (2) passing tensors with different shapes, (3) passing Python objects instead of tensors. For (1), please define your @tf.function outside of the loop. For (2), @tf.function has reduce_retracing=True option that can avoid unnecessary retracing. For (3), please refer to https://www.tensorflow.org/guide/function#controlling_retracing and https://www.tensorflow.org/api_docs/python/tf/function for  more details.
8/8 ━━━━━━━━━━━━━━━━━━━━ 0s 32ms/step
[I 2024-06-14 18:39:05,927] Trial 0 finished with value: 1.6379724432950322 and parameters: {'lr': 0.008429508256133167, 'hs': 6, 'en': 367, 'dropout': 0.16121075598243834}. Best is trial 0 with value: 1.6379724432950322.
8/8 ━━━━━━━━━━━━━━━━━━━━ 0s 32ms/step
8/8 ━━━━━━━━━━━━━━━━━━━━ 0s 32ms/step
8/8 ━━━━━━━━━━━━━━━━━━━━ 0s 32ms/step
[I 2024-06-14 18:40:16,128] Trial 1 finished with value: 1.4448296766680035 and parameters: {'lr': 0.007786588504389089, 'hs': 4, 'en': 54, 'dropout': 0.07253150362632216}. Best is trial 1 with value: 1.4448296766680035.
8/8 ━━━━━━━━━━━━━━━━━━━━ 0s 32ms/step
8/8 ━━━━━━━━━━━━━━━━━━━━ 0s 33ms/step
8/8 ━━━━━━━━━━━━━━━━━━━━ 0s 32ms/step
[I 2024-06-14 18:48:06,979] Trial 2 finished with value: 1.2799345535544229 and parameters: {'lr': 0.05249004986884785, 'hs': 4, 'en': 384, 'dropout': 0.06679126700868897}. Best is trial 2 with value: 1.2799345535544229.
8/8 ━━━━━━━━━━━━━━━━━━━━ 0s 32ms/step
8/8 ━━━━━━━━━━━━━━━━━━━━ 0s 32ms/step
8/8 ━━━━━━━━━━━━━━━━━━━━ 0s 32ms/step
[I 2024-06-14 18:48:51,644] Trial 3 finished with value: 2.364135932130483 and parameters: {'lr': 0.01588533990615263, 'hs': 8, 'en': 32, 'dropout': 0.13016633058876542}. Best is trial 2 with value: 1.2799345535544229.
8/8 ━━━━━━━━━━━━━━━━━━━━ 0s 32ms/step
8/8 ━━━━━━━━━━━━━━━━━━━━ 0s 32ms/step
8/8 ━━━━━━━━━━━━━━━━━━━━ 0s 32ms/step
[I 2024-06-14 18:49:29,803] Trial 4 finished with value: 3.4785251961767263 and parameters: {'lr': 0.09004692188591958, 'hs': 5, 'en': 26, 'dropout': 0.08867800381199609}. Best is trial 2 with value: 1.2799345535544229.
8/8 ━━━━━━━━━━━━━━━━━━━━ 0s 32ms/step
8/8 ━━━━━━━━━━━━━━━━━━━━ 0s 32ms/step
8/8 ━━━━━━━━━━━━━━━━━━━━ 0s 32ms/step
[I 2024-06-14 18:51:17,149] Trial 5 finished with value: 1.574731897741523 and parameters: {'lr': 0.060720886771763634, 'hs': 3, 'en': 85, 'dropout': 0.1355185140632375}. Best is trial 2 with value: 1.2799345535544229.
8/8 ━━━━━━━━━━━━━━━━━━━━ 0s 32ms/step
8/8 ━━━━━━━━━━━━━━━━━━━━ 0s 32ms/step
8/8 ━━━━━━━━━━━━━━━━━━━━ 0s 33ms/step
[I 2024-06-14 18:54:16,858] Trial 6 finished with value: 1.8806917174948092 and parameters: {'lr': 0.02221145402585767, 'hs': 6, 'en': 142, 'dropout': 0.15840064976003124}. Best is trial 2 with value: 1.2799345535544229.
8/8 ━━━━━━━━━━━━━━━━━━━━ 0s 33ms/step
8/8 ━━━━━━━━━━━━━━━━━━━━ 0s 32ms/step
8/8 ━━━━━━━━━━━━━━━━━━━━ 0s 32ms/step
[I 2024-06-14 18:56:31,808] Trial 7 finished with value: 1.955612829719582 and parameters: {'lr': 0.07561779936796176, 'hs': 7, 'en': 105, 'dropout': 0.1346802217232737}. Best is trial 2 with value: 1.2799345535544229.
8/8 ━━━━━━━━━━━━━━━━━━━━ 0s 32ms/step
8/8 ━━━━━━━━━━━━━━━━━━━━ 0s 32ms/step
8/8 ━━━━━━━━━━━━━━━━━━━━ 0s 32ms/step
[I 2024-06-14 18:58:42,196] Trial 8 finished with value: 1.7943252519926627 and parameters: {'lr': 0.062241757490445845, 'hs': 3, 'en': 103, 'dropout': 0.1662155017443785}. Best is trial 2 with value: 1.2799345535544229.
8/8 ━━━━━━━━━━━━━━━━━━━━ 0s 32ms/step
8/8 ━━━━━━━━━━━━━━━━━━━━ 0s 32ms/step
8/8 ━━━━━━━━━━━━━━━━━━━━ 0s 32ms/step
[I 2024-06-14 19:05:18,268] Trial 9 finished with value: 1.2951456056558566 and parameters: {'lr': 0.04950731698991976, 'hs': 8, 'en': 321, 'dropout': 0.06134736112717483}. Best is trial 2 with value: 1.2799345535544229.
8/8 ━━━━━━━━━━━━━━━━━━━━ 0s 32ms/step
8/8 ━━━━━━━━━━━━━━━━━━━━ 0s 32ms/step
8/8 ━━━━━━━━━━━━━━━━━━━━ 0s 31ms/step
[I 2024-06-14 19:15:06,670] Trial 10 finished with value: 2.198454582825147 and parameters: {'lr': 0.03493366647177981, 'hs': 2, 'en': 484, 'dropout': 0.1975799818050619}. Best is trial 2 with value: 1.2799345535544229.
8/8 ━━━━━━━━━━━━━━━━━━━━ 0s 32ms/step
8/8 ━━━━━━━━━━━━━━━━━━━━ 0s 32ms/step
8/8 ━━━━━━━━━━━━━━━━━━━━ 0s 32ms/step
[I 2024-06-14 19:21:19,970] Trial 11 finished with value: 1.1933353237129778 and parameters: {'lr': 0.041997198942390734, 'hs': 8, 'en': 304, 'dropout': 0.05095949253698408}. Best is trial 11 with value: 1.1933353237129778.
8/8 ━━━━━━━━━━━━━━━━━━━━ 0s 32ms/step
8/8 ━━━━━━━━━━━━━━━━━━━━ 0s 32ms/step
8/8 ━━━━━━━━━━━━━━━━━━━━ 0s 32ms/step
[I 2024-06-14 19:26:31,407] Trial 12 finished with value: 1.421177942357417 and parameters: {'lr': 0.03850815989453748, 'hs': 5, 'en': 248, 'dropout': 0.09571385653262374}. Best is trial 11 with value: 1.1933353237129778.
8/8 ━━━━━━━━━━━━━━━━━━━━ 0s 32ms/step
8/8 ━━━━━━━━━━━━━━━━━━━━ 0s 32ms/step
8/8 ━━━━━━━━━━━━━━━━━━━━ 0s 32ms/step
[I 2024-06-14 19:35:16,369] Trial 13 finished with value: 1.1409140538042843 and parameters: {'lr': 0.03910684478697748, 'hs': 4, 'en': 428, 'dropout': 0.05105533011582014}. Best is trial 13 with value: 1.1409140538042843.
8/8 ━━━━━━━━━━━━━━━━━━━━ 0s 32ms/step
8/8 ━━━━━━━━━━━━━━━━━━━━ 0s 32ms/step
8/8 ━━━━━━━━━━━━━━━━━━━━ 0s 31ms/step
[I 2024-06-14 19:45:16,225] Trial 14 finished with value: 1.3823855270296288 and parameters: {'lr': 0.03156004102495451, 'hs': 6, 'en': 493, 'dropout': 0.051523997228154345}. Best is trial 13 with value: 1.1409140538042843.
8/8 ━━━━━━━━━━━━━━━━━━━━ 0s 32ms/step
8/8 ━━━━━━━━━━━━━━━━━━━━ 0s 32ms/step
8/8 ━━━━━━━━━━━━━━━━━━━━ 0s 32ms/step
[I 2024-06-14 19:50:07,258] Trial 15 finished with value: 1.6647139060279665 and parameters: {'lr': 0.04679078084077228, 'hs': 7, 'en': 235, 'dropout': 0.09788550945209828}. Best is trial 13 with value: 1.1409140538042843.
8/8 ━━━━━━━━━━━━━━━━━━━━ 0s 32ms/step
8/8 ━━━━━━━━━━━━━━━━━━━━ 0s 32ms/step
8/8 ━━━━━━━━━━━━━━━━━━━━ 0s 33ms/step
[I 2024-06-14 19:58:44,294] Trial 16 finished with value: 1.601992055990556 and parameters: {'lr': 0.025492476999049433, 'hs': 4, 'en': 428, 'dropout': 0.08062096327415884}. Best is trial 13 with value: 1.1409140538042843.
8/8 ━━━━━━━━━━━━━━━━━━━━ 0s 32ms/step
8/8 ━━━━━━━━━━━━━━━━━━━━ 0s 32ms/step
8/8 ━━━━━━━━━━━━━━━━━━━━ 0s 32ms/step
[I 2024-06-14 20:05:49,934] Trial 17 finished with value: 2.255276056198566 and parameters: {'lr': 0.07305820334293933, 'hs': 2, 'en': 353, 'dropout': 0.11081980586863241}. Best is trial 13 with value: 1.1409140538042843.
8/8 ━━━━━━━━━━━━━━━━━━━━ 0s 32ms/step
8/8 ━━━━━━━━━━━━━━━━━━━━ 0s 32ms/step
8/8 ━━━━━━━━━━━━━━━━━━━━ 2s 33ms/step
[I 2024-06-14 20:09:35,340] Trial 18 finished with value: 1.3526380876595105 and parameters: {'lr': 0.04092408765812827, 'hs': 5, 'en': 180, 'dropout': 0.05136601607465197}. Best is trial 13 with value: 1.1409140538042843.
8/8 ━━━━━━━━━━━━━━━━━━━━ 0s 32ms/step
8/8 ━━━━━━━━━━━━━━━━━━━━ 0s 33ms/step
8/8 ━━━━━━━━━━━━━━━━━━━━ 0s 32ms/step
[I 2024-06-14 20:15:59,396] Trial 19 finished with value: 1.5478776090899278 and parameters: {'lr': 0.09553718631791036, 'hs': 7, 'en': 303, 'dropout': 0.07693048935954608}. Best is trial 13 with value: 1.1409140538042843.
10/10 ━━━━━━━━━━━━━━━━━━━━ 0s 28ms/step
[I 2024-06-14 20:20:19,659] A new study created in memory with name: no-name-0a6f5ede-e0cb-41fe-8c66-9344e124b55b
GRU UK y_4 2.034987308696374 0.8460892783909871 -4.2 26.8
8/8 ━━━━━━━━━━━━━━━━━━━━ 0s 33ms/step
8/8 ━━━━━━━━━━━━━━━━━━━━ 0s 32ms/step
8/8 ━━━━━━━━━━━━━━━━━━━━ 0s 32ms/step
[I 2024-06-14 20:23:09,428] Trial 0 finished with value: 0.9300967793904914 and parameters: {'lr': 0.045307357710752755, 'hs': 6, 'en': 134, 'dropout': 0.14915295967117453}. Best is trial 0 with value: 0.9300967793904914.
8/8 ━━━━━━━━━━━━━━━━━━━━ 0s 32ms/step
8/8 ━━━━━━━━━━━━━━━━━━━━ 0s 32ms/step
8/8 ━━━━━━━━━━━━━━━━━━━━ 0s 32ms/step
[I 2024-06-14 20:32:10,796] Trial 1 finished with value: 1.042937447011786 and parameters: {'lr': 0.018291820446391743, 'hs': 8, 'en': 442, 'dropout': 0.18652186280939448}. Best is trial 0 with value: 0.9300967793904914.
8/8 ━━━━━━━━━━━━━━━━━━━━ 0s 32ms/step
8/8 ━━━━━━━━━━━━━━━━━━━━ 0s 32ms/step
8/8 ━━━━━━━━━━━━━━━━━━━━ 0s 32ms/step
[I 2024-06-14 20:32:33,532] Trial 2 finished with value: 2.312594734289973 and parameters: {'lr': 0.07090253102495367, 'hs': 3, 'en': 14, 'dropout': 0.11520779057430908}. Best is trial 0 with value: 0.9300967793904914.
8/8 ━━━━━━━━━━━━━━━━━━━━ 0s 32ms/step
8/8 ━━━━━━━━━━━━━━━━━━━━ 0s 32ms/step
8/8 ━━━━━━━━━━━━━━━━━━━━ 0s 32ms/step
[I 2024-06-14 20:37:55,581] Trial 3 finished with value: 0.9125034335759491 and parameters: {'lr': 0.019435747364234944, 'hs': 5, 'en': 262, 'dropout': 0.11552366520024109}. Best is trial 3 with value: 0.9125034335759491.
8/8 ━━━━━━━━━━━━━━━━━━━━ 0s 32ms/step
8/8 ━━━━━━━━━━━━━━━━━━━━ 0s 32ms/step
8/8 ━━━━━━━━━━━━━━━━━━━━ 0s 32ms/step
[I 2024-06-14 20:47:50,724] Trial 4 finished with value: 1.1941156414266372 and parameters: {'lr': 0.051952394334757866, 'hs': 5, 'en': 489, 'dropout': 0.1578269843560775}. Best is trial 3 with value: 0.9125034335759491.
8/8 ━━━━━━━━━━━━━━━━━━━━ 0s 32ms/step
8/8 ━━━━━━━━━━━━━━━━━━━━ 0s 32ms/step
8/8 ━━━━━━━━━━━━━━━━━━━━ 0s 32ms/step
[I 2024-06-14 20:51:33,807] Trial 5 finished with value: 0.6699083873994978 and parameters: {'lr': 0.02538959284222554, 'hs': 7, 'en': 179, 'dropout': 0.07663513682545356}. Best is trial 5 with value: 0.6699083873994978.
8/8 ━━━━━━━━━━━━━━━━━━━━ 0s 32ms/step
8/8 ━━━━━━━━━━━━━━━━━━━━ 0s 33ms/step
8/8 ━━━━━━━━━━━━━━━━━━━━ 0s 33ms/step
[I 2024-06-14 20:55:12,498] Trial 6 finished with value: 1.117929038109084 and parameters: {'lr': 0.044597958247059075, 'hs': 4, 'en': 174, 'dropout': 0.1630463212401398}. Best is trial 5 with value: 0.6699083873994978.
8/8 ━━━━━━━━━━━━━━━━━━━━ 0s 33ms/step
8/8 ━━━━━━━━━━━━━━━━━━━━ 0s 33ms/step
8/8 ━━━━━━━━━━━━━━━━━━━━ 0s 32ms/step
[I 2024-06-14 20:59:05,947] Trial 7 finished with value: 0.9837640664460586 and parameters: {'lr': 0.007628436405039528, 'hs': 8, 'en': 186, 'dropout': 0.16032325440814088}. Best is trial 5 with value: 0.6699083873994978.
8/8 ━━━━━━━━━━━━━━━━━━━━ 0s 32ms/step
8/8 ━━━━━━━━━━━━━━━━━━━━ 0s 32ms/step
8/8 ━━━━━━━━━━━━━━━━━━━━ 0s 32ms/step
[I 2024-06-14 21:05:17,047] Trial 8 finished with value: 2.085390264805145 and parameters: {'lr': 0.0816300332301759, 'hs': 3, 'en': 301, 'dropout': 0.14996673317051676}. Best is trial 5 with value: 0.6699083873994978.
8/8 ━━━━━━━━━━━━━━━━━━━━ 0s 32ms/step
8/8 ━━━━━━━━━━━━━━━━━━━━ 0s 32ms/step
8/8 ━━━━━━━━━━━━━━━━━━━━ 0s 32ms/step
[I 2024-06-14 21:07:24,802] Trial 9 finished with value: 0.6489102999356651 and parameters: {'lr': 0.028851862348229007, 'hs': 3, 'en': 101, 'dropout': 0.05759610740864082}. Best is trial 9 with value: 0.6489102999356651.
8/8 ━━━━━━━━━━━━━━━━━━━━ 0s 32ms/step
8/8 ━━━━━━━━━━━━━━━━━━━━ 0s 32ms/step
8/8 ━━━━━━━━━━━━━━━━━━━━ 0s 32ms/step
[I 2024-06-14 21:07:50,910] Trial 10 finished with value: 18.32902221542987 and parameters: {'lr': 0.0016235130446842078, 'hs': 2, 'en': 17, 'dropout': 0.05596419094765101}. Best is trial 9 with value: 0.6489102999356651.
8/8 ━━━━━━━━━━━━━━━━━━━━ 0s 32ms/step
8/8 ━━━━━━━━━━━━━━━━━━━━ 0s 32ms/step
8/8 ━━━━━━━━━━━━━━━━━━━━ 0s 32ms/step
[I 2024-06-14 21:09:49,327] Trial 11 finished with value: 0.6470147092855537 and parameters: {'lr': 0.030019717737902882, 'hs': 7, 'en': 93, 'dropout': 0.06347860803547693}. Best is trial 11 with value: 0.6470147092855537.
8/8 ━━━━━━━━━━━━━━━━━━━━ 0s 32ms/step
8/8 ━━━━━━━━━━━━━━━━━━━━ 0s 32ms/step
8/8 ━━━━━━━━━━━━━━━━━━━━ 0s 32ms/step
[I 2024-06-14 21:11:47,385] Trial 12 finished with value: 0.8150036660550098 and parameters: {'lr': 0.033749104934863806, 'hs': 6, 'en': 93, 'dropout': 0.0822501562909925}. Best is trial 11 with value: 0.6470147092855537.
8/8 ━━━━━━━━━━━━━━━━━━━━ 0s 32ms/step
8/8 ━━━━━━━━━━━━━━━━━━━━ 0s 32ms/step
8/8 ━━━━━━━━━━━━━━━━━━━━ 0s 32ms/step
[I 2024-06-14 21:13:25,161] Trial 13 finished with value: 0.6514651920425177 and parameters: {'lr': 0.0601786526393448, 'hs': 2, 'en': 77, 'dropout': 0.05214046523687294}. Best is trial 11 with value: 0.6470147092855537.
8/8 ━━━━━━━━━━━━━━━━━━━━ 0s 31ms/step
8/8 ━━━━━━━━━━━━━━━━━━━━ 0s 32ms/step
8/8 ━━━━━━━━━━━━━━━━━━━━ 0s 31ms/step
[I 2024-06-14 21:20:18,986] Trial 14 finished with value: 0.6857610357654361 and parameters: {'lr': 0.03289435851684555, 'hs': 4, 'en': 341, 'dropout': 0.0921718867865491}. Best is trial 11 with value: 0.6470147092855537.
8/8 ━━━━━━━━━━━━━━━━━━━━ 0s 32ms/step
8/8 ━━━━━━━━━━━━━━━━━━━━ 0s 33ms/step
8/8 ━━━━━━━━━━━━━━━━━━━━ 0s 33ms/step
[I 2024-06-14 21:22:19,722] Trial 15 finished with value: 0.7502024943264499 and parameters: {'lr': 0.03497876001078715, 'hs': 7, 'en': 90, 'dropout': 0.06800583370472706}. Best is trial 11 with value: 0.6470147092855537.
8/8 ━━━━━━━━━━━━━━━━━━━━ 0s 32ms/step
8/8 ━━━━━━━━━━━━━━━━━━━━ 0s 33ms/step
8/8 ━━━━━━━━━━━━━━━━━━━━ 0s 33ms/step
