[I 2024-06-14 21:27:02,342] Trial 16 finished with value: 1.2250665045744216 and parameters: {'lr': 0.0951975365810585, 'hs': 6, 'en': 223, 'dropout': 0.09787338284623885}. Best is trial 11 with value: 0.6470147092855537.
8/8 ━━━━━━━━━━━━━━━━━━━━ 0s 33ms/step
8/8 ━━━━━━━━━━━━━━━━━━━━ 0s 32ms/step
8/8 ━━━━━━━━━━━━━━━━━━━━ 0s 32ms/step
[I 2024-06-14 21:34:40,137] Trial 17 finished with value: 0.5971080082264518 and parameters: {'lr': 0.009808224634273787, 'hs': 4, 'en': 370, 'dropout': 0.06618183175489578}. Best is trial 17 with value: 0.5971080082264518.
8/8 ━━━━━━━━━━━━━━━━━━━━ 0s 32ms/step
8/8 ━━━━━━━━━━━━━━━━━━━━ 0s 32ms/step
8/8 ━━━━━━━━━━━━━━━━━━━━ 0s 32ms/step
[I 2024-06-14 21:42:20,437] Trial 18 finished with value: 0.7322155119351198 and parameters: {'lr': 0.006152977927530924, 'hs': 4, 'en': 377, 'dropout': 0.09883563060901705}. Best is trial 17 with value: 0.5971080082264518.
8/8 ━━━━━━━━━━━━━━━━━━━━ 0s 32ms/step
8/8 ━━━━━━━━━━━━━━━━━━━━ 0s 32ms/step
8/8 ━━━━━━━━━━━━━━━━━━━━ 0s 32ms/step
[I 2024-06-14 21:50:12,074] Trial 19 finished with value: 0.8949860279620482 and parameters: {'lr': 0.018830301809552807, 'hs': 7, 'en': 383, 'dropout': 0.13035859327047578}. Best is trial 17 with value: 0.5971080082264518.
10/10 ━━━━━━━━━━━━━━━━━━━━ 0s 25ms/step
[I 2024-06-14 21:53:52,593] A new study created in memory with name: no-name-bd91790d-60e7-4e12-837e-bc73458c18e1
GRU UK y_10 1.0571546466599635 0.6493408931374328 1.6 22.0
8/8 ━━━━━━━━━━━━━━━━━━━━ 0s 32ms/step
8/8 ━━━━━━━━━━━━━━━━━━━━ 0s 32ms/step
8/8 ━━━━━━━━━━━━━━━━━━━━ 0s 32ms/step
[I 2024-06-14 22:01:12,633] Trial 0 finished with value: 1.2291594059136763 and parameters: {'lr': 0.05333908527338887, 'hs': 5, 'en': 361, 'dropout': 0.1866355818109024}. Best is trial 0 with value: 1.2291594059136763.
8/8 ━━━━━━━━━━━━━━━━━━━━ 0s 31ms/step
8/8 ━━━━━━━━━━━━━━━━━━━━ 0s 32ms/step
8/8 ━━━━━━━━━━━━━━━━━━━━ 0s 32ms/step
[I 2024-06-14 22:09:52,884] Trial 1 finished with value: 1.4869435144032785 and parameters: {'lr': 0.08916456441767671, 'hs': 7, 'en': 423, 'dropout': 0.05522295949073882}. Best is trial 0 with value: 1.2291594059136763.
8/8 ━━━━━━━━━━━━━━━━━━━━ 0s 32ms/step
8/8 ━━━━━━━━━━━━━━━━━━━━ 0s 32ms/step
8/8 ━━━━━━━━━━━━━━━━━━━━ 0s 32ms/step
[I 2024-06-14 22:16:50,799] Trial 2 finished with value: 1.9313176718759728 and parameters: {'lr': 0.09576687949351599, 'hs': 4, 'en': 345, 'dropout': 0.17707116424938857}. Best is trial 0 with value: 1.2291594059136763.
8/8 ━━━━━━━━━━━━━━━━━━━━ 0s 32ms/step
8/8 ━━━━━━━━━━━━━━━━━━━━ 0s 31ms/step
8/8 ━━━━━━━━━━━━━━━━━━━━ 0s 32ms/step
[I 2024-06-14 22:23:11,341] Trial 3 finished with value: 0.9547001487599674 and parameters: {'lr': 0.029965196036684766, 'hs': 7, 'en': 310, 'dropout': 0.14405813029879472}. Best is trial 3 with value: 0.9547001487599674.
8/8 ━━━━━━━━━━━━━━━━━━━━ 0s 32ms/step
8/8 ━━━━━━━━━━━━━━━━━━━━ 0s 32ms/step
8/8 ━━━━━━━━━━━━━━━━━━━━ 0s 32ms/step
[I 2024-06-14 22:30:51,931] Trial 4 finished with value: 1.3561362384750408 and parameters: {'lr': 0.04332010605005915, 'hs': 3, 'en': 378, 'dropout': 0.18231613592016166}. Best is trial 3 with value: 0.9547001487599674.
8/8 ━━━━━━━━━━━━━━━━━━━━ 0s 32ms/step
8/8 ━━━━━━━━━━━━━━━━━━━━ 0s 32ms/step
8/8 ━━━━━━━━━━━━━━━━━━━━ 0s 33ms/step
[I 2024-06-14 22:38:06,698] Trial 5 finished with value: 1.0889650135216817 and parameters: {'lr': 0.0661543433482193, 'hs': 2, 'en': 352, 'dropout': 0.16534196162847553}. Best is trial 3 with value: 0.9547001487599674.
8/8 ━━━━━━━━━━━━━━━━━━━━ 0s 33ms/step
8/8 ━━━━━━━━━━━━━━━━━━━━ 0s 33ms/step
8/8 ━━━━━━━━━━━━━━━━━━━━ 0s 33ms/step
[I 2024-06-14 22:39:31,419] Trial 6 finished with value: 1.4327934501930846 and parameters: {'lr': 0.010662212140887348, 'hs': 8, 'en': 62, 'dropout': 0.18082053385673214}. Best is trial 3 with value: 0.9547001487599674.
8/8 ━━━━━━━━━━━━━━━━━━━━ 0s 33ms/step
8/8 ━━━━━━━━━━━━━━━━━━━━ 0s 33ms/step
8/8 ━━━━━━━━━━━━━━━━━━━━ 0s 33ms/step
[I 2024-06-14 22:46:29,896] Trial 7 finished with value: 1.5526596604040341 and parameters: {'lr': 0.0813676531353762, 'hs': 3, 'en': 332, 'dropout': 0.18850016565828626}. Best is trial 3 with value: 0.9547001487599674.
8/8 ━━━━━━━━━━━━━━━━━━━━ 0s 32ms/step
8/8 ━━━━━━━━━━━━━━━━━━━━ 0s 32ms/step
8/8 ━━━━━━━━━━━━━━━━━━━━ 0s 32ms/step
[I 2024-06-14 22:46:48,252] Trial 8 finished with value: 15.59800105176734 and parameters: {'lr': 0.029930821673530485, 'hs': 4, 'en': 10, 'dropout': 0.0726500617939969}. Best is trial 3 with value: 0.9547001487599674.
8/8 ━━━━━━━━━━━━━━━━━━━━ 0s 32ms/step
8/8 ━━━━━━━━━━━━━━━━━━━━ 0s 32ms/step
8/8 ━━━━━━━━━━━━━━━━━━━━ 0s 32ms/step
[I 2024-06-14 22:48:32,421] Trial 9 finished with value: 0.8293016228629901 and parameters: {'lr': 0.028543944662581387, 'hs': 8, 'en': 80, 'dropout': 0.11871487828846762}. Best is trial 9 with value: 0.8293016228629901.
8/8 ━━━━━━━━━━━━━━━━━━━━ 0s 32ms/step
8/8 ━━━━━━━━━━━━━━━━━━━━ 0s 32ms/step
8/8 ━━━━━━━━━━━━━━━━━━━━ 0s 32ms/step
[I 2024-06-14 22:51:55,234] Trial 10 finished with value: 5.873854549611333 and parameters: {'lr': 0.0003409950250319871, 'hs': 8, 'en': 162, 'dropout': 0.10375125929588547}. Best is trial 9 with value: 0.8293016228629901.
8/8 ━━━━━━━━━━━━━━━━━━━━ 0s 32ms/step
8/8 ━━━━━━━━━━━━━━━━━━━━ 0s 32ms/step
8/8 ━━━━━━━━━━━━━━━━━━━━ 0s 32ms/step
[I 2024-06-14 22:56:29,191] Trial 11 finished with value: 1.0901872932558383 and parameters: {'lr': 0.026006857718171156, 'hs': 6, 'en': 221, 'dropout': 0.13645915876099152}. Best is trial 9 with value: 0.8293016228629901.
8/8 ━━━━━━━━━━━━━━━━━━━━ 0s 32ms/step
8/8 ━━━━━━━━━━━━━━━━━━━━ 0s 32ms/step
8/8 ━━━━━━━━━━━━━━━━━━━━ 0s 32ms/step
[I 2024-06-14 23:06:31,641] Trial 12 finished with value: 1.171080744090923 and parameters: {'lr': 0.026038105962258314, 'hs': 7, 'en': 491, 'dropout': 0.13190516406670777}. Best is trial 9 with value: 0.8293016228629901.
8/8 ━━━━━━━━━━━━━━━━━━━━ 0s 32ms/step
8/8 ━━━━━━━━━━━━━━━━━━━━ 0s 32ms/step
8/8 ━━━━━━━━━━━━━━━━━━━━ 0s 32ms/step
[I 2024-06-14 23:09:43,353] Trial 13 finished with value: 0.7874779910919724 and parameters: {'lr': 0.03980589381557361, 'hs': 7, 'en': 153, 'dropout': 0.1057577075077253}. Best is trial 13 with value: 0.7874779910919724.
8/8 ━━━━━━━━━━━━━━━━━━━━ 0s 32ms/step
8/8 ━━━━━━━━━━━━━━━━━━━━ 0s 32ms/step
8/8 ━━━━━━━━━━━━━━━━━━━━ 0s 32ms/step
[I 2024-06-14 23:12:53,393] Trial 14 finished with value: 1.0487727796269795 and parameters: {'lr': 0.048331438171131516, 'hs': 6, 'en': 152, 'dropout': 0.09783487294741897}. Best is trial 13 with value: 0.7874779910919724.
8/8 ━━━━━━━━━━━━━━━━━━━━ 0s 32ms/step
8/8 ━━━━━━━━━━━━━━━━━━━━ 0s 32ms/step
8/8 ━━━━━━━━━━━━━━━━━━━━ 0s 32ms/step
[I 2024-06-14 23:15:12,479] Trial 15 finished with value: 1.4880437136344487 and parameters: {'lr': 0.06650866185071314, 'hs': 8, 'en': 109, 'dropout': 0.1061734895936672}. Best is trial 13 with value: 0.7874779910919724.
8/8 ━━━━━━━━━━━━━━━━━━━━ 0s 32ms/step
8/8 ━━━━━━━━━━━━━━━━━━━━ 0s 33ms/step
8/8 ━━━━━━━━━━━━━━━━━━━━ 0s 32ms/step
[I 2024-06-14 23:20:06,333] Trial 16 finished with value: 0.6383868778210071 and parameters: {'lr': 0.013350976737119678, 'hs': 6, 'en': 238, 'dropout': 0.07931125314755628}. Best is trial 16 with value: 0.6383868778210071.
8/8 ━━━━━━━━━━━━━━━━━━━━ 0s 32ms/step
8/8 ━━━━━━━━━━━━━━━━━━━━ 0s 31ms/step
8/8 ━━━━━━━━━━━━━━━━━━━━ 0s 31ms/step
[I 2024-06-14 23:25:24,197] Trial 17 finished with value: 0.6779316001897367 and parameters: {'lr': 0.011634945121678598, 'hs': 6, 'en': 257, 'dropout': 0.08168953319954245}. Best is trial 16 with value: 0.6383868778210071.
8/8 ━━━━━━━━━━━━━━━━━━━━ 0s 32ms/step
8/8 ━━━━━━━━━━━━━━━━━━━━ 0s 34ms/step
8/8 ━━━━━━━━━━━━━━━━━━━━ 0s 33ms/step
[I 2024-06-14 23:30:49,012] Trial 18 finished with value: 0.9114996967746004 and parameters: {'lr': 0.009213626085916258, 'hs': 5, 'en': 255, 'dropout': 0.08092828133576173}. Best is trial 16 with value: 0.6383868778210071.
8/8 ━━━━━━━━━━━━━━━━━━━━ 0s 33ms/step
8/8 ━━━━━━━━━━━━━━━━━━━━ 0s 33ms/step
8/8 ━━━━━━━━━━━━━━━━━━━━ 0s 33ms/step
[I 2024-06-14 23:35:32,866] Trial 19 finished with value: 0.5342531366233514 and parameters: {'lr': 0.014484040524699792, 'hs': 6, 'en': 225, 'dropout': 0.050254975920463366}. Best is trial 19 with value: 0.5342531366233514.
10/10 ━━━━━━━━━━━━━━━━━━━━ 0s 26ms/step
[I 2024-06-14 23:37:51,128] A new study created in memory with name: no-name-d9c8609b-98a1-4efb-91a0-3201714a18ad
GRU UK y_7 0.5512850287000697 0.4930566145449269 1.9 23.9
8/8 ━━━━━━━━━━━━━━━━━━━━ 0s 32ms/step
8/8 ━━━━━━━━━━━━━━━━━━━━ 0s 33ms/step
8/8 ━━━━━━━━━━━━━━━━━━━━ 0s 33ms/step
[I 2024-06-14 23:46:25,144] Trial 0 finished with value: 1.304236035973245 and parameters: {'lr': 0.034504079625803936, 'hs': 8, 'en': 412, 'dropout': 0.18384530067426835}. Best is trial 0 with value: 1.304236035973245.
8/8 ━━━━━━━━━━━━━━━━━━━━ 0s 32ms/step
8/8 ━━━━━━━━━━━━━━━━━━━━ 0s 32ms/step
8/8 ━━━━━━━━━━━━━━━━━━━━ 0s 32ms/step
[I 2024-06-14 23:52:25,028] Trial 1 finished with value: 0.4720770671167063 and parameters: {'lr': 0.016879573880916557, 'hs': 4, 'en': 295, 'dropout': 0.07533345933394223}. Best is trial 1 with value: 0.4720770671167063.
8/8 ━━━━━━━━━━━━━━━━━━━━ 0s 32ms/step
8/8 ━━━━━━━━━━━━━━━━━━━━ 0s 32ms/step
8/8 ━━━━━━━━━━━━━━━━━━━━ 0s 32ms/step
[I 2024-06-15 00:00:27,243] Trial 2 finished with value: 1.062299119466422 and parameters: {'lr': 0.035683071549915554, 'hs': 6, 'en': 391, 'dropout': 0.1466616335708556}. Best is trial 1 with value: 0.4720770671167063.
8/8 ━━━━━━━━━━━━━━━━━━━━ 0s 32ms/step
8/8 ━━━━━━━━━━━━━━━━━━━━ 0s 32ms/step
8/8 ━━━━━━━━━━━━━━━━━━━━ 0s 32ms/step
[I 2024-06-15 00:05:03,335] Trial 3 finished with value: 0.37809600278164207 and parameters: {'lr': 0.03172850844442263, 'hs': 4, 'en': 224, 'dropout': 0.05244499323799909}. Best is trial 3 with value: 0.37809600278164207.
8/8 ━━━━━━━━━━━━━━━━━━━━ 0s 33ms/step
8/8 ━━━━━━━━━━━━━━━━━━━━ 0s 32ms/step
8/8 ━━━━━━━━━━━━━━━━━━━━ 0s 32ms/step
[I 2024-06-15 00:09:39,031] Trial 4 finished with value: 0.8835290656945926 and parameters: {'lr': 0.08690282668327487, 'hs': 4, 'en': 224, 'dropout': 0.09840030739295894}. Best is trial 3 with value: 0.37809600278164207.
8/8 ━━━━━━━━━━━━━━━━━━━━ 0s 32ms/step
8/8 ━━━━━━━━━━━━━━━━━━━━ 0s 31ms/step
8/8 ━━━━━━━━━━━━━━━━━━━━ 0s 32ms/step
[I 2024-06-15 00:11:39,751] Trial 5 finished with value: 0.6592564688384656 and parameters: {'lr': 0.007151057665002165, 'hs': 8, 'en': 94, 'dropout': 0.08798538269924222}. Best is trial 3 with value: 0.37809600278164207.
8/8 ━━━━━━━━━━━━━━━━━━━━ 0s 31ms/step
8/8 ━━━━━━━━━━━━━━━━━━━━ 0s 32ms/step
8/8 ━━━━━━━━━━━━━━━━━━━━ 0s 32ms/step
[I 2024-06-15 00:14:56,159] Trial 6 finished with value: 0.7044430641503237 and parameters: {'lr': 0.0071116033832721755, 'hs': 3, 'en': 159, 'dropout': 0.13777290513501894}. Best is trial 3 with value: 0.37809600278164207.
8/8 ━━━━━━━━━━━━━━━━━━━━ 0s 32ms/step
8/8 ━━━━━━━━━━━━━━━━━━━━ 0s 32ms/step
8/8 ━━━━━━━━━━━━━━━━━━━━ 0s 32ms/step
[I 2024-06-15 00:17:43,551] Trial 7 finished with value: 1.4585197658159383 and parameters: {'lr': 0.07592106455183079, 'hs': 5, 'en': 134, 'dropout': 0.16015199575706657}. Best is trial 3 with value: 0.37809600278164207.
8/8 ━━━━━━━━━━━━━━━━━━━━ 0s 32ms/step
8/8 ━━━━━━━━━━━━━━━━━━━━ 0s 32ms/step
8/8 ━━━━━━━━━━━━━━━━━━━━ 0s 32ms/step
[I 2024-06-15 00:25:13,654] Trial 8 finished with value: 0.5198754157810587 and parameters: {'lr': 0.02765440752822439, 'hs': 4, 'en': 371, 'dropout': 0.085127196781674}. Best is trial 3 with value: 0.37809600278164207.
8/8 ━━━━━━━━━━━━━━━━━━━━ 0s 32ms/step
8/8 ━━━━━━━━━━━━━━━━━━━━ 0s 32ms/step
8/8 ━━━━━━━━━━━━━━━━━━━━ 0s 31ms/step
[I 2024-06-15 00:31:25,532] Trial 9 finished with value: 0.4370627295387221 and parameters: {'lr': 0.009626302597461573, 'hs': 8, 'en': 303, 'dropout': 0.07181928184412181}. Best is trial 3 with value: 0.37809600278164207.
8/8 ━━━━━━━━━━━━━━━━━━━━ 0s 32ms/step
8/8 ━━━━━━━━━━━━━━━━━━━━ 0s 32ms/step
8/8 ━━━━━━━━━━━━━━━━━━━━ 0s 31ms/step
[I 2024-06-15 00:41:21,216] Trial 10 finished with value: 0.41346883050052646 and parameters: {'lr': 0.057415363885825486, 'hs': 2, 'en': 493, 'dropout': 0.05241186055781584}. Best is trial 3 with value: 0.37809600278164207.
8/8 ━━━━━━━━━━━━━━━━━━━━ 0s 32ms/step
8/8 ━━━━━━━━━━━━━━━━━━━━ 0s 32ms/step
8/8 ━━━━━━━━━━━━━━━━━━━━ 0s 32ms/step
[I 2024-06-15 00:51:21,116] Trial 11 finished with value: 0.4442843876200315 and parameters: {'lr': 0.06088300312941422, 'hs': 2, 'en': 499, 'dropout': 0.05361153065410228}. Best is trial 3 with value: 0.37809600278164207.
8/8 ━━━━━━━━━━━━━━━━━━━━ 0s 32ms/step
8/8 ━━━━━━━━━━━━━━━━━━━━ 0s 32ms/step
8/8 ━━━━━━━━━━━━━━━━━━━━ 4s 565ms/step
[I 2024-06-15 00:52:01,839] Trial 12 finished with value: 1.0964312681179484 and parameters: {'lr': 0.05509484092169038, 'hs': 2, 'en': 26, 'dropout': 0.11035755748684373}. Best is trial 3 with value: 0.37809600278164207.
8/8 ━━━━━━━━━━━━━━━━━━━━ 0s 34ms/step
8/8 ━━━━━━━━━━━━━━━━━━━━ 0s 33ms/step
8/8 ━━━━━━━━━━━━━━━━━━━━ 0s 33ms/step
[I 2024-06-15 00:56:39,242] Trial 13 finished with value: 0.7646410705051115 and parameters: {'lr': 0.0672763188722301, 'hs': 6, 'en': 219, 'dropout': 0.056710342205082205}. Best is trial 3 with value: 0.37809600278164207.
8/8 ━━━━━━━━━━━━━━━━━━━━ 0s 33ms/step
8/8 ━━━━━━━━━━━━━━━━━━━━ 0s 33ms/step
8/8 ━━━━━━━━━━━━━━━━━━━━ 0s 33ms/step
[I 2024-06-15 01:06:55,946] Trial 14 finished with value: 0.6287423022181383 and parameters: {'lr': 0.04802317261196185, 'hs': 3, 'en': 497, 'dropout': 0.11646684637571722}. Best is trial 3 with value: 0.37809600278164207.
8/8 ━━━━━━━━━━━━━━━━━━━━ 0s 33ms/step
8/8 ━━━━━━━━━━━━━━━━━━━━ 0s 33ms/step
8/8 ━━━━━━━━━━━━━━━━━━━━ 0s 34ms/step
[I 2024-06-15 01:13:26,440] Trial 15 finished with value: 0.4660290242988567 and parameters: {'lr': 0.045755768831382514, 'hs': 3, 'en': 314, 'dropout': 0.05294004332204726}. Best is trial 3 with value: 0.37809600278164207.
8/8 ━━━━━━━━━━━━━━━━━━━━ 0s 33ms/step
8/8 ━━━━━━━━━━━━━━━━━━━━ 0s 33ms/step
8/8 ━━━━━━━━━━━━━━━━━━━━ 0s 32ms/step
[I 2024-06-15 01:17:27,268] Trial 16 finished with value: 2.412940768488669 and parameters: {'lr': 0.08828149307439775, 'hs': 2, 'en': 196, 'dropout': 0.19565796630463578}. Best is trial 3 with value: 0.37809600278164207.
8/8 ━━━━━━━━━━━━━━━━━━━━ 0s 32ms/step
8/8 ━━━━━━━━━━━━━━━━━━━━ 0s 32ms/step
8/8 ━━━━━━━━━━━━━━━━━━━━ 0s 32ms/step
[I 2024-06-15 01:26:30,494] Trial 17 finished with value: 0.4098495250369372 and parameters: {'lr': 0.02550516342091969, 'hs': 5, 'en': 441, 'dropout': 0.06909091695903616}. Best is trial 3 with value: 0.37809600278164207.
8/8 ━━━━━━━━━━━━━━━━━━━━ 0s 32ms/step
8/8 ━━━━━━━━━━━━━━━━━━━━ 0s 31ms/step
8/8 ━━━━━━━━━━━━━━━━━━━━ 0s 32ms/step
[I 2024-06-15 01:32:12,650] Trial 18 finished with value: 0.543311532041001 and parameters: {'lr': 0.02142809353335384, 'hs': 6, 'en': 277, 'dropout': 0.07249533549407894}. Best is trial 3 with value: 0.37809600278164207.
8/8 ━━━━━━━━━━━━━━━━━━━━ 0s 32ms/step
8/8 ━━━━━━━━━━━━━━━━━━━━ 0s 32ms/step
8/8 ━━━━━━━━━━━━━━━━━━━━ 0s 32ms/step
[I 2024-06-15 01:41:03,252] Trial 19 finished with value: 0.7425809654691912 and parameters: {'lr': 0.03943607152803874, 'hs': 5, 'en': 433, 'dropout': 0.10195949127389231}. Best is trial 3 with value: 0.37809600278164207.
10/10 ━━━━━━━━━━━━━━━━━━━━ 0s 25ms/step
[I 2024-06-15 01:43:17,560] A new study created in memory with name: no-name-e2682575-e4bd-4201-b957-c61edb3ca44e
GRU UK y_8 0.45917845779197886 0.48831743385110576 1.8 24.0
8/8 ━━━━━━━━━━━━━━━━━━━━ 0s 32ms/step
8/8 ━━━━━━━━━━━━━━━━━━━━ 0s 33ms/step
8/8 ━━━━━━━━━━━━━━━━━━━━ 0s 32ms/step
[I 2024-06-15 01:51:12,071] Trial 0 finished with value: 1.076162461111103 and parameters: {'lr': 0.03853574308897922, 'hs': 6, 'en': 384, 'dropout': 0.1759944700565274}. Best is trial 0 with value: 1.076162461111103.
8/8 ━━━━━━━━━━━━━━━━━━━━ 0s 33ms/step
8/8 ━━━━━━━━━━━━━━━━━━━━ 0s 32ms/step
8/8 ━━━━━━━━━━━━━━━━━━━━ 0s 32ms/step
[I 2024-06-15 01:56:48,175] Trial 1 finished with value: 0.6896695873830737 and parameters: {'lr': 0.05213740773287728, 'hs': 8, 'en': 271, 'dropout': 0.0679389612490794}. Best is trial 1 with value: 0.6896695873830737.
8/8 ━━━━━━━━━━━━━━━━━━━━ 0s 32ms/step
8/8 ━━━━━━━━━━━━━━━━━━━━ 0s 32ms/step
8/8 ━━━━━━━━━━━━━━━━━━━━ 0s 32ms/step
[I 2024-06-15 02:03:14,911] Trial 2 finished with value: 1.0553801951796313 and parameters: {'lr': 0.06095481881915331, 'hs': 7, 'en': 314, 'dropout': 0.09739999995940546}. Best is trial 1 with value: 0.6896695873830737.
8/8 ━━━━━━━━━━━━━━━━━━━━ 0s 33ms/step
8/8 ━━━━━━━━━━━━━━━━━━━━ 0s 32ms/step
8/8 ━━━━━━━━━━━━━━━━━━━━ 0s 32ms/step
[I 2024-06-15 02:08:37,873] Trial 3 finished with value: 1.324235910093526 and parameters: {'lr': 0.03636804905290046, 'hs': 8, 'en': 254, 'dropout': 0.16778651152646185}. Best is trial 1 with value: 0.6896695873830737.
8/8 ━━━━━━━━━━━━━━━━━━━━ 0s 32ms/step
8/8 ━━━━━━━━━━━━━━━━━━━━ 0s 32ms/step
8/8 ━━━━━━━━━━━━━━━━━━━━ 0s 32ms/step
[I 2024-06-15 02:17:29,453] Trial 4 finished with value: 0.8440142541271597 and parameters: {'lr': 0.022390296191179816, 'hs': 3, 'en': 436, 'dropout': 0.11062698905380268}. Best is trial 1 with value: 0.6896695873830737.
8/8 ━━━━━━━━━━━━━━━━━━━━ 0s 32ms/step
8/8 ━━━━━━━━━━━━━━━━━━━━ 0s 32ms/step
8/8 ━━━━━━━━━━━━━━━━━━━━ 0s 32ms/step
[I 2024-06-15 02:26:06,888] Trial 5 finished with value: 2.04695291158507 and parameters: {'lr': 0.08213828524187627, 'hs': 3, 'en': 426, 'dropout': 0.18245877405463334}. Best is trial 1 with value: 0.6896695873830737.
8/8 ━━━━━━━━━━━━━━━━━━━━ 0s 32ms/step
8/8 ━━━━━━━━━━━━━━━━━━━━ 0s 31ms/step
8/8 ━━━━━━━━━━━━━━━━━━━━ 0s 32ms/step
[I 2024-06-15 02:32:04,618] Trial 6 finished with value: 1.823356993434568 and parameters: {'lr': 0.05498577791982541, 'hs': 8, 'en': 290, 'dropout': 0.15659465556780144}. Best is trial 1 with value: 0.6896695873830737.
8/8 ━━━━━━━━━━━━━━━━━━━━ 0s 32ms/step
8/8 ━━━━━━━━━━━━━━━━━━━━ 0s 32ms/step
8/8 ━━━━━━━━━━━━━━━━━━━━ 0s 32ms/step
[I 2024-06-15 02:37:30,644] Trial 7 finished with value: 1.2746959457229539 and parameters: {'lr': 0.05428195180635214, 'hs': 2, 'en': 268, 'dropout': 0.1623221543654947}. Best is trial 1 with value: 0.6896695873830737.
8/8 ━━━━━━━━━━━━━━━━━━━━ 0s 32ms/step
8/8 ━━━━━━━━━━━━━━━━━━━━ 0s 32ms/step
8/8 ━━━━━━━━━━━━━━━━━━━━ 0s 32ms/step
[I 2024-06-15 02:46:14,425] Trial 8 finished with value: 0.6989037336901949 and parameters: {'lr': 0.01227840750091662, 'hs': 8, 'en': 424, 'dropout': 0.06631028536464226}. Best is trial 1 with value: 0.6896695873830737.
8/8 ━━━━━━━━━━━━━━━━━━━━ 0s 32ms/step
8/8 ━━━━━━━━━━━━━━━━━━━━ 0s 32ms/step
8/8 ━━━━━━━━━━━━━━━━━━━━ 0s 32ms/step
[I 2024-06-15 02:51:14,054] Trial 9 finished with value: 0.9171784743617861 and parameters: {'lr': 0.021387251019082374, 'hs': 3, 'en': 243, 'dropout': 0.08621532882816996}. Best is trial 1 with value: 0.6896695873830737.
8/8 ━━━━━━━━━━━━━━━━━━━━ 0s 34ms/step
8/8 ━━━━━━━━━━━━━━━━━━━━ 0s 33ms/step
8/8 ━━━━━━━━━━━━━━━━━━━━ 0s 33ms/step
[I 2024-06-15 02:53:07,889] Trial 10 finished with value: 1.0289528151090133 and parameters: {'lr': 0.09759196239106177, 'hs': 5, 'en': 84, 'dropout': 0.052315119043165215}. Best is trial 1 with value: 0.6896695873830737.
8/8 ━━━━━━━━━━━━━━━━━━━━ 0s 33ms/step
8/8 ━━━━━━━━━━━━━━━━━━━━ 0s 33ms/step
8/8 ━━━━━━━━━━━━━━━━━━━━ 0s 34ms/step
[I 2024-06-15 02:55:50,681] Trial 11 finished with value: 0.6545938276868069 and parameters: {'lr': 0.003499242177201564, 'hs': 6, 'en': 128, 'dropout': 0.05875401017222476}. Best is trial 11 with value: 0.6545938276868069.
8/8 ━━━━━━━━━━━━━━━━━━━━ 0s 33ms/step
8/8 ━━━━━━━━━━━━━━━━━━━━ 0s 32ms/step
8/8 ━━━━━━━━━━━━━━━━━━━━ 0s 33ms/step
[I 2024-06-15 02:58:31,900] Trial 12 finished with value: 2.7089523793417043 and parameters: {'lr': 0.0009505083830289298, 'hs': 5, 'en': 127, 'dropout': 0.1324488827798795}. Best is trial 11 with value: 0.6545938276868069.
8/8 ━━━━━━━━━━━━━━━━━━━━ 0s 33ms/step
8/8 ━━━━━━━━━━━━━━━━━━━━ 0s 32ms/step
8/8 ━━━━━━━━━━━━━━━━━━━━ 0s 32ms/step
[I 2024-06-15 03:01:52,471] Trial 13 finished with value: 1.5971791308122902 and parameters: {'lr': 0.07571910680174515, 'hs': 6, 'en': 160, 'dropout': 0.07409263333859863}. Best is trial 11 with value: 0.6545938276868069.
8/8 ━━━━━━━━━━━━━━━━━━━━ 0s 32ms/step
8/8 ━━━━━━━━━━━━━━━━━━━━ 0s 32ms/step
8/8 ━━━━━━━━━━━━━━━━━━━━ 0s 32ms/step
[I 2024-06-15 03:05:44,532] Trial 14 finished with value: 0.5845745363575102 and parameters: {'lr': 0.03882265126848436, 'hs': 6, 'en': 186, 'dropout': 0.05217746025819616}. Best is trial 14 with value: 0.5845745363575102.
8/8 ━━━━━━━━━━━━━━━━━━━━ 0s 32ms/step
8/8 ━━━━━━━━━━━━━━━━━━━━ 0s 32ms/step
8/8 ━━━━━━━━━━━━━━━━━━━━ 0s 32ms/step
[I 2024-06-15 03:06:29,399] Trial 15 finished with value: 1.130674756926357 and parameters: {'lr': 0.035452883338180675, 'hs': 6, 'en': 32, 'dropout': 0.13205945200918534}. Best is trial 14 with value: 0.5845745363575102.
8/8 ━━━━━━━━━━━━━━━━━━━━ 0s 32ms/step
8/8 ━━━━━━━━━━━━━━━━━━━━ 0s 33ms/step
8/8 ━━━━━━━━━━━━━━━━━━━━ 0s 32ms/step
[I 2024-06-15 03:10:11,590] Trial 16 finished with value: 0.5431875458262962 and parameters: {'lr': 0.007497003379145093, 'hs': 4, 'en': 179, 'dropout': 0.05331092700326591}. Best is trial 16 with value: 0.5431875458262962.
8/8 ━━━━━━━━━━━━━━━━━━━━ 0s 32ms/step
8/8 ━━━━━━━━━━━━━━━━━━━━ 0s 32ms/step
8/8 ━━━━━━━━━━━━━━━━━━━━ 0s 32ms/step
[I 2024-06-15 03:14:04,196] Trial 17 finished with value: 0.5846857979325301 and parameters: {'lr': 0.01993524547537918, 'hs': 4, 'en': 189, 'dropout': 0.08440848649066915}. Best is trial 16 with value: 0.5431875458262962.
8/8 ━━━━━━━━━━━━━━━━━━━━ 0s 32ms/step
8/8 ━━━━━━━━━━━━━━━━━━━━ 0s 32ms/step
8/8 ━━━━━━━━━━━━━━━━━━━━ 0s 32ms/step
[I 2024-06-15 03:18:04,924] Trial 18 finished with value: 0.5968045177796102 and parameters: {'lr': 0.03960834154398835, 'hs': 4, 'en': 195, 'dropout': 0.05007495775979242}. Best is trial 16 with value: 0.5431875458262962.
8/8 ━━━━━━━━━━━━━━━━━━━━ 0s 31ms/step
8/8 ━━━━━━━━━━━━━━━━━━━━ 0s 33ms/step
8/8 ━━━━━━━━━━━━━━━━━━━━ 0s 32ms/step
