[I 2024-06-15 03:18:28,885] Trial 19 finished with value: 1.878090754782167 and parameters: {'lr': 0.07012020411949266, 'hs': 4, 'en': 15, 'dropout': 0.10820639034624824}. Best is trial 16 with value: 0.5431875458262962.
10/10 ━━━━━━━━━━━━━━━━━━━━ 0s 25ms/step
[I 2024-06-15 03:20:17,397] A new study created in memory with name: no-name-c793f241-a340-4661-9b4b-52a9eabca636
GRU UK y_9 0.5925167419665073 0.5539991919649333 1.0 22.0
8/8 ━━━━━━━━━━━━━━━━━━━━ 0s 32ms/step
8/8 ━━━━━━━━━━━━━━━━━━━━ 0s 32ms/step
8/8 ━━━━━━━━━━━━━━━━━━━━ 0s 32ms/step
[I 2024-06-15 03:26:16,724] Trial 0 finished with value: 0.7696550709188515 and parameters: {'lr': 0.0940906098087185, 'hs': 6, 'en': 292, 'dropout': 0.06675492969748555}. Best is trial 0 with value: 0.7696550709188515.
8/8 ━━━━━━━━━━━━━━━━━━━━ 0s 32ms/step
8/8 ━━━━━━━━━━━━━━━━━━━━ 0s 32ms/step
8/8 ━━━━━━━━━━━━━━━━━━━━ 0s 32ms/step
[I 2024-06-15 03:27:03,798] Trial 1 finished with value: 0.6059549964319494 and parameters: {'lr': 0.03920293107498686, 'hs': 5, 'en': 34, 'dropout': 0.05301698728835443}. Best is trial 1 with value: 0.6059549964319494.
8/8 ━━━━━━━━━━━━━━━━━━━━ 0s 31ms/step
8/8 ━━━━━━━━━━━━━━━━━━━━ 0s 32ms/step
8/8 ━━━━━━━━━━━━━━━━━━━━ 0s 32ms/step
[I 2024-06-15 03:33:18,725] Trial 2 finished with value: 1.0868437978163479 and parameters: {'lr': 0.08501165647918388, 'hs': 5, 'en': 305, 'dropout': 0.16119757426403275}. Best is trial 1 with value: 0.6059549964319494.
8/8 ━━━━━━━━━━━━━━━━━━━━ 0s 32ms/step
8/8 ━━━━━━━━━━━━━━━━━━━━ 0s 32ms/step
8/8 ━━━━━━━━━━━━━━━━━━━━ 0s 32ms/step
[I 2024-06-15 03:34:49,134] Trial 3 finished with value: 1.0431361050935561 and parameters: {'lr': 0.050381196378193, 'hs': 5, 'en': 70, 'dropout': 0.14108385244225966}. Best is trial 1 with value: 0.6059549964319494.
8/8 ━━━━━━━━━━━━━━━━━━━━ 0s 31ms/step
8/8 ━━━━━━━━━━━━━━━━━━━━ 0s 32ms/step
8/8 ━━━━━━━━━━━━━━━━━━━━ 0s 32ms/step
[I 2024-06-15 03:41:20,553] Trial 4 finished with value: 0.4800011032039535 and parameters: {'lr': 0.00871493367077789, 'hs': 4, 'en': 322, 'dropout': 0.057736766089442025}. Best is trial 4 with value: 0.4800011032039535.
8/8 ━━━━━━━━━━━━━━━━━━━━ 0s 32ms/step
8/8 ━━━━━━━━━━━━━━━━━━━━ 0s 32ms/step
8/8 ━━━━━━━━━━━━━━━━━━━━ 0s 32ms/step
[I 2024-06-15 03:51:09,142] Trial 5 finished with value: 1.2140494526375318 and parameters: {'lr': 0.08231389781119033, 'hs': 7, 'en': 476, 'dropout': 0.17400208188102406}. Best is trial 4 with value: 0.4800011032039535.
8/8 ━━━━━━━━━━━━━━━━━━━━ 0s 32ms/step
8/8 ━━━━━━━━━━━━━━━━━━━━ 0s 32ms/step
8/8 ━━━━━━━━━━━━━━━━━━━━ 0s 32ms/step
[I 2024-06-15 03:52:36,531] Trial 6 finished with value: 0.6797318483741424 and parameters: {'lr': 0.009466325454635003, 'hs': 8, 'en': 67, 'dropout': 0.10123753815357633}. Best is trial 4 with value: 0.4800011032039535.
8/8 ━━━━━━━━━━━━━━━━━━━━ 0s 32ms/step
8/8 ━━━━━━━━━━━━━━━━━━━━ 0s 32ms/step
8/8 ━━━━━━━━━━━━━━━━━━━━ 0s 32ms/step
[I 2024-06-15 03:57:50,202] Trial 7 finished with value: 0.7958754532579811 and parameters: {'lr': 0.007826687960227719, 'hs': 5, 'en': 247, 'dropout': 0.15027580752632003}. Best is trial 4 with value: 0.4800011032039535.
8/8 ━━━━━━━━━━━━━━━━━━━━ 0s 32ms/step
8/8 ━━━━━━━━━━━━━━━━━━━━ 0s 32ms/step
8/8 ━━━━━━━━━━━━━━━━━━━━ 0s 33ms/step
[I 2024-06-15 04:06:51,214] Trial 8 finished with value: 0.6644096897574068 and parameters: {'lr': 0.04512179833424796, 'hs': 6, 'en': 443, 'dropout': 0.09642765668892012}. Best is trial 4 with value: 0.4800011032039535.
8/8 ━━━━━━━━━━━━━━━━━━━━ 0s 32ms/step
8/8 ━━━━━━━━━━━━━━━━━━━━ 0s 32ms/step
8/8 ━━━━━━━━━━━━━━━━━━━━ 0s 32ms/step
[I 2024-06-15 04:15:06,156] Trial 9 finished with value: 0.5320228534780349 and parameters: {'lr': 0.041120175251842105, 'hs': 2, 'en': 408, 'dropout': 0.0517941603820937}. Best is trial 4 with value: 0.4800011032039535.
8/8 ━━━━━━━━━━━━━━━━━━━━ 0s 31ms/step
8/8 ━━━━━━━━━━━━━━━━━━━━ 0s 34ms/step
8/8 ━━━━━━━━━━━━━━━━━━━━ 0s 34ms/step
[I 2024-06-15 04:18:42,297] Trial 10 finished with value: 1.2239837980359627 and parameters: {'lr': 0.024526962044540815, 'hs': 3, 'en': 167, 'dropout': 0.19819335894764772}. Best is trial 4 with value: 0.4800011032039535.
8/8 ━━━━━━━━━━━━━━━━━━━━ 0s 33ms/step
8/8 ━━━━━━━━━━━━━━━━━━━━ 0s 33ms/step
8/8 ━━━━━━━━━━━━━━━━━━━━ 0s 33ms/step
[I 2024-06-15 04:26:40,208] Trial 11 finished with value: 0.7262453706709103 and parameters: {'lr': 0.06030637128088884, 'hs': 2, 'en': 389, 'dropout': 0.08083295320052095}. Best is trial 4 with value: 0.4800011032039535.
8/8 ━━━━━━━━━━━━━━━━━━━━ 0s 32ms/step
8/8 ━━━━━━━━━━━━━━━━━━━━ 0s 33ms/step
8/8 ━━━━━━━━━━━━━━━━━━━━ 0s 33ms/step
[I 2024-06-15 04:34:20,286] Trial 12 finished with value: 0.47136941198977017 and parameters: {'lr': 0.025556214626182582, 'hs': 3, 'en': 370, 'dropout': 0.053868606909376365}. Best is trial 12 with value: 0.47136941198977017.
8/8 ━━━━━━━━━━━━━━━━━━━━ 0s 32ms/step
8/8 ━━━━━━━━━━━━━━━━━━━━ 0s 33ms/step
8/8 ━━━━━━━━━━━━━━━━━━━━ 0s 33ms/step
[I 2024-06-15 04:41:46,832] Trial 13 finished with value: 0.7217169360417426 and parameters: {'lr': 0.0222487432545768, 'hs': 3, 'en': 361, 'dropout': 0.11317399445759102}. Best is trial 12 with value: 0.47136941198977017.
8/8 ━━━━━━━━━━━━━━━━━━━━ 0s 32ms/step
8/8 ━━━━━━━━━━━━━━━━━━━━ 0s 32ms/step
8/8 ━━━━━━━━━━━━━━━━━━━━ 0s 32ms/step
[I 2024-06-15 04:46:03,269] Trial 14 finished with value: 0.6898174047392075 and parameters: {'lr': 0.023152144638264885, 'hs': 3, 'en': 205, 'dropout': 0.07920862699357371}. Best is trial 12 with value: 0.47136941198977017.
8/8 ━━━━━━━━━━━━━━━━━━━━ 0s 33ms/step
8/8 ━━━━━━━━━━━━━━━━━━━━ 0s 32ms/step
8/8 ━━━━━━━━━━━━━━━━━━━━ 0s 32ms/step
[I 2024-06-15 04:53:18,313] Trial 15 finished with value: 0.7655080635130149 and parameters: {'lr': 0.0015256465906210923, 'hs': 4, 'en': 354, 'dropout': 0.12545533222026853}. Best is trial 12 with value: 0.47136941198977017.
8/8 ━━━━━━━━━━━━━━━━━━━━ 0s 32ms/step
8/8 ━━━━━━━━━━━━━━━━━━━━ 0s 32ms/step
8/8 ━━━━━━━━━━━━━━━━━━━━ 0s 32ms/step
[I 2024-06-15 04:59:57,224] Trial 16 finished with value: 0.6969036803379008 and parameters: {'lr': 0.02962877906616503, 'hs': 4, 'en': 323, 'dropout': 0.07406148768445736}. Best is trial 12 with value: 0.47136941198977017.
8/8 ━━━━━━━━━━━━━━━━━━━━ 0s 33ms/step
8/8 ━━━━━━━━━━━━━━━━━━━━ 0s 32ms/step
8/8 ━━━━━━━━━━━━━━━━━━━━ 0s 32ms/step
[I 2024-06-15 05:03:10,546] Trial 17 finished with value: 0.623229826611466 and parameters: {'lr': 0.013773748447387858, 'hs': 4, 'en': 156, 'dropout': 0.09536141185327984}. Best is trial 12 with value: 0.47136941198977017.
8/8 ━━━━━━━━━━━━━━━━━━━━ 0s 32ms/step
8/8 ━━━━━━━━━━━━━━━━━━━━ 0s 31ms/step
8/8 ━━━━━━━━━━━━━━━━━━━━ 0s 32ms/step
[I 2024-06-15 05:13:19,763] Trial 18 finished with value: 0.638721107756698 and parameters: {'lr': 0.05655473684548517, 'hs': 3, 'en': 500, 'dropout': 0.062156632101766404}. Best is trial 12 with value: 0.47136941198977017.
8/8 ━━━━━━━━━━━━━━━━━━━━ 0s 32ms/step
8/8 ━━━━━━━━━━━━━━━━━━━━ 0s 32ms/step
8/8 ━━━━━━━━━━━━━━━━━━━━ 0s 32ms/step
[I 2024-06-15 05:18:27,191] Trial 19 finished with value: 1.4699740803959636 and parameters: {'lr': 0.06957056215091809, 'hs': 2, 'en': 252, 'dropout': 0.12213147678901994}. Best is trial 12 with value: 0.47136941198977017.
10/10 ━━━━━━━━━━━━━━━━━━━━ 0s 25ms/step
GRU UK y_6 0.5367783800909818 0.5378295088135024 1.0 25.5