[I 2024-11-01 06:57:21,054] Trial 927 finished with value: 9.553045632079522 and parameters: {'layers': 7, 'max_depth': 2, 'resampling_rate': 1.751345781030389, 'et': 0.03314300100970556}. Best is trial 771 with value: 9.337788962361946.
[I 2024-11-01 06:57:23,989] Trial 928 finished with value: 9.521936721978049 and parameters: {'layers': 7, 'max_depth': 2, 'resampling_rate': 1.7263426335950487, 'et': 0.06332470889498791}. Best is trial 771 with value: 9.337788962361946.
[I 2024-11-01 06:57:29,196] Trial 929 finished with value: 9.735777754359376 and parameters: {'layers': 10, 'max_depth': 2, 'resampling_rate': 1.733266270872729, 'et': 0.30899229603574485}. Best is trial 771 with value: 9.337788962361946.
[I 2024-11-01 06:57:32,130] Trial 930 finished with value: 9.456136375893665 and parameters: {'layers': 7, 'max_depth': 2, 'resampling_rate': 1.739278586204132, 'et': 0.053393131948934074}. Best is trial 771 with value: 9.337788962361946.
[I 2024-11-01 06:57:36,785] Trial 931 finished with value: 9.559735468964034 and parameters: {'layers': 7, 'max_depth': 2, 'resampling_rate': 1.727627239880594, 'et': 0.12812899177968262}. Best is trial 771 with value: 9.337788962361946.
[I 2024-11-01 06:57:41,441] Trial 932 finished with value: 9.569547727304633 and parameters: {'layers': 10, 'max_depth': 2, 'resampling_rate': 1.7619337329018079, 'et': 0.011108539134526328}. Best is trial 771 with value: 9.337788962361946.
[I 2024-11-01 06:57:44,370] Trial 933 finished with value: 9.548577954087937 and parameters: {'layers': 7, 'max_depth': 2, 'resampling_rate': 1.7851503357620737, 'et': 0.08727951106814562}. Best is trial 771 with value: 9.337788962361946.
[I 2024-11-01 06:57:49,124] Trial 934 finished with value: 9.537069899431511 and parameters: {'layers': 9, 'max_depth': 2, 'resampling_rate': 1.7389725953344495, 'et': 0.034737334409675386}. Best is trial 771 with value: 9.337788962361946.
[I 2024-11-01 06:57:52,608] Trial 935 finished with value: 9.638236604169192 and parameters: {'layers': 7, 'max_depth': 2, 'resampling_rate': 1.761460014603553, 'et': 0.47401100053868306}. Best is trial 771 with value: 9.337788962361946.
[I 2024-11-01 06:57:55,554] Trial 936 finished with value: 9.524383608693833 and parameters: {'layers': 10, 'max_depth': 2, 'resampling_rate': 1.746632272188795, 'et': 0.1510798587799305}. Best is trial 771 with value: 9.337788962361946.
[I 2024-11-01 06:57:59,080] Trial 937 finished with value: 9.561790392211117 and parameters: {'layers': 7, 'max_depth': 2, 'resampling_rate': 1.4201967652323855, 'et': 0.057386740213311624}. Best is trial 771 with value: 9.337788962361946.
[I 2024-11-01 06:58:02,531] Trial 938 finished with value: 9.579628178595506 and parameters: {'layers': 7, 'max_depth': 2, 'resampling_rate': 1.4324877494743897, 'et': 0.07758852011841946}. Best is trial 771 with value: 9.337788962361946.
[I 2024-11-01 06:58:07,786] Trial 939 finished with value: 9.495022697474779 and parameters: {'layers': 9, 'max_depth': 2, 'resampling_rate': 1.4938644800576957, 'et': 0.11638336705239581}. Best is trial 771 with value: 9.337788962361946.
[I 2024-11-01 06:58:11,845] Trial 940 finished with value: 9.511340517442497 and parameters: {'layers': 7, 'max_depth': 2, 'resampling_rate': 1.5584128198998721, 'et': 0.09348729412137848}. Best is trial 771 with value: 9.337788962361946.
[I 2024-11-01 06:58:15,868] Trial 941 finished with value: 9.37037194895965 and parameters: {'layers': 8, 'max_depth': 2, 'resampling_rate': 1.7936836691641234, 'et': 0.40709404947068567}. Best is trial 771 with value: 9.337788962361946.
[I 2024-11-01 06:58:19,943] Trial 942 finished with value: 9.613416190075908 and parameters: {'layers': 8, 'max_depth': 2, 'resampling_rate': 1.7671347655532137, 'et': 0.4326423842998523}. Best is trial 771 with value: 9.337788962361946.
[I 2024-11-01 06:58:23,412] Trial 943 finished with value: 9.504895905858396 and parameters: {'layers': 7, 'max_depth': 2, 'resampling_rate': 1.7943157998645378, 'et': 0.4210737251791579}. Best is trial 771 with value: 9.337788962361946.
[I 2024-11-01 06:58:27,483] Trial 944 finished with value: 9.577299717481374 and parameters: {'layers': 8, 'max_depth': 2, 'resampling_rate': 1.7659769001603633, 'et': 0.04472778695513621}. Best is trial 771 with value: 9.337788962361946.
[I 2024-11-01 06:58:34,038] Trial 945 finished with value: 9.459364139500863 and parameters: {'layers': 10, 'max_depth': 2, 'resampling_rate': 1.7893750655903047, 'et': 0.4445051332213532}. Best is trial 771 with value: 9.337788962361946.
[I 2024-11-01 06:58:38,173] Trial 946 finished with value: 9.514716515862268 and parameters: {'layers': 7, 'max_depth': 2, 'resampling_rate': 1.7464533198890984, 'et': 0.465591161745852}. Best is trial 771 with value: 9.337788962361946.
[I 2024-11-01 06:58:43,352] Trial 947 finished with value: 9.52667166143844 and parameters: {'layers': 9, 'max_depth': 2, 'resampling_rate': 1.7667075297807793, 'et': 0.35137742471864863}. Best is trial 771 with value: 9.337788962361946.
[I 2024-11-01 06:58:50,491] Trial 948 finished with value: 9.447789674573906 and parameters: {'layers': 7, 'max_depth': 2, 'resampling_rate': 1.7277582810909295, 'et': 0.40665180525446826}. Best is trial 771 with value: 9.337788962361946.
[I 2024-11-01 06:58:55,728] Trial 949 finished with value: 9.556406832692636 and parameters: {'layers': 8, 'max_depth': 2, 'resampling_rate': 1.7999409237478503, 'et': 0.391994175809011}. Best is trial 771 with value: 9.337788962361946.
[I 2024-11-01 06:58:59,223] Trial 950 finished with value: 9.54630080684764 and parameters: {'layers': 7, 'max_depth': 2, 'resampling_rate': 1.635948905063073, 'et': 0.4046768954700057}. Best is trial 771 with value: 9.337788962361946.
[I 2024-11-01 06:59:03,263] Trial 951 finished with value: 9.582742687487594 and parameters: {'layers': 8, 'max_depth': 2, 'resampling_rate': 1.7889368301399258, 'et': 0.4566662200660657}. Best is trial 771 with value: 9.337788962361946.
[I 2024-11-01 06:59:09,175] Trial 952 finished with value: 9.452663993079284 and parameters: {'layers': 10, 'max_depth': 2, 'resampling_rate': 1.7365968745828753, 'et': 0.43000768250190086}. Best is trial 771 with value: 9.337788962361946.
[I 2024-11-01 06:59:12,013] Trial 953 finished with value: 10.24462543191354 and parameters: {'layers': 7, 'max_depth': 1, 'resampling_rate': 1.7871260065433001, 'et': 0.40606848629927217}. Best is trial 771 with value: 9.337788962361946.
[I 2024-11-01 06:59:16,739] Trial 954 finished with value: 9.555296031740937 and parameters: {'layers': 7, 'max_depth': 2, 'resampling_rate': 1.7175009997152324, 'et': 0.4459921001187752}. Best is trial 771 with value: 9.337788962361946.
[I 2024-11-01 06:59:22,706] Trial 955 finished with value: 9.621281437065242 and parameters: {'layers': 9, 'max_depth': 2, 'resampling_rate': 1.7815868236238068, 'et': 0.42799858873877356}. Best is trial 771 with value: 9.337788962361946.
[I 2024-11-01 06:59:25,626] Trial 956 finished with value: 9.431730748302021 and parameters: {'layers': 8, 'max_depth': 2, 'resampling_rate': 1.747758234317084, 'et': 0.386868650430432}. Best is trial 771 with value: 9.337788962361946.
[I 2024-11-01 06:59:29,682] Trial 957 finished with value: 9.5349241129655 and parameters: {'layers': 13, 'max_depth': 2, 'resampling_rate': 1.799014363910775, 'et': 0.4645518288185613}. Best is trial 771 with value: 9.337788962361946.
[I 2024-11-01 06:59:34,938] Trial 958 finished with value: 9.470088047642676 and parameters: {'layers': 7, 'max_depth': 2, 'resampling_rate': 1.4759647364280546, 'et': 0.41882175384428244}. Best is trial 771 with value: 9.337788962361946.
[I 2024-11-01 06:59:37,885] Trial 959 finished with value: 9.583911676428992 and parameters: {'layers': 8, 'max_depth': 2, 'resampling_rate': 1.7823087333022634, 'et': 0.07017230617061739}. Best is trial 771 with value: 9.337788962361946.
[I 2024-11-01 06:59:43,090] Trial 960 finished with value: 9.522821640845848 and parameters: {'layers': 7, 'max_depth': 2, 'resampling_rate': 1.5720424292821213, 'et': 0.38613463759052097}. Best is trial 771 with value: 9.337788962361946.
[I 2024-11-01 06:59:46,541] Trial 961 finished with value: 9.55123108758603 and parameters: {'layers': 10, 'max_depth': 2, 'resampling_rate': 1.6783631425877743, 'et': 0.4088666539709669}. Best is trial 771 with value: 9.337788962361946.
[I 2024-11-01 06:59:50,637] Trial 962 finished with value: 9.632343569544366 and parameters: {'layers': 7, 'max_depth': 2, 'resampling_rate': 1.6697278000059363, 'et': 0.37172110038072226}. Best is trial 771 with value: 9.337788962361946.
[I 2024-11-01 06:59:53,574] Trial 963 finished with value: 9.445239491369259 and parameters: {'layers': 7, 'max_depth': 2, 'resampling_rate': 1.5397812211113586, 'et': 0.4263591059160508}. Best is trial 771 with value: 9.337788962361946.
[I 2024-11-01 06:59:58,896] Trial 964 finished with value: 9.639420164017814 and parameters: {'layers': 10, 'max_depth': 2, 'resampling_rate': 1.753187779430132, 'et': 0.4521238039883972}. Best is trial 771 with value: 9.337788962361946.
[I 2024-11-01 07:00:01,777] Trial 965 finished with value: 9.503667648622805 and parameters: {'layers': 9, 'max_depth': 2, 'resampling_rate': 1.773429399787083, 'et': 0.10903594305648764}. Best is trial 771 with value: 9.337788962361946.
[I 2024-11-01 07:00:05,749] Trial 966 finished with value: 9.502927076581416 and parameters: {'layers': 8, 'max_depth': 2, 'resampling_rate': 1.4457061428750055, 'et': 0.3761086830741852}. Best is trial 771 with value: 9.337788962361946.
[I 2024-11-01 07:00:12,234] Trial 967 finished with value: 9.510382880583691 and parameters: {'layers': 7, 'max_depth': 2, 'resampling_rate': 1.458820930667028, 'et': 0.03316182569990975}. Best is trial 771 with value: 9.337788962361946.
[I 2024-11-01 07:00:17,994] Trial 968 finished with value: 9.561721425876256 and parameters: {'layers': 8, 'max_depth': 2, 'resampling_rate': 1.7231875263065923, 'et': 0.4369391756769061}. Best is trial 771 with value: 9.337788962361946.
[I 2024-11-01 07:00:21,478] Trial 969 finished with value: 9.566529631924935 and parameters: {'layers': 7, 'max_depth': 2, 'resampling_rate': 1.5025454947478276, 'et': 0.13166046314734015}. Best is trial 771 with value: 9.337788962361946.
[I 2024-11-01 07:00:24,925] Trial 970 finished with value: 9.508032499154874 and parameters: {'layers': 7, 'max_depth': 2, 'resampling_rate': 1.7767969487092587, 'et': 0.09789096231484656}. Best is trial 771 with value: 9.337788962361946.
[I 2024-11-01 07:00:27,830] Trial 971 finished with value: 9.567494043076616 and parameters: {'layers': 8, 'max_depth': 2, 'resampling_rate': 1.7984903387132256, 'et': 0.059383533085060655}. Best is trial 771 with value: 9.337788962361946.
[I 2024-11-01 07:00:30,709] Trial 972 finished with value: 9.57755579460133 and parameters: {'layers': 10, 'max_depth': 2, 'resampling_rate': 1.6052478427808847, 'et': 0.07856354211744915}. Best is trial 771 with value: 9.337788962361946.
[I 2024-11-01 07:00:34,185] Trial 973 finished with value: 9.473692905237668 and parameters: {'layers': 7, 'max_depth': 2, 'resampling_rate': 1.4283067855013067, 'et': 0.4009088870441626}. Best is trial 771 with value: 9.337788962361946.
[I 2024-11-01 07:00:37,069] Trial 974 finished with value: 9.555387256539209 and parameters: {'layers': 9, 'max_depth': 2, 'resampling_rate': 1.7085855543438977, 'et': 0.05852760274592607}. Best is trial 771 with value: 9.337788962361946.
[I 2024-11-01 07:00:41,655] Trial 975 finished with value: 9.45561907243084 and parameters: {'layers': 8, 'max_depth': 2, 'resampling_rate': 1.6598872536256184, 'et': 0.010629619368001282}. Best is trial 771 with value: 9.337788962361946.
[I 2024-11-01 07:00:46,311] Trial 976 finished with value: 9.426233814071002 and parameters: {'layers': 7, 'max_depth': 2, 'resampling_rate': 1.7312163732663537, 'et': 0.17083540599525848}. Best is trial 771 with value: 9.337788962361946.
[I 2024-11-01 07:00:49,194] Trial 977 finished with value: 9.541323644767921 and parameters: {'layers': 7, 'max_depth': 2, 'resampling_rate': 1.7541941790525537, 'et': 0.09484498703283806}. Best is trial 771 with value: 9.337788962361946.
[I 2024-11-01 07:00:49,665] Trial 978 finished with value: 1000000000.0 and parameters: {'layers': 8, 'max_depth': 2, 'resampling_rate': 1.1134372290785823, 'et': 0.439639307715905}. Best is trial 771 with value: 9.337788962361946.
[I 2024-11-01 07:00:52,544] Trial 979 finished with value: 9.531232594518398 and parameters: {'layers': 10, 'max_depth': 2, 'resampling_rate': 1.4403562237996512, 'et': 0.029895734196743805}. Best is trial 771 with value: 9.337788962361946.
[I 2024-11-01 07:00:55,434] Trial 980 finished with value: 9.560772265652284 and parameters: {'layers': 7, 'max_depth': 2, 'resampling_rate': 1.4684741524261793, 'et': 0.33941249250347955}. Best is trial 771 with value: 9.337788962361946.
[I 2024-11-01 07:00:58,328] Trial 981 finished with value: 9.56232895082165 and parameters: {'layers': 6, 'max_depth': 2, 'resampling_rate': 1.691199871361893, 'et': 0.0767829579700543}. Best is trial 771 with value: 9.337788962361946.
[I 2024-11-01 07:01:01,762] Trial 982 finished with value: 9.478975621919835 and parameters: {'layers': 9, 'max_depth': 2, 'resampling_rate': 1.41839185174082, 'et': 0.11826354422920389}. Best is trial 771 with value: 9.337788962361946.
[I 2024-11-01 07:01:05,804] Trial 983 finished with value: 9.543480459585687 and parameters: {'layers': 8, 'max_depth': 2, 'resampling_rate': 1.7160739643995973, 'et': 0.047638977674588134}. Best is trial 771 with value: 9.337788962361946.
[I 2024-11-01 07:01:08,718] Trial 984 finished with value: 9.591764092655898 and parameters: {'layers': 7, 'max_depth': 2, 'resampling_rate': 1.4263967642711446, 'et': 0.1448562844940622}. Best is trial 771 with value: 9.337788962361946.
[I 2024-11-01 07:01:11,597] Trial 985 finished with value: 9.589377143075053 and parameters: {'layers': 7, 'max_depth': 2, 'resampling_rate': 1.736099447594559, 'et': 0.10347259852776511}. Best is trial 771 with value: 9.337788962361946.
[I 2024-11-01 07:01:16,177] Trial 986 finished with value: 9.544260024655822 and parameters: {'layers': 10, 'max_depth': 2, 'resampling_rate': 1.447216806025215, 'et': 0.07256925279765963}. Best is trial 771 with value: 9.337788962361946.
[I 2024-11-01 07:01:20,215] Trial 987 finished with value: 9.479763316805847 and parameters: {'layers': 8, 'max_depth': 2, 'resampling_rate': 1.4135935020527088, 'et': 0.04426982454442131}. Best is trial 771 with value: 9.337788962361946.
[I 2024-11-01 07:01:23,103] Trial 988 finished with value: 9.51166926495432 and parameters: {'layers': 7, 'max_depth': 2, 'resampling_rate': 1.7013736201120973, 'et': 0.08760229855008152}. Best is trial 771 with value: 9.337788962361946.
[I 2024-11-01 07:01:26,017] Trial 989 finished with value: 9.452058080069333 and parameters: {'layers': 9, 'max_depth': 2, 'resampling_rate': 1.4279137007843246, 'et': 0.025244111421883528}. Best is trial 771 with value: 9.337788962361946.
[I 2024-11-01 07:01:28,926] Trial 990 finished with value: 9.559041014454404 and parameters: {'layers': 7, 'max_depth': 2, 'resampling_rate': 1.6240072030637152, 'et': 0.06011796335407112}. Best is trial 771 with value: 9.337788962361946.
[I 2024-11-01 07:01:32,389] Trial 991 finished with value: 9.515347311818 and parameters: {'layers': 8, 'max_depth': 2, 'resampling_rate': 1.409000277940732, 'et': 0.4145305821023704}. Best is trial 771 with value: 9.337788962361946.
[I 2024-11-01 07:01:35,856] Trial 992 finished with value: 9.535135690779216 and parameters: {'layers': 10, 'max_depth': 2, 'resampling_rate': 1.5251892806565561, 'et': 0.1265636242989729}. Best is trial 771 with value: 9.337788962361946.
[I 2024-11-01 07:01:38,758] Trial 993 finished with value: 9.568774982792291 and parameters: {'layers': 7, 'max_depth': 2, 'resampling_rate': 1.7669241454621252, 'et': 0.0986272033018476}. Best is trial 771 with value: 9.337788962361946.
[I 2024-11-01 07:01:41,587] Trial 994 finished with value: 10.274751597226421 and parameters: {'layers': 6, 'max_depth': 1, 'resampling_rate': 1.5902442964011323, 'et': 0.06783460642884451}. Best is trial 771 with value: 9.337788962361946.
[I 2024-11-01 07:01:42,063] Trial 995 finished with value: 1000000000.0 and parameters: {'layers': 7, 'max_depth': 2, 'resampling_rate': 1.4406908727047334, 'et': 0.4791415521785149}. Best is trial 771 with value: 9.337788962361946.
[I 2024-11-01 07:01:45,529] Trial 996 finished with value: 9.381765324243252 and parameters: {'layers': 9, 'max_depth': 2, 'resampling_rate': 1.1274483156836115, 'et': 0.04543406770682821}. Best is trial 771 with value: 9.337788962361946.
[I 2024-11-01 07:01:52,630] Trial 997 finished with value: 9.471922137068997 and parameters: {'layers': 8, 'max_depth': 2, 'resampling_rate': 1.126877348887603, 'et': 0.033569149794381026}. Best is trial 771 with value: 9.337788962361946.
[I 2024-11-01 07:01:56,122] Trial 998 finished with value: 9.569998264076984 and parameters: {'layers': 7, 'max_depth': 2, 'resampling_rate': 1.103358002115376, 'et': 0.025399191230421704}. Best is trial 771 with value: 9.337788962361946.
[I 2024-11-01 07:01:59,070] Trial 999 finished with value: 9.657501068825956 and parameters: {'layers': 8, 'max_depth': 2, 'resampling_rate': 1.7252463548339103, 'et': 0.047195204695176754}. Best is trial 771 with value: 9.337788962361946.
ecdfr Liver disorders 0 8.047752892279734 2.357409057260935 0.0 15.0