[I 2024-10-31 23:59:03,552] Trial 275 finished with value: 3552.363143499124 and parameters: {'layers': 5, 'max_depth': 2, 'resampling_rate': 1.105210810657206, 'et': 0.15077468344701386}. Best is trial 109 with value: 3508.6982963730675.
[I 2024-10-31 23:59:06,725] Trial 276 finished with value: 3538.8800989567385 and parameters: {'layers': 5, 'max_depth': 2, 'resampling_rate': 1.6608427335938112, 'et': 0.6234360188484969}. Best is trial 109 with value: 3508.6982963730675.
[I 2024-10-31 23:59:09,911] Trial 277 finished with value: 3541.200849223418 and parameters: {'layers': 6, 'max_depth': 2, 'resampling_rate': 1.748311326925708, 'et': 0.10088045725400743}. Best is trial 109 with value: 3508.6982963730675.
[I 2024-10-31 23:59:10,416] Trial 278 finished with value: 1000000000.0 and parameters: {'layers': 5, 'max_depth': 2, 'resampling_rate': 1.35050486441178, 'et': 0.5711382845176312}. Best is trial 109 with value: 3508.6982963730675.
[I 2024-10-31 23:59:13,614] Trial 279 finished with value: 3536.214161329201 and parameters: {'layers': 5, 'max_depth': 2, 'resampling_rate': 1.731857341320803, 'et': 0.21130712970284418}. Best is trial 109 with value: 3508.6982963730675.
[I 2024-10-31 23:59:16,790] Trial 280 finished with value: 3556.4065960436133 and parameters: {'layers': 5, 'max_depth': 2, 'resampling_rate': 1.7700196432661612, 'et': 0.2321428379321455}. Best is trial 109 with value: 3508.6982963730675.
[I 2024-10-31 23:59:19,971] Trial 281 finished with value: 3554.8475282838353 and parameters: {'layers': 5, 'max_depth': 2, 'resampling_rate': 1.7104040475386448, 'et': 0.28698402516800403}. Best is trial 109 with value: 3508.6982963730675.
[I 2024-10-31 23:59:23,148] Trial 282 finished with value: 3531.5180561183447 and parameters: {'layers': 6, 'max_depth': 2, 'resampling_rate': 1.4847473737496393, 'et': 0.18168288394250875}. Best is trial 109 with value: 3508.6982963730675.
[I 2024-10-31 23:59:26,274] Trial 283 finished with value: 3538.783180422252 and parameters: {'layers': 5, 'max_depth': 2, 'resampling_rate': 1.6009715624773162, 'et': 0.6095630252622886}. Best is trial 109 with value: 3508.6982963730675.
[I 2024-10-31 23:59:26,768] Trial 284 finished with value: 1000000000.0 and parameters: {'layers': 5, 'max_depth': 2, 'resampling_rate': 1.2382286021618054, 'et': 0.648759141443158}. Best is trial 109 with value: 3508.6982963730675.
[I 2024-10-31 23:59:29,903] Trial 285 finished with value: 3552.9318027557924 and parameters: {'layers': 5, 'max_depth': 2, 'resampling_rate': 1.7537893349057951, 'et': 0.3074443206907781}. Best is trial 109 with value: 3508.6982963730675.
[I 2024-10-31 23:59:33,129] Trial 286 finished with value: 3540.4830826178845 and parameters: {'layers': 6, 'max_depth': 2, 'resampling_rate': 1.7994633812928829, 'et': 0.5808291250851524}. Best is trial 109 with value: 3508.6982963730675.
[I 2024-10-31 23:59:36,306] Trial 287 finished with value: 3551.2449209331485 and parameters: {'layers': 6, 'max_depth': 2, 'resampling_rate': 1.7241522570092191, 'et': 0.7170554150133311}. Best is trial 109 with value: 3508.6982963730675.
[I 2024-10-31 23:59:39,483] Trial 288 finished with value: 3545.336256011993 and parameters: {'layers': 5, 'max_depth': 2, 'resampling_rate': 1.7366389462348621, 'et': 0.6575678112080336}. Best is trial 109 with value: 3508.6982963730675.
[I 2024-10-31 23:59:42,675] Trial 289 finished with value: 3546.5466890606663 and parameters: {'layers': 5, 'max_depth': 2, 'resampling_rate': 1.7812723110155195, 'et': 0.6091237852137483}. Best is trial 109 with value: 3508.6982963730675.
[I 2024-10-31 23:59:45,888] Trial 290 finished with value: 3531.826370750137 and parameters: {'layers': 6, 'max_depth': 2, 'resampling_rate': 1.758625465062231, 'et': 0.6354574692303916}. Best is trial 109 with value: 3508.6982963730675.
[I 2024-10-31 23:59:49,107] Trial 291 finished with value: 3561.495407225792 and parameters: {'layers': 5, 'max_depth': 2, 'resampling_rate': 1.6775975839481974, 'et': 0.5575952574042577}. Best is trial 109 with value: 3508.6982963730675.
[I 2024-10-31 23:59:52,308] Trial 292 finished with value: 3546.7856300603476 and parameters: {'layers': 5, 'max_depth': 2, 'resampling_rate': 1.3217672038474637, 'et': 0.18584642478079366}. Best is trial 109 with value: 3508.6982963730675.
[I 2024-10-31 23:59:55,506] Trial 293 finished with value: 3539.9295075324276 and parameters: {'layers': 5, 'max_depth': 2, 'resampling_rate': 1.4666791623035718, 'et': 0.39884749633931293}. Best is trial 109 with value: 3508.6982963730675.
[I 2024-10-31 23:59:58,715] Trial 294 finished with value: 3555.4437703411727 and parameters: {'layers': 5, 'max_depth': 2, 'resampling_rate': 1.5672107688260135, 'et': 0.12176810749827792}. Best is trial 109 with value: 3508.6982963730675.
[I 2024-11-01 00:00:01,916] Trial 295 finished with value: 3545.2920384323347 and parameters: {'layers': 9, 'max_depth': 2, 'resampling_rate': 1.7447449275560292, 'et': 0.2439591379268694}. Best is trial 109 with value: 3508.6982963730675.
[I 2024-11-01 00:00:05,091] Trial 296 finished with value: 3549.4866402970015 and parameters: {'layers': 12, 'max_depth': 2, 'resampling_rate': 1.7132532208175746, 'et': 0.5939545382293604}. Best is trial 109 with value: 3508.6982963730675.
[I 2024-11-01 00:00:05,597] Trial 297 finished with value: 1000000000.0 and parameters: {'layers': 6, 'max_depth': 2, 'resampling_rate': 1.2610215438967385, 'et': 0.3324368283976241}. Best is trial 109 with value: 3508.6982963730675.
[I 2024-11-01 00:00:06,105] Trial 298 finished with value: 1000000000.0 and parameters: {'layers': 5, 'max_depth': 2, 'resampling_rate': 1.3648535947196319, 'et': 0.6182228571821451}. Best is trial 109 with value: 3508.6982963730675.
[I 2024-11-01 00:00:09,347] Trial 299 finished with value: 3531.391125563879 and parameters: {'layers': 5, 'max_depth': 2, 'resampling_rate': 1.7680236735692754, 'et': 0.19657410820845414}. Best is trial 109 with value: 3508.6982963730675.
[I 2024-11-01 00:00:12,558] Trial 300 finished with value: 3564.419206131723 and parameters: {'layers': 6, 'max_depth': 2, 'resampling_rate': 1.617614707741115, 'et': 0.144097416298084}. Best is trial 109 with value: 3508.6982963730675.
[I 2024-11-01 00:00:13,076] Trial 301 finished with value: 1000000000.0 and parameters: {'layers': 7, 'max_depth': 2, 'resampling_rate': 1.6377282982249923, 'et': 0.7385166357745915}. Best is trial 109 with value: 3508.6982963730675.
[I 2024-11-01 00:00:16,268] Trial 302 finished with value: 3526.433520767523 and parameters: {'layers': 5, 'max_depth': 2, 'resampling_rate': 1.2177942683021783, 'et': 0.21695999365642432}. Best is trial 109 with value: 3508.6982963730675.
[I 2024-11-01 00:00:19,472] Trial 303 finished with value: 3525.4440213295507 and parameters: {'layers': 5, 'max_depth': 2, 'resampling_rate': 1.2186066285012478, 'et': 0.22161303056880297}. Best is trial 109 with value: 3508.6982963730675.
[I 2024-11-01 00:00:22,481] Trial 304 finished with value: 3980.387400568315 and parameters: {'layers': 5, 'max_depth': 1, 'resampling_rate': 1.2365321836728065, 'et': 0.2234414082626931}. Best is trial 109 with value: 3508.6982963730675.
[I 2024-11-01 00:00:22,993] Trial 305 finished with value: 1000000000.0 and parameters: {'layers': 5, 'max_depth': 2, 'resampling_rate': 1.2176451671338493, 'et': 0.2672229998429068}. Best is trial 109 with value: 3508.6982963730675.
[I 2024-11-01 00:00:26,164] Trial 306 finished with value: 3564.115797150424 and parameters: {'layers': 5, 'max_depth': 2, 'resampling_rate': 1.196415899066175, 'et': 0.21130874433477242}. Best is trial 109 with value: 3508.6982963730675.
[I 2024-11-01 00:00:26,670] Trial 307 finished with value: 1000000000.0 and parameters: {'layers': 5, 'max_depth': 2, 'resampling_rate': 1.202768728053832, 'et': 0.24665870798626227}. Best is trial 109 with value: 3508.6982963730675.
[I 2024-11-01 00:00:29,843] Trial 308 finished with value: 3536.1321761060776 and parameters: {'layers': 5, 'max_depth': 2, 'resampling_rate': 1.2197132263749506, 'et': 0.23139472507618136}. Best is trial 109 with value: 3508.6982963730675.
[I 2024-11-01 00:00:33,028] Trial 309 finished with value: 3529.434324010103 and parameters: {'layers': 5, 'max_depth': 2, 'resampling_rate': 1.2251874061279815, 'et': 0.1709973129927121}. Best is trial 109 with value: 3508.6982963730675.
[I 2024-11-01 00:00:36,224] Trial 310 finished with value: 3555.1595740724133 and parameters: {'layers': 5, 'max_depth': 2, 'resampling_rate': 1.2505783240564008, 'et': 0.2079214248026437}. Best is trial 109 with value: 3508.6982963730675.
[I 2024-11-01 00:00:39,406] Trial 311 finished with value: 3539.8056411983657 and parameters: {'layers': 5, 'max_depth': 2, 'resampling_rate': 1.188177882220013, 'et': 0.19843122943332775}. Best is trial 109 with value: 3508.6982963730675.
[I 2024-11-01 00:00:39,911] Trial 312 finished with value: 1000000000.0 and parameters: {'layers': 5, 'max_depth': 2, 'resampling_rate': 1.2067157465183835, 'et': 0.6715815698662692}. Best is trial 109 with value: 3508.6982963730675.
[I 2024-11-01 00:00:43,118] Trial 313 finished with value: 3583.958663861625 and parameters: {'layers': 5, 'max_depth': 2, 'resampling_rate': 1.5316937830507986, 'et': 0.2201374071204385}. Best is trial 109 with value: 3508.6982963730675.
[I 2024-11-01 00:00:46,317] Trial 314 finished with value: 3555.3114930439333 and parameters: {'layers': 5, 'max_depth': 2, 'resampling_rate': 1.234199844679539, 'et': 0.17905410430320673}. Best is trial 109 with value: 3508.6982963730675.
[I 2024-11-01 00:00:49,512] Trial 315 finished with value: 3548.64470165897 and parameters: {'layers': 5, 'max_depth': 2, 'resampling_rate': 1.2094419529071136, 'et': 0.16044059512225692}. Best is trial 109 with value: 3508.6982963730675.
[I 2024-11-01 00:00:52,710] Trial 316 finished with value: 3545.5376563703016 and parameters: {'layers': 5, 'max_depth': 2, 'resampling_rate': 1.38287787976373, 'et': 0.25508629584165365}. Best is trial 109 with value: 3508.6982963730675.
[I 2024-11-01 00:00:53,225] Trial 317 finished with value: 1000000000.0 and parameters: {'layers': 5, 'max_depth': 2, 'resampling_rate': 1.1726732729103468, 'et': 0.6995099624829824}. Best is trial 109 with value: 3508.6982963730675.
[I 2024-11-01 00:00:56,432] Trial 318 finished with value: 3532.714224699231 and parameters: {'layers': 5, 'max_depth': 2, 'resampling_rate': 1.2492122271133166, 'et': 0.23159226093888532}. Best is trial 109 with value: 3508.6982963730675.
[I 2024-11-01 00:00:59,667] Trial 319 finished with value: 3535.445156241011 and parameters: {'layers': 5, 'max_depth': 2, 'resampling_rate': 1.7348173523008878, 'et': 0.6470456380434136}. Best is trial 109 with value: 3508.6982963730675.
[I 2024-11-01 00:01:00,183] Trial 320 finished with value: 1000000000.0 and parameters: {'layers': 5, 'max_depth': 2, 'resampling_rate': 1.749035555267881, 'et': 0.8464404508449378}. Best is trial 109 with value: 3508.6982963730675.
[I 2024-11-01 00:01:03,411] Trial 321 finished with value: 3565.0739278613523 and parameters: {'layers': 5, 'max_depth': 2, 'resampling_rate': 1.396684081423402, 'et': 0.2019764435278112}. Best is trial 109 with value: 3508.6982963730675.
[I 2024-11-01 00:01:06,612] Trial 322 finished with value: 3544.693432758859 and parameters: {'layers': 5, 'max_depth': 2, 'resampling_rate': 1.7665715964328217, 'et': 0.6610200336692293}. Best is trial 109 with value: 3508.6982963730675.
[I 2024-11-01 00:01:09,846] Trial 323 finished with value: 3539.7541064293205 and parameters: {'layers': 5, 'max_depth': 2, 'resampling_rate': 1.7242260467728168, 'et': 0.1907426366429457}. Best is trial 109 with value: 3508.6982963730675.
[I 2024-11-01 00:01:13,044] Trial 324 finished with value: 3544.139774809883 and parameters: {'layers': 5, 'max_depth': 2, 'resampling_rate': 1.5072011338711369, 'et': 0.278631482478428}. Best is trial 109 with value: 3508.6982963730675.
[I 2024-11-01 00:01:13,560] Trial 325 finished with value: 1000000000.0 and parameters: {'layers': 5, 'max_depth': 2, 'resampling_rate': 1.330555715427427, 'et': 0.6328419917601663}. Best is trial 109 with value: 3508.6982963730675.
[I 2024-11-01 00:01:16,786] Trial 326 finished with value: 3557.504334616946 and parameters: {'layers': 5, 'max_depth': 2, 'resampling_rate': 1.7830616980627267, 'et': 0.6834897421039285}. Best is trial 109 with value: 3508.6982963730675.
[I 2024-11-01 00:01:19,984] Trial 327 finished with value: 3530.4408534313247 and parameters: {'layers': 11, 'max_depth': 2, 'resampling_rate': 1.2206082566401029, 'et': 0.21628165808572408}. Best is trial 109 with value: 3508.6982963730675.
[I 2024-11-01 00:01:23,192] Trial 328 finished with value: 3537.427005775273 and parameters: {'layers': 5, 'max_depth': 2, 'resampling_rate': 1.7054757854177118, 'et': 0.3690428875882881}. Best is trial 109 with value: 3508.6982963730675.
[I 2024-11-01 00:01:23,699] Trial 329 finished with value: 1000000000.0 and parameters: {'layers': 5, 'max_depth': 2, 'resampling_rate': 1.739746851990051, 'et': 0.7557434827371229}. Best is trial 109 with value: 3508.6982963730675.
[I 2024-11-01 00:01:26,878] Trial 330 finished with value: 3518.2006286103383 and parameters: {'layers': 5, 'max_depth': 2, 'resampling_rate': 1.4370560917572948, 'et': 0.23578348669013147}. Best is trial 109 with value: 3508.6982963730675.
[I 2024-11-01 00:01:30,076] Trial 331 finished with value: 3554.8403065755497 and parameters: {'layers': 5, 'max_depth': 2, 'resampling_rate': 1.394465408180719, 'et': 0.23931622567307265}. Best is trial 109 with value: 3508.6982963730675.
[I 2024-11-01 00:01:33,272] Trial 332 finished with value: 3549.5343394317933 and parameters: {'layers': 5, 'max_depth': 2, 'resampling_rate': 1.494743314488677, 'et': 0.2427740212965016}. Best is trial 109 with value: 3508.6982963730675.
[I 2024-11-01 00:01:36,387] Trial 333 finished with value: 3533.8806371130504 and parameters: {'layers': 13, 'max_depth': 2, 'resampling_rate': 1.4607648079900988, 'et': 0.17338076801425384}. Best is trial 109 with value: 3508.6982963730675.
[I 2024-11-01 00:01:39,485] Trial 334 finished with value: 3552.5108840690664 and parameters: {'layers': 5, 'max_depth': 2, 'resampling_rate': 1.4328125848817979, 'et': 0.25753048021386293}. Best is trial 109 with value: 3508.6982963730675.
[I 2024-11-01 00:01:42,595] Trial 335 finished with value: 3555.8726350828006 and parameters: {'layers': 5, 'max_depth': 2, 'resampling_rate': 1.448072772519443, 'et': 0.20941660501617698}. Best is trial 109 with value: 3508.6982963730675.
[I 2024-11-01 00:01:43,092] Trial 336 finished with value: 1000000000.0 and parameters: {'layers': 10, 'max_depth': 2, 'resampling_rate': 1.185586177759834, 'et': 0.2248877934316055}. Best is trial 109 with value: 3508.6982963730675.
[I 2024-11-01 00:01:46,205] Trial 337 finished with value: 3532.723857577453 and parameters: {'layers': 5, 'max_depth': 2, 'resampling_rate': 1.416513068737745, 'et': 0.13477558660094108}. Best is trial 109 with value: 3508.6982963730675.
[I 2024-11-01 00:01:49,307] Trial 338 finished with value: 3543.0338366837823 and parameters: {'layers': 5, 'max_depth': 2, 'resampling_rate': 1.1542158927834703, 'et': 0.19098257256223558}. Best is trial 109 with value: 3508.6982963730675.
[I 2024-11-01 00:01:49,803] Trial 339 finished with value: 1000000000.0 and parameters: {'layers': 5, 'max_depth': 2, 'resampling_rate': 1.4067611255199974, 'et': 0.6414703098438005}. Best is trial 109 with value: 3508.6982963730675.
[I 2024-11-01 00:01:52,910] Trial 340 finished with value: 3556.094205731231 and parameters: {'layers': 5, 'max_depth': 2, 'resampling_rate': 1.7575724274992628, 'et': 0.7185355346202992}. Best is trial 109 with value: 3508.6982963730675.
[I 2024-11-01 00:01:53,405] Trial 341 finished with value: 1000000000.0 and parameters: {'layers': 5, 'max_depth': 2, 'resampling_rate': 1.2399815909978074, 'et': 0.2698225333250146}. Best is trial 109 with value: 3508.6982963730675.
[I 2024-11-01 00:01:56,339] Trial 342 finished with value: 4007.403960670976 and parameters: {'layers': 5, 'max_depth': 1, 'resampling_rate': 1.199770887378314, 'et': 0.1594398610146617}. Best is trial 109 with value: 3508.6982963730675.
[I 2024-11-01 00:01:59,441] Trial 343 finished with value: 3560.8852742919044 and parameters: {'layers': 5, 'max_depth': 2, 'resampling_rate': 1.3707492162232042, 'et': 0.2973012085292736}. Best is trial 109 with value: 3508.6982963730675.
[I 2024-11-01 00:02:02,558] Trial 344 finished with value: 3532.0323450402066 and parameters: {'layers': 5, 'max_depth': 2, 'resampling_rate': 1.7764296944170896, 'et': 0.2311009728320785}. Best is trial 109 with value: 3508.6982963730675.
[I 2024-11-01 00:02:03,054] Trial 345 finished with value: 1000000000.0 and parameters: {'layers': 5, 'max_depth': 2, 'resampling_rate': 1.2137248633061355, 'et': 0.6659712161366859}. Best is trial 109 with value: 3508.6982963730675.
[I 2024-11-01 00:02:06,164] Trial 346 finished with value: 3562.1522832395335 and parameters: {'layers': 5, 'max_depth': 2, 'resampling_rate': 1.790839898033803, 'et': 0.627344080433109}. Best is trial 109 with value: 3508.6982963730675.
[I 2024-11-01 00:02:09,271] Trial 347 finished with value: 3553.229900013545 and parameters: {'layers': 5, 'max_depth': 2, 'resampling_rate': 1.3558386687711763, 'et': 0.2070707366234752}. Best is trial 109 with value: 3508.6982963730675.
[I 2024-11-01 00:02:12,383] Trial 348 finished with value: 3530.1240092812163 and parameters: {'layers': 5, 'max_depth': 2, 'resampling_rate': 1.7604824592890889, 'et': 0.18267895900661618}. Best is trial 109 with value: 3508.6982963730675.
[I 2024-11-01 00:02:12,879] Trial 349 finished with value: 1000000000.0 and parameters: {'layers': 5, 'max_depth': 2, 'resampling_rate': 1.4297021138838486, 'et': 0.6828251614706711}. Best is trial 109 with value: 3508.6982963730675.
[I 2024-11-01 00:02:13,375] Trial 350 finished with value: 1000000000.0 and parameters: {'layers': 5, 'max_depth': 2, 'resampling_rate': 1.2280242567702968, 'et': 0.3167018125971699}. Best is trial 109 with value: 3508.6982963730675.
[I 2024-11-01 00:02:13,873] Trial 351 finished with value: 1000000000.0 and parameters: {'layers': 10, 'max_depth': 2, 'resampling_rate': 1.722873458476463, 'et': 0.7956041647173246}. Best is trial 109 with value: 3508.6982963730675.
[I 2024-11-01 00:02:14,375] Trial 352 finished with value: 1000000000.0 and parameters: {'layers': 5, 'max_depth': 2, 'resampling_rate': 1.7478970307100707, 'et': 0.7676175611812202}. Best is trial 109 with value: 3508.6982963730675.
[I 2024-11-01 00:02:17,486] Trial 353 finished with value: 3534.623649378275 and parameters: {'layers': 6, 'max_depth': 2, 'resampling_rate': 1.7757616742596656, 'et': 0.2488504680213935}. Best is trial 109 with value: 3508.6982963730675.
[I 2024-11-01 00:02:20,572] Trial 354 finished with value: 3536.757515155518 and parameters: {'layers': 5, 'max_depth': 2, 'resampling_rate': 1.385393971371484, 'et': 0.1484596675870796}. Best is trial 109 with value: 3508.6982963730675.
[I 2024-11-01 00:02:21,068] Trial 355 finished with value: 1000000000.0 and parameters: {'layers': 5, 'max_depth': 2, 'resampling_rate': 1.4421505837637056, 'et': 0.7062330507015969}. Best is trial 109 with value: 3508.6982963730675.
[I 2024-11-01 00:02:21,565] Trial 356 finished with value: 1000000000.0 and parameters: {'layers': 5, 'max_depth': 2, 'resampling_rate': 1.24911192907825, 'et': 0.651424050137461}. Best is trial 109 with value: 3508.6982963730675.
[I 2024-11-01 00:02:24,687] Trial 357 finished with value: 3540.0065959920794 and parameters: {'layers': 5, 'max_depth': 2, 'resampling_rate': 1.7083456872154514, 'et': 0.11102942770335562}. Best is trial 109 with value: 3508.6982963730675.
[I 2024-11-01 00:02:27,790] Trial 358 finished with value: 3544.8779148650246 and parameters: {'layers': 6, 'max_depth': 2, 'resampling_rate': 1.732636341692125, 'et': 0.6151461644089745}. Best is trial 109 with value: 3508.6982963730675.
[I 2024-11-01 00:02:31,529] Trial 359 finished with value: 3560.2409180282407 and parameters: {'layers': 5, 'max_depth': 2, 'resampling_rate': 1.3409382660396039, 'et': 0.21803609069569335}. Best is trial 109 with value: 3508.6982963730675.
[I 2024-11-01 00:02:32,024] Trial 360 finished with value: 1000000000.0 and parameters: {'layers': 5, 'max_depth': 2, 'resampling_rate': 1.2701492989394956, 'et': 0.42614505848865697}. Best is trial 109 with value: 3508.6982963730675.
[I 2024-11-01 00:02:32,519] Trial 361 finished with value: 1000000000.0 and parameters: {'layers': 5, 'max_depth': 2, 'resampling_rate': 1.2916227710723451, 'et': 0.7301711952609934}. Best is trial 109 with value: 3508.6982963730675.
[I 2024-11-01 00:02:35,627] Trial 362 finished with value: 3520.7307224735086 and parameters: {'layers': 13, 'max_depth': 2, 'resampling_rate': 1.7598776707390265, 'et': 0.20177334631068766}. Best is trial 109 with value: 3508.6982963730675.
[I 2024-11-01 00:02:38,769] Trial 363 finished with value: 3553.634781652925 and parameters: {'layers': 13, 'max_depth': 2, 'resampling_rate': 1.764211015669669, 'et': 0.18697052157008437}. Best is trial 109 with value: 3508.6982963730675.
[I 2024-11-01 00:02:41,877] Trial 364 finished with value: 3575.908228585978 and parameters: {'layers': 12, 'max_depth': 2, 'resampling_rate': 1.7551837701809165, 'et': 0.19909035641525638}. Best is trial 109 with value: 3508.6982963730675.
[I 2024-11-01 00:02:44,989] Trial 365 finished with value: 3543.128793709299 and parameters: {'layers': 6, 'max_depth': 2, 'resampling_rate': 1.741956314892065, 'et': 0.16548830428467903}. Best is trial 109 with value: 3508.6982963730675.
[I 2024-11-01 00:02:48,141] Trial 366 finished with value: 3574.336103466081 and parameters: {'layers': 14, 'max_depth': 2, 'resampling_rate': 1.785459947656669, 'et': 0.23139163336443977}. Best is trial 109 with value: 3508.6982963730675.
