[I 2024-11-01 00:02:51,251] Trial 367 finished with value: 3548.7735083152306 and parameters: {'layers': 14, 'max_depth': 2, 'resampling_rate': 1.6971546845875132, 'et': 0.2034127848675933}. Best is trial 109 with value: 3508.6982963730675.
[I 2024-11-01 00:02:54,406] Trial 368 finished with value: 3531.0126349579573 and parameters: {'layers': 13, 'max_depth': 2, 'resampling_rate': 1.7704928419270618, 'et': 0.18147927722839732}. Best is trial 109 with value: 3508.6982963730675.
[I 2024-11-01 00:02:57,531] Trial 369 finished with value: 3530.8054950379496 and parameters: {'layers': 9, 'max_depth': 2, 'resampling_rate': 1.7998539509314448, 'et': 0.22039529446508455}. Best is trial 109 with value: 3508.6982963730675.
[I 2024-11-01 00:03:00,646] Trial 370 finished with value: 3554.427025184928 and parameters: {'layers': 15, 'max_depth': 2, 'resampling_rate': 1.7511766593284939, 'et': 0.6350111931240501}. Best is trial 109 with value: 3508.6982963730675.
[I 2024-11-01 00:03:03,761] Trial 371 finished with value: 3562.610143308955 and parameters: {'layers': 12, 'max_depth': 2, 'resampling_rate': 1.7292216138112289, 'et': 0.2547478956944706}. Best is trial 109 with value: 3508.6982963730675.
[I 2024-11-01 00:03:04,259] Trial 372 finished with value: 1000000000.0 and parameters: {'layers': 6, 'max_depth': 2, 'resampling_rate': 1.2252892976839493, 'et': 0.6677500636263799}. Best is trial 109 with value: 3508.6982963730675.
[I 2024-11-01 00:03:04,757] Trial 373 finished with value: 1000000000.0 and parameters: {'layers': 5, 'max_depth': 2, 'resampling_rate': 1.1373939946200302, 'et': 0.23552131281189642}. Best is trial 109 with value: 3508.6982963730675.
[I 2024-11-01 00:03:05,253] Trial 374 finished with value: 1000000000.0 and parameters: {'layers': 8, 'max_depth': 2, 'resampling_rate': 1.201811824702437, 'et': 0.6141651990754623}. Best is trial 109 with value: 3508.6982963730675.
[I 2024-11-01 00:03:08,408] Trial 375 finished with value: 3521.035422911424 and parameters: {'layers': 5, 'max_depth': 2, 'resampling_rate': 1.7650969703823898, 'et': 0.19964283208010586}. Best is trial 109 with value: 3508.6982963730675.
[I 2024-11-01 00:03:11,665] Trial 376 finished with value: 3535.6806018701204 and parameters: {'layers': 5, 'max_depth': 2, 'resampling_rate': 1.740938469789187, 'et': 0.2071773620443844}. Best is trial 109 with value: 3508.6982963730675.
[I 2024-11-01 00:03:14,779] Trial 377 finished with value: 3549.818455893228 and parameters: {'layers': 5, 'max_depth': 2, 'resampling_rate': 1.7217401785365538, 'et': 0.16384820237104536}. Best is trial 109 with value: 3508.6982963730675.
[I 2024-11-01 00:03:17,894] Trial 378 finished with value: 3536.217377098848 and parameters: {'layers': 6, 'max_depth': 2, 'resampling_rate': 1.7617508002915694, 'et': 0.18553836491627554}. Best is trial 109 with value: 3508.6982963730675.
[I 2024-11-01 00:03:20,820] Trial 379 finished with value: 3975.937082960297 and parameters: {'layers': 5, 'max_depth': 1, 'resampling_rate': 1.7467228716856318, 'et': 0.21377497984783986}. Best is trial 109 with value: 3508.6982963730675.
[I 2024-11-01 00:03:23,928] Trial 380 finished with value: 3539.1975163079774 and parameters: {'layers': 5, 'max_depth': 2, 'resampling_rate': 1.1917897175814833, 'et': 0.15086051755432547}. Best is trial 109 with value: 3508.6982963730675.
[I 2024-11-01 00:03:27,056] Trial 381 finished with value: 3551.9105400412614 and parameters: {'layers': 5, 'max_depth': 2, 'resampling_rate': 1.7140642870498388, 'et': 0.19089419423713996}. Best is trial 109 with value: 3508.6982963730675.
[I 2024-11-01 00:03:30,182] Trial 382 finished with value: 3547.178900970556 and parameters: {'layers': 5, 'max_depth': 2, 'resampling_rate': 1.259402840389395, 'et': 0.2248681742800363}. Best is trial 109 with value: 3508.6982963730675.
[I 2024-11-01 00:03:30,679] Trial 383 finished with value: 1000000000.0 and parameters: {'layers': 6, 'max_depth': 2, 'resampling_rate': 1.414004496166621, 'et': 0.692607592809446}. Best is trial 109 with value: 3508.6982963730675.
[I 2024-11-01 00:03:33,792] Trial 384 finished with value: 3533.3913185681627 and parameters: {'layers': 5, 'max_depth': 2, 'resampling_rate': 1.2388069644048523, 'et': 0.1759844822971935}. Best is trial 109 with value: 3508.6982963730675.
[I 2024-11-01 00:03:36,895] Trial 385 finished with value: 3535.4820970466135 and parameters: {'layers': 5, 'max_depth': 2, 'resampling_rate': 1.2152303534585818, 'et': 0.19759370279360547}. Best is trial 109 with value: 3508.6982963730675.
[I 2024-11-01 00:03:40,014] Trial 386 finished with value: 3532.4927239740823 and parameters: {'layers': 5, 'max_depth': 2, 'resampling_rate': 1.7351895748793487, 'et': 0.2758019972397565}. Best is trial 109 with value: 3508.6982963730675.
[I 2024-11-01 00:03:43,129] Trial 387 finished with value: 3534.517585895577 and parameters: {'layers': 6, 'max_depth': 2, 'resampling_rate': 1.7579623587756061, 'et': 0.7407407814509619}. Best is trial 109 with value: 3508.6982963730675.
[I 2024-11-01 00:03:46,246] Trial 388 finished with value: 3550.6963945646444 and parameters: {'layers': 5, 'max_depth': 2, 'resampling_rate': 1.7821358003766712, 'et': 0.24838580561180584}. Best is trial 109 with value: 3508.6982963730675.
[I 2024-11-01 00:03:49,365] Trial 389 finished with value: 3532.3756620794106 and parameters: {'layers': 5, 'max_depth': 2, 'resampling_rate': 1.768547910512521, 'et': 0.13159343706901183}. Best is trial 109 with value: 3508.6982963730675.
[I 2024-11-01 00:03:52,474] Trial 390 finished with value: 3558.9727123337566 and parameters: {'layers': 5, 'max_depth': 2, 'resampling_rate': 1.7499386410664493, 'et': 0.21830829529898535}. Best is trial 109 with value: 3508.6982963730675.
[I 2024-11-01 00:03:55,594] Trial 391 finished with value: 3541.7927326309105 and parameters: {'layers': 6, 'max_depth': 2, 'resampling_rate': 1.7032168256099738, 'et': 0.6497077444588587}. Best is trial 109 with value: 3508.6982963730675.
[I 2024-11-01 00:03:58,720] Trial 392 finished with value: 3544.734488644828 and parameters: {'layers': 14, 'max_depth': 2, 'resampling_rate': 1.726428847230103, 'et': 0.23652889178876985}. Best is trial 109 with value: 3508.6982963730675.
[I 2024-11-01 00:04:01,830] Trial 393 finished with value: 3544.1705655491755 and parameters: {'layers': 9, 'max_depth': 2, 'resampling_rate': 1.1728967649232032, 'et': 0.19931532840178431}. Best is trial 109 with value: 3508.6982963730675.
[I 2024-11-01 00:04:04,977] Trial 394 finished with value: 3533.64644460302 and parameters: {'layers': 13, 'max_depth': 2, 'resampling_rate': 1.7380013136683166, 'et': 0.1728472830801132}. Best is trial 109 with value: 3508.6982963730675.
[I 2024-11-01 00:04:05,470] Trial 395 finished with value: 1000000000.0 and parameters: {'layers': 11, 'max_depth': 2, 'resampling_rate': 1.3728635553620285, 'et': 0.6761173721439073}. Best is trial 109 with value: 3508.6982963730675.
[I 2024-11-01 00:04:08,542] Trial 396 finished with value: 3538.468698586665 and parameters: {'layers': 5, 'max_depth': 2, 'resampling_rate': 1.2258577761197773, 'et': 0.2117132109919953}. Best is trial 109 with value: 3508.6982963730675.
[I 2024-11-01 00:04:09,035] Trial 397 finished with value: 1000000000.0 and parameters: {'layers': 5, 'max_depth': 2, 'resampling_rate': 1.753398096842777, 'et': 0.7773687433529467}. Best is trial 109 with value: 3508.6982963730675.
[I 2024-11-01 00:04:12,154] Trial 398 finished with value: 3527.999139462212 and parameters: {'layers': 5, 'max_depth': 2, 'resampling_rate': 1.7670468389822327, 'et': 0.2628773961487404}. Best is trial 109 with value: 3508.6982963730675.
[I 2024-11-01 00:04:15,244] Trial 399 finished with value: 3534.9737671948183 and parameters: {'layers': 5, 'max_depth': 2, 'resampling_rate': 1.4748784287894379, 'et': 0.15527659595006005}. Best is trial 109 with value: 3508.6982963730675.
[I 2024-11-01 00:04:18,339] Trial 400 finished with value: 3543.6384613812297 and parameters: {'layers': 6, 'max_depth': 2, 'resampling_rate': 1.2058275195248502, 'et': 0.061830848349833725}. Best is trial 109 with value: 3508.6982963730675.
[I 2024-11-01 00:04:21,416] Trial 401 finished with value: 3533.81053352279 and parameters: {'layers': 5, 'max_depth': 2, 'resampling_rate': 1.788261850434014, 'et': 0.6412526125853082}. Best is trial 109 with value: 3508.6982963730675.
[I 2024-11-01 00:04:24,508] Trial 402 finished with value: 3540.2934450892026 and parameters: {'layers': 5, 'max_depth': 2, 'resampling_rate': 1.7246124777584166, 'et': 0.23639556769363065}. Best is trial 109 with value: 3508.6982963730675.
[I 2024-11-01 00:04:27,586] Trial 403 finished with value: 3543.806929719078 and parameters: {'layers': 5, 'max_depth': 2, 'resampling_rate': 1.775246094888056, 'et': 0.713795578516268}. Best is trial 109 with value: 3508.6982963730675.
[I 2024-11-01 00:04:28,105] Trial 404 finished with value: 1000000000.0 and parameters: {'layers': 6, 'max_depth': 2, 'resampling_rate': 1.2393102083573184, 'et': 0.6629607239408413}. Best is trial 109 with value: 3508.6982963730675.
[I 2024-11-01 00:04:31,228] Trial 405 finished with value: 3561.809696418859 and parameters: {'layers': 5, 'max_depth': 2, 'resampling_rate': 1.3554428524316302, 'et': 0.18836750658901857}. Best is trial 109 with value: 3508.6982963730675.
[I 2024-11-01 00:04:34,376] Trial 406 finished with value: 3530.2282534440787 and parameters: {'layers': 5, 'max_depth': 2, 'resampling_rate': 1.6919070246353165, 'et': 0.16633444400995487}. Best is trial 109 with value: 3508.6982963730675.
[I 2024-11-01 00:04:37,481] Trial 407 finished with value: 3534.181220717865 and parameters: {'layers': 15, 'max_depth': 2, 'resampling_rate': 1.3071465589925544, 'et': 0.2115760386906936}. Best is trial 109 with value: 3508.6982963730675.
[I 2024-11-01 00:04:40,655] Trial 408 finished with value: 3549.973090408665 and parameters: {'layers': 7, 'max_depth': 2, 'resampling_rate': 1.745138036699633, 'et': 0.6264181158606783}. Best is trial 109 with value: 3508.6982963730675.
[I 2024-11-01 00:04:41,154] Trial 409 finished with value: 1000000000.0 and parameters: {'layers': 5, 'max_depth': 2, 'resampling_rate': 1.3923167496110087, 'et': 0.7527441328794048}. Best is trial 109 with value: 3508.6982963730675.
[I 2024-11-01 00:04:44,251] Trial 410 finished with value: 3528.7633641889583 and parameters: {'layers': 6, 'max_depth': 2, 'resampling_rate': 1.7353612811901438, 'et': 0.1408772711619049}. Best is trial 109 with value: 3508.6982963730675.
[I 2024-11-01 00:04:47,347] Trial 411 finished with value: 3534.2690712023 and parameters: {'layers': 5, 'max_depth': 2, 'resampling_rate': 1.7167281105687668, 'et': 0.6550198385100807}. Best is trial 109 with value: 3508.6982963730675.
[I 2024-11-01 00:04:50,447] Trial 412 finished with value: 3525.786358415547 and parameters: {'layers': 5, 'max_depth': 2, 'resampling_rate': 1.7593121617206062, 'et': 0.09558799006086277}. Best is trial 109 with value: 3508.6982963730675.
[I 2024-11-01 00:04:53,582] Trial 413 finished with value: 3521.9908755857336 and parameters: {'layers': 5, 'max_depth': 2, 'resampling_rate': 1.7637051704165718, 'et': 0.1051772143794213}. Best is trial 109 with value: 3508.6982963730675.
[I 2024-11-01 00:04:56,752] Trial 414 finished with value: 3536.19082261481 and parameters: {'layers': 5, 'max_depth': 2, 'resampling_rate': 1.7729891294392122, 'et': 0.08949516838500061}. Best is trial 109 with value: 3508.6982963730675.
[I 2024-11-01 00:04:59,881] Trial 415 finished with value: 3525.8837846950096 and parameters: {'layers': 5, 'max_depth': 2, 'resampling_rate': 1.7878861108470332, 'et': 0.10712744784095157}. Best is trial 109 with value: 3508.6982963730675.
[I 2024-11-01 00:05:03,018] Trial 416 finished with value: 3535.9670679601063 and parameters: {'layers': 5, 'max_depth': 2, 'resampling_rate': 1.7850214835774845, 'et': 0.08050977325668633}. Best is trial 109 with value: 3508.6982963730675.
[I 2024-11-01 00:05:06,152] Trial 417 finished with value: 3561.4172324207007 and parameters: {'layers': 5, 'max_depth': 2, 'resampling_rate': 1.7890349532258722, 'et': 0.10061812248033877}. Best is trial 109 with value: 3508.6982963730675.
[I 2024-11-01 00:05:09,306] Trial 418 finished with value: 3535.1497368577343 and parameters: {'layers': 5, 'max_depth': 2, 'resampling_rate': 1.7943916436383776, 'et': 0.06820205840000931}. Best is trial 109 with value: 3508.6982963730675.
[I 2024-11-01 00:05:12,252] Trial 419 finished with value: 4010.2255007646704 and parameters: {'layers': 5, 'max_depth': 1, 'resampling_rate': 1.7675194158835765, 'et': 0.04659585692742982}. Best is trial 109 with value: 3508.6982963730675.
[I 2024-11-01 00:05:15,387] Trial 420 finished with value: 3569.0377627351736 and parameters: {'layers': 5, 'max_depth': 2, 'resampling_rate': 1.7561851293111161, 'et': 0.11443661608004302}. Best is trial 109 with value: 3508.6982963730675.
[I 2024-11-01 00:05:18,527] Trial 421 finished with value: 3545.929280652708 and parameters: {'layers': 5, 'max_depth': 2, 'resampling_rate': 1.7797742294851155, 'et': 0.10062179631380135}. Best is trial 109 with value: 3508.6982963730675.
[I 2024-11-01 00:05:21,658] Trial 422 finished with value: 3531.290357619098 and parameters: {'layers': 5, 'max_depth': 2, 'resampling_rate': 1.7587177332878812, 'et': 0.11389532736031557}. Best is trial 109 with value: 3508.6982963730675.
[I 2024-11-01 00:05:24,803] Trial 423 finished with value: 3562.482805574058 and parameters: {'layers': 5, 'max_depth': 2, 'resampling_rate': 1.7989612388699654, 'et': 0.07525103442041732}. Best is trial 109 with value: 3508.6982963730675.
[I 2024-11-01 00:05:27,937] Trial 424 finished with value: 3530.198417250709 and parameters: {'layers': 5, 'max_depth': 2, 'resampling_rate': 1.7707419938968791, 'et': 0.12296631255879158}. Best is trial 109 with value: 3508.6982963730675.
[I 2024-11-01 00:05:31,072] Trial 425 finished with value: 3537.394639762277 and parameters: {'layers': 5, 'max_depth': 2, 'resampling_rate': 1.7582072078659357, 'et': 0.0976295747617671}. Best is trial 109 with value: 3508.6982963730675.
[I 2024-11-01 00:05:34,227] Trial 426 finished with value: 3548.3689426342876 and parameters: {'layers': 5, 'max_depth': 2, 'resampling_rate': 1.7772444798874434, 'et': 0.09052743359584134}. Best is trial 109 with value: 3508.6982963730675.
[I 2024-11-01 00:05:37,331] Trial 427 finished with value: 3532.6012018996553 and parameters: {'layers': 5, 'max_depth': 2, 'resampling_rate': 1.7444463397263457, 'et': 0.1268260711630056}. Best is trial 109 with value: 3508.6982963730675.
[I 2024-11-01 00:05:40,453] Trial 428 finished with value: 3534.0536573222475 and parameters: {'layers': 5, 'max_depth': 2, 'resampling_rate': 1.7618854913543587, 'et': 0.13599117212953124}. Best is trial 109 with value: 3508.6982963730675.
[I 2024-11-01 00:05:43,571] Trial 429 finished with value: 3551.161514370868 and parameters: {'layers': 13, 'max_depth': 2, 'resampling_rate': 1.78824521117664, 'et': 0.10756251711035475}. Best is trial 109 with value: 3508.6982963730675.
[I 2024-11-01 00:05:46,724] Trial 430 finished with value: 3549.712409324587 and parameters: {'layers': 5, 'max_depth': 2, 'resampling_rate': 1.7463023090831027, 'et': 0.08921020799854089}. Best is trial 109 with value: 3508.6982963730675.
[I 2024-11-01 00:05:49,861] Trial 431 finished with value: 3557.5208687808686 and parameters: {'layers': 5, 'max_depth': 2, 'resampling_rate': 1.7707079610582273, 'et': 0.05715326236876707}. Best is trial 109 with value: 3508.6982963730675.
[I 2024-11-01 00:05:52,993] Trial 432 finished with value: 3548.2251826417596 and parameters: {'layers': 5, 'max_depth': 2, 'resampling_rate': 1.4091659362885838, 'et': 0.11811178978674655}. Best is trial 109 with value: 3508.6982963730675.
[I 2024-11-01 00:05:56,134] Trial 433 finished with value: 3539.4514906888885 and parameters: {'layers': 5, 'max_depth': 2, 'resampling_rate': 1.7347924874242844, 'et': 0.14817683149708533}. Best is trial 109 with value: 3508.6982963730675.
[I 2024-11-01 00:05:59,304] Trial 434 finished with value: 3554.1522817637074 and parameters: {'layers': 5, 'max_depth': 2, 'resampling_rate': 1.7554985586665106, 'et': 0.12916547901005182}. Best is trial 109 with value: 3508.6982963730675.
[I 2024-11-01 00:06:02,429] Trial 435 finished with value: 3563.19862111986 and parameters: {'layers': 5, 'max_depth': 2, 'resampling_rate': 1.3792508746238787, 'et': 0.15607869098371446}. Best is trial 109 with value: 3508.6982963730675.
[I 2024-11-01 00:06:05,574] Trial 436 finished with value: 3537.5907185325486 and parameters: {'layers': 5, 'max_depth': 2, 'resampling_rate': 1.781552635159189, 'et': 0.0320780364661233}. Best is trial 109 with value: 3508.6982963730675.
[I 2024-11-01 00:06:08,757] Trial 437 finished with value: 3531.2633316173306 and parameters: {'layers': 5, 'max_depth': 2, 'resampling_rate': 1.4471474646085687, 'et': 0.4583012215606811}. Best is trial 109 with value: 3508.6982963730675.
[I 2024-11-01 00:06:11,896] Trial 438 finished with value: 3532.4652017298654 and parameters: {'layers': 5, 'max_depth': 2, 'resampling_rate': 1.7426139501411884, 'et': 0.07831115219196347}. Best is trial 109 with value: 3508.6982963730675.
[I 2024-11-01 00:06:15,032] Trial 439 finished with value: 3547.1975437816777 and parameters: {'layers': 5, 'max_depth': 2, 'resampling_rate': 1.5237267377085664, 'et': 0.1676889172938745}. Best is trial 109 with value: 3508.6982963730675.
[I 2024-11-01 00:06:18,176] Trial 440 finished with value: 3574.9743276715176 and parameters: {'layers': 5, 'max_depth': 2, 'resampling_rate': 1.4268074344442518, 'et': 0.010241110497138717}. Best is trial 109 with value: 3508.6982963730675.
[I 2024-11-01 00:06:21,294] Trial 441 finished with value: 3540.8074691068527 and parameters: {'layers': 5, 'max_depth': 2, 'resampling_rate': 1.7653784588781551, 'et': 0.3854682807000634}. Best is trial 109 with value: 3508.6982963730675.
[I 2024-11-01 00:06:24,422] Trial 442 finished with value: 3544.6150739587993 and parameters: {'layers': 8, 'max_depth': 2, 'resampling_rate': 1.3384313288068166, 'et': 0.18210598687665178}. Best is trial 109 with value: 3508.6982963730675.
[I 2024-11-01 00:06:27,546] Trial 443 finished with value: 3548.1418220620503 and parameters: {'layers': 5, 'max_depth': 2, 'resampling_rate': 1.7295143861165068, 'et': 0.48894192051054264}. Best is trial 109 with value: 3508.6982963730675.
[I 2024-11-01 00:06:30,670] Trial 444 finished with value: 3562.0735192318175 and parameters: {'layers': 5, 'max_depth': 2, 'resampling_rate': 1.6724911473414437, 'et': 0.14288340424478893}. Best is trial 109 with value: 3508.6982963730675.
[I 2024-11-01 00:06:33,841] Trial 445 finished with value: 3550.827127178638 and parameters: {'layers': 12, 'max_depth': 2, 'resampling_rate': 1.753411452283957, 'et': 0.2833953987694392}. Best is trial 109 with value: 3508.6982963730675.
[I 2024-11-01 00:06:36,988] Trial 446 finished with value: 3516.618779373999 and parameters: {'layers': 11, 'max_depth': 2, 'resampling_rate': 1.778045402562747, 'et': 0.10556120198883845}. Best is trial 109 with value: 3508.6982963730675.
[I 2024-11-01 00:06:40,125] Trial 447 finished with value: 3559.5463132029495 and parameters: {'layers': 11, 'max_depth': 2, 'resampling_rate': 1.7942442114167179, 'et': 0.10585498156732362}. Best is trial 109 with value: 3508.6982963730675.
[I 2024-11-01 00:06:43,266] Trial 448 finished with value: 3561.929582303021 and parameters: {'layers': 11, 'max_depth': 2, 'resampling_rate': 1.777509489940744, 'et': 0.11345323301348788}. Best is trial 109 with value: 3508.6982963730675.
[I 2024-11-01 00:06:46,401] Trial 449 finished with value: 3568.93952814088 and parameters: {'layers': 10, 'max_depth': 2, 'resampling_rate': 1.7698668014628753, 'et': 0.08410439335346599}. Best is trial 109 with value: 3508.6982963730675.
[I 2024-11-01 00:06:49,540] Trial 450 finished with value: 3578.971316168742 and parameters: {'layers': 12, 'max_depth': 2, 'resampling_rate': 1.2839773548197275, 'et': 0.06648320023242199}. Best is trial 109 with value: 3508.6982963730675.
[I 2024-11-01 00:06:52,714] Trial 451 finished with value: 3549.307975563608 and parameters: {'layers': 7, 'max_depth': 2, 'resampling_rate': 1.7873922034643983, 'et': 0.09535055516361443}. Best is trial 109 with value: 3508.6982963730675.
[I 2024-11-01 00:06:55,862] Trial 452 finished with value: 3544.384702796376 and parameters: {'layers': 10, 'max_depth': 2, 'resampling_rate': 1.7479486697034445, 'et': 0.13453009083143316}. Best is trial 109 with value: 3508.6982963730675.
[I 2024-11-01 00:06:59,021] Trial 453 finished with value: 3544.2877977735484 and parameters: {'layers': 11, 'max_depth': 2, 'resampling_rate': 1.3130519361672064, 'et': 0.11642699877178542}. Best is trial 109 with value: 3508.6982963730675.
[I 2024-11-01 00:06:59,522] Trial 454 finished with value: 1000000000.0 and parameters: {'layers': 12, 'max_depth': 2, 'resampling_rate': 1.2574242323495057, 'et': 0.688757580414656}. Best is trial 109 with value: 3508.6982963730675.
[I 2024-11-01 00:07:02,649] Trial 455 finished with value: 3536.897308353184 and parameters: {'layers': 10, 'max_depth': 2, 'resampling_rate': 1.798588320403009, 'et': 0.1966127187062157}. Best is trial 109 with value: 3508.6982963730675.
[I 2024-11-01 00:07:05,815] Trial 456 finished with value: 3554.6055536234085 and parameters: {'layers': 9, 'max_depth': 2, 'resampling_rate': 1.7635582917077564, 'et': 0.13057013610845253}. Best is trial 109 with value: 3508.6982963730675.
[I 2024-11-01 00:07:08,962] Trial 457 finished with value: 3546.7721491626094 and parameters: {'layers': 11, 'max_depth': 2, 'resampling_rate': 1.7769054112504183, 'et': 0.08501620788287158}. Best is trial 109 with value: 3508.6982963730675.
