[I 2024-11-01 03:29:36,132] Trial 551 finished with value: 0.7143678396046481 and parameters: {'layers': 15, 'max_depth': 2, 'resampling_rate': 1.7483841572664494, 'et': 0.2996203738891036}. Best is trial 158 with value: 0.7116248725335422.
[I 2024-11-01 03:29:57,203] Trial 552 finished with value: 0.7140495090662441 and parameters: {'layers': 15, 'max_depth': 2, 'resampling_rate': 1.7255083924730434, 'et': 0.2790706254526899}. Best is trial 158 with value: 0.7116248725335422.
[I 2024-11-01 03:30:18,365] Trial 553 finished with value: 0.713299126868936 and parameters: {'layers': 15, 'max_depth': 2, 'resampling_rate': 1.76036271215094, 'et': 0.3377721531141142}. Best is trial 158 with value: 0.7116248725335422.
[I 2024-11-01 03:30:39,315] Trial 554 finished with value: 0.7132043063874071 and parameters: {'layers': 15, 'max_depth': 2, 'resampling_rate': 1.7105026183992975, 'et': 0.32114647913650607}. Best is trial 158 with value: 0.7116248725335422.
[I 2024-11-01 03:31:00,390] Trial 555 finished with value: 0.7135084021705839 and parameters: {'layers': 15, 'max_depth': 2, 'resampling_rate': 1.7319925271310754, 'et': 0.24397271046003513}. Best is trial 158 with value: 0.7116248725335422.
[I 2024-11-01 03:31:21,338] Trial 556 finished with value: 0.7128636353082269 and parameters: {'layers': 15, 'max_depth': 2, 'resampling_rate': 1.7024942830434364, 'et': 0.29078259592857847}. Best is trial 158 with value: 0.7116248725335422.
[I 2024-11-01 03:31:42,439] Trial 557 finished with value: 0.7137208784065295 and parameters: {'layers': 15, 'max_depth': 2, 'resampling_rate': 1.748846809572644, 'et': 0.3016013682159677}. Best is trial 158 with value: 0.7116248725335422.
[I 2024-11-01 03:32:03,389] Trial 558 finished with value: 0.7141187263856225 and parameters: {'layers': 15, 'max_depth': 2, 'resampling_rate': 1.7160342682620384, 'et': 0.34619584551975485}. Best is trial 158 with value: 0.7116248725335422.
[I 2024-11-01 03:32:24,241] Trial 559 finished with value: 0.7133984048203509 and parameters: {'layers': 14, 'max_depth': 2, 'resampling_rate': 1.7650848312843785, 'et': 0.4880368504320496}. Best is trial 158 with value: 0.7116248725335422.
[I 2024-11-01 03:32:45,145] Trial 560 finished with value: 0.713808324750065 and parameters: {'layers': 15, 'max_depth': 2, 'resampling_rate': 1.6976203770069054, 'et': 0.2619188672861671}. Best is trial 158 with value: 0.7116248725335422.
[I 2024-11-01 03:33:05,924] Trial 561 finished with value: 0.7129497082933653 and parameters: {'layers': 15, 'max_depth': 2, 'resampling_rate': 1.723120150743467, 'et': 0.4984399350584237}. Best is trial 158 with value: 0.7116248725335422.
[I 2024-11-01 03:33:26,793] Trial 562 finished with value: 0.713451760970913 and parameters: {'layers': 15, 'max_depth': 2, 'resampling_rate': 1.7399818694256233, 'et': 0.6267930747967905}. Best is trial 158 with value: 0.7116248725335422.
[I 2024-11-01 03:33:47,526] Trial 563 finished with value: 0.7131968745456593 and parameters: {'layers': 14, 'max_depth': 2, 'resampling_rate': 1.772512907379116, 'et': 0.6831575243113734}. Best is trial 158 with value: 0.7116248725335422.
[I 2024-11-01 03:34:08,222] Trial 564 finished with value: 0.7125899917711056 and parameters: {'layers': 15, 'max_depth': 2, 'resampling_rate': 1.6093328564804679, 'et': 0.3126976754241051}. Best is trial 158 with value: 0.7116248725335422.
[I 2024-11-01 03:34:29,132] Trial 565 finished with value: 0.7130289857684727 and parameters: {'layers': 5, 'max_depth': 2, 'resampling_rate': 1.7147214324548574, 'et': 0.2837940820005705}. Best is trial 158 with value: 0.7116248725335422.
[I 2024-11-01 03:34:49,945] Trial 566 finished with value: 0.7135057826360023 and parameters: {'layers': 15, 'max_depth': 2, 'resampling_rate': 1.7555780114562411, 'et': 0.5068956303391969}. Best is trial 158 with value: 0.7116248725335422.
[I 2024-11-01 03:35:10,723] Trial 567 finished with value: 0.7128377074031151 and parameters: {'layers': 14, 'max_depth': 2, 'resampling_rate': 1.6898168557003028, 'et': 0.4868527842098801}. Best is trial 158 with value: 0.7116248725335422.
[I 2024-11-01 03:35:31,696] Trial 568 finished with value: 0.7133084158279918 and parameters: {'layers': 14, 'max_depth': 2, 'resampling_rate': 1.7397758531544356, 'et': 0.3266373706789408}. Best is trial 158 with value: 0.7116248725335422.
[I 2024-11-01 03:35:52,352] Trial 569 finished with value: 0.71284733823284 and parameters: {'layers': 15, 'max_depth': 2, 'resampling_rate': 1.7285540969330007, 'et': 0.6536430316708848}. Best is trial 158 with value: 0.7116248725335422.
[I 2024-11-01 03:36:13,403] Trial 570 finished with value: 0.7137440117024697 and parameters: {'layers': 15, 'max_depth': 2, 'resampling_rate': 1.7036007040853038, 'et': 0.26873321517733817}. Best is trial 158 with value: 0.7116248725335422.
[I 2024-11-01 03:36:34,054] Trial 571 finished with value: 0.7130589145733329 and parameters: {'layers': 14, 'max_depth': 2, 'resampling_rate': 1.6496772049956603, 'et': 0.6204488810732044}. Best is trial 158 with value: 0.7116248725335422.
[I 2024-11-01 03:36:54,964] Trial 572 finished with value: 0.7133797467692999 and parameters: {'layers': 15, 'max_depth': 2, 'resampling_rate': 1.7184149900451744, 'et': 0.33348513767105736}. Best is trial 158 with value: 0.7116248725335422.
[I 2024-11-01 03:36:58,393] Trial 573 finished with value: 1000000000.0 and parameters: {'layers': 15, 'max_depth': 2, 'resampling_rate': 1.7819287354103552, 'et': 0.8982048654454675}. Best is trial 158 with value: 0.7116248725335422.
[I 2024-11-01 03:37:19,329] Trial 574 finished with value: 0.7143468945698864 and parameters: {'layers': 15, 'max_depth': 2, 'resampling_rate': 1.752575616710641, 'et': 0.3566443175842016}. Best is trial 158 with value: 0.7116248725335422.
[I 2024-11-01 03:37:40,385] Trial 575 finished with value: 0.7141702783476603 and parameters: {'layers': 15, 'max_depth': 2, 'resampling_rate': 1.6889349005601855, 'et': 0.3025737298508999}. Best is trial 158 with value: 0.7116248725335422.
[I 2024-11-01 03:37:52,351] Trial 576 finished with value: 0.8798881114395103 and parameters: {'layers': 14, 'max_depth': 1, 'resampling_rate': 1.5793922324732153, 'et': 0.46645237662480504}. Best is trial 158 with value: 0.7116248725335422.
[I 2024-11-01 03:38:13,129] Trial 577 finished with value: 0.7143800912790187 and parameters: {'layers': 15, 'max_depth': 2, 'resampling_rate': 1.7316566769001787, 'et': 0.5183644739001284}. Best is trial 158 with value: 0.7116248725335422.
[I 2024-11-01 03:38:33,863] Trial 578 finished with value: 0.7129283295533355 and parameters: {'layers': 14, 'max_depth': 2, 'resampling_rate': 1.7004820791700768, 'et': 0.4927747297295686}. Best is trial 158 with value: 0.7116248725335422.
[I 2024-11-01 03:38:54,794] Trial 579 finished with value: 0.7131058050288145 and parameters: {'layers': 15, 'max_depth': 2, 'resampling_rate': 1.770501992909573, 'et': 0.5637743368782806}. Best is trial 158 with value: 0.7116248725335422.
[I 2024-11-01 03:38:58,227] Trial 580 finished with value: 1000000000.0 and parameters: {'layers': 15, 'max_depth': 2, 'resampling_rate': 1.5621599679239537, 'et': 0.7375971063514475}. Best is trial 158 with value: 0.7116248725335422.
[I 2024-11-01 03:39:18,928] Trial 581 finished with value: 0.7133617738855252 and parameters: {'layers': 14, 'max_depth': 2, 'resampling_rate': 1.6561418635792362, 'et': 0.53251527714924}. Best is trial 158 with value: 0.7116248725335422.
[I 2024-11-01 03:39:39,913] Trial 582 finished with value: 0.7134817502815601 and parameters: {'layers': 15, 'max_depth': 2, 'resampling_rate': 1.745070587901851, 'et': 0.32231927564667906}. Best is trial 158 with value: 0.7116248725335422.
[I 2024-11-01 03:40:00,665] Trial 583 finished with value: 0.7133415931311671 and parameters: {'layers': 15, 'max_depth': 2, 'resampling_rate': 1.7159873825994634, 'et': 0.45438434685166124}. Best is trial 158 with value: 0.7116248725335422.
[I 2024-11-01 03:40:21,538] Trial 584 finished with value: 0.7138232068305969 and parameters: {'layers': 14, 'max_depth': 2, 'resampling_rate': 1.616882113863039, 'et': 0.2973221953451142}. Best is trial 158 with value: 0.7116248725335422.
[I 2024-11-01 03:40:42,217] Trial 585 finished with value: 0.7136066849332213 and parameters: {'layers': 8, 'max_depth': 2, 'resampling_rate': 1.6363441787234438, 'et': 0.5082068347760207}. Best is trial 158 with value: 0.7116248725335422.
[I 2024-11-01 03:41:02,808] Trial 586 finished with value: 0.7131619098666975 and parameters: {'layers': 6, 'max_depth': 2, 'resampling_rate': 1.6726676805642415, 'et': 0.5448446163741294}. Best is trial 158 with value: 0.7116248725335422.
[I 2024-11-01 03:41:23,638] Trial 587 finished with value: 0.7137939292765626 and parameters: {'layers': 15, 'max_depth': 2, 'resampling_rate': 1.7602504151398732, 'et': 0.4794649515266057}. Best is trial 158 with value: 0.7116248725335422.
[I 2024-11-01 03:41:27,083] Trial 588 finished with value: 1000000000.0 and parameters: {'layers': 15, 'max_depth': 2, 'resampling_rate': 1.3154943243422919, 'et': 0.607381219195172}. Best is trial 158 with value: 0.7116248725335422.
[I 2024-11-01 03:41:48,207] Trial 589 finished with value: 0.7134525663688066 and parameters: {'layers': 14, 'max_depth': 2, 'resampling_rate': 1.7306475649081057, 'et': 0.2726347354471846}. Best is trial 158 with value: 0.7116248725335422.
[I 2024-11-01 03:42:08,956] Trial 590 finished with value: 0.7127625420528684 and parameters: {'layers': 13, 'max_depth': 2, 'resampling_rate': 1.693755350054336, 'et': 0.5196241780568883}. Best is trial 158 with value: 0.7116248725335422.
[I 2024-11-01 03:42:29,613] Trial 591 finished with value: 0.7136060219979742 and parameters: {'layers': 15, 'max_depth': 2, 'resampling_rate': 1.706384260483448, 'et': 0.6358930497165084}. Best is trial 158 with value: 0.7116248725335422.
[I 2024-11-01 03:42:50,650] Trial 592 finished with value: 0.7132705165072304 and parameters: {'layers': 7, 'max_depth': 2, 'resampling_rate': 1.7990134940276972, 'et': 0.3355579743969086}. Best is trial 158 with value: 0.7116248725335422.
[I 2024-11-01 03:43:11,068] Trial 593 finished with value: 0.7144890506958622 and parameters: {'layers': 15, 'max_depth': 2, 'resampling_rate': 1.600017956289261, 'et': 0.5694977194512837}. Best is trial 158 with value: 0.7116248725335422.
[I 2024-11-01 03:43:14,490] Trial 594 finished with value: 1000000000.0 and parameters: {'layers': 14, 'max_depth': 2, 'resampling_rate': 1.125392196335627, 'et': 0.49294878632857575}. Best is trial 158 with value: 0.7116248725335422.
[I 2024-11-01 03:43:35,159] Trial 595 finished with value: 0.7134348273452272 and parameters: {'layers': 15, 'max_depth': 2, 'resampling_rate': 1.4854773429452057, 'et': 0.3177845028363822}. Best is trial 158 with value: 0.7116248725335422.
[I 2024-11-01 03:43:56,064] Trial 596 finished with value: 0.7128111794466818 and parameters: {'layers': 15, 'max_depth': 2, 'resampling_rate': 1.741335116143031, 'et': 0.551406385133491}. Best is trial 158 with value: 0.7116248725335422.
[I 2024-11-01 03:44:17,061] Trial 597 finished with value: 0.7142030432379926 and parameters: {'layers': 14, 'max_depth': 2, 'resampling_rate': 1.7235305650270418, 'et': 0.30071092335377037}. Best is trial 158 with value: 0.7116248725335422.
[I 2024-11-01 03:44:20,483] Trial 598 finished with value: 1000000000.0 and parameters: {'layers': 15, 'max_depth': 2, 'resampling_rate': 1.6620017568164425, 'et': 0.669612089130354}. Best is trial 158 with value: 0.7116248725335422.
[I 2024-11-01 03:44:41,385] Trial 599 finished with value: 0.7131578745767554 and parameters: {'layers': 14, 'max_depth': 2, 'resampling_rate': 1.7832211185855165, 'et': 0.5256507707917237}. Best is trial 158 with value: 0.7116248725335422.
[I 2024-11-01 03:45:02,294] Trial 600 finished with value: 0.7142170026070308 and parameters: {'layers': 15, 'max_depth': 2, 'resampling_rate': 1.7104418536074038, 'et': 0.37104908428555683}. Best is trial 158 with value: 0.7116248725335422.
[I 2024-11-01 03:45:23,209] Trial 601 finished with value: 0.713266248807166 and parameters: {'layers': 13, 'max_depth': 2, 'resampling_rate': 1.7648064568235007, 'et': 0.5960243872496426}. Best is trial 158 with value: 0.7116248725335422.
[I 2024-11-01 03:45:44,155] Trial 602 finished with value: 0.7143491478823111 and parameters: {'layers': 15, 'max_depth': 2, 'resampling_rate': 1.6810149581895082, 'et': 0.3483049291475703}. Best is trial 158 with value: 0.7116248725335422.
[I 2024-11-01 03:46:05,041] Trial 603 finished with value: 0.7134743686885358 and parameters: {'layers': 9, 'max_depth': 2, 'resampling_rate': 1.6426101975275327, 'et': 0.28642118805915745}. Best is trial 158 with value: 0.7116248725335422.
[I 2024-11-01 03:46:25,885] Trial 604 finished with value: 0.7132065567759273 and parameters: {'layers': 15, 'max_depth': 2, 'resampling_rate': 1.74839081946681, 'et': 0.47240351071572534}. Best is trial 158 with value: 0.7116248725335422.
[I 2024-11-01 03:46:46,641] Trial 605 finished with value: 0.7129680143575792 and parameters: {'layers': 14, 'max_depth': 2, 'resampling_rate': 1.7251672037947803, 'et': 0.512167060663624}. Best is trial 158 with value: 0.7116248725335422.
[I 2024-11-01 03:47:07,733] Trial 606 finished with value: 0.7130372444341032 and parameters: {'layers': 14, 'max_depth': 2, 'resampling_rate': 1.6910561714390788, 'et': 0.25382983032166995}. Best is trial 158 with value: 0.7116248725335422.
[I 2024-11-01 03:47:28,153] Trial 607 finished with value: 0.7131790065146898 and parameters: {'layers': 15, 'max_depth': 2, 'resampling_rate': 1.6281711026665244, 'et': 0.6192006407750167}. Best is trial 158 with value: 0.7116248725335422.
[I 2024-11-01 03:47:48,829] Trial 608 finished with value: 0.7133656975313105 and parameters: {'layers': 15, 'max_depth': 2, 'resampling_rate': 1.7083024826387896, 'et': 0.5337572164987724}. Best is trial 158 with value: 0.7116248725335422.
[I 2024-11-01 03:47:52,239] Trial 609 finished with value: 1000000000.0 and parameters: {'layers': 15, 'max_depth': 2, 'resampling_rate': 1.7352044381098135, 'et': 0.8752059577687077}. Best is trial 158 with value: 0.7116248725335422.
[I 2024-11-01 03:48:13,152] Trial 610 finished with value: 0.7134957596626693 and parameters: {'layers': 15, 'max_depth': 2, 'resampling_rate': 1.77082191193896, 'et': 0.4393784450804946}. Best is trial 158 with value: 0.7116248725335422.
[I 2024-11-01 03:48:34,057] Trial 611 finished with value: 0.7137738386318239 and parameters: {'layers': 14, 'max_depth': 2, 'resampling_rate': 1.6646198044934217, 'et': 0.3162005184232508}. Best is trial 158 with value: 0.7116248725335422.
[I 2024-11-01 03:48:54,918] Trial 612 finished with value: 0.7134784427595742 and parameters: {'layers': 13, 'max_depth': 2, 'resampling_rate': 1.756724612611986, 'et': 0.500431039471865}. Best is trial 158 with value: 0.7116248725335422.
[I 2024-11-01 03:49:15,677] Trial 613 finished with value: 0.7132634964813551 and parameters: {'layers': 15, 'max_depth': 2, 'resampling_rate': 1.7151833929930465, 'et': 0.6497651424334143}. Best is trial 158 with value: 0.7116248725335422.
[I 2024-11-01 03:49:19,102] Trial 614 finished with value: 1000000000.0 and parameters: {'layers': 15, 'max_depth': 2, 'resampling_rate': 1.453586193071261, 'et': 0.5660973375284587}. Best is trial 158 with value: 0.7116248725335422.
[I 2024-11-01 03:49:39,919] Trial 615 finished with value: 0.7129857481891433 and parameters: {'layers': 14, 'max_depth': 2, 'resampling_rate': 1.6795186541931242, 'et': 0.4608253041725884}. Best is trial 158 with value: 0.7116248725335422.
[I 2024-11-01 03:50:00,509] Trial 616 finished with value: 0.7128229804736493 and parameters: {'layers': 15, 'max_depth': 2, 'resampling_rate': 1.6534248751721765, 'et': 0.48588886243246854}. Best is trial 158 with value: 0.7116248725335422.
[I 2024-11-01 03:50:21,206] Trial 617 finished with value: 0.713857518031377 and parameters: {'layers': 15, 'max_depth': 2, 'resampling_rate': 1.7361971005824028, 'et': 0.5915420415993815}. Best is trial 158 with value: 0.7116248725335422.
[I 2024-11-01 03:50:41,893] Trial 618 finished with value: 0.7137655043539256 and parameters: {'layers': 14, 'max_depth': 2, 'resampling_rate': 1.7237257724186128, 'et': 0.5498670794916645}. Best is trial 158 with value: 0.7116248725335422.
[I 2024-11-01 03:51:02,933] Trial 619 finished with value: 0.7134229489370872 and parameters: {'layers': 15, 'max_depth': 2, 'resampling_rate': 1.7017449244412066, 'et': 0.29435093869647605}. Best is trial 158 with value: 0.7116248725335422.
[I 2024-11-01 03:51:15,220] Trial 620 finished with value: 0.8793584768951955 and parameters: {'layers': 15, 'max_depth': 1, 'resampling_rate': 1.781314054708285, 'et': 0.3395338617133199}. Best is trial 158 with value: 0.7116248725335422.
[I 2024-11-01 03:51:36,084] Trial 621 finished with value: 0.7123018976716314 and parameters: {'layers': 13, 'max_depth': 2, 'resampling_rate': 1.7478285877576794, 'et': 0.5189654928860546}. Best is trial 158 with value: 0.7116248725335422.
[I 2024-11-01 03:51:56,814] Trial 622 finished with value: 0.712935244764339 and parameters: {'layers': 13, 'max_depth': 2, 'resampling_rate': 1.7489003085718642, 'et': 0.5152537370546668}. Best is trial 158 with value: 0.7116248725335422.
[I 2024-11-01 03:52:17,636] Trial 623 finished with value: 0.712818409356843 and parameters: {'layers': 10, 'max_depth': 2, 'resampling_rate': 1.7596000808572079, 'et': 0.5308078194341441}. Best is trial 158 with value: 0.7116248725335422.
[I 2024-11-01 03:52:38,546] Trial 624 finished with value: 0.7126826189955651 and parameters: {'layers': 13, 'max_depth': 2, 'resampling_rate': 1.7458290766964635, 'et': 0.5023008522190379}. Best is trial 158 with value: 0.7116248725335422.
[I 2024-11-01 03:52:59,460] Trial 625 finished with value: 0.7133265911789337 and parameters: {'layers': 10, 'max_depth': 2, 'resampling_rate': 1.7695024664045644, 'et': 0.5364388799286497}. Best is trial 158 with value: 0.7116248725335422.
[I 2024-11-01 03:53:20,214] Trial 626 finished with value: 0.7133566454874916 and parameters: {'layers': 13, 'max_depth': 2, 'resampling_rate': 1.7368421997856527, 'et': 0.5178024348024084}. Best is trial 158 with value: 0.7116248725335422.
[I 2024-11-01 03:53:41,208] Trial 627 finished with value: 0.7134014413206954 and parameters: {'layers': 13, 'max_depth': 2, 'resampling_rate': 1.7542481358012592, 'et': 0.4848774079064238}. Best is trial 158 with value: 0.7116248725335422.
[I 2024-11-01 03:54:01,995] Trial 628 finished with value: 0.7131682949909779 and parameters: {'layers': 10, 'max_depth': 2, 'resampling_rate': 1.7269774139178395, 'et': 0.5554490420195722}. Best is trial 158 with value: 0.7116248725335422.
[I 2024-11-01 03:54:23,062] Trial 629 finished with value: 0.7129956312350116 and parameters: {'layers': 13, 'max_depth': 2, 'resampling_rate': 1.7755628218166788, 'et': 0.5754191363488809}. Best is trial 158 with value: 0.7116248725335422.
[I 2024-11-01 03:54:43,948] Trial 630 finished with value: 0.7126892828126646 and parameters: {'layers': 13, 'max_depth': 2, 'resampling_rate': 1.747393718206948, 'et': 0.5034818650359403}. Best is trial 158 with value: 0.7116248725335422.
[I 2024-11-01 03:55:04,718] Trial 631 finished with value: 0.7136688145896918 and parameters: {'layers': 13, 'max_depth': 2, 'resampling_rate': 1.7186943137520707, 'et': 0.5373343613284276}. Best is trial 158 with value: 0.7116248725335422.
[I 2024-11-01 03:55:25,726] Trial 632 finished with value: 0.7141309374423751 and parameters: {'layers': 9, 'max_depth': 2, 'resampling_rate': 1.7903089780895454, 'et': 0.4778437795166293}. Best is trial 158 with value: 0.7116248725335422.
[I 2024-11-01 03:55:46,569] Trial 633 finished with value: 0.713250895871263 and parameters: {'layers': 9, 'max_depth': 2, 'resampling_rate': 1.7338490242160127, 'et': 0.5207890582406047}. Best is trial 158 with value: 0.7116248725335422.
[I 2024-11-01 03:56:07,538] Trial 634 finished with value: 0.7133937799147776 and parameters: {'layers': 13, 'max_depth': 2, 'resampling_rate': 1.76467953457412, 'et': 0.4958849023320792}. Best is trial 158 with value: 0.7116248725335422.
[I 2024-11-01 03:56:28,232] Trial 635 finished with value: 0.7130065947092609 and parameters: {'layers': 10, 'max_depth': 2, 'resampling_rate': 1.7111327053551164, 'et': 0.6341395052979014}. Best is trial 158 with value: 0.7116248725335422.
[I 2024-11-01 03:56:48,820] Trial 636 finished with value: 0.7142309884901862 and parameters: {'layers': 13, 'max_depth': 2, 'resampling_rate': 1.5932193688691814, 'et': 0.47059902232118356}. Best is trial 158 with value: 0.7116248725335422.
[I 2024-11-01 03:56:52,260] Trial 637 finished with value: 1000000000.0 and parameters: {'layers': 14, 'max_depth': 2, 'resampling_rate': 1.4306055979403267, 'et': 0.45368428864685545}. Best is trial 158 with value: 0.7116248725335422.
[I 2024-11-01 03:57:13,116] Trial 638 finished with value: 0.7137637679553346 and parameters: {'layers': 14, 'max_depth': 2, 'resampling_rate': 1.731725270916785, 'et': 0.5553657137020838}. Best is trial 158 with value: 0.7116248725335422.
[I 2024-11-01 03:57:33,920] Trial 639 finished with value: 0.7141730238418539 and parameters: {'layers': 13, 'max_depth': 2, 'resampling_rate': 1.7592641439635985, 'et': 0.6090206872469578}. Best is trial 158 with value: 0.7116248725335422.
[I 2024-11-01 03:57:54,861] Trial 640 finished with value: 0.7130379416053985 and parameters: {'layers': 14, 'max_depth': 2, 'resampling_rate': 1.7457610898253835, 'et': 0.5780734115864052}. Best is trial 158 with value: 0.7116248725335422.
[I 2024-11-01 03:57:58,290] Trial 641 finished with value: 1000000000.0 and parameters: {'layers': 13, 'max_depth': 2, 'resampling_rate': 1.386344975536213, 'et': 0.5123860263384801}. Best is trial 158 with value: 0.7116248725335422.
