[I 2024-11-01 01:31:31,763] Trial 187 finished with value: 0.7134534746087411 and parameters: {'layers': 15, 'max_depth': 2, 'resampling_rate': 1.4744991324333014, 'et': 0.42932880608826096}. Best is trial 158 with value: 0.7116248725335422.
[I 2024-11-01 01:31:52,300] Trial 188 finished with value: 0.7133310285366301 and parameters: {'layers': 12, 'max_depth': 2, 'resampling_rate': 1.6217099696892059, 'et': 0.5412648721311126}. Best is trial 158 with value: 0.7116248725335422.
[I 2024-11-01 01:32:13,394] Trial 189 finished with value: 0.7135064242577842 and parameters: {'layers': 6, 'max_depth': 2, 'resampling_rate': 1.7683054500259971, 'et': 0.327477835061752}. Best is trial 158 with value: 0.7116248725335422.
[I 2024-11-01 01:32:34,080] Trial 190 finished with value: 0.713354671804662 and parameters: {'layers': 12, 'max_depth': 2, 'resampling_rate': 1.693741828187163, 'et': 0.5143466641340374}. Best is trial 158 with value: 0.7116248725335422.
[I 2024-11-01 01:32:55,048] Trial 191 finished with value: 0.7136403398832525 and parameters: {'layers': 11, 'max_depth': 2, 'resampling_rate': 1.725667911051094, 'et': 0.3047327529253972}. Best is trial 158 with value: 0.7116248725335422.
[I 2024-11-01 01:33:16,447] Trial 192 finished with value: 0.7136688345670859 and parameters: {'layers': 11, 'max_depth': 2, 'resampling_rate': 1.7371219596913838, 'et': 0.1231103819194223}. Best is trial 158 with value: 0.7116248725335422.
[I 2024-11-01 01:33:37,403] Trial 193 finished with value: 0.7137596147346744 and parameters: {'layers': 11, 'max_depth': 2, 'resampling_rate': 1.7529696745492944, 'et': 0.4638476063583737}. Best is trial 158 with value: 0.7116248725335422.
[I 2024-11-01 01:33:58,217] Trial 194 finished with value: 0.711843319470705 and parameters: {'layers': 15, 'max_depth': 2, 'resampling_rate': 1.7079557120009952, 'et': 0.49387226086686087}. Best is trial 158 with value: 0.7116248725335422.
[I 2024-11-01 01:34:18,962] Trial 195 finished with value: 0.7128701924588196 and parameters: {'layers': 15, 'max_depth': 2, 'resampling_rate': 1.7072521533582228, 'et': 0.4966910382205018}. Best is trial 158 with value: 0.7116248725335422.
[I 2024-11-01 01:34:39,701] Trial 196 finished with value: 0.7133861004185542 and parameters: {'layers': 15, 'max_depth': 2, 'resampling_rate': 1.6781901520434352, 'et': 0.5269549151112061}. Best is trial 158 with value: 0.7116248725335422.
[I 2024-11-01 01:35:00,740] Trial 197 finished with value: 0.7129454318393195 and parameters: {'layers': 15, 'max_depth': 2, 'resampling_rate': 1.7795132403443479, 'et': 0.47925056652795034}. Best is trial 158 with value: 0.7116248725335422.
[I 2024-11-01 01:35:21,462] Trial 198 finished with value: 0.7131612333609535 and parameters: {'layers': 15, 'max_depth': 2, 'resampling_rate': 1.6967779706147788, 'et': 0.4424518668336562}. Best is trial 158 with value: 0.7116248725335422.
[I 2024-11-01 01:35:42,297] Trial 199 finished with value: 0.7145100746518329 and parameters: {'layers': 13, 'max_depth': 2, 'resampling_rate': 1.715883612620213, 'et': 0.55261915565551}. Best is trial 158 with value: 0.7116248725335422.
[I 2024-11-01 01:36:03,142] Trial 200 finished with value: 0.7138945266804185 and parameters: {'layers': 13, 'max_depth': 2, 'resampling_rate': 1.733368167608076, 'et': 0.575178106628254}. Best is trial 158 with value: 0.7116248725335422.
[I 2024-11-01 01:36:23,911] Trial 201 finished with value: 0.7139831840631609 and parameters: {'layers': 14, 'max_depth': 2, 'resampling_rate': 1.7198734042417456, 'et': 0.5027844732537061}. Best is trial 158 with value: 0.7116248725335422.
[I 2024-11-01 01:36:44,814] Trial 202 finished with value: 0.7133127940459949 and parameters: {'layers': 15, 'max_depth': 2, 'resampling_rate': 1.689715302869598, 'et': 0.4788612240129876}. Best is trial 158 with value: 0.7116248725335422.
[I 2024-11-01 01:36:56,941] Trial 203 finished with value: 0.8793505051998922 and parameters: {'layers': 13, 'max_depth': 1, 'resampling_rate': 1.7547285032411941, 'et': 0.3820402143882923}. Best is trial 158 with value: 0.7116248725335422.
[I 2024-11-01 01:37:17,796] Trial 204 finished with value: 0.7127925827094382 and parameters: {'layers': 14, 'max_depth': 2, 'resampling_rate': 1.6617436149140703, 'et': 0.2898161698038134}. Best is trial 158 with value: 0.7116248725335422.
[I 2024-11-01 01:37:38,563] Trial 205 finished with value: 0.7139161346045534 and parameters: {'layers': 14, 'max_depth': 2, 'resampling_rate': 1.6576459312734715, 'et': 0.3333093650166091}. Best is trial 158 with value: 0.7116248725335422.
[I 2024-11-01 01:37:41,970] Trial 206 finished with value: 1000000000.0 and parameters: {'layers': 15, 'max_depth': 2, 'resampling_rate': 1.6628618689146812, 'et': 0.8255422569063678}. Best is trial 158 with value: 0.7116248725335422.
[I 2024-11-01 01:38:02,415] Trial 207 finished with value: 0.7144986744485694 and parameters: {'layers': 14, 'max_depth': 2, 'resampling_rate': 1.6332494010766154, 'et': 0.5193734116006761}. Best is trial 158 with value: 0.7116248725335422.
[I 2024-11-01 01:38:23,194] Trial 208 finished with value: 0.7128519372551961 and parameters: {'layers': 13, 'max_depth': 2, 'resampling_rate': 1.6853000016979247, 'et': 0.3491399882278152}. Best is trial 158 with value: 0.7116248725335422.
[I 2024-11-01 01:38:44,227] Trial 209 finished with value: 0.7125107905920002 and parameters: {'layers': 15, 'max_depth': 2, 'resampling_rate': 1.7842359740841047, 'et': 0.30098999505784163}. Best is trial 158 with value: 0.7116248725335422.
[I 2024-11-01 01:39:05,333] Trial 210 finished with value: 0.7132911077105138 and parameters: {'layers': 15, 'max_depth': 2, 'resampling_rate': 1.7816598058023048, 'et': 0.313199962320141}. Best is trial 158 with value: 0.7116248725335422.
[I 2024-11-01 01:39:27,021] Trial 211 finished with value: 0.7140386616455984 and parameters: {'layers': 15, 'max_depth': 2, 'resampling_rate': 1.7883985575193853, 'et': 0.01674478627291917}. Best is trial 158 with value: 0.7116248725335422.
[I 2024-11-01 01:39:47,959] Trial 212 finished with value: 0.7137718168951513 and parameters: {'layers': 15, 'max_depth': 2, 'resampling_rate': 1.770735098627774, 'et': 0.32537752732764924}. Best is trial 158 with value: 0.7116248725335422.
[I 2024-11-01 01:40:08,852] Trial 213 finished with value: 0.7124079793675038 and parameters: {'layers': 15, 'max_depth': 2, 'resampling_rate': 1.7090030893779473, 'et': 0.3131082103937241}. Best is trial 158 with value: 0.7116248725335422.
[I 2024-11-01 01:40:29,820] Trial 214 finished with value: 0.7139232561645894 and parameters: {'layers': 15, 'max_depth': 2, 'resampling_rate': 1.710269744348737, 'et': 0.2854990931799512}. Best is trial 158 with value: 0.7116248725335422.
[I 2024-11-01 01:40:50,933] Trial 215 finished with value: 0.7136327899916494 and parameters: {'layers': 15, 'max_depth': 2, 'resampling_rate': 1.7373176430044281, 'et': 0.26778051710731265}. Best is trial 158 with value: 0.7116248725335422.
[I 2024-11-01 01:41:11,751] Trial 216 finished with value: 0.7134761003339684 and parameters: {'layers': 15, 'max_depth': 2, 'resampling_rate': 1.6995854413191789, 'et': 0.3590963247266138}. Best is trial 158 with value: 0.7116248725335422.
[I 2024-11-01 01:41:32,716] Trial 217 finished with value: 0.7137178708903248 and parameters: {'layers': 15, 'max_depth': 2, 'resampling_rate': 1.765300211002438, 'et': 0.31070400675328125}. Best is trial 158 with value: 0.7116248725335422.
[I 2024-11-01 01:41:53,668] Trial 218 finished with value: 0.7140195368328426 and parameters: {'layers': 15, 'max_depth': 2, 'resampling_rate': 1.7903366297531491, 'et': 0.45953662541557877}. Best is trial 158 with value: 0.7116248725335422.
[I 2024-11-01 01:42:14,441] Trial 219 finished with value: 0.7141676236048823 and parameters: {'layers': 12, 'max_depth': 2, 'resampling_rate': 1.7232279264970656, 'et': 0.504284598605879}. Best is trial 158 with value: 0.7116248725335422.
[I 2024-11-01 01:42:35,173] Trial 220 finished with value: 0.7133625065515267 and parameters: {'layers': 15, 'max_depth': 2, 'resampling_rate': 1.745743266082797, 'et': 0.5395270392240158}. Best is trial 158 with value: 0.7116248725335422.
[I 2024-11-01 01:42:56,088] Trial 221 finished with value: 0.7139917242800918 and parameters: {'layers': 13, 'max_depth': 2, 'resampling_rate': 1.6725752656266057, 'et': 0.3073210290200111}. Best is trial 158 with value: 0.7116248725335422.
[I 2024-11-01 01:43:17,115] Trial 222 finished with value: 0.7130694255687713 and parameters: {'layers': 15, 'max_depth': 2, 'resampling_rate': 1.707229050148532, 'et': 0.28677495334660563}. Best is trial 158 with value: 0.7116248725335422.
[I 2024-11-01 01:43:37,815] Trial 223 finished with value: 0.713848828035842 and parameters: {'layers': 13, 'max_depth': 2, 'resampling_rate': 1.6466324116947386, 'et': 0.34583747394017195}. Best is trial 158 with value: 0.7116248725335422.
[I 2024-11-01 01:43:58,740] Trial 224 finished with value: 0.7135818819433277 and parameters: {'layers': 14, 'max_depth': 2, 'resampling_rate': 1.690520870934329, 'et': 0.33259588444507926}. Best is trial 158 with value: 0.7116248725335422.
[I 2024-11-01 01:44:02,203] Trial 225 finished with value: 1000000000.0 and parameters: {'layers': 13, 'max_depth': 2, 'resampling_rate': 1.2810220630746705, 'et': 0.48783829815789165}. Best is trial 158 with value: 0.7116248725335422.
[I 2024-11-01 01:44:23,343] Trial 226 finished with value: 0.7138655665856107 and parameters: {'layers': 15, 'max_depth': 2, 'resampling_rate': 1.7998450012453002, 'et': 0.29089102248384957}. Best is trial 158 with value: 0.7116248725335422.
[I 2024-11-01 01:44:44,336] Trial 227 finished with value: 0.7135302854123217 and parameters: {'layers': 14, 'max_depth': 2, 'resampling_rate': 1.728782970204318, 'et': 0.2947913015478828}. Best is trial 158 with value: 0.7116248725335422.
[I 2024-11-01 01:45:05,377] Trial 228 finished with value: 0.713235503750767 and parameters: {'layers': 13, 'max_depth': 2, 'resampling_rate': 1.770582772993307, 'et': 0.4076383025063305}. Best is trial 158 with value: 0.7116248725335422.
[I 2024-11-01 01:45:26,210] Trial 229 finished with value: 0.7135395382033666 and parameters: {'layers': 15, 'max_depth': 2, 'resampling_rate': 1.7561729878373, 'et': 0.628684840124171}. Best is trial 158 with value: 0.7116248725335422.
[I 2024-11-01 01:45:46,881] Trial 230 finished with value: 0.7138360417848069 and parameters: {'layers': 12, 'max_depth': 2, 'resampling_rate': 1.7022645871253963, 'et': 0.4305785032825436}. Best is trial 158 with value: 0.7116248725335422.
[I 2024-11-01 01:46:08,080] Trial 231 finished with value: 0.7128602139579282 and parameters: {'layers': 11, 'max_depth': 2, 'resampling_rate': 1.7253586260644542, 'et': 0.17033693713484488}. Best is trial 158 with value: 0.7116248725335422.
[I 2024-11-01 01:46:29,156] Trial 232 finished with value: 0.7138626936913814 and parameters: {'layers': 11, 'max_depth': 2, 'resampling_rate': 1.7150449015052762, 'et': 0.24625912363346997}. Best is trial 158 with value: 0.7116248725335422.
[I 2024-11-01 01:46:50,375] Trial 233 finished with value: 0.713793663438762 and parameters: {'layers': 11, 'max_depth': 2, 'resampling_rate': 1.7456819671387298, 'et': 0.2770865775895953}. Best is trial 158 with value: 0.7116248725335422.
[I 2024-11-01 01:47:11,500] Trial 234 finished with value: 0.7127654709232903 and parameters: {'layers': 15, 'max_depth': 2, 'resampling_rate': 1.6817754108197098, 'et': 0.21047840692374395}. Best is trial 158 with value: 0.7116248725335422.
[I 2024-11-01 01:47:32,376] Trial 235 finished with value: 0.7136729755597605 and parameters: {'layers': 15, 'max_depth': 2, 'resampling_rate': 1.6676719328192013, 'et': 0.31910330276879373}. Best is trial 158 with value: 0.7116248725335422.
[I 2024-11-01 01:47:53,057] Trial 236 finished with value: 0.7138573539659031 and parameters: {'layers': 15, 'max_depth': 2, 'resampling_rate': 1.680654662054284, 'et': 0.6757241062759725}. Best is trial 158 with value: 0.7116248725335422.
[I 2024-11-01 01:48:13,774] Trial 237 finished with value: 0.712794549576563 and parameters: {'layers': 15, 'max_depth': 2, 'resampling_rate': 1.6771661760301102, 'et': 0.5222366723029922}. Best is trial 158 with value: 0.7116248725335422.
[I 2024-11-01 01:48:34,777] Trial 238 finished with value: 0.7128500060769977 and parameters: {'layers': 15, 'max_depth': 2, 'resampling_rate': 1.6987798639108531, 'et': 0.2580429137492943}. Best is trial 158 with value: 0.7116248725335422.
[I 2024-11-01 01:48:55,813] Trial 239 finished with value: 0.7135619586400459 and parameters: {'layers': 13, 'max_depth': 2, 'resampling_rate': 1.6499994449367186, 'et': 0.22421913134208038}. Best is trial 158 with value: 0.7116248725335422.
[I 2024-11-01 01:49:16,676] Trial 240 finished with value: 0.7131931514323014 and parameters: {'layers': 15, 'max_depth': 2, 'resampling_rate': 1.6928321430166169, 'et': 0.46460604698501845}. Best is trial 158 with value: 0.7116248725335422.
[I 2024-11-01 01:49:37,991] Trial 241 finished with value: 0.7147618182592401 and parameters: {'layers': 13, 'max_depth': 2, 'resampling_rate': 1.7140109180172531, 'et': 0.18776245257120922}. Best is trial 158 with value: 0.7116248725335422.
[I 2024-11-01 01:49:58,810] Trial 242 finished with value: 0.713727175194253 and parameters: {'layers': 11, 'max_depth': 2, 'resampling_rate': 1.7341426008266556, 'et': 0.49916965052070467}. Best is trial 158 with value: 0.7116248725335422.
[I 2024-11-01 01:50:20,061] Trial 243 finished with value: 0.7124617297465079 and parameters: {'layers': 12, 'max_depth': 2, 'resampling_rate': 1.7857034822617812, 'et': 0.20493386733133168}. Best is trial 158 with value: 0.7116248725335422.
[I 2024-11-01 01:50:41,365] Trial 244 finished with value: 0.7137051299243603 and parameters: {'layers': 12, 'max_depth': 2, 'resampling_rate': 1.7838484930215606, 'et': 0.20485388358258233}. Best is trial 158 with value: 0.7116248725335422.
[I 2024-11-01 01:51:02,446] Trial 245 finished with value: 0.7137904936274353 and parameters: {'layers': 12, 'max_depth': 2, 'resampling_rate': 1.7792331665312913, 'et': 0.47659353718055636}. Best is trial 158 with value: 0.7116248725335422.
[I 2024-11-01 01:51:23,803] Trial 246 finished with value: 0.7130580916239757 and parameters: {'layers': 12, 'max_depth': 2, 'resampling_rate': 1.7902214000431285, 'et': 0.13587168289319257}. Best is trial 158 with value: 0.7116248725335422.
[I 2024-11-01 01:51:45,199] Trial 247 finished with value: 0.7131477001993584 and parameters: {'layers': 12, 'max_depth': 2, 'resampling_rate': 1.767563895557174, 'et': 0.10042352297653952}. Best is trial 158 with value: 0.7116248725335422.
[I 2024-11-01 01:52:06,143] Trial 248 finished with value: 0.7124469556911927 and parameters: {'layers': 15, 'max_depth': 2, 'resampling_rate': 1.662523219318913, 'et': 0.29646364532661185}. Best is trial 158 with value: 0.7116248725335422.
[I 2024-11-01 01:52:09,555] Trial 249 finished with value: 1000000000.0 and parameters: {'layers': 15, 'max_depth': 2, 'resampling_rate': 1.5744641600368081, 'et': 0.64405307154876}. Best is trial 158 with value: 0.7116248725335422.
[I 2024-11-01 01:52:31,358] Trial 250 finished with value: 0.7129700840109342 and parameters: {'layers': 15, 'max_depth': 2, 'resampling_rate': 1.76047239857367, 'et': 0.06199299878199804}. Best is trial 158 with value: 0.7116248725335422.
[I 2024-11-01 01:52:52,010] Trial 251 finished with value: 0.7126747840246073 and parameters: {'layers': 15, 'max_depth': 2, 'resampling_rate': 1.688494529848375, 'et': 0.5341437704998476}. Best is trial 158 with value: 0.7116248725335422.
[I 2024-11-01 01:53:12,743] Trial 252 finished with value: 0.7132156038602201 and parameters: {'layers': 15, 'max_depth': 2, 'resampling_rate': 1.6997874720169734, 'et': 0.5417245513729027}. Best is trial 158 with value: 0.7116248725335422.
[I 2024-11-01 01:53:33,863] Trial 253 finished with value: 0.7134863983632668 and parameters: {'layers': 12, 'max_depth': 2, 'resampling_rate': 1.7885436946144309, 'et': 0.5612116681109667}. Best is trial 158 with value: 0.7116248725335422.
[I 2024-11-01 01:53:54,621] Trial 254 finished with value: 0.7129899591037723 and parameters: {'layers': 9, 'max_depth': 2, 'resampling_rate': 1.713371473037472, 'et': 0.5089723374003962}. Best is trial 158 with value: 0.7116248725335422.
[I 2024-11-01 01:54:15,423] Trial 255 finished with value: 0.7130110359522708 and parameters: {'layers': 15, 'max_depth': 2, 'resampling_rate': 1.7421746548447434, 'et': 0.5286347895269822}. Best is trial 158 with value: 0.7116248725335422.
[I 2024-11-01 01:54:36,414] Trial 256 finished with value: 0.7139624449735006 and parameters: {'layers': 13, 'max_depth': 2, 'resampling_rate': 1.7998603531077961, 'et': 0.5917909156472773}. Best is trial 158 with value: 0.7116248725335422.
[I 2024-11-01 01:54:57,398] Trial 257 finished with value: 0.7132828776061472 and parameters: {'layers': 15, 'max_depth': 2, 'resampling_rate': 1.7259639788137349, 'et': 0.453486334504662}. Best is trial 158 with value: 0.7116248725335422.
[I 2024-11-01 01:55:18,305] Trial 258 finished with value: 0.7123563072166913 and parameters: {'layers': 15, 'max_depth': 2, 'resampling_rate': 1.7703680260271353, 'et': 0.4880831548400357}. Best is trial 158 with value: 0.7116248725335422.
[I 2024-11-01 01:55:39,235] Trial 259 finished with value: 0.7137993311160086 and parameters: {'layers': 15, 'max_depth': 2, 'resampling_rate': 1.7741951497474608, 'et': 0.5151565995253073}. Best is trial 158 with value: 0.7116248725335422.
[I 2024-11-01 01:56:00,321] Trial 260 finished with value: 0.7124563243692279 and parameters: {'layers': 15, 'max_depth': 2, 'resampling_rate': 1.7538780239066345, 'et': 0.5421767244520856}. Best is trial 158 with value: 0.7116248725335422.
[I 2024-11-01 01:56:21,144] Trial 261 finished with value: 0.7129886891040141 and parameters: {'layers': 15, 'max_depth': 2, 'resampling_rate': 1.760148519165754, 'et': 0.5284549379562493}. Best is trial 158 with value: 0.7116248725335422.
[I 2024-11-01 01:56:42,016] Trial 262 finished with value: 0.7132509607383483 and parameters: {'layers': 15, 'max_depth': 2, 'resampling_rate': 1.7777654431752672, 'et': 0.5424210915760117}. Best is trial 158 with value: 0.7116248725335422.
[I 2024-11-01 01:57:03,030] Trial 263 finished with value: 0.7136881803977416 and parameters: {'layers': 15, 'max_depth': 2, 'resampling_rate': 1.7613835446012036, 'et': 0.5501661551090891}. Best is trial 158 with value: 0.7116248725335422.
[I 2024-11-01 01:57:23,890] Trial 264 finished with value: 0.7131035443279664 and parameters: {'layers': 15, 'max_depth': 2, 'resampling_rate': 1.750250156634965, 'et': 0.49464504314495095}. Best is trial 158 with value: 0.7116248725335422.
[I 2024-11-01 01:57:44,682] Trial 265 finished with value: 0.7132950166663031 and parameters: {'layers': 15, 'max_depth': 2, 'resampling_rate': 1.7732834250602518, 'et': 0.5601432498577059}. Best is trial 158 with value: 0.7116248725335422.
[I 2024-11-01 01:57:56,820] Trial 266 finished with value: 0.8802316738079363 and parameters: {'layers': 15, 'max_depth': 1, 'resampling_rate': 1.787307573036621, 'et': 0.4426403302062031}. Best is trial 158 with value: 0.7116248725335422.
[I 2024-11-01 01:58:17,688] Trial 267 finished with value: 0.7137842823853556 and parameters: {'layers': 15, 'max_depth': 2, 'resampling_rate': 1.7997626007270409, 'et': 0.5774340585203094}. Best is trial 158 with value: 0.7116248725335422.
[I 2024-11-01 01:58:38,433] Trial 268 finished with value: 0.7144979406110276 and parameters: {'layers': 14, 'max_depth': 2, 'resampling_rate': 1.7425083804170969, 'et': 0.6121564368149265}. Best is trial 158 with value: 0.7116248725335422.
[I 2024-11-01 01:58:59,449] Trial 269 finished with value: 0.7133794631356936 and parameters: {'layers': 15, 'max_depth': 2, 'resampling_rate': 1.7551091483383718, 'et': 0.3365826766225939}. Best is trial 158 with value: 0.7116248725335422.
[I 2024-11-01 01:59:20,169] Trial 270 finished with value: 0.7132926466515056 and parameters: {'layers': 15, 'max_depth': 2, 'resampling_rate': 1.7052794526248927, 'et': 0.48518883075594293}. Best is trial 158 with value: 0.7116248725335422.
[I 2024-11-01 01:59:41,103] Trial 271 finished with value: 0.7135793907007605 and parameters: {'layers': 15, 'max_depth': 2, 'resampling_rate': 1.7795548480248178, 'et': 0.37291615297704783}. Best is trial 158 with value: 0.7116248725335422.
[I 2024-11-01 02:00:01,903] Trial 272 finished with value: 0.7138301638104873 and parameters: {'layers': 13, 'max_depth': 2, 'resampling_rate': 1.72212612005845, 'et': 0.5102294960014209}. Best is trial 158 with value: 0.7116248725335422.
[I 2024-11-01 02:00:22,933] Trial 273 finished with value: 0.7129943683548866 and parameters: {'layers': 14, 'max_depth': 2, 'resampling_rate': 1.6887928092369588, 'et': 0.31337182408920855}. Best is trial 158 with value: 0.7116248725335422.
[I 2024-11-01 02:00:43,861] Trial 274 finished with value: 0.7137712969118949 and parameters: {'layers': 13, 'max_depth': 2, 'resampling_rate': 1.7678544618920289, 'et': 0.4184473693896421}. Best is trial 158 with value: 0.7116248725335422.
[I 2024-11-01 02:01:04,608] Trial 275 finished with value: 0.7137116082638757 and parameters: {'layers': 15, 'max_depth': 2, 'resampling_rate': 1.7321542750160228, 'et': 0.5323876277094037}. Best is trial 158 with value: 0.7116248725335422.
[I 2024-11-01 02:01:25,717] Trial 276 finished with value: 0.7133918340105084 and parameters: {'layers': 13, 'max_depth': 2, 'resampling_rate': 1.7544034399058666, 'et': 0.392958573114562}. Best is trial 158 with value: 0.7116248725335422.
[I 2024-11-01 02:01:46,417] Trial 277 finished with value: 0.7131379519615441 and parameters: {'layers': 14, 'max_depth': 2, 'resampling_rate': 1.7105086066621134, 'et': 0.5061866406513138}. Best is trial 158 with value: 0.7116248725335422.
