[I 2024-11-01 06:06:54,135] Trial 191 finished with value: 9.49285315297338 and parameters: {'layers': 7, 'max_depth': 2, 'resampling_rate': 1.2175395107813731, 'et': 0.10563516713177415}. Best is trial 176 with value: 9.390723799178996.
[I 2024-11-01 06:06:57,591] Trial 192 finished with value: 9.480698220078681 and parameters: {'layers': 7, 'max_depth': 2, 'resampling_rate': 1.7064798782977293, 'et': 0.09509719827009144}. Best is trial 176 with value: 9.390723799178996.
[I 2024-11-01 06:07:02,829] Trial 193 finished with value: 9.490824768001454 and parameters: {'layers': 7, 'max_depth': 2, 'resampling_rate': 1.7338459374374389, 'et': 0.08579154885282653}. Best is trial 176 with value: 9.390723799178996.
[I 2024-11-01 06:07:06,876] Trial 194 finished with value: 9.550348619358068 and parameters: {'layers': 7, 'max_depth': 2, 'resampling_rate': 1.713709323857625, 'et': 0.1770781019486726}. Best is trial 176 with value: 9.390723799178996.
[I 2024-11-01 06:07:11,487] Trial 195 finished with value: 9.610234389037439 and parameters: {'layers': 8, 'max_depth': 2, 'resampling_rate': 1.6851883537581855, 'et': 0.15715055274962964}. Best is trial 176 with value: 9.390723799178996.
[I 2024-11-01 06:07:14,921] Trial 196 finished with value: 9.536778880811179 and parameters: {'layers': 6, 'max_depth': 2, 'resampling_rate': 1.6538393403616476, 'et': 0.6507891135461421}. Best is trial 176 with value: 9.390723799178996.
[I 2024-11-01 06:07:18,981] Trial 197 finished with value: 9.451801404493503 and parameters: {'layers': 7, 'max_depth': 2, 'resampling_rate': 1.3987786149409411, 'et': 0.04855030995352262}. Best is trial 176 with value: 9.390723799178996.
[I 2024-11-01 06:07:22,448] Trial 198 finished with value: 9.560555813567563 and parameters: {'layers': 7, 'max_depth': 2, 'resampling_rate': 1.437788769410336, 'et': 0.052164017786257975}. Best is trial 176 with value: 9.390723799178996.
[I 2024-11-01 06:07:26,519] Trial 199 finished with value: 9.562297925527117 and parameters: {'layers': 8, 'max_depth': 2, 'resampling_rate': 1.3944399065530109, 'et': 0.04200101472767784}. Best is trial 176 with value: 9.390723799178996.
[I 2024-11-01 06:07:31,799] Trial 200 finished with value: 9.474684202450284 and parameters: {'layers': 8, 'max_depth': 2, 'resampling_rate': 1.4070901132846576, 'et': 0.06822012371331865}. Best is trial 176 with value: 9.390723799178996.
[I 2024-11-01 06:07:34,740] Trial 201 finished with value: 9.64670888252589 and parameters: {'layers': 7, 'max_depth': 2, 'resampling_rate': 1.4232669866594603, 'et': 0.09350566273099341}. Best is trial 176 with value: 9.390723799178996.
[I 2024-11-01 06:07:38,207] Trial 202 finished with value: 9.518316628069938 and parameters: {'layers': 7, 'max_depth': 2, 'resampling_rate': 1.3413576646877088, 'et': 0.12899606803061492}. Best is trial 176 with value: 9.390723799178996.
[I 2024-11-01 06:07:41,117] Trial 203 finished with value: 9.587069080197177 and parameters: {'layers': 7, 'max_depth': 2, 'resampling_rate': 1.7297471899996824, 'et': 0.011515559858431827}. Best is trial 176 with value: 9.390723799178996.
[I 2024-11-01 06:07:45,805] Trial 204 finished with value: 9.440387778886665 and parameters: {'layers': 7, 'max_depth': 2, 'resampling_rate': 1.194702327149386, 'et': 0.0512443532922679}. Best is trial 176 with value: 9.390723799178996.
[I 2024-11-01 06:07:51,048] Trial 205 finished with value: 9.525750028977287 and parameters: {'layers': 7, 'max_depth': 2, 'resampling_rate': 1.2047258109824126, 'et': 0.03651220859891702}. Best is trial 176 with value: 9.390723799178996.
[I 2024-11-01 06:07:54,497] Trial 206 finished with value: 9.573322643459363 and parameters: {'layers': 8, 'max_depth': 2, 'resampling_rate': 1.177282243711478, 'et': 0.05345668544056889}. Best is trial 176 with value: 9.390723799178996.
[I 2024-11-01 06:07:57,967] Trial 207 finished with value: 9.516046101434931 and parameters: {'layers': 8, 'max_depth': 2, 'resampling_rate': 1.197453082118314, 'et': 0.07136253827304953}. Best is trial 176 with value: 9.390723799178996.
[I 2024-11-01 06:08:01,404] Trial 208 finished with value: 9.534218214875482 and parameters: {'layers': 6, 'max_depth': 2, 'resampling_rate': 1.7722209505153066, 'et': 0.26464284403281213}. Best is trial 176 with value: 9.390723799178996.
[I 2024-11-01 06:08:05,443] Trial 209 finished with value: 9.587660813930576 and parameters: {'layers': 7, 'max_depth': 2, 'resampling_rate': 1.1856581880199788, 'et': 0.22681658013458825}. Best is trial 176 with value: 9.390723799178996.
[I 2024-11-01 06:08:11,272] Trial 210 finished with value: 9.469987227270602 and parameters: {'layers': 5, 'max_depth': 2, 'resampling_rate': 1.2529243710242566, 'et': 0.02591597241920752}. Best is trial 176 with value: 9.390723799178996.
[I 2024-11-01 06:08:14,714] Trial 211 finished with value: 9.541371550365701 and parameters: {'layers': 7, 'max_depth': 2, 'resampling_rate': 1.4640674883508245, 'et': 0.08520663119206731}. Best is trial 176 with value: 9.390723799178996.
[I 2024-11-01 06:08:20,096] Trial 212 finished with value: 9.588135731882872 and parameters: {'layers': 7, 'max_depth': 2, 'resampling_rate': 1.743858928169247, 'et': 0.10938366949731587}. Best is trial 176 with value: 9.390723799178996.
[I 2024-11-01 06:08:22,986] Trial 213 finished with value: 9.56694758688341 and parameters: {'layers': 7, 'max_depth': 2, 'resampling_rate': 1.5110779749438623, 'et': 0.05541497545277744}. Best is trial 176 with value: 9.390723799178996.
[I 2024-11-01 06:08:25,902] Trial 214 finished with value: 9.541155878162053 and parameters: {'layers': 7, 'max_depth': 2, 'resampling_rate': 1.6981494378796973, 'et': 0.06940167540971796}. Best is trial 176 with value: 9.390723799178996.
[I 2024-11-01 06:08:30,040] Trial 215 finished with value: 9.472024364798726 and parameters: {'layers': 8, 'max_depth': 2, 'resampling_rate': 1.7225690657846278, 'et': 0.04081815057767632}. Best is trial 176 with value: 9.390723799178996.
[I 2024-11-01 06:08:32,948] Trial 216 finished with value: 9.522072519164828 and parameters: {'layers': 8, 'max_depth': 2, 'resampling_rate': 1.3617767019483153, 'et': 0.2970354639049114}. Best is trial 176 with value: 9.390723799178996.
[I 2024-11-01 06:08:36,419] Trial 217 finished with value: 9.548970636504073 and parameters: {'layers': 7, 'max_depth': 2, 'resampling_rate': 1.708274586876346, 'et': 0.13983641868522412}. Best is trial 176 with value: 9.390723799178996.
[I 2024-11-01 06:08:42,539] Trial 218 finished with value: 9.4083677030158 and parameters: {'layers': 14, 'max_depth': 2, 'resampling_rate': 1.1509273644756064, 'et': 0.10647266584229452}. Best is trial 176 with value: 9.390723799178996.
[I 2024-11-01 06:08:46,602] Trial 219 finished with value: 9.544919430955991 and parameters: {'layers': 13, 'max_depth': 2, 'resampling_rate': 1.171315002674665, 'et': 0.11850797249326608}. Best is trial 176 with value: 9.390723799178996.
[I 2024-11-01 06:08:47,062] Trial 220 finished with value: 1000000000.0 and parameters: {'layers': 14, 'max_depth': 2, 'resampling_rate': 1.1442067742267006, 'et': 0.48827848219634995}. Best is trial 176 with value: 9.390723799178996.
[I 2024-11-01 06:08:49,968] Trial 221 finished with value: 9.549930643302437 and parameters: {'layers': 8, 'max_depth': 2, 'resampling_rate': 1.1536658547057623, 'et': 0.09210163939717769}. Best is trial 176 with value: 9.390723799178996.
[I 2024-11-01 06:08:52,867] Trial 222 finished with value: 9.62059977160458 and parameters: {'layers': 7, 'max_depth': 2, 'resampling_rate': 1.7592484262087353, 'et': 0.11403714181526985}. Best is trial 176 with value: 9.390723799178996.
[I 2024-11-01 06:08:57,476] Trial 223 finished with value: 9.551816543964206 and parameters: {'layers': 14, 'max_depth': 2, 'resampling_rate': 1.5351968687379252, 'et': 0.0761179029131502}. Best is trial 176 with value: 9.390723799178996.
[I 2024-11-01 06:09:03,345] Trial 224 finished with value: 9.526221508148135 and parameters: {'layers': 8, 'max_depth': 2, 'resampling_rate': 1.1336305124443657, 'et': 0.15937907953306382}. Best is trial 176 with value: 9.390723799178996.
[I 2024-11-01 06:09:09,409] Trial 225 finished with value: 9.434500964933035 and parameters: {'layers': 15, 'max_depth': 2, 'resampling_rate': 1.2255912884074112, 'et': 0.04662857257022512}. Best is trial 176 with value: 9.390723799178996.
[I 2024-11-01 06:09:13,444] Trial 226 finished with value: 9.545003097714998 and parameters: {'layers': 15, 'max_depth': 2, 'resampling_rate': 1.214306191788484, 'et': 0.04537284587881555}. Best is trial 176 with value: 9.390723799178996.
[I 2024-11-01 06:09:16,868] Trial 227 finished with value: 9.51447113111991 and parameters: {'layers': 15, 'max_depth': 2, 'resampling_rate': 1.239641527048521, 'et': 0.012176227240325244}. Best is trial 176 with value: 9.390723799178996.
[I 2024-11-01 06:09:21,477] Trial 228 finished with value: 9.618052658278277 and parameters: {'layers': 13, 'max_depth': 2, 'resampling_rate': 1.2222103232966994, 'et': 0.03798189590566958}. Best is trial 176 with value: 9.390723799178996.
[I 2024-11-01 06:09:26,831] Trial 229 finished with value: 9.506611852547083 and parameters: {'layers': 14, 'max_depth': 2, 'resampling_rate': 1.1923680063601527, 'et': 0.0567531892349003}. Best is trial 176 with value: 9.390723799178996.
[I 2024-11-01 06:09:29,749] Trial 230 finished with value: 9.488659328392242 and parameters: {'layers': 15, 'max_depth': 2, 'resampling_rate': 1.3806002613255295, 'et': 0.028222399391369224}. Best is trial 176 with value: 9.390723799178996.
[I 2024-11-01 06:09:32,715] Trial 231 finished with value: 9.47865942857858 and parameters: {'layers': 15, 'max_depth': 2, 'resampling_rate': 1.7359488725661083, 'et': 0.08946954911439241}. Best is trial 176 with value: 9.390723799178996.
[I 2024-11-01 06:09:35,697] Trial 232 finished with value: 9.479569670714277 and parameters: {'layers': 14, 'max_depth': 2, 'resampling_rate': 1.71739954239185, 'et': 0.06482413955459848}. Best is trial 176 with value: 9.390723799178996.
[I 2024-11-01 06:09:39,148] Trial 233 finished with value: 9.474614510395241 and parameters: {'layers': 7, 'max_depth': 2, 'resampling_rate': 1.2272151482845788, 'et': 0.10065503208141896}. Best is trial 176 with value: 9.390723799178996.
[I 2024-11-01 06:09:42,597] Trial 234 finished with value: 9.537908721289599 and parameters: {'layers': 10, 'max_depth': 2, 'resampling_rate': 1.2085041972935093, 'et': 0.13290837102031441}. Best is trial 176 with value: 9.390723799178996.
[I 2024-11-01 06:09:47,810] Trial 235 finished with value: 9.62409280502206 and parameters: {'layers': 7, 'max_depth': 2, 'resampling_rate': 1.751129527065483, 'et': 0.07836147404150962}. Best is trial 176 with value: 9.390723799178996.
[I 2024-11-01 06:09:53,078] Trial 236 finished with value: 9.597314406834718 and parameters: {'layers': 6, 'max_depth': 2, 'resampling_rate': 1.169138244870605, 'et': 0.18420257258069747}. Best is trial 176 with value: 9.390723799178996.
[I 2024-11-01 06:09:55,994] Trial 237 finished with value: 9.470724547904048 and parameters: {'layers': 8, 'max_depth': 2, 'resampling_rate': 1.7255139248690716, 'et': 0.049778313972627185}. Best is trial 176 with value: 9.390723799178996.
[I 2024-11-01 06:10:04,079] Trial 238 finished with value: 9.574074967333166 and parameters: {'layers': 8, 'max_depth': 2, 'resampling_rate': 1.6962242015749736, 'et': 0.10880095344792151}. Best is trial 176 with value: 9.390723799178996.
[I 2024-11-01 06:10:08,142] Trial 239 finished with value: 9.525816084355386 and parameters: {'layers': 12, 'max_depth': 2, 'resampling_rate': 1.3212637337691964, 'et': 0.14677667557303423}. Best is trial 176 with value: 9.390723799178996.
[I 2024-11-01 06:10:12,218] Trial 240 finished with value: 9.52664649459337 and parameters: {'layers': 7, 'max_depth': 2, 'resampling_rate': 1.7115270467107626, 'et': 0.026609897292503886}. Best is trial 176 with value: 9.390723799178996.
[I 2024-11-01 06:10:15,682] Trial 241 finished with value: 9.480353574871122 and parameters: {'layers': 10, 'max_depth': 2, 'resampling_rate': 1.6754995750112591, 'et': 0.06291201074727251}. Best is trial 176 with value: 9.390723799178996.
[I 2024-11-01 06:10:18,591] Trial 242 finished with value: 9.506419920075892 and parameters: {'layers': 10, 'max_depth': 2, 'resampling_rate': 1.6026191370363398, 'et': 0.051761071647990105}. Best is trial 176 with value: 9.390723799178996.
[I 2024-11-01 06:10:21,499] Trial 243 finished with value: 9.583414884861554 and parameters: {'layers': 10, 'max_depth': 2, 'resampling_rate': 1.6256821945744817, 'et': 0.07648019636643555}. Best is trial 176 with value: 9.390723799178996.
[I 2024-11-01 06:10:24,981] Trial 244 finished with value: 9.51808559316033 and parameters: {'layers': 10, 'max_depth': 2, 'resampling_rate': 1.6349766276662525, 'et': 0.318473358229309}. Best is trial 176 with value: 9.390723799178996.
[I 2024-11-01 06:10:29,594] Trial 245 finished with value: 9.627226471228573 and parameters: {'layers': 9, 'max_depth': 2, 'resampling_rate': 1.6149105977890048, 'et': 0.03890746470798024}. Best is trial 176 with value: 9.390723799178996.
[I 2024-11-01 06:10:33,648] Trial 246 finished with value: 9.443408076319525 and parameters: {'layers': 8, 'max_depth': 2, 'resampling_rate': 1.5870788310480917, 'et': 0.2484249026227918}. Best is trial 176 with value: 9.390723799178996.
[I 2024-11-01 06:10:37,117] Trial 247 finished with value: 9.553022962006615 and parameters: {'layers': 8, 'max_depth': 2, 'resampling_rate': 1.7369100348470927, 'et': 0.21481171676275668}. Best is trial 176 with value: 9.390723799178996.
[I 2024-11-01 06:10:37,574] Trial 248 finished with value: 1000000000.0 and parameters: {'layers': 8, 'max_depth': 2, 'resampling_rate': 1.1913318310364638, 'et': 0.24921022123322303}. Best is trial 176 with value: 9.390723799178996.
[I 2024-11-01 06:10:45,558] Trial 249 finished with value: 9.5613352873017 and parameters: {'layers': 8, 'max_depth': 2, 'resampling_rate': 1.7253903932134176, 'et': 0.2735236447465621}. Best is trial 176 with value: 9.390723799178996.
[I 2024-11-01 06:10:50,872] Trial 250 finished with value: 9.527304974402767 and parameters: {'layers': 8, 'max_depth': 2, 'resampling_rate': 1.3957398531861949, 'et': 0.23602949765974984}. Best is trial 176 with value: 9.390723799178996.
[I 2024-11-01 06:10:54,988] Trial 251 finished with value: 9.48418506082302 and parameters: {'layers': 7, 'max_depth': 2, 'resampling_rate': 1.55303987905467, 'et': 0.30058881851498437}. Best is trial 176 with value: 9.390723799178996.
[I 2024-11-01 06:10:59,062] Trial 252 finished with value: 9.520026470293741 and parameters: {'layers': 8, 'max_depth': 2, 'resampling_rate': 1.5691369193417062, 'et': 0.4113271717441552}. Best is trial 176 with value: 9.390723799178996.
[I 2024-11-01 06:11:04,338] Trial 253 finished with value: 9.512894464636084 and parameters: {'layers': 7, 'max_depth': 2, 'resampling_rate': 1.7413725372903908, 'et': 0.26086156877846023}. Best is trial 176 with value: 9.390723799178996.
[I 2024-11-01 06:11:07,185] Trial 254 finished with value: 10.25710705805392 and parameters: {'layers': 8, 'max_depth': 1, 'resampling_rate': 1.5776533257473255, 'et': 0.12795478882935343}. Best is trial 176 with value: 9.390723799178996.
[I 2024-11-01 06:11:10,159] Trial 255 finished with value: 9.510604353929791 and parameters: {'layers': 14, 'max_depth': 2, 'resampling_rate': 1.7126727937318396, 'et': 0.1677979950924484}. Best is trial 176 with value: 9.390723799178996.
[I 2024-11-01 06:11:14,801] Trial 256 finished with value: 9.514005798899715 and parameters: {'layers': 11, 'max_depth': 2, 'resampling_rate': 1.42153052296648, 'et': 0.09181266750585462}. Best is trial 176 with value: 9.390723799178996.
[I 2024-11-01 06:11:19,436] Trial 257 finished with value: 9.511904797285082 and parameters: {'layers': 7, 'max_depth': 2, 'resampling_rate': 1.1087086422960017, 'et': 0.10730816251638389}. Best is trial 176 with value: 9.390723799178996.
[I 2024-11-01 06:11:22,912] Trial 258 finished with value: 9.575905347664568 and parameters: {'layers': 9, 'max_depth': 2, 'resampling_rate': 1.277413284293859, 'et': 0.06456401299254697}. Best is trial 176 with value: 9.390723799178996.
[I 2024-11-01 06:11:28,756] Trial 259 finished with value: 9.528128426535849 and parameters: {'layers': 8, 'max_depth': 2, 'resampling_rate': 1.7698982274943122, 'et': 0.18962518918219662}. Best is trial 176 with value: 9.390723799178996.
[I 2024-11-01 06:11:34,164] Trial 260 finished with value: 9.608195972152117 and parameters: {'layers': 7, 'max_depth': 2, 'resampling_rate': 1.598540970875989, 'et': 0.02199179347989175}. Best is trial 176 with value: 9.390723799178996.
[I 2024-11-01 06:11:37,071] Trial 261 finished with value: 9.514142705983465 and parameters: {'layers': 6, 'max_depth': 2, 'resampling_rate': 1.5828377059678846, 'et': 0.08172907762684713}. Best is trial 176 with value: 9.390723799178996.
[I 2024-11-01 06:11:41,151] Trial 262 finished with value: 9.579815950479809 and parameters: {'layers': 8, 'max_depth': 2, 'resampling_rate': 1.2561410650610496, 'et': 0.14647838966193583}. Best is trial 176 with value: 9.390723799178996.
[I 2024-11-01 06:11:44,626] Trial 263 finished with value: 9.547654953505084 and parameters: {'layers': 7, 'max_depth': 2, 'resampling_rate': 1.6957302316061726, 'et': 0.042233127707864936}. Best is trial 176 with value: 9.390723799178996.
[I 2024-11-01 06:11:49,872] Trial 264 finished with value: 9.49826517986505 and parameters: {'layers': 8, 'max_depth': 2, 'resampling_rate': 1.7539911520576295, 'et': 0.36071877541792235}. Best is trial 176 with value: 9.390723799178996.
[I 2024-11-01 06:11:52,780] Trial 265 finished with value: 9.5467963462468 and parameters: {'layers': 8, 'max_depth': 2, 'resampling_rate': 1.2305377913966604, 'et': 0.20749836471355565}. Best is trial 176 with value: 9.390723799178996.
[I 2024-11-01 06:11:58,022] Trial 266 finished with value: 9.414796221048725 and parameters: {'layers': 9, 'max_depth': 2, 'resampling_rate': 1.2114274661319853, 'et': 0.12086373104316765}. Best is trial 176 with value: 9.390723799178996.
[I 2024-11-01 06:11:58,480] Trial 267 finished with value: 1000000000.0 and parameters: {'layers': 9, 'max_depth': 2, 'resampling_rate': 1.2117806688752453, 'et': 0.5201332744839321}. Best is trial 176 with value: 9.390723799178996.
[I 2024-11-01 06:12:03,130] Trial 268 finished with value: 9.4825349770043 and parameters: {'layers': 9, 'max_depth': 2, 'resampling_rate': 1.1982724732208228, 'et': 0.12344887628687676}. Best is trial 176 with value: 9.390723799178996.
[I 2024-11-01 06:12:12,996] Trial 269 finished with value: 9.506029808342523 and parameters: {'layers': 8, 'max_depth': 2, 'resampling_rate': 1.2222743813934671, 'et': 0.16941067333545518}. Best is trial 176 with value: 9.390723799178996.
[I 2024-11-01 06:12:19,442] Trial 270 finished with value: 9.530267892672308 and parameters: {'layers': 9, 'max_depth': 2, 'resampling_rate': 1.1766948779525386, 'et': 0.13443541359398253}. Best is trial 176 with value: 9.390723799178996.
[I 2024-11-01 06:12:19,902] Trial 271 finished with value: 1000000000.0 and parameters: {'layers': 8, 'max_depth': 2, 'resampling_rate': 1.2401328185056748, 'et': 0.2843220768858421}. Best is trial 176 with value: 9.390723799178996.
[I 2024-11-01 06:12:23,958] Trial 272 finished with value: 9.459355802411359 and parameters: {'layers': 9, 'max_depth': 2, 'resampling_rate': 1.2947940983494861, 'et': 0.05877295934599371}. Best is trial 176 with value: 9.390723799178996.
[I 2024-11-01 06:12:30,550] Trial 273 finished with value: 9.490452997791385 and parameters: {'layers': 15, 'max_depth': 2, 'resampling_rate': 1.1577749265674473, 'et': 0.011431848699891362}. Best is trial 176 with value: 9.390723799178996.
[I 2024-11-01 06:12:34,052] Trial 274 finished with value: 9.565114715861002 and parameters: {'layers': 8, 'max_depth': 2, 'resampling_rate': 1.3492139914172612, 'et': 0.23567996781470613}. Best is trial 176 with value: 9.390723799178996.
[I 2024-11-01 06:12:39,449] Trial 275 finished with value: 9.50969805694186 and parameters: {'layers': 8, 'max_depth': 2, 'resampling_rate': 1.2026494923609183, 'et': 0.041121586962603277}. Best is trial 176 with value: 9.390723799178996.
[I 2024-11-01 06:12:44,631] Trial 276 finished with value: 9.419255153576536 and parameters: {'layers': 7, 'max_depth': 2, 'resampling_rate': 1.4110879671377754, 'et': 0.09966703580482747}. Best is trial 176 with value: 9.390723799178996.
[I 2024-11-01 06:12:48,652] Trial 277 finished with value: 9.428847468536215 and parameters: {'layers': 11, 'max_depth': 2, 'resampling_rate': 1.3916330856207597, 'et': 0.11629340498769544}. Best is trial 176 with value: 9.390723799178996.
[I 2024-11-01 06:12:54,644] Trial 278 finished with value: 9.543537368744929 and parameters: {'layers': 11, 'max_depth': 2, 'resampling_rate': 1.418518361001059, 'et': 0.10230609521442594}. Best is trial 176 with value: 9.390723799178996.
[I 2024-11-01 06:12:57,569] Trial 279 finished with value: 9.545066540266717 and parameters: {'layers': 12, 'max_depth': 2, 'resampling_rate': 1.4059360417077016, 'et': 0.11747024039618537}. Best is trial 176 with value: 9.390723799178996.
[I 2024-11-01 06:13:02,242] Trial 280 finished with value: 9.56579361842487 and parameters: {'layers': 11, 'max_depth': 2, 'resampling_rate': 1.3786444019450976, 'et': 0.0785115296678759}. Best is trial 176 with value: 9.390723799178996.
[I 2024-11-01 06:13:05,190] Trial 281 finished with value: 9.576829994622807 and parameters: {'layers': 10, 'max_depth': 2, 'resampling_rate': 1.3962014183093319, 'et': 0.33462509023676473}. Best is trial 176 with value: 9.390723799178996.
[I 2024-11-01 06:13:09,178] Trial 282 finished with value: 9.537985176224387 and parameters: {'layers': 5, 'max_depth': 2, 'resampling_rate': 1.4049348727415008, 'et': 0.09225845791777525}. Best is trial 176 with value: 9.390723799178996.
