[I 2024-11-01 00:34:31,821] Trial 4 finished with value: 0.8792103780288256 and parameters: {'layers': 7, 'max_depth': 1, 'resampling_rate': 1.29525211969714, 'et': 0.18319625432737005}. Best is trial 3 with value: 0.7135535590341103.
[I 2024-11-01 00:34:35,255] Trial 5 finished with value: 1000000000.0 and parameters: {'layers': 15, 'max_depth': 2, 'resampling_rate': 1.5138667685242098, 'et': 0.6958660700790736}. Best is trial 3 with value: 0.7135535590341103.
[I 2024-11-01 00:34:37,236] Trial 6 finished with value: 1000000000.0 and parameters: {'layers': 15, 'max_depth': 1, 'resampling_rate': 1.1288134787033157, 'et': 0.24310336943945163}. Best is trial 3 with value: 0.7135535590341103.
[I 2024-11-01 00:34:58,832] Trial 7 finished with value: 0.7133688831325898 and parameters: {'layers': 14, 'max_depth': 2, 'resampling_rate': 1.5766361628787284, 'et': 0.1090996262220486}. Best is trial 7 with value: 0.7133688831325898.
[I 2024-11-01 00:35:00,804] Trial 8 finished with value: 1000000000.0 and parameters: {'layers': 13, 'max_depth': 1, 'resampling_rate': 1.581778718332406, 'et': 0.5826374620322476}. Best is trial 7 with value: 0.7133688831325898.
[I 2024-11-01 00:35:21,804] Trial 9 finished with value: 0.7132707294003439 and parameters: {'layers': 12, 'max_depth': 2, 'resampling_rate': 1.6989865109009186, 'et': 0.534057860485715}. Best is trial 9 with value: 0.7132707294003439.
[I 2024-11-01 00:35:25,271] Trial 10 finished with value: 1000000000.0 and parameters: {'layers': 10, 'max_depth': 2, 'resampling_rate': 1.3688555072269362, 'et': 0.8995988512195592}. Best is trial 9 with value: 0.7132707294003439.
[I 2024-11-01 00:35:47,089] Trial 11 finished with value: 0.7136270770303291 and parameters: {'layers': 12, 'max_depth': 2, 'resampling_rate': 1.4418406537197568, 'et': 0.034860706054323884}. Best is trial 9 with value: 0.7132707294003439.
[I 2024-11-01 00:36:08,994] Trial 12 finished with value: 0.7140297774833382 and parameters: {'layers': 5, 'max_depth': 2, 'resampling_rate': 1.6274339224020073, 'et': 0.03472090810542877}. Best is trial 9 with value: 0.7132707294003439.
[I 2024-11-01 00:36:30,502] Trial 13 finished with value: 0.7130066193264737 and parameters: {'layers': 14, 'max_depth': 2, 'resampling_rate': 1.5384977985737889, 'et': 0.5156845572932387}. Best is trial 13 with value: 0.7130066193264737.
[I 2024-11-01 00:36:34,157] Trial 14 finished with value: 1000000000.0 and parameters: {'layers': 11, 'max_depth': 2, 'resampling_rate': 1.4519219550967748, 'et': 0.5062064026325112}. Best is trial 13 with value: 0.7130066193264737.
[I 2024-11-01 00:36:37,712] Trial 15 finished with value: 1000000000.0 and parameters: {'layers': 10, 'max_depth': 2, 'resampling_rate': 1.6875619274472367, 'et': 0.8350631841009695}. Best is trial 13 with value: 0.7130066193264737.
[I 2024-11-01 00:36:59,611] Trial 16 finished with value: 0.7123762942364026 and parameters: {'layers': 13, 'max_depth': 2, 'resampling_rate': 1.7938712783660526, 'et': 0.3140458100179855}. Best is trial 16 with value: 0.7123762942364026.
[I 2024-11-01 00:37:03,128] Trial 17 finished with value: 1000000000.0 and parameters: {'layers': 14, 'max_depth': 2, 'resampling_rate': 1.3126117885037618, 'et': 0.32838689436739676}. Best is trial 16 with value: 0.7123762942364026.
[I 2024-11-01 00:37:06,577] Trial 18 finished with value: 1000000000.0 and parameters: {'layers': 14, 'max_depth': 2, 'resampling_rate': 1.139236960818876, 'et': 0.27015770333942496}. Best is trial 16 with value: 0.7123762942364026.
[I 2024-11-01 00:37:27,547] Trial 19 finished with value: 0.7127008133856524 and parameters: {'layers': 13, 'max_depth': 2, 'resampling_rate': 1.799590455745194, 'et': 0.452939032060902}. Best is trial 16 with value: 0.7123762942364026.
[I 2024-11-01 00:37:39,670] Trial 20 finished with value: 0.8796046807510135 and parameters: {'layers': 9, 'max_depth': 1, 'resampling_rate': 1.7715720072054277, 'et': 0.45345397141859356}. Best is trial 16 with value: 0.7123762942364026.
[I 2024-11-01 00:38:00,652] Trial 21 finished with value: 0.7131477493585829 and parameters: {'layers': 13, 'max_depth': 2, 'resampling_rate': 1.796765442154018, 'et': 0.4598643699926741}. Best is trial 16 with value: 0.7123762942364026.
[I 2024-11-01 00:38:21,491] Trial 22 finished with value: 0.7121798284814784 and parameters: {'layers': 15, 'max_depth': 2, 'resampling_rate': 1.6558822751634432, 'et': 0.31014949402195724}. Best is trial 22 with value: 0.7121798284814784.
[I 2024-11-01 00:38:42,460] Trial 23 finished with value: 0.7131289625179433 and parameters: {'layers': 15, 'max_depth': 2, 'resampling_rate': 1.656831113757369, 'et': 0.2749078777629063}. Best is trial 22 with value: 0.7121798284814784.
[I 2024-11-01 00:39:03,558] Trial 24 finished with value: 0.7131970886389891 and parameters: {'layers': 11, 'max_depth': 2, 'resampling_rate': 1.7283010080742112, 'et': 0.18477341583732176}. Best is trial 22 with value: 0.7121798284814784.
[I 2024-11-01 00:39:24,483] Trial 25 finished with value: 0.7137428008769316 and parameters: {'layers': 13, 'max_depth': 2, 'resampling_rate': 1.7966779315209032, 'et': 0.3644903549174469}. Best is trial 22 with value: 0.7121798284814784.
[I 2024-11-01 00:39:45,184] Trial 26 finished with value: 0.713360582469828 and parameters: {'layers': 15, 'max_depth': 2, 'resampling_rate': 1.6606294977328804, 'et': 0.40920736531114316}. Best is trial 22 with value: 0.7121798284814784.
[I 2024-11-01 00:40:06,393] Trial 27 finished with value: 0.7127932268253462 and parameters: {'layers': 11, 'max_depth': 2, 'resampling_rate': 1.7288461707147413, 'et': 0.20024821241209614}. Best is trial 22 with value: 0.7121798284814784.
[I 2024-11-01 00:40:27,187] Trial 28 finished with value: 0.7134974555390187 and parameters: {'layers': 14, 'max_depth': 2, 'resampling_rate': 1.6160384451364638, 'et': 0.3053694668403251}. Best is trial 22 with value: 0.7121798284814784.
[I 2024-11-01 00:40:47,820] Trial 29 finished with value: 0.7139327312746776 and parameters: {'layers': 12, 'max_depth': 2, 'resampling_rate': 1.6848083599043713, 'et': 0.6311795329333413}. Best is trial 22 with value: 0.7121798284814784.
[I 2024-11-01 00:41:09,301] Trial 30 finished with value: 0.7127098175174432 and parameters: {'layers': 12, 'max_depth': 2, 'resampling_rate': 1.7306018659568818, 'et': 0.11645596795647606}. Best is trial 22 with value: 0.7121798284814784.
[I 2024-11-01 00:41:30,676] Trial 31 finished with value: 0.7135008059266293 and parameters: {'layers': 12, 'max_depth': 2, 'resampling_rate': 1.7996815973467288, 'et': 0.11195551784021071}. Best is trial 22 with value: 0.7121798284814784.
[I 2024-11-01 00:41:51,889] Trial 32 finished with value: 0.7138013542496141 and parameters: {'layers': 13, 'max_depth': 2, 'resampling_rate': 1.730183886942506, 'et': 0.14609411290757796}. Best is trial 22 with value: 0.7121798284814784.
[I 2024-11-01 00:42:12,805] Trial 33 finished with value: 0.7133172006048799 and parameters: {'layers': 13, 'max_depth': 2, 'resampling_rate': 1.7377400598148631, 'et': 0.37164608798876086}. Best is trial 22 with value: 0.7121798284814784.
[I 2024-11-01 00:42:33,805] Trial 34 finished with value: 0.712648509546645 and parameters: {'layers': 11, 'max_depth': 2, 'resampling_rate': 1.7620629491711506, 'et': 0.44274499041030196}. Best is trial 22 with value: 0.7121798284814784.
[I 2024-11-01 00:42:46,169] Trial 35 finished with value: 0.8788239003523833 and parameters: {'layers': 9, 'max_depth': 1, 'resampling_rate': 1.759370756125909, 'et': 0.44030803439656935}. Best is trial 22 with value: 0.7121798284814784.
[I 2024-11-01 00:43:06,905] Trial 36 finished with value: 0.7138160910228234 and parameters: {'layers': 8, 'max_depth': 2, 'resampling_rate': 1.6575261637105745, 'et': 0.37288218571939014}. Best is trial 22 with value: 0.7121798284814784.
[I 2024-11-01 00:43:27,788] Trial 37 finished with value: 0.7137423114494778 and parameters: {'layers': 11, 'max_depth': 2, 'resampling_rate': 1.7747140923303193, 'et': 0.591123896705361}. Best is trial 22 with value: 0.7121798284814784.
[I 2024-11-01 00:43:39,818] Trial 38 finished with value: 0.8773666882024854 and parameters: {'layers': 15, 'max_depth': 1, 'resampling_rate': 1.610942303401617, 'et': 0.31278696911764214}. Best is trial 22 with value: 0.7121798284814784.
[I 2024-11-01 00:44:00,966] Trial 39 finished with value: 0.7138057461797618 and parameters: {'layers': 10, 'max_depth': 2, 'resampling_rate': 1.6972404032467963, 'et': 0.4154877461345229}. Best is trial 22 with value: 0.7121798284814784.
[I 2024-11-01 00:44:13,295] Trial 40 finished with value: 0.8801040593148413 and parameters: {'layers': 14, 'max_depth': 1, 'resampling_rate': 1.5135301995802737, 'et': 0.2341165553248607}. Best is trial 22 with value: 0.7121798284814784.
[I 2024-11-01 00:44:34,674] Trial 41 finished with value: 0.7143874521825797 and parameters: {'layers': 12, 'max_depth': 2, 'resampling_rate': 1.7578228585298574, 'et': 0.4812290610130808}. Best is trial 22 with value: 0.7121798284814784.
[I 2024-11-01 00:44:56,784] Trial 42 finished with value: 0.7143900357065364 and parameters: {'layers': 12, 'max_depth': 2, 'resampling_rate': 1.707672672153391, 'et': 0.11043619890501749}. Best is trial 22 with value: 0.7121798284814784.
[I 2024-11-01 00:45:18,205] Trial 43 finished with value: 0.7125941351543088 and parameters: {'layers': 13, 'max_depth': 2, 'resampling_rate': 1.7614140793556834, 'et': 0.5576879407529337}. Best is trial 22 with value: 0.7121798284814784.
[I 2024-11-01 00:45:39,036] Trial 44 finished with value: 0.7128390601631374 and parameters: {'layers': 13, 'max_depth': 2, 'resampling_rate': 1.765181153855496, 'et': 0.5622686994226261}. Best is trial 22 with value: 0.7121798284814784.
[I 2024-11-01 00:45:59,644] Trial 45 finished with value: 0.7140914765857339 and parameters: {'layers': 5, 'max_depth': 2, 'resampling_rate': 1.6679658610578616, 'et': 0.5373571158678487}. Best is trial 22 with value: 0.7121798284814784.
[I 2024-11-01 00:46:20,480] Trial 46 finished with value: 0.712839049932629 and parameters: {'layers': 15, 'max_depth': 2, 'resampling_rate': 1.7677771984133293, 'et': 0.6526294366165276}. Best is trial 22 with value: 0.7121798284814784.
[I 2024-11-01 00:46:23,899] Trial 47 finished with value: 1000000000.0 and parameters: {'layers': 14, 'max_depth': 2, 'resampling_rate': 1.5864469384132538, 'et': 0.75222891802286}. Best is trial 22 with value: 0.7121798284814784.
[I 2024-11-01 00:46:44,852] Trial 48 finished with value: 0.7127032901294105 and parameters: {'layers': 11, 'max_depth': 2, 'resampling_rate': 1.7050853603250828, 'et': 0.34197052645771175}. Best is trial 22 with value: 0.7121798284814784.
[I 2024-11-01 00:46:48,254] Trial 49 finished with value: 1000000000.0 and parameters: {'layers': 13, 'max_depth': 2, 'resampling_rate': 1.2122781525257245, 'et': 0.5021982199231033}. Best is trial 22 with value: 0.7121798284814784.
[I 2024-11-01 00:46:51,666] Trial 50 finished with value: 1000000000.0 and parameters: {'layers': 6, 'max_depth': 2, 'resampling_rate': 1.4387250117530284, 'et': 0.6821658579425339}. Best is trial 22 with value: 0.7121798284814784.
[I 2024-11-01 00:47:12,632] Trial 51 finished with value: 0.7136159206660282 and parameters: {'layers': 11, 'max_depth': 2, 'resampling_rate': 1.7068449387822326, 'et': 0.3573862863116716}. Best is trial 22 with value: 0.7121798284814784.
[I 2024-11-01 00:47:33,604] Trial 52 finished with value: 0.7132418947859221 and parameters: {'layers': 10, 'max_depth': 2, 'resampling_rate': 1.787539556151531, 'et': 0.4162380235850191}. Best is trial 22 with value: 0.7121798284814784.
[I 2024-11-01 00:47:54,383] Trial 53 finished with value: 0.7135410092513416 and parameters: {'layers': 11, 'max_depth': 2, 'resampling_rate': 1.6299988369927172, 'et': 0.3377005989438738}. Best is trial 22 with value: 0.7121798284814784.
[I 2024-11-01 00:48:15,403] Trial 54 finished with value: 0.7135174261033018 and parameters: {'layers': 10, 'max_depth': 2, 'resampling_rate': 1.7425645285811722, 'et': 0.28513694096723535}. Best is trial 22 with value: 0.7121798284814784.
[I 2024-11-01 00:48:36,426] Trial 55 finished with value: 0.7134023960825395 and parameters: {'layers': 9, 'max_depth': 2, 'resampling_rate': 1.6797939505084911, 'et': 0.25600310538195314}. Best is trial 22 with value: 0.7121798284814784.
[I 2024-11-01 00:48:57,334] Trial 56 finished with value: 0.7144700067457391 and parameters: {'layers': 8, 'max_depth': 2, 'resampling_rate': 1.5538306627036869, 'et': 0.21725739952396148}. Best is trial 22 with value: 0.7121798284814784.
[I 2024-11-01 00:49:18,224] Trial 57 finished with value: 0.7129447697128936 and parameters: {'layers': 13, 'max_depth': 2, 'resampling_rate': 1.7082751694230724, 'et': 0.46895647748841174}. Best is trial 22 with value: 0.7121798284814784.
[I 2024-11-01 00:49:39,082] Trial 58 finished with value: 0.713096602197823 and parameters: {'layers': 15, 'max_depth': 2, 'resampling_rate': 1.7499301734856507, 'et': 0.5943603733527131}. Best is trial 22 with value: 0.7121798284814784.
[I 2024-11-01 00:49:59,893] Trial 59 finished with value: 0.7133211563955356 and parameters: {'layers': 12, 'max_depth': 2, 'resampling_rate': 1.6318404186715179, 'et': 0.389178926434164}. Best is trial 22 with value: 0.7121798284814784.
[I 2024-11-01 00:50:03,307] Trial 60 finished with value: 1000000000.0 and parameters: {'layers': 14, 'max_depth': 2, 'resampling_rate': 1.3923525987329874, 'et': 0.438313096327664}. Best is trial 22 with value: 0.7121798284814784.
[I 2024-11-01 00:50:25,042] Trial 61 finished with value: 0.7137309876631561 and parameters: {'layers': 12, 'max_depth': 2, 'resampling_rate': 1.7367066668752367, 'et': 0.01529329871448279}. Best is trial 22 with value: 0.7121798284814784.
[I 2024-11-01 00:50:46,463] Trial 62 finished with value: 0.7136101668906581 and parameters: {'layers': 12, 'max_depth': 2, 'resampling_rate': 1.780889309792977, 'et': 0.1653792863723178}. Best is trial 22 with value: 0.7121798284814784.
[I 2024-11-01 00:51:07,482] Trial 63 finished with value: 0.7138579485966275 and parameters: {'layers': 11, 'max_depth': 2, 'resampling_rate': 1.7263095658903442, 'et': 0.3388680940141636}. Best is trial 22 with value: 0.7121798284814784.
[I 2024-11-01 00:51:28,443] Trial 64 finished with value: 0.7138872474636951 and parameters: {'layers': 14, 'max_depth': 2, 'resampling_rate': 1.7976814731328787, 'et': 0.5330650270958688}. Best is trial 22 with value: 0.7121798284814784.
[I 2024-11-01 00:51:49,960] Trial 65 finished with value: 0.7144839049819414 and parameters: {'layers': 13, 'max_depth': 2, 'resampling_rate': 1.714418924257969, 'et': 0.07130095389187646}. Best is trial 22 with value: 0.7121798284814784.
[I 2024-11-01 00:52:10,667] Trial 66 finished with value: 0.7127583953918987 and parameters: {'layers': 11, 'max_depth': 2, 'resampling_rate': 1.6468673519892816, 'et': 0.4872865858813584}. Best is trial 22 with value: 0.7121798284814784.
[I 2024-11-01 00:52:31,697] Trial 67 finished with value: 0.7133489598177416 and parameters: {'layers': 11, 'max_depth': 2, 'resampling_rate': 1.7509621007166802, 'et': 0.30558088998328525}. Best is trial 22 with value: 0.7121798284814784.
[I 2024-11-01 00:52:52,485] Trial 68 finished with value: 0.7131636799171965 and parameters: {'layers': 12, 'max_depth': 2, 'resampling_rate': 1.684280223353855, 'et': 0.40702562818872345}. Best is trial 22 with value: 0.7121798284814784.
[I 2024-11-01 00:53:14,068] Trial 69 finished with value: 0.7148625990162861 and parameters: {'layers': 13, 'max_depth': 2, 'resampling_rate': 1.7783238735725504, 'et': 0.0752194370938721}. Best is trial 22 with value: 0.7121798284814784.
[I 2024-11-01 00:53:34,923] Trial 70 finished with value: 0.713768868663701 and parameters: {'layers': 10, 'max_depth': 2, 'resampling_rate': 1.7175610281318168, 'et': 0.5542814208950891}. Best is trial 22 with value: 0.7121798284814784.
[I 2024-11-01 00:53:55,520] Trial 71 finished with value: 0.7135374978334816 and parameters: {'layers': 11, 'max_depth': 2, 'resampling_rate': 1.6475707714032373, 'et': 0.48457091838007227}. Best is trial 22 with value: 0.7121798284814784.
[I 2024-11-01 00:54:16,246] Trial 72 finished with value: 0.7126593456773488 and parameters: {'layers': 12, 'max_depth': 2, 'resampling_rate': 1.6738233875631707, 'et': 0.507531881000322}. Best is trial 22 with value: 0.7121798284814784.
[I 2024-11-01 00:54:37,006] Trial 73 finished with value: 0.7128957930615009 and parameters: {'layers': 12, 'max_depth': 2, 'resampling_rate': 1.6744508715602355, 'et': 0.6164489939736925}. Best is trial 22 with value: 0.7121798284814784.
[I 2024-11-01 00:54:57,879] Trial 74 finished with value: 0.7132705950107309 and parameters: {'layers': 12, 'max_depth': 2, 'resampling_rate': 1.752985388414565, 'et': 0.44067357024106896}. Best is trial 22 with value: 0.7121798284814784.
[I 2024-11-01 00:55:18,559] Trial 75 finished with value: 0.7132255871915719 and parameters: {'layers': 14, 'max_depth': 2, 'resampling_rate': 1.6962233356350738, 'et': 0.5205262222549615}. Best is trial 22 with value: 0.7121798284814784.
[I 2024-11-01 00:55:39,729] Trial 76 finished with value: 0.7137480371975439 and parameters: {'layers': 13, 'max_depth': 2, 'resampling_rate': 1.779663006174021, 'et': 0.2856091397764755}. Best is trial 22 with value: 0.7121798284814784.
[I 2024-11-01 00:55:51,853] Trial 77 finished with value: 0.8802402431758237 and parameters: {'layers': 12, 'max_depth': 1, 'resampling_rate': 1.7287242169485306, 'et': 0.5672281379459689}. Best is trial 22 with value: 0.7121798284814784.
[I 2024-11-01 00:56:12,823] Trial 78 finished with value: 0.7129310023109601 and parameters: {'layers': 10, 'max_depth': 2, 'resampling_rate': 1.7678269631656867, 'et': 0.3873210689504694}. Best is trial 22 with value: 0.7121798284814784.
[I 2024-11-01 00:56:33,309] Trial 79 finished with value: 0.7129155117263629 and parameters: {'layers': 13, 'max_depth': 2, 'resampling_rate': 1.5974911335443247, 'et': 0.4534427402542587}. Best is trial 22 with value: 0.7121798284814784.
[I 2024-11-01 00:56:54,436] Trial 80 finished with value: 0.7144737560001445 and parameters: {'layers': 12, 'max_depth': 2, 'resampling_rate': 1.745744433149858, 'et': 0.22734529967237874}. Best is trial 22 with value: 0.7121798284814784.
[I 2024-11-01 00:57:15,026] Trial 81 finished with value: 0.7129958498718518 and parameters: {'layers': 11, 'max_depth': 2, 'resampling_rate': 1.6406443615283373, 'et': 0.4943176351490089}. Best is trial 22 with value: 0.7121798284814784.
[I 2024-11-01 00:57:35,444] Trial 82 finished with value: 0.7133827758801781 and parameters: {'layers': 11, 'max_depth': 2, 'resampling_rate': 1.5580196345181498, 'et': 0.4729205995502588}. Best is trial 22 with value: 0.7121798284814784.
[I 2024-11-01 00:57:56,177] Trial 83 finished with value: 0.7138948008233559 and parameters: {'layers': 11, 'max_depth': 2, 'resampling_rate': 1.656689118254111, 'et': 0.35089283171824254}. Best is trial 22 with value: 0.7121798284814784.
[I 2024-11-01 00:58:16,919] Trial 84 finished with value: 0.7134420513923376 and parameters: {'layers': 13, 'max_depth': 2, 'resampling_rate': 1.6867534149875565, 'et': 0.5107485965435857}. Best is trial 22 with value: 0.7121798284814784.
[I 2024-11-01 00:58:37,448] Trial 85 finished with value: 0.712901831788937 and parameters: {'layers': 12, 'max_depth': 2, 'resampling_rate': 1.5133343367086594, 'et': 0.42555451114346765}. Best is trial 22 with value: 0.7121798284814784.
[I 2024-11-01 00:58:58,581] Trial 86 finished with value: 0.7129888938505661 and parameters: {'layers': 10, 'max_depth': 2, 'resampling_rate': 1.7993011105457133, 'et': 0.3916088852699259}. Best is trial 22 with value: 0.7121798284814784.
[I 2024-11-01 00:59:19,523] Trial 87 finished with value: 0.713023280060646 and parameters: {'layers': 11, 'max_depth': 2, 'resampling_rate': 1.7173929239967682, 'et': 0.3210978383791685}. Best is trial 22 with value: 0.7121798284814784.
[I 2024-11-01 00:59:40,491] Trial 88 finished with value: 0.7133469546674273 and parameters: {'layers': 13, 'max_depth': 2, 'resampling_rate': 1.6072725131157584, 'et': 0.25547803194053087}. Best is trial 22 with value: 0.7121798284814784.
[I 2024-11-01 00:59:43,905] Trial 89 finished with value: 1000000000.0 and parameters: {'layers': 11, 'max_depth': 2, 'resampling_rate': 1.2456485303692395, 'et': 0.6083139887945833}. Best is trial 22 with value: 0.7121798284814784.
[I 2024-11-01 01:00:04,707] Trial 90 finished with value: 0.7133932216787828 and parameters: {'layers': 14, 'max_depth': 2, 'resampling_rate': 1.6971662338705464, 'et': 0.5786615081319657}. Best is trial 22 with value: 0.7121798284814784.
[I 2024-11-01 01:00:26,009] Trial 91 finished with value: 0.7137842969653504 and parameters: {'layers': 10, 'max_depth': 2, 'resampling_rate': 1.73446550866987, 'et': 0.15346714491878827}. Best is trial 22 with value: 0.7121798284814784.
[I 2024-11-01 01:00:47,314] Trial 92 finished with value: 0.7135264529233619 and parameters: {'layers': 12, 'max_depth': 2, 'resampling_rate': 1.7617380247227263, 'et': 0.13730322814874257}. Best is trial 22 with value: 0.7121798284814784.
[I 2024-11-01 01:01:08,684] Trial 93 finished with value: 0.7135745826193819 and parameters: {'layers': 11, 'max_depth': 2, 'resampling_rate': 1.6695812110227948, 'et': 0.21003741487015037}. Best is trial 22 with value: 0.7121798284814784.
[I 2024-11-01 01:01:30,773] Trial 94 finished with value: 0.7131837689545876 and parameters: {'layers': 11, 'max_depth': 2, 'resampling_rate': 1.7797587152323273, 'et': 0.1906382992772207}. Best is trial 22 with value: 0.7121798284814784.
[I 2024-11-01 01:01:51,508] Trial 95 finished with value: 0.7136083680739896 and parameters: {'layers': 13, 'max_depth': 2, 'resampling_rate': 1.726692027294435, 'et': 0.5230466759404557}. Best is trial 22 with value: 0.7121798284814784.
