[I 2024-11-01 04:26:51,315] Trial 733 finished with value: 0.7129034152995049 and parameters: {'layers': 14, 'max_depth': 2, 'resampling_rate': 1.7829667577937682, 'et': 0.36009910044572524}. Best is trial 158 with value: 0.7116248725335422.
[I 2024-11-01 04:27:12,329] Trial 734 finished with value: 0.713324036127374 and parameters: {'layers': 13, 'max_depth': 2, 'resampling_rate': 1.7994247701534545, 'et': 0.4251714855270493}. Best is trial 158 with value: 0.7116248725335422.
[I 2024-11-01 04:27:33,333] Trial 735 finished with value: 0.7129716168927894 and parameters: {'layers': 12, 'max_depth': 2, 'resampling_rate': 1.7921021106394308, 'et': 0.4153644740434934}. Best is trial 158 with value: 0.7116248725335422.
[I 2024-11-01 04:27:54,384] Trial 736 finished with value: 0.714335687915106 and parameters: {'layers': 15, 'max_depth': 2, 'resampling_rate': 1.7739888015689673, 'et': 0.43535476476181356}. Best is trial 158 with value: 0.7116248725335422.
[I 2024-11-01 04:28:15,402] Trial 737 finished with value: 0.7137381607393346 and parameters: {'layers': 15, 'max_depth': 2, 'resampling_rate': 1.7626015684140102, 'et': 0.4021636664815708}. Best is trial 158 with value: 0.7116248725335422.
[I 2024-11-01 04:28:36,362] Trial 738 finished with value: 0.713331732420725 and parameters: {'layers': 14, 'max_depth': 2, 'resampling_rate': 1.7574674407669157, 'et': 0.3777722872228492}. Best is trial 158 with value: 0.7116248725335422.
[I 2024-11-01 04:28:57,363] Trial 739 finished with value: 0.7137545873776547 and parameters: {'layers': 13, 'max_depth': 2, 'resampling_rate': 1.7867805420070244, 'et': 0.44590843753974785}. Best is trial 158 with value: 0.7116248725335422.
[I 2024-11-01 04:29:18,420] Trial 740 finished with value: 0.7123125064074941 and parameters: {'layers': 14, 'max_depth': 2, 'resampling_rate': 1.7747042873871517, 'et': 0.41955177514102704}. Best is trial 158 with value: 0.7116248725335422.
[I 2024-11-01 04:29:39,332] Trial 741 finished with value: 0.7132338845951046 and parameters: {'layers': 14, 'max_depth': 2, 'resampling_rate': 1.7596259555684053, 'et': 0.39566845678475193}. Best is trial 158 with value: 0.7116248725335422.
[I 2024-11-01 04:30:00,300] Trial 742 finished with value: 0.7138846925279623 and parameters: {'layers': 14, 'max_depth': 2, 'resampling_rate': 1.7500463048629924, 'et': 0.4217334050732736}. Best is trial 158 with value: 0.7116248725335422.
[I 2024-11-01 04:30:21,289] Trial 743 finished with value: 0.7127238558367074 and parameters: {'layers': 14, 'max_depth': 2, 'resampling_rate': 1.7671601740993477, 'et': 0.42288041960604417}. Best is trial 158 with value: 0.7116248725335422.
[I 2024-11-01 04:30:42,223] Trial 744 finished with value: 0.71305413339181 and parameters: {'layers': 14, 'max_depth': 2, 'resampling_rate': 1.740763935540654, 'et': 0.43682706542893934}. Best is trial 158 with value: 0.7116248725335422.
[I 2024-11-01 04:31:03,115] Trial 745 finished with value: 0.7133926624974746 and parameters: {'layers': 14, 'max_depth': 2, 'resampling_rate': 1.7275885929409651, 'et': 0.4154401569072864}. Best is trial 158 with value: 0.7116248725335422.
[I 2024-11-01 04:31:23,960] Trial 746 finished with value: 0.7136141122838153 and parameters: {'layers': 14, 'max_depth': 2, 'resampling_rate': 1.7500472372097668, 'et': 0.43747698284697045}. Best is trial 158 with value: 0.7116248725335422.
[I 2024-11-01 04:31:44,867] Trial 747 finished with value: 0.713072721517734 and parameters: {'layers': 14, 'max_depth': 2, 'resampling_rate': 1.7731993149670415, 'et': 0.4571958406346801}. Best is trial 158 with value: 0.7116248725335422.
[I 2024-11-01 04:32:05,740] Trial 748 finished with value: 0.7120968845276042 and parameters: {'layers': 14, 'max_depth': 2, 'resampling_rate': 1.7309034108859105, 'et': 0.41041042399630473}. Best is trial 158 with value: 0.7116248725335422.
[I 2024-11-01 04:32:26,589] Trial 749 finished with value: 0.7122343712444176 and parameters: {'layers': 15, 'max_depth': 2, 'resampling_rate': 1.7283720414989605, 'et': 0.426084596781418}. Best is trial 158 with value: 0.7116248725335422.
[I 2024-11-01 04:32:47,463] Trial 750 finished with value: 0.7125272993979639 and parameters: {'layers': 14, 'max_depth': 2, 'resampling_rate': 1.7188408429894064, 'et': 0.42571040297683327}. Best is trial 158 with value: 0.7116248725335422.
[I 2024-11-01 04:33:08,485] Trial 751 finished with value: 0.7121752446800946 and parameters: {'layers': 15, 'max_depth': 2, 'resampling_rate': 1.73108716458415, 'et': 0.393992147416015}. Best is trial 158 with value: 0.7116248725335422.
[I 2024-11-01 04:33:29,369] Trial 752 finished with value: 0.7116726068242448 and parameters: {'layers': 15, 'max_depth': 2, 'resampling_rate': 1.7254252597097302, 'et': 0.4045849957633135}. Best is trial 158 with value: 0.7116248725335422.
[I 2024-11-01 04:33:50,267] Trial 753 finished with value: 0.7146437436830436 and parameters: {'layers': 15, 'max_depth': 2, 'resampling_rate': 1.73526189862486, 'et': 0.39782448685900196}. Best is trial 158 with value: 0.7116248725335422.
[I 2024-11-01 04:34:11,119] Trial 754 finished with value: 0.7138367698147324 and parameters: {'layers': 14, 'max_depth': 2, 'resampling_rate': 1.7246373427962727, 'et': 0.3868980067235651}. Best is trial 158 with value: 0.7116248725335422.
[I 2024-11-01 04:34:31,984] Trial 755 finished with value: 0.7138985328159446 and parameters: {'layers': 15, 'max_depth': 2, 'resampling_rate': 1.7281074454285685, 'et': 0.40627089534261995}. Best is trial 158 with value: 0.7116248725335422.
[I 2024-11-01 04:34:52,982] Trial 756 finished with value: 0.7127983022346456 and parameters: {'layers': 14, 'max_depth': 2, 'resampling_rate': 1.7404923314405565, 'et': 0.41822439253383104}. Best is trial 158 with value: 0.7116248725335422.
[I 2024-11-01 04:35:13,907] Trial 757 finished with value: 0.713231280476457 and parameters: {'layers': 15, 'max_depth': 2, 'resampling_rate': 1.7140774653644313, 'et': 0.4137255998438493}. Best is trial 158 with value: 0.7116248725335422.
[I 2024-11-01 04:35:34,715] Trial 758 finished with value: 0.7139827274141811 and parameters: {'layers': 15, 'max_depth': 2, 'resampling_rate': 1.7299287568486135, 'et': 0.41078807947775703}. Best is trial 158 with value: 0.7116248725335422.
[I 2024-11-01 04:35:55,621] Trial 759 finished with value: 0.712705673689988 and parameters: {'layers': 14, 'max_depth': 2, 'resampling_rate': 1.7435449278387072, 'et': 0.38841194125938394}. Best is trial 158 with value: 0.7116248725335422.
[I 2024-11-01 04:36:16,487] Trial 760 finished with value: 0.7133360331173741 and parameters: {'layers': 15, 'max_depth': 2, 'resampling_rate': 1.7156989142667771, 'et': 0.40939780761600564}. Best is trial 158 with value: 0.7116248725335422.
[I 2024-11-01 04:36:37,400] Trial 761 finished with value: 0.7125867290046477 and parameters: {'layers': 15, 'max_depth': 2, 'resampling_rate': 1.7087719968201802, 'et': 0.4263054429678245}. Best is trial 158 with value: 0.7116248725335422.
[I 2024-11-01 04:36:58,384] Trial 762 finished with value: 0.7136651637625234 and parameters: {'layers': 14, 'max_depth': 2, 'resampling_rate': 1.7505882000363668, 'et': 0.39914625666790843}. Best is trial 158 with value: 0.7116248725335422.
[I 2024-11-01 04:37:19,263] Trial 763 finished with value: 0.7143515636455556 and parameters: {'layers': 15, 'max_depth': 2, 'resampling_rate': 1.7298412833749683, 'et': 0.3893915867027501}. Best is trial 158 with value: 0.7116248725335422.
[I 2024-11-01 04:37:40,162] Trial 764 finished with value: 0.7132388886070732 and parameters: {'layers': 14, 'max_depth': 2, 'resampling_rate': 1.738816165695325, 'et': 0.42881553722817745}. Best is trial 158 with value: 0.7116248725335422.
[I 2024-11-01 04:38:01,025] Trial 765 finished with value: 0.7132055219690877 and parameters: {'layers': 15, 'max_depth': 2, 'resampling_rate': 1.7200045360077285, 'et': 0.4067166780068418}. Best is trial 158 with value: 0.7116248725335422.
[I 2024-11-01 04:38:21,866] Trial 766 finished with value: 0.713385932829528 and parameters: {'layers': 15, 'max_depth': 2, 'resampling_rate': 1.7017759502188092, 'et': 0.42060454068726844}. Best is trial 158 with value: 0.7116248725335422.
[I 2024-11-01 04:38:42,947] Trial 767 finished with value: 0.7138053756481312 and parameters: {'layers': 14, 'max_depth': 2, 'resampling_rate': 1.746914775252081, 'et': 0.4189422931859538}. Best is trial 158 with value: 0.7116248725335422.
[I 2024-11-01 04:39:03,853] Trial 768 finished with value: 0.7133467696131289 and parameters: {'layers': 15, 'max_depth': 2, 'resampling_rate': 1.7279357940522395, 'et': 0.3784874986770091}. Best is trial 158 with value: 0.7116248725335422.
[I 2024-11-01 04:39:24,780] Trial 769 finished with value: 0.7132048042727837 and parameters: {'layers': 15, 'max_depth': 2, 'resampling_rate': 1.7544598613614746, 'et': 0.3832401762603435}. Best is trial 158 with value: 0.7116248725335422.
[I 2024-11-01 04:39:45,535] Trial 770 finished with value: 0.7133189256535398 and parameters: {'layers': 14, 'max_depth': 2, 'resampling_rate': 1.707088846414798, 'et': 0.4356356104667403}. Best is trial 158 with value: 0.7116248725335422.
[I 2024-11-01 04:40:06,465] Trial 771 finished with value: 0.7137023586415498 and parameters: {'layers': 15, 'max_depth': 2, 'resampling_rate': 1.7370453624407314, 'et': 0.3975130298047115}. Best is trial 158 with value: 0.7116248725335422.
[I 2024-11-01 04:40:27,443] Trial 772 finished with value: 0.7130487707225414 and parameters: {'layers': 15, 'max_depth': 2, 'resampling_rate': 1.719629232603268, 'et': 0.4287798810833059}. Best is trial 158 with value: 0.7116248725335422.
[I 2024-11-01 04:40:39,547] Trial 773 finished with value: 0.8785713819837424 and parameters: {'layers': 14, 'max_depth': 1, 'resampling_rate': 1.7533933465275906, 'et': 0.4076106983472223}. Best is trial 158 with value: 0.7116248725335422.
[I 2024-11-01 04:41:00,324] Trial 774 finished with value: 0.7139767510423832 and parameters: {'layers': 14, 'max_depth': 2, 'resampling_rate': 1.7110232910428131, 'et': 0.435366065338383}. Best is trial 158 with value: 0.7116248725335422.
[I 2024-11-01 04:41:21,196] Trial 775 finished with value: 0.7144355970116747 and parameters: {'layers': 15, 'max_depth': 2, 'resampling_rate': 1.7270269942893477, 'et': 0.4020252273245501}. Best is trial 158 with value: 0.7116248725335422.
[I 2024-11-01 04:41:41,952] Trial 776 finished with value: 0.7133523742595699 and parameters: {'layers': 14, 'max_depth': 2, 'resampling_rate': 1.6931684011086043, 'et': 0.44137989665764893}. Best is trial 158 with value: 0.7116248725335422.
[I 2024-11-01 04:42:02,831] Trial 777 finished with value: 0.7129071238987229 and parameters: {'layers': 15, 'max_depth': 2, 'resampling_rate': 1.739441838154426, 'et': 0.4177272696724222}. Best is trial 158 with value: 0.7116248725335422.
[I 2024-11-01 04:42:23,868] Trial 778 finished with value: 0.7137550858302494 and parameters: {'layers': 15, 'max_depth': 2, 'resampling_rate': 1.7522900626309799, 'et': 0.4431136434407989}. Best is trial 158 with value: 0.7116248725335422.
[I 2024-11-01 04:42:44,719] Trial 779 finished with value: 0.7136230767750963 and parameters: {'layers': 15, 'max_depth': 2, 'resampling_rate': 1.7164887014760015, 'et': 0.3731766849379219}. Best is trial 158 with value: 0.7116248725335422.
[I 2024-11-01 04:43:05,514] Trial 780 finished with value: 0.7141058738781649 and parameters: {'layers': 14, 'max_depth': 2, 'resampling_rate': 1.6999082661124256, 'et': 0.3961579501063954}. Best is trial 158 with value: 0.7116248725335422.
[I 2024-11-01 04:43:26,538] Trial 781 finished with value: 0.7137722489997103 and parameters: {'layers': 15, 'max_depth': 2, 'resampling_rate': 1.7619843314067751, 'et': 0.41242664778381755}. Best is trial 158 with value: 0.7116248725335422.
[I 2024-11-01 04:43:47,560] Trial 782 finished with value: 0.7124153055231496 and parameters: {'layers': 15, 'max_depth': 2, 'resampling_rate': 1.7359387267221877, 'et': 0.4573152157865099}. Best is trial 158 with value: 0.7116248725335422.
[I 2024-11-01 04:44:08,320] Trial 783 finished with value: 0.7142630868708538 and parameters: {'layers': 14, 'max_depth': 2, 'resampling_rate': 1.7124763659147868, 'et': 0.44914850307273035}. Best is trial 158 with value: 0.7116248725335422.
[I 2024-11-01 04:44:29,181] Trial 784 finished with value: 0.7140947318775696 and parameters: {'layers': 15, 'max_depth': 2, 'resampling_rate': 1.733089289592099, 'et': 0.3819682419425959}. Best is trial 158 with value: 0.7116248725335422.
[I 2024-11-01 04:44:50,011] Trial 785 finished with value: 0.7138563212326628 and parameters: {'layers': 14, 'max_depth': 2, 'resampling_rate': 1.724971875054865, 'et': 0.4286261203732539}. Best is trial 158 with value: 0.7116248725335422.
[I 2024-11-01 04:45:11,041] Trial 786 finished with value: 0.7134262122081424 and parameters: {'layers': 15, 'max_depth': 2, 'resampling_rate': 1.7560686380717774, 'et': 0.39343484362170883}. Best is trial 158 with value: 0.7116248725335422.
[I 2024-11-01 04:45:31,986] Trial 787 finished with value: 0.7138540559000264 and parameters: {'layers': 15, 'max_depth': 2, 'resampling_rate': 1.7438776279945443, 'et': 0.44303875424492034}. Best is trial 158 with value: 0.7116248725335422.
[I 2024-11-01 04:45:52,812] Trial 788 finished with value: 0.7135043149359994 and parameters: {'layers': 14, 'max_depth': 2, 'resampling_rate': 1.697479920594927, 'et': 0.4115155327849058}. Best is trial 158 with value: 0.7116248725335422.
[I 2024-11-01 04:46:13,999] Trial 789 finished with value: 0.7134900227760915 and parameters: {'layers': 15, 'max_depth': 2, 'resampling_rate': 1.7659380857289517, 'et': 0.23712950529223425}. Best is trial 158 with value: 0.7116248725335422.
[I 2024-11-01 04:46:34,834] Trial 790 finished with value: 0.7137682897843497 and parameters: {'layers': 12, 'max_depth': 2, 'resampling_rate': 1.723355083026132, 'et': 0.42647127539850715}. Best is trial 158 with value: 0.7116248725335422.
[I 2024-11-01 04:46:55,880] Trial 791 finished with value: 0.7136918710453232 and parameters: {'layers': 14, 'max_depth': 2, 'resampling_rate': 1.7450953678146532, 'et': 0.4521051304854976}. Best is trial 158 with value: 0.7116248725335422.
[I 2024-11-01 04:47:16,673] Trial 792 finished with value: 0.7142467166860357 and parameters: {'layers': 15, 'max_depth': 2, 'resampling_rate': 1.70767969066074, 'et': 0.3681609815003177}. Best is trial 158 with value: 0.7116248725335422.
[I 2024-11-01 04:47:37,455] Trial 793 finished with value: 0.7124849958733254 and parameters: {'layers': 13, 'max_depth': 2, 'resampling_rate': 1.7246903398205211, 'et': 0.39965954715926066}. Best is trial 158 with value: 0.7116248725335422.
[I 2024-11-01 04:47:58,312] Trial 794 finished with value: 0.7134117210735265 and parameters: {'layers': 13, 'max_depth': 2, 'resampling_rate': 1.775966786577197, 'et': 0.4455709036123031}. Best is trial 158 with value: 0.7116248725335422.
[I 2024-11-01 04:48:18,884] Trial 795 finished with value: 0.7138070922831234 and parameters: {'layers': 15, 'max_depth': 2, 'resampling_rate': 1.6891179200829578, 'et': 0.6449920728709426}. Best is trial 158 with value: 0.7116248725335422.
[I 2024-11-01 04:48:39,909] Trial 796 finished with value: 0.713231301606577 and parameters: {'layers': 14, 'max_depth': 2, 'resampling_rate': 1.7599618021985106, 'et': 0.37960143208637276}. Best is trial 158 with value: 0.7116248725335422.
[I 2024-11-01 04:49:00,783] Trial 797 finished with value: 0.7133138208845303 and parameters: {'layers': 14, 'max_depth': 2, 'resampling_rate': 1.7392550985172262, 'et': 0.4335485301524894}. Best is trial 158 with value: 0.7116248725335422.
[I 2024-11-01 04:49:21,492] Trial 798 finished with value: 0.713501820695824 and parameters: {'layers': 15, 'max_depth': 2, 'resampling_rate': 1.7090912272598529, 'et': 0.45514822376220065}. Best is trial 158 with value: 0.7116248725335422.
[I 2024-11-01 04:49:42,290] Trial 799 finished with value: 0.7136555782905898 and parameters: {'layers': 15, 'max_depth': 2, 'resampling_rate': 1.7308886541544743, 'et': 0.4237337398715096}. Best is trial 158 with value: 0.7116248725335422.
[I 2024-11-01 04:50:03,068] Trial 800 finished with value: 0.7131863519228968 and parameters: {'layers': 15, 'max_depth': 2, 'resampling_rate': 1.7182134954225594, 'et': 0.4093089018535268}. Best is trial 158 with value: 0.7116248725335422.
[I 2024-11-01 04:50:23,996] Trial 801 finished with value: 0.7123933521885797 and parameters: {'layers': 14, 'max_depth': 2, 'resampling_rate': 1.7577236395158702, 'et': 0.40704868479179585}. Best is trial 158 with value: 0.7116248725335422.
[I 2024-11-01 04:50:44,638] Trial 802 finished with value: 0.7137021007320409 and parameters: {'layers': 13, 'max_depth': 2, 'resampling_rate': 1.7015214523173692, 'et': 0.6265591329448315}. Best is trial 158 with value: 0.7116248725335422.
[I 2024-11-01 04:51:05,512] Trial 803 finished with value: 0.7131520467457246 and parameters: {'layers': 15, 'max_depth': 2, 'resampling_rate': 1.745375208095291, 'et': 0.38586670010277174}. Best is trial 158 with value: 0.7116248725335422.
[I 2024-11-01 04:51:26,369] Trial 804 finished with value: 0.7128471393025944 and parameters: {'layers': 12, 'max_depth': 2, 'resampling_rate': 1.7796481595424105, 'et': 0.4579599623103572}. Best is trial 158 with value: 0.7116248725335422.
[I 2024-11-01 04:51:46,998] Trial 805 finished with value: 0.7135268830248923 and parameters: {'layers': 14, 'max_depth': 2, 'resampling_rate': 1.7280315038442415, 'et': 0.6562732646398578}. Best is trial 158 with value: 0.7116248725335422.
[I 2024-11-01 04:51:50,414] Trial 806 finished with value: 1000000000.0 and parameters: {'layers': 15, 'max_depth': 2, 'resampling_rate': 1.1081384781022858, 'et': 0.4196966453623597}. Best is trial 158 with value: 0.7116248725335422.
[I 2024-11-01 04:52:11,309] Trial 807 finished with value: 0.7125798159715909 and parameters: {'layers': 13, 'max_depth': 2, 'resampling_rate': 1.7688041466777107, 'et': 0.4668467587988927}. Best is trial 158 with value: 0.7116248725335422.
[I 2024-11-01 04:52:32,072] Trial 808 finished with value: 0.7133514490934095 and parameters: {'layers': 14, 'max_depth': 2, 'resampling_rate': 1.6890219607400494, 'et': 0.6361356254136064}. Best is trial 158 with value: 0.7116248725335422.
[I 2024-11-01 04:52:52,769] Trial 809 finished with value: 0.7139629624688779 and parameters: {'layers': 15, 'max_depth': 2, 'resampling_rate': 1.7132243183899132, 'et': 0.43277444879027405}. Best is trial 158 with value: 0.7116248725335422.
[I 2024-11-01 04:53:13,442] Trial 810 finished with value: 0.7133810773139365 and parameters: {'layers': 15, 'max_depth': 2, 'resampling_rate': 1.7409720085747857, 'et': 0.6137532125370196}. Best is trial 158 with value: 0.7116248725335422.
[I 2024-11-01 04:53:34,438] Trial 811 finished with value: 0.7123313033352051 and parameters: {'layers': 14, 'max_depth': 2, 'resampling_rate': 1.754413538633718, 'et': 0.39359832630869696}. Best is trial 158 with value: 0.7116248725335422.
[I 2024-11-01 04:53:54,769] Trial 812 finished with value: 0.7135040459327134 and parameters: {'layers': 13, 'max_depth': 2, 'resampling_rate': 1.4662292163662645, 'et': 0.4457459142124184}. Best is trial 158 with value: 0.7116248725335422.
[I 2024-11-01 04:54:15,655] Trial 813 finished with value: 0.713452436941592 and parameters: {'layers': 15, 'max_depth': 2, 'resampling_rate': 1.7231239811831034, 'et': 0.37589245799648163}. Best is trial 158 with value: 0.7116248725335422.
[I 2024-11-01 04:54:19,074] Trial 814 finished with value: 1000000000.0 and parameters: {'layers': 13, 'max_depth': 2, 'resampling_rate': 1.7398869400071395, 'et': 0.7706154507793461}. Best is trial 158 with value: 0.7116248725335422.
[I 2024-11-01 04:54:39,767] Trial 815 finished with value: 0.714027706515363 and parameters: {'layers': 15, 'max_depth': 2, 'resampling_rate': 1.6990776947344417, 'et': 0.40494942303917897}. Best is trial 158 with value: 0.7116248725335422.
[I 2024-11-01 04:55:00,567] Trial 816 finished with value: 0.7139177378561868 and parameters: {'layers': 14, 'max_depth': 2, 'resampling_rate': 1.7700777059744792, 'et': 0.47401778430314545}. Best is trial 158 with value: 0.7116248725335422.
[I 2024-11-01 04:55:12,559] Trial 817 finished with value: 0.8775842871217446 and parameters: {'layers': 15, 'max_depth': 1, 'resampling_rate': 1.711388715452764, 'et': 0.5958751294815944}. Best is trial 158 with value: 0.7116248725335422.
[I 2024-11-01 04:55:33,513] Trial 818 finished with value: 0.7139428583534652 and parameters: {'layers': 15, 'max_depth': 2, 'resampling_rate': 1.7508340826230724, 'et': 0.4232667622921556}. Best is trial 158 with value: 0.7116248725335422.
[I 2024-11-01 04:55:54,214] Trial 819 finished with value: 0.7127460345529056 and parameters: {'layers': 14, 'max_depth': 2, 'resampling_rate': 1.6863106287354102, 'et': 0.6810962161218791}. Best is trial 158 with value: 0.7116248725335422.
[I 2024-11-01 04:56:15,056] Trial 820 finished with value: 0.7127055932382745 and parameters: {'layers': 15, 'max_depth': 2, 'resampling_rate': 1.7305409739510682, 'et': 0.4583566431332596}. Best is trial 158 with value: 0.7116248725335422.
[I 2024-11-01 04:56:35,822] Trial 821 finished with value: 0.7135615271473746 and parameters: {'layers': 5, 'max_depth': 2, 'resampling_rate': 1.7193401316928327, 'et': 0.6402461213174503}. Best is trial 158 with value: 0.7116248725335422.
[I 2024-11-01 04:56:56,916] Trial 822 finished with value: 0.7139442487351362 and parameters: {'layers': 13, 'max_depth': 2, 'resampling_rate': 1.7377752852780315, 'et': 0.3633913110809421}. Best is trial 158 with value: 0.7116248725335422.
[I 2024-11-01 04:57:17,984] Trial 823 finished with value: 0.7131679880709161 and parameters: {'layers': 14, 'max_depth': 2, 'resampling_rate': 1.7894994023187016, 'et': 0.44517227093710193}. Best is trial 158 with value: 0.7116248725335422.
