[I 2024-11-01 05:54:53,625] Trial 6 finished with value: 1000000000.0 and parameters: {'layers': 5, 'max_depth': 1, 'resampling_rate': 1.3699729090622519, 'et': 0.4652590713030088}. Best is trial 4 with value: 9.609493231346832.
[I 2024-11-01 05:54:54,060] Trial 7 finished with value: 1000000000.0 and parameters: {'layers': 8, 'max_depth': 1, 'resampling_rate': 1.6031027689955497, 'et': 0.7069575979422187}. Best is trial 4 with value: 9.609493231346832.
[I 2024-11-01 05:54:56,867] Trial 8 finished with value: 10.221834676762576 and parameters: {'layers': 6, 'max_depth': 1, 'resampling_rate': 1.5318682980466811, 'et': 0.29718438728022606}. Best is trial 4 with value: 9.609493231346832.
[I 2024-11-01 05:54:57,307] Trial 9 finished with value: 1000000000.0 and parameters: {'layers': 15, 'max_depth': 2, 'resampling_rate': 1.7870933520894123, 'et': 0.8811314725391167}. Best is trial 4 with value: 9.609493231346832.
[I 2024-11-01 05:55:00,769] Trial 10 finished with value: 9.62596191494981 and parameters: {'layers': 9, 'max_depth': 2, 'resampling_rate': 1.1080262205615137, 'et': 0.03319298301270662}. Best is trial 4 with value: 9.609493231346832.
[I 2024-11-01 05:55:06,726] Trial 11 finished with value: 9.498800743338847 and parameters: {'layers': 9, 'max_depth': 2, 'resampling_rate': 1.1246922102653873, 'et': 0.04554325940190229}. Best is trial 11 with value: 9.498800743338847.
[I 2024-11-01 05:55:12,648] Trial 12 finished with value: 9.59769934757911 and parameters: {'layers': 5, 'max_depth': 2, 'resampling_rate': 1.269754839255642, 'et': 0.02951958901412649}. Best is trial 11 with value: 9.498800743338847.
[I 2024-11-01 05:55:17,364] Trial 13 finished with value: 9.456959957691007 and parameters: {'layers': 7, 'max_depth': 2, 'resampling_rate': 1.2383188845160435, 'et': 0.015195402783303521}. Best is trial 13 with value: 9.456959957691007.
[I 2024-11-01 05:55:22,802] Trial 14 finished with value: 9.471819220060413 and parameters: {'layers': 8, 'max_depth': 2, 'resampling_rate': 1.2213524373508577, 'et': 0.13170597521083507}. Best is trial 13 with value: 9.456959957691007.
[I 2024-11-01 05:55:26,301] Trial 15 finished with value: 9.497963809907182 and parameters: {'layers': 7, 'max_depth': 2, 'resampling_rate': 1.2630862368651032, 'et': 0.17501466259857879}. Best is trial 13 with value: 9.456959957691007.
[I 2024-11-01 05:55:26,755] Trial 16 finished with value: 1000000000.0 and parameters: {'layers': 7, 'max_depth': 2, 'resampling_rate': 1.203325987360663, 'et': 0.593569076237128}. Best is trial 13 with value: 9.456959957691007.
[I 2024-11-01 05:55:29,641] Trial 17 finished with value: 9.563844248176244 and parameters: {'layers': 10, 'max_depth': 2, 'resampling_rate': 1.3475325748292697, 'et': 0.2740813245605966}. Best is trial 13 with value: 9.456959957691007.
[I 2024-11-01 05:55:36,358] Trial 18 finished with value: 9.456516485773244 and parameters: {'layers': 8, 'max_depth': 2, 'resampling_rate': 1.2071594719036145, 'et': 0.12993843823967946}. Best is trial 18 with value: 9.456516485773244.
[I 2024-11-01 05:55:36,811] Trial 19 finished with value: 1000000000.0 and parameters: {'layers': 14, 'max_depth': 2, 'resampling_rate': 1.3519281198256443, 'et': 0.41161355831802643}. Best is trial 18 with value: 9.456516485773244.
[I 2024-11-01 05:55:37,265] Trial 20 finished with value: 1000000000.0 and parameters: {'layers': 10, 'max_depth': 2, 'resampling_rate': 1.1933567828749956, 'et': 0.5622961017566624}. Best is trial 18 with value: 9.456516485773244.
[I 2024-11-01 05:55:40,154] Trial 21 finished with value: 9.48964204341524 and parameters: {'layers': 8, 'max_depth': 2, 'resampling_rate': 1.2339425315331474, 'et': 0.11510560121579302}. Best is trial 18 with value: 9.456516485773244.
[I 2024-11-01 05:55:44,207] Trial 22 finished with value: 9.53633649345534 and parameters: {'layers': 8, 'max_depth': 2, 'resampling_rate': 1.3150415858063393, 'et': 0.23227573908014532}. Best is trial 18 with value: 9.456516485773244.
[I 2024-11-01 05:55:48,207] Trial 23 finished with value: 9.49199669219456 and parameters: {'layers': 6, 'max_depth': 2, 'resampling_rate': 1.1599095757398517, 'et': 0.10113409119927227}. Best is trial 18 with value: 9.456516485773244.
[I 2024-11-01 05:55:51,649] Trial 24 finished with value: 9.53164931395048 and parameters: {'layers': 9, 'max_depth': 2, 'resampling_rate': 1.224095315528167, 'et': 0.10178234835693928}. Best is trial 18 with value: 9.456516485773244.
[I 2024-11-01 05:55:55,609] Trial 25 finished with value: 9.529271766422836 and parameters: {'layers': 6, 'max_depth': 2, 'resampling_rate': 1.4027996827684432, 'et': 0.3578353402970022}. Best is trial 18 with value: 9.456516485773244.
[I 2024-11-01 05:56:01,430] Trial 26 finished with value: 9.562536348491427 and parameters: {'layers': 8, 'max_depth': 2, 'resampling_rate': 1.310139944867577, 'et': 0.21477553029095559}. Best is trial 18 with value: 9.456516485773244.
[I 2024-11-01 05:56:09,866] Trial 27 finished with value: 9.475496518482055 and parameters: {'layers': 11, 'max_depth': 2, 'resampling_rate': 1.1386657314922022, 'et': 0.021299991956667}. Best is trial 18 with value: 9.456516485773244.
[I 2024-11-01 05:56:17,570] Trial 28 finished with value: 9.422934268120109 and parameters: {'layers': 7, 'max_depth': 2, 'resampling_rate': 1.1898759817489721, 'et': 0.08172618176551152}. Best is trial 28 with value: 9.422934268120109.
[I 2024-11-01 05:56:20,979] Trial 29 finished with value: 9.48591391513356 and parameters: {'layers': 7, 'max_depth': 2, 'resampling_rate': 1.4849728898062937, 'et': 0.22767738135425464}. Best is trial 28 with value: 9.422934268120109.
[I 2024-11-01 05:56:26,304] Trial 30 finished with value: 9.499098039058802 and parameters: {'layers': 6, 'max_depth': 2, 'resampling_rate': 1.1748154881842303, 'et': 0.09016672682828501}. Best is trial 28 with value: 9.422934268120109.
[I 2024-11-01 05:56:32,080] Trial 31 finished with value: 9.50906917698268 and parameters: {'layers': 7, 'max_depth': 2, 'resampling_rate': 1.2111318439288212, 'et': 0.13700788209191178}. Best is trial 28 with value: 9.422934268120109.
[I 2024-11-01 05:56:36,710] Trial 32 finished with value: 9.602514292322839 and parameters: {'layers': 9, 'max_depth': 2, 'resampling_rate': 1.2711279361820869, 'et': 0.16969406054670094}. Best is trial 28 with value: 9.422934268120109.
[I 2024-11-01 05:56:40,167] Trial 33 finished with value: 9.58724995261815 and parameters: {'layers': 8, 'max_depth': 2, 'resampling_rate': 1.2524326577971108, 'et': 0.06932004163147036}. Best is trial 28 with value: 9.422934268120109.
[I 2024-11-01 05:56:44,188] Trial 34 finished with value: 9.467887729171274 and parameters: {'layers': 7, 'max_depth': 2, 'resampling_rate': 1.114140713827894, 'et': 0.16226044785766489}. Best is trial 28 with value: 9.422934268120109.
[I 2024-11-01 05:56:44,642] Trial 35 finished with value: 1000000000.0 and parameters: {'layers': 6, 'max_depth': 2, 'resampling_rate': 1.1145786050098954, 'et': 0.18765601017656944}. Best is trial 28 with value: 9.422934268120109.
[I 2024-11-01 05:56:45,096] Trial 36 finished with value: 1000000000.0 and parameters: {'layers': 7, 'max_depth': 2, 'resampling_rate': 1.1515140034020521, 'et': 0.2568397695872461}. Best is trial 28 with value: 9.422934268120109.
[I 2024-11-01 05:56:45,535] Trial 37 finished with value: 1000000000.0 and parameters: {'layers': 5, 'max_depth': 1, 'resampling_rate': 1.1744119730567142, 'et': 0.33814455495040263}. Best is trial 28 with value: 9.422934268120109.
[I 2024-11-01 05:56:49,570] Trial 38 finished with value: 9.606628058542396 and parameters: {'layers': 11, 'max_depth': 2, 'resampling_rate': 1.1015090557121017, 'et': 0.015699461728388764}. Best is trial 28 with value: 9.422934268120109.
[I 2024-11-01 05:56:52,384] Trial 39 finished with value: 10.322818273564993 and parameters: {'layers': 7, 'max_depth': 1, 'resampling_rate': 1.308757114851213, 'et': 0.07394091165981005}. Best is trial 28 with value: 9.422934268120109.
[I 2024-11-01 05:56:58,737] Trial 40 finished with value: 9.531173817931016 and parameters: {'layers': 6, 'max_depth': 2, 'resampling_rate': 1.6019467652550836, 'et': 0.159918210523253}. Best is trial 28 with value: 9.422934268120109.
[I 2024-11-01 05:57:02,151] Trial 41 finished with value: 9.619422526758344 and parameters: {'layers': 8, 'max_depth': 2, 'resampling_rate': 1.2309011629635531, 'et': 0.14013888236044666}. Best is trial 28 with value: 9.422934268120109.
[I 2024-11-01 05:57:06,117] Trial 42 finished with value: 9.52195574762085 and parameters: {'layers': 9, 'max_depth': 2, 'resampling_rate': 1.1760408370207367, 'et': 0.12115114100603587}. Best is trial 28 with value: 9.422934268120109.
[I 2024-11-01 05:57:10,805] Trial 43 finished with value: 9.438875408497054 and parameters: {'layers': 8, 'max_depth': 2, 'resampling_rate': 1.7077029646689252, 'et': 0.06516701882415715}. Best is trial 28 with value: 9.422934268120109.
[I 2024-11-01 05:57:14,818] Trial 44 finished with value: 9.52115112152446 and parameters: {'layers': 6, 'max_depth': 2, 'resampling_rate': 1.7837225793471416, 'et': 0.06323897077919807}. Best is trial 28 with value: 9.422934268120109.
[I 2024-11-01 05:57:17,683] Trial 45 finished with value: 9.57140403341999 and parameters: {'layers': 7, 'max_depth': 2, 'resampling_rate': 1.6479705886360825, 'et': 0.011009085993908124}. Best is trial 28 with value: 9.422934268120109.
[I 2024-11-01 05:57:20,466] Trial 46 finished with value: 10.31480401886146 and parameters: {'layers': 5, 'max_depth': 1, 'resampling_rate': 1.73881717788429, 'et': 0.06934569087858097}. Best is trial 28 with value: 9.422934268120109.
[I 2024-11-01 05:57:20,915] Trial 47 finished with value: 1000000000.0 and parameters: {'layers': 9, 'max_depth': 2, 'resampling_rate': 1.541893836732569, 'et': 0.7435476798901018}. Best is trial 28 with value: 9.422934268120109.
[I 2024-11-01 05:57:24,896] Trial 48 finished with value: 9.558767421124882 and parameters: {'layers': 11, 'max_depth': 2, 'resampling_rate': 1.6946942476659257, 'et': 0.4963892613414086}. Best is trial 28 with value: 9.422934268120109.
[I 2024-11-01 05:57:28,893] Trial 49 finished with value: 9.456253647296794 and parameters: {'layers': 8, 'max_depth': 2, 'resampling_rate': 1.3960480654306013, 'et': 0.2001868082215331}. Best is trial 28 with value: 9.422934268120109.
[I 2024-11-01 05:57:32,296] Trial 50 finished with value: 9.526095781539079 and parameters: {'layers': 8, 'max_depth': 2, 'resampling_rate': 1.3860098904330618, 'et': 0.19540064716650934}. Best is trial 28 with value: 9.422934268120109.
[I 2024-11-01 05:57:35,727] Trial 51 finished with value: 9.417734653667534 and parameters: {'layers': 8, 'max_depth': 2, 'resampling_rate': 1.4556521924799986, 'et': 0.3032928685381808}. Best is trial 51 with value: 9.417734653667534.
[I 2024-11-01 05:57:40,361] Trial 52 finished with value: 9.522599857650489 and parameters: {'layers': 9, 'max_depth': 2, 'resampling_rate': 1.4614425313283408, 'et': 0.283077740740461}. Best is trial 51 with value: 9.417734653667534.
[I 2024-11-01 05:57:44,320] Trial 53 finished with value: 9.423314548874044 and parameters: {'layers': 10, 'max_depth': 2, 'resampling_rate': 1.5565685641169096, 'et': 0.3687449564716149}. Best is trial 51 with value: 9.417734653667534.
[I 2024-11-01 05:57:49,542] Trial 54 finished with value: 9.532775871479432 and parameters: {'layers': 12, 'max_depth': 2, 'resampling_rate': 1.528903894158112, 'et': 0.39410490388797975}. Best is trial 51 with value: 9.417734653667534.
[I 2024-11-01 05:57:57,477] Trial 55 finished with value: 9.524000516235663 and parameters: {'layers': 10, 'max_depth': 2, 'resampling_rate': 1.57718574897051, 'et': 0.3199856576013315}. Best is trial 51 with value: 9.417734653667534.
[I 2024-11-01 05:57:57,927] Trial 56 finished with value: 1000000000.0 and parameters: {'layers': 9, 'max_depth': 2, 'resampling_rate': 1.428283896649928, 'et': 0.47413741577299817}. Best is trial 51 with value: 9.417734653667534.
[I 2024-11-01 05:58:01,344] Trial 57 finished with value: 9.557552073444976 and parameters: {'layers': 10, 'max_depth': 2, 'resampling_rate': 1.6502465868018232, 'et': 0.25098258601910395}. Best is trial 51 with value: 9.417734653667534.
[I 2024-11-01 05:58:09,233] Trial 58 finished with value: 9.564739477063883 and parameters: {'layers': 13, 'max_depth': 2, 'resampling_rate': 1.4726907087012406, 'et': 0.3653154467625875}. Best is trial 51 with value: 9.417734653667534.
[I 2024-11-01 05:58:16,285] Trial 59 finished with value: 9.53225248229546 and parameters: {'layers': 8, 'max_depth': 2, 'resampling_rate': 1.4352622535016473, 'et': 0.30938882370105225}. Best is trial 51 with value: 9.417734653667534.
[I 2024-11-01 05:58:19,064] Trial 60 finished with value: 10.366660346148054 and parameters: {'layers': 8, 'max_depth': 1, 'resampling_rate': 1.553237629608683, 'et': 0.3933097463228979}. Best is trial 51 with value: 9.417734653667534.
[I 2024-11-01 05:58:22,481] Trial 61 finished with value: 9.491471853399664 and parameters: {'layers': 7, 'max_depth': 2, 'resampling_rate': 1.4999322187165003, 'et': 0.04330619201335939}. Best is trial 51 with value: 9.417734653667534.
[I 2024-11-01 05:58:22,932] Trial 62 finished with value: 1000000000.0 and parameters: {'layers': 8, 'max_depth': 2, 'resampling_rate': 1.3372925468917993, 'et': 0.44014085607871173}. Best is trial 51 with value: 9.417734653667534.
[I 2024-11-01 05:58:29,320] Trial 63 finished with value: 9.50088495881706 and parameters: {'layers': 7, 'max_depth': 2, 'resampling_rate': 1.3827383525226462, 'et': 0.10193123303933366}. Best is trial 51 with value: 9.417734653667534.
[I 2024-11-01 05:58:32,177] Trial 64 finished with value: 9.473866274394782 and parameters: {'layers': 9, 'max_depth': 2, 'resampling_rate': 1.693218946511703, 'et': 0.21529594729710902}. Best is trial 51 with value: 9.417734653667534.
[I 2024-11-01 05:58:35,033] Trial 65 finished with value: 9.530139122765265 and parameters: {'layers': 8, 'max_depth': 2, 'resampling_rate': 1.4039503605105639, 'et': 0.047932655304506536}. Best is trial 51 with value: 9.417734653667534.
[I 2024-11-01 05:58:37,885] Trial 66 finished with value: 9.576768119848321 and parameters: {'layers': 7, 'max_depth': 2, 'resampling_rate': 1.259333713592449, 'et': 0.12977216088282884}. Best is trial 51 with value: 9.417734653667534.
[I 2024-11-01 05:58:41,848] Trial 67 finished with value: 9.507914178887441 and parameters: {'layers': 10, 'max_depth': 2, 'resampling_rate': 1.5102943323614677, 'et': 0.08790222588147935}. Best is trial 51 with value: 9.417734653667534.
[I 2024-11-01 05:58:46,360] Trial 68 finished with value: 9.567590474755114 and parameters: {'layers': 15, 'max_depth': 2, 'resampling_rate': 1.2821404786953783, 'et': 0.19925214452611367}. Best is trial 51 with value: 9.417734653667534.
[I 2024-11-01 05:58:50,909] Trial 69 finished with value: 9.52835172372887 and parameters: {'layers': 6, 'max_depth': 2, 'resampling_rate': 1.5730765149947514, 'et': 0.5213673798295837}. Best is trial 51 with value: 9.417734653667534.
[I 2024-11-01 05:58:55,459] Trial 70 finished with value: 9.424556329963671 and parameters: {'layers': 8, 'max_depth': 2, 'resampling_rate': 1.3598363755572611, 'et': 0.2535725890332421}. Best is trial 51 with value: 9.417734653667534.
[I 2024-11-01 05:58:55,910] Trial 71 finished with value: 1000000000.0 and parameters: {'layers': 8, 'max_depth': 2, 'resampling_rate': 1.1976199161226964, 'et': 0.2651414686286943}. Best is trial 51 with value: 9.417734653667534.
[I 2024-11-01 05:59:02,726] Trial 72 finished with value: 9.60573773626518 and parameters: {'layers': 9, 'max_depth': 2, 'resampling_rate': 1.3491311780167947, 'et': 0.2376499141336575}. Best is trial 51 with value: 9.417734653667534.
[I 2024-11-01 05:59:06,711] Trial 73 finished with value: 9.54019534467235 and parameters: {'layers': 7, 'max_depth': 2, 'resampling_rate': 1.4146205009216304, 'et': 0.2873810189892086}. Best is trial 51 with value: 9.417734653667534.
[I 2024-11-01 05:59:07,161] Trial 74 finished with value: 1000000000.0 and parameters: {'layers': 8, 'max_depth': 2, 'resampling_rate': 1.2417699913671767, 'et': 0.342200247634608}. Best is trial 51 with value: 9.417734653667534.
[I 2024-11-01 05:59:12,463] Trial 75 finished with value: 9.516802693736944 and parameters: {'layers': 8, 'max_depth': 2, 'resampling_rate': 1.4525306070047597, 'et': 0.15347156465845246}. Best is trial 51 with value: 9.417734653667534.
[I 2024-11-01 05:59:17,092] Trial 76 finished with value: 9.581308775957922 and parameters: {'layers': 7, 'max_depth': 2, 'resampling_rate': 1.2924420063211899, 'et': 0.18525610095199443}. Best is trial 51 with value: 9.417734653667534.
[I 2024-11-01 05:59:20,510] Trial 77 finished with value: 9.500808655142444 and parameters: {'layers': 9, 'max_depth': 2, 'resampling_rate': 1.1365875679621962, 'et': 0.04263659812133871}. Best is trial 51 with value: 9.417734653667534.
[I 2024-11-01 05:59:20,960] Trial 78 finished with value: 1000000000.0 and parameters: {'layers': 7, 'max_depth': 2, 'resampling_rate': 1.327331980978894, 'et': 0.6406282116280511}. Best is trial 51 with value: 9.417734653667534.
[I 2024-11-01 05:59:25,606] Trial 79 finished with value: 9.478954336232364 and parameters: {'layers': 6, 'max_depth': 2, 'resampling_rate': 1.3800898079569803, 'et': 0.11943388619268588}. Best is trial 51 with value: 9.417734653667534.
[I 2024-11-01 05:59:26,055] Trial 80 finished with value: 1000000000.0 and parameters: {'layers': 8, 'max_depth': 2, 'resampling_rate': 1.3579593880636012, 'et': 0.8983695916209509}. Best is trial 51 with value: 9.417734653667534.
[I 2024-11-01 05:59:30,057] Trial 81 finished with value: 9.526643580032792 and parameters: {'layers': 7, 'max_depth': 2, 'resampling_rate': 1.127646884524588, 'et': 0.16212759959455914}. Best is trial 51 with value: 9.417734653667534.
[I 2024-11-01 05:59:38,473] Trial 82 finished with value: 9.551761646081943 and parameters: {'layers': 7, 'max_depth': 2, 'resampling_rate': 1.1826117503977187, 'et': 0.21058628796170176}. Best is trial 51 with value: 9.417734653667534.
[I 2024-11-01 05:59:41,356] Trial 83 finished with value: 9.582376497768768 and parameters: {'layers': 8, 'max_depth': 2, 'resampling_rate': 1.1461235876020053, 'et': 0.07792579873322134}. Best is trial 51 with value: 9.417734653667534.
[I 2024-11-01 05:59:46,518] Trial 84 finished with value: 9.497831216359526 and parameters: {'layers': 7, 'max_depth': 2, 'resampling_rate': 1.2165362061503084, 'et': 0.14874449679801305}. Best is trial 51 with value: 9.417734653667534.
[I 2024-11-01 05:59:49,384] Trial 85 finished with value: 9.527353500341532 and parameters: {'layers': 6, 'max_depth': 2, 'resampling_rate': 1.1614165997646493, 'et': 0.10000311345366875}. Best is trial 51 with value: 9.417734653667534.
[I 2024-11-01 05:59:53,954] Trial 86 finished with value: 9.579363076194428 and parameters: {'layers': 8, 'max_depth': 2, 'resampling_rate': 1.7389582324839705, 'et': 0.23624341952638098}. Best is trial 51 with value: 9.417734653667534.
[I 2024-11-01 06:00:00,423] Trial 87 finished with value: 9.583771145545878 and parameters: {'layers': 9, 'max_depth': 2, 'resampling_rate': 1.2015768456494142, 'et': 0.1731252671443516}. Best is trial 51 with value: 9.417734653667534.
[I 2024-11-01 06:00:03,837] Trial 88 finished with value: 9.491205597464546 and parameters: {'layers': 8, 'max_depth': 2, 'resampling_rate': 1.117776778764084, 'et': 0.05922080097011942}. Best is trial 51 with value: 9.417734653667534.
[I 2024-11-01 06:00:04,286] Trial 89 finished with value: 1000000000.0 and parameters: {'layers': 6, 'max_depth': 2, 'resampling_rate': 1.2453625657209342, 'et': 0.3060989866341822}. Best is trial 51 with value: 9.417734653667534.
[I 2024-11-01 06:00:07,236] Trial 90 finished with value: 9.46786904097325 and parameters: {'layers': 11, 'max_depth': 2, 'resampling_rate': 1.6193538999482633, 'et': 0.02946157868592226}. Best is trial 51 with value: 9.417734653667534.
[I 2024-11-01 06:00:13,077] Trial 91 finished with value: 9.573637976735967 and parameters: {'layers': 11, 'max_depth': 2, 'resampling_rate': 1.6279829317639345, 'et': 0.026241697995960742}. Best is trial 51 with value: 9.417734653667534.
[I 2024-11-01 06:00:21,273] Trial 92 finished with value: 9.618164792798641 and parameters: {'layers': 11, 'max_depth': 2, 'resampling_rate': 1.688633975548163, 'et': 0.012736241348999588}. Best is trial 51 with value: 9.417734653667534.
[I 2024-11-01 06:00:28,428] Trial 93 finished with value: 9.52973469392064 and parameters: {'layers': 12, 'max_depth': 2, 'resampling_rate': 1.7368489153359956, 'et': 0.11107564146294518}. Best is trial 51 with value: 9.417734653667534.
[I 2024-11-01 06:00:32,492] Trial 94 finished with value: 9.458212374031094 and parameters: {'layers': 10, 'max_depth': 2, 'resampling_rate': 1.6216827484068337, 'et': 0.05457453484439716}. Best is trial 51 with value: 9.417734653667534.
[I 2024-11-01 06:00:37,731] Trial 95 finished with value: 9.506481157019316 and parameters: {'layers': 10, 'max_depth': 2, 'resampling_rate': 1.604141748492663, 'et': 0.036043405425485675}. Best is trial 51 with value: 9.417734653667534.
[I 2024-11-01 06:00:40,592] Trial 96 finished with value: 9.555414743298675 and parameters: {'layers': 11, 'max_depth': 2, 'resampling_rate': 1.6699528900762206, 'et': 0.07814896117292901}. Best is trial 51 with value: 9.417734653667534.
[I 2024-11-01 06:00:45,150] Trial 97 finished with value: 9.408473090273143 and parameters: {'layers': 10, 'max_depth': 2, 'resampling_rate': 1.577323610921488, 'et': 0.057388681432126096}. Best is trial 97 with value: 9.408473090273143.
[I 2024-11-01 06:00:47,999] Trial 98 finished with value: 9.494926316715624 and parameters: {'layers': 10, 'max_depth': 2, 'resampling_rate': 1.5741776981127167, 'et': 0.0627112204519456}. Best is trial 97 with value: 9.408473090273143.
