[I 2024-10-31 23:55:01,528] Trial 183 finished with value: 3582.099700066148 and parameters: {'layers': 5, 'max_depth': 2, 'resampling_rate': 1.7910425494420485, 'et': 0.2053587594797523}. Best is trial 109 with value: 3508.6982963730675.
[I 2024-10-31 23:55:04,752] Trial 184 finished with value: 3550.7775001202117 and parameters: {'layers': 5, 'max_depth': 2, 'resampling_rate': 1.192637418662284, 'et': 0.18212755925446825}. Best is trial 109 with value: 3508.6982963730675.
[I 2024-10-31 23:55:07,996] Trial 185 finished with value: 3592.4479875485536 and parameters: {'layers': 5, 'max_depth': 2, 'resampling_rate': 1.7387685621004076, 'et': 0.11517284697842492}. Best is trial 109 with value: 3508.6982963730675.
[I 2024-10-31 23:55:11,216] Trial 186 finished with value: 3551.7929933270693 and parameters: {'layers': 6, 'max_depth': 2, 'resampling_rate': 1.7104110720797405, 'et': 0.7080723949431545}. Best is trial 109 with value: 3508.6982963730675.
[I 2024-10-31 23:55:14,444] Trial 187 finished with value: 3541.378824114545 and parameters: {'layers': 5, 'max_depth': 2, 'resampling_rate': 1.769142997656146, 'et': 0.1415822679557591}. Best is trial 109 with value: 3508.6982963730675.
[I 2024-10-31 23:55:14,954] Trial 188 finished with value: 1000000000.0 and parameters: {'layers': 6, 'max_depth': 2, 'resampling_rate': 1.3764570275462307, 'et': 0.6679984787570019}. Best is trial 109 with value: 3508.6982963730675.
[I 2024-10-31 23:55:18,167] Trial 189 finished with value: 3521.5947346444354 and parameters: {'layers': 5, 'max_depth': 2, 'resampling_rate': 1.2487019254757634, 'et': 0.19110064641639768}. Best is trial 109 with value: 3508.6982963730675.
[I 2024-10-31 23:55:21,372] Trial 190 finished with value: 3563.19179819812 and parameters: {'layers': 6, 'max_depth': 2, 'resampling_rate': 1.2480079566613436, 'et': 0.19262018859165964}. Best is trial 109 with value: 3508.6982963730675.
[I 2024-10-31 23:55:24,576] Trial 191 finished with value: 3543.6034628985653 and parameters: {'layers': 5, 'max_depth': 2, 'resampling_rate': 1.2311006840997738, 'et': 0.2186407183430669}. Best is trial 109 with value: 3508.6982963730675.
[I 2024-10-31 23:55:27,783] Trial 192 finished with value: 3540.7367210870725 and parameters: {'layers': 5, 'max_depth': 2, 'resampling_rate': 1.2099767653399356, 'et': 0.14565899438918686}. Best is trial 109 with value: 3508.6982963730675.
[I 2024-10-31 23:55:30,995] Trial 193 finished with value: 3530.2653523436197 and parameters: {'layers': 5, 'max_depth': 2, 'resampling_rate': 1.7569558524252211, 'et': 0.633882340296833}. Best is trial 109 with value: 3508.6982963730675.
[I 2024-10-31 23:55:31,509] Trial 194 finished with value: 1000000000.0 and parameters: {'layers': 5, 'max_depth': 2, 'resampling_rate': 1.2607139373603824, 'et': 0.6013149319602176}. Best is trial 109 with value: 3508.6982963730675.
[I 2024-10-31 23:55:34,724] Trial 195 finished with value: 3558.681995781372 and parameters: {'layers': 5, 'max_depth': 2, 'resampling_rate': 1.4168186388784643, 'et': 0.1586179361024896}. Best is trial 109 with value: 3508.6982963730675.
[I 2024-10-31 23:55:35,234] Trial 196 finished with value: 1000000000.0 and parameters: {'layers': 5, 'max_depth': 2, 'resampling_rate': 1.1978227583325856, 'et': 0.7860854978208787}. Best is trial 109 with value: 3508.6982963730675.
[I 2024-10-31 23:55:38,426] Trial 197 finished with value: 3543.245844611778 and parameters: {'layers': 6, 'max_depth': 2, 'resampling_rate': 1.7398603264073422, 'et': 0.19395495848897876}. Best is trial 109 with value: 3508.6982963730675.
[I 2024-10-31 23:55:41,653] Trial 198 finished with value: 3540.2780321359623 and parameters: {'layers': 5, 'max_depth': 2, 'resampling_rate': 1.4818961165492905, 'et': 0.23444721313437517}. Best is trial 109 with value: 3508.6982963730675.
[I 2024-10-31 23:55:42,171] Trial 199 finished with value: 1000000000.0 and parameters: {'layers': 5, 'max_depth': 2, 'resampling_rate': 1.7222477933846154, 'et': 0.7561462419117949}. Best is trial 109 with value: 3508.6982963730675.
[I 2024-10-31 23:55:42,651] Trial 200 finished with value: 1000000000.0 and parameters: {'layers': 8, 'max_depth': 1, 'resampling_rate': 1.62915054641304, 'et': 0.685700403187596}. Best is trial 109 with value: 3508.6982963730675.
[I 2024-10-31 23:55:45,871] Trial 201 finished with value: 3543.5827193758564 and parameters: {'layers': 8, 'max_depth': 2, 'resampling_rate': 1.6786778180145179, 'et': 0.5573183066587434}. Best is trial 109 with value: 3508.6982963730675.
[I 2024-10-31 23:55:49,057] Trial 202 finished with value: 3528.517187465848 and parameters: {'layers': 7, 'max_depth': 2, 'resampling_rate': 1.6452887421073492, 'et': 0.5372596921740803}. Best is trial 109 with value: 3508.6982963730675.
[I 2024-10-31 23:55:49,573] Trial 203 finished with value: 1000000000.0 and parameters: {'layers': 7, 'max_depth': 2, 'resampling_rate': 1.3941533168550144, 'et': 0.5331198752317703}. Best is trial 109 with value: 3508.6982963730675.
[I 2024-10-31 23:55:52,750] Trial 204 finished with value: 3547.624414956619 and parameters: {'layers': 6, 'max_depth': 2, 'resampling_rate': 1.604108335207159, 'et': 0.6122313083246965}. Best is trial 109 with value: 3508.6982963730675.
[I 2024-10-31 23:55:55,948] Trial 205 finished with value: 3557.4879466907355 and parameters: {'layers': 5, 'max_depth': 2, 'resampling_rate': 1.6522920897484665, 'et': 0.4817299747990731}. Best is trial 109 with value: 3508.6982963730675.
[I 2024-10-31 23:55:59,185] Trial 206 finished with value: 3557.4484279204003 and parameters: {'layers': 6, 'max_depth': 2, 'resampling_rate': 1.7025738131770491, 'et': 0.5771675295026774}. Best is trial 109 with value: 3508.6982963730675.
[I 2024-10-31 23:55:59,694] Trial 207 finished with value: 1000000000.0 and parameters: {'layers': 5, 'max_depth': 2, 'resampling_rate': 1.5750742603681231, 'et': 0.6503785545395373}. Best is trial 109 with value: 3508.6982963730675.
[I 2024-10-31 23:56:00,203] Trial 208 finished with value: 1000000000.0 and parameters: {'layers': 5, 'max_depth': 2, 'resampling_rate': 1.2278941832850558, 'et': 0.41015421953959474}. Best is trial 109 with value: 3508.6982963730675.
[I 2024-10-31 23:56:03,430] Trial 209 finished with value: 3537.7173461267903 and parameters: {'layers': 6, 'max_depth': 2, 'resampling_rate': 1.667082260089256, 'et': 0.5810389296811374}. Best is trial 109 with value: 3508.6982963730675.
[I 2024-10-31 23:56:06,637] Trial 210 finished with value: 3537.9807471902363 and parameters: {'layers': 5, 'max_depth': 2, 'resampling_rate': 1.7513450246040443, 'et': 0.623442836193866}. Best is trial 109 with value: 3508.6982963730675.
[I 2024-10-31 23:56:09,848] Trial 211 finished with value: 3534.31438204894 and parameters: {'layers': 7, 'max_depth': 2, 'resampling_rate': 1.640943494447475, 'et': 0.5575671895418141}. Best is trial 109 with value: 3508.6982963730675.
[I 2024-10-31 23:56:13,065] Trial 212 finished with value: 3547.6961005220946 and parameters: {'layers': 8, 'max_depth': 2, 'resampling_rate': 1.6302935790575153, 'et': 0.5361643759375447}. Best is trial 109 with value: 3508.6982963730675.
[I 2024-10-31 23:56:16,249] Trial 213 finished with value: 3535.765635612588 and parameters: {'layers': 7, 'max_depth': 2, 'resampling_rate': 1.6598101348623397, 'et': 0.5232186172693599}. Best is trial 109 with value: 3508.6982963730675.
[I 2024-10-31 23:56:19,489] Trial 214 finished with value: 3535.5616610603806 and parameters: {'layers': 5, 'max_depth': 2, 'resampling_rate': 1.7230356810526144, 'et': 0.16741685296545064}. Best is trial 109 with value: 3508.6982963730675.
[I 2024-10-31 23:56:22,719] Trial 215 finished with value: 3530.753336282634 and parameters: {'layers': 9, 'max_depth': 2, 'resampling_rate': 1.7445281737765184, 'et': 0.5659794933652632}. Best is trial 109 with value: 3508.6982963730675.
[I 2024-10-31 23:56:25,949] Trial 216 finished with value: 3534.9479422068666 and parameters: {'layers': 6, 'max_depth': 2, 'resampling_rate': 1.7749139017591622, 'et': 0.5921445206586293}. Best is trial 109 with value: 3508.6982963730675.
[I 2024-10-31 23:56:29,164] Trial 217 finished with value: 3564.595369999631 and parameters: {'layers': 5, 'max_depth': 2, 'resampling_rate': 1.3405656751591293, 'et': 0.29620686412660996}. Best is trial 109 with value: 3508.6982963730675.
[I 2024-10-31 23:56:32,397] Trial 218 finished with value: 3531.3957772618755 and parameters: {'layers': 7, 'max_depth': 2, 'resampling_rate': 1.7043202977639793, 'et': 0.20074390658862448}. Best is trial 109 with value: 3508.6982963730675.
[I 2024-10-31 23:56:35,616] Trial 219 finished with value: 3559.757422859597 and parameters: {'layers': 6, 'max_depth': 2, 'resampling_rate': 1.6862494457925592, 'et': 0.5065846473033899}. Best is trial 109 with value: 3508.6982963730675.
[I 2024-10-31 23:56:36,130] Trial 220 finished with value: 1000000000.0 and parameters: {'layers': 5, 'max_depth': 2, 'resampling_rate': 1.269004699802491, 'et': 0.3241505248599021}. Best is trial 109 with value: 3508.6982963730675.
[I 2024-10-31 23:56:39,358] Trial 221 finished with value: 3515.376821835709 and parameters: {'layers': 5, 'max_depth': 2, 'resampling_rate': 1.7619004482067115, 'et': 0.634383936192221}. Best is trial 109 with value: 3508.6982963730675.
[I 2024-10-31 23:56:42,600] Trial 222 finished with value: 3578.765251726008 and parameters: {'layers': 5, 'max_depth': 2, 'resampling_rate': 1.75999097063556, 'et': 0.6329729097769938}. Best is trial 109 with value: 3508.6982963730675.
[I 2024-10-31 23:56:45,908] Trial 223 finished with value: 3559.129556428701 and parameters: {'layers': 5, 'max_depth': 2, 'resampling_rate': 1.7358685014766484, 'et': 0.6729387483111587}. Best is trial 109 with value: 3508.6982963730675.
[I 2024-10-31 23:56:49,228] Trial 224 finished with value: 3563.4451754366396 and parameters: {'layers': 5, 'max_depth': 2, 'resampling_rate': 1.7666892671595626, 'et': 0.6091511074794611}. Best is trial 109 with value: 3508.6982963730675.
[I 2024-10-31 23:56:52,505] Trial 225 finished with value: 3545.3221789389754 and parameters: {'layers': 5, 'max_depth': 2, 'resampling_rate': 1.7299492547185795, 'et': 0.6409120297275772}. Best is trial 109 with value: 3508.6982963730675.
[I 2024-10-31 23:56:55,796] Trial 226 finished with value: 3536.7735333259807 and parameters: {'layers': 5, 'max_depth': 2, 'resampling_rate': 1.781967215197741, 'et': 0.6564827240285213}. Best is trial 109 with value: 3508.6982963730675.
[I 2024-10-31 23:56:59,026] Trial 227 finished with value: 3571.2363958600363 and parameters: {'layers': 6, 'max_depth': 2, 'resampling_rate': 1.248953094102535, 'et': 0.17799723600321626}. Best is trial 109 with value: 3508.6982963730675.
[I 2024-10-31 23:57:02,242] Trial 228 finished with value: 3560.1401259867816 and parameters: {'layers': 5, 'max_depth': 2, 'resampling_rate': 1.7484064315135135, 'et': 0.5437207412393332}. Best is trial 109 with value: 3508.6982963730675.
[I 2024-10-31 23:57:02,756] Trial 229 finished with value: 1000000000.0 and parameters: {'layers': 5, 'max_depth': 2, 'resampling_rate': 1.2092570900184654, 'et': 0.5989516125191079}. Best is trial 109 with value: 3508.6982963730675.
[I 2024-10-31 23:57:06,005] Trial 230 finished with value: 3533.292237876219 and parameters: {'layers': 6, 'max_depth': 2, 'resampling_rate': 1.7193770005599929, 'et': 0.24554693759865587}. Best is trial 109 with value: 3508.6982963730675.
[I 2024-10-31 23:57:09,246] Trial 231 finished with value: 3554.906106922293 and parameters: {'layers': 5, 'max_depth': 2, 'resampling_rate': 1.7541429283946568, 'et': 0.6302405374798892}. Best is trial 109 with value: 3508.6982963730675.
[I 2024-10-31 23:57:12,525] Trial 232 finished with value: 3560.910635409453 and parameters: {'layers': 5, 'max_depth': 2, 'resampling_rate': 1.7540248364122832, 'et': 0.6437716918023343}. Best is trial 109 with value: 3508.6982963730675.
[I 2024-10-31 23:57:15,811] Trial 233 finished with value: 3526.0120808037263 and parameters: {'layers': 5, 'max_depth': 2, 'resampling_rate': 1.766851384427488, 'et': 0.615526519316562}. Best is trial 109 with value: 3508.6982963730675.
[I 2024-10-31 23:57:16,332] Trial 234 finished with value: 1000000000.0 and parameters: {'layers': 5, 'max_depth': 2, 'resampling_rate': 1.3653315459847695, 'et': 0.6165405583324399}. Best is trial 109 with value: 3508.6982963730675.
[I 2024-10-31 23:57:19,577] Trial 235 finished with value: 3532.3885082519078 and parameters: {'layers': 5, 'max_depth': 2, 'resampling_rate': 1.7698176403600474, 'et': 0.5875118048931081}. Best is trial 109 with value: 3508.6982963730675.
[I 2024-10-31 23:57:22,803] Trial 236 finished with value: 3549.1725909710462 and parameters: {'layers': 5, 'max_depth': 2, 'resampling_rate': 1.7892639799108314, 'et': 0.22070533877019174}. Best is trial 109 with value: 3508.6982963730675.
[I 2024-10-31 23:57:23,316] Trial 237 finished with value: 1000000000.0 and parameters: {'layers': 5, 'max_depth': 2, 'resampling_rate': 1.6073582520971992, 'et': 0.6905635773477669}. Best is trial 109 with value: 3508.6982963730675.
[I 2024-10-31 23:57:26,551] Trial 238 finished with value: 3532.7035046481906 and parameters: {'layers': 6, 'max_depth': 2, 'resampling_rate': 1.1797245613074, 'et': 0.13324622452376061}. Best is trial 109 with value: 3508.6982963730675.
[I 2024-10-31 23:57:29,767] Trial 239 finished with value: 3536.8620823266647 and parameters: {'layers': 5, 'max_depth': 2, 'resampling_rate': 1.734478580330989, 'et': 0.44934951922800825}. Best is trial 109 with value: 3508.6982963730675.
[I 2024-10-31 23:57:30,299] Trial 240 finished with value: 1000000000.0 and parameters: {'layers': 5, 'max_depth': 2, 'resampling_rate': 1.225148024046103, 'et': 0.5665409396185158}. Best is trial 109 with value: 3508.6982963730675.
[I 2024-10-31 23:57:33,556] Trial 241 finished with value: 3536.208584758517 and parameters: {'layers': 5, 'max_depth': 2, 'resampling_rate': 1.7572952666181811, 'et': 0.624863837467259}. Best is trial 109 with value: 3508.6982963730675.
[I 2024-10-31 23:57:34,069] Trial 242 finished with value: 1000000000.0 and parameters: {'layers': 5, 'max_depth': 2, 'resampling_rate': 1.430150470661076, 'et': 0.6635050694879518}. Best is trial 109 with value: 3508.6982963730675.
[I 2024-10-31 23:57:37,296] Trial 243 finished with value: 3527.0727996719374 and parameters: {'layers': 5, 'max_depth': 2, 'resampling_rate': 1.772893325666436, 'et': 0.604474453753798}. Best is trial 109 with value: 3508.6982963730675.
[I 2024-10-31 23:57:40,521] Trial 244 finished with value: 3547.213261883024 and parameters: {'layers': 5, 'max_depth': 2, 'resampling_rate': 1.778054117397654, 'et': 0.6053054229633723}. Best is trial 109 with value: 3508.6982963730675.
[I 2024-10-31 23:57:43,826] Trial 245 finished with value: 3554.8359258516043 and parameters: {'layers': 5, 'max_depth': 2, 'resampling_rate': 1.7990719306329452, 'et': 0.5765451293664434}. Best is trial 109 with value: 3508.6982963730675.
[I 2024-10-31 23:57:47,062] Trial 246 finished with value: 3576.872248759549 and parameters: {'layers': 6, 'max_depth': 2, 'resampling_rate': 1.7701842000424894, 'et': 0.3627009227659287}. Best is trial 109 with value: 3508.6982963730675.
[I 2024-10-31 23:57:50,269] Trial 247 finished with value: 3566.4991745851694 and parameters: {'layers': 5, 'max_depth': 2, 'resampling_rate': 1.7398103343845583, 'et': 0.2680070761078015}. Best is trial 109 with value: 3508.6982963730675.
[I 2024-10-31 23:57:53,460] Trial 248 finished with value: 3544.4525754563897 and parameters: {'layers': 5, 'max_depth': 2, 'resampling_rate': 1.3089815541678302, 'et': 0.18828286729251406}. Best is trial 109 with value: 3508.6982963730675.
[I 2024-10-31 23:57:56,673] Trial 249 finished with value: 3544.8420565992515 and parameters: {'layers': 5, 'max_depth': 2, 'resampling_rate': 1.7626376537825128, 'et': 0.7238780430073756}. Best is trial 109 with value: 3508.6982963730675.
[I 2024-10-31 23:57:59,867] Trial 250 finished with value: 3519.6461241459183 and parameters: {'layers': 5, 'max_depth': 2, 'resampling_rate': 1.642453557280426, 'et': 0.6105667799294515}. Best is trial 109 with value: 3508.6982963730675.
[I 2024-10-31 23:58:03,056] Trial 251 finished with value: 3551.9798679020146 and parameters: {'layers': 5, 'max_depth': 2, 'resampling_rate': 1.6327008682240514, 'et': 0.6097538705132582}. Best is trial 109 with value: 3508.6982963730675.
[I 2024-10-31 23:58:03,592] Trial 252 finished with value: 1000000000.0 and parameters: {'layers': 5, 'max_depth': 2, 'resampling_rate': 1.4545496116326855, 'et': 0.6483325445846184}. Best is trial 109 with value: 3508.6982963730675.
[I 2024-10-31 23:58:04,124] Trial 253 finished with value: 1000000000.0 and parameters: {'layers': 5, 'max_depth': 2, 'resampling_rate': 1.5484476319046319, 'et': 0.6224323435289904}. Best is trial 109 with value: 3508.6982963730675.
[I 2024-10-31 23:58:04,639] Trial 254 finished with value: 1000000000.0 and parameters: {'layers': 5, 'max_depth': 2, 'resampling_rate': 1.4051073538886876, 'et': 0.5967169437349855}. Best is trial 109 with value: 3508.6982963730675.
[I 2024-10-31 23:58:07,942] Trial 255 finished with value: 3539.7897016041516 and parameters: {'layers': 6, 'max_depth': 2, 'resampling_rate': 1.7802148365917725, 'et': 0.6348352432760798}. Best is trial 109 with value: 3508.6982963730675.
[I 2024-10-31 23:58:11,170] Trial 256 finished with value: 3544.5239766366117 and parameters: {'layers': 5, 'max_depth': 2, 'resampling_rate': 1.7440695692122221, 'et': 0.7442939657939549}. Best is trial 109 with value: 3508.6982963730675.
[I 2024-10-31 23:58:14,354] Trial 257 finished with value: 3534.397532485825 and parameters: {'layers': 5, 'max_depth': 2, 'resampling_rate': 1.6441938345404732, 'et': 0.16493831019449415}. Best is trial 109 with value: 3508.6982963730675.
[I 2024-10-31 23:58:17,533] Trial 258 finished with value: 3522.976921961113 and parameters: {'layers': 11, 'max_depth': 2, 'resampling_rate': 1.7174165122477376, 'et': 0.2059117887471691}. Best is trial 109 with value: 3508.6982963730675.
[I 2024-10-31 23:58:20,715] Trial 259 finished with value: 3544.85229352537 and parameters: {'layers': 6, 'max_depth': 2, 'resampling_rate': 1.7185644295757265, 'et': 0.20870755522985018}. Best is trial 109 with value: 3508.6982963730675.
[I 2024-10-31 23:58:23,928] Trial 260 finished with value: 3553.097623451556 and parameters: {'layers': 6, 'max_depth': 2, 'resampling_rate': 1.7270191151681684, 'et': 0.6120608079020877}. Best is trial 109 with value: 3508.6982963730675.
[I 2024-10-31 23:58:27,139] Trial 261 finished with value: 3539.043544441119 and parameters: {'layers': 11, 'max_depth': 2, 'resampling_rate': 1.70686086974931, 'et': 0.5898586293212016}. Best is trial 109 with value: 3508.6982963730675.
[I 2024-10-31 23:58:30,175] Trial 262 finished with value: 4002.9650505194368 and parameters: {'layers': 10, 'max_depth': 1, 'resampling_rate': 1.6188375904640082, 'et': 0.2239427797743841}. Best is trial 109 with value: 3508.6982963730675.
[I 2024-10-31 23:58:33,351] Trial 263 finished with value: 3550.2689813782767 and parameters: {'layers': 11, 'max_depth': 2, 'resampling_rate': 1.7484370670042244, 'et': 0.43006384702187034}. Best is trial 109 with value: 3508.6982963730675.
[I 2024-10-31 23:58:36,542] Trial 264 finished with value: 3545.0543492675624 and parameters: {'layers': 5, 'max_depth': 2, 'resampling_rate': 1.730232598347223, 'et': 0.6519159454624633}. Best is trial 109 with value: 3508.6982963730675.
[I 2024-10-31 23:58:39,746] Trial 265 finished with value: 3563.0615344483626 and parameters: {'layers': 5, 'max_depth': 2, 'resampling_rate': 1.5852268586072955, 'et': 0.19765043696459103}. Best is trial 109 with value: 3508.6982963730675.
[I 2024-10-31 23:58:40,254] Trial 266 finished with value: 1000000000.0 and parameters: {'layers': 5, 'max_depth': 2, 'resampling_rate': 1.3787287610874894, 'et': 0.677465640731346}. Best is trial 109 with value: 3508.6982963730675.
[I 2024-10-31 23:58:43,455] Trial 267 finished with value: 3529.4661599157666 and parameters: {'layers': 10, 'max_depth': 2, 'resampling_rate': 1.7682858772317993, 'et': 0.7681306301086537}. Best is trial 109 with value: 3508.6982963730675.
[I 2024-10-31 23:58:46,659] Trial 268 finished with value: 3552.4560315406125 and parameters: {'layers': 12, 'max_depth': 2, 'resampling_rate': 1.7593810110461874, 'et': 0.34828521558753384}. Best is trial 109 with value: 3508.6982963730675.
[I 2024-10-31 23:58:47,176] Trial 269 finished with value: 1000000000.0 and parameters: {'layers': 11, 'max_depth': 2, 'resampling_rate': 1.2837009902422465, 'et': 0.6333300515645411}. Best is trial 109 with value: 3508.6982963730675.
[I 2024-10-31 23:58:50,341] Trial 270 finished with value: 3556.6677918896053 and parameters: {'layers': 12, 'max_depth': 2, 'resampling_rate': 1.741212087967474, 'et': 0.5922171961156916}. Best is trial 109 with value: 3508.6982963730675.
[I 2024-10-31 23:58:53,507] Trial 271 finished with value: 3532.1083856915666 and parameters: {'layers': 15, 'max_depth': 2, 'resampling_rate': 1.717846201295903, 'et': 0.697714224362417}. Best is trial 109 with value: 3508.6982963730675.
[I 2024-10-31 23:58:56,690] Trial 272 finished with value: 3552.4199311661105 and parameters: {'layers': 6, 'max_depth': 2, 'resampling_rate': 1.7847056094651357, 'et': 0.2569014932697363}. Best is trial 109 with value: 3508.6982963730675.
[I 2024-10-31 23:58:59,852] Trial 273 finished with value: 3567.844219291274 and parameters: {'layers': 5, 'max_depth': 2, 'resampling_rate': 1.6869339961805592, 'et': 0.6695104119184871}. Best is trial 109 with value: 3508.6982963730675.
[I 2024-10-31 23:59:00,356] Trial 274 finished with value: 1000000000.0 and parameters: {'layers': 6, 'max_depth': 2, 'resampling_rate': 1.6949842968766127, 'et': 0.8137269116737436}. Best is trial 109 with value: 3508.6982963730675.
