[I 2024-11-01 06:44:41,797] Trial 743 finished with value: 9.57470075306995 and parameters: {'layers': 7, 'max_depth': 2, 'resampling_rate': 1.3733878118521827, 'et': 0.28023065344430964}. Best is trial 176 with value: 9.390723799178996.
[I 2024-11-01 06:44:47,007] Trial 744 finished with value: 9.51352302158268 and parameters: {'layers': 8, 'max_depth': 2, 'resampling_rate': 1.435746235699819, 'et': 0.20670435739830534}. Best is trial 176 with value: 9.390723799178996.
[I 2024-11-01 06:44:51,701] Trial 745 finished with value: 9.45075199059008 and parameters: {'layers': 7, 'max_depth': 2, 'resampling_rate': 1.4005525468902422, 'et': 0.11840453479757476}. Best is trial 176 with value: 9.390723799178996.
[I 2024-11-01 06:44:54,635] Trial 746 finished with value: 9.535415004310014 and parameters: {'layers': 6, 'max_depth': 2, 'resampling_rate': 1.6534693030509955, 'et': 0.11073137167494905}. Best is trial 176 with value: 9.390723799178996.
[I 2024-11-01 06:44:59,949] Trial 747 finished with value: 9.595662314131431 and parameters: {'layers': 7, 'max_depth': 2, 'resampling_rate': 1.3546127231919831, 'et': 0.21641692708705096}. Best is trial 176 with value: 9.390723799178996.
[I 2024-11-01 06:45:05,187] Trial 748 finished with value: 9.490258894896577 and parameters: {'layers': 8, 'max_depth': 2, 'resampling_rate': 1.4211656772119352, 'et': 0.16291851079622371}. Best is trial 176 with value: 9.390723799178996.
[I 2024-11-01 06:45:09,872] Trial 749 finished with value: 9.517759058619061 and parameters: {'layers': 7, 'max_depth': 2, 'resampling_rate': 1.7454157484892379, 'et': 0.14371498509627395}. Best is trial 176 with value: 9.390723799178996.
[I 2024-11-01 06:45:13,958] Trial 750 finished with value: 9.635627416342622 and parameters: {'layers': 11, 'max_depth': 2, 'resampling_rate': 1.4762817665197239, 'et': 0.0993918746020962}. Best is trial 176 with value: 9.390723799178996.
[I 2024-11-01 06:45:16,848] Trial 751 finished with value: 9.44820056699641 and parameters: {'layers': 10, 'max_depth': 2, 'resampling_rate': 1.5707346808324893, 'et': 0.25083260636603927}. Best is trial 176 with value: 9.390723799178996.
[I 2024-11-01 06:45:20,305] Trial 752 finished with value: 9.547089426615187 and parameters: {'layers': 8, 'max_depth': 2, 'resampling_rate': 1.3899356647676115, 'et': 0.12343403872801548}. Best is trial 176 with value: 9.390723799178996.
[I 2024-11-01 06:45:20,783] Trial 753 finished with value: 1000000000.0 and parameters: {'layers': 7, 'max_depth': 2, 'resampling_rate': 1.1427650045331317, 'et': 0.6759510657566931}. Best is trial 176 with value: 9.390723799178996.
[I 2024-11-01 06:45:26,263] Trial 754 finished with value: 9.442411823622232 and parameters: {'layers': 7, 'max_depth': 2, 'resampling_rate': 1.70277133374517, 'et': 0.1839467242983414}. Best is trial 176 with value: 9.390723799178996.
[I 2024-11-01 06:45:30,931] Trial 755 finished with value: 9.38500304122607 and parameters: {'layers': 8, 'max_depth': 2, 'resampling_rate': 1.4091109893122904, 'et': 0.10258311806556727}. Best is trial 755 with value: 9.38500304122607.
[I 2024-11-01 06:45:34,443] Trial 756 finished with value: 9.500111137463948 and parameters: {'layers': 8, 'max_depth': 2, 'resampling_rate': 1.4122863286925043, 'et': 0.08987006386503872}. Best is trial 755 with value: 9.38500304122607.
[I 2024-11-01 06:45:37,344] Trial 757 finished with value: 9.539159120342562 and parameters: {'layers': 8, 'max_depth': 2, 'resampling_rate': 1.4237754086370882, 'et': 0.09989835524413894}. Best is trial 755 with value: 9.38500304122607.
[I 2024-11-01 06:45:40,814] Trial 758 finished with value: 9.519312866939607 and parameters: {'layers': 8, 'max_depth': 2, 'resampling_rate': 1.3940507859311073, 'et': 0.08123518149542198}. Best is trial 755 with value: 9.38500304122607.
[I 2024-11-01 06:45:46,171] Trial 759 finished with value: 9.5198512853355 and parameters: {'layers': 8, 'max_depth': 2, 'resampling_rate': 1.3749184653008626, 'et': 0.2942405640448347}. Best is trial 755 with value: 9.38500304122607.
[I 2024-11-01 06:45:48,990] Trial 760 finished with value: 10.281081796635396 and parameters: {'layers': 8, 'max_depth': 1, 'resampling_rate': 1.44731407139355, 'et': 0.12316635189195604}. Best is trial 755 with value: 9.38500304122607.
[I 2024-11-01 06:45:56,140] Trial 761 finished with value: 9.55024882875921 and parameters: {'layers': 8, 'max_depth': 2, 'resampling_rate': 1.3921423409842046, 'et': 0.3141646950567733}. Best is trial 755 with value: 9.38500304122607.
[I 2024-11-01 06:45:59,056] Trial 762 finished with value: 9.565544295047097 and parameters: {'layers': 8, 'max_depth': 2, 'resampling_rate': 1.408738244892048, 'et': 0.09314433650624074}. Best is trial 755 with value: 9.38500304122607.
[I 2024-11-01 06:45:59,529] Trial 763 finished with value: 1000000000.0 and parameters: {'layers': 8, 'max_depth': 2, 'resampling_rate': 1.426100026296686, 'et': 0.46907825865972735}. Best is trial 755 with value: 9.38500304122607.
[I 2024-11-01 06:46:02,996] Trial 764 finished with value: 9.508544419557248 and parameters: {'layers': 9, 'max_depth': 2, 'resampling_rate': 1.4062551576352116, 'et': 0.07428128988489784}. Best is trial 755 with value: 9.38500304122607.
[I 2024-11-01 06:46:09,523] Trial 765 finished with value: 9.519694362488032 and parameters: {'layers': 8, 'max_depth': 2, 'resampling_rate': 1.4377375832392676, 'et': 0.14343237867174985}. Best is trial 755 with value: 9.38500304122607.
[I 2024-11-01 06:46:12,421] Trial 766 finished with value: 9.49556373874236 and parameters: {'layers': 8, 'max_depth': 2, 'resampling_rate': 1.4296026570600129, 'et': 0.10534222992253026}. Best is trial 755 with value: 9.38500304122607.
[I 2024-11-01 06:46:17,082] Trial 767 finished with value: 9.53716770176298 and parameters: {'layers': 9, 'max_depth': 2, 'resampling_rate': 1.4636309599414379, 'et': 0.06705158187776569}. Best is trial 755 with value: 9.38500304122607.
[I 2024-11-01 06:46:25,160] Trial 768 finished with value: 9.443400732711526 and parameters: {'layers': 8, 'max_depth': 2, 'resampling_rate': 1.3753111322306786, 'et': 0.3469763575511513}. Best is trial 755 with value: 9.38500304122607.
[I 2024-11-01 06:46:28,098] Trial 769 finished with value: 9.526830563650897 and parameters: {'layers': 10, 'max_depth': 2, 'resampling_rate': 1.4053192955919478, 'et': 0.09175996288606898}. Best is trial 755 with value: 9.38500304122607.
[I 2024-11-01 06:46:32,128] Trial 770 finished with value: 9.438781022091904 and parameters: {'layers': 11, 'max_depth': 2, 'resampling_rate': 1.4161479439084825, 'et': 0.11872587059415864}. Best is trial 755 with value: 9.38500304122607.
[I 2024-11-01 06:46:36,225] Trial 771 finished with value: 9.337788962361946 and parameters: {'layers': 5, 'max_depth': 2, 'resampling_rate': 1.385603077371555, 'et': 0.2749159360682566}. Best is trial 771 with value: 9.337788962361946.
[I 2024-11-01 06:46:40,244] Trial 772 finished with value: 9.571777177188478 and parameters: {'layers': 9, 'max_depth': 2, 'resampling_rate': 1.3586040500721102, 'et': 0.24285499790927734}. Best is trial 771 with value: 9.337788962361946.
[I 2024-11-01 06:46:44,303] Trial 773 finished with value: 9.55934065037107 and parameters: {'layers': 10, 'max_depth': 2, 'resampling_rate': 1.3876321067117705, 'et': 0.08560597940979447}. Best is trial 771 with value: 9.337788962361946.
[I 2024-11-01 06:46:50,222] Trial 774 finished with value: 9.593888932983328 and parameters: {'layers': 9, 'max_depth': 2, 'resampling_rate': 1.3719650626367519, 'et': 0.2781334582455817}. Best is trial 771 with value: 9.337788962361946.
[I 2024-11-01 06:46:55,446] Trial 775 finished with value: 9.558118937690134 and parameters: {'layers': 10, 'max_depth': 2, 'resampling_rate': 1.377302925937303, 'et': 0.24387793316679632}. Best is trial 771 with value: 9.337788962361946.
[I 2024-11-01 06:47:02,295] Trial 776 finished with value: 9.521232315375336 and parameters: {'layers': 9, 'max_depth': 2, 'resampling_rate': 1.3413392360966334, 'et': 0.27351776116761206}. Best is trial 771 with value: 9.337788962361946.
[I 2024-11-01 06:47:08,067] Trial 777 finished with value: 9.425850422103727 and parameters: {'layers': 8, 'max_depth': 2, 'resampling_rate': 1.3887289065696242, 'et': 0.257626049106142}. Best is trial 771 with value: 9.337788962361946.
[I 2024-11-01 06:47:12,138] Trial 778 finished with value: 9.490006367307444 and parameters: {'layers': 5, 'max_depth': 2, 'resampling_rate': 1.3952335099713626, 'et': 0.25064938765643474}. Best is trial 771 with value: 9.337788962361946.
[I 2024-11-01 06:47:17,380] Trial 779 finished with value: 9.488224127702624 and parameters: {'layers': 8, 'max_depth': 2, 'resampling_rate': 1.359616640694501, 'et': 0.26865236343385906}. Best is trial 771 with value: 9.337788962361946.
[I 2024-11-01 06:47:25,951] Trial 780 finished with value: 9.564706084148597 and parameters: {'layers': 8, 'max_depth': 2, 'resampling_rate': 1.3846416194044489, 'et': 0.23396391987065815}. Best is trial 771 with value: 9.337788962361946.
[I 2024-11-01 06:47:32,031] Trial 781 finished with value: 9.472726404365075 and parameters: {'layers': 8, 'max_depth': 2, 'resampling_rate': 1.4017852097288757, 'et': 0.2527811898773871}. Best is trial 771 with value: 9.337788962361946.
[I 2024-11-01 06:47:39,025] Trial 782 finished with value: 9.496340194689248 and parameters: {'layers': 8, 'max_depth': 2, 'resampling_rate': 1.365018463870816, 'et': 0.22763747828988498}. Best is trial 771 with value: 9.337788962361946.
[I 2024-11-01 06:47:44,289] Trial 783 finished with value: 9.497923535953309 and parameters: {'layers': 5, 'max_depth': 2, 'resampling_rate': 1.3899161954898236, 'et': 0.23842917594938218}. Best is trial 771 with value: 9.337788962361946.
[I 2024-11-01 06:47:47,745] Trial 784 finished with value: 9.446927202204705 and parameters: {'layers': 8, 'max_depth': 2, 'resampling_rate': 1.376586761089404, 'et': 0.2651841479195192}. Best is trial 771 with value: 9.337788962361946.
[I 2024-11-01 06:47:52,407] Trial 785 finished with value: 9.47571512812234 and parameters: {'layers': 8, 'max_depth': 2, 'resampling_rate': 1.411216171281396, 'et': 0.2235794610341385}. Best is trial 771 with value: 9.337788962361946.
[I 2024-11-01 06:47:57,098] Trial 786 finished with value: 9.481183750372999 and parameters: {'layers': 8, 'max_depth': 2, 'resampling_rate': 1.4004423960707695, 'et': 0.30655899482665844}. Best is trial 771 with value: 9.337788962361946.
[I 2024-11-01 06:47:59,980] Trial 787 finished with value: 9.554925521757651 and parameters: {'layers': 8, 'max_depth': 2, 'resampling_rate': 1.4264247374332697, 'et': 0.22274044670568857}. Best is trial 771 with value: 9.337788962361946.
[I 2024-11-01 06:48:05,184] Trial 788 finished with value: 9.560603932267005 and parameters: {'layers': 8, 'max_depth': 2, 'resampling_rate': 1.5467866284595613, 'et': 0.2627461819191247}. Best is trial 771 with value: 9.337788962361946.
[I 2024-11-01 06:48:08,643] Trial 789 finished with value: 9.53647063014942 and parameters: {'layers': 8, 'max_depth': 2, 'resampling_rate': 1.4149019781834316, 'et': 0.26039595565647256}. Best is trial 771 with value: 9.337788962361946.
[I 2024-11-01 06:48:13,213] Trial 790 finished with value: 9.569361809269465 and parameters: {'layers': 5, 'max_depth': 2, 'resampling_rate': 1.4414751253168097, 'et': 0.26720091414716707}. Best is trial 771 with value: 9.337788962361946.
[I 2024-11-01 06:48:18,421] Trial 791 finished with value: 9.518865925512427 and parameters: {'layers': 9, 'max_depth': 2, 'resampling_rate': 1.396633333508636, 'et': 0.25746792760208775}. Best is trial 771 with value: 9.337788962361946.
[I 2024-11-01 06:48:22,468] Trial 792 finished with value: 9.520829547019135 and parameters: {'layers': 8, 'max_depth': 2, 'resampling_rate': 1.3836157300837226, 'et': 0.2840548912069184}. Best is trial 771 with value: 9.337788962361946.
[I 2024-11-01 06:48:27,134] Trial 793 finished with value: 9.563987857629996 and parameters: {'layers': 8, 'max_depth': 2, 'resampling_rate': 1.405022560964718, 'et': 0.27386656189673253}. Best is trial 771 with value: 9.337788962361946.
[I 2024-11-01 06:48:27,605] Trial 794 finished with value: 1000000000.0 and parameters: {'layers': 8, 'max_depth': 2, 'resampling_rate': 1.1236579118715186, 'et': 0.24451957235573737}. Best is trial 771 with value: 9.337788962361946.
[I 2024-11-01 06:48:28,076] Trial 795 finished with value: 1000000000.0 and parameters: {'layers': 9, 'max_depth': 2, 'resampling_rate': 1.153564533187791, 'et': 0.28072505871711545}. Best is trial 771 with value: 9.337788962361946.
[I 2024-11-01 06:48:31,566] Trial 796 finished with value: 9.483643488588891 and parameters: {'layers': 8, 'max_depth': 2, 'resampling_rate': 1.425424756380875, 'et': 0.05429015101431732}. Best is trial 771 with value: 9.337788962361946.
[I 2024-11-01 06:48:35,026] Trial 797 finished with value: 9.61495663564673 and parameters: {'layers': 8, 'max_depth': 2, 'resampling_rate': 1.4492204079229094, 'et': 0.2870007626650821}. Best is trial 771 with value: 9.337788962361946.
[I 2024-11-01 06:48:39,729] Trial 798 finished with value: 9.460893400082963 and parameters: {'layers': 8, 'max_depth': 2, 'resampling_rate': 1.3639646886335668, 'et': 0.06714977210245618}. Best is trial 771 with value: 9.337788962361946.
[I 2024-11-01 06:48:42,553] Trial 799 finished with value: 10.289310794124338 and parameters: {'layers': 9, 'max_depth': 1, 'resampling_rate': 1.3224404970462293, 'et': 0.04710632133276898}. Best is trial 771 with value: 9.337788962361946.
[I 2024-11-01 06:48:47,885] Trial 800 finished with value: 9.586980372516846 and parameters: {'layers': 8, 'max_depth': 2, 'resampling_rate': 1.175571590196599, 'et': 0.0768009382921508}. Best is trial 771 with value: 9.337788962361946.
[I 2024-11-01 06:48:51,313] Trial 801 finished with value: 9.494754605496786 and parameters: {'layers': 10, 'max_depth': 2, 'resampling_rate': 1.6146869580802305, 'et': 0.19416009252641978}. Best is trial 771 with value: 9.337788962361946.
[I 2024-11-01 06:48:55,385] Trial 802 finished with value: 9.556921500117037 and parameters: {'layers': 8, 'max_depth': 2, 'resampling_rate': 1.3832863833025875, 'et': 0.29560596757153856}. Best is trial 771 with value: 9.337788962361946.
[I 2024-11-01 06:48:58,275] Trial 803 finished with value: 9.552611771791996 and parameters: {'layers': 9, 'max_depth': 2, 'resampling_rate': 1.6372482437407672, 'et': 0.061704610879834754}. Best is trial 771 with value: 9.337788962361946.
[I 2024-11-01 06:49:01,160] Trial 804 finished with value: 9.538762885682496 and parameters: {'layers': 9, 'max_depth': 2, 'resampling_rate': 1.4211943081764502, 'et': 0.0421080300331429}. Best is trial 771 with value: 9.337788962361946.
[I 2024-11-01 06:49:06,373] Trial 805 finished with value: 9.548084063518784 and parameters: {'layers': 5, 'max_depth': 2, 'resampling_rate': 1.4667036032494245, 'et': 0.2503113740639424}. Best is trial 771 with value: 9.337788962361946.
[I 2024-11-01 06:49:11,036] Trial 806 finished with value: 9.48568162412213 and parameters: {'layers': 8, 'max_depth': 2, 'resampling_rate': 1.4061751310422752, 'et': 0.08137846891827266}. Best is trial 771 with value: 9.337788962361946.
[I 2024-11-01 06:49:14,458] Trial 807 finished with value: 9.52652761374185 and parameters: {'layers': 10, 'max_depth': 2, 'resampling_rate': 1.2922635824982773, 'et': 0.22837629955514077}. Best is trial 771 with value: 9.337788962361946.
[I 2024-11-01 06:49:17,338] Trial 808 finished with value: 9.468065854219745 and parameters: {'layers': 8, 'max_depth': 2, 'resampling_rate': 1.7742314782344253, 'et': 0.06605518290632317}. Best is trial 771 with value: 9.337788962361946.
[I 2024-11-01 06:49:20,223] Trial 809 finished with value: 9.524332255799193 and parameters: {'layers': 7, 'max_depth': 2, 'resampling_rate': 1.4337793166413888, 'et': 0.10255205434743445}. Best is trial 771 with value: 9.337788962361946.
[I 2024-11-01 06:49:20,692] Trial 810 finished with value: 1000000000.0 and parameters: {'layers': 7, 'max_depth': 2, 'resampling_rate': 1.342974633976758, 'et': 0.437954065651705}. Best is trial 771 with value: 9.337788962361946.
[I 2024-11-01 06:49:23,568] Trial 811 finished with value: 9.48796438772618 and parameters: {'layers': 10, 'max_depth': 2, 'resampling_rate': 1.3995084677328753, 'et': 0.21423660712016232}. Best is trial 771 with value: 9.337788962361946.
[I 2024-11-01 06:49:27,014] Trial 812 finished with value: 9.51844620613649 and parameters: {'layers': 8, 'max_depth': 2, 'resampling_rate': 1.135949100434973, 'et': 0.020785574043453006}. Best is trial 771 with value: 9.337788962361946.
[I 2024-11-01 06:49:31,040] Trial 813 finished with value: 9.492460222697977 and parameters: {'layers': 7, 'max_depth': 2, 'resampling_rate': 1.5182872103035203, 'et': 0.08719706127099042}. Best is trial 771 with value: 9.337788962361946.
[I 2024-11-01 06:49:35,700] Trial 814 finished with value: 9.394289531366228 and parameters: {'layers': 7, 'max_depth': 2, 'resampling_rate': 1.4147562417291635, 'et': 0.04127859614642109}. Best is trial 771 with value: 9.337788962361946.
[I 2024-11-01 06:49:39,223] Trial 815 finished with value: 9.466702908522477 and parameters: {'layers': 7, 'max_depth': 2, 'resampling_rate': 1.4149847676768026, 'et': 0.027584888527324793}. Best is trial 771 with value: 9.337788962361946.
[I 2024-11-01 06:49:43,288] Trial 816 finished with value: 9.523020359717924 and parameters: {'layers': 7, 'max_depth': 2, 'resampling_rate': 1.4380596732965112, 'et': 0.023749848528095124}. Best is trial 771 with value: 9.337788962361946.
[I 2024-11-01 06:49:43,764] Trial 817 finished with value: 1000000000.0 and parameters: {'layers': 7, 'max_depth': 2, 'resampling_rate': 1.4158834514726015, 'et': 0.7812193055821577}. Best is trial 771 with value: 9.337788962361946.
[I 2024-11-01 06:49:47,876] Trial 818 finished with value: 9.543040920571011 and parameters: {'layers': 7, 'max_depth': 2, 'resampling_rate': 1.3949863440699657, 'et': 0.04727333118168342}. Best is trial 771 with value: 9.337788962361946.
[I 2024-11-01 06:49:53,736] Trial 819 finished with value: 9.436232314643265 and parameters: {'layers': 7, 'max_depth': 2, 'resampling_rate': 1.381067083184183, 'et': 0.01406038878110294}. Best is trial 771 with value: 9.337788962361946.
[I 2024-11-01 06:49:57,177] Trial 820 finished with value: 9.53798720097946 and parameters: {'layers': 7, 'max_depth': 2, 'resampling_rate': 1.4294864303749533, 'et': 0.029173796073812056}. Best is trial 771 with value: 9.337788962361946.
[I 2024-11-01 06:50:00,133] Trial 821 finished with value: 9.565621654723248 and parameters: {'layers': 7, 'max_depth': 2, 'resampling_rate': 1.4102895144376904, 'et': 0.04393347017623333}. Best is trial 771 with value: 9.337788962361946.
[I 2024-11-01 06:50:03,070] Trial 822 finished with value: 9.604282774255902 and parameters: {'layers': 6, 'max_depth': 2, 'resampling_rate': 1.4488186270761216, 'et': 0.05824983356413083}. Best is trial 771 with value: 9.337788962361946.
[I 2024-11-01 06:50:08,291] Trial 823 finished with value: 9.5224125553792 and parameters: {'layers': 7, 'max_depth': 2, 'resampling_rate': 1.3976154719310174, 'et': 0.05281899194285013}. Best is trial 771 with value: 9.337788962361946.
[I 2024-11-01 06:50:11,199] Trial 824 finished with value: 9.486245238962905 and parameters: {'layers': 7, 'max_depth': 2, 'resampling_rate': 1.3707645166286186, 'et': 0.27685408115539484}. Best is trial 771 with value: 9.337788962361946.
[I 2024-11-01 06:50:14,648] Trial 825 finished with value: 9.488908133143545 and parameters: {'layers': 7, 'max_depth': 2, 'resampling_rate': 1.4132839397308063, 'et': 0.2940162386047752}. Best is trial 771 with value: 9.337788962361946.
[I 2024-11-01 06:50:19,923] Trial 826 finished with value: 9.546790194618533 and parameters: {'layers': 6, 'max_depth': 2, 'resampling_rate': 1.4277111944918452, 'et': 0.04188441146546051}. Best is trial 771 with value: 9.337788962361946.
[I 2024-11-01 06:50:22,829] Trial 827 finished with value: 9.594041265772693 and parameters: {'layers': 7, 'max_depth': 2, 'resampling_rate': 1.3870685953111233, 'et': 0.0768585132958168}. Best is trial 771 with value: 9.337788962361946.
[I 2024-11-01 06:50:28,695] Trial 828 finished with value: 9.581361462650134 and parameters: {'layers': 10, 'max_depth': 2, 'resampling_rate': 1.4502422114956945, 'et': 0.09839880782490436}. Best is trial 771 with value: 9.337788962361946.
[I 2024-11-01 06:50:32,144] Trial 829 finished with value: 9.620380712730173 and parameters: {'layers': 7, 'max_depth': 2, 'resampling_rate': 1.4018918950155426, 'et': 0.13506613809727266}. Best is trial 771 with value: 9.337788962361946.
[I 2024-11-01 06:50:38,666] Trial 830 finished with value: 9.503593575928745 and parameters: {'layers': 7, 'max_depth': 2, 'resampling_rate': 1.4138727376960398, 'et': 0.2602642504824474}. Best is trial 771 with value: 9.337788962361946.
[I 2024-11-01 06:50:42,749] Trial 831 finished with value: 9.543295024053313 and parameters: {'layers': 7, 'max_depth': 2, 'resampling_rate': 1.4351326347222857, 'et': 0.11509359573230193}. Best is trial 771 with value: 9.337788962361946.
[I 2024-11-01 06:50:49,827] Trial 832 finished with value: 9.540774598200768 and parameters: {'layers': 10, 'max_depth': 2, 'resampling_rate': 1.387304165991702, 'et': 0.013334451988501396}. Best is trial 771 with value: 9.337788962361946.
[I 2024-11-01 06:50:53,883] Trial 833 finished with value: 9.42329706983818 and parameters: {'layers': 7, 'max_depth': 2, 'resampling_rate': 1.4629967201951795, 'et': 0.06397579513069684}. Best is trial 771 with value: 9.337788962361946.
[I 2024-11-01 06:50:58,546] Trial 834 finished with value: 9.4584447708835 and parameters: {'layers': 6, 'max_depth': 2, 'resampling_rate': 1.4781459109365573, 'et': 0.03619351391081001}. Best is trial 771 with value: 9.337788962361946.
