[I 2024-11-01 06:51:01,429] Trial 835 finished with value: 9.50128428544829 and parameters: {'layers': 12, 'max_depth': 2, 'resampling_rate': 1.4466771719849056, 'et': 0.04925665004846013}. Best is trial 771 with value: 9.337788962361946.
[I 2024-11-01 06:51:08,709] Trial 836 finished with value: 9.493580986272935 and parameters: {'layers': 7, 'max_depth': 2, 'resampling_rate': 1.5075698326982034, 'et': 0.06414083170596105}. Best is trial 771 with value: 9.337788962361946.
[I 2024-11-01 06:51:12,747] Trial 837 finished with value: 9.538478058080402 and parameters: {'layers': 7, 'max_depth': 2, 'resampling_rate': 1.4863546317237981, 'et': 0.03377083050207054}. Best is trial 771 with value: 9.337788962361946.
[I 2024-11-01 06:51:15,581] Trial 838 finished with value: 10.301430112761762 and parameters: {'layers': 9, 'max_depth': 1, 'resampling_rate': 1.492692057756769, 'et': 0.06637212413921759}. Best is trial 771 with value: 9.337788962361946.
[I 2024-11-01 06:51:18,492] Trial 839 finished with value: 9.563390090945509 and parameters: {'layers': 10, 'max_depth': 2, 'resampling_rate': 1.4764566409116138, 'et': 0.23993008966482615}. Best is trial 771 with value: 9.337788962361946.
[I 2024-11-01 06:51:22,538] Trial 840 finished with value: 9.565603915237125 and parameters: {'layers': 7, 'max_depth': 2, 'resampling_rate': 1.4686073033209783, 'et': 0.042523949105306436}. Best is trial 771 with value: 9.337788962361946.
[I 2024-11-01 06:51:27,271] Trial 841 finished with value: 9.540478256525432 and parameters: {'layers': 7, 'max_depth': 2, 'resampling_rate': 1.4577358786682448, 'et': 0.06644499721845742}. Best is trial 771 with value: 9.337788962361946.
[I 2024-11-01 06:51:30,231] Trial 842 finished with value: 9.582493170283998 and parameters: {'layers': 10, 'max_depth': 2, 'resampling_rate': 1.1594069949715005, 'et': 0.056700787003115614}. Best is trial 771 with value: 9.337788962361946.
[I 2024-11-01 06:51:37,486] Trial 843 finished with value: 9.585511221870348 and parameters: {'layers': 9, 'max_depth': 2, 'resampling_rate': 1.5956396267212187, 'et': 0.20597461368559777}. Best is trial 771 with value: 9.337788962361946.
[I 2024-11-01 06:51:43,382] Trial 844 finished with value: 9.60041221660511 and parameters: {'layers': 7, 'max_depth': 2, 'resampling_rate': 1.4619828932066938, 'et': 0.07805016249422775}. Best is trial 771 with value: 9.337788962361946.
[I 2024-11-01 06:51:48,734] Trial 845 finished with value: 9.50979207252169 and parameters: {'layers': 13, 'max_depth': 2, 'resampling_rate': 1.5776557375594173, 'et': 0.03791519229021617}. Best is trial 771 with value: 9.337788962361946.
[I 2024-11-01 06:51:54,668] Trial 846 finished with value: 9.53554847175578 and parameters: {'layers': 7, 'max_depth': 2, 'resampling_rate': 1.460651199676786, 'et': 0.3971335885871248}. Best is trial 771 with value: 9.337788962361946.
[I 2024-11-01 06:51:59,816] Trial 847 finished with value: 9.523277409510127 and parameters: {'layers': 6, 'max_depth': 2, 'resampling_rate': 1.173643194975979, 'et': 0.02335355207454931}. Best is trial 771 with value: 9.337788962361946.
[I 2024-11-01 06:52:07,052] Trial 848 finished with value: 9.494627298763751 and parameters: {'layers': 7, 'max_depth': 2, 'resampling_rate': 1.4364177194040681, 'et': 0.05765641093450172}. Best is trial 771 with value: 9.337788962361946.
[I 2024-11-01 06:52:09,945] Trial 849 finished with value: 9.559733092736424 and parameters: {'layers': 9, 'max_depth': 2, 'resampling_rate': 1.365470210228927, 'et': 0.011703085132613263}. Best is trial 771 with value: 9.337788962361946.
[I 2024-11-01 06:52:10,412] Trial 850 finished with value: 1000000000.0 and parameters: {'layers': 10, 'max_depth': 2, 'resampling_rate': 1.558530028326083, 'et': 0.6220737819972917}. Best is trial 771 with value: 9.337788962361946.
[I 2024-11-01 06:52:13,287] Trial 851 finished with value: 9.562205935050786 and parameters: {'layers': 5, 'max_depth': 2, 'resampling_rate': 1.1151648996358474, 'et': 0.0786365172459496}. Best is trial 771 with value: 9.337788962361946.
[I 2024-11-01 06:52:18,518] Trial 852 finished with value: 9.538939632860032 and parameters: {'layers': 7, 'max_depth': 2, 'resampling_rate': 1.4447961460777365, 'et': 0.29583700509338773}. Best is trial 771 with value: 9.337788962361946.
[I 2024-11-01 06:52:22,515] Trial 853 finished with value: 9.486617667412373 and parameters: {'layers': 7, 'max_depth': 2, 'resampling_rate': 1.4275161370714873, 'et': 0.08876019804431518}. Best is trial 771 with value: 9.337788962361946.
[I 2024-11-01 06:52:25,948] Trial 854 finished with value: 9.569796577918238 and parameters: {'layers': 10, 'max_depth': 2, 'resampling_rate': 1.462417468425731, 'et': 0.4536901734551973}. Best is trial 771 with value: 9.337788962361946.
[I 2024-11-01 06:52:31,905] Trial 855 finished with value: 9.635938175362702 and parameters: {'layers': 7, 'max_depth': 2, 'resampling_rate': 1.352731838762938, 'et': 0.3279246787572791}. Best is trial 771 with value: 9.337788962361946.
[I 2024-11-01 06:52:34,781] Trial 856 finished with value: 9.508925715611843 and parameters: {'layers': 8, 'max_depth': 2, 'resampling_rate': 1.7610386806086493, 'et': 0.5530481038431551}. Best is trial 771 with value: 9.337788962361946.
[I 2024-11-01 06:52:37,658] Trial 857 finished with value: 9.553366802342014 and parameters: {'layers': 9, 'max_depth': 2, 'resampling_rate': 1.380652427056896, 'et': 0.04843588570285631}. Best is trial 771 with value: 9.337788962361946.
[I 2024-11-01 06:52:42,294] Trial 858 finished with value: 9.465333241638305 and parameters: {'layers': 6, 'max_depth': 2, 'resampling_rate': 1.497853345699749, 'et': 0.4913758438251529}. Best is trial 771 with value: 9.337788962361946.
[I 2024-11-01 06:52:46,306] Trial 859 finished with value: 9.49135787936025 and parameters: {'layers': 8, 'max_depth': 2, 'resampling_rate': 1.1499889826541236, 'et': 0.1665439498598928}. Best is trial 771 with value: 9.337788962361946.
[I 2024-11-01 06:52:51,009] Trial 860 finished with value: 9.46115773937705 and parameters: {'layers': 7, 'max_depth': 2, 'resampling_rate': 1.395489396546241, 'et': 0.06936614557462828}. Best is trial 771 with value: 9.337788962361946.
[I 2024-11-01 06:52:55,582] Trial 861 finished with value: 9.572205467119058 and parameters: {'layers': 7, 'max_depth': 2, 'resampling_rate': 1.4223006942277159, 'et': 0.27193455257236054}. Best is trial 771 with value: 9.337788962361946.
[I 2024-11-01 06:53:00,159] Trial 862 finished with value: 9.680201491098947 and parameters: {'layers': 8, 'max_depth': 2, 'resampling_rate': 1.5318927315167765, 'et': 0.25410326983896664}. Best is trial 771 with value: 9.337788962361946.
[I 2024-11-01 06:53:03,036] Trial 863 finished with value: 9.5457834989316 and parameters: {'layers': 9, 'max_depth': 2, 'resampling_rate': 1.4513001899543134, 'et': 0.0863573344124361}. Best is trial 771 with value: 9.337788962361946.
[I 2024-11-01 06:53:09,106] Trial 864 finished with value: 9.518160028906173 and parameters: {'layers': 12, 'max_depth': 2, 'resampling_rate': 1.4048517652377766, 'et': 0.38255618808765335}. Best is trial 771 with value: 9.337788962361946.
[I 2024-11-01 06:53:14,329] Trial 865 finished with value: 9.538381471497457 and parameters: {'layers': 8, 'max_depth': 2, 'resampling_rate': 1.1684791223384672, 'et': 0.03595589551120208}. Best is trial 771 with value: 9.337788962361946.
[I 2024-11-01 06:53:19,510] Trial 866 finished with value: 9.487578549146086 and parameters: {'layers': 10, 'max_depth': 2, 'resampling_rate': 1.4754709907605437, 'et': 0.10583980119220983}. Best is trial 771 with value: 9.337788962361946.
[I 2024-11-01 06:53:22,981] Trial 867 finished with value: 9.577589261935522 and parameters: {'layers': 7, 'max_depth': 2, 'resampling_rate': 1.4336042886720564, 'et': 0.23355634372229608}. Best is trial 771 with value: 9.337788962361946.
[I 2024-11-01 06:53:27,106] Trial 868 finished with value: 9.425189844181553 and parameters: {'layers': 6, 'max_depth': 2, 'resampling_rate': 1.3912209703847853, 'et': 0.07439285279796126}. Best is trial 771 with value: 9.337788962361946.
[I 2024-11-01 06:53:31,199] Trial 869 finished with value: 9.42184870845267 and parameters: {'layers': 5, 'max_depth': 2, 'resampling_rate': 1.4078101900576208, 'et': 0.05748254315503233}. Best is trial 771 with value: 9.337788962361946.
[I 2024-11-01 06:53:37,133] Trial 870 finished with value: 9.532914007993034 and parameters: {'layers': 5, 'max_depth': 2, 'resampling_rate': 1.4031725917731266, 'et': 0.05935519114595218}. Best is trial 771 with value: 9.337788962361946.
[I 2024-11-01 06:53:41,214] Trial 871 finished with value: 9.446852581550257 and parameters: {'layers': 6, 'max_depth': 2, 'resampling_rate': 1.4222480231689794, 'et': 0.03963697374768498}. Best is trial 771 with value: 9.337788962361946.
[I 2024-11-01 06:53:47,233] Trial 872 finished with value: 9.546927928998905 and parameters: {'layers': 6, 'max_depth': 2, 'resampling_rate': 1.4115368184715984, 'et': 0.05530646733727481}. Best is trial 771 with value: 9.337788962361946.
[I 2024-11-01 06:53:51,888] Trial 873 finished with value: 9.441255433695167 and parameters: {'layers': 5, 'max_depth': 2, 'resampling_rate': 1.3809096681053803, 'et': 0.07656065222725035}. Best is trial 771 with value: 9.337788962361946.
[I 2024-11-01 06:53:55,335] Trial 874 finished with value: 9.56080174244132 and parameters: {'layers': 6, 'max_depth': 2, 'resampling_rate': 1.3964937979140135, 'et': 0.0919947053961458}. Best is trial 771 with value: 9.337788962361946.
[I 2024-11-01 06:53:58,780] Trial 875 finished with value: 9.450235675329779 and parameters: {'layers': 5, 'max_depth': 2, 'resampling_rate': 1.4217130643421583, 'et': 0.05400584112022416}. Best is trial 771 with value: 9.337788962361946.
[I 2024-11-01 06:54:01,583] Trial 876 finished with value: 10.320305903776253 and parameters: {'layers': 5, 'max_depth': 1, 'resampling_rate': 1.433736729808858, 'et': 0.07617075550103566}. Best is trial 771 with value: 9.337788962361946.
[I 2024-11-01 06:54:05,010] Trial 877 finished with value: 9.494189031912343 and parameters: {'layers': 5, 'max_depth': 2, 'resampling_rate': 1.4074146469670377, 'et': 0.024363798011302708}. Best is trial 771 with value: 9.337788962361946.
[I 2024-11-01 06:54:10,824] Trial 878 finished with value: 9.603217513029886 and parameters: {'layers': 5, 'max_depth': 2, 'resampling_rate': 1.3704903949698732, 'et': 0.04191094404263114}. Best is trial 771 with value: 9.337788962361946.
[I 2024-11-01 06:54:15,402] Trial 879 finished with value: 9.51546476583596 and parameters: {'layers': 6, 'max_depth': 2, 'resampling_rate': 1.4151959016233224, 'et': 0.10094819541193495}. Best is trial 771 with value: 9.337788962361946.
[I 2024-11-01 06:54:19,425] Trial 880 finished with value: 9.542784648990798 and parameters: {'layers': 5, 'max_depth': 2, 'resampling_rate': 1.4408028975516578, 'et': 0.07471886937484168}. Best is trial 771 with value: 9.337788962361946.
[I 2024-11-01 06:54:19,896] Trial 881 finished with value: 1000000000.0 and parameters: {'layers': 6, 'max_depth': 2, 'resampling_rate': 1.3870448000641862, 'et': 0.42076138276688785}. Best is trial 771 with value: 9.337788962361946.
[I 2024-11-01 06:54:23,348] Trial 882 finished with value: 9.44324394083169 and parameters: {'layers': 5, 'max_depth': 2, 'resampling_rate': 1.4008152640318177, 'et': 0.06616241432834327}. Best is trial 771 with value: 9.337788962361946.
[I 2024-11-01 06:54:29,208] Trial 883 finished with value: 9.531742679696954 and parameters: {'layers': 5, 'max_depth': 2, 'resampling_rate': 1.4537939012564647, 'et': 0.12343820361089422}. Best is trial 771 with value: 9.337788962361946.
[I 2024-11-01 06:54:33,270] Trial 884 finished with value: 9.498048983402681 and parameters: {'layers': 6, 'max_depth': 2, 'resampling_rate': 1.2684946894032911, 'et': 0.02815455455442045}. Best is trial 771 with value: 9.337788962361946.
[I 2024-11-01 06:54:37,335] Trial 885 finished with value: 9.530855324950783 and parameters: {'layers': 6, 'max_depth': 2, 'resampling_rate': 1.4236707206829853, 'et': 0.09772683582276333}. Best is trial 771 with value: 9.337788962361946.
[I 2024-11-01 06:54:40,796] Trial 886 finished with value: 9.655720192247683 and parameters: {'layers': 5, 'max_depth': 2, 'resampling_rate': 1.392702404829648, 'et': 0.05836270060584828}. Best is trial 771 with value: 9.337788962361946.
[I 2024-11-01 06:54:46,142] Trial 887 finished with value: 9.534248475368283 and parameters: {'layers': 5, 'max_depth': 2, 'resampling_rate': 1.4096091221030156, 'et': 0.08494381930038229}. Best is trial 771 with value: 9.337788962361946.
[I 2024-11-01 06:54:49,044] Trial 888 finished with value: 9.542984941763505 and parameters: {'layers': 5, 'max_depth': 2, 'resampling_rate': 1.4238555944639655, 'et': 0.04938843212512735}. Best is trial 771 with value: 9.337788962361946.
[I 2024-11-01 06:54:54,381] Trial 889 finished with value: 9.477752328377205 and parameters: {'layers': 5, 'max_depth': 2, 'resampling_rate': 1.3678395230643117, 'et': 0.01193772737797217}. Best is trial 771 with value: 9.337788962361946.
[I 2024-11-01 06:55:00,253] Trial 890 finished with value: 9.486181566973428 and parameters: {'layers': 5, 'max_depth': 2, 'resampling_rate': 1.100030992735194, 'et': 0.10701404415197217}. Best is trial 771 with value: 9.337788962361946.
[I 2024-11-01 06:55:05,488] Trial 891 finished with value: 9.48610925134012 and parameters: {'layers': 5, 'max_depth': 2, 'resampling_rate': 1.4440548813190186, 'et': 0.08410862456493769}. Best is trial 771 with value: 9.337788962361946.
[I 2024-11-01 06:55:05,962] Trial 892 finished with value: 1000000000.0 and parameters: {'layers': 5, 'max_depth': 2, 'resampling_rate': 1.3777766641639104, 'et': 0.524702444808204}. Best is trial 771 with value: 9.337788962361946.
[I 2024-11-01 06:55:09,457] Trial 893 finished with value: 9.538369336069794 and parameters: {'layers': 5, 'max_depth': 2, 'resampling_rate': 1.7477551119071633, 'et': 0.03744709764732098}. Best is trial 771 with value: 9.337788962361946.
[I 2024-11-01 06:55:13,500] Trial 894 finished with value: 9.551708823419256 and parameters: {'layers': 5, 'max_depth': 2, 'resampling_rate': 1.413124734967681, 'et': 0.06579146427305771}. Best is trial 771 with value: 9.337788962361946.
[I 2024-11-01 06:55:20,120] Trial 895 finished with value: 9.554822275432873 and parameters: {'layers': 6, 'max_depth': 2, 'resampling_rate': 1.6069474234461416, 'et': 0.12432955171591445}. Best is trial 771 with value: 9.337788962361946.
[I 2024-11-01 06:55:24,783] Trial 896 finished with value: 9.603145797928153 and parameters: {'layers': 5, 'max_depth': 2, 'resampling_rate': 1.3923069281094032, 'et': 0.09279774256266297}. Best is trial 771 with value: 9.337788962361946.
[I 2024-11-01 06:55:28,875] Trial 897 finished with value: 9.553725070202665 and parameters: {'layers': 6, 'max_depth': 2, 'resampling_rate': 1.3024399680765548, 'et': 0.14194870267763557}. Best is trial 771 with value: 9.337788962361946.
[I 2024-11-01 06:55:31,853] Trial 898 finished with value: 9.463869160485382 and parameters: {'layers': 7, 'max_depth': 2, 'resampling_rate': 1.4676718461275298, 'et': 0.05244853379033334}. Best is trial 771 with value: 9.337788962361946.
[I 2024-11-01 06:55:34,786] Trial 899 finished with value: 9.548523967594155 and parameters: {'layers': 6, 'max_depth': 2, 'resampling_rate': 1.5466988943277458, 'et': 0.1151643963282358}. Best is trial 771 with value: 9.337788962361946.
[I 2024-11-01 06:55:38,249] Trial 900 finished with value: 9.591697427871534 and parameters: {'layers': 7, 'max_depth': 2, 'resampling_rate': 1.4362752783423494, 'et': 0.07288634238312781}. Best is trial 771 with value: 9.337788962361946.
[I 2024-11-01 06:55:42,953] Trial 901 finished with value: 9.582479332902345 and parameters: {'layers': 7, 'max_depth': 2, 'resampling_rate': 1.4052874062409466, 'et': 0.15336779036072418}. Best is trial 771 with value: 9.337788962361946.
[I 2024-11-01 06:55:46,423] Trial 902 finished with value: 9.451754924629679 and parameters: {'layers': 5, 'max_depth': 2, 'resampling_rate': 1.3508655811346215, 'et': 0.04400833899638138}. Best is trial 771 with value: 9.337788962361946.
[I 2024-11-01 06:55:51,645] Trial 903 finished with value: 9.492403475136419 and parameters: {'layers': 6, 'max_depth': 2, 'resampling_rate': 1.6244876138119135, 'et': 0.0916237811977265}. Best is trial 771 with value: 9.337788962361946.
[I 2024-11-01 06:55:56,384] Trial 904 finished with value: 9.53040706066267 and parameters: {'layers': 7, 'max_depth': 2, 'resampling_rate': 1.3859947745711858, 'et': 0.034553293184944316}. Best is trial 771 with value: 9.337788962361946.
[I 2024-11-01 06:56:01,660] Trial 905 finished with value: 9.52516276185162 and parameters: {'layers': 7, 'max_depth': 2, 'resampling_rate': 1.4224154825716124, 'et': 0.01030876209003994}. Best is trial 771 with value: 9.337788962361946.
[I 2024-11-01 06:56:04,564] Trial 906 finished with value: 9.55040138285571 and parameters: {'layers': 7, 'max_depth': 2, 'resampling_rate': 1.405508091552687, 'et': 0.10761507209704133}. Best is trial 771 with value: 9.337788962361946.
[I 2024-11-01 06:56:09,316] Trial 907 finished with value: 9.482219892712394 and parameters: {'layers': 5, 'max_depth': 2, 'resampling_rate': 1.7820749798771078, 'et': 0.06458389593073052}. Best is trial 771 with value: 9.337788962361946.
[I 2024-11-01 06:56:09,791] Trial 908 finished with value: 1000000000.0 and parameters: {'layers': 7, 'max_depth': 2, 'resampling_rate': 1.3929066958570229, 'et': 0.8811256008474038}. Best is trial 771 with value: 9.337788962361946.
[I 2024-11-01 06:56:15,773] Trial 909 finished with value: 9.556846936677715 and parameters: {'layers': 6, 'max_depth': 2, 'resampling_rate': 1.2819288381474954, 'et': 0.08272805352404683}. Best is trial 771 with value: 9.337788962361946.
[I 2024-11-01 06:56:21,655] Trial 910 finished with value: 9.535024447528388 and parameters: {'layers': 7, 'max_depth': 2, 'resampling_rate': 1.4502598590113505, 'et': 0.3627182464358569}. Best is trial 771 with value: 9.337788962361946.
[I 2024-11-01 06:56:24,527] Trial 911 finished with value: 9.499294403998038 and parameters: {'layers': 7, 'max_depth': 2, 'resampling_rate': 1.483818045430378, 'et': 0.1358301059658684}. Best is trial 771 with value: 9.337788962361946.
[I 2024-11-01 06:56:27,408] Trial 912 finished with value: 9.57015386347262 and parameters: {'layers': 7, 'max_depth': 2, 'resampling_rate': 1.374250871859084, 'et': 0.06125308968949743}. Best is trial 771 with value: 9.337788962361946.
[I 2024-11-01 06:56:27,880] Trial 913 finished with value: 1000000000.0 and parameters: {'layers': 5, 'max_depth': 2, 'resampling_rate': 1.51879973488204, 'et': 0.8437291053029752}. Best is trial 771 with value: 9.337788962361946.
[I 2024-11-01 06:56:30,670] Trial 914 finished with value: 10.309524849517134 and parameters: {'layers': 7, 'max_depth': 1, 'resampling_rate': 1.4371390684805199, 'et': 0.10852592784742651}. Best is trial 771 with value: 9.337788962361946.
[I 2024-11-01 06:56:35,281] Trial 915 finished with value: 9.512041118283024 and parameters: {'layers': 7, 'max_depth': 2, 'resampling_rate': 1.6512809579825236, 'et': 0.1789031723440515}. Best is trial 771 with value: 9.337788962361946.
[I 2024-11-01 06:56:39,270] Trial 916 finished with value: 9.399924225521934 and parameters: {'layers': 7, 'max_depth': 2, 'resampling_rate': 1.755266167991516, 'et': 0.032500911565891424}. Best is trial 771 with value: 9.337788962361946.
[I 2024-11-01 06:56:43,269] Trial 917 finished with value: 9.505459485649233 and parameters: {'layers': 7, 'max_depth': 2, 'resampling_rate': 1.5858028218654365, 'et': 0.025119605861269018}. Best is trial 771 with value: 9.337788962361946.
[I 2024-11-01 06:56:46,241] Trial 918 finished with value: 9.51384461560268 and parameters: {'layers': 7, 'max_depth': 2, 'resampling_rate': 1.7716681503584912, 'et': 0.024991959363815743}. Best is trial 771 with value: 9.337788962361946.
[I 2024-11-01 06:56:49,127] Trial 919 finished with value: 9.58295199474997 and parameters: {'layers': 7, 'max_depth': 2, 'resampling_rate': 1.7785288705082323, 'et': 0.03411431407685139}. Best is trial 771 with value: 9.337788962361946.
[I 2024-11-01 06:56:52,583] Trial 920 finished with value: 9.477248464765706 and parameters: {'layers': 7, 'max_depth': 2, 'resampling_rate': 1.7401379208463583, 'et': 0.04279447721332766}. Best is trial 771 with value: 9.337788962361946.
[I 2024-11-01 06:56:57,750] Trial 921 finished with value: 9.503646870750027 and parameters: {'layers': 7, 'max_depth': 2, 'resampling_rate': 1.7499081039916449, 'et': 0.020504765164760824}. Best is trial 771 with value: 9.337788962361946.
[I 2024-11-01 06:57:02,365] Trial 922 finished with value: 9.452947182875759 and parameters: {'layers': 7, 'max_depth': 2, 'resampling_rate': 1.7601321638399812, 'et': 0.010351067770222728}. Best is trial 771 with value: 9.337788962361946.
[I 2024-11-01 06:57:05,244] Trial 923 finished with value: 9.491709652653425 and parameters: {'layers': 7, 'max_depth': 2, 'resampling_rate': 1.4571486434343126, 'et': 0.04676772891454382}. Best is trial 771 with value: 9.337788962361946.
[I 2024-11-01 06:57:09,982] Trial 924 finished with value: 9.537311471741555 and parameters: {'layers': 7, 'max_depth': 2, 'resampling_rate': 1.7745325324683574, 'et': 0.04367792007465237}. Best is trial 771 with value: 9.337788962361946.
[I 2024-11-01 06:57:14,641] Trial 925 finished with value: 9.460291625109438 and parameters: {'layers': 7, 'max_depth': 2, 'resampling_rate': 1.7577964614274277, 'et': 0.05436994815267638}. Best is trial 771 with value: 9.337788962361946.
[I 2024-11-01 06:57:17,563] Trial 926 finished with value: 9.559651853967177 and parameters: {'layers': 9, 'max_depth': 2, 'resampling_rate': 1.7619431206096299, 'et': 0.027574041629622636}. Best is trial 771 with value: 9.337788962361946.
