[I 2024-11-01 03:58:19,020] Trial 642 finished with value: 0.7141876364572255 and parameters: {'layers': 14, 'max_depth': 2, 'resampling_rate': 1.7225254256683245, 'et': 0.5438363626529745}. Best is trial 158 with value: 0.7116248725335422.
[I 2024-11-01 03:58:22,439] Trial 643 finished with value: 1000000000.0 and parameters: {'layers': 14, 'max_depth': 2, 'resampling_rate': 1.6157672127256557, 'et': 0.7095040597932403}. Best is trial 158 with value: 0.7116248725335422.
[I 2024-11-01 03:58:43,133] Trial 644 finished with value: 0.7131631089607193 and parameters: {'layers': 13, 'max_depth': 2, 'resampling_rate': 1.7041606750809455, 'et': 0.5279325936203547}. Best is trial 158 with value: 0.7116248725335422.
[I 2024-11-01 03:59:04,029] Trial 645 finished with value: 0.7135126518137294 and parameters: {'layers': 15, 'max_depth': 2, 'resampling_rate': 1.737845827764627, 'et': 0.4893731196750351}. Best is trial 158 with value: 0.7116248725335422.
[I 2024-11-01 03:59:25,179] Trial 646 finished with value: 0.712966062151933 and parameters: {'layers': 14, 'max_depth': 2, 'resampling_rate': 1.7848308787116978, 'et': 0.38035992115126926}. Best is trial 158 with value: 0.7116248725335422.
[I 2024-11-01 03:59:45,930] Trial 647 finished with value: 0.7134615521779208 and parameters: {'layers': 15, 'max_depth': 2, 'resampling_rate': 1.7111829322833794, 'et': 0.5036837091603504}. Best is trial 158 with value: 0.7116248725335422.
[I 2024-11-01 04:00:06,698] Trial 648 finished with value: 0.7136411311160638 and parameters: {'layers': 15, 'max_depth': 2, 'resampling_rate': 1.7570384517269841, 'et': 0.6587638314206172}. Best is trial 158 with value: 0.7116248725335422.
[I 2024-11-01 04:00:27,541] Trial 649 finished with value: 0.7142833119464912 and parameters: {'layers': 14, 'max_depth': 2, 'resampling_rate': 1.6967056803095235, 'et': 0.3534543445646529}. Best is trial 158 with value: 0.7116248725335422.
[I 2024-11-01 04:00:48,459] Trial 650 finished with value: 0.7134448969744827 and parameters: {'layers': 11, 'max_depth': 2, 'resampling_rate': 1.7991016917987004, 'et': 0.6200327955029354}. Best is trial 158 with value: 0.7116248725335422.
[I 2024-11-01 04:01:09,421] Trial 651 finished with value: 0.712908176376919 and parameters: {'layers': 13, 'max_depth': 2, 'resampling_rate': 1.7700759438621507, 'et': 0.5642072328456276}. Best is trial 158 with value: 0.7116248725335422.
[I 2024-11-01 04:01:30,373] Trial 652 finished with value: 0.7137332873186996 and parameters: {'layers': 8, 'max_depth': 2, 'resampling_rate': 1.7197930877310696, 'et': 0.466023868256394}. Best is trial 158 with value: 0.7116248725335422.
[I 2024-11-01 04:01:51,115] Trial 653 finished with value: 0.7134380763756537 and parameters: {'layers': 15, 'max_depth': 2, 'resampling_rate': 1.7431191653964544, 'et': 0.595401407475131}. Best is trial 158 with value: 0.7116248725335422.
[I 2024-11-01 04:02:11,921] Trial 654 finished with value: 0.7139526874042882 and parameters: {'layers': 9, 'max_depth': 2, 'resampling_rate': 1.725473267218883, 'et': 0.4261926947057512}. Best is trial 158 with value: 0.7116248725335422.
[I 2024-11-01 04:02:32,712] Trial 655 finished with value: 0.7131831026273732 and parameters: {'layers': 14, 'max_depth': 2, 'resampling_rate': 1.699731954445476, 'et': 0.44834901396242904}. Best is trial 158 with value: 0.7116248725335422.
[I 2024-11-01 04:02:44,814] Trial 656 finished with value: 0.8809563333612124 and parameters: {'layers': 15, 'max_depth': 1, 'resampling_rate': 1.7780315527810486, 'et': 0.5265648204080242}. Best is trial 158 with value: 0.7116248725335422.
[I 2024-11-01 04:03:05,634] Trial 657 finished with value: 0.7132546773851693 and parameters: {'layers': 15, 'max_depth': 2, 'resampling_rate': 1.7374459916923755, 'et': 0.5468978004375613}. Best is trial 158 with value: 0.7116248725335422.
[I 2024-11-01 04:03:26,396] Trial 658 finished with value: 0.7135215078417044 and parameters: {'layers': 14, 'max_depth': 2, 'resampling_rate': 1.716326935828636, 'et': 0.5134390362496533}. Best is trial 158 with value: 0.7116248725335422.
[I 2024-11-01 04:03:47,213] Trial 659 finished with value: 0.7132705496681896 and parameters: {'layers': 15, 'max_depth': 2, 'resampling_rate': 1.7519206600507164, 'et': 0.4925741908216219}. Best is trial 158 with value: 0.7116248725335422.
[I 2024-11-01 04:04:07,645] Trial 660 finished with value: 0.7130919852657013 and parameters: {'layers': 10, 'max_depth': 2, 'resampling_rate': 1.628036983635861, 'et': 0.569038515801434}. Best is trial 158 with value: 0.7116248725335422.
[I 2024-11-01 04:04:28,466] Trial 661 finished with value: 0.7126191513167727 and parameters: {'layers': 15, 'max_depth': 2, 'resampling_rate': 1.6908766393856105, 'et': 0.32676943054843016}. Best is trial 158 with value: 0.7116248725335422.
[I 2024-11-01 04:04:49,435] Trial 662 finished with value: 0.7122761622318107 and parameters: {'layers': 13, 'max_depth': 2, 'resampling_rate': 1.764347351504089, 'et': 0.47726465464810397}. Best is trial 158 with value: 0.7116248725335422.
[I 2024-11-01 04:05:10,462] Trial 663 finished with value: 0.7138466145227992 and parameters: {'layers': 13, 'max_depth': 2, 'resampling_rate': 1.7774940048627443, 'et': 0.48137749685155146}. Best is trial 158 with value: 0.7116248725335422.
[I 2024-11-01 04:05:31,409] Trial 664 finished with value: 0.71308788364184 and parameters: {'layers': 13, 'max_depth': 2, 'resampling_rate': 1.7880252756282837, 'et': 0.45770215494242117}. Best is trial 158 with value: 0.7116248725335422.
[I 2024-11-01 04:05:52,301] Trial 665 finished with value: 0.7132330928522097 and parameters: {'layers': 13, 'max_depth': 2, 'resampling_rate': 1.765618908888475, 'et': 0.44677820056529394}. Best is trial 158 with value: 0.7116248725335422.
[I 2024-11-01 04:06:13,166] Trial 666 finished with value: 0.7132663803685538 and parameters: {'layers': 13, 'max_depth': 2, 'resampling_rate': 1.7586311324437864, 'et': 0.6346439269251197}. Best is trial 158 with value: 0.7116248725335422.
[I 2024-11-01 04:06:34,276] Trial 667 finished with value: 0.7129343409787351 and parameters: {'layers': 13, 'max_depth': 2, 'resampling_rate': 1.7718946985357051, 'et': 0.3617144879725182}. Best is trial 158 with value: 0.7116248725335422.
[I 2024-11-01 04:06:55,168] Trial 668 finished with value: 0.7129984859245472 and parameters: {'layers': 13, 'max_depth': 2, 'resampling_rate': 1.7840469812954138, 'et': 0.472821415648598}. Best is trial 158 with value: 0.7116248725335422.
[I 2024-11-01 04:07:15,899] Trial 669 finished with value: 0.7140490137127173 and parameters: {'layers': 13, 'max_depth': 2, 'resampling_rate': 1.7509593894687003, 'et': 0.597086634548931}. Best is trial 158 with value: 0.7116248725335422.
[I 2024-11-01 04:07:36,663] Trial 670 finished with value: 0.7130728340029048 and parameters: {'layers': 13, 'max_depth': 2, 'resampling_rate': 1.7672109958117526, 'et': 0.6744516225503928}. Best is trial 158 with value: 0.7116248725335422.
[I 2024-11-01 04:07:57,652] Trial 671 finished with value: 0.7139758242021367 and parameters: {'layers': 13, 'max_depth': 2, 'resampling_rate': 1.7986655474243, 'et': 0.4344164387851717}. Best is trial 158 with value: 0.7116248725335422.
[I 2024-11-01 04:08:18,585] Trial 672 finished with value: 0.7136775215456116 and parameters: {'layers': 13, 'max_depth': 2, 'resampling_rate': 1.7420669012288268, 'et': 0.5828999239752332}. Best is trial 158 with value: 0.7116248725335422.
[I 2024-11-01 04:08:39,685] Trial 673 finished with value: 0.7127723064538403 and parameters: {'layers': 14, 'max_depth': 2, 'resampling_rate': 1.760491627696852, 'et': 0.41016354352451245}. Best is trial 158 with value: 0.7116248725335422.
[I 2024-11-01 04:09:00,442] Trial 674 finished with value: 0.7131985279950999 and parameters: {'layers': 14, 'max_depth': 2, 'resampling_rate': 1.6107130154678961, 'et': 0.3211350028180548}. Best is trial 158 with value: 0.7116248725335422.
[I 2024-11-01 04:09:21,256] Trial 675 finished with value: 0.7133052923688524 and parameters: {'layers': 15, 'max_depth': 2, 'resampling_rate': 1.773296325030592, 'et': 0.5481612413948013}. Best is trial 158 with value: 0.7116248725335422.
[I 2024-11-01 04:09:24,680] Trial 676 finished with value: 1000000000.0 and parameters: {'layers': 14, 'max_depth': 2, 'resampling_rate': 1.3302203777548693, 'et': 0.6072883428652065}. Best is trial 158 with value: 0.7116248725335422.
[I 2024-11-01 04:09:45,532] Trial 677 finished with value: 0.7134620595568467 and parameters: {'layers': 15, 'max_depth': 2, 'resampling_rate': 1.735716723651857, 'et': 0.4814860502455343}. Best is trial 158 with value: 0.7116248725335422.
[I 2024-11-01 04:10:06,143] Trial 678 finished with value: 0.7132390278554875 and parameters: {'layers': 14, 'max_depth': 2, 'resampling_rate': 1.6387642027214062, 'et': 0.5124658583022643}. Best is trial 158 with value: 0.7116248725335422.
[I 2024-11-01 04:10:27,000] Trial 679 finished with value: 0.7138978716152792 and parameters: {'layers': 15, 'max_depth': 2, 'resampling_rate': 1.750047959614279, 'et': 0.5370991737410303}. Best is trial 158 with value: 0.7116248725335422.
[I 2024-11-01 04:10:47,931] Trial 680 finished with value: 0.7117497991960002 and parameters: {'layers': 13, 'max_depth': 2, 'resampling_rate': 1.730128811109644, 'et': 0.3063593764921416}. Best is trial 158 with value: 0.7116248725335422.
[I 2024-11-01 04:11:08,661] Trial 681 finished with value: 0.7124731000862035 and parameters: {'layers': 13, 'max_depth': 2, 'resampling_rate': 1.5503567221842474, 'et': 0.28107597300898285}. Best is trial 158 with value: 0.7116248725335422.
[I 2024-11-01 04:11:29,110] Trial 682 finished with value: 0.7134369543497066 and parameters: {'layers': 13, 'max_depth': 2, 'resampling_rate': 1.5863784790286979, 'et': 0.46905184680692724}. Best is trial 158 with value: 0.7116248725335422.
[I 2024-11-01 04:11:49,865] Trial 683 finished with value: 0.7134234176886968 and parameters: {'layers': 13, 'max_depth': 2, 'resampling_rate': 1.7079129381457376, 'et': 0.49560596605003693}. Best is trial 158 with value: 0.7116248725335422.
[I 2024-11-01 04:12:10,680] Trial 684 finished with value: 0.7136112565475162 and parameters: {'layers': 13, 'max_depth': 2, 'resampling_rate': 1.7288426228703138, 'et': 0.6393946064873124}. Best is trial 158 with value: 0.7116248725335422.
[I 2024-11-01 04:12:31,742] Trial 685 finished with value: 0.7131459300960316 and parameters: {'layers': 13, 'max_depth': 2, 'resampling_rate': 1.6916471734677145, 'et': 0.261607727115228}. Best is trial 158 with value: 0.7116248725335422.
[I 2024-11-01 04:12:52,670] Trial 686 finished with value: 0.7135902992916959 and parameters: {'layers': 13, 'max_depth': 2, 'resampling_rate': 1.7228381072316623, 'et': 0.30112368028671666}. Best is trial 158 with value: 0.7116248725335422.
[I 2024-11-01 04:13:13,118] Trial 687 finished with value: 0.7129646449740242 and parameters: {'layers': 13, 'max_depth': 2, 'resampling_rate': 1.6239433904052112, 'et': 0.5728607529708094}. Best is trial 158 with value: 0.7116248725335422.
[I 2024-11-01 04:13:33,886] Trial 688 finished with value: 0.713025391292879 and parameters: {'layers': 13, 'max_depth': 2, 'resampling_rate': 1.7076595064433713, 'et': 0.6160786856790543}. Best is trial 158 with value: 0.7116248725335422.
[I 2024-11-01 04:13:54,571] Trial 689 finished with value: 0.7134294318422376 and parameters: {'layers': 13, 'max_depth': 2, 'resampling_rate': 1.6798374410563757, 'et': 0.5334719938064492}. Best is trial 158 with value: 0.7116248725335422.
[I 2024-11-01 04:14:15,351] Trial 690 finished with value: 0.712661651957049 and parameters: {'layers': 12, 'max_depth': 2, 'resampling_rate': 1.731977108138432, 'et': 0.46232409644331346}. Best is trial 158 with value: 0.7116248725335422.
[I 2024-11-01 04:14:36,031] Trial 691 finished with value: 0.71340719564886 and parameters: {'layers': 13, 'max_depth': 2, 'resampling_rate': 1.7154189888531173, 'et': 0.5537137419104824}. Best is trial 158 with value: 0.7116248725335422.
[I 2024-11-01 04:14:47,947] Trial 692 finished with value: 0.8792957993538693 and parameters: {'layers': 12, 'max_depth': 1, 'resampling_rate': 1.647353056820542, 'et': 0.5061542823370484}. Best is trial 158 with value: 0.7116248725335422.
[I 2024-11-01 04:15:09,031] Trial 693 finished with value: 0.7129762503005305 and parameters: {'layers': 14, 'max_depth': 2, 'resampling_rate': 1.7353541367622443, 'et': 0.30724690154872725}. Best is trial 158 with value: 0.7116248725335422.
[I 2024-11-01 04:15:29,838] Trial 694 finished with value: 0.7134550566543084 and parameters: {'layers': 15, 'max_depth': 2, 'resampling_rate': 1.7004913663693195, 'et': 0.5184696856191364}. Best is trial 158 with value: 0.7116248725335422.
[I 2024-11-01 04:15:50,553] Trial 695 finished with value: 0.7140302592022522 and parameters: {'layers': 13, 'max_depth': 2, 'resampling_rate': 1.685430436435289, 'et': 0.43792608194306815}. Best is trial 158 with value: 0.7116248725335422.
[I 2024-11-01 04:16:11,539] Trial 696 finished with value: 0.7127435743839068 and parameters: {'layers': 15, 'max_depth': 2, 'resampling_rate': 1.78646450694544, 'et': 0.3845183448047988}. Best is trial 158 with value: 0.7116248725335422.
[I 2024-11-01 04:16:14,963] Trial 697 finished with value: 1000000000.0 and parameters: {'layers': 14, 'max_depth': 2, 'resampling_rate': 1.1645811646351487, 'et': 0.34100421572895917}. Best is trial 158 with value: 0.7116248725335422.
[I 2024-11-01 04:16:35,822] Trial 698 finished with value: 0.7136622474917412 and parameters: {'layers': 15, 'max_depth': 2, 'resampling_rate': 1.7210829499190252, 'et': 0.48259844026877174}. Best is trial 158 with value: 0.7116248725335422.
[I 2024-11-01 04:16:56,645] Trial 699 finished with value: 0.7130971566007281 and parameters: {'layers': 13, 'max_depth': 2, 'resampling_rate': 1.7459968401095747, 'et': 0.5873592419073699}. Best is trial 158 with value: 0.7116248725335422.
[I 2024-11-01 04:17:17,316] Trial 700 finished with value: 0.7126768513707552 and parameters: {'layers': 15, 'max_depth': 2, 'resampling_rate': 1.6697727305182708, 'et': 0.5565248167876903}. Best is trial 158 with value: 0.7116248725335422.
[I 2024-11-01 04:17:20,744] Trial 701 finished with value: 1000000000.0 and parameters: {'layers': 14, 'max_depth': 2, 'resampling_rate': 1.6027495602458632, 'et': 0.649201638349992}. Best is trial 158 with value: 0.7116248725335422.
[I 2024-11-01 04:17:24,175] Trial 702 finished with value: 1000000000.0 and parameters: {'layers': 15, 'max_depth': 2, 'resampling_rate': 1.5001082600554743, 'et': 0.5287459757699523}. Best is trial 158 with value: 0.7116248725335422.
[I 2024-11-01 04:17:44,994] Trial 703 finished with value: 0.7134516049318639 and parameters: {'layers': 14, 'max_depth': 2, 'resampling_rate': 1.7607657192706447, 'et': 0.4964789148823369}. Best is trial 158 with value: 0.7116248725335422.
[I 2024-11-01 04:18:05,949] Trial 704 finished with value: 0.7145666193237696 and parameters: {'layers': 15, 'max_depth': 2, 'resampling_rate': 1.7028546431211655, 'et': 0.27767724022235135}. Best is trial 158 with value: 0.7116248725335422.
[I 2024-11-01 04:18:26,659] Trial 705 finished with value: 0.7119665525187043 and parameters: {'layers': 13, 'max_depth': 2, 'resampling_rate': 1.7313698945711762, 'et': 0.6267888799846548}. Best is trial 158 with value: 0.7116248725335422.
[I 2024-11-01 04:18:30,099] Trial 706 finished with value: 1000000000.0 and parameters: {'layers': 13, 'max_depth': 2, 'resampling_rate': 1.526945273423872, 'et': 0.6300431504750157}. Best is trial 158 with value: 0.7116248725335422.
[I 2024-11-01 04:18:50,899] Trial 707 finished with value: 0.7126613883956173 and parameters: {'layers': 13, 'max_depth': 2, 'resampling_rate': 1.7433073258475427, 'et': 0.6656487648583774}. Best is trial 158 with value: 0.7116248725335422.
[I 2024-11-01 04:19:11,850] Trial 708 finished with value: 0.7124201975428736 and parameters: {'layers': 13, 'max_depth': 2, 'resampling_rate': 1.7650596919599923, 'et': 0.6280479763098433}. Best is trial 158 with value: 0.7116248725335422.
[I 2024-11-01 04:19:32,514] Trial 709 finished with value: 0.7131658758457072 and parameters: {'layers': 13, 'max_depth': 2, 'resampling_rate': 1.7317415061195311, 'et': 0.6243816256527671}. Best is trial 158 with value: 0.7116248725335422.
[I 2024-11-01 04:19:53,402] Trial 710 finished with value: 0.7131734543768066 and parameters: {'layers': 13, 'max_depth': 2, 'resampling_rate': 1.7998665789975272, 'et': 0.6138779536574943}. Best is trial 158 with value: 0.7116248725335422.
[I 2024-11-01 04:20:14,127] Trial 711 finished with value: 0.7132337242010663 and parameters: {'layers': 13, 'max_depth': 2, 'resampling_rate': 1.7492194750183698, 'et': 0.6535969725298119}. Best is trial 158 with value: 0.7116248725335422.
[I 2024-11-01 04:20:34,915] Trial 712 finished with value: 0.7130672504650729 and parameters: {'layers': 13, 'max_depth': 2, 'resampling_rate': 1.72752437498493, 'et': 0.602252548588895}. Best is trial 158 with value: 0.7116248725335422.
[I 2024-11-01 04:20:55,720] Trial 713 finished with value: 0.7140877151094251 and parameters: {'layers': 12, 'max_depth': 2, 'resampling_rate': 1.776882051280398, 'et': 0.5909454775267527}. Best is trial 158 with value: 0.7116248725335422.
[I 2024-11-01 04:21:16,509] Trial 714 finished with value: 0.7129042720231024 and parameters: {'layers': 13, 'max_depth': 2, 'resampling_rate': 1.753363618465144, 'et': 0.6471509738567839}. Best is trial 158 with value: 0.7116248725335422.
[I 2024-11-01 04:21:19,936] Trial 715 finished with value: 1000000000.0 and parameters: {'layers': 13, 'max_depth': 2, 'resampling_rate': 1.6223869172556484, 'et': 0.6227804961943196}. Best is trial 158 with value: 0.7116248725335422.
[I 2024-11-01 04:21:40,428] Trial 716 finished with value: 0.7133636914750977 and parameters: {'layers': 13, 'max_depth': 2, 'resampling_rate': 1.6357658216139002, 'et': 0.5661408701064665}. Best is trial 158 with value: 0.7116248725335422.
[I 2024-11-01 04:21:43,858] Trial 717 finished with value: 1000000000.0 and parameters: {'layers': 14, 'max_depth': 2, 'resampling_rate': 1.2004150426781126, 'et': 0.6941097678252586}. Best is trial 158 with value: 0.7116248725335422.
[I 2024-11-01 04:22:04,582] Trial 718 finished with value: 0.7141728251508505 and parameters: {'layers': 13, 'max_depth': 2, 'resampling_rate': 1.736849760600351, 'et': 0.6049866180879431}. Best is trial 158 with value: 0.7116248725335422.
[I 2024-11-01 04:22:25,479] Trial 719 finished with value: 0.7133584114599146 and parameters: {'layers': 13, 'max_depth': 2, 'resampling_rate': 1.7637570084362777, 'et': 0.5813324557434529}. Best is trial 158 with value: 0.7116248725335422.
[I 2024-11-01 04:22:46,315] Trial 720 finished with value: 0.7132743316612794 and parameters: {'layers': 12, 'max_depth': 2, 'resampling_rate': 1.720615467835635, 'et': 0.6803321255018939}. Best is trial 158 with value: 0.7116248725335422.
[I 2024-11-01 04:23:07,175] Trial 721 finished with value: 0.7128105892142065 and parameters: {'layers': 14, 'max_depth': 2, 'resampling_rate': 1.781625277298397, 'et': 0.6394799223929607}. Best is trial 158 with value: 0.7116248725335422.
[I 2024-11-01 04:23:27,996] Trial 722 finished with value: 0.713206360211276 and parameters: {'layers': 14, 'max_depth': 2, 'resampling_rate': 1.744813036575517, 'et': 0.4515695455101084}. Best is trial 158 with value: 0.7116248725335422.
[I 2024-11-01 04:23:48,664] Trial 723 finished with value: 0.7136281095678584 and parameters: {'layers': 13, 'max_depth': 2, 'resampling_rate': 1.65205936602592, 'et': 0.5149461726334266}. Best is trial 158 with value: 0.7116248725335422.
[I 2024-11-01 04:24:09,539] Trial 724 finished with value: 0.7138048340920142 and parameters: {'layers': 13, 'max_depth': 2, 'resampling_rate': 1.7160430619399785, 'et': 0.5374409138670865}. Best is trial 158 with value: 0.7116248725335422.
[I 2024-11-01 04:24:12,981] Trial 725 finished with value: 1000000000.0 and parameters: {'layers': 14, 'max_depth': 2, 'resampling_rate': 1.2636009567271507, 'et': 0.4985613988578695}. Best is trial 158 with value: 0.7116248725335422.
[I 2024-11-01 04:24:33,763] Trial 726 finished with value: 0.7124131176692856 and parameters: {'layers': 14, 'max_depth': 2, 'resampling_rate': 1.7320210905433089, 'et': 0.47406056014994513}. Best is trial 158 with value: 0.7116248725335422.
[I 2024-11-01 04:24:54,550] Trial 727 finished with value: 0.7134701182754766 and parameters: {'layers': 13, 'max_depth': 2, 'resampling_rate': 1.7669922082093206, 'et': 0.6112704540618666}. Best is trial 158 with value: 0.7116248725335422.
[I 2024-11-01 04:25:15,201] Trial 728 finished with value: 0.7143018441897121 and parameters: {'layers': 14, 'max_depth': 2, 'resampling_rate': 1.7121405443537192, 'et': 0.661358006310306}. Best is trial 158 with value: 0.7116248725335422.
[I 2024-11-01 04:25:35,994] Trial 729 finished with value: 0.71391733566076 and parameters: {'layers': 13, 'max_depth': 2, 'resampling_rate': 1.7408981312390677, 'et': 0.579497731508896}. Best is trial 158 with value: 0.7116248725335422.
[I 2024-11-01 04:25:57,061] Trial 730 finished with value: 0.7121429807356175 and parameters: {'layers': 14, 'max_depth': 2, 'resampling_rate': 1.7866329229674491, 'et': 0.41394922523128996}. Best is trial 158 with value: 0.7116248725335422.
[I 2024-11-01 04:26:18,138] Trial 731 finished with value: 0.7131949431065564 and parameters: {'layers': 15, 'max_depth': 2, 'resampling_rate': 1.7879375889560662, 'et': 0.39625145498473274}. Best is trial 158 with value: 0.7116248725335422.
[I 2024-11-01 04:26:30,291] Trial 732 finished with value: 0.8785499626238974 and parameters: {'layers': 15, 'max_depth': 1, 'resampling_rate': 1.776155654313531, 'et': 0.39889366328431464}. Best is trial 158 with value: 0.7116248725335422.
