[I 2024-11-01 00:24:12,221] Trial 822 finished with value: 3572.3434920147934 and parameters: {'layers': 12, 'max_depth': 2, 'resampling_rate': 1.1997022882169561, 'et': 0.06386496536563147}. Best is trial 109 with value: 3508.6982963730675.
[I 2024-11-01 00:24:15,427] Trial 823 finished with value: 3531.567600898017 and parameters: {'layers': 14, 'max_depth': 2, 'resampling_rate': 1.6568280966470907, 'et': 0.17792448055196772}. Best is trial 109 with value: 3508.6982963730675.
[I 2024-11-01 00:24:18,624] Trial 824 finished with value: 3555.4241399789994 and parameters: {'layers': 6, 'max_depth': 2, 'resampling_rate': 1.6360337312675228, 'et': 0.2456026984132773}. Best is trial 109 with value: 3508.6982963730675.
[I 2024-11-01 00:24:21,881] Trial 825 finished with value: 3528.9269738087437 and parameters: {'layers': 15, 'max_depth': 2, 'resampling_rate': 1.6291361860434208, 'et': 0.15129059523926047}. Best is trial 109 with value: 3508.6982963730675.
[I 2024-11-01 00:24:25,094] Trial 826 finished with value: 3545.895865196738 and parameters: {'layers': 14, 'max_depth': 2, 'resampling_rate': 1.6105183028164016, 'et': 0.2597314269902838}. Best is trial 109 with value: 3508.6982963730675.
[I 2024-11-01 00:24:28,308] Trial 827 finished with value: 3574.2426009803435 and parameters: {'layers': 5, 'max_depth': 2, 'resampling_rate': 1.4337274741758412, 'et': 0.017696013049772516}. Best is trial 109 with value: 3508.6982963730675.
[I 2024-11-01 00:24:31,506] Trial 828 finished with value: 3554.548308331741 and parameters: {'layers': 6, 'max_depth': 2, 'resampling_rate': 1.5550640640428242, 'et': 0.2298956684017424}. Best is trial 109 with value: 3508.6982963730675.
[I 2024-11-01 00:24:34,715] Trial 829 finished with value: 3526.203663222723 and parameters: {'layers': 13, 'max_depth': 2, 'resampling_rate': 1.7700917224417325, 'et': 0.1658449935992991}. Best is trial 109 with value: 3508.6982963730675.
[I 2024-11-01 00:24:37,968] Trial 830 finished with value: 3537.5883530483566 and parameters: {'layers': 5, 'max_depth': 2, 'resampling_rate': 1.596395241487068, 'et': 0.2862555369345405}. Best is trial 109 with value: 3508.6982963730675.
[I 2024-11-01 00:24:41,170] Trial 831 finished with value: 3543.9575620798473 and parameters: {'layers': 5, 'max_depth': 2, 'resampling_rate': 1.441299891666481, 'et': 0.2182651901590877}. Best is trial 109 with value: 3508.6982963730675.
[I 2024-11-01 00:24:44,335] Trial 832 finished with value: 3534.887544332703 and parameters: {'layers': 12, 'max_depth': 2, 'resampling_rate': 1.784770633989978, 'et': 0.6077371535897756}. Best is trial 109 with value: 3508.6982963730675.
[I 2024-11-01 00:24:47,667] Trial 833 finished with value: 3555.832521519546 and parameters: {'layers': 14, 'max_depth': 2, 'resampling_rate': 1.2227489173738597, 'et': 0.17938100283237468}. Best is trial 109 with value: 3508.6982963730675.
[I 2024-11-01 00:24:50,881] Trial 834 finished with value: 3519.192985261481 and parameters: {'layers': 7, 'max_depth': 2, 'resampling_rate': 1.7674329208731248, 'et': 0.13584686794461406}. Best is trial 109 with value: 3508.6982963730675.
[I 2024-11-01 00:24:54,105] Trial 835 finished with value: 3540.015929993419 and parameters: {'layers': 7, 'max_depth': 2, 'resampling_rate': 1.7724287740436864, 'et': 0.12167956164262207}. Best is trial 109 with value: 3508.6982963730675.
[I 2024-11-01 00:24:57,279] Trial 836 finished with value: 3554.8996256040805 and parameters: {'layers': 7, 'max_depth': 2, 'resampling_rate': 1.760351848066166, 'et': 0.10251888551408901}. Best is trial 109 with value: 3508.6982963730675.
[I 2024-11-01 00:25:00,499] Trial 837 finished with value: 3525.153292355603 and parameters: {'layers': 7, 'max_depth': 2, 'resampling_rate': 1.786794360720626, 'et': 0.1333329954228194}. Best is trial 109 with value: 3508.6982963730675.
[I 2024-11-01 00:25:03,715] Trial 838 finished with value: 3550.3722893840973 and parameters: {'layers': 7, 'max_depth': 2, 'resampling_rate': 1.7726056984620966, 'et': 0.13931770203054095}. Best is trial 109 with value: 3508.6982963730675.
[I 2024-11-01 00:25:06,928] Trial 839 finished with value: 3540.698914833427 and parameters: {'layers': 7, 'max_depth': 2, 'resampling_rate': 1.7878457207992253, 'et': 0.4241032301245236}. Best is trial 109 with value: 3508.6982963730675.
[I 2024-11-01 00:25:10,134] Trial 840 finished with value: 3561.007164491804 and parameters: {'layers': 7, 'max_depth': 2, 'resampling_rate': 1.7581843663055416, 'et': 0.14700147921310683}. Best is trial 109 with value: 3508.6982963730675.
[I 2024-11-01 00:25:13,346] Trial 841 finished with value: 3542.1905385229825 and parameters: {'layers': 8, 'max_depth': 2, 'resampling_rate': 1.7989728280985329, 'et': 0.12282664594831165}. Best is trial 109 with value: 3508.6982963730675.
[I 2024-11-01 00:25:16,550] Trial 842 finished with value: 3537.752147401059 and parameters: {'layers': 8, 'max_depth': 2, 'resampling_rate': 1.7684763226637839, 'et': 0.10146607668388823}. Best is trial 109 with value: 3508.6982963730675.
[I 2024-11-01 00:25:19,766] Trial 843 finished with value: 3563.946067297859 and parameters: {'layers': 6, 'max_depth': 2, 'resampling_rate': 1.7539478789605845, 'et': 0.16410734330876214}. Best is trial 109 with value: 3508.6982963730675.
[I 2024-11-01 00:25:22,988] Trial 844 finished with value: 3544.297497408022 and parameters: {'layers': 6, 'max_depth': 2, 'resampling_rate': 1.7756311767783046, 'et': 0.09311540510052752}. Best is trial 109 with value: 3508.6982963730675.
[I 2024-11-01 00:25:26,152] Trial 845 finished with value: 3522.3344802432016 and parameters: {'layers': 7, 'max_depth': 2, 'resampling_rate': 1.671082562074504, 'et': 0.1549969579805314}. Best is trial 109 with value: 3508.6982963730675.
[I 2024-11-01 00:25:29,173] Trial 846 finished with value: 3988.292938091176 and parameters: {'layers': 15, 'max_depth': 1, 'resampling_rate': 1.7478079642375501, 'et': 0.13679092206724788}. Best is trial 109 with value: 3508.6982963730675.
[I 2024-11-01 00:25:32,422] Trial 847 finished with value: 3534.9018280871665 and parameters: {'layers': 6, 'max_depth': 2, 'resampling_rate': 1.7593817699347594, 'et': 0.11673026390321077}. Best is trial 109 with value: 3508.6982963730675.
[I 2024-11-01 00:25:35,643] Trial 848 finished with value: 3551.9369588190907 and parameters: {'layers': 8, 'max_depth': 2, 'resampling_rate': 1.7768605968816598, 'et': 0.47875596802983605}. Best is trial 109 with value: 3508.6982963730675.
[I 2024-11-01 00:25:38,851] Trial 849 finished with value: 3523.1528549236773 and parameters: {'layers': 6, 'max_depth': 2, 'resampling_rate': 1.743146203423356, 'et': 0.15001669182025903}. Best is trial 109 with value: 3508.6982963730675.
[I 2024-11-01 00:25:42,069] Trial 850 finished with value: 3536.5298863483513 and parameters: {'layers': 13, 'max_depth': 2, 'resampling_rate': 1.784924163114481, 'et': 0.17299740063260602}. Best is trial 109 with value: 3508.6982963730675.
[I 2024-11-01 00:25:45,291] Trial 851 finished with value: 3529.365618514987 and parameters: {'layers': 14, 'max_depth': 2, 'resampling_rate': 1.4777816366929746, 'et': 0.03612921681968259}. Best is trial 109 with value: 3508.6982963730675.
[I 2024-11-01 00:25:48,498] Trial 852 finished with value: 3535.696948282035 and parameters: {'layers': 6, 'max_depth': 2, 'resampling_rate': 1.185908936308006, 'et': 0.06357606279616317}. Best is trial 109 with value: 3508.6982963730675.
[I 2024-11-01 00:25:51,772] Trial 853 finished with value: 3540.901054614996 and parameters: {'layers': 15, 'max_depth': 2, 'resampling_rate': 1.7623167695038469, 'et': 0.19151885101237506}. Best is trial 109 with value: 3508.6982963730675.
[I 2024-11-01 00:25:55,020] Trial 854 finished with value: 3558.3321806881904 and parameters: {'layers': 12, 'max_depth': 2, 'resampling_rate': 1.4148892146089982, 'et': 0.1611197562500658}. Best is trial 109 with value: 3508.6982963730675.
[I 2024-11-01 00:25:58,282] Trial 855 finished with value: 3539.3601294848377 and parameters: {'layers': 13, 'max_depth': 2, 'resampling_rate': 1.2127577358933508, 'et': 0.10688190023251841}. Best is trial 109 with value: 3508.6982963730675.
[I 2024-11-01 00:26:01,596] Trial 856 finished with value: 3540.5106310394367 and parameters: {'layers': 7, 'max_depth': 2, 'resampling_rate': 1.2394230733487677, 'et': 0.13278121754513061}. Best is trial 109 with value: 3508.6982963730675.
[I 2024-11-01 00:26:04,888] Trial 857 finished with value: 3546.656358262313 and parameters: {'layers': 5, 'max_depth': 2, 'resampling_rate': 1.769054956399496, 'et': 0.19735142379692294}. Best is trial 109 with value: 3508.6982963730675.
[I 2024-11-01 00:26:08,093] Trial 858 finished with value: 3557.983825084917 and parameters: {'layers': 12, 'max_depth': 2, 'resampling_rate': 1.4615684418107575, 'et': 0.1741729639162007}. Best is trial 109 with value: 3508.6982963730675.
[I 2024-11-01 00:26:11,307] Trial 859 finished with value: 3528.5576671243057 and parameters: {'layers': 7, 'max_depth': 2, 'resampling_rate': 1.74645529294396, 'et': 0.18912891085634265}. Best is trial 109 with value: 3508.6982963730675.
[I 2024-11-01 00:26:14,522] Trial 860 finished with value: 3534.62213266992 and parameters: {'layers': 6, 'max_depth': 2, 'resampling_rate': 1.7599756268495608, 'et': 0.078399290030077}. Best is trial 109 with value: 3508.6982963730675.
[I 2024-11-01 00:26:17,734] Trial 861 finished with value: 3544.766356447936 and parameters: {'layers': 5, 'max_depth': 2, 'resampling_rate': 1.3646850267076742, 'et': 0.14923944182576396}. Best is trial 109 with value: 3508.6982963730675.
[I 2024-11-01 00:26:20,908] Trial 862 finished with value: 3563.0824610629575 and parameters: {'layers': 8, 'max_depth': 2, 'resampling_rate': 1.7860612284625896, 'et': 0.20472744026392217}. Best is trial 109 with value: 3508.6982963730675.
[I 2024-11-01 00:26:24,124] Trial 863 finished with value: 3531.894330440917 and parameters: {'layers': 14, 'max_depth': 2, 'resampling_rate': 1.740913623757544, 'et': 0.12753478446006367}. Best is trial 109 with value: 3508.6982963730675.
[I 2024-11-01 00:26:27,368] Trial 864 finished with value: 3539.2788666753618 and parameters: {'layers': 5, 'max_depth': 2, 'resampling_rate': 1.2268852397820524, 'et': 0.027373356291020005}. Best is trial 109 with value: 3508.6982963730675.
[I 2024-11-01 00:26:30,574] Trial 865 finished with value: 3561.5777119185677 and parameters: {'layers': 13, 'max_depth': 2, 'resampling_rate': 1.202366101039834, 'et': 0.1771630930949411}. Best is trial 109 with value: 3508.6982963730675.
[I 2024-11-01 00:26:33,785] Trial 866 finished with value: 3518.2414613834335 and parameters: {'layers': 5, 'max_depth': 2, 'resampling_rate': 1.770067758574441, 'et': 0.15625531751483115}. Best is trial 109 with value: 3508.6982963730675.
[I 2024-11-01 00:26:37,025] Trial 867 finished with value: 3557.78757600531 and parameters: {'layers': 5, 'max_depth': 2, 'resampling_rate': 1.775082711961454, 'et': 0.1497743785093951}. Best is trial 109 with value: 3508.6982963730675.
[I 2024-11-01 00:26:40,337] Trial 868 finished with value: 3544.1049076533855 and parameters: {'layers': 6, 'max_depth': 2, 'resampling_rate': 1.7981362475069753, 'et': 0.13994982177329107}. Best is trial 109 with value: 3508.6982963730675.
[I 2024-11-01 00:26:43,534] Trial 869 finished with value: 3546.423113859631 and parameters: {'layers': 5, 'max_depth': 2, 'resampling_rate': 1.7657484977225975, 'et': 0.15880101106932257}. Best is trial 109 with value: 3508.6982963730675.
[I 2024-11-01 00:26:46,728] Trial 870 finished with value: 3575.8912242595743 and parameters: {'layers': 5, 'max_depth': 2, 'resampling_rate': 1.7879072677656653, 'et': 0.11904220055703872}. Best is trial 109 with value: 3508.6982963730675.
[I 2024-11-01 00:26:49,928] Trial 871 finished with value: 3523.637073391197 and parameters: {'layers': 5, 'max_depth': 2, 'resampling_rate': 1.753219846765423, 'et': 0.1638272937009986}. Best is trial 109 with value: 3508.6982963730675.
[I 2024-11-01 00:26:53,118] Trial 872 finished with value: 3527.8835630390045 and parameters: {'layers': 15, 'max_depth': 2, 'resampling_rate': 1.7716127365031307, 'et': 0.1372345971352823}. Best is trial 109 with value: 3508.6982963730675.
[I 2024-11-01 00:26:56,358] Trial 873 finished with value: 3546.3643981649293 and parameters: {'layers': 6, 'max_depth': 2, 'resampling_rate': 1.778490432715434, 'et': 0.17475094789151388}. Best is trial 109 with value: 3508.6982963730675.
[I 2024-11-01 00:26:59,615] Trial 874 finished with value: 3543.7369466449236 and parameters: {'layers': 5, 'max_depth': 2, 'resampling_rate': 1.7543701871901178, 'et': 0.14855845445170784}. Best is trial 109 with value: 3508.6982963730675.
[I 2024-11-01 00:27:02,822] Trial 875 finished with value: 3553.856781503447 and parameters: {'layers': 14, 'max_depth': 2, 'resampling_rate': 1.7367045786764228, 'et': 0.12538624249769914}. Best is trial 109 with value: 3508.6982963730675.
[I 2024-11-01 00:27:06,014] Trial 876 finished with value: 3567.4832289262426 and parameters: {'layers': 5, 'max_depth': 2, 'resampling_rate': 1.7668565356044763, 'et': 0.16677703947956676}. Best is trial 109 with value: 3508.6982963730675.
[I 2024-11-01 00:27:09,201] Trial 877 finished with value: 3546.4170871878855 and parameters: {'layers': 5, 'max_depth': 2, 'resampling_rate': 1.79904475348184, 'et': 0.10280150484003224}. Best is trial 109 with value: 3508.6982963730675.
[I 2024-11-01 00:27:12,449] Trial 878 finished with value: 3542.9417880052933 and parameters: {'layers': 7, 'max_depth': 2, 'resampling_rate': 1.782213901274385, 'et': 0.18840996591272977}. Best is trial 109 with value: 3508.6982963730675.
[I 2024-11-01 00:27:15,642] Trial 879 finished with value: 3551.350153150271 and parameters: {'layers': 5, 'max_depth': 2, 'resampling_rate': 1.7516575350106676, 'et': 0.15452326855718246}. Best is trial 109 with value: 3508.6982963730675.
[I 2024-11-01 00:27:18,828] Trial 880 finished with value: 3540.7153002355994 and parameters: {'layers': 5, 'max_depth': 2, 'resampling_rate': 1.6643644418026906, 'et': 0.11193460090749818}. Best is trial 109 with value: 3508.6982963730675.
[I 2024-11-01 00:27:22,101] Trial 881 finished with value: 3542.912564965416 and parameters: {'layers': 13, 'max_depth': 2, 'resampling_rate': 1.7342849632367978, 'et': 0.1802649399981716}. Best is trial 109 with value: 3508.6982963730675.
[I 2024-11-01 00:27:25,305] Trial 882 finished with value: 3530.912333762352 and parameters: {'layers': 6, 'max_depth': 2, 'resampling_rate': 1.764412150393102, 'et': 0.08657281807504344}. Best is trial 109 with value: 3508.6982963730675.
[I 2024-11-01 00:27:28,491] Trial 883 finished with value: 3549.076937493615 and parameters: {'layers': 5, 'max_depth': 2, 'resampling_rate': 1.7471194173028406, 'et': 0.5848950308945716}. Best is trial 109 with value: 3508.6982963730675.
[I 2024-11-01 00:27:31,486] Trial 884 finished with value: 3970.9819129185526 and parameters: {'layers': 12, 'max_depth': 1, 'resampling_rate': 1.7783175974386662, 'et': 0.13903298786440713}. Best is trial 109 with value: 3508.6982963730675.
[I 2024-11-01 00:27:34,771] Trial 885 finished with value: 3561.553213578385 and parameters: {'layers': 5, 'max_depth': 2, 'resampling_rate': 1.7583614724078853, 'et': 0.1946957215544924}. Best is trial 109 with value: 3508.6982963730675.
[I 2024-11-01 00:27:38,175] Trial 886 finished with value: 3535.177575739466 and parameters: {'layers': 8, 'max_depth': 2, 'resampling_rate': 1.7397177863124893, 'et': 0.16118333782586033}. Best is trial 109 with value: 3508.6982963730675.
[I 2024-11-01 00:27:41,375] Trial 887 finished with value: 3561.4220300290112 and parameters: {'layers': 6, 'max_depth': 2, 'resampling_rate': 1.3877712241633093, 'et': 0.17575634327488868}. Best is trial 109 with value: 3508.6982963730675.
[I 2024-11-01 00:27:44,703] Trial 888 finished with value: 3546.4498581682037 and parameters: {'layers': 5, 'max_depth': 2, 'resampling_rate': 1.7867955180301256, 'et': 0.13516076726342535}. Best is trial 109 with value: 3508.6982963730675.
[I 2024-11-01 00:27:47,948] Trial 889 finished with value: 3557.3773437407176 and parameters: {'layers': 15, 'max_depth': 2, 'resampling_rate': 1.6816828706947289, 'et': 0.6094526658199023}. Best is trial 109 with value: 3508.6982963730675.
[I 2024-11-01 00:27:48,463] Trial 890 finished with value: 1000000000.0 and parameters: {'layers': 5, 'max_depth': 2, 'resampling_rate': 1.1396289276429867, 'et': 0.6347782909790303}. Best is trial 109 with value: 3508.6982963730675.
[I 2024-11-01 00:27:51,758] Trial 891 finished with value: 3549.0617926125374 and parameters: {'layers': 14, 'max_depth': 2, 'resampling_rate': 1.727231445927689, 'et': 0.20230136081208255}. Best is trial 109 with value: 3508.6982963730675.
[I 2024-11-01 00:27:54,964] Trial 892 finished with value: 3551.945274762431 and parameters: {'layers': 5, 'max_depth': 2, 'resampling_rate': 1.7689656661717685, 'et': 0.15911719999793048}. Best is trial 109 with value: 3508.6982963730675.
[I 2024-11-01 00:27:58,186] Trial 893 finished with value: 3555.650491885129 and parameters: {'layers': 5, 'max_depth': 2, 'resampling_rate': 1.751332997752862, 'et': 0.18534755350135315}. Best is trial 109 with value: 3508.6982963730675.
[I 2024-11-01 00:28:01,321] Trial 894 finished with value: 3546.7738216645266 and parameters: {'layers': 13, 'max_depth': 2, 'resampling_rate': 1.7106763049605826, 'et': 0.4483442934937426}. Best is trial 109 with value: 3508.6982963730675.
[I 2024-11-01 00:28:04,525] Trial 895 finished with value: 3545.578464434475 and parameters: {'layers': 5, 'max_depth': 2, 'resampling_rate': 1.654799193807175, 'et': 0.09563419128469901}. Best is trial 109 with value: 3508.6982963730675.
[I 2024-11-01 00:28:07,722] Trial 896 finished with value: 3554.31343364729 and parameters: {'layers': 5, 'max_depth': 2, 'resampling_rate': 1.4018303464669903, 'et': 0.11479670661242472}. Best is trial 109 with value: 3508.6982963730675.
[I 2024-11-01 00:28:10,913] Trial 897 finished with value: 3552.9222420725705 and parameters: {'layers': 6, 'max_depth': 2, 'resampling_rate': 1.693924575980876, 'et': 0.14459927363832503}. Best is trial 109 with value: 3508.6982963730675.
[I 2024-11-01 00:28:11,434] Trial 898 finished with value: 1000000000.0 and parameters: {'layers': 7, 'max_depth': 2, 'resampling_rate': 1.5017407072353672, 'et': 0.5326065629534629}. Best is trial 109 with value: 3508.6982963730675.
[I 2024-11-01 00:28:14,640] Trial 899 finished with value: 3556.6994408090977 and parameters: {'layers': 5, 'max_depth': 2, 'resampling_rate': 1.7308603284225188, 'et': 0.20788036118284153}. Best is trial 109 with value: 3508.6982963730675.
[I 2024-11-01 00:28:17,866] Trial 900 finished with value: 3551.6396281146094 and parameters: {'layers': 12, 'max_depth': 2, 'resampling_rate': 1.5269655218333589, 'et': 0.16388181080384695}. Best is trial 109 with value: 3508.6982963730675.
[I 2024-11-01 00:28:21,068] Trial 901 finished with value: 3542.6166468701194 and parameters: {'layers': 14, 'max_depth': 2, 'resampling_rate': 1.7651106984670581, 'et': 0.1820244840197246}. Best is trial 109 with value: 3508.6982963730675.
[I 2024-11-01 00:28:24,287] Trial 902 finished with value: 3546.9431621631707 and parameters: {'layers': 5, 'max_depth': 2, 'resampling_rate': 1.7793741421631988, 'et': 0.1263215194524874}. Best is trial 109 with value: 3508.6982963730675.
[I 2024-11-01 00:28:27,493] Trial 903 finished with value: 3523.265683958303 and parameters: {'layers': 6, 'max_depth': 2, 'resampling_rate': 1.7453746533963856, 'et': 0.0679865883941048}. Best is trial 109 with value: 3508.6982963730675.
[I 2024-11-01 00:28:28,018] Trial 904 finished with value: 1000000000.0 and parameters: {'layers': 5, 'max_depth': 2, 'resampling_rate': 1.4490135618925266, 'et': 0.6226046497952776}. Best is trial 109 with value: 3508.6982963730675.
[I 2024-11-01 00:28:31,229] Trial 905 finished with value: 3545.8903764854663 and parameters: {'layers': 5, 'max_depth': 2, 'resampling_rate': 1.7580174299599918, 'et': 0.21516563214436057}. Best is trial 109 with value: 3508.6982963730675.
[I 2024-11-01 00:28:34,409] Trial 906 finished with value: 3549.7616103703526 and parameters: {'layers': 13, 'max_depth': 2, 'resampling_rate': 1.7877946081464717, 'et': 0.01018792711747779}. Best is trial 109 with value: 3508.6982963730675.
[I 2024-11-01 00:28:37,598] Trial 907 finished with value: 3543.0647379653606 and parameters: {'layers': 5, 'max_depth': 2, 'resampling_rate': 1.7282845838497125, 'et': 0.1917968709358113}. Best is trial 109 with value: 3508.6982963730675.
[I 2024-11-01 00:28:40,823] Trial 908 finished with value: 3529.350653267608 and parameters: {'layers': 7, 'max_depth': 2, 'resampling_rate': 1.7713650783735848, 'et': 0.15543304882853853}. Best is trial 109 with value: 3508.6982963730675.
[I 2024-11-01 00:28:43,956] Trial 909 finished with value: 3572.1135448374694 and parameters: {'layers': 5, 'max_depth': 2, 'resampling_rate': 1.751854516745685, 'et': 0.38745803756635}. Best is trial 109 with value: 3508.6982963730675.
[I 2024-11-01 00:28:47,113] Trial 910 finished with value: 3527.819460961462 and parameters: {'layers': 6, 'max_depth': 2, 'resampling_rate': 1.7157049977470809, 'et': 0.20180867698876676}. Best is trial 109 with value: 3508.6982963730675.
[I 2024-11-01 00:28:50,274] Trial 911 finished with value: 3551.5976284831395 and parameters: {'layers': 15, 'max_depth': 2, 'resampling_rate': 1.6760008374407054, 'et': 0.5953893601817316}. Best is trial 109 with value: 3508.6982963730675.
[I 2024-11-01 00:28:53,408] Trial 912 finished with value: 3519.9840282328164 and parameters: {'layers': 5, 'max_depth': 2, 'resampling_rate': 1.646701419748162, 'et': 0.5656613796233667}. Best is trial 109 with value: 3508.6982963730675.
