[I 2024-11-01 06:00:50,764] Trial 99 finished with value: 10.35691569010668 and parameters: {'layers': 10, 'max_depth': 1, 'resampling_rate': 1.5523539884801925, 'et': 0.37034564174148105}. Best is trial 97 with value: 9.408473090273143.
[I 2024-11-01 06:00:57,653] Trial 100 finished with value: 9.464162852486696 and parameters: {'layers': 9, 'max_depth': 2, 'resampling_rate': 1.496328202396213, 'et': 0.1322511964038639}. Best is trial 97 with value: 9.408473090273143.
[I 2024-11-01 06:01:01,113] Trial 101 finished with value: 9.5089948988135 and parameters: {'layers': 9, 'max_depth': 2, 'resampling_rate': 1.500057727937443, 'et': 0.1312767746425181}. Best is trial 97 with value: 9.408473090273143.
[I 2024-11-01 06:01:04,579] Trial 102 finished with value: 9.72402647694992 and parameters: {'layers': 9, 'max_depth': 2, 'resampling_rate': 1.467886550147477, 'et': 0.0876688594870983}. Best is trial 97 with value: 9.408473090273143.
[I 2024-11-01 06:01:09,825] Trial 103 finished with value: 9.559332617096809 and parameters: {'layers': 10, 'max_depth': 2, 'resampling_rate': 1.526320809562236, 'et': 0.3269646701020872}. Best is trial 97 with value: 9.408473090273143.
[I 2024-11-01 06:01:14,430] Trial 104 finished with value: 9.478799583852883 and parameters: {'layers': 9, 'max_depth': 2, 'resampling_rate': 1.4821848299707818, 'et': 0.04739372741558366}. Best is trial 97 with value: 9.408473090273143.
[I 2024-11-01 06:01:17,890] Trial 105 finished with value: 9.488074149033018 and parameters: {'layers': 10, 'max_depth': 2, 'resampling_rate': 1.5209307950826456, 'et': 0.1112686283733536}. Best is trial 97 with value: 9.408473090273143.
[I 2024-11-01 06:01:23,844] Trial 106 finished with value: 9.589543134763467 and parameters: {'layers': 9, 'max_depth': 2, 'resampling_rate': 1.5927007598998093, 'et': 0.1392954975728307}. Best is trial 97 with value: 9.408473090273143.
[I 2024-11-01 06:01:26,778] Trial 107 finished with value: 9.546985264696625 and parameters: {'layers': 10, 'max_depth': 2, 'resampling_rate': 1.547080458222306, 'et': 0.27209043483472095}. Best is trial 97 with value: 9.408473090273143.
[I 2024-11-01 06:01:32,063] Trial 108 finished with value: 9.551068633871312 and parameters: {'layers': 8, 'max_depth': 2, 'resampling_rate': 1.4439804086625818, 'et': 0.09513439280913147}. Best is trial 97 with value: 9.408473090273143.
[I 2024-11-01 06:01:36,777] Trial 109 finished with value: 9.49081679961283 and parameters: {'layers': 8, 'max_depth': 2, 'resampling_rate': 1.4085589103603873, 'et': 0.2463189498854372}. Best is trial 97 with value: 9.408473090273143.
[I 2024-11-01 06:01:40,856] Trial 110 finished with value: 9.584436046706474 and parameters: {'layers': 9, 'max_depth': 2, 'resampling_rate': 1.587374960375309, 'et': 0.21889716349019264}. Best is trial 97 with value: 9.408473090273143.
[I 2024-11-01 06:01:46,289] Trial 111 finished with value: 9.537891151598267 and parameters: {'layers': 11, 'max_depth': 2, 'resampling_rate': 1.6276824642400054, 'et': 0.03272030243622921}. Best is trial 97 with value: 9.408473090273143.
[I 2024-11-01 06:01:52,941] Trial 112 finished with value: 9.505795509060926 and parameters: {'layers': 12, 'max_depth': 2, 'resampling_rate': 1.616040461615077, 'et': 0.0590999465009801}. Best is trial 97 with value: 9.408473090273143.
[I 2024-11-01 06:01:57,559] Trial 113 finished with value: 9.39898069680977 and parameters: {'layers': 11, 'max_depth': 2, 'resampling_rate': 1.726042365686015, 'et': 0.052947626387671816}. Best is trial 113 with value: 9.39898069680977.
[I 2024-11-01 06:02:02,171] Trial 114 finished with value: 9.568871421636223 and parameters: {'layers': 10, 'max_depth': 2, 'resampling_rate': 1.7198212366559258, 'et': 0.07999315997877625}. Best is trial 113 with value: 9.39898069680977.
[I 2024-11-01 06:02:08,009] Trial 115 finished with value: 9.547613854939224 and parameters: {'layers': 10, 'max_depth': 2, 'resampling_rate': 1.7263529682443213, 'et': 0.18353306008987397}. Best is trial 113 with value: 9.39898069680977.
[I 2024-11-01 06:02:08,466] Trial 116 finished with value: 1000000000.0 and parameters: {'layers': 8, 'max_depth': 2, 'resampling_rate': 1.6429416770206182, 'et': 0.8176670421801624}. Best is trial 113 with value: 9.39898069680977.
[I 2024-11-01 06:02:11,916] Trial 117 finished with value: 9.460445126505922 and parameters: {'layers': 8, 'max_depth': 2, 'resampling_rate': 1.768807549279335, 'et': 0.055089572751188955}. Best is trial 113 with value: 9.39898069680977.
[I 2024-11-01 06:02:15,373] Trial 118 finished with value: 9.530023267372298 and parameters: {'layers': 13, 'max_depth': 2, 'resampling_rate': 1.7475821756426724, 'et': 0.013220424519711754}. Best is trial 113 with value: 9.39898069680977.
[I 2024-11-01 06:02:19,438] Trial 119 finished with value: 9.669543006445208 and parameters: {'layers': 7, 'max_depth': 2, 'resampling_rate': 1.7719534666073444, 'et': 0.05323483422477206}. Best is trial 113 with value: 9.39898069680977.
[I 2024-11-01 06:02:22,320] Trial 120 finished with value: 9.448427644698258 and parameters: {'layers': 8, 'max_depth': 2, 'resampling_rate': 1.7673851442928805, 'et': 0.29178506039425084}. Best is trial 113 with value: 9.39898069680977.
[I 2024-11-01 06:02:26,375] Trial 121 finished with value: 9.556218482827196 and parameters: {'layers': 8, 'max_depth': 2, 'resampling_rate': 1.7773005556853188, 'et': 0.28226893443142814}. Best is trial 113 with value: 9.39898069680977.
[I 2024-11-01 06:02:29,274] Trial 122 finished with value: 9.472689091018529 and parameters: {'layers': 8, 'max_depth': 2, 'resampling_rate': 1.7611868516271694, 'et': 0.2913770113094859}. Best is trial 113 with value: 9.39898069680977.
[I 2024-11-01 06:02:33,951] Trial 123 finished with value: 9.49622225652664 and parameters: {'layers': 8, 'max_depth': 2, 'resampling_rate': 1.7937919854506321, 'et': 0.3424179347458747}. Best is trial 113 with value: 9.39898069680977.
[I 2024-11-01 06:02:38,000] Trial 124 finished with value: 9.532167160342574 and parameters: {'layers': 7, 'max_depth': 2, 'resampling_rate': 1.7030999760208752, 'et': 0.06374048561660532}. Best is trial 113 with value: 9.39898069680977.
[I 2024-11-01 06:02:40,882] Trial 125 finished with value: 9.537378214249303 and parameters: {'layers': 8, 'max_depth': 2, 'resampling_rate': 1.7611772074296674, 'et': 0.41772236959504877}. Best is trial 113 with value: 9.39898069680977.
[I 2024-11-01 06:02:44,883] Trial 126 finished with value: 9.56318826548404 and parameters: {'layers': 8, 'max_depth': 2, 'resampling_rate': 1.7631923422622948, 'et': 0.3901413207797384}. Best is trial 113 with value: 9.39898069680977.
[I 2024-11-01 06:02:47,772] Trial 127 finished with value: 9.45769156230667 and parameters: {'layers': 7, 'max_depth': 2, 'resampling_rate': 1.6661189464388613, 'et': 0.10051581612833208}. Best is trial 113 with value: 9.39898069680977.
[I 2024-11-01 06:02:51,215] Trial 128 finished with value: 9.562879999996612 and parameters: {'layers': 7, 'max_depth': 2, 'resampling_rate': 1.6685483453618701, 'et': 0.25444640627874426}. Best is trial 113 with value: 9.39898069680977.
[I 2024-11-01 06:02:54,674] Trial 129 finished with value: 9.441840214644683 and parameters: {'layers': 7, 'max_depth': 2, 'resampling_rate': 1.715660642098414, 'et': 0.11207272439667937}. Best is trial 113 with value: 9.39898069680977.
[I 2024-11-01 06:02:57,565] Trial 130 finished with value: 9.564949449076883 and parameters: {'layers': 7, 'max_depth': 2, 'resampling_rate': 1.664144468853495, 'et': 0.1121201029856749}. Best is trial 113 with value: 9.39898069680977.
[I 2024-11-01 06:03:00,452] Trial 131 finished with value: 9.525531963456219 and parameters: {'layers': 7, 'max_depth': 2, 'resampling_rate': 1.7088984093595831, 'et': 0.09143959633408574}. Best is trial 113 with value: 9.39898069680977.
[I 2024-11-01 06:03:03,862] Trial 132 finished with value: 9.525178261901305 and parameters: {'layers': 6, 'max_depth': 2, 'resampling_rate': 1.6899396425521305, 'et': 0.20430441896523643}. Best is trial 113 with value: 9.39898069680977.
[I 2024-11-01 06:03:07,275] Trial 133 finished with value: 9.447742186736928 and parameters: {'layers': 7, 'max_depth': 2, 'resampling_rate': 1.7157062162232277, 'et': 0.15267313125678061}. Best is trial 113 with value: 9.39898069680977.
[I 2024-11-01 06:03:11,283] Trial 134 finished with value: 9.495408966884144 and parameters: {'layers': 7, 'max_depth': 2, 'resampling_rate': 1.7145590888072881, 'et': 0.15971777149087843}. Best is trial 113 with value: 9.39898069680977.
[I 2024-11-01 06:03:14,729] Trial 135 finished with value: 9.450310416640555 and parameters: {'layers': 7, 'max_depth': 2, 'resampling_rate': 1.7286045298005837, 'et': 0.12227323454790673}. Best is trial 113 with value: 9.39898069680977.
[I 2024-11-01 06:03:19,936] Trial 136 finished with value: 9.631096480865606 and parameters: {'layers': 7, 'max_depth': 2, 'resampling_rate': 1.7519743875487934, 'et': 0.14221979310155225}. Best is trial 113 with value: 9.39898069680977.
[I 2024-11-01 06:03:24,532] Trial 137 finished with value: 9.534461453552446 and parameters: {'layers': 6, 'max_depth': 2, 'resampling_rate': 1.7244701037635992, 'et': 0.22473925634100422}. Best is trial 113 with value: 9.39898069680977.
[I 2024-11-01 06:03:27,340] Trial 138 finished with value: 10.311792260263092 and parameters: {'layers': 7, 'max_depth': 1, 'resampling_rate': 1.361157715890062, 'et': 0.16899011489747823}. Best is trial 113 with value: 9.39898069680977.
[I 2024-11-01 06:03:33,202] Trial 139 finished with value: 9.482361914717826 and parameters: {'layers': 6, 'max_depth': 2, 'resampling_rate': 1.6803860024146329, 'et': 0.1960592486783878}. Best is trial 113 with value: 9.39898069680977.
[I 2024-11-01 06:03:37,198] Trial 140 finished with value: 9.477307414660629 and parameters: {'layers': 12, 'max_depth': 2, 'resampling_rate': 1.3905547240656557, 'et': 0.07691321425990483}. Best is trial 113 with value: 9.39898069680977.
[I 2024-11-01 06:03:40,078] Trial 141 finished with value: 9.541645549929717 and parameters: {'layers': 7, 'max_depth': 2, 'resampling_rate': 1.738358951385149, 'et': 0.12167056252502166}. Best is trial 113 with value: 9.39898069680977.
[I 2024-11-01 06:03:43,518] Trial 142 finished with value: 9.491863289066016 and parameters: {'layers': 7, 'max_depth': 2, 'resampling_rate': 1.7060367769628215, 'et': 0.09419181478844528}. Best is trial 113 with value: 9.39898069680977.
[I 2024-11-01 06:03:43,986] Trial 143 finished with value: 1000000000.0 and parameters: {'layers': 7, 'max_depth': 2, 'resampling_rate': 1.1807996947815445, 'et': 0.3043338359702225}. Best is trial 113 with value: 9.39898069680977.
[I 2024-11-01 06:03:50,530] Trial 144 finished with value: 9.469344825661274 and parameters: {'layers': 7, 'max_depth': 2, 'resampling_rate': 1.733253418215273, 'et': 0.10752231232045735}. Best is trial 113 with value: 9.39898069680977.
[I 2024-11-01 06:03:54,012] Trial 145 finished with value: 9.540856276087418 and parameters: {'layers': 8, 'max_depth': 2, 'resampling_rate': 1.6780461565441505, 'et': 0.15036777869179527}. Best is trial 113 with value: 9.39898069680977.
[I 2024-11-01 06:03:57,460] Trial 146 finished with value: 9.545117298804541 and parameters: {'layers': 8, 'max_depth': 2, 'resampling_rate': 1.2265522550002292, 'et': 0.12857765729599363}. Best is trial 113 with value: 9.39898069680977.
[I 2024-11-01 06:04:00,906] Trial 147 finished with value: 9.521040454278134 and parameters: {'layers': 13, 'max_depth': 2, 'resampling_rate': 1.4229302444736898, 'et': 0.0320503023599913}. Best is trial 113 with value: 9.39898069680977.
[I 2024-11-01 06:04:06,101] Trial 148 finished with value: 9.467301847510198 and parameters: {'layers': 7, 'max_depth': 2, 'resampling_rate': 1.700028494404108, 'et': 0.2662149178301636}. Best is trial 113 with value: 9.39898069680977.
[I 2024-11-01 06:04:09,028] Trial 149 finished with value: 9.477204419273278 and parameters: {'layers': 8, 'max_depth': 2, 'resampling_rate': 1.7478664349100057, 'et': 0.0775875242844182}. Best is trial 113 with value: 9.39898069680977.
[I 2024-11-01 06:04:14,869] Trial 150 finished with value: 9.453094216279233 and parameters: {'layers': 6, 'max_depth': 2, 'resampling_rate': 1.7179893282193692, 'et': 0.17801955548242973}. Best is trial 113 with value: 9.39898069680977.
[I 2024-11-01 06:04:20,786] Trial 151 finished with value: 9.522233387922121 and parameters: {'layers': 5, 'max_depth': 2, 'resampling_rate': 1.7215266639585798, 'et': 0.1903943967022145}. Best is trial 113 with value: 9.39898069680977.
[I 2024-11-01 06:04:25,387] Trial 152 finished with value: 9.617849093190324 and parameters: {'layers': 6, 'max_depth': 2, 'resampling_rate': 1.2067259681571485, 'et': 0.16471250465093137}. Best is trial 113 with value: 9.39898069680977.
[I 2024-11-01 06:04:29,432] Trial 153 finished with value: 9.576041790877056 and parameters: {'layers': 6, 'max_depth': 2, 'resampling_rate': 1.6431809636341597, 'et': 0.1778788413510075}. Best is trial 113 with value: 9.39898069680977.
[I 2024-11-01 06:04:32,383] Trial 154 finished with value: 9.512292342984713 and parameters: {'layers': 7, 'max_depth': 2, 'resampling_rate': 1.3011490648132475, 'et': 0.1169665908670797}. Best is trial 113 with value: 9.39898069680977.
[I 2024-11-01 06:04:35,818] Trial 155 finished with value: 9.566294712466906 and parameters: {'layers': 5, 'max_depth': 2, 'resampling_rate': 1.6609156387269697, 'et': 0.14824489348002312}. Best is trial 113 with value: 9.39898069680977.
[I 2024-11-01 06:04:39,813] Trial 156 finished with value: 9.514193491579125 and parameters: {'layers': 8, 'max_depth': 2, 'resampling_rate': 1.3279758601853393, 'et': 0.24018940239932038}. Best is trial 113 with value: 9.39898069680977.
[I 2024-11-01 06:04:40,264] Trial 157 finished with value: 1000000000.0 and parameters: {'layers': 7, 'max_depth': 2, 'resampling_rate': 1.2705882520069083, 'et': 0.31492475479170273}. Best is trial 113 with value: 9.39898069680977.
[I 2024-11-01 06:04:43,167] Trial 158 finished with value: 9.660048369764745 and parameters: {'layers': 6, 'max_depth': 2, 'resampling_rate': 1.6889122246375263, 'et': 0.10061677466811655}. Best is trial 113 with value: 9.39898069680977.
[I 2024-11-01 06:04:46,076] Trial 159 finished with value: 9.525964882273422 and parameters: {'layers': 8, 'max_depth': 2, 'resampling_rate': 1.7487491331618439, 'et': 0.04080413161248818}. Best is trial 113 with value: 9.39898069680977.
[I 2024-11-01 06:04:49,500] Trial 160 finished with value: 9.50364784460354 and parameters: {'layers': 7, 'max_depth': 2, 'resampling_rate': 1.7860528734653873, 'et': 0.35051475942546095}. Best is trial 113 with value: 9.39898069680977.
[I 2024-11-01 06:04:52,906] Trial 161 finished with value: 9.522706313900416 and parameters: {'layers': 10, 'max_depth': 2, 'resampling_rate': 1.1903542160213594, 'et': 0.06740239244013703}. Best is trial 113 with value: 9.39898069680977.
[I 2024-11-01 06:04:57,561] Trial 162 finished with value: 9.423294586582312 and parameters: {'layers': 8, 'max_depth': 2, 'resampling_rate': 1.710664461186822, 'et': 0.05017673001743159}. Best is trial 113 with value: 9.39898069680977.
[I 2024-11-01 06:05:05,376] Trial 163 finished with value: 9.53737079466052 and parameters: {'layers': 8, 'max_depth': 2, 'resampling_rate': 1.7172255507970813, 'et': 0.09000576880877992}. Best is trial 113 with value: 9.39898069680977.
[I 2024-11-01 06:05:09,347] Trial 164 finished with value: 9.568678142882545 and parameters: {'layers': 8, 'max_depth': 2, 'resampling_rate': 1.706584839541775, 'et': 0.019528578293622513}. Best is trial 113 with value: 9.39898069680977.
[I 2024-11-01 06:05:12,821] Trial 165 finished with value: 9.446007630708772 and parameters: {'layers': 8, 'max_depth': 2, 'resampling_rate': 1.7315574393087765, 'et': 0.04580404480669687}. Best is trial 113 with value: 9.39898069680977.
[I 2024-11-01 06:05:16,245] Trial 166 finished with value: 9.575383117840712 and parameters: {'layers': 8, 'max_depth': 2, 'resampling_rate': 1.727530909015172, 'et': 0.03450392401281073}. Best is trial 113 with value: 9.39898069680977.
[I 2024-11-01 06:05:19,113] Trial 167 finished with value: 9.465046686839802 and parameters: {'layers': 9, 'max_depth': 2, 'resampling_rate': 1.7348146900600763, 'et': 0.04463402960956378}. Best is trial 113 with value: 9.39898069680977.
[I 2024-11-01 06:05:24,338] Trial 168 finished with value: 9.493648969916112 and parameters: {'layers': 8, 'max_depth': 2, 'resampling_rate': 1.7120000054196716, 'et': 0.06410235024616463}. Best is trial 113 with value: 9.39898069680977.
[I 2024-11-01 06:05:27,195] Trial 169 finished with value: 9.534348613198915 and parameters: {'layers': 8, 'max_depth': 2, 'resampling_rate': 1.3731653396225234, 'et': 0.07554340885499847}. Best is trial 113 with value: 9.39898069680977.
[I 2024-11-01 06:05:30,060] Trial 170 finished with value: 9.503866629093707 and parameters: {'layers': 11, 'max_depth': 2, 'resampling_rate': 1.7973283794647, 'et': 0.015498463691571193}. Best is trial 113 with value: 9.39898069680977.
[I 2024-11-01 06:05:32,925] Trial 171 finished with value: 9.550336067085565 and parameters: {'layers': 8, 'max_depth': 2, 'resampling_rate': 1.6972859189023533, 'et': 0.13394159768385377}. Best is trial 113 with value: 9.39898069680977.
[I 2024-11-01 06:05:35,795] Trial 172 finished with value: 9.44608896129329 and parameters: {'layers': 7, 'max_depth': 2, 'resampling_rate': 1.7525982734115437, 'et': 0.11018704318457004}. Best is trial 113 with value: 9.39898069680977.
[I 2024-11-01 06:05:39,215] Trial 173 finished with value: 9.508147130853384 and parameters: {'layers': 8, 'max_depth': 2, 'resampling_rate': 1.755061422997924, 'et': 0.1180171964304677}. Best is trial 113 with value: 9.39898069680977.
[I 2024-11-01 06:05:43,779] Trial 174 finished with value: 9.529943655451158 and parameters: {'layers': 7, 'max_depth': 2, 'resampling_rate': 1.771405866637457, 'et': 0.44517132651319175}. Best is trial 113 with value: 9.39898069680977.
[I 2024-11-01 06:05:47,741] Trial 175 finished with value: 9.60129326394626 and parameters: {'layers': 9, 'max_depth': 2, 'resampling_rate': 1.7421132763831393, 'et': 0.3292013917604023}. Best is trial 113 with value: 9.39898069680977.
[I 2024-11-01 06:05:50,639] Trial 176 finished with value: 9.390723799178996 and parameters: {'layers': 8, 'max_depth': 2, 'resampling_rate': 1.7329911760313077, 'et': 0.045564961693216374}. Best is trial 176 with value: 9.390723799178996.
[I 2024-11-01 06:05:53,496] Trial 177 finished with value: 9.530829413749395 and parameters: {'layers': 8, 'max_depth': 2, 'resampling_rate': 1.7323586761801333, 'et': 0.052968412579981514}. Best is trial 176 with value: 9.390723799178996.
[I 2024-11-01 06:05:57,574] Trial 178 finished with value: 9.55372000352161 and parameters: {'layers': 8, 'max_depth': 2, 'resampling_rate': 1.7206659232445487, 'et': 0.08311604084098134}. Best is trial 176 with value: 9.390723799178996.
[I 2024-11-01 06:06:00,471] Trial 179 finished with value: 9.563306477410412 and parameters: {'layers': 9, 'max_depth': 2, 'resampling_rate': 1.7605785891270676, 'et': 0.14421262020566603}. Best is trial 176 with value: 9.390723799178996.
[I 2024-11-01 06:06:03,933] Trial 180 finished with value: 9.526065501039637 and parameters: {'layers': 8, 'max_depth': 2, 'resampling_rate': 1.7444765100791892, 'et': 0.10479068709156372}. Best is trial 176 with value: 9.390723799178996.
[I 2024-11-01 06:06:07,424] Trial 181 finished with value: 9.53098445227811 and parameters: {'layers': 7, 'max_depth': 2, 'resampling_rate': 1.1623249596077068, 'et': 0.033703385726378134}. Best is trial 176 with value: 9.390723799178996.
[I 2024-11-01 06:06:11,513] Trial 182 finished with value: 9.5171562491431 and parameters: {'layers': 8, 'max_depth': 2, 'resampling_rate': 1.6987629446782382, 'et': 0.052316981868897536}. Best is trial 176 with value: 9.390723799178996.
[I 2024-11-01 06:06:16,747] Trial 183 finished with value: 9.560578823753287 and parameters: {'layers': 7, 'max_depth': 2, 'resampling_rate': 1.448094423023702, 'et': 0.07455582150575944}. Best is trial 176 with value: 9.390723799178996.
[I 2024-11-01 06:06:20,762] Trial 184 finished with value: 9.469519125136395 and parameters: {'layers': 8, 'max_depth': 2, 'resampling_rate': 1.563597127619424, 'et': 0.030813894821759072}. Best is trial 176 with value: 9.390723799178996.
[I 2024-11-01 06:06:24,258] Trial 185 finished with value: 9.577832323841786 and parameters: {'layers': 7, 'max_depth': 2, 'resampling_rate': 1.7837866526283048, 'et': 0.20597191513410595}. Best is trial 176 with value: 9.390723799178996.
[I 2024-11-01 06:06:28,872] Trial 186 finished with value: 9.607202045151814 and parameters: {'layers': 8, 'max_depth': 2, 'resampling_rate': 1.679144548580921, 'et': 0.3779942780517735}. Best is trial 176 with value: 9.390723799178996.
[I 2024-11-01 06:06:34,280] Trial 187 finished with value: 9.615810204710048 and parameters: {'layers': 6, 'max_depth': 2, 'resampling_rate': 1.723138781634685, 'et': 0.016026684402025752}. Best is trial 176 with value: 9.390723799178996.
[I 2024-11-01 06:06:40,783] Trial 188 finished with value: 9.465114776969065 and parameters: {'layers': 9, 'max_depth': 2, 'resampling_rate': 1.238670094898051, 'et': 0.12312615046467322}. Best is trial 176 with value: 9.390723799178996.
[I 2024-11-01 06:06:43,583] Trial 189 finished with value: 10.3414767443778 and parameters: {'layers': 7, 'max_depth': 1, 'resampling_rate': 1.4835761745244975, 'et': 0.06459057775693952}. Best is trial 176 with value: 9.390723799178996.
[I 2024-11-01 06:06:48,258] Trial 190 finished with value: 9.458268796806742 and parameters: {'layers': 8, 'max_depth': 2, 'resampling_rate': 1.7529294784818246, 'et': 0.2850204849694317}. Best is trial 176 with value: 9.390723799178996.
