[I 2024-11-01 00:15:49,237] Trial 640 finished with value: 3556.4721507658396 and parameters: {'layers': 5, 'max_depth': 2, 'resampling_rate': 1.729665709876149, 'et': 0.20894142738049407}. Best is trial 109 with value: 3508.6982963730675.
[I 2024-11-01 00:15:52,353] Trial 641 finished with value: 3572.82351360455 and parameters: {'layers': 10, 'max_depth': 2, 'resampling_rate': 1.710300692434434, 'et': 0.6692413865900517}. Best is trial 109 with value: 3508.6982963730675.
[I 2024-11-01 00:15:55,480] Trial 642 finished with value: 3548.5686047026097 and parameters: {'layers': 5, 'max_depth': 2, 'resampling_rate': 1.645687102021862, 'et': 0.18659318480999404}. Best is trial 109 with value: 3508.6982963730675.
[I 2024-11-01 00:15:55,985] Trial 643 finished with value: 1000000000.0 and parameters: {'layers': 6, 'max_depth': 2, 'resampling_rate': 1.4194456377565652, 'et': 0.6028919474328369}. Best is trial 109 with value: 3508.6982963730675.
[I 2024-11-01 00:15:59,112] Trial 644 finished with value: 3563.372683864418 and parameters: {'layers': 5, 'max_depth': 2, 'resampling_rate': 1.7741073193397285, 'et': 0.258846091720075}. Best is trial 109 with value: 3508.6982963730675.
[I 2024-11-01 00:16:02,270] Trial 645 finished with value: 3550.962779947225 and parameters: {'layers': 5, 'max_depth': 2, 'resampling_rate': 1.7478462144982785, 'et': 0.23063783302687715}. Best is trial 109 with value: 3508.6982963730675.
[I 2024-11-01 00:16:05,426] Trial 646 finished with value: 3555.02339447236 and parameters: {'layers': 5, 'max_depth': 2, 'resampling_rate': 1.6101594919211921, 'et': 0.29198425799651484}. Best is trial 109 with value: 3508.6982963730675.
[I 2024-11-01 00:16:08,664] Trial 647 finished with value: 3568.1020478757364 and parameters: {'layers': 14, 'max_depth': 2, 'resampling_rate': 1.7823118590135907, 'et': 0.13216593633272278}. Best is trial 109 with value: 3508.6982963730675.
[I 2024-11-01 00:16:11,867] Trial 648 finished with value: 3537.921830607483 and parameters: {'layers': 5, 'max_depth': 2, 'resampling_rate': 1.7608645232360276, 'et': 0.176027381101015}. Best is trial 109 with value: 3508.6982963730675.
[I 2024-11-01 00:16:12,392] Trial 649 finished with value: 1000000000.0 and parameters: {'layers': 5, 'max_depth': 2, 'resampling_rate': 1.4781281571525091, 'et': 0.54484563679665}. Best is trial 109 with value: 3508.6982963730675.
[I 2024-11-01 00:16:15,605] Trial 650 finished with value: 3538.2075615815907 and parameters: {'layers': 5, 'max_depth': 2, 'resampling_rate': 1.7218917217494425, 'et': 0.5250662684250923}. Best is trial 109 with value: 3508.6982963730675.
[I 2024-11-01 00:16:18,621] Trial 651 finished with value: 3996.340568563393 and parameters: {'layers': 6, 'max_depth': 1, 'resampling_rate': 1.6975016135617251, 'et': 0.21253468118475988}. Best is trial 109 with value: 3508.6982963730675.
[I 2024-11-01 00:16:21,823] Trial 652 finished with value: 3527.7803501487647 and parameters: {'layers': 12, 'max_depth': 2, 'resampling_rate': 1.7407988554186138, 'et': 0.15570785142096427}. Best is trial 109 with value: 3508.6982963730675.
[I 2024-11-01 00:16:25,004] Trial 653 finished with value: 3535.5264439917323 and parameters: {'layers': 5, 'max_depth': 2, 'resampling_rate': 1.7138370508776037, 'et': 0.6282848944911346}. Best is trial 109 with value: 3508.6982963730675.
[I 2024-11-01 00:16:28,190] Trial 654 finished with value: 3547.4627543372007 and parameters: {'layers': 5, 'max_depth': 2, 'resampling_rate': 1.284497448554281, 'et': 0.19453617869888037}. Best is trial 109 with value: 3508.6982963730675.
[I 2024-11-01 00:16:31,355] Trial 655 finished with value: 3530.523206802733 and parameters: {'layers': 5, 'max_depth': 2, 'resampling_rate': 1.3374007998039505, 'et': 0.10727827938576262}. Best is trial 109 with value: 3508.6982963730675.
[I 2024-11-01 00:16:31,865] Trial 656 finished with value: 1000000000.0 and parameters: {'layers': 5, 'max_depth': 2, 'resampling_rate': 1.239221179746909, 'et': 0.6524678369074002}. Best is trial 109 with value: 3508.6982963730675.
[I 2024-11-01 00:16:35,035] Trial 657 finished with value: 3533.991900644012 and parameters: {'layers': 5, 'max_depth': 2, 'resampling_rate': 1.4430649729581568, 'et': 0.24416905390768182}. Best is trial 109 with value: 3508.6982963730675.
[I 2024-11-01 00:16:38,210] Trial 658 finished with value: 3539.5687013468882 and parameters: {'layers': 6, 'max_depth': 2, 'resampling_rate': 1.7564728125252227, 'et': 0.17258576213018334}. Best is trial 109 with value: 3508.6982963730675.
[I 2024-11-01 00:16:41,380] Trial 659 finished with value: 3537.1928472962168 and parameters: {'layers': 10, 'max_depth': 2, 'resampling_rate': 1.5214262179151683, 'et': 0.26891418177746773}. Best is trial 109 with value: 3508.6982963730675.
[I 2024-11-01 00:16:44,552] Trial 660 finished with value: 3556.395259060299 and parameters: {'layers': 5, 'max_depth': 2, 'resampling_rate': 1.7328390730301246, 'et': 0.22022066507449636}. Best is trial 109 with value: 3508.6982963730675.
[I 2024-11-01 00:16:47,728] Trial 661 finished with value: 3546.747665344736 and parameters: {'layers': 5, 'max_depth': 2, 'resampling_rate': 1.7705737141475815, 'et': 0.14020814915817914}. Best is trial 109 with value: 3508.6982963730675.
[I 2024-11-01 00:16:48,237] Trial 662 finished with value: 1000000000.0 and parameters: {'layers': 11, 'max_depth': 2, 'resampling_rate': 1.2557876470552853, 'et': 0.6852483914947913}. Best is trial 109 with value: 3508.6982963730675.
[I 2024-11-01 00:16:51,408] Trial 663 finished with value: 3535.836639760066 and parameters: {'layers': 5, 'max_depth': 2, 'resampling_rate': 1.305248782361779, 'et': 0.2041696740030612}. Best is trial 109 with value: 3508.6982963730675.
[I 2024-11-01 00:16:54,655] Trial 664 finished with value: 3539.933746407513 and parameters: {'layers': 5, 'max_depth': 2, 'resampling_rate': 1.7481912235639467, 'et': 0.49296744464614584}. Best is trial 109 with value: 3508.6982963730675.
[I 2024-11-01 00:16:58,006] Trial 665 finished with value: 3533.796501864445 and parameters: {'layers': 6, 'max_depth': 2, 'resampling_rate': 1.7015511606900375, 'et': 0.15916543011752718}. Best is trial 109 with value: 3508.6982963730675.
[I 2024-11-01 00:17:01,199] Trial 666 finished with value: 3547.0431091339055 and parameters: {'layers': 13, 'max_depth': 2, 'resampling_rate': 1.7866306685836606, 'et': 0.187843297601435}. Best is trial 109 with value: 3508.6982963730675.
[I 2024-11-01 00:17:04,491] Trial 667 finished with value: 3581.227258457236 and parameters: {'layers': 5, 'max_depth': 2, 'resampling_rate': 1.2752077606881507, 'et': 0.08043221482784399}. Best is trial 109 with value: 3508.6982963730675.
[I 2024-11-01 00:17:07,734] Trial 668 finished with value: 3559.1189300053534 and parameters: {'layers': 5, 'max_depth': 2, 'resampling_rate': 1.7191521160764291, 'et': 0.6114654817361713}. Best is trial 109 with value: 3508.6982963730675.
[I 2024-11-01 00:17:10,987] Trial 669 finished with value: 3546.0476885030075 and parameters: {'layers': 5, 'max_depth': 2, 'resampling_rate': 1.6848089283275833, 'et': 0.22582430951055465}. Best is trial 109 with value: 3508.6982963730675.
[I 2024-11-01 00:17:14,217] Trial 670 finished with value: 3542.627126275238 and parameters: {'layers': 5, 'max_depth': 2, 'resampling_rate': 1.734549430628259, 'et': 0.32755344067342335}. Best is trial 109 with value: 3508.6982963730675.
[I 2024-11-01 00:17:17,376] Trial 671 finished with value: 3536.4661036293073 and parameters: {'layers': 11, 'max_depth': 2, 'resampling_rate': 1.7622902233672673, 'et': 0.6419345269318839}. Best is trial 109 with value: 3508.6982963730675.
[I 2024-11-01 00:17:17,889] Trial 672 finished with value: 1000000000.0 and parameters: {'layers': 6, 'max_depth': 2, 'resampling_rate': 1.381982637519996, 'et': 0.5742128505578628}. Best is trial 109 with value: 3508.6982963730675.
[I 2024-11-01 00:17:21,179] Trial 673 finished with value: 3546.763992353915 and parameters: {'layers': 5, 'max_depth': 2, 'resampling_rate': 1.3577772272809128, 'et': 0.24197244101252685}. Best is trial 109 with value: 3508.6982963730675.
[I 2024-11-01 00:17:24,471] Trial 674 finished with value: 3563.76267357011 and parameters: {'layers': 14, 'max_depth': 2, 'resampling_rate': 1.7485826754463665, 'et': 0.17380669020782688}. Best is trial 109 with value: 3508.6982963730675.
[I 2024-11-01 00:17:27,728] Trial 675 finished with value: 3574.295001455767 and parameters: {'layers': 5, 'max_depth': 2, 'resampling_rate': 1.726450422927723, 'et': 0.20387278849598522}. Best is trial 109 with value: 3508.6982963730675.
[I 2024-11-01 00:17:31,010] Trial 676 finished with value: 3517.2087213870577 and parameters: {'layers': 12, 'max_depth': 2, 'resampling_rate': 1.7731418666883065, 'et': 0.6666276646859113}. Best is trial 109 with value: 3508.6982963730675.
[I 2024-11-01 00:17:34,251] Trial 677 finished with value: 3556.500799537332 and parameters: {'layers': 6, 'max_depth': 2, 'resampling_rate': 1.7906272416752225, 'et': 0.15671708060704165}. Best is trial 109 with value: 3508.6982963730675.
[I 2024-11-01 00:17:37,434] Trial 678 finished with value: 3533.500548328295 and parameters: {'layers': 13, 'max_depth': 2, 'resampling_rate': 1.7857329923742113, 'et': 0.7040003373864718}. Best is trial 109 with value: 3508.6982963730675.
[I 2024-11-01 00:17:40,608] Trial 679 finished with value: 3524.2227878922495 and parameters: {'layers': 12, 'max_depth': 2, 'resampling_rate': 1.7756888426539088, 'et': 0.06129935556421762}. Best is trial 109 with value: 3508.6982963730675.
[I 2024-11-01 00:17:43,883] Trial 680 finished with value: 3560.08257956158 and parameters: {'layers': 13, 'max_depth': 2, 'resampling_rate': 1.7734313290092407, 'et': 0.13144591153628682}. Best is trial 109 with value: 3508.6982963730675.
[I 2024-11-01 00:17:47,097] Trial 681 finished with value: 3550.797653280794 and parameters: {'layers': 12, 'max_depth': 2, 'resampling_rate': 1.7615605529263145, 'et': 0.6648558206122877}. Best is trial 109 with value: 3508.6982963730675.
[I 2024-11-01 00:17:50,310] Trial 682 finished with value: 3544.8126608591188 and parameters: {'layers': 12, 'max_depth': 2, 'resampling_rate': 1.7988994189766703, 'et': 0.10689266982604376}. Best is trial 109 with value: 3508.6982963730675.
[I 2024-11-01 00:17:53,511] Trial 683 finished with value: 3549.3939533390744 and parameters: {'layers': 12, 'max_depth': 2, 'resampling_rate': 1.5836210778310615, 'et': 0.19211966017552634}. Best is trial 109 with value: 3508.6982963730675.
[I 2024-11-01 00:17:56,725] Trial 684 finished with value: 3565.979430340147 and parameters: {'layers': 12, 'max_depth': 2, 'resampling_rate': 1.782303283314758, 'et': 0.213789952677015}. Best is trial 109 with value: 3508.6982963730675.
[I 2024-11-01 00:17:59,900] Trial 685 finished with value: 3547.2394996721414 and parameters: {'layers': 11, 'max_depth': 2, 'resampling_rate': 1.4083976122514381, 'et': 0.2568626021224351}. Best is trial 109 with value: 3508.6982963730675.
[I 2024-11-01 00:18:03,079] Trial 686 finished with value: 3570.2421477948606 and parameters: {'layers': 13, 'max_depth': 2, 'resampling_rate': 1.2282391443417195, 'et': 0.17450381415763977}. Best is trial 109 with value: 3508.6982963730675.
[I 2024-11-01 00:18:06,226] Trial 687 finished with value: 3547.2007130772254 and parameters: {'layers': 5, 'max_depth': 2, 'resampling_rate': 1.7701259055085108, 'et': 0.235773381253464}. Best is trial 109 with value: 3508.6982963730675.
[I 2024-11-01 00:18:09,377] Trial 688 finished with value: 3569.803630145658 and parameters: {'layers': 11, 'max_depth': 2, 'resampling_rate': 1.2411935416752773, 'et': 0.19786967731196428}. Best is trial 109 with value: 3508.6982963730675.
[I 2024-11-01 00:18:12,607] Trial 689 finished with value: 3553.1538921158426 and parameters: {'layers': 11, 'max_depth': 2, 'resampling_rate': 1.6022279744826293, 'et': 0.14310150858494566}. Best is trial 109 with value: 3508.6982963730675.
[I 2024-11-01 00:18:15,755] Trial 690 finished with value: 3547.9444908450264 and parameters: {'layers': 12, 'max_depth': 2, 'resampling_rate': 1.3163359291225636, 'et': 0.21961239531854987}. Best is trial 109 with value: 3508.6982963730675.
[I 2024-11-01 00:18:18,963] Trial 691 finished with value: 3540.408652071861 and parameters: {'layers': 11, 'max_depth': 2, 'resampling_rate': 1.670652089056273, 'et': 0.11915068125656175}. Best is trial 109 with value: 3508.6982963730675.
[I 2024-11-01 00:18:22,114] Trial 692 finished with value: 3568.587679258482 and parameters: {'layers': 12, 'max_depth': 2, 'resampling_rate': 1.764050822461389, 'et': 0.6293409126090755}. Best is trial 109 with value: 3508.6982963730675.
[I 2024-11-01 00:18:25,257] Trial 693 finished with value: 3551.8864609145785 and parameters: {'layers': 11, 'max_depth': 2, 'resampling_rate': 1.7493301309626539, 'et': 0.27365202296021146}. Best is trial 109 with value: 3508.6982963730675.
[I 2024-11-01 00:18:28,375] Trial 694 finished with value: 3529.656523146184 and parameters: {'layers': 13, 'max_depth': 2, 'resampling_rate': 1.786181215395066, 'et': 0.17966381311308038}. Best is trial 109 with value: 3508.6982963730675.
[I 2024-11-01 00:18:31,285] Trial 695 finished with value: 3995.701343497598 and parameters: {'layers': 15, 'max_depth': 1, 'resampling_rate': 1.2666228774312238, 'et': 0.16071438087977866}. Best is trial 109 with value: 3508.6982963730675.
[I 2024-11-01 00:18:31,789] Trial 696 finished with value: 1000000000.0 and parameters: {'layers': 12, 'max_depth': 2, 'resampling_rate': 1.218859257407695, 'et': 0.6736827168108304}. Best is trial 109 with value: 3508.6982963730675.
[I 2024-11-01 00:18:34,877] Trial 697 finished with value: 3539.071685239816 and parameters: {'layers': 6, 'max_depth': 2, 'resampling_rate': 1.7618888116442737, 'et': 0.2383855345689489}. Best is trial 109 with value: 3508.6982963730675.
[I 2024-11-01 00:18:37,951] Trial 698 finished with value: 3545.843268685534 and parameters: {'layers': 5, 'max_depth': 2, 'resampling_rate': 1.196239456750469, 'et': 0.20584766635371646}. Best is trial 109 with value: 3508.6982963730675.
[I 2024-11-01 00:18:41,030] Trial 699 finished with value: 3526.53477271637 and parameters: {'layers': 10, 'max_depth': 2, 'resampling_rate': 1.642433037361979, 'et': 0.6035544309627057}. Best is trial 109 with value: 3508.6982963730675.
[I 2024-11-01 00:18:44,162] Trial 700 finished with value: 3539.2538216102294 and parameters: {'layers': 5, 'max_depth': 2, 'resampling_rate': 1.7055542404097395, 'et': 0.14576302964442223}. Best is trial 109 with value: 3508.6982963730675.
[I 2024-11-01 00:18:47,273] Trial 701 finished with value: 3539.8172705058564 and parameters: {'layers': 5, 'max_depth': 2, 'resampling_rate': 1.7421923804223478, 'et': 0.18690333929019123}. Best is trial 109 with value: 3508.6982963730675.
[I 2024-11-01 00:18:47,777] Trial 702 finished with value: 1000000000.0 and parameters: {'layers': 5, 'max_depth': 2, 'resampling_rate': 1.2946598735298007, 'et': 0.6520173627255408}. Best is trial 109 with value: 3508.6982963730675.
[I 2024-11-01 00:18:50,956] Trial 703 finished with value: 3563.200310712813 and parameters: {'layers': 6, 'max_depth': 2, 'resampling_rate': 1.25230402298263, 'et': 0.22010585649962605}. Best is trial 109 with value: 3508.6982963730675.
[I 2024-11-01 00:18:54,048] Trial 704 finished with value: 3540.3369740497947 and parameters: {'layers': 5, 'max_depth': 2, 'resampling_rate': 1.777438407545606, 'et': 0.6901118619859751}. Best is trial 109 with value: 3508.6982963730675.
[I 2024-11-01 00:18:57,157] Trial 705 finished with value: 3542.8105280424625 and parameters: {'layers': 11, 'max_depth': 2, 'resampling_rate': 1.3333984901469804, 'et': 0.08545324715189154}. Best is trial 109 with value: 3508.6982963730675.
[I 2024-11-01 00:19:00,247] Trial 706 finished with value: 3546.8815356833807 and parameters: {'layers': 5, 'max_depth': 2, 'resampling_rate': 1.6305185812425858, 'et': 0.1742118932154513}. Best is trial 109 with value: 3508.6982963730675.
[I 2024-11-01 00:19:03,360] Trial 707 finished with value: 3535.277028048123 and parameters: {'layers': 14, 'max_depth': 2, 'resampling_rate': 1.69236438032162, 'et': 0.2555664322214166}. Best is trial 109 with value: 3508.6982963730675.
[I 2024-11-01 00:19:06,466] Trial 708 finished with value: 3543.5911751661624 and parameters: {'layers': 5, 'max_depth': 2, 'resampling_rate': 1.1623024264555921, 'et': 0.1972093962177412}. Best is trial 109 with value: 3508.6982963730675.
[I 2024-11-01 00:19:09,592] Trial 709 finished with value: 3546.8852565025118 and parameters: {'layers': 6, 'max_depth': 2, 'resampling_rate': 1.7532787579064903, 'et': 0.12219814277383396}. Best is trial 109 with value: 3508.6982963730675.
[I 2024-11-01 00:19:12,716] Trial 710 finished with value: 3551.823095436985 and parameters: {'layers': 5, 'max_depth': 2, 'resampling_rate': 1.7336868295127992, 'et': 0.3513227387370072}. Best is trial 109 with value: 3508.6982963730675.
[I 2024-11-01 00:19:15,863] Trial 711 finished with value: 3540.907205244503 and parameters: {'layers': 5, 'max_depth': 2, 'resampling_rate': 1.7129862315085278, 'et': 0.23913343680087765}. Best is trial 109 with value: 3508.6982963730675.
[I 2024-11-01 00:19:18,991] Trial 712 finished with value: 3535.6875370951752 and parameters: {'layers': 5, 'max_depth': 2, 'resampling_rate': 1.4528513985756288, 'et': 0.2851136286541838}. Best is trial 109 with value: 3508.6982963730675.
[I 2024-11-01 00:19:22,108] Trial 713 finished with value: 3535.6408430582064 and parameters: {'layers': 12, 'max_depth': 2, 'resampling_rate': 1.2356367573610056, 'et': 0.16919658467623358}. Best is trial 109 with value: 3508.6982963730675.
[I 2024-11-01 00:19:25,243] Trial 714 finished with value: 3544.378031254248 and parameters: {'layers': 13, 'max_depth': 2, 'resampling_rate': 1.7641319295882634, 'et': 0.21525455040581926}. Best is trial 109 with value: 3508.6982963730675.
[I 2024-11-01 00:19:28,351] Trial 715 finished with value: 3545.9653672286317 and parameters: {'layers': 10, 'max_depth': 2, 'resampling_rate': 1.4349576146532654, 'et': 0.1515787719958167}. Best is trial 109 with value: 3508.6982963730675.
[I 2024-11-01 00:19:31,478] Trial 716 finished with value: 3535.9485673347294 and parameters: {'layers': 7, 'max_depth': 2, 'resampling_rate': 1.6579298404670184, 'et': 0.18910109087401927}. Best is trial 109 with value: 3508.6982963730675.
[I 2024-11-01 00:19:34,586] Trial 717 finished with value: 3526.675118437239 and parameters: {'layers': 5, 'max_depth': 2, 'resampling_rate': 1.679876306368009, 'et': 0.6190756146721559}. Best is trial 109 with value: 3508.6982963730675.
[I 2024-11-01 00:19:37,690] Trial 718 finished with value: 3544.979007237756 and parameters: {'layers': 5, 'max_depth': 2, 'resampling_rate': 1.743061151890551, 'et': 0.09723192929299582}. Best is trial 109 with value: 3508.6982963730675.
[I 2024-11-01 00:19:38,194] Trial 719 finished with value: 1000000000.0 and parameters: {'layers': 6, 'max_depth': 2, 'resampling_rate': 1.3496719123266332, 'et': 0.6434721010244874}. Best is trial 109 with value: 3508.6982963730675.
[I 2024-11-01 00:19:41,299] Trial 720 finished with value: 3543.164620273808 and parameters: {'layers': 5, 'max_depth': 2, 'resampling_rate': 1.7998709898098042, 'et': 0.2036320366131264}. Best is trial 109 with value: 3508.6982963730675.
[I 2024-11-01 00:19:44,400] Trial 721 finished with value: 3559.8595420353754 and parameters: {'layers': 11, 'max_depth': 2, 'resampling_rate': 1.2107726170610702, 'et': 0.23301621059643254}. Best is trial 109 with value: 3508.6982963730675.
[I 2024-11-01 00:19:47,502] Trial 722 finished with value: 3539.9382872328533 and parameters: {'layers': 12, 'max_depth': 2, 'resampling_rate': 1.7756356747640858, 'et': 0.6676915556170655}. Best is trial 109 with value: 3508.6982963730675.
[I 2024-11-01 00:19:50,629] Trial 723 finished with value: 3577.2708773116665 and parameters: {'layers': 5, 'max_depth': 2, 'resampling_rate': 1.718314091441702, 'et': 0.1378945091054648}. Best is trial 109 with value: 3508.6982963730675.
[I 2024-11-01 00:19:53,743] Trial 724 finished with value: 3566.534794268609 and parameters: {'layers': 15, 'max_depth': 2, 'resampling_rate': 1.7473424858115159, 'et': 0.18165820193007784}. Best is trial 109 with value: 3508.6982963730675.
[I 2024-11-01 00:19:56,866] Trial 725 finished with value: 3557.067048283638 and parameters: {'layers': 5, 'max_depth': 2, 'resampling_rate': 1.2281475071385566, 'et': 0.15880528588209028}. Best is trial 109 with value: 3508.6982963730675.
[I 2024-11-01 00:19:59,977] Trial 726 finished with value: 3534.4784871967954 and parameters: {'layers': 6, 'max_depth': 2, 'resampling_rate': 1.7572397900742485, 'et': 0.30283588440320036}. Best is trial 109 with value: 3508.6982963730675.
[I 2024-11-01 00:20:03,086] Trial 727 finished with value: 3550.12525804321 and parameters: {'layers': 5, 'max_depth': 2, 'resampling_rate': 1.6979404042787036, 'et': 0.21825208667423288}. Best is trial 109 with value: 3508.6982963730675.
[I 2024-11-01 00:20:06,173] Trial 728 finished with value: 3538.7663486696724 and parameters: {'layers': 5, 'max_depth': 2, 'resampling_rate': 1.7317855735502483, 'et': 0.5896026797297522}. Best is trial 109 with value: 3508.6982963730675.
[I 2024-11-01 00:20:09,258] Trial 729 finished with value: 3536.70997194598 and parameters: {'layers': 5, 'max_depth': 2, 'resampling_rate': 1.77896884322462, 'et': 0.20553343165659455}. Best is trial 109 with value: 3508.6982963730675.
[I 2024-11-01 00:20:12,150] Trial 730 finished with value: 3950.7237765126933 and parameters: {'layers': 5, 'max_depth': 1, 'resampling_rate': 1.4946990900206492, 'et': 0.24995030943131918}. Best is trial 109 with value: 3508.6982963730675.
