[I 2024-11-01 02:59:29,867] Trial 460 finished with value: 0.7129136968120106 and parameters: {'layers': 14, 'max_depth': 2, 'resampling_rate': 1.6682301590215813, 'et': 0.6076703092517284}. Best is trial 158 with value: 0.7116248725335422.
[I 2024-11-01 02:59:41,935] Trial 461 finished with value: 0.879903152333067 and parameters: {'layers': 15, 'max_depth': 1, 'resampling_rate': 1.7259614494961633, 'et': 0.548355996200469}. Best is trial 158 with value: 0.7116248725335422.
[I 2024-11-01 03:00:02,905] Trial 462 finished with value: 0.7139691520196442 and parameters: {'layers': 14, 'max_depth': 2, 'resampling_rate': 1.746894339863881, 'et': 0.4545189577729881}. Best is trial 158 with value: 0.7116248725335422.
[I 2024-11-01 03:00:23,544] Trial 463 finished with value: 0.7131180865910589 and parameters: {'layers': 15, 'max_depth': 2, 'resampling_rate': 1.6523875901731866, 'et': 0.5155972499011888}. Best is trial 158 with value: 0.7116248725335422.
[I 2024-11-01 03:00:26,980] Trial 464 finished with value: 1000000000.0 and parameters: {'layers': 13, 'max_depth': 2, 'resampling_rate': 1.573931963196551, 'et': 0.583519181812665}. Best is trial 158 with value: 0.7116248725335422.
[I 2024-11-01 03:00:47,773] Trial 465 finished with value: 0.7129097565559346 and parameters: {'layers': 15, 'max_depth': 2, 'resampling_rate': 1.7737939363567066, 'et': 0.49561054218932815}. Best is trial 158 with value: 0.7116248725335422.
[I 2024-11-01 03:01:08,427] Trial 466 finished with value: 0.713467204221964 and parameters: {'layers': 6, 'max_depth': 2, 'resampling_rate': 1.712926204608436, 'et': 0.5572406630996231}. Best is trial 158 with value: 0.7116248725335422.
[I 2024-11-01 03:01:29,299] Trial 467 finished with value: 0.7135159150900576 and parameters: {'layers': 14, 'max_depth': 2, 'resampling_rate': 1.7321555703864893, 'et': 0.4185839873181836}. Best is trial 158 with value: 0.7116248725335422.
[I 2024-11-01 03:01:50,080] Trial 468 finished with value: 0.7130160921799344 and parameters: {'layers': 15, 'max_depth': 2, 'resampling_rate': 1.6879375972475614, 'et': 0.4755965177714938}. Best is trial 158 with value: 0.7116248725335422.
[I 2024-11-01 03:02:11,127] Trial 469 finished with value: 0.7130575990014291 and parameters: {'layers': 14, 'max_depth': 2, 'resampling_rate': 1.6698859405194304, 'et': 0.18713639959118974}. Best is trial 158 with value: 0.7116248725335422.
[I 2024-11-01 03:02:32,024] Trial 470 finished with value: 0.7134419794522819 and parameters: {'layers': 12, 'max_depth': 2, 'resampling_rate': 1.7070916279938253, 'et': 0.2530900667767356}. Best is trial 158 with value: 0.7116248725335422.
[I 2024-11-01 03:02:52,553] Trial 471 finished with value: 0.7132094471635128 and parameters: {'layers': 15, 'max_depth': 2, 'resampling_rate': 1.6250727453854419, 'et': 0.5256127836788349}. Best is trial 158 with value: 0.7116248725335422.
[I 2024-11-01 03:03:13,634] Trial 472 finished with value: 0.7129352161539851 and parameters: {'layers': 10, 'max_depth': 2, 'resampling_rate': 1.7594076535218741, 'et': 0.32741464830829176}. Best is trial 158 with value: 0.7116248725335422.
[I 2024-11-01 03:03:34,028] Trial 473 finished with value: 0.7135994937753476 and parameters: {'layers': 9, 'max_depth': 2, 'resampling_rate': 1.640772858544757, 'et': 0.5981738109624816}. Best is trial 158 with value: 0.7116248725335422.
[I 2024-11-01 03:03:54,747] Trial 474 finished with value: 0.7136933804360092 and parameters: {'layers': 13, 'max_depth': 2, 'resampling_rate': 1.7433639129888119, 'et': 0.640348186270731}. Best is trial 158 with value: 0.7116248725335422.
[I 2024-11-01 03:04:15,435] Trial 475 finished with value: 0.7143503103422745 and parameters: {'layers': 14, 'max_depth': 2, 'resampling_rate': 1.6990724404578357, 'et': 0.5066548579476966}. Best is trial 158 with value: 0.7116248725335422.
[I 2024-11-01 03:04:36,086] Trial 476 finished with value: 0.7132327464211704 and parameters: {'layers': 15, 'max_depth': 2, 'resampling_rate': 1.6594103512798597, 'et': 0.5659459522538562}. Best is trial 158 with value: 0.7116248725335422.
[I 2024-11-01 03:04:57,060] Trial 477 finished with value: 0.7120549821447515 and parameters: {'layers': 15, 'max_depth': 2, 'resampling_rate': 1.776424548034174, 'et': 0.5370275999322046}. Best is trial 158 with value: 0.7116248725335422.
[I 2024-11-01 03:05:17,926] Trial 478 finished with value: 0.7133428768618083 and parameters: {'layers': 15, 'max_depth': 2, 'resampling_rate': 1.7793655401588453, 'et': 0.5365301416089955}. Best is trial 158 with value: 0.7116248725335422.
[I 2024-11-01 03:05:38,779] Trial 479 finished with value: 0.713373884944168 and parameters: {'layers': 15, 'max_depth': 2, 'resampling_rate': 1.7695429213763771, 'et': 0.5144890527496867}. Best is trial 158 with value: 0.7116248725335422.
[I 2024-11-01 03:05:59,650] Trial 480 finished with value: 0.712986163146415 and parameters: {'layers': 15, 'max_depth': 2, 'resampling_rate': 1.7575725548738905, 'et': 0.48204631253482266}. Best is trial 158 with value: 0.7116248725335422.
[I 2024-11-01 03:06:20,601] Trial 481 finished with value: 0.7142160779472992 and parameters: {'layers': 15, 'max_depth': 2, 'resampling_rate': 1.788987537297729, 'et': 0.5413420608264348}. Best is trial 158 with value: 0.7116248725335422.
[I 2024-11-01 03:06:41,551] Trial 482 finished with value: 0.7142723089687086 and parameters: {'layers': 15, 'max_depth': 2, 'resampling_rate': 1.773409011230664, 'et': 0.5267378146941376}. Best is trial 158 with value: 0.7116248725335422.
[I 2024-11-01 03:07:02,795] Trial 483 finished with value: 0.7138667930407502 and parameters: {'layers': 15, 'max_depth': 2, 'resampling_rate': 1.7949370708020986, 'et': 0.28669669894215927}. Best is trial 158 with value: 0.7116248725335422.
[I 2024-11-01 03:07:06,229] Trial 484 finished with value: 1000000000.0 and parameters: {'layers': 15, 'max_depth': 2, 'resampling_rate': 1.3733894765172203, 'et': 0.44064780520889707}. Best is trial 158 with value: 0.7116248725335422.
[I 2024-11-01 03:07:27,789] Trial 485 finished with value: 0.7133962913708406 and parameters: {'layers': 15, 'max_depth': 2, 'resampling_rate': 1.7519095402934302, 'et': 0.04345590141500788}. Best is trial 158 with value: 0.7116248725335422.
[I 2024-11-01 03:07:48,728] Trial 486 finished with value: 0.7130117284863461 and parameters: {'layers': 15, 'max_depth': 2, 'resampling_rate': 1.7799236093857054, 'et': 0.5047557243021007}. Best is trial 158 with value: 0.7116248725335422.
[I 2024-11-01 03:08:09,546] Trial 487 finished with value: 0.7141119326470916 and parameters: {'layers': 15, 'max_depth': 2, 'resampling_rate': 1.7329651502000938, 'et': 0.48203314589129653}. Best is trial 158 with value: 0.7116248725335422.
[I 2024-11-01 03:08:30,390] Trial 488 finished with value: 0.7135481052097322 and parameters: {'layers': 15, 'max_depth': 2, 'resampling_rate': 1.7186131853283035, 'et': 0.5510537737679718}. Best is trial 158 with value: 0.7116248725335422.
[I 2024-11-01 03:08:51,362] Trial 489 finished with value: 0.7140754481857637 and parameters: {'layers': 15, 'max_depth': 2, 'resampling_rate': 1.7538539254833834, 'et': 0.4978052294018863}. Best is trial 158 with value: 0.7116248725335422.
[I 2024-11-01 03:09:12,271] Trial 490 finished with value: 0.7136597933783765 and parameters: {'layers': 13, 'max_depth': 2, 'resampling_rate': 1.7625026472953, 'et': 0.46369165385095795}. Best is trial 158 with value: 0.7116248725335422.
[I 2024-11-01 03:09:33,164] Trial 491 finished with value: 0.7123645483043491 and parameters: {'layers': 15, 'max_depth': 2, 'resampling_rate': 1.7317412465336797, 'et': 0.36284529501386786}. Best is trial 158 with value: 0.7116248725335422.
[I 2024-11-01 03:09:54,126] Trial 492 finished with value: 0.7130393880796709 and parameters: {'layers': 15, 'max_depth': 2, 'resampling_rate': 1.7343653713883014, 'et': 0.38386537504137846}. Best is trial 158 with value: 0.7116248725335422.
[I 2024-11-01 03:10:14,703] Trial 493 finished with value: 0.7127314171362578 and parameters: {'layers': 15, 'max_depth': 2, 'resampling_rate': 1.4758668195688087, 'et': 0.3513350132041826}. Best is trial 158 with value: 0.7116248725335422.
[I 2024-11-01 03:10:35,687] Trial 494 finished with value: 0.7131875682386376 and parameters: {'layers': 15, 'max_depth': 2, 'resampling_rate': 1.74184566758192, 'et': 0.3695446955380469}. Best is trial 158 with value: 0.7116248725335422.
[I 2024-11-01 03:10:56,607] Trial 495 finished with value: 0.7136390436642049 and parameters: {'layers': 15, 'max_depth': 2, 'resampling_rate': 1.7233257160362654, 'et': 0.3447031153682254}. Best is trial 158 with value: 0.7116248725335422.
[I 2024-11-01 03:11:17,459] Trial 496 finished with value: 0.7137953369893405 and parameters: {'layers': 15, 'max_depth': 2, 'resampling_rate': 1.7072672015617554, 'et': 0.36267210279049217}. Best is trial 158 with value: 0.7116248725335422.
[I 2024-11-01 03:11:38,562] Trial 497 finished with value: 0.7130897985384156 and parameters: {'layers': 15, 'max_depth': 2, 'resampling_rate': 1.745516162827381, 'et': 0.31316242761088986}. Best is trial 158 with value: 0.7116248725335422.
[I 2024-11-01 03:11:59,513] Trial 498 finished with value: 0.7133803739286947 and parameters: {'layers': 15, 'max_depth': 2, 'resampling_rate': 1.7196683034389746, 'et': 0.4049743599148797}. Best is trial 158 with value: 0.7116248725335422.
[I 2024-11-01 03:12:20,536] Trial 499 finished with value: 0.7129492536745996 and parameters: {'layers': 15, 'max_depth': 2, 'resampling_rate': 1.7683204812365318, 'et': 0.29903409557621297}. Best is trial 158 with value: 0.7116248725335422.
[I 2024-11-01 03:12:41,538] Trial 500 finished with value: 0.7125852534323619 and parameters: {'layers': 15, 'max_depth': 2, 'resampling_rate': 1.7295025347733406, 'et': 0.37931434601877034}. Best is trial 158 with value: 0.7116248725335422.
[I 2024-11-01 03:13:02,442] Trial 501 finished with value: 0.7126316803986096 and parameters: {'layers': 15, 'max_depth': 2, 'resampling_rate': 1.7019951794672996, 'et': 0.4334798540924718}. Best is trial 158 with value: 0.7116248725335422.
[I 2024-11-01 03:13:23,333] Trial 502 finished with value: 0.7133310065947917 and parameters: {'layers': 15, 'max_depth': 2, 'resampling_rate': 1.6887831817340182, 'et': 0.33396466808953185}. Best is trial 158 with value: 0.7116248725335422.
[I 2024-11-01 03:13:44,279] Trial 503 finished with value: 0.713365336999725 and parameters: {'layers': 12, 'max_depth': 2, 'resampling_rate': 1.785231090794884, 'et': 0.4084734027277595}. Best is trial 158 with value: 0.7116248725335422.
[I 2024-11-01 03:13:56,420] Trial 504 finished with value: 0.8777354327358462 and parameters: {'layers': 15, 'max_depth': 1, 'resampling_rate': 1.7152607457190494, 'et': 0.27990303917505516}. Best is trial 158 with value: 0.7116248725335422.
[I 2024-11-01 03:14:17,501] Trial 505 finished with value: 0.7131901618878134 and parameters: {'layers': 15, 'max_depth': 2, 'resampling_rate': 1.7462551126942771, 'et': 0.316760342611299}. Best is trial 158 with value: 0.7116248725335422.
[I 2024-11-01 03:14:38,425] Trial 506 finished with value: 0.7132461423479667 and parameters: {'layers': 15, 'max_depth': 2, 'resampling_rate': 1.7366931951377675, 'et': 0.4254124292264149}. Best is trial 158 with value: 0.7116248725335422.
[I 2024-11-01 03:14:59,175] Trial 507 finished with value: 0.713125399210997 and parameters: {'layers': 13, 'max_depth': 2, 'resampling_rate': 1.6825178875416427, 'et': 0.5256580170729446}. Best is trial 158 with value: 0.7116248725335422.
[I 2024-11-01 03:15:20,066] Trial 508 finished with value: 0.7132395064304449 and parameters: {'layers': 15, 'max_depth': 2, 'resampling_rate': 1.7612176304961216, 'et': 0.4519319951097052}. Best is trial 158 with value: 0.7116248725335422.
[I 2024-11-01 03:15:40,963] Trial 509 finished with value: 0.7132005552771922 and parameters: {'layers': 11, 'max_depth': 2, 'resampling_rate': 1.7109864268491128, 'et': 0.3381275192705692}. Best is trial 158 with value: 0.7116248725335422.
[I 2024-11-01 03:16:01,471] Trial 510 finished with value: 0.713862521493216 and parameters: {'layers': 12, 'max_depth': 2, 'resampling_rate': 1.5247047864648824, 'et': 0.4845363859453764}. Best is trial 158 with value: 0.7116248725335422.
[I 2024-11-01 03:16:22,489] Trial 511 finished with value: 0.7145544716090244 and parameters: {'layers': 15, 'max_depth': 2, 'resampling_rate': 1.7262535067823817, 'et': 0.3625555336523347}. Best is trial 158 with value: 0.7116248725335422.
[I 2024-11-01 03:16:25,908] Trial 512 finished with value: 1000000000.0 and parameters: {'layers': 15, 'max_depth': 2, 'resampling_rate': 1.7773677408273743, 'et': 0.8027131962818363}. Best is trial 158 with value: 0.7116248725335422.
[I 2024-11-01 03:16:46,669] Trial 513 finished with value: 0.7134078828144812 and parameters: {'layers': 15, 'max_depth': 2, 'resampling_rate': 1.7036798091203489, 'et': 0.3935915298225219}. Best is trial 158 with value: 0.7116248725335422.
[I 2024-11-01 03:17:07,230] Trial 514 finished with value: 0.7132791332365934 and parameters: {'layers': 15, 'max_depth': 2, 'resampling_rate': 1.6958065994328482, 'et': 0.6690688468043492}. Best is trial 158 with value: 0.7116248725335422.
[I 2024-11-01 03:17:28,142] Trial 515 finished with value: 0.7132615265365772 and parameters: {'layers': 13, 'max_depth': 2, 'resampling_rate': 1.797407059915494, 'et': 0.5125000368643695}. Best is trial 158 with value: 0.7116248725335422.
[I 2024-11-01 03:17:31,589] Trial 516 finished with value: 1000000000.0 and parameters: {'layers': 15, 'max_depth': 2, 'resampling_rate': 1.2174096316141572, 'et': 0.5326678962756943}. Best is trial 158 with value: 0.7116248725335422.
[I 2024-11-01 03:17:52,668] Trial 517 finished with value: 0.7129624918485177 and parameters: {'layers': 15, 'max_depth': 2, 'resampling_rate': 1.7532093149031294, 'et': 0.272644363223771}. Best is trial 158 with value: 0.7116248725335422.
[I 2024-11-01 03:18:14,136] Trial 518 finished with value: 0.7139509495849482 and parameters: {'layers': 10, 'max_depth': 2, 'resampling_rate': 1.676918786056808, 'et': 0.09159905201368995}. Best is trial 158 with value: 0.7116248725335422.
[I 2024-11-01 03:18:34,939] Trial 519 finished with value: 0.7133860580743278 and parameters: {'layers': 13, 'max_depth': 2, 'resampling_rate': 1.734872437101914, 'et': 0.5023671979444309}. Best is trial 158 with value: 0.7116248725335422.
[I 2024-11-01 03:18:55,778] Trial 520 finished with value: 0.7139475257774129 and parameters: {'layers': 15, 'max_depth': 2, 'resampling_rate': 1.7696106255442703, 'et': 0.47223793639245665}. Best is trial 158 with value: 0.7116248725335422.
[I 2024-11-01 03:19:16,503] Trial 521 finished with value: 0.7137851535367986 and parameters: {'layers': 15, 'max_depth': 2, 'resampling_rate': 1.72280249602486, 'et': 0.5449542876628838}. Best is trial 158 with value: 0.7116248725335422.
[I 2024-11-01 03:19:37,533] Trial 522 finished with value: 0.712439984147392 and parameters: {'layers': 9, 'max_depth': 2, 'resampling_rate': 1.7499959508704923, 'et': 0.3191054159428013}. Best is trial 158 with value: 0.7116248725335422.
[I 2024-11-01 03:19:58,471] Trial 523 finished with value: 0.7127371373935412 and parameters: {'layers': 9, 'max_depth': 2, 'resampling_rate': 1.74588075343271, 'et': 0.29911644515836255}. Best is trial 158 with value: 0.7116248725335422.
[I 2024-11-01 03:20:19,349] Trial 524 finished with value: 0.7138865426295501 and parameters: {'layers': 9, 'max_depth': 2, 'resampling_rate': 1.734702588948291, 'et': 0.32809940715950614}. Best is trial 158 with value: 0.7116248725335422.
[I 2024-11-01 03:20:40,149] Trial 525 finished with value: 0.7138921346404795 and parameters: {'layers': 9, 'max_depth': 2, 'resampling_rate': 1.7096959792640343, 'et': 0.34673055811337694}. Best is trial 158 with value: 0.7116248725335422.
[I 2024-11-01 03:21:01,168] Trial 526 finished with value: 0.7136305354268261 and parameters: {'layers': 8, 'max_depth': 2, 'resampling_rate': 1.7500621901251958, 'et': 0.28445336434516777}. Best is trial 158 with value: 0.7116248725335422.
[I 2024-11-01 03:21:22,063] Trial 527 finished with value: 0.7129610575170547 and parameters: {'layers': 8, 'max_depth': 2, 'resampling_rate': 1.7197283549424855, 'et': 0.31057560538017764}. Best is trial 158 with value: 0.7116248725335422.
[I 2024-11-01 03:21:42,809] Trial 528 finished with value: 0.7140902744168428 and parameters: {'layers': 9, 'max_depth': 2, 'resampling_rate': 1.6800475945730309, 'et': 0.5215170241320181}. Best is trial 158 with value: 0.7116248725335422.
[I 2024-11-01 03:22:03,624] Trial 529 finished with value: 0.7135824829361955 and parameters: {'layers': 10, 'max_depth': 2, 'resampling_rate': 1.6914620120098267, 'et': 0.3121524271721914}. Best is trial 158 with value: 0.7116248725335422.
[I 2024-11-01 03:22:24,526] Trial 530 finished with value: 0.7122970330790342 and parameters: {'layers': 15, 'max_depth': 2, 'resampling_rate': 1.739170020562811, 'et': 0.2994201137641261}. Best is trial 158 with value: 0.7116248725335422.
[I 2024-11-01 03:22:45,503] Trial 531 finished with value: 0.7130199741346908 and parameters: {'layers': 8, 'max_depth': 2, 'resampling_rate': 1.7236459720711552, 'et': 0.2976595807442801}. Best is trial 158 with value: 0.7116248725335422.
[I 2024-11-01 03:23:06,598] Trial 532 finished with value: 0.7129541042426016 and parameters: {'layers': 15, 'max_depth': 2, 'resampling_rate': 1.7080408038125294, 'et': 0.26914108455840463}. Best is trial 158 with value: 0.7116248725335422.
[I 2024-11-01 03:23:27,454] Trial 533 finished with value: 0.713558267749547 and parameters: {'layers': 10, 'max_depth': 2, 'resampling_rate': 1.7405804326493115, 'et': 0.33063523583954824}. Best is trial 158 with value: 0.7116248725335422.
[I 2024-11-01 03:23:48,408] Trial 534 finished with value: 0.7134678078344144 and parameters: {'layers': 14, 'max_depth': 2, 'resampling_rate': 1.6964642580353417, 'et': 0.2943228816425543}. Best is trial 158 with value: 0.7116248725335422.
[I 2024-11-01 03:24:09,345] Trial 535 finished with value: 0.7146236200746671 and parameters: {'layers': 7, 'max_depth': 2, 'resampling_rate': 1.726867992848909, 'et': 0.28910329571230087}. Best is trial 158 with value: 0.7116248725335422.
[I 2024-11-01 03:24:30,177] Trial 536 finished with value: 0.7134563569645612 and parameters: {'layers': 15, 'max_depth': 2, 'resampling_rate': 1.6640392275795726, 'et': 0.3117417772912151}. Best is trial 158 with value: 0.7116248725335422.
[I 2024-11-01 03:24:51,110] Trial 537 finished with value: 0.7141170302016887 and parameters: {'layers': 9, 'max_depth': 2, 'resampling_rate': 1.7130751561681956, 'et': 0.32356411938642404}. Best is trial 158 with value: 0.7116248725335422.
[I 2024-11-01 03:25:12,055] Trial 538 finished with value: 0.7138026173153517 and parameters: {'layers': 15, 'max_depth': 2, 'resampling_rate': 1.737680912862409, 'et': 0.3113447721756189}. Best is trial 158 with value: 0.7116248725335422.
[I 2024-11-01 03:25:32,976] Trial 539 finished with value: 0.7137462287665163 and parameters: {'layers': 15, 'max_depth': 2, 'resampling_rate': 1.6959388641878392, 'et': 0.35428937184512543}. Best is trial 158 with value: 0.7116248725335422.
[I 2024-11-01 03:25:54,084] Trial 540 finished with value: 0.7136807532216043 and parameters: {'layers': 14, 'max_depth': 2, 'resampling_rate': 1.7172602958329537, 'et': 0.2608048737620405}. Best is trial 158 with value: 0.7116248725335422.
[I 2024-11-01 03:26:15,159] Trial 541 finished with value: 0.7141618453219909 and parameters: {'layers': 15, 'max_depth': 2, 'resampling_rate': 1.7584888528415237, 'et': 0.3337163949900711}. Best is trial 158 with value: 0.7116248725335422.
[I 2024-11-01 03:26:27,310] Trial 542 finished with value: 0.8787803850924566 and parameters: {'layers': 15, 'max_depth': 1, 'resampling_rate': 1.6820528029377584, 'et': 0.29641146242478944}. Best is trial 158 with value: 0.7116248725335422.
[I 2024-11-01 03:26:48,445] Trial 543 finished with value: 0.7131806591401929 and parameters: {'layers': 14, 'max_depth': 2, 'resampling_rate': 1.6709452910753015, 'et': 0.2778222416937064}. Best is trial 158 with value: 0.7116248725335422.
[I 2024-11-01 03:27:09,208] Trial 544 finished with value: 0.7137567886993631 and parameters: {'layers': 15, 'max_depth': 2, 'resampling_rate': 1.7325449301771814, 'et': 0.6439197317996007}. Best is trial 158 with value: 0.7116248725335422.
[I 2024-11-01 03:27:30,156] Trial 545 finished with value: 0.7137535589374203 and parameters: {'layers': 14, 'max_depth': 2, 'resampling_rate': 1.704446492469083, 'et': 0.3231355159949248}. Best is trial 158 with value: 0.7116248725335422.
[I 2024-11-01 03:27:50,910] Trial 546 finished with value: 0.713859716818895 and parameters: {'layers': 15, 'max_depth': 2, 'resampling_rate': 1.7432968828508402, 'et': 0.4645333358987798}. Best is trial 158 with value: 0.7116248725335422.
[I 2024-11-01 03:28:11,922] Trial 547 finished with value: 0.7119884600156685 and parameters: {'layers': 15, 'max_depth': 2, 'resampling_rate': 1.7168913351851731, 'et': 0.3070409184994714}. Best is trial 158 with value: 0.7116248725335422.
[I 2024-11-01 03:28:33,039] Trial 548 finished with value: 0.713910980117915 and parameters: {'layers': 15, 'max_depth': 2, 'resampling_rate': 1.7249186105618473, 'et': 0.28367861902744096}. Best is trial 158 with value: 0.7116248725335422.
[I 2024-11-01 03:28:54,107] Trial 549 finished with value: 0.7129174496221377 and parameters: {'layers': 15, 'max_depth': 2, 'resampling_rate': 1.7148397119046346, 'et': 0.30613020449950307}. Best is trial 158 with value: 0.7116248725335422.
[I 2024-11-01 03:29:15,097] Trial 550 finished with value: 0.7134924516555675 and parameters: {'layers': 15, 'max_depth': 2, 'resampling_rate': 1.734981458597787, 'et': 0.3149593232942091}. Best is trial 158 with value: 0.7116248725335422.
