[I 2024-11-01 06:31:12,097] Trial 559 finished with value: 9.492057833643281 and parameters: {'layers': 8, 'max_depth': 2, 'resampling_rate': 1.4485585045596159, 'et': 0.4650237117131188}. Best is trial 176 with value: 9.390723799178996.
[I 2024-11-01 06:31:16,824] Trial 560 finished with value: 9.551635264547206 and parameters: {'layers': 6, 'max_depth': 2, 'resampling_rate': 1.1919084908907787, 'et': 0.04648005884564884}. Best is trial 176 with value: 9.390723799178996.
[I 2024-11-01 06:31:22,076] Trial 561 finished with value: 9.515690162590596 and parameters: {'layers': 9, 'max_depth': 2, 'resampling_rate': 1.2244845767919545, 'et': 0.06380790077665137}. Best is trial 176 with value: 9.390723799178996.
[I 2024-11-01 06:31:27,973] Trial 562 finished with value: 9.49211428084231 and parameters: {'layers': 14, 'max_depth': 2, 'resampling_rate': 1.699061246648267, 'et': 0.34595050420302786}. Best is trial 176 with value: 9.390723799178996.
[I 2024-11-01 06:31:32,741] Trial 563 finished with value: 9.53908789029741 and parameters: {'layers': 11, 'max_depth': 2, 'resampling_rate': 1.7167629505429225, 'et': 0.08735805745804814}. Best is trial 176 with value: 9.390723799178996.
[I 2024-11-01 06:31:36,782] Trial 564 finished with value: 9.49026266407152 and parameters: {'layers': 7, 'max_depth': 2, 'resampling_rate': 1.3399020672044766, 'et': 0.11772394616920243}. Best is trial 176 with value: 9.390723799178996.
[I 2024-11-01 06:31:37,256] Trial 565 finished with value: 1000000000.0 and parameters: {'layers': 7, 'max_depth': 2, 'resampling_rate': 1.2584816886377208, 'et': 0.5103116265697558}. Best is trial 176 with value: 9.390723799178996.
[I 2024-11-01 06:31:42,579] Trial 566 finished with value: 9.445925006138943 and parameters: {'layers': 8, 'max_depth': 2, 'resampling_rate': 1.2023788175892183, 'et': 0.07571245792971773}. Best is trial 176 with value: 9.390723799178996.
[I 2024-11-01 06:31:47,220] Trial 567 finished with value: 9.564565421815013 and parameters: {'layers': 7, 'max_depth': 2, 'resampling_rate': 1.3976773063463586, 'et': 0.10673046146923837}. Best is trial 176 with value: 9.390723799178996.
[I 2024-11-01 06:31:50,052] Trial 568 finished with value: 10.253689487139047 and parameters: {'layers': 8, 'max_depth': 1, 'resampling_rate': 1.6843242834698884, 'et': 0.026090017611964073}. Best is trial 176 with value: 9.390723799178996.
[I 2024-11-01 06:31:54,143] Trial 569 finished with value: 9.475358601431301 and parameters: {'layers': 10, 'max_depth': 2, 'resampling_rate': 1.3816663710042572, 'et': 0.058866395240423655}. Best is trial 176 with value: 9.390723799178996.
[I 2024-11-01 06:31:57,668] Trial 570 finished with value: 9.45927148653715 and parameters: {'layers': 7, 'max_depth': 2, 'resampling_rate': 1.7327124380095813, 'et': 0.08808618576578306}. Best is trial 176 with value: 9.390723799178996.
[I 2024-11-01 06:32:00,630] Trial 571 finished with value: 9.578535165071637 and parameters: {'layers': 15, 'max_depth': 2, 'resampling_rate': 1.4274815329596109, 'et': 0.04287592481547344}. Best is trial 176 with value: 9.390723799178996.
[I 2024-11-01 06:32:06,059] Trial 572 finished with value: 9.580591137328616 and parameters: {'layers': 9, 'max_depth': 2, 'resampling_rate': 1.1820204599290893, 'et': 0.011257254036845112}. Best is trial 176 with value: 9.390723799178996.
[I 2024-11-01 06:32:09,520] Trial 573 finished with value: 9.455175589719838 and parameters: {'layers': 12, 'max_depth': 2, 'resampling_rate': 1.4815634049656015, 'et': 0.15764716000907258}. Best is trial 176 with value: 9.390723799178996.
[I 2024-11-01 06:32:15,489] Trial 574 finished with value: 9.635571655838914 and parameters: {'layers': 7, 'max_depth': 2, 'resampling_rate': 1.7186487262960681, 'et': 0.1292329877955069}. Best is trial 176 with value: 9.390723799178996.
[I 2024-11-01 06:32:21,386] Trial 575 finished with value: 9.662080785798944 and parameters: {'layers': 8, 'max_depth': 2, 'resampling_rate': 1.697378085133976, 'et': 0.30083366514909937}. Best is trial 176 with value: 9.390723799178996.
[I 2024-11-01 06:32:26,090] Trial 576 finished with value: 9.474105174535532 and parameters: {'layers': 10, 'max_depth': 2, 'resampling_rate': 1.2127886987932648, 'et': 0.06887994475126287}. Best is trial 176 with value: 9.390723799178996.
[I 2024-11-01 06:32:30,149] Trial 577 finished with value: 9.49306437690805 and parameters: {'layers': 7, 'max_depth': 2, 'resampling_rate': 1.4085476542218902, 'et': 0.09941593968262893}. Best is trial 176 with value: 9.390723799178996.
[I 2024-11-01 06:32:33,049] Trial 578 finished with value: 9.526395734660872 and parameters: {'layers': 11, 'max_depth': 2, 'resampling_rate': 1.7290252620984363, 'et': 0.05830741269405959}. Best is trial 176 with value: 9.390723799178996.
[I 2024-11-01 06:32:37,099] Trial 579 finished with value: 9.508028356323244 and parameters: {'layers': 7, 'max_depth': 2, 'resampling_rate': 1.6612780581764435, 'et': 0.39732130386008}. Best is trial 176 with value: 9.390723799178996.
[I 2024-11-01 06:32:42,338] Trial 580 finished with value: 9.505317597271553 and parameters: {'layers': 6, 'max_depth': 2, 'resampling_rate': 1.4441048754348627, 'et': 0.42649545597521804}. Best is trial 176 with value: 9.390723799178996.
[I 2024-11-01 06:32:47,539] Trial 581 finished with value: 9.581299669402208 and parameters: {'layers': 8, 'max_depth': 2, 'resampling_rate': 1.1748382960218184, 'et': 0.08225694806621356}. Best is trial 176 with value: 9.390723799178996.
[I 2024-11-01 06:32:50,967] Trial 582 finished with value: 9.52533116283473 and parameters: {'layers': 7, 'max_depth': 2, 'resampling_rate': 1.7025745029572945, 'et': 0.37995723025399364}. Best is trial 176 with value: 9.390723799178996.
[I 2024-11-01 06:32:55,012] Trial 583 finished with value: 9.547921790876256 and parameters: {'layers': 8, 'max_depth': 2, 'resampling_rate': 1.3926664641337818, 'et': 0.038077214682393966}. Best is trial 176 with value: 9.390723799178996.
[I 2024-11-01 06:32:59,040] Trial 584 finished with value: 9.533061228324602 and parameters: {'layers': 9, 'max_depth': 2, 'resampling_rate': 1.4255238369311416, 'et': 0.1122852491826493}. Best is trial 176 with value: 9.390723799178996.
[I 2024-11-01 06:33:03,699] Trial 585 finished with value: 9.540639511405887 and parameters: {'layers': 7, 'max_depth': 2, 'resampling_rate': 1.7140434046801563, 'et': 0.07385898081463298}. Best is trial 176 with value: 9.390723799178996.
[I 2024-11-01 06:33:06,614] Trial 586 finished with value: 9.470647090496756 and parameters: {'layers': 8, 'max_depth': 2, 'resampling_rate': 1.2987652169041386, 'et': 0.09805756744737547}. Best is trial 176 with value: 9.390723799178996.
[I 2024-11-01 06:33:12,620] Trial 587 finished with value: 9.59070530757639 and parameters: {'layers': 6, 'max_depth': 2, 'resampling_rate': 1.2423276576290478, 'et': 0.052184150459093415}. Best is trial 176 with value: 9.390723799178996.
[I 2024-11-01 06:33:21,276] Trial 588 finished with value: 9.460909282986146 and parameters: {'layers': 12, 'max_depth': 2, 'resampling_rate': 1.2314430851966787, 'et': 0.03512189787613705}. Best is trial 176 with value: 9.390723799178996.
[I 2024-11-01 06:33:26,608] Trial 589 finished with value: 9.57103756084517 and parameters: {'layers': 10, 'max_depth': 2, 'resampling_rate': 1.678422018816177, 'et': 0.08528617800536795}. Best is trial 176 with value: 9.390723799178996.
[I 2024-11-01 06:33:30,690] Trial 590 finished with value: 9.540381773077565 and parameters: {'layers': 14, 'max_depth': 2, 'resampling_rate': 1.517840191491954, 'et': 0.11646692116914939}. Best is trial 176 with value: 9.390723799178996.
[I 2024-11-01 06:33:33,608] Trial 591 finished with value: 9.472922999951944 and parameters: {'layers': 7, 'max_depth': 2, 'resampling_rate': 1.6284635559172582, 'et': 0.13692174138941512}. Best is trial 176 with value: 9.390723799178996.
[I 2024-11-01 06:33:34,077] Trial 592 finished with value: 1000000000.0 and parameters: {'layers': 5, 'max_depth': 2, 'resampling_rate': 1.203025611743925, 'et': 0.48015801975441136}. Best is trial 176 with value: 9.390723799178996.
[I 2024-11-01 06:33:37,580] Trial 593 finished with value: 9.470449747903032 and parameters: {'layers': 8, 'max_depth': 2, 'resampling_rate': 1.7259102967837328, 'et': 0.06277242765268712}. Best is trial 176 with value: 9.390723799178996.
[I 2024-11-01 06:33:41,084] Trial 594 finished with value: 9.516119203454496 and parameters: {'layers': 11, 'max_depth': 2, 'resampling_rate': 1.3686830120459152, 'et': 0.09767468567773846}. Best is trial 176 with value: 9.390723799178996.
[I 2024-11-01 06:33:46,375] Trial 595 finished with value: 9.463267813340556 and parameters: {'layers': 7, 'max_depth': 2, 'resampling_rate': 1.7391641194330243, 'et': 0.32481275815168287}. Best is trial 176 with value: 9.390723799178996.
[I 2024-11-01 06:33:49,300] Trial 596 finished with value: 9.551133341986494 and parameters: {'layers': 8, 'max_depth': 2, 'resampling_rate': 1.4014447278912745, 'et': 0.2912776565102432}. Best is trial 176 with value: 9.390723799178996.
[I 2024-11-01 06:33:54,489] Trial 597 finished with value: 9.503604186794355 and parameters: {'layers': 7, 'max_depth': 2, 'resampling_rate': 1.1917879813929495, 'et': 0.05074336873331473}. Best is trial 176 with value: 9.390723799178996.
[I 2024-11-01 06:33:57,933] Trial 598 finished with value: 9.525236472159078 and parameters: {'layers': 7, 'max_depth': 2, 'resampling_rate': 1.6880382967378527, 'et': 0.07969891695447505}. Best is trial 176 with value: 9.390723799178996.
[I 2024-11-01 06:34:02,518] Trial 599 finished with value: 9.52792058875412 and parameters: {'layers': 8, 'max_depth': 2, 'resampling_rate': 1.503778250182398, 'et': 0.02358972548017714}. Best is trial 176 with value: 9.390723799178996.
[I 2024-11-01 06:34:08,994] Trial 600 finished with value: 9.510017252343594 and parameters: {'layers': 7, 'max_depth': 2, 'resampling_rate': 1.3520914906545822, 'et': 0.06440185146326075}. Best is trial 176 with value: 9.390723799178996.
[I 2024-11-01 06:34:12,424] Trial 601 finished with value: 9.556864013710273 and parameters: {'layers': 9, 'max_depth': 2, 'resampling_rate': 1.6471858914907045, 'et': 0.11246477563014357}. Best is trial 176 with value: 9.390723799178996.
[I 2024-11-01 06:34:15,902] Trial 602 finished with value: 9.590136009090914 and parameters: {'layers': 6, 'max_depth': 2, 'resampling_rate': 1.7065277774629066, 'et': 0.03954518526452705}. Best is trial 176 with value: 9.390723799178996.
[I 2024-11-01 06:34:18,795] Trial 603 finished with value: 9.58349001258484 and parameters: {'layers': 10, 'max_depth': 2, 'resampling_rate': 1.4243417949179642, 'et': 0.3495906044801837}. Best is trial 176 with value: 9.390723799178996.
[I 2024-11-01 06:34:22,856] Trial 604 finished with value: 9.46155479668181 and parameters: {'layers': 13, 'max_depth': 2, 'resampling_rate': 1.2726907274454624, 'et': 0.09361532921521125}. Best is trial 176 with value: 9.390723799178996.
[I 2024-11-01 06:34:28,092] Trial 605 finished with value: 9.49530533404858 and parameters: {'layers': 7, 'max_depth': 2, 'resampling_rate': 1.7202066846809143, 'et': 0.010936923628001166}. Best is trial 176 with value: 9.390723799178996.
[I 2024-11-01 06:34:30,990] Trial 606 finished with value: 9.554813130237536 and parameters: {'layers': 8, 'max_depth': 2, 'resampling_rate': 1.2225641028963161, 'et': 0.1501841287997145}. Best is trial 176 with value: 9.390723799178996.
[I 2024-11-01 06:34:36,196] Trial 607 finished with value: 9.509838397338415 and parameters: {'layers': 15, 'max_depth': 2, 'resampling_rate': 1.141555170522444, 'et': 0.07314577330099359}. Best is trial 176 with value: 9.390723799178996.
[I 2024-11-01 06:34:39,012] Trial 608 finished with value: 10.267061819168685 and parameters: {'layers': 6, 'max_depth': 1, 'resampling_rate': 1.752917853679752, 'et': 0.12470324032899702}. Best is trial 176 with value: 9.390723799178996.
[I 2024-11-01 06:34:44,974] Trial 609 finished with value: 9.633485901719798 and parameters: {'layers': 7, 'max_depth': 2, 'resampling_rate': 1.4102972872061412, 'et': 0.17905616539494235}. Best is trial 176 with value: 9.390723799178996.
[I 2024-11-01 06:34:45,443] Trial 610 finished with value: 1000000000.0 and parameters: {'layers': 11, 'max_depth': 2, 'resampling_rate': 1.3862316309458842, 'et': 0.8800635789666412}. Best is trial 176 with value: 9.390723799178996.
[I 2024-11-01 06:34:52,632] Trial 611 finished with value: 9.5908089542591 and parameters: {'layers': 14, 'max_depth': 2, 'resampling_rate': 1.1689524729120233, 'et': 0.0557124651825064}. Best is trial 176 with value: 9.390723799178996.
[I 2024-11-01 06:34:57,418] Trial 612 finished with value: 9.57091216257297 and parameters: {'layers': 7, 'max_depth': 2, 'resampling_rate': 1.7382239980115841, 'et': 0.26836542390472196}. Best is trial 176 with value: 9.390723799178996.
[I 2024-11-01 06:35:00,373] Trial 613 finished with value: 9.521223956272907 and parameters: {'layers': 8, 'max_depth': 2, 'resampling_rate': 1.4601028220385728, 'et': 0.08565644536795805}. Best is trial 176 with value: 9.390723799178996.
[I 2024-11-01 06:35:07,009] Trial 614 finished with value: 9.559506460212981 and parameters: {'layers': 7, 'max_depth': 2, 'resampling_rate': 1.1835716427132295, 'et': 0.037408992846772286}. Best is trial 176 with value: 9.390723799178996.
[I 2024-11-01 06:35:12,244] Trial 615 finished with value: 9.530862279272492 and parameters: {'layers': 11, 'max_depth': 2, 'resampling_rate': 1.530689935408415, 'et': 0.1029519942125359}. Best is trial 176 with value: 9.390723799178996.
[I 2024-11-01 06:35:18,036] Trial 616 finished with value: 9.552149608972401 and parameters: {'layers': 9, 'max_depth': 2, 'resampling_rate': 1.704298008858703, 'et': 0.4072548302582771}. Best is trial 176 with value: 9.390723799178996.
[I 2024-11-01 06:35:22,100] Trial 617 finished with value: 9.486644774153357 and parameters: {'layers': 8, 'max_depth': 2, 'resampling_rate': 1.2107508458668659, 'et': 0.07004640735409841}. Best is trial 176 with value: 9.390723799178996.
[I 2024-11-01 06:35:26,801] Trial 618 finished with value: 9.50802122147696 and parameters: {'layers': 7, 'max_depth': 2, 'resampling_rate': 1.4420912138019866, 'et': 0.1293231305838082}. Best is trial 176 with value: 9.390723799178996.
[I 2024-11-01 06:35:33,206] Trial 619 finished with value: 9.527150704362402 and parameters: {'layers': 8, 'max_depth': 2, 'resampling_rate': 1.7147554828184697, 'et': 0.3068552631417416}. Best is trial 176 with value: 9.390723799178996.
[I 2024-11-01 06:35:37,266] Trial 620 finished with value: 9.522322482567226 and parameters: {'layers': 10, 'max_depth': 2, 'resampling_rate': 1.7260283361915496, 'et': 0.21357763885102193}. Best is trial 176 with value: 9.390723799178996.
[I 2024-11-01 06:35:40,137] Trial 621 finished with value: 9.407264672023224 and parameters: {'layers': 7, 'max_depth': 2, 'resampling_rate': 1.6933327687155721, 'et': 0.05329610701979027}. Best is trial 176 with value: 9.390723799178996.
[I 2024-11-01 06:35:43,002] Trial 622 finished with value: 9.553225241656717 and parameters: {'layers': 10, 'max_depth': 2, 'resampling_rate': 1.6780675313153037, 'et': 0.09593949751510113}. Best is trial 176 with value: 9.390723799178996.
[I 2024-11-01 06:35:46,977] Trial 623 finished with value: 9.501035448194422 and parameters: {'layers': 6, 'max_depth': 2, 'resampling_rate': 1.664563891440128, 'et': 0.07094800564262144}. Best is trial 176 with value: 9.390723799178996.
[I 2024-11-01 06:35:49,852] Trial 624 finished with value: 9.494033018669072 and parameters: {'layers': 7, 'max_depth': 2, 'resampling_rate': 1.6980777343249742, 'et': 0.04559986003857176}. Best is trial 176 with value: 9.390723799178996.
[I 2024-11-01 06:35:55,030] Trial 625 finished with value: 9.4981653164667 and parameters: {'layers': 7, 'max_depth': 2, 'resampling_rate': 1.690437438331282, 'et': 0.11161120103867862}. Best is trial 176 with value: 9.390723799178996.
[I 2024-11-01 06:35:59,114] Trial 626 finished with value: 9.483397422714665 and parameters: {'layers': 8, 'max_depth': 2, 'resampling_rate': 1.6894294368685674, 'et': 0.0851119207913305}. Best is trial 176 with value: 9.390723799178996.
[I 2024-11-01 06:36:02,034] Trial 627 finished with value: 9.543690220876792 and parameters: {'layers': 8, 'max_depth': 2, 'resampling_rate': 1.708230859305754, 'et': 0.05473966442954599}. Best is trial 176 with value: 9.390723799178996.
[I 2024-11-01 06:36:04,945] Trial 628 finished with value: 9.540242334863821 and parameters: {'layers': 7, 'max_depth': 2, 'resampling_rate': 1.6888838760774239, 'et': 0.030208034550855883}. Best is trial 176 with value: 9.390723799178996.
[I 2024-11-01 06:36:07,858] Trial 629 finished with value: 9.446173621846562 and parameters: {'layers': 9, 'max_depth': 2, 'resampling_rate': 1.6731673741937876, 'et': 0.07613290474595774}. Best is trial 176 with value: 9.390723799178996.
[I 2024-11-01 06:36:11,910] Trial 630 finished with value: 9.528356531723338 and parameters: {'layers': 12, 'max_depth': 2, 'resampling_rate': 1.7348622310146016, 'et': 0.10681097500425574}. Best is trial 176 with value: 9.390723799178996.
[I 2024-11-01 06:36:16,704] Trial 631 finished with value: 9.643291147562671 and parameters: {'layers': 7, 'max_depth': 2, 'resampling_rate': 1.7051058083753987, 'et': 0.1402231700011535}. Best is trial 176 with value: 9.390723799178996.
[I 2024-11-01 06:36:20,804] Trial 632 finished with value: 9.539026745007986 and parameters: {'layers': 8, 'max_depth': 2, 'resampling_rate': 1.377400148210436, 'et': 0.05913995105068052}. Best is trial 176 with value: 9.390723799178996.
[I 2024-11-01 06:36:23,706] Trial 633 finished with value: 9.553413295198354 and parameters: {'layers': 15, 'max_depth': 2, 'resampling_rate': 1.7260709462314776, 'et': 0.09275885355188533}. Best is trial 176 with value: 9.390723799178996.
[I 2024-11-01 06:36:30,776] Trial 634 finished with value: 9.597849483188261 and parameters: {'layers': 7, 'max_depth': 2, 'resampling_rate': 1.6603185354981138, 'et': 0.37443539627032907}. Best is trial 176 with value: 9.390723799178996.
[I 2024-11-01 06:36:34,217] Trial 635 finished with value: 9.494172812020313 and parameters: {'layers': 7, 'max_depth': 2, 'resampling_rate': 1.1218305981101253, 'et': 0.0716700857017041}. Best is trial 176 with value: 9.390723799178996.
[I 2024-11-01 06:36:39,447] Trial 636 finished with value: 9.441855005115974 and parameters: {'layers': 11, 'max_depth': 2, 'resampling_rate': 1.4031557138885065, 'et': 0.28201915114347964}. Best is trial 176 with value: 9.390723799178996.
[I 2024-11-01 06:36:47,240] Trial 637 finished with value: 9.598909397205814 and parameters: {'layers': 6, 'max_depth': 2, 'resampling_rate': 1.714186647304457, 'et': 0.11904171373409453}. Best is trial 176 with value: 9.390723799178996.
[I 2024-11-01 06:36:50,664] Trial 638 finished with value: 9.52645810976713 and parameters: {'layers': 10, 'max_depth': 2, 'resampling_rate': 1.4823671649505088, 'et': 0.1664805000075653}. Best is trial 176 with value: 9.390723799178996.
[I 2024-11-01 06:36:54,103] Trial 639 finished with value: 9.523092488232209 and parameters: {'layers': 9, 'max_depth': 2, 'resampling_rate': 1.7497403907412732, 'et': 0.5496160556747941}. Best is trial 176 with value: 9.390723799178996.
[I 2024-11-01 06:36:58,772] Trial 640 finished with value: 9.507537025217895 and parameters: {'layers': 8, 'max_depth': 2, 'resampling_rate': 1.4171443638474672, 'et': 0.03002518826686357}. Best is trial 176 with value: 9.390723799178996.
[I 2024-11-01 06:37:01,649] Trial 641 finished with value: 9.467813269069454 and parameters: {'layers': 5, 'max_depth': 2, 'resampling_rate': 1.6791287937183743, 'et': 0.04578730519023254}. Best is trial 176 with value: 9.390723799178996.
[I 2024-11-01 06:37:08,864] Trial 642 finished with value: 9.5195811783842 and parameters: {'layers': 7, 'max_depth': 2, 'resampling_rate': 1.6958482126601866, 'et': 0.08753464362701144}. Best is trial 176 with value: 9.390723799178996.
[I 2024-11-01 06:37:14,183] Trial 643 finished with value: 9.582717156060085 and parameters: {'layers': 8, 'max_depth': 2, 'resampling_rate': 1.3894278264452378, 'et': 0.31577612541214595}. Best is trial 176 with value: 9.390723799178996.
[I 2024-11-01 06:37:16,967] Trial 644 finished with value: 10.334024670101247 and parameters: {'layers': 7, 'max_depth': 1, 'resampling_rate': 1.6146518167697488, 'et': 0.45296222685938103}. Best is trial 176 with value: 9.390723799178996.
[I 2024-11-01 06:37:21,620] Trial 645 finished with value: 9.618158200797298 and parameters: {'layers': 8, 'max_depth': 2, 'resampling_rate': 1.312556507294004, 'et': 0.06200230483065648}. Best is trial 176 with value: 9.390723799178996.
[I 2024-11-01 06:37:26,208] Trial 646 finished with value: 9.487942010443524 and parameters: {'layers': 11, 'max_depth': 2, 'resampling_rate': 1.7120626270503274, 'et': 0.0990987756203335}. Best is trial 176 with value: 9.390723799178996.
[I 2024-11-01 06:37:31,405] Trial 647 finished with value: 9.55077097704102 and parameters: {'layers': 7, 'max_depth': 2, 'resampling_rate': 1.74106967913361, 'et': 0.3354187002673223}. Best is trial 176 with value: 9.390723799178996.
[I 2024-11-01 06:37:34,281] Trial 648 finished with value: 9.645100132531036 and parameters: {'layers': 6, 'max_depth': 2, 'resampling_rate': 1.429317433756449, 'et': 0.0744385679926934}. Best is trial 176 with value: 9.390723799178996.
[I 2024-11-01 06:37:38,302] Trial 649 finished with value: 9.61369722933827 and parameters: {'layers': 7, 'max_depth': 2, 'resampling_rate': 1.7246404722739765, 'et': 0.19601013616047763}. Best is trial 176 with value: 9.390723799178996.
[I 2024-11-01 06:37:43,497] Trial 650 finished with value: 9.5743279871996 and parameters: {'layers': 9, 'max_depth': 2, 'resampling_rate': 1.696488619039655, 'et': 0.4363111811495992}. Best is trial 176 with value: 9.390723799178996.
