[I 2024-11-01 02:29:45,579] Trial 369 finished with value: 0.7131850862487784 and parameters: {'layers': 15, 'max_depth': 2, 'resampling_rate': 1.7249604923928665, 'et': 0.5890586594335534}. Best is trial 158 with value: 0.7116248725335422.
[I 2024-11-01 02:30:06,353] Trial 370 finished with value: 0.7136618474477352 and parameters: {'layers': 14, 'max_depth': 2, 'resampling_rate': 1.7078084205755475, 'et': 0.5463348131618775}. Best is trial 158 with value: 0.7116248725335422.
[I 2024-11-01 02:30:27,074] Trial 371 finished with value: 0.7132320256539405 and parameters: {'layers': 15, 'max_depth': 2, 'resampling_rate': 1.6763138058603817, 'et': 0.6188829415557474}. Best is trial 158 with value: 0.7116248725335422.
[I 2024-11-01 02:30:47,876] Trial 372 finished with value: 0.7135079036841442 and parameters: {'layers': 15, 'max_depth': 2, 'resampling_rate': 1.6534146289976337, 'et': 0.32756868740183787}. Best is trial 158 with value: 0.7116248725335422.
[I 2024-11-01 02:31:08,719] Trial 373 finished with value: 0.713113873778989 and parameters: {'layers': 15, 'max_depth': 2, 'resampling_rate': 1.731222117051351, 'et': 0.462823999773549}. Best is trial 158 with value: 0.7116248725335422.
[I 2024-11-01 02:31:29,521] Trial 374 finished with value: 0.7134948786065465 and parameters: {'layers': 14, 'max_depth': 2, 'resampling_rate': 1.7007735011708631, 'et': 0.3965568566007212}. Best is trial 158 with value: 0.7116248725335422.
[I 2024-11-01 02:31:50,101] Trial 375 finished with value: 0.7131762466443062 and parameters: {'layers': 14, 'max_depth': 2, 'resampling_rate': 1.6193753343323896, 'et': 0.5810799990121309}. Best is trial 158 with value: 0.7116248725335422.
[I 2024-11-01 02:32:10,911] Trial 376 finished with value: 0.713897419986775 and parameters: {'layers': 15, 'max_depth': 2, 'resampling_rate': 1.7165424010333297, 'et': 0.6700107212466736}. Best is trial 158 with value: 0.7116248725335422.
[I 2024-11-01 02:32:31,522] Trial 377 finished with value: 0.7128546498240773 and parameters: {'layers': 15, 'max_depth': 2, 'resampling_rate': 1.6900748666198222, 'et': 0.6017389118643997}. Best is trial 158 with value: 0.7116248725335422.
[I 2024-11-01 02:32:34,971] Trial 378 finished with value: 1000000000.0 and parameters: {'layers': 14, 'max_depth': 2, 'resampling_rate': 1.295703038668022, 'et': 0.5476031190536592}. Best is trial 158 with value: 0.7116248725335422.
[I 2024-11-01 02:32:55,958] Trial 379 finished with value: 0.7136486934709415 and parameters: {'layers': 15, 'max_depth': 2, 'resampling_rate': 1.739671093460889, 'et': 0.49190448003655957}. Best is trial 158 with value: 0.7116248725335422.
[I 2024-11-01 02:33:16,765] Trial 380 finished with value: 0.7131121326756377 and parameters: {'layers': 14, 'max_depth': 2, 'resampling_rate': 1.6344545503119772, 'et': 0.3114213790313977}. Best is trial 158 with value: 0.7116248725335422.
[I 2024-11-01 02:33:37,871] Trial 381 finished with value: 0.7133380574825683 and parameters: {'layers': 8, 'max_depth': 2, 'resampling_rate': 1.7588695966534216, 'et': 0.2849162646488677}. Best is trial 158 with value: 0.7116248725335422.
[I 2024-11-01 02:33:58,529] Trial 382 finished with value: 0.7127681821751745 and parameters: {'layers': 15, 'max_depth': 2, 'resampling_rate': 1.656727372779393, 'et': 0.5349720280790117}. Best is trial 158 with value: 0.7116248725335422.
[I 2024-11-01 02:34:19,769] Trial 383 finished with value: 0.7125139362628943 and parameters: {'layers': 15, 'max_depth': 2, 'resampling_rate': 1.7233189640318491, 'et': 0.21978671782128373}. Best is trial 158 with value: 0.7116248725335422.
[I 2024-11-01 02:34:40,544] Trial 384 finished with value: 0.7130261190099882 and parameters: {'layers': 14, 'max_depth': 2, 'resampling_rate': 1.7102349963651446, 'et': 0.5644077373108788}. Best is trial 158 with value: 0.7116248725335422.
[I 2024-11-01 02:35:01,168] Trial 385 finished with value: 0.7141605756824122 and parameters: {'layers': 15, 'max_depth': 2, 'resampling_rate': 1.6728549453333406, 'et': 0.6341895348020686}. Best is trial 158 with value: 0.7116248725335422.
[I 2024-11-01 02:35:21,951] Trial 386 finished with value: 0.7136972995818197 and parameters: {'layers': 14, 'max_depth': 2, 'resampling_rate': 1.5372354099419427, 'et': 0.339092983918692}. Best is trial 158 with value: 0.7116248725335422.
[I 2024-11-01 02:35:34,029] Trial 387 finished with value: 0.8797645407135786 and parameters: {'layers': 15, 'max_depth': 1, 'resampling_rate': 1.7879883467601396, 'et': 0.6556365517013172}. Best is trial 158 with value: 0.7116248725335422.
[I 2024-11-01 02:35:54,644] Trial 388 finished with value: 0.7133308255607077 and parameters: {'layers': 5, 'max_depth': 2, 'resampling_rate': 1.6934490724872393, 'et': 0.6006076112122175}. Best is trial 158 with value: 0.7116248725335422.
[I 2024-11-01 02:36:15,576] Trial 389 finished with value: 0.7133818573995033 and parameters: {'layers': 15, 'max_depth': 2, 'resampling_rate': 1.7382789716315992, 'et': 0.46575586519704676}. Best is trial 158 with value: 0.7116248725335422.
[I 2024-11-01 02:36:36,454] Trial 390 finished with value: 0.7132947838990275 and parameters: {'layers': 14, 'max_depth': 2, 'resampling_rate': 1.6489689956275764, 'et': 0.38135120680850054}. Best is trial 158 with value: 0.7116248725335422.
[I 2024-11-01 02:36:57,283] Trial 391 finished with value: 0.7136173192327822 and parameters: {'layers': 15, 'max_depth': 2, 'resampling_rate': 1.7530753374125376, 'et': 0.5156929095870408}. Best is trial 158 with value: 0.7116248725335422.
[I 2024-11-01 02:37:17,924] Trial 392 finished with value: 0.7134624585854477 and parameters: {'layers': 15, 'max_depth': 2, 'resampling_rate': 1.6833393514776167, 'et': 0.5765879836850901}. Best is trial 158 with value: 0.7116248725335422.
[I 2024-11-01 02:37:38,903] Trial 393 finished with value: 0.7126349746708901 and parameters: {'layers': 14, 'max_depth': 2, 'resampling_rate': 1.625105246879452, 'et': 0.3008370031007384}. Best is trial 158 with value: 0.7116248725335422.
[I 2024-11-01 02:37:59,893] Trial 394 finished with value: 0.7135278756995941 and parameters: {'layers': 15, 'max_depth': 2, 'resampling_rate': 1.5874728952899118, 'et': 0.2632656272721451}. Best is trial 158 with value: 0.7116248725335422.
[I 2024-11-01 02:38:20,842] Trial 395 finished with value: 0.7137245138519845 and parameters: {'layers': 14, 'max_depth': 2, 'resampling_rate': 1.7767883313875736, 'et': 0.44540533717596115}. Best is trial 158 with value: 0.7116248725335422.
[I 2024-11-01 02:38:41,669] Trial 396 finished with value: 0.7131116638135769 and parameters: {'layers': 9, 'max_depth': 2, 'resampling_rate': 1.7229599721150257, 'et': 0.4809121145013115}. Best is trial 158 with value: 0.7116248725335422.
[I 2024-11-01 02:39:03,021] Trial 397 finished with value: 0.7130853532018233 and parameters: {'layers': 15, 'max_depth': 2, 'resampling_rate': 1.7044716943952958, 'et': 0.18178614107871943}. Best is trial 158 with value: 0.7116248725335422.
[I 2024-11-01 02:39:23,742] Trial 398 finished with value: 0.7146009275449186 and parameters: {'layers': 15, 'max_depth': 2, 'resampling_rate': 1.6700935987903776, 'et': 0.5400593996085158}. Best is trial 158 with value: 0.7116248725335422.
[I 2024-11-01 02:39:44,245] Trial 399 finished with value: 0.7123864763734377 and parameters: {'layers': 14, 'max_depth': 2, 'resampling_rate': 1.639597366304785, 'et': 0.5009793015540404}. Best is trial 158 with value: 0.7116248725335422.
[I 2024-11-01 02:40:04,726] Trial 400 finished with value: 0.7128435938804296 and parameters: {'layers': 14, 'max_depth': 2, 'resampling_rate': 1.6396219436830701, 'et': 0.5097974903206897}. Best is trial 158 with value: 0.7116248725335422.
[I 2024-11-01 02:40:25,297] Trial 401 finished with value: 0.7145512862841206 and parameters: {'layers': 14, 'max_depth': 2, 'resampling_rate': 1.6265319232436697, 'et': 0.49080105569495835}. Best is trial 158 with value: 0.7116248725335422.
[I 2024-11-01 02:40:45,953] Trial 402 finished with value: 0.7138891330274122 and parameters: {'layers': 14, 'max_depth': 2, 'resampling_rate': 1.659150873293227, 'et': 0.5197905386092845}. Best is trial 158 with value: 0.7116248725335422.
[I 2024-11-01 02:41:06,454] Trial 403 finished with value: 0.7132430838823024 and parameters: {'layers': 14, 'max_depth': 2, 'resampling_rate': 1.6064891181619925, 'et': 0.47217291850273824}. Best is trial 158 with value: 0.7116248725335422.
[I 2024-11-01 02:41:26,940] Trial 404 finished with value: 0.7132234804075571 and parameters: {'layers': 14, 'max_depth': 2, 'resampling_rate': 1.6392184759774924, 'et': 0.5010699534976799}. Best is trial 158 with value: 0.7116248725335422.
[I 2024-11-01 02:41:47,421] Trial 405 finished with value: 0.7138084989431852 and parameters: {'layers': 14, 'max_depth': 2, 'resampling_rate': 1.6441732448283577, 'et': 0.5581355861002029}. Best is trial 158 with value: 0.7116248725335422.
[I 2024-11-01 02:42:07,823] Trial 406 finished with value: 0.7128688790581045 and parameters: {'layers': 14, 'max_depth': 2, 'resampling_rate': 1.6141761417106786, 'et': 0.5370261491408354}. Best is trial 158 with value: 0.7116248725335422.
[I 2024-11-01 02:42:28,464] Trial 407 finished with value: 0.7138914382531106 and parameters: {'layers': 14, 'max_depth': 2, 'resampling_rate': 1.6598593346677377, 'et': 0.4986079964076816}. Best is trial 158 with value: 0.7116248725335422.
[I 2024-11-01 02:42:49,146] Trial 408 finished with value: 0.7135517802964751 and parameters: {'layers': 14, 'max_depth': 2, 'resampling_rate': 1.6779279260506725, 'et': 0.5864663105507233}. Best is trial 158 with value: 0.7116248725335422.
[I 2024-11-01 02:43:09,707] Trial 409 finished with value: 0.7139142904924146 and parameters: {'layers': 13, 'max_depth': 2, 'resampling_rate': 1.6920127354899768, 'et': 0.6194004942771506}. Best is trial 158 with value: 0.7116248725335422.
[I 2024-11-01 02:43:30,521] Trial 410 finished with value: 0.7135093220771701 and parameters: {'layers': 15, 'max_depth': 2, 'resampling_rate': 1.728478732296631, 'et': 0.5255644963703362}. Best is trial 158 with value: 0.7116248725335422.
[I 2024-11-01 02:43:51,362] Trial 411 finished with value: 0.7141695177801726 and parameters: {'layers': 14, 'max_depth': 2, 'resampling_rate': 1.7081284651473014, 'et': 0.42414410466170993}. Best is trial 158 with value: 0.7116248725335422.
[I 2024-11-01 02:44:11,969] Trial 412 finished with value: 0.7140882894542767 and parameters: {'layers': 15, 'max_depth': 2, 'resampling_rate': 1.6514650380738694, 'et': 0.45703158695973567}. Best is trial 158 with value: 0.7116248725335422.
[I 2024-11-01 02:44:32,753] Trial 413 finished with value: 0.7130422690877154 and parameters: {'layers': 14, 'max_depth': 2, 'resampling_rate': 1.741714760030457, 'et': 0.5501237251083889}. Best is trial 158 with value: 0.7116248725335422.
[I 2024-11-01 02:44:53,358] Trial 414 finished with value: 0.7139161507425181 and parameters: {'layers': 15, 'max_depth': 2, 'resampling_rate': 1.6285193760952403, 'et': 0.47424254148117356}. Best is trial 158 with value: 0.7116248725335422.
[I 2024-11-01 02:44:56,809] Trial 415 finished with value: 1000000000.0 and parameters: {'layers': 13, 'max_depth': 2, 'resampling_rate': 1.4579797953999356, 'et': 0.5668626771050103}. Best is trial 158 with value: 0.7116248725335422.
[I 2024-11-01 02:45:17,278] Trial 416 finished with value: 0.7127632819080655 and parameters: {'layers': 14, 'max_depth': 2, 'resampling_rate': 1.598946666794438, 'et': 0.5982362408543764}. Best is trial 158 with value: 0.7116248725335422.
[I 2024-11-01 02:45:37,939] Trial 417 finished with value: 0.7132596353269071 and parameters: {'layers': 15, 'max_depth': 2, 'resampling_rate': 1.670188738446167, 'et': 0.5034522390308105}. Best is trial 158 with value: 0.7116248725335422.
[I 2024-11-01 02:45:58,617] Trial 418 finished with value: 0.7134087800100852 and parameters: {'layers': 14, 'max_depth': 2, 'resampling_rate': 1.6981619706388975, 'et': 0.5265126067120004}. Best is trial 158 with value: 0.7116248725335422.
[I 2024-11-01 02:46:19,558] Trial 419 finished with value: 0.7137306816337209 and parameters: {'layers': 15, 'max_depth': 2, 'resampling_rate': 1.7141637845847737, 'et': 0.4096170150707638}. Best is trial 158 with value: 0.7116248725335422.
[I 2024-11-01 02:46:40,258] Trial 420 finished with value: 0.713301278135596 and parameters: {'layers': 14, 'max_depth': 2, 'resampling_rate': 1.6466109440465333, 'et': 0.485364182586895}. Best is trial 158 with value: 0.7116248725335422.
[I 2024-11-01 02:47:00,851] Trial 421 finished with value: 0.7139275934247706 and parameters: {'layers': 13, 'max_depth': 2, 'resampling_rate': 1.685281294611743, 'et': 0.632203839540343}. Best is trial 158 with value: 0.7116248725335422.
[I 2024-11-01 02:47:12,885] Trial 422 finished with value: 0.879528594554554 and parameters: {'layers': 15, 'max_depth': 1, 'resampling_rate': 1.7294008457930172, 'et': 0.6103865404586128}. Best is trial 158 with value: 0.7116248725335422.
[I 2024-11-01 02:47:33,319] Trial 423 finished with value: 0.7125254696251572 and parameters: {'layers': 15, 'max_depth': 2, 'resampling_rate': 1.6155382846946804, 'et': 0.5767053268969407}. Best is trial 158 with value: 0.7116248725335422.
[I 2024-11-01 02:47:53,962] Trial 424 finished with value: 0.7143827380869361 and parameters: {'layers': 10, 'max_depth': 2, 'resampling_rate': 1.6642568578150074, 'et': 0.5391739617901619}. Best is trial 158 with value: 0.7116248725335422.
[I 2024-11-01 02:48:15,024] Trial 425 finished with value: 0.7135688332893424 and parameters: {'layers': 13, 'max_depth': 2, 'resampling_rate': 1.7522382687064986, 'et': 0.35802139212058653}. Best is trial 158 with value: 0.7116248725335422.
[I 2024-11-01 02:48:35,869] Trial 426 finished with value: 0.7142422186106473 and parameters: {'layers': 15, 'max_depth': 2, 'resampling_rate': 1.7032795010195478, 'et': 0.515796732377143}. Best is trial 158 with value: 0.7116248725335422.
[I 2024-11-01 02:48:56,327] Trial 427 finished with value: 0.7133899900918799 and parameters: {'layers': 14, 'max_depth': 2, 'resampling_rate': 1.6361136695239324, 'et': 0.5473700970774362}. Best is trial 158 with value: 0.7116248725335422.
[I 2024-11-01 02:49:17,069] Trial 428 finished with value: 0.7133514671521363 and parameters: {'layers': 14, 'max_depth': 2, 'resampling_rate': 1.724203806285282, 'et': 0.44253375521612215}. Best is trial 158 with value: 0.7116248725335422.
[I 2024-11-01 02:49:20,480] Trial 429 finished with value: 1000000000.0 and parameters: {'layers': 15, 'max_depth': 2, 'resampling_rate': 1.6811477075404593, 'et': 0.6949941209919929}. Best is trial 158 with value: 0.7116248725335422.
[I 2024-11-01 02:49:41,192] Trial 430 finished with value: 0.7136411559275954 and parameters: {'layers': 15, 'max_depth': 2, 'resampling_rate': 1.7144040999588255, 'et': 0.4935070923166442}. Best is trial 158 with value: 0.7116248725335422.
[I 2024-11-01 02:50:01,991] Trial 431 finished with value: 0.7133295517281791 and parameters: {'layers': 14, 'max_depth': 2, 'resampling_rate': 1.736706214949638, 'et': 0.5636770629110747}. Best is trial 158 with value: 0.7116248725335422.
[I 2024-11-01 02:50:22,523] Trial 432 finished with value: 0.7135966638058141 and parameters: {'layers': 15, 'max_depth': 2, 'resampling_rate': 1.6265561217437798, 'et': 0.4705810745471679}. Best is trial 158 with value: 0.7116248725335422.
[I 2024-11-01 02:50:43,147] Trial 433 finished with value: 0.7136006326675641 and parameters: {'layers': 15, 'max_depth': 2, 'resampling_rate': 1.6507193331415375, 'et': 0.589612914886574}. Best is trial 158 with value: 0.7116248725335422.
[I 2024-11-01 02:51:03,755] Trial 434 finished with value: 0.7133611623170296 and parameters: {'layers': 14, 'max_depth': 2, 'resampling_rate': 1.69255784443648, 'et': 0.660455986974921}. Best is trial 158 with value: 0.7116248725335422.
[I 2024-11-01 02:51:24,595] Trial 435 finished with value: 0.7136618688587091 and parameters: {'layers': 13, 'max_depth': 2, 'resampling_rate': 1.7663257972924689, 'et': 0.5224385436912556}. Best is trial 158 with value: 0.7116248725335422.
[I 2024-11-01 02:51:45,336] Trial 436 finished with value: 0.7143105695931529 and parameters: {'layers': 15, 'max_depth': 2, 'resampling_rate': 1.7432597683106954, 'et': 0.6136151358518768}. Best is trial 158 with value: 0.7116248725335422.
[I 2024-11-01 02:52:06,590] Trial 437 finished with value: 0.7135146018937498 and parameters: {'layers': 14, 'max_depth': 2, 'resampling_rate': 1.674469880770705, 'et': 0.14055702355282648}. Best is trial 158 with value: 0.7116248725335422.
[I 2024-11-01 02:52:27,399] Trial 438 finished with value: 0.7127821544673548 and parameters: {'layers': 15, 'max_depth': 2, 'resampling_rate': 1.707601165856886, 'et': 0.5047018144313543}. Best is trial 158 with value: 0.7116248725335422.
[I 2024-11-01 02:52:48,119] Trial 439 finished with value: 0.7140323960534921 and parameters: {'layers': 12, 'max_depth': 2, 'resampling_rate': 1.6618989923103014, 'et': 0.5738528768176181}. Best is trial 158 with value: 0.7116248725335422.
[I 2024-11-01 02:53:08,857] Trial 440 finished with value: 0.7136028554071805 and parameters: {'layers': 15, 'max_depth': 2, 'resampling_rate': 1.721360517248479, 'et': 0.6367914575542964}. Best is trial 158 with value: 0.7116248725335422.
[I 2024-11-01 02:53:29,397] Trial 441 finished with value: 0.7135116246805268 and parameters: {'layers': 14, 'max_depth': 2, 'resampling_rate': 1.637251496347333, 'et': 0.5520024113468114}. Best is trial 158 with value: 0.7116248725335422.
[I 2024-11-01 02:53:50,241] Trial 442 finished with value: 0.7132340200308765 and parameters: {'layers': 13, 'max_depth': 2, 'resampling_rate': 1.7566790530321572, 'et': 0.48650376228479286}. Best is trial 158 with value: 0.7116248725335422.
[I 2024-11-01 02:54:11,064] Trial 443 finished with value: 0.7134034597228617 and parameters: {'layers': 14, 'max_depth': 2, 'resampling_rate': 1.6902917821155272, 'et': 0.4576304345637209}. Best is trial 158 with value: 0.7116248725335422.
[I 2024-11-01 02:54:31,921] Trial 444 finished with value: 0.7136391553550699 and parameters: {'layers': 15, 'max_depth': 2, 'resampling_rate': 1.6118679170511006, 'et': 0.3747812685882983}. Best is trial 158 with value: 0.7116248725335422.
[I 2024-11-01 02:54:52,638] Trial 445 finished with value: 0.7130214479141707 and parameters: {'layers': 15, 'max_depth': 2, 'resampling_rate': 1.703195730908281, 'et': 0.5316050259419715}. Best is trial 158 with value: 0.7116248725335422.
[I 2024-11-01 02:55:13,377] Trial 446 finished with value: 0.7139344028697477 and parameters: {'layers': 8, 'max_depth': 2, 'resampling_rate': 1.6538677251199796, 'et': 0.43645553551937616}. Best is trial 158 with value: 0.7116248725335422.
[I 2024-11-01 02:55:16,795] Trial 447 finished with value: 1000000000.0 and parameters: {'layers': 14, 'max_depth': 2, 'resampling_rate': 1.41862226929739, 'et': 0.5832019820727797}. Best is trial 158 with value: 0.7116248725335422.
[I 2024-11-01 02:55:37,232] Trial 448 finished with value: 0.7130805673676196 and parameters: {'layers': 7, 'max_depth': 2, 'resampling_rate': 1.5521677365935005, 'et': 0.514178510027878}. Best is trial 158 with value: 0.7116248725335422.
[I 2024-11-01 02:55:58,157] Trial 449 finished with value: 0.7141816977174843 and parameters: {'layers': 13, 'max_depth': 2, 'resampling_rate': 1.7648130900848373, 'et': 0.5998396659503268}. Best is trial 158 with value: 0.7116248725335422.
[I 2024-11-01 02:56:19,385] Trial 450 finished with value: 0.7128853837557835 and parameters: {'layers': 15, 'max_depth': 2, 'resampling_rate': 1.737310282764513, 'et': 0.2303090642570077}. Best is trial 158 with value: 0.7116248725335422.
[I 2024-11-01 02:56:40,177] Trial 451 finished with value: 0.7133078124500042 and parameters: {'layers': 14, 'max_depth': 2, 'resampling_rate': 1.7193596844698293, 'et': 0.4754207650464843}. Best is trial 158 with value: 0.7116248725335422.
[I 2024-11-01 02:57:00,971] Trial 452 finished with value: 0.7133777457339495 and parameters: {'layers': 15, 'max_depth': 2, 'resampling_rate': 1.6258620768960461, 'et': 0.319732777875829}. Best is trial 158 with value: 0.7116248725335422.
[I 2024-11-01 02:57:21,640] Trial 453 finished with value: 0.7134776820018404 and parameters: {'layers': 14, 'max_depth': 2, 'resampling_rate': 1.6788127866846807, 'et': 0.5620938383842954}. Best is trial 158 with value: 0.7116248725335422.
[I 2024-11-01 02:57:42,789] Trial 454 finished with value: 0.7139096326578839 and parameters: {'layers': 15, 'max_depth': 2, 'resampling_rate': 1.7864596950559966, 'et': 0.396753251890702}. Best is trial 158 with value: 0.7116248725335422.
[I 2024-11-01 02:58:03,516] Trial 455 finished with value: 0.7130729907207792 and parameters: {'layers': 14, 'max_depth': 2, 'resampling_rate': 1.595426380068499, 'et': 0.3440751012891523}. Best is trial 158 with value: 0.7116248725335422.
[I 2024-11-01 02:58:24,468] Trial 456 finished with value: 0.712802300986524 and parameters: {'layers': 15, 'max_depth': 2, 'resampling_rate': 1.7985241849776816, 'et': 0.4992184759965064}. Best is trial 158 with value: 0.7116248725335422.
[I 2024-11-01 02:58:45,097] Trial 457 finished with value: 0.7133252221446384 and parameters: {'layers': 12, 'max_depth': 2, 'resampling_rate': 1.640136868898465, 'et': 0.624999032243662}. Best is trial 158 with value: 0.7116248725335422.
[I 2024-11-01 02:58:48,546] Trial 458 finished with value: 1000000000.0 and parameters: {'layers': 13, 'max_depth': 2, 'resampling_rate': 1.2550619493602926, 'et': 0.5346396532586453}. Best is trial 158 with value: 0.7116248725335422.
[I 2024-11-01 02:59:09,240] Trial 459 finished with value: 0.7129970531420459 and parameters: {'layers': 15, 'max_depth': 2, 'resampling_rate': 1.6955808696794623, 'et': 0.6561763308087174}. Best is trial 158 with value: 0.7116248725335422.
