[I 2024-11-01 00:28:56,551] Trial 913 finished with value: 3540.4541294958435 and parameters: {'layers': 5, 'max_depth': 2, 'resampling_rate': 1.6248688961175128, 'et': 0.5586551513513228}. Best is trial 109 with value: 3508.6982963730675.
[I 2024-11-01 00:28:59,690] Trial 914 finished with value: 3523.4077475062445 and parameters: {'layers': 5, 'max_depth': 2, 'resampling_rate': 1.6456119090284815, 'et': 0.5757031803790711}. Best is trial 109 with value: 3508.6982963730675.
[I 2024-11-01 00:29:02,830] Trial 915 finished with value: 3530.402318762852 and parameters: {'layers': 5, 'max_depth': 2, 'resampling_rate': 1.6555166639926406, 'et': 0.5408541526479107}. Best is trial 109 with value: 3508.6982963730675.
[I 2024-11-01 00:29:05,964] Trial 916 finished with value: 3566.2816490511323 and parameters: {'layers': 5, 'max_depth': 2, 'resampling_rate': 1.6362186099956886, 'et': 0.5278162316710109}. Best is trial 109 with value: 3508.6982963730675.
[I 2024-11-01 00:29:09,105] Trial 917 finished with value: 3530.92436775114 and parameters: {'layers': 5, 'max_depth': 2, 'resampling_rate': 1.7771016686618442, 'et': 0.5624106065569244}. Best is trial 109 with value: 3508.6982963730675.
[I 2024-11-01 00:29:12,272] Trial 918 finished with value: 3554.442052801531 and parameters: {'layers': 5, 'max_depth': 2, 'resampling_rate': 1.6456817068273626, 'et': 0.5755936674897997}. Best is trial 109 with value: 3508.6982963730675.
[I 2024-11-01 00:29:15,417] Trial 919 finished with value: 3553.175430008237 and parameters: {'layers': 5, 'max_depth': 2, 'resampling_rate': 1.799993011368135, 'et': 0.593760949392607}. Best is trial 109 with value: 3508.6982963730675.
[I 2024-11-01 00:29:18,585] Trial 920 finished with value: 3556.8469465611665 and parameters: {'layers': 5, 'max_depth': 2, 'resampling_rate': 1.7589590596870177, 'et': 0.5987499672642201}. Best is trial 109 with value: 3508.6982963730675.
[I 2024-11-01 00:29:21,751] Trial 921 finished with value: 3532.894693028719 and parameters: {'layers': 5, 'max_depth': 2, 'resampling_rate': 1.7660998274457949, 'et': 0.6098691412309722}. Best is trial 109 with value: 3508.6982963730675.
[I 2024-11-01 00:29:24,892] Trial 922 finished with value: 3570.7363981508174 and parameters: {'layers': 5, 'max_depth': 2, 'resampling_rate': 1.6410078973876217, 'et': 0.567143476950227}. Best is trial 109 with value: 3508.6982963730675.
[I 2024-11-01 00:29:25,408] Trial 923 finished with value: 1000000000.0 and parameters: {'layers': 5, 'max_depth': 2, 'resampling_rate': 1.378357684031515, 'et': 0.5174204287590507}. Best is trial 109 with value: 3508.6982963730675.
[I 2024-11-01 00:29:28,542] Trial 924 finished with value: 3555.999881711208 and parameters: {'layers': 5, 'max_depth': 2, 'resampling_rate': 1.663619201760589, 'et': 0.641000149039868}. Best is trial 109 with value: 3508.6982963730675.
[I 2024-11-01 00:29:31,681] Trial 925 finished with value: 3532.7681341212615 and parameters: {'layers': 5, 'max_depth': 2, 'resampling_rate': 1.7880977140253373, 'et': 0.5848787406938998}. Best is trial 109 with value: 3508.6982963730675.
[I 2024-11-01 00:29:34,816] Trial 926 finished with value: 3542.3301317964524 and parameters: {'layers': 5, 'max_depth': 2, 'resampling_rate': 1.7410969998749695, 'et': 0.6370027587042406}. Best is trial 109 with value: 3508.6982963730675.
[I 2024-11-01 00:29:35,300] Trial 927 finished with value: 1000000000.0 and parameters: {'layers': 5, 'max_depth': 1, 'resampling_rate': 1.4224468180787928, 'et': 0.5603920350249881}. Best is trial 109 with value: 3508.6982963730675.
[I 2024-11-01 00:29:38,442] Trial 928 finished with value: 3534.8557971706737 and parameters: {'layers': 5, 'max_depth': 2, 'resampling_rate': 1.7750666752160227, 'et': 0.5457042287618237}. Best is trial 109 with value: 3508.6982963730675.
[I 2024-11-01 00:29:41,578] Trial 929 finished with value: 3562.715035684297 and parameters: {'layers': 14, 'max_depth': 2, 'resampling_rate': 1.7445872900488624, 'et': 0.6183215879619313}. Best is trial 109 with value: 3508.6982963730675.
[I 2024-11-01 00:29:44,737] Trial 930 finished with value: 3549.797772958871 and parameters: {'layers': 12, 'max_depth': 2, 'resampling_rate': 1.7634601961157412, 'et': 0.128405588822111}. Best is trial 109 with value: 3508.6982963730675.
[I 2024-11-01 00:29:47,895] Trial 931 finished with value: 3568.0333860392057 and parameters: {'layers': 5, 'max_depth': 2, 'resampling_rate': 1.7565502153465264, 'et': 0.09619938118928599}. Best is trial 109 with value: 3508.6982963730675.
[I 2024-11-01 00:29:48,411] Trial 932 finished with value: 1000000000.0 and parameters: {'layers': 5, 'max_depth': 2, 'resampling_rate': 1.1693327408983527, 'et': 0.6014617364912094}. Best is trial 109 with value: 3508.6982963730675.
[I 2024-11-01 00:29:51,562] Trial 933 finished with value: 3551.9084919975335 and parameters: {'layers': 5, 'max_depth': 2, 'resampling_rate': 1.7845470514506123, 'et': 0.11640589354832791}. Best is trial 109 with value: 3508.6982963730675.
[I 2024-11-01 00:29:54,703] Trial 934 finished with value: 3519.243425017465 and parameters: {'layers': 5, 'max_depth': 2, 'resampling_rate': 1.6206718536848803, 'et': 0.4913219972246442}. Best is trial 109 with value: 3508.6982963730675.
[I 2024-11-01 00:29:57,884] Trial 935 finished with value: 3547.3015971981054 and parameters: {'layers': 5, 'max_depth': 2, 'resampling_rate': 1.740936587279724, 'et': 0.48638213742100894}. Best is trial 109 with value: 3508.6982963730675.
[I 2024-11-01 00:29:58,406] Trial 936 finished with value: 1000000000.0 and parameters: {'layers': 5, 'max_depth': 2, 'resampling_rate': 1.1894238353759112, 'et': 0.5934316409241565}. Best is trial 109 with value: 3508.6982963730675.
[I 2024-11-01 00:30:01,582] Trial 937 finished with value: 3514.906457662404 and parameters: {'layers': 5, 'max_depth': 2, 'resampling_rate': 1.658531933109953, 'et': 0.43680325874744347}. Best is trial 109 with value: 3508.6982963730675.
[I 2024-11-01 00:30:04,754] Trial 938 finished with value: 3546.470035174971 and parameters: {'layers': 5, 'max_depth': 2, 'resampling_rate': 1.652877830500512, 'et': 0.5613014946496503}. Best is trial 109 with value: 3508.6982963730675.
[I 2024-11-01 00:30:07,931] Trial 939 finished with value: 3541.117095802752 and parameters: {'layers': 5, 'max_depth': 2, 'resampling_rate': 1.648355477077647, 'et': 0.40038175726103403}. Best is trial 109 with value: 3508.6982963730675.
[I 2024-11-01 00:30:11,116] Trial 940 finished with value: 3550.982608732377 and parameters: {'layers': 5, 'max_depth': 2, 'resampling_rate': 1.616732978816475, 'et': 0.3623058941780509}. Best is trial 109 with value: 3508.6982963730675.
[I 2024-11-01 00:30:14,275] Trial 941 finished with value: 3561.4252487657936 and parameters: {'layers': 5, 'max_depth': 2, 'resampling_rate': 1.6308120984567325, 'et': 0.46403577384245415}. Best is trial 109 with value: 3508.6982963730675.
[I 2024-11-01 00:30:17,559] Trial 942 finished with value: 3554.8629436770866 and parameters: {'layers': 5, 'max_depth': 2, 'resampling_rate': 1.6695523462715198, 'et': 0.4435323413737627}. Best is trial 109 with value: 3508.6982963730675.
[I 2024-11-01 00:30:20,768] Trial 943 finished with value: 3535.0325215365883 and parameters: {'layers': 5, 'max_depth': 2, 'resampling_rate': 1.6341331788310252, 'et': 0.5258580555293099}. Best is trial 109 with value: 3508.6982963730675.
[I 2024-11-01 00:30:23,963] Trial 944 finished with value: 3558.838558293493 and parameters: {'layers': 5, 'max_depth': 2, 'resampling_rate': 1.6721415551252896, 'et': 0.49210606329200085}. Best is trial 109 with value: 3508.6982963730675.
[I 2024-11-01 00:30:27,146] Trial 945 finished with value: 3519.6485968951815 and parameters: {'layers': 5, 'max_depth': 2, 'resampling_rate': 1.6425815087338456, 'et': 0.4895878209553529}. Best is trial 109 with value: 3508.6982963730675.
[I 2024-11-01 00:30:30,347] Trial 946 finished with value: 3525.8647188082946 and parameters: {'layers': 5, 'max_depth': 2, 'resampling_rate': 1.6220710443181123, 'et': 0.47999035046109667}. Best is trial 109 with value: 3508.6982963730675.
[I 2024-11-01 00:30:33,482] Trial 947 finished with value: 3541.9914915867416 and parameters: {'layers': 5, 'max_depth': 2, 'resampling_rate': 1.640090590606749, 'et': 0.46814580210831247}. Best is trial 109 with value: 3508.6982963730675.
[I 2024-11-01 00:30:36,614] Trial 948 finished with value: 3576.450326940156 and parameters: {'layers': 5, 'max_depth': 2, 'resampling_rate': 1.6464667095746255, 'et': 0.4978127067910663}. Best is trial 109 with value: 3508.6982963730675.
[I 2024-11-01 00:30:39,751] Trial 949 finished with value: 3538.458538557972 and parameters: {'layers': 5, 'max_depth': 2, 'resampling_rate': 1.65073094439723, 'et': 0.5040692489617967}. Best is trial 109 with value: 3508.6982963730675.
[I 2024-11-01 00:30:42,884] Trial 950 finished with value: 3550.662554893365 and parameters: {'layers': 5, 'max_depth': 2, 'resampling_rate': 1.6627058716190488, 'et': 0.5153404457265477}. Best is trial 109 with value: 3508.6982963730675.
[I 2024-11-01 00:30:46,016] Trial 951 finished with value: 3555.6603835422393 and parameters: {'layers': 5, 'max_depth': 2, 'resampling_rate': 1.6222726890101524, 'et': 0.4298551586476515}. Best is trial 109 with value: 3508.6982963730675.
[I 2024-11-01 00:30:49,158] Trial 952 finished with value: 3555.996569748284 and parameters: {'layers': 5, 'max_depth': 2, 'resampling_rate': 1.645190027454464, 'et': 0.5194355363917932}. Best is trial 109 with value: 3508.6982963730675.
[I 2024-11-01 00:30:52,293] Trial 953 finished with value: 3530.2158182481303 and parameters: {'layers': 5, 'max_depth': 2, 'resampling_rate': 1.6375069760732726, 'et': 0.49739360890873685}. Best is trial 109 with value: 3508.6982963730675.
[I 2024-11-01 00:30:55,438] Trial 954 finished with value: 3540.041259953365 and parameters: {'layers': 5, 'max_depth': 2, 'resampling_rate': 1.6234453854019335, 'et': 0.4471501760703535}. Best is trial 109 with value: 3508.6982963730675.
[I 2024-11-01 00:30:58,585] Trial 955 finished with value: 3575.2762245432787 and parameters: {'layers': 5, 'max_depth': 2, 'resampling_rate': 1.672663437666147, 'et': 0.5351017363118072}. Best is trial 109 with value: 3508.6982963730675.
[I 2024-11-01 00:31:01,722] Trial 956 finished with value: 3511.8935879476426 and parameters: {'layers': 5, 'max_depth': 2, 'resampling_rate': 1.6604808095936439, 'et': 0.4662911205362642}. Best is trial 109 with value: 3508.6982963730675.
[I 2024-11-01 00:31:04,853] Trial 957 finished with value: 3557.832037399865 and parameters: {'layers': 5, 'max_depth': 2, 'resampling_rate': 1.6574337537551762, 'et': 0.46983410349540816}. Best is trial 109 with value: 3508.6982963730675.
[I 2024-11-01 00:31:07,996] Trial 958 finished with value: 3544.629167558818 and parameters: {'layers': 5, 'max_depth': 2, 'resampling_rate': 1.659775425208039, 'et': 0.4672039761771488}. Best is trial 109 with value: 3508.6982963730675.
[I 2024-11-01 00:31:11,175] Trial 959 finished with value: 3548.514054163923 and parameters: {'layers': 5, 'max_depth': 2, 'resampling_rate': 1.641922147318204, 'et': 0.41750183108247424}. Best is trial 109 with value: 3508.6982963730675.
[I 2024-11-01 00:31:14,309] Trial 960 finished with value: 3563.816023009249 and parameters: {'layers': 5, 'max_depth': 2, 'resampling_rate': 1.6584928950375613, 'et': 0.42802436246962555}. Best is trial 109 with value: 3508.6982963730675.
[I 2024-11-01 00:31:17,459] Trial 961 finished with value: 3540.3783902229516 and parameters: {'layers': 5, 'max_depth': 2, 'resampling_rate': 1.6534006588456998, 'et': 0.47319226615549775}. Best is trial 109 with value: 3508.6982963730675.
[I 2024-11-01 00:31:20,604] Trial 962 finished with value: 3542.3955385097856 and parameters: {'layers': 5, 'max_depth': 2, 'resampling_rate': 1.6474452492862448, 'et': 0.45216486661891253}. Best is trial 109 with value: 3508.6982963730675.
[I 2024-11-01 00:31:23,742] Trial 963 finished with value: 3556.0377378636563 and parameters: {'layers': 5, 'max_depth': 2, 'resampling_rate': 1.6700962175516656, 'et': 0.48421173464914863}. Best is trial 109 with value: 3508.6982963730675.
[I 2024-11-01 00:31:26,877] Trial 964 finished with value: 3556.6381522044308 and parameters: {'layers': 5, 'max_depth': 2, 'resampling_rate': 1.662850835186615, 'et': 0.46477100914558733}. Best is trial 109 with value: 3508.6982963730675.
[I 2024-11-01 00:31:30,057] Trial 965 finished with value: 3537.8678545592315 and parameters: {'layers': 5, 'max_depth': 2, 'resampling_rate': 1.6194376805382364, 'et': 0.4929854198539845}. Best is trial 109 with value: 3508.6982963730675.
[I 2024-11-01 00:31:33,052] Trial 966 finished with value: 3963.5305192976452 and parameters: {'layers': 5, 'max_depth': 1, 'resampling_rate': 1.639837267092139, 'et': 0.520655218423153}. Best is trial 109 with value: 3508.6982963730675.
[I 2024-11-01 00:31:36,221] Trial 967 finished with value: 3539.132686490597 and parameters: {'layers': 5, 'max_depth': 2, 'resampling_rate': 1.666370652970104, 'et': 0.45053057779026645}. Best is trial 109 with value: 3508.6982963730675.
[I 2024-11-01 00:31:39,363] Trial 968 finished with value: 3531.03662446935 and parameters: {'layers': 5, 'max_depth': 2, 'resampling_rate': 1.648037614052335, 'et': 0.5039750923599813}. Best is trial 109 with value: 3508.6982963730675.
[I 2024-11-01 00:31:42,527] Trial 969 finished with value: 3562.5981925335022 and parameters: {'layers': 5, 'max_depth': 2, 'resampling_rate': 1.63595199373515, 'et': 0.4354484810877846}. Best is trial 109 with value: 3508.6982963730675.
[I 2024-11-01 00:31:45,671] Trial 970 finished with value: 3552.33809577696 and parameters: {'layers': 5, 'max_depth': 2, 'resampling_rate': 1.6809112272947087, 'et': 0.4991623396658321}. Best is trial 109 with value: 3508.6982963730675.
[I 2024-11-01 00:31:48,844] Trial 971 finished with value: 3566.7620769827026 and parameters: {'layers': 5, 'max_depth': 2, 'resampling_rate': 1.625386305335926, 'et': 0.457156407351881}. Best is trial 109 with value: 3508.6982963730675.
[I 2024-11-01 00:31:51,986] Trial 972 finished with value: 3531.1777597329487 and parameters: {'layers': 6, 'max_depth': 2, 'resampling_rate': 1.6379021399118836, 'et': 0.5066138911593756}. Best is trial 109 with value: 3508.6982963730675.
[I 2024-11-01 00:31:52,504] Trial 973 finished with value: 1000000000.0 and parameters: {'layers': 5, 'max_depth': 2, 'resampling_rate': 1.484210689133716, 'et': 0.5411211583669725}. Best is trial 109 with value: 3508.6982963730675.
[I 2024-11-01 00:31:53,021] Trial 974 finished with value: 1000000000.0 and parameters: {'layers': 5, 'max_depth': 2, 'resampling_rate': 1.1055624259337846, 'et': 0.401105969604707}. Best is trial 109 with value: 3508.6982963730675.
[I 2024-11-01 00:31:56,218] Trial 975 finished with value: 3556.666450661333 and parameters: {'layers': 5, 'max_depth': 2, 'resampling_rate': 1.6527965161907912, 'et': 0.4798985652726777}. Best is trial 109 with value: 3508.6982963730675.
[I 2024-11-01 00:31:59,359] Trial 976 finished with value: 3525.4280348774323 and parameters: {'layers': 5, 'max_depth': 2, 'resampling_rate': 1.6280590696310078, 'et': 0.5681762114417688}. Best is trial 109 with value: 3508.6982963730675.
[I 2024-11-01 00:32:02,503] Trial 977 finished with value: 3536.039294917339 and parameters: {'layers': 6, 'max_depth': 2, 'resampling_rate': 1.659035342739018, 'et': 0.4448085728493453}. Best is trial 109 with value: 3508.6982963730675.
[I 2024-11-01 00:32:05,639] Trial 978 finished with value: 3518.8495503854906 and parameters: {'layers': 5, 'max_depth': 2, 'resampling_rate': 1.6477056713855103, 'et': 0.48692728177967576}. Best is trial 109 with value: 3508.6982963730675.
[I 2024-11-01 00:32:08,792] Trial 979 finished with value: 3551.138252805314 and parameters: {'layers': 5, 'max_depth': 2, 'resampling_rate': 1.6486158680607912, 'et': 0.48626371061977175}. Best is trial 109 with value: 3508.6982963730675.
[I 2024-11-01 00:32:11,937] Trial 980 finished with value: 3553.614595116738 and parameters: {'layers': 5, 'max_depth': 2, 'resampling_rate': 1.6641551805854222, 'et': 0.5183687814466018}. Best is trial 109 with value: 3508.6982963730675.
[I 2024-11-01 00:32:15,079] Trial 981 finished with value: 3545.8240415348027 and parameters: {'layers': 5, 'max_depth': 2, 'resampling_rate': 1.648012878910256, 'et': 0.47336566207685604}. Best is trial 109 with value: 3508.6982963730675.
[I 2024-11-01 00:32:18,215] Trial 982 finished with value: 3570.411925218823 and parameters: {'layers': 5, 'max_depth': 2, 'resampling_rate': 1.6321402014212365, 'et': 0.45879552996288536}. Best is trial 109 with value: 3508.6982963730675.
[I 2024-11-01 00:32:21,357] Trial 983 finished with value: 3556.0074737824325 and parameters: {'layers': 5, 'max_depth': 2, 'resampling_rate': 1.631746234436032, 'et': 0.4992816516395461}. Best is trial 109 with value: 3508.6982963730675.
[I 2024-11-01 00:32:24,498] Trial 984 finished with value: 3545.0156317483857 and parameters: {'layers': 5, 'max_depth': 2, 'resampling_rate': 1.6717957484057608, 'et': 0.47267531751241243}. Best is trial 109 with value: 3508.6982963730675.
[I 2024-11-01 00:32:27,648] Trial 985 finished with value: 3517.005546400658 and parameters: {'layers': 5, 'max_depth': 2, 'resampling_rate': 1.6386813595649952, 'et': 0.4821380850362005}. Best is trial 109 with value: 3508.6982963730675.
[I 2024-11-01 00:32:30,809] Trial 986 finished with value: 3514.1667005219697 and parameters: {'layers': 5, 'max_depth': 2, 'resampling_rate': 1.62879438360515, 'et': 0.4880108719859398}. Best is trial 109 with value: 3508.6982963730675.
[I 2024-11-01 00:32:33,976] Trial 987 finished with value: 3562.189708281243 and parameters: {'layers': 5, 'max_depth': 2, 'resampling_rate': 1.610372929851608, 'et': 0.4853130572632057}. Best is trial 109 with value: 3508.6982963730675.
[I 2024-11-01 00:32:37,138] Trial 988 finished with value: 3542.4656013303975 and parameters: {'layers': 5, 'max_depth': 2, 'resampling_rate': 1.6138573164398584, 'et': 0.5001795890535795}. Best is trial 109 with value: 3508.6982963730675.
[I 2024-11-01 00:32:40,305] Trial 989 finished with value: 3545.424546774111 and parameters: {'layers': 5, 'max_depth': 2, 'resampling_rate': 1.629244356780311, 'et': 0.47394390065393555}. Best is trial 109 with value: 3508.6982963730675.
[I 2024-11-01 00:32:43,467] Trial 990 finished with value: 3515.441045106183 and parameters: {'layers': 5, 'max_depth': 2, 'resampling_rate': 1.6386426696412215, 'et': 0.5081326982388754}. Best is trial 109 with value: 3508.6982963730675.
[I 2024-11-01 00:32:46,635] Trial 991 finished with value: 3538.083465278884 and parameters: {'layers': 5, 'max_depth': 2, 'resampling_rate': 1.6322690141184004, 'et': 0.4952960600360911}. Best is trial 109 with value: 3508.6982963730675.
[I 2024-11-01 00:32:49,804] Trial 992 finished with value: 3554.4376310594675 and parameters: {'layers': 5, 'max_depth': 2, 'resampling_rate': 1.6030501505880144, 'et': 0.48281955621704425}. Best is trial 109 with value: 3508.6982963730675.
[I 2024-11-01 00:32:52,972] Trial 993 finished with value: 3548.981100514842 and parameters: {'layers': 6, 'max_depth': 2, 'resampling_rate': 1.636471187286083, 'et': 0.5072769877904927}. Best is trial 109 with value: 3508.6982963730675.
[I 2024-11-01 00:32:56,153] Trial 994 finished with value: 3538.7013445159387 and parameters: {'layers': 5, 'max_depth': 2, 'resampling_rate': 1.6244318081964062, 'et': 0.47645421950707995}. Best is trial 109 with value: 3508.6982963730675.
[I 2024-11-01 00:32:59,305] Trial 995 finished with value: 3561.4535777721903 and parameters: {'layers': 5, 'max_depth': 2, 'resampling_rate': 1.6129679221111572, 'et': 0.4623380793079819}. Best is trial 109 with value: 3508.6982963730675.
[I 2024-11-01 00:33:02,445] Trial 996 finished with value: 3530.661203982687 and parameters: {'layers': 5, 'max_depth': 2, 'resampling_rate': 1.6396548598524447, 'et': 0.5092529093234318}. Best is trial 109 with value: 3508.6982963730675.
[I 2024-11-01 00:33:05,579] Trial 997 finished with value: 3535.4033922982076 and parameters: {'layers': 5, 'max_depth': 2, 'resampling_rate': 1.6565982113244755, 'et': 0.45269936629187657}. Best is trial 109 with value: 3508.6982963730675.
[I 2024-11-01 00:33:08,723] Trial 998 finished with value: 3551.2757724978496 and parameters: {'layers': 5, 'max_depth': 2, 'resampling_rate': 1.6154554745316865, 'et': 0.5132195145140306}. Best is trial 109 with value: 3508.6982963730675.
[I 2024-11-01 00:33:11,868] Trial 999 finished with value: 3549.714251353891 and parameters: {'layers': 6, 'max_depth': 2, 'resampling_rate': 1.63852627819063, 'et': 0.48172001262267056}. Best is trial 109 with value: 3508.6982963730675.
[I 2024-11-01 00:33:12,965] A new study created in memory with name: no-name-7adadb40-2e26-4874-b14b-74c934b13ed1
ecdfr Diabetes 0 2797.7863506677445 42.84302246620183 37.0 310.0
[I 2024-11-01 00:33:33,947] Trial 0 finished with value: 0.7136762993314791 and parameters: {'layers': 12, 'max_depth': 2, 'resampling_rate': 1.711550449829937, 'et': 0.6261982704070257}. Best is trial 0 with value: 0.7136762993314791.
[I 2024-11-01 00:33:46,192] Trial 1 finished with value: 0.879291443763864 and parameters: {'layers': 9, 'max_depth': 1, 'resampling_rate': 1.6263731573214737, 'et': 0.4083653488931712}. Best is trial 0 with value: 0.7136762993314791.
[I 2024-11-01 00:33:58,536] Trial 2 finished with value: 0.8792034290356473 and parameters: {'layers': 7, 'max_depth': 1, 'resampling_rate': 1.7491314011660473, 'et': 0.3646481882142914}. Best is trial 0 with value: 0.7136762993314791.
[I 2024-11-01 00:34:19,672] Trial 3 finished with value: 0.7135535590341103 and parameters: {'layers': 13, 'max_depth': 2, 'resampling_rate': 1.7614757614355954, 'et': 0.7153749104227772}. Best is trial 3 with value: 0.7135535590341103.
