[I 2024-11-01 02:02:07,522] Trial 278 finished with value: 0.7145638082513317 and parameters: {'layers': 15, 'max_depth': 2, 'resampling_rate': 1.7855776619467114, 'et': 0.3021973803351805}. Best is trial 158 with value: 0.7116248725335422.
[I 2024-11-01 02:02:28,328] Trial 279 finished with value: 0.7143307021599522 and parameters: {'layers': 15, 'max_depth': 2, 'resampling_rate': 1.7385851775698034, 'et': 0.46609627213840343}. Best is trial 158 with value: 0.7116248725335422.
[I 2024-11-01 02:02:49,074] Trial 280 finished with value: 0.7148020424122059 and parameters: {'layers': 13, 'max_depth': 2, 'resampling_rate': 1.6795464015134727, 'et': 0.4902011550724112}. Best is trial 158 with value: 0.7116248725335422.
[I 2024-11-01 02:03:10,159] Trial 281 finished with value: 0.7131775035942178 and parameters: {'layers': 15, 'max_depth': 2, 'resampling_rate': 1.7677904286848134, 'et': 0.44509915006865586}. Best is trial 158 with value: 0.7116248725335422.
[I 2024-11-01 02:03:30,875] Trial 282 finished with value: 0.7141630810745863 and parameters: {'layers': 15, 'max_depth': 2, 'resampling_rate': 1.7228456609395835, 'et': 0.7105527181376134}. Best is trial 158 with value: 0.7116248725335422.
[I 2024-11-01 02:03:51,558] Trial 283 finished with value: 0.7130254683278393 and parameters: {'layers': 13, 'max_depth': 2, 'resampling_rate': 1.6954271679255457, 'et': 0.5224940039441511}. Best is trial 158 with value: 0.7116248725335422.
[I 2024-11-01 02:04:12,277] Trial 284 finished with value: 0.7143171030461577 and parameters: {'layers': 15, 'max_depth': 2, 'resampling_rate': 1.6675575134400265, 'et': 0.5515083943014708}. Best is trial 158 with value: 0.7116248725335422.
[I 2024-11-01 02:04:33,221] Trial 285 finished with value: 0.7131173234986431 and parameters: {'layers': 14, 'max_depth': 2, 'resampling_rate': 1.7418169946801532, 'et': 0.4743527572834826}. Best is trial 158 with value: 0.7116248725335422.
[I 2024-11-01 02:04:54,294] Trial 286 finished with value: 0.7130329470155964 and parameters: {'layers': 15, 'max_depth': 2, 'resampling_rate': 1.7721672065869083, 'et': 0.26730087846452966}. Best is trial 158 with value: 0.7116248725335422.
[I 2024-11-01 02:05:15,308] Trial 287 finished with value: 0.7138937461038865 and parameters: {'layers': 13, 'max_depth': 2, 'resampling_rate': 1.7995035128181591, 'et': 0.3560144346407332}. Best is trial 158 with value: 0.7116248725335422.
[I 2024-11-01 02:05:36,072] Trial 288 finished with value: 0.7141141622683002 and parameters: {'layers': 15, 'max_depth': 2, 'resampling_rate': 1.7045043096018826, 'et': 0.42609477946729285}. Best is trial 158 with value: 0.7116248725335422.
[I 2024-11-01 02:05:39,499] Trial 289 finished with value: 1000000000.0 and parameters: {'layers': 13, 'max_depth': 2, 'resampling_rate': 1.437088042404653, 'et': 0.8896540440800217}. Best is trial 158 with value: 0.7116248725335422.
[I 2024-11-01 02:06:00,669] Trial 290 finished with value: 0.7142323157880864 and parameters: {'layers': 15, 'max_depth': 2, 'resampling_rate': 1.7544536681465088, 'et': 0.32718240393374576}. Best is trial 158 with value: 0.7116248725335422.
[I 2024-11-01 02:06:21,421] Trial 291 finished with value: 0.7127008532467695 and parameters: {'layers': 10, 'max_depth': 2, 'resampling_rate': 1.7174085663979792, 'et': 0.5003679998005179}. Best is trial 158 with value: 0.7116248725335422.
[I 2024-11-01 02:06:42,108] Trial 292 finished with value: 0.7124405956587624 and parameters: {'layers': 10, 'max_depth': 2, 'resampling_rate': 1.7198445789962644, 'et': 0.49974119846641696}. Best is trial 158 with value: 0.7116248725335422.
[I 2024-11-01 02:07:02,797] Trial 293 finished with value: 0.7138026083251666 and parameters: {'layers': 14, 'max_depth': 2, 'resampling_rate': 1.730026645942869, 'et': 0.5183427531554952}. Best is trial 158 with value: 0.7116248725335422.
[I 2024-11-01 02:07:23,629] Trial 294 finished with value: 0.7136134502343231 and parameters: {'layers': 9, 'max_depth': 2, 'resampling_rate': 1.787476675382394, 'et': 0.484425161261355}. Best is trial 158 with value: 0.7116248725335422.
[I 2024-11-01 02:07:44,423] Trial 295 finished with value: 0.7134055429941967 and parameters: {'layers': 15, 'max_depth': 2, 'resampling_rate': 1.7483339508726294, 'et': 0.5370901148432976}. Best is trial 158 with value: 0.7116248725335422.
[I 2024-11-01 02:08:05,136] Trial 296 finished with value: 0.7134122328663799 and parameters: {'layers': 15, 'max_depth': 2, 'resampling_rate': 1.6866900876507556, 'et': 0.5690501965021488}. Best is trial 158 with value: 0.7116248725335422.
[I 2024-11-01 02:08:26,022] Trial 297 finished with value: 0.7128163735123049 and parameters: {'layers': 15, 'max_depth': 2, 'resampling_rate': 1.7659401737383447, 'et': 0.45742215397890745}. Best is trial 158 with value: 0.7116248725335422.
[I 2024-11-01 02:08:46,903] Trial 298 finished with value: 0.71315806506902 and parameters: {'layers': 14, 'max_depth': 2, 'resampling_rate': 1.776193951577213, 'et': 0.5055820895442437}. Best is trial 158 with value: 0.7116248725335422.
[I 2024-11-01 02:09:07,680] Trial 299 finished with value: 0.7134580599901937 and parameters: {'layers': 13, 'max_depth': 2, 'resampling_rate': 1.7315372278740246, 'et': 0.4762686354696966}. Best is trial 158 with value: 0.7116248725335422.
[I 2024-11-01 02:09:28,490] Trial 300 finished with value: 0.7140592597639523 and parameters: {'layers': 15, 'max_depth': 2, 'resampling_rate': 1.71016571137438, 'et': 0.59713301991741}. Best is trial 158 with value: 0.7116248725335422.
[I 2024-11-01 02:09:49,387] Trial 301 finished with value: 0.714280955207356 and parameters: {'layers': 13, 'max_depth': 2, 'resampling_rate': 1.7494561354019238, 'et': 0.49427345152080243}. Best is trial 158 with value: 0.7116248725335422.
[I 2024-11-01 02:10:10,085] Trial 302 finished with value: 0.7123550310456496 and parameters: {'layers': 15, 'max_depth': 2, 'resampling_rate': 1.6981661223488456, 'et': 0.5217685629585928}. Best is trial 158 with value: 0.7116248725335422.
[I 2024-11-01 02:10:30,747] Trial 303 finished with value: 0.7127123908289561 and parameters: {'layers': 15, 'max_depth': 2, 'resampling_rate': 1.6942461620261602, 'et': 0.52552218428877}. Best is trial 158 with value: 0.7116248725335422.
[I 2024-11-01 02:10:51,334] Trial 304 finished with value: 0.7135328242088722 and parameters: {'layers': 7, 'max_depth': 2, 'resampling_rate': 1.6746347615892732, 'et': 0.5483681142287316}. Best is trial 158 with value: 0.7116248725335422.
[I 2024-11-01 02:11:12,044] Trial 305 finished with value: 0.7133379273407741 and parameters: {'layers': 15, 'max_depth': 2, 'resampling_rate': 1.7171156063331678, 'et': 0.533917393990357}. Best is trial 158 with value: 0.7116248725335422.
[I 2024-11-01 02:11:32,328] Trial 306 finished with value: 0.7138270492499298 and parameters: {'layers': 15, 'max_depth': 2, 'resampling_rate': 1.5400098626724328, 'et': 0.5121345246271864}. Best is trial 158 with value: 0.7116248725335422.
[I 2024-11-01 02:11:52,954] Trial 307 finished with value: 0.7137036074794564 and parameters: {'layers': 15, 'max_depth': 2, 'resampling_rate': 1.6610926478485304, 'et': 0.5509850516386133}. Best is trial 158 with value: 0.7116248725335422.
[I 2024-11-01 02:12:13,757] Trial 308 finished with value: 0.7129618202738227 and parameters: {'layers': 15, 'max_depth': 2, 'resampling_rate': 1.698834332782624, 'et': 0.5190525780565777}. Best is trial 158 with value: 0.7116248725335422.
[I 2024-11-01 02:12:25,644] Trial 309 finished with value: 0.8785952508744707 and parameters: {'layers': 15, 'max_depth': 1, 'resampling_rate': 1.6851514694876648, 'et': 0.6663876132387406}. Best is trial 158 with value: 0.7116248725335422.
[I 2024-11-01 02:12:46,360] Trial 310 finished with value: 0.7142830928193055 and parameters: {'layers': 15, 'max_depth': 2, 'resampling_rate': 1.73302921785619, 'et': 0.5736590666437782}. Best is trial 158 with value: 0.7116248725335422.
[I 2024-11-01 02:13:07,090] Trial 311 finished with value: 0.713302063704012 and parameters: {'layers': 10, 'max_depth': 2, 'resampling_rate': 1.711967457328584, 'et': 0.4932637514737256}. Best is trial 158 with value: 0.7116248725335422.
[I 2024-11-01 02:13:27,829] Trial 312 finished with value: 0.7134345421335424 and parameters: {'layers': 15, 'max_depth': 2, 'resampling_rate': 1.7213122779041998, 'et': 0.627077648238982}. Best is trial 158 with value: 0.7116248725335422.
[I 2024-11-01 02:13:48,724] Trial 313 finished with value: 0.7131355969562808 and parameters: {'layers': 14, 'max_depth': 2, 'resampling_rate': 1.7002022912095907, 'et': 0.536579196406728}. Best is trial 158 with value: 0.7116248725335422.
[I 2024-11-01 02:14:09,376] Trial 314 finished with value: 0.7129365908621633 and parameters: {'layers': 15, 'max_depth': 2, 'resampling_rate': 1.6756964862085288, 'et': 0.5067406243824994}. Best is trial 158 with value: 0.7116248725335422.
[I 2024-11-01 02:14:30,241] Trial 315 finished with value: 0.7133417847937106 and parameters: {'layers': 12, 'max_depth': 2, 'resampling_rate': 1.742964476396055, 'et': 0.4819928037065996}. Best is trial 158 with value: 0.7116248725335422.
[I 2024-11-01 02:14:51,035] Trial 316 finished with value: 0.7136104903680902 and parameters: {'layers': 15, 'max_depth': 2, 'resampling_rate': 1.6899531346194616, 'et': 0.5258867283725973}. Best is trial 158 with value: 0.7116248725335422.
[I 2024-11-01 02:15:11,666] Trial 317 finished with value: 0.711728591140477 and parameters: {'layers': 14, 'max_depth': 2, 'resampling_rate': 1.6433364117856348, 'et': 0.5652017542713413}. Best is trial 158 with value: 0.7116248725335422.
[I 2024-11-01 02:15:32,172] Trial 318 finished with value: 0.7124998754980453 and parameters: {'layers': 14, 'max_depth': 2, 'resampling_rate': 1.6431049181601756, 'et': 0.5825542509592043}. Best is trial 158 with value: 0.7116248725335422.
[I 2024-11-01 02:15:52,713] Trial 319 finished with value: 0.7129477510091616 and parameters: {'layers': 14, 'max_depth': 2, 'resampling_rate': 1.6497971414553838, 'et': 0.6057914005971599}. Best is trial 158 with value: 0.7116248725335422.
[I 2024-11-01 02:16:13,306] Trial 320 finished with value: 0.7131088078048179 and parameters: {'layers': 14, 'max_depth': 2, 'resampling_rate': 1.6297970540264344, 'et': 0.5871864492667163}. Best is trial 158 with value: 0.7116248725335422.
[I 2024-11-01 02:16:33,913] Trial 321 finished with value: 0.7123671071745973 and parameters: {'layers': 14, 'max_depth': 2, 'resampling_rate': 1.6353065849577604, 'et': 0.5745113655161407}. Best is trial 158 with value: 0.7116248725335422.
[I 2024-11-01 02:16:54,351] Trial 322 finished with value: 0.7132184209579898 and parameters: {'layers': 14, 'max_depth': 2, 'resampling_rate': 1.6125034063274568, 'et': 0.5873927168720868}. Best is trial 158 with value: 0.7116248725335422.
[I 2024-11-01 02:17:14,855] Trial 323 finished with value: 0.7138043852728596 and parameters: {'layers': 14, 'max_depth': 2, 'resampling_rate': 1.6390475099372368, 'et': 0.5682373975898344}. Best is trial 158 with value: 0.7116248725335422.
[I 2024-11-01 02:17:35,395] Trial 324 finished with value: 0.7122762391733747 and parameters: {'layers': 14, 'max_depth': 2, 'resampling_rate': 1.627594199927041, 'et': 0.6129379968860726}. Best is trial 158 with value: 0.7116248725335422.
[I 2024-11-01 02:17:55,953] Trial 325 finished with value: 0.7131334712147887 and parameters: {'layers': 14, 'max_depth': 2, 'resampling_rate': 1.645207859715576, 'et': 0.6054591198000278}. Best is trial 158 with value: 0.7116248725335422.
[I 2024-11-01 02:17:59,385] Trial 326 finished with value: 1000000000.0 and parameters: {'layers': 8, 'max_depth': 2, 'resampling_rate': 1.603239486369146, 'et': 0.6441672799801387}. Best is trial 158 with value: 0.7116248725335422.
[I 2024-11-01 02:18:19,798] Trial 327 finished with value: 0.7131869080490022 and parameters: {'layers': 14, 'max_depth': 2, 'resampling_rate': 1.6241258046893958, 'et': 0.6213798966374878}. Best is trial 158 with value: 0.7116248725335422.
[I 2024-11-01 02:18:40,267] Trial 328 finished with value: 0.7124690026405555 and parameters: {'layers': 14, 'max_depth': 2, 'resampling_rate': 1.6290273091109566, 'et': 0.5825299305431574}. Best is trial 158 with value: 0.7116248725335422.
[I 2024-11-01 02:19:00,793] Trial 329 finished with value: 0.7120690219927609 and parameters: {'layers': 14, 'max_depth': 2, 'resampling_rate': 1.592256639114276, 'et': 0.5913262366929953}. Best is trial 158 with value: 0.7116248725335422.
[I 2024-11-01 02:19:04,221] Trial 330 finished with value: 1000000000.0 and parameters: {'layers': 14, 'max_depth': 2, 'resampling_rate': 1.5900266424433949, 'et': 0.5914297225815285}. Best is trial 158 with value: 0.7116248725335422.
[I 2024-11-01 02:19:07,692] Trial 331 finished with value: 1000000000.0 and parameters: {'layers': 14, 'max_depth': 2, 'resampling_rate': 1.6198345617500125, 'et': 0.6284217180571328}. Best is trial 158 with value: 0.7116248725335422.
[I 2024-11-01 02:19:28,281] Trial 332 finished with value: 0.7140671026026154 and parameters: {'layers': 14, 'max_depth': 2, 'resampling_rate': 1.6300857667451782, 'et': 0.6124745420223598}. Best is trial 158 with value: 0.7116248725335422.
[I 2024-11-01 02:19:48,715] Trial 333 finished with value: 0.7134005586648225 and parameters: {'layers': 14, 'max_depth': 2, 'resampling_rate': 1.6082231920475638, 'et': 0.5809459322611631}. Best is trial 158 with value: 0.7116248725335422.
[I 2024-11-01 02:19:52,130] Trial 334 finished with value: 1000000000.0 and parameters: {'layers': 14, 'max_depth': 2, 'resampling_rate': 1.6339528972383557, 'et': 0.64571845634392}. Best is trial 158 with value: 0.7116248725335422.
[I 2024-11-01 02:20:12,622] Trial 335 finished with value: 0.712926769107522 and parameters: {'layers': 14, 'max_depth': 2, 'resampling_rate': 1.6440153495793945, 'et': 0.6025202147514658}. Best is trial 158 with value: 0.7116248725335422.
[I 2024-11-01 02:20:33,021] Trial 336 finished with value: 0.7129810623581049 and parameters: {'layers': 14, 'max_depth': 2, 'resampling_rate': 1.6174968370842355, 'et': 0.6148178782737427}. Best is trial 158 with value: 0.7116248725335422.
[I 2024-11-01 02:20:53,469] Trial 337 finished with value: 0.7138045963159237 and parameters: {'layers': 14, 'max_depth': 2, 'resampling_rate': 1.6535086002645192, 'et': 0.5699250807946187}. Best is trial 158 with value: 0.7116248725335422.
[I 2024-11-01 02:21:14,131] Trial 338 finished with value: 0.713983840976418 and parameters: {'layers': 14, 'max_depth': 2, 'resampling_rate': 1.653017995189134, 'et': 0.5872028248316317}. Best is trial 158 with value: 0.7116248725335422.
[I 2024-11-01 02:21:34,565] Trial 339 finished with value: 0.7133855022649955 and parameters: {'layers': 14, 'max_depth': 2, 'resampling_rate': 1.6441490770085025, 'et': 0.5688455307030044}. Best is trial 158 with value: 0.7116248725335422.
[I 2024-11-01 02:21:37,972] Trial 340 finished with value: 1000000000.0 and parameters: {'layers': 14, 'max_depth': 2, 'resampling_rate': 1.5880455448383202, 'et': 0.5983746347353296}. Best is trial 158 with value: 0.7116248725335422.
[I 2024-11-01 02:21:58,331] Trial 341 finished with value: 0.7150053522022649 and parameters: {'layers': 14, 'max_depth': 2, 'resampling_rate': 1.6255230808209649, 'et': 0.6074471379656494}. Best is trial 158 with value: 0.7116248725335422.
[I 2024-11-01 02:22:18,819] Trial 342 finished with value: 0.7131329497251852 and parameters: {'layers': 14, 'max_depth': 2, 'resampling_rate': 1.6329151323588083, 'et': 0.557608948336488}. Best is trial 158 with value: 0.7116248725335422.
[I 2024-11-01 02:22:39,431] Trial 343 finished with value: 0.7146728717439119 and parameters: {'layers': 14, 'max_depth': 2, 'resampling_rate': 1.6660301070500174, 'et': 0.5741882096615561}. Best is trial 158 with value: 0.7116248725335422.
[I 2024-11-01 02:23:00,409] Trial 344 finished with value: 0.7134063584893986 and parameters: {'layers': 14, 'max_depth': 2, 'resampling_rate': 1.6148704453811784, 'et': 0.23893040386792416}. Best is trial 158 with value: 0.7116248725335422.
[I 2024-11-01 02:23:20,842] Trial 345 finished with value: 0.7130899448280198 and parameters: {'layers': 14, 'max_depth': 2, 'resampling_rate': 1.65890973856322, 'et': 0.6547000917497958}. Best is trial 158 with value: 0.7116248725335422.
[I 2024-11-01 02:23:41,575] Trial 346 finished with value: 0.7136116842236376 and parameters: {'layers': 14, 'max_depth': 2, 'resampling_rate': 1.640794464647276, 'et': 0.6241625001884793}. Best is trial 158 with value: 0.7116248725335422.
[I 2024-11-01 02:24:01,977] Trial 347 finished with value: 0.7135747390744721 and parameters: {'layers': 15, 'max_depth': 2, 'resampling_rate': 1.600422393679137, 'et': 0.5886504554742201}. Best is trial 158 with value: 0.7116248725335422.
[I 2024-11-01 02:24:22,814] Trial 348 finished with value: 0.7142111768624949 and parameters: {'layers': 15, 'max_depth': 2, 'resampling_rate': 1.6652562688238945, 'et': 0.30383780954186973}. Best is trial 158 with value: 0.7116248725335422.
[I 2024-11-01 02:24:43,827] Trial 349 finished with value: 0.7128526931582589 and parameters: {'layers': 14, 'max_depth': 2, 'resampling_rate': 1.6322667162716569, 'et': 0.27445730362373744}. Best is trial 158 with value: 0.7116248725335422.
[I 2024-11-01 02:24:55,737] Trial 350 finished with value: 0.8791955383967601 and parameters: {'layers': 15, 'max_depth': 1, 'resampling_rate': 1.6554087873208687, 'et': 0.5569003549373076}. Best is trial 158 with value: 0.7116248725335422.
[I 2024-11-01 02:25:16,162] Trial 351 finished with value: 0.7134337671183758 and parameters: {'layers': 7, 'max_depth': 2, 'resampling_rate': 1.6457565236516325, 'et': 0.6446227980057028}. Best is trial 158 with value: 0.7116248725335422.
[I 2024-11-01 02:25:19,578] Trial 352 finished with value: 1000000000.0 and parameters: {'layers': 15, 'max_depth': 2, 'resampling_rate': 1.3537289109623574, 'et': 0.5601781108226652}. Best is trial 158 with value: 0.7116248725335422.
[I 2024-11-01 02:25:23,015] Trial 353 finished with value: 1000000000.0 and parameters: {'layers': 14, 'max_depth': 2, 'resampling_rate': 1.5687478382244218, 'et': 0.6294155015142219}. Best is trial 158 with value: 0.7116248725335422.
[I 2024-11-01 02:25:43,543] Trial 354 finished with value: 0.7132241143360322 and parameters: {'layers': 15, 'max_depth': 2, 'resampling_rate': 1.665049178974211, 'et': 0.5798781182153443}. Best is trial 158 with value: 0.7116248725335422.
[I 2024-11-01 02:26:04,384] Trial 355 finished with value: 0.7137115984150503 and parameters: {'layers': 14, 'max_depth': 2, 'resampling_rate': 1.6226644888426003, 'et': 0.3191174581923644}. Best is trial 158 with value: 0.7116248725335422.
[I 2024-11-01 02:26:07,826] Trial 356 finished with value: 1000000000.0 and parameters: {'layers': 15, 'max_depth': 2, 'resampling_rate': 1.4056564552324344, 'et': 0.5964576705706838}. Best is trial 158 with value: 0.7116248725335422.
[I 2024-11-01 02:26:11,268] Trial 357 finished with value: 1000000000.0 and parameters: {'layers': 15, 'max_depth': 2, 'resampling_rate': 1.600548320507239, 'et': 0.6809788919516503}. Best is trial 158 with value: 0.7116248725335422.
[I 2024-11-01 02:26:31,814] Trial 358 finished with value: 0.7134089638753519 and parameters: {'layers': 15, 'max_depth': 2, 'resampling_rate': 1.5051535611212516, 'et': 0.3448332257107237}. Best is trial 158 with value: 0.7116248725335422.
[I 2024-11-01 02:26:52,596] Trial 359 finished with value: 0.7133520213942748 and parameters: {'layers': 15, 'max_depth': 2, 'resampling_rate': 1.6671928752714413, 'et': 0.29912376886024866}. Best is trial 158 with value: 0.7116248725335422.
[I 2024-11-01 02:27:13,548] Trial 360 finished with value: 0.7136939618789389 and parameters: {'layers': 14, 'max_depth': 2, 'resampling_rate': 1.678544936696661, 'et': 0.2561967509932809}. Best is trial 158 with value: 0.7116248725335422.
[I 2024-11-01 02:27:34,374] Trial 361 finished with value: 0.7138053009334041 and parameters: {'layers': 14, 'max_depth': 2, 'resampling_rate': 1.642398055618174, 'et': 0.5453749616249578}. Best is trial 158 with value: 0.7116248725335422.
[I 2024-11-01 02:27:55,202] Trial 362 finished with value: 0.7139016411184166 and parameters: {'layers': 15, 'max_depth': 2, 'resampling_rate': 1.7121435950983512, 'et': 0.3662163546615804}. Best is trial 158 with value: 0.7116248725335422.
[I 2024-11-01 02:28:16,296] Trial 363 finished with value: 0.7131616593765072 and parameters: {'layers': 15, 'max_depth': 2, 'resampling_rate': 1.659552840019251, 'et': 0.15857540740338366}. Best is trial 158 with value: 0.7116248725335422.
[I 2024-11-01 02:28:19,712] Trial 364 finished with value: 1000000000.0 and parameters: {'layers': 6, 'max_depth': 2, 'resampling_rate': 1.151681818785025, 'et': 0.2830510591007402}. Best is trial 158 with value: 0.7116248725335422.
[I 2024-11-01 02:28:40,423] Trial 365 finished with value: 0.7126729583363369 and parameters: {'layers': 14, 'max_depth': 2, 'resampling_rate': 1.6987299420143482, 'et': 0.613883052482476}. Best is trial 158 with value: 0.7116248725335422.
[I 2024-11-01 02:29:00,902] Trial 366 finished with value: 0.7145397776670294 and parameters: {'layers': 15, 'max_depth': 2, 'resampling_rate': 1.611129101767801, 'et': 0.5708512718923325}. Best is trial 158 with value: 0.7116248725335422.
[I 2024-11-01 02:29:21,436] Trial 367 finished with value: 0.7135616697932657 and parameters: {'layers': 14, 'max_depth': 2, 'resampling_rate': 1.6810190945190122, 'et': 0.5595946070709856}. Best is trial 158 with value: 0.7116248725335422.
[I 2024-11-01 02:29:24,858] Trial 368 finished with value: 1000000000.0 and parameters: {'layers': 15, 'max_depth': 2, 'resampling_rate': 1.6353406699214554, 'et': 0.6401355310634281}. Best is trial 158 with value: 0.7116248725335422.
