[I 2024-11-01 06:25:24,925] Trial 467 finished with value: 9.488654706348234 and parameters: {'layers': 7, 'max_depth': 2, 'resampling_rate': 1.521589745286351, 'et': 0.05243338073409845}. Best is trial 176 with value: 9.390723799178996.
[I 2024-11-01 06:25:31,431] Trial 468 finished with value: 9.491981556212286 and parameters: {'layers': 9, 'max_depth': 2, 'resampling_rate': 1.2227315888704287, 'et': 0.09509166290744958}. Best is trial 176 with value: 9.390723799178996.
[I 2024-11-01 06:25:37,288] Trial 469 finished with value: 9.477164662403155 and parameters: {'layers': 7, 'max_depth': 2, 'resampling_rate': 1.706439553058459, 'et': 0.3151460612926435}. Best is trial 176 with value: 9.390723799178996.
[I 2024-11-01 06:25:40,187] Trial 470 finished with value: 9.534036201405774 and parameters: {'layers': 8, 'max_depth': 2, 'resampling_rate': 1.289878078258718, 'et': 0.11422859028309756}. Best is trial 176 with value: 9.390723799178996.
[I 2024-11-01 06:25:44,251] Trial 471 finished with value: 9.516885293889636 and parameters: {'layers': 7, 'max_depth': 2, 'resampling_rate': 1.407607386971329, 'et': 0.06895984199760542}. Best is trial 176 with value: 9.390723799178996.
[I 2024-11-01 06:25:49,458] Trial 472 finished with value: 9.518974470492132 and parameters: {'layers': 8, 'max_depth': 2, 'resampling_rate': 1.202975960665701, 'et': 0.0848253325160742}. Best is trial 176 with value: 9.390723799178996.
[I 2024-11-01 06:25:52,369] Trial 473 finished with value: 9.474634724770423 and parameters: {'layers': 14, 'max_depth': 2, 'resampling_rate': 1.633479525271952, 'et': 0.057404552434343024}. Best is trial 176 with value: 9.390723799178996.
[I 2024-11-01 06:25:56,406] Trial 474 finished with value: 9.541509069979087 and parameters: {'layers': 7, 'max_depth': 2, 'resampling_rate': 1.6745188736829368, 'et': 0.27019019931151067}. Best is trial 176 with value: 9.390723799178996.
[I 2024-11-01 06:25:59,293] Trial 475 finished with value: 9.444533052397267 and parameters: {'layers': 10, 'max_depth': 2, 'resampling_rate': 1.1598659757034113, 'et': 0.027362500424818848}. Best is trial 176 with value: 9.390723799178996.
[I 2024-11-01 06:26:02,162] Trial 476 finished with value: 9.538340444640374 and parameters: {'layers': 10, 'max_depth': 2, 'resampling_rate': 1.178686936504303, 'et': 0.03872869586072096}. Best is trial 176 with value: 9.390723799178996.
[I 2024-11-01 06:26:11,138] Trial 477 finished with value: 9.464388484378935 and parameters: {'layers': 10, 'max_depth': 2, 'resampling_rate': 1.131601949014996, 'et': 0.03040577121060356}. Best is trial 176 with value: 9.390723799178996.
[I 2024-11-01 06:26:15,796] Trial 478 finished with value: 9.557878211709012 and parameters: {'layers': 10, 'max_depth': 2, 'resampling_rate': 1.17510493186515, 'et': 0.02234523947473286}. Best is trial 176 with value: 9.390723799178996.
[I 2024-11-01 06:26:19,809] Trial 479 finished with value: 9.484263484801225 and parameters: {'layers': 10, 'max_depth': 2, 'resampling_rate': 1.150122992014602, 'et': 0.021136436132913276}. Best is trial 176 with value: 9.390723799178996.
[I 2024-11-01 06:26:23,238] Trial 480 finished with value: 9.456654744671555 and parameters: {'layers': 9, 'max_depth': 2, 'resampling_rate': 1.157901153600027, 'et': 0.047376548549107174}. Best is trial 176 with value: 9.390723799178996.
[I 2024-11-01 06:26:26,742] Trial 481 finished with value: 9.477119815775124 and parameters: {'layers': 10, 'max_depth': 2, 'resampling_rate': 1.3475639862035935, 'et': 0.03873679367806722}. Best is trial 176 with value: 9.390723799178996.
[I 2024-11-01 06:26:32,637] Trial 482 finished with value: 9.5217158903248 and parameters: {'layers': 10, 'max_depth': 2, 'resampling_rate': 1.1353705814235686, 'et': 0.013433082838411152}. Best is trial 176 with value: 9.390723799178996.
[I 2024-11-01 06:26:36,126] Trial 483 finished with value: 9.425297949165175 and parameters: {'layers': 11, 'max_depth': 2, 'resampling_rate': 1.1659059042846132, 'et': 0.06914202904061599}. Best is trial 176 with value: 9.390723799178996.
[I 2024-11-01 06:26:40,219] Trial 484 finished with value: 9.575800671773864 and parameters: {'layers': 11, 'max_depth': 2, 'resampling_rate': 1.1659443913769052, 'et': 0.07596392056835485}. Best is trial 176 with value: 9.390723799178996.
[I 2024-11-01 06:26:43,684] Trial 485 finished with value: 9.51581532438692 and parameters: {'layers': 11, 'max_depth': 2, 'resampling_rate': 1.1548841892939632, 'et': 0.06059028884188787}. Best is trial 176 with value: 9.390723799178996.
[I 2024-11-01 06:26:44,148] Trial 486 finished with value: 1000000000.0 and parameters: {'layers': 11, 'max_depth': 2, 'resampling_rate': 1.1676868655484678, 'et': 0.3406998213075512}. Best is trial 176 with value: 9.390723799178996.
[I 2024-11-01 06:26:44,621] Trial 487 finished with value: 1000000000.0 and parameters: {'layers': 11, 'max_depth': 2, 'resampling_rate': 1.151298082928375, 'et': 0.2102735247554796}. Best is trial 176 with value: 9.390723799178996.
[I 2024-11-01 06:26:47,601] Trial 488 finished with value: 9.677268506555142 and parameters: {'layers': 11, 'max_depth': 2, 'resampling_rate': 1.1852456889653022, 'et': 0.06541822385762074}. Best is trial 176 with value: 9.390723799178996.
[I 2024-11-01 06:26:50,522] Trial 489 finished with value: 9.534308546147047 and parameters: {'layers': 11, 'max_depth': 2, 'resampling_rate': 1.1658121675786721, 'et': 0.09081494524967988}. Best is trial 176 with value: 9.390723799178996.
[I 2024-11-01 06:26:51,001] Trial 490 finished with value: 1000000000.0 and parameters: {'layers': 11, 'max_depth': 2, 'resampling_rate': 1.185784855339997, 'et': 0.2560710125512701}. Best is trial 176 with value: 9.390723799178996.
[I 2024-11-01 06:26:55,676] Trial 491 finished with value: 9.530010119696245 and parameters: {'layers': 11, 'max_depth': 2, 'resampling_rate': 1.2003869291233444, 'et': 0.05268400455866837}. Best is trial 176 with value: 9.390723799178996.
[I 2024-11-01 06:26:58,507] Trial 492 finished with value: 10.26786546373182 and parameters: {'layers': 11, 'max_depth': 1, 'resampling_rate': 1.173940379979025, 'et': 0.07091757913354214}. Best is trial 176 with value: 9.390723799178996.
[I 2024-11-01 06:26:58,973] Trial 493 finished with value: 1000000000.0 and parameters: {'layers': 9, 'max_depth': 2, 'resampling_rate': 1.151143537173253, 'et': 0.23100058986878388}. Best is trial 176 with value: 9.390723799178996.
[I 2024-11-01 06:27:03,698] Trial 494 finished with value: 9.454309242699933 and parameters: {'layers': 12, 'max_depth': 2, 'resampling_rate': 1.1897492347520864, 'et': 0.09381978436773525}. Best is trial 176 with value: 9.390723799178996.
[I 2024-11-01 06:27:04,166] Trial 495 finished with value: 1000000000.0 and parameters: {'layers': 15, 'max_depth': 2, 'resampling_rate': 1.3886829421350977, 'et': 0.42255725425166485}. Best is trial 176 with value: 9.390723799178996.
[I 2024-11-01 06:27:04,631] Trial 496 finished with value: 1000000000.0 and parameters: {'layers': 11, 'max_depth': 2, 'resampling_rate': 1.1162333732052108, 'et': 0.6891567977973556}. Best is trial 176 with value: 9.390723799178996.
[I 2024-11-01 06:27:08,706] Trial 497 finished with value: 9.511139621317566 and parameters: {'layers': 9, 'max_depth': 2, 'resampling_rate': 1.5838763247317613, 'et': 0.37134451539619007}. Best is trial 176 with value: 9.390723799178996.
[I 2024-11-01 06:27:09,171] Trial 498 finished with value: 1000000000.0 and parameters: {'layers': 6, 'max_depth': 2, 'resampling_rate': 1.132261739714398, 'et': 0.2821042209069167}. Best is trial 176 with value: 9.390723799178996.
[I 2024-11-01 06:27:12,091] Trial 499 finished with value: 9.555491108423697 and parameters: {'layers': 5, 'max_depth': 2, 'resampling_rate': 1.1416472617080575, 'et': 0.1033512023684094}. Best is trial 176 with value: 9.390723799178996.
[I 2024-11-01 06:27:17,380] Trial 500 finished with value: 9.462204974847355 and parameters: {'layers': 10, 'max_depth': 2, 'resampling_rate': 1.1610466543966007, 'et': 0.03587982547469409}. Best is trial 176 with value: 9.390723799178996.
[I 2024-11-01 06:27:21,461] Trial 501 finished with value: 9.54346879203169 and parameters: {'layers': 12, 'max_depth': 2, 'resampling_rate': 1.4348623338401767, 'et': 0.12693120788152834}. Best is trial 176 with value: 9.390723799178996.
[I 2024-11-01 06:27:21,929] Trial 502 finished with value: 1000000000.0 and parameters: {'layers': 9, 'max_depth': 2, 'resampling_rate': 1.1949972388882464, 'et': 0.8068969140273293}. Best is trial 176 with value: 9.390723799178996.
[I 2024-11-01 06:27:25,404] Trial 503 finished with value: 9.513326751172178 and parameters: {'layers': 11, 'max_depth': 2, 'resampling_rate': 1.2132523775505821, 'et': 0.07493232648969458}. Best is trial 176 with value: 9.390723799178996.
[I 2024-11-01 06:27:29,995] Trial 504 finished with value: 9.56629088588101 and parameters: {'layers': 8, 'max_depth': 2, 'resampling_rate': 1.6538537009159227, 'et': 0.3299695307827952}. Best is trial 176 with value: 9.390723799178996.
[I 2024-11-01 06:27:32,904] Trial 505 finished with value: 9.58222149533093 and parameters: {'layers': 10, 'max_depth': 2, 'resampling_rate': 1.177578041068896, 'et': 0.05466049598220574}. Best is trial 176 with value: 9.390723799178996.
[I 2024-11-01 06:27:35,808] Trial 506 finished with value: 9.584582442791188 and parameters: {'layers': 12, 'max_depth': 2, 'resampling_rate': 1.6913833945195214, 'et': 0.08309493751367611}. Best is trial 176 with value: 9.390723799178996.
[I 2024-11-01 06:27:36,274] Trial 507 finished with value: 1000000000.0 and parameters: {'layers': 13, 'max_depth': 2, 'resampling_rate': 1.3584351672144226, 'et': 0.3975396585692341}. Best is trial 176 with value: 9.390723799178996.
[I 2024-11-01 06:27:39,188] Trial 508 finished with value: 9.465643821625491 and parameters: {'layers': 15, 'max_depth': 2, 'resampling_rate': 1.4002729401186396, 'et': 0.02840545911801611}. Best is trial 176 with value: 9.390723799178996.
[I 2024-11-01 06:27:42,666] Trial 509 finished with value: 9.574329331366592 and parameters: {'layers': 11, 'max_depth': 2, 'resampling_rate': 1.697293201225363, 'et': 0.30643511961180186}. Best is trial 176 with value: 9.390723799178996.
[I 2024-11-01 06:27:46,748] Trial 510 finished with value: 9.47815493629185 and parameters: {'layers': 7, 'max_depth': 2, 'resampling_rate': 1.1618712882110653, 'et': 0.11021923610926859}. Best is trial 176 with value: 9.390723799178996.
[I 2024-11-01 06:27:50,835] Trial 511 finished with value: 9.636846691439922 and parameters: {'layers': 6, 'max_depth': 2, 'resampling_rate': 1.7124510433085058, 'et': 0.13958376476756612}. Best is trial 176 with value: 9.390723799178996.
[I 2024-11-01 06:27:54,921] Trial 512 finished with value: 9.534791010750622 and parameters: {'layers': 8, 'max_depth': 2, 'resampling_rate': 1.373132143215343, 'et': 0.05398026678206954}. Best is trial 176 with value: 9.390723799178996.
[I 2024-11-01 06:27:59,014] Trial 513 finished with value: 9.439228104340588 and parameters: {'layers': 7, 'max_depth': 2, 'resampling_rate': 1.2357179407350798, 'et': 0.0714928809756282}. Best is trial 176 with value: 9.390723799178996.
[I 2024-11-01 06:28:04,991] Trial 514 finished with value: 9.554470105981721 and parameters: {'layers': 7, 'max_depth': 2, 'resampling_rate': 1.2460161192272488, 'et': 0.09705026286690145}. Best is trial 176 with value: 9.390723799178996.
[I 2024-11-01 06:28:07,908] Trial 515 finished with value: 9.511365153755596 and parameters: {'layers': 7, 'max_depth': 2, 'resampling_rate': 1.2344537853066477, 'et': 0.08424297012478207}. Best is trial 176 with value: 9.390723799178996.
[I 2024-11-01 06:28:10,816] Trial 516 finished with value: 9.508463970675173 and parameters: {'layers': 7, 'max_depth': 2, 'resampling_rate': 1.220231165798141, 'et': 0.19274459888452875}. Best is trial 176 with value: 9.390723799178996.
[I 2024-11-01 06:28:16,143] Trial 517 finished with value: 9.56763722096428 and parameters: {'layers': 7, 'max_depth': 2, 'resampling_rate': 1.26037872552616, 'et': 0.06985729882814051}. Best is trial 176 with value: 9.390723799178996.
[I 2024-11-01 06:28:19,620] Trial 518 finished with value: 9.481504833573304 and parameters: {'layers': 7, 'max_depth': 2, 'resampling_rate': 1.2091244403477783, 'et': 0.11696273635507426}. Best is trial 176 with value: 9.390723799178996.
[I 2024-11-01 06:28:22,496] Trial 519 finished with value: 9.487227303387677 and parameters: {'layers': 6, 'max_depth': 2, 'resampling_rate': 1.230390506488248, 'et': 0.09899472525823583}. Best is trial 176 with value: 9.390723799178996.
[I 2024-11-01 06:28:26,505] Trial 520 finished with value: 9.490491910846453 and parameters: {'layers': 7, 'max_depth': 2, 'resampling_rate': 1.55504183078625, 'et': 0.24429851710601408}. Best is trial 176 with value: 9.390723799178996.
[I 2024-11-01 06:28:30,551] Trial 521 finished with value: 9.494428239804067 and parameters: {'layers': 7, 'max_depth': 2, 'resampling_rate': 1.326016489544297, 'et': 0.07168014075173201}. Best is trial 176 with value: 9.390723799178996.
[I 2024-11-01 06:28:33,473] Trial 522 finished with value: 9.503233384668404 and parameters: {'layers': 7, 'max_depth': 2, 'resampling_rate': 1.2048187676012798, 'et': 0.07660144762713347}. Best is trial 176 with value: 9.390723799178996.
[I 2024-11-01 06:28:41,919] Trial 523 finished with value: 9.527597405889642 and parameters: {'layers': 8, 'max_depth': 2, 'resampling_rate': 1.2288287949998835, 'et': 0.1647277883589837}. Best is trial 176 with value: 9.390723799178996.
[I 2024-11-01 06:28:49,308] Trial 524 finished with value: 9.41024602763221 and parameters: {'layers': 7, 'max_depth': 2, 'resampling_rate': 1.4162201091592728, 'et': 0.09044279305814029}. Best is trial 176 with value: 9.390723799178996.
[I 2024-11-01 06:28:52,770] Trial 525 finished with value: 9.52521359067502 and parameters: {'layers': 7, 'max_depth': 2, 'resampling_rate': 1.41837061387144, 'et': 0.09403920290960624}. Best is trial 176 with value: 9.390723799178996.
[I 2024-11-01 06:28:57,396] Trial 526 finished with value: 9.621600011125787 and parameters: {'layers': 7, 'max_depth': 2, 'resampling_rate': 1.4330806964866865, 'et': 0.11722055315724211}. Best is trial 176 with value: 9.390723799178996.
[I 2024-11-01 06:29:01,458] Trial 527 finished with value: 9.461844406186838 and parameters: {'layers': 7, 'max_depth': 2, 'resampling_rate': 1.4019527830817986, 'et': 0.13917803306640564}. Best is trial 176 with value: 9.390723799178996.
[I 2024-11-01 06:29:05,504] Trial 528 finished with value: 9.5647083257181 and parameters: {'layers': 7, 'max_depth': 2, 'resampling_rate': 1.410274471815708, 'et': 0.10420564023655049}. Best is trial 176 with value: 9.390723799178996.
[I 2024-11-01 06:29:08,317] Trial 529 finished with value: 10.28938329504212 and parameters: {'layers': 6, 'max_depth': 1, 'resampling_rate': 1.4480015251241027, 'et': 0.08461101200789244}. Best is trial 176 with value: 9.390723799178996.
[I 2024-11-01 06:29:12,365] Trial 530 finished with value: 9.481752860125686 and parameters: {'layers': 7, 'max_depth': 2, 'resampling_rate': 1.4197004153800494, 'et': 0.06518019926334148}. Best is trial 176 with value: 9.390723799178996.
[I 2024-11-01 06:29:16,450] Trial 531 finished with value: 9.53384991487403 and parameters: {'layers': 7, 'max_depth': 2, 'resampling_rate': 1.2816073022258192, 'et': 0.049297891047800274}. Best is trial 176 with value: 9.390723799178996.
[I 2024-11-01 06:29:22,308] Trial 532 finished with value: 9.483915513689679 and parameters: {'layers': 7, 'max_depth': 2, 'resampling_rate': 1.385694037282829, 'et': 0.11946866514074977}. Best is trial 176 with value: 9.390723799178996.
[I 2024-11-01 06:29:26,401] Trial 533 finished with value: 9.525387572071478 and parameters: {'layers': 14, 'max_depth': 2, 'resampling_rate': 1.470463584246097, 'et': 0.08479193595252654}. Best is trial 176 with value: 9.390723799178996.
[I 2024-11-01 06:29:30,450] Trial 534 finished with value: 9.498808511032156 and parameters: {'layers': 7, 'max_depth': 2, 'resampling_rate': 1.3962342164693475, 'et': 0.060394437240844305}. Best is trial 176 with value: 9.390723799178996.
[I 2024-11-01 06:29:33,929] Trial 535 finished with value: 9.426499132515724 and parameters: {'layers': 7, 'max_depth': 2, 'resampling_rate': 1.4168302960653372, 'et': 0.10010415775898096}. Best is trial 176 with value: 9.390723799178996.
[I 2024-11-01 06:29:40,438] Trial 536 finished with value: 9.610533334426467 and parameters: {'layers': 7, 'max_depth': 2, 'resampling_rate': 1.4353629502672478, 'et': 0.4467644781010625}. Best is trial 176 with value: 9.390723799178996.
[I 2024-11-01 06:29:44,514] Trial 537 finished with value: 9.448160812074525 and parameters: {'layers': 7, 'max_depth': 2, 'resampling_rate': 1.4142136894395, 'et': 0.09614261201786732}. Best is trial 176 with value: 9.390723799178996.
[I 2024-11-01 06:29:47,425] Trial 538 finished with value: 9.56335344543171 and parameters: {'layers': 6, 'max_depth': 2, 'resampling_rate': 1.4199186939995694, 'et': 0.07112763797053501}. Best is trial 176 with value: 9.390723799178996.
[I 2024-11-01 06:29:50,899] Trial 539 finished with value: 9.509596243672606 and parameters: {'layers': 7, 'max_depth': 2, 'resampling_rate': 1.4551279454799655, 'et': 0.04737687935639995}. Best is trial 176 with value: 9.390723799178996.
[I 2024-11-01 06:29:56,886] Trial 540 finished with value: 9.599749791669732 and parameters: {'layers': 7, 'max_depth': 2, 'resampling_rate': 1.4106433747354101, 'et': 0.08678571401325476}. Best is trial 176 with value: 9.390723799178996.
[I 2024-11-01 06:30:03,056] Trial 541 finished with value: 9.497968255313902 and parameters: {'layers': 7, 'max_depth': 2, 'resampling_rate': 1.4369966249439938, 'et': 0.054197218114956563}. Best is trial 176 with value: 9.390723799178996.
[I 2024-11-01 06:30:06,555] Trial 542 finished with value: 9.609030356931646 and parameters: {'layers': 7, 'max_depth': 2, 'resampling_rate': 1.3954634976420928, 'et': 0.10661526480077071}. Best is trial 176 with value: 9.390723799178996.
[I 2024-11-01 06:30:09,432] Trial 543 finished with value: 9.532719312605321 and parameters: {'layers': 15, 'max_depth': 2, 'resampling_rate': 1.4025068449390863, 'et': 0.0726345408373092}. Best is trial 176 with value: 9.390723799178996.
[I 2024-11-01 06:30:13,467] Trial 544 finished with value: 9.665656642988878 and parameters: {'layers': 7, 'max_depth': 2, 'resampling_rate': 1.372203306045702, 'et': 0.08900395948426883}. Best is trial 176 with value: 9.390723799178996.
[I 2024-11-01 06:30:17,445] Trial 545 finished with value: 9.571367901203624 and parameters: {'layers': 6, 'max_depth': 2, 'resampling_rate': 1.3817574190938577, 'et': 0.06306009796715731}. Best is trial 176 with value: 9.390723799178996.
[I 2024-11-01 06:30:23,858] Trial 546 finished with value: 9.529795783598175 and parameters: {'layers': 7, 'max_depth': 2, 'resampling_rate': 1.432804538915511, 'et': 0.13231749774555282}. Best is trial 176 with value: 9.390723799178996.
[I 2024-11-01 06:30:26,725] Trial 547 finished with value: 9.509398911794113 and parameters: {'layers': 5, 'max_depth': 2, 'resampling_rate': 1.1955562142060097, 'et': 0.041159265018413126}. Best is trial 176 with value: 9.390723799178996.
[I 2024-11-01 06:30:30,685] Trial 548 finished with value: 9.48756841449031 and parameters: {'layers': 7, 'max_depth': 2, 'resampling_rate': 1.4309956454734036, 'et': 0.35927863811948585}. Best is trial 176 with value: 9.390723799178996.
[I 2024-11-01 06:30:35,845] Trial 549 finished with value: 9.486105269571096 and parameters: {'layers': 8, 'max_depth': 2, 'resampling_rate': 1.4961804336586189, 'et': 0.10421797776611166}. Best is trial 176 with value: 9.390723799178996.
[I 2024-11-01 06:30:36,306] Trial 550 finished with value: 1000000000.0 and parameters: {'layers': 8, 'max_depth': 2, 'resampling_rate': 1.459259779238461, 'et': 0.6060864480091175}. Best is trial 176 with value: 9.390723799178996.
[I 2024-11-01 06:30:39,738] Trial 551 finished with value: 9.531538316415565 and parameters: {'layers': 6, 'max_depth': 2, 'resampling_rate': 1.4222397793649304, 'et': 0.08109572331651337}. Best is trial 176 with value: 9.390723799178996.
[I 2024-11-01 06:30:43,759] Trial 552 finished with value: 9.51778086722166 and parameters: {'layers': 7, 'max_depth': 2, 'resampling_rate': 1.2144167786568005, 'et': 0.05868875835950502}. Best is trial 176 with value: 9.390723799178996.
[I 2024-11-01 06:30:46,632] Trial 553 finished with value: 9.528737439106722 and parameters: {'layers': 9, 'max_depth': 2, 'resampling_rate': 1.4169300596029768, 'et': 0.12439603461545977}. Best is trial 176 with value: 9.390723799178996.
[I 2024-11-01 06:30:50,049] Trial 554 finished with value: 9.470067494506672 and parameters: {'layers': 11, 'max_depth': 2, 'resampling_rate': 1.3914551916416642, 'et': 0.03861071231244858}. Best is trial 176 with value: 9.390723799178996.
[I 2024-11-01 06:30:54,644] Trial 555 finished with value: 9.526967151059196 and parameters: {'layers': 7, 'max_depth': 2, 'resampling_rate': 1.2435639655872, 'et': 0.07520543631190707}. Best is trial 176 with value: 9.390723799178996.
[I 2024-11-01 06:30:59,331] Trial 556 finished with value: 9.637370477496386 and parameters: {'layers': 13, 'max_depth': 2, 'resampling_rate': 1.409032869282916, 'et': 0.326372949969255}. Best is trial 176 with value: 9.390723799178996.
[I 2024-11-01 06:31:03,385] Trial 557 finished with value: 9.592407218623563 and parameters: {'layers': 8, 'max_depth': 2, 'resampling_rate': 1.6738517131094293, 'et': 0.09992719323965153}. Best is trial 176 with value: 9.390723799178996.
[I 2024-11-01 06:31:06,276] Trial 558 finished with value: 9.549070579093822 and parameters: {'layers': 7, 'max_depth': 2, 'resampling_rate': 1.3622094568734846, 'et': 0.14737331627572556}. Best is trial 176 with value: 9.390723799178996.
