[I 2024-11-01 00:11:41,790] Trial 549 finished with value: 3559.1053864679125 and parameters: {'layers': 13, 'max_depth': 2, 'resampling_rate': 1.2615764972724304, 'et': 0.2707392701668392}. Best is trial 109 with value: 3508.6982963730675.
[I 2024-11-01 00:11:44,879] Trial 550 finished with value: 3513.4746354778977 and parameters: {'layers': 5, 'max_depth': 2, 'resampling_rate': 1.7129168628574354, 'et': 0.17040197204596078}. Best is trial 109 with value: 3508.6982963730675.
[I 2024-11-01 00:11:47,978] Trial 551 finished with value: 3560.490248740305 and parameters: {'layers': 5, 'max_depth': 2, 'resampling_rate': 1.6931135205932286, 'et': 0.16009017418830107}. Best is trial 109 with value: 3508.6982963730675.
[I 2024-11-01 00:11:51,075] Trial 552 finished with value: 3548.7276728809506 and parameters: {'layers': 5, 'max_depth': 2, 'resampling_rate': 1.7128182261756792, 'et': 0.1407391143380693}. Best is trial 109 with value: 3508.6982963730675.
[I 2024-11-01 00:11:54,168] Trial 553 finished with value: 3563.6513402423425 and parameters: {'layers': 5, 'max_depth': 2, 'resampling_rate': 1.7046574230489016, 'et': 0.16922532129171905}. Best is trial 109 with value: 3508.6982963730675.
[I 2024-11-01 00:11:57,259] Trial 554 finished with value: 3530.7351048603728 and parameters: {'layers': 5, 'max_depth': 2, 'resampling_rate': 1.6801276529772173, 'et': 0.18390420004925165}. Best is trial 109 with value: 3508.6982963730675.
[I 2024-11-01 00:12:00,351] Trial 555 finished with value: 3570.7378009651325 and parameters: {'layers': 5, 'max_depth': 2, 'resampling_rate': 1.6631200512328252, 'et': 0.1976729017780819}. Best is trial 109 with value: 3508.6982963730675.
[I 2024-11-01 00:12:00,853] Trial 556 finished with value: 1000000000.0 and parameters: {'layers': 5, 'max_depth': 2, 'resampling_rate': 1.6410244583508657, 'et': 0.6755596545257209}. Best is trial 109 with value: 3508.6982963730675.
[I 2024-11-01 00:12:03,978] Trial 557 finished with value: 3539.443453582661 and parameters: {'layers': 5, 'max_depth': 2, 'resampling_rate': 1.7176830338100033, 'et': 0.17300239493083885}. Best is trial 109 with value: 3508.6982963730675.
[I 2024-11-01 00:12:07,101] Trial 558 finished with value: 3542.0838752016048 and parameters: {'layers': 5, 'max_depth': 2, 'resampling_rate': 1.2373049083506247, 'et': 0.13475088089768494}. Best is trial 109 with value: 3508.6982963730675.
[I 2024-11-01 00:12:07,601] Trial 559 finished with value: 1000000000.0 and parameters: {'layers': 5, 'max_depth': 2, 'resampling_rate': 1.206020576526537, 'et': 0.2426330424531235}. Best is trial 109 with value: 3508.6982963730675.
[I 2024-11-01 00:12:10,777] Trial 560 finished with value: 3567.0151111486443 and parameters: {'layers': 5, 'max_depth': 2, 'resampling_rate': 1.6979925371876545, 'et': 0.15170105560128194}. Best is trial 109 with value: 3508.6982963730675.
[I 2024-11-01 00:12:13,914] Trial 561 finished with value: 3538.5519652305243 and parameters: {'layers': 11, 'max_depth': 2, 'resampling_rate': 1.6818493796373846, 'et': 0.20981313856473105}. Best is trial 109 with value: 3508.6982963730675.
[I 2024-11-01 00:12:17,082] Trial 562 finished with value: 3539.869638540136 and parameters: {'layers': 5, 'max_depth': 2, 'resampling_rate': 1.727706176800437, 'et': 0.18894383417068655}. Best is trial 109 with value: 3508.6982963730675.
[I 2024-11-01 00:12:20,213] Trial 563 finished with value: 3525.556635084645 and parameters: {'layers': 5, 'max_depth': 2, 'resampling_rate': 1.466275692553113, 'et': 0.22396843188321736}. Best is trial 109 with value: 3508.6982963730675.
[I 2024-11-01 00:12:23,363] Trial 564 finished with value: 3541.7442132236247 and parameters: {'layers': 8, 'max_depth': 2, 'resampling_rate': 1.5069437734248055, 'et': 0.16741611419074015}. Best is trial 109 with value: 3508.6982963730675.
[I 2024-11-01 00:12:26,491] Trial 565 finished with value: 3566.823591542145 and parameters: {'layers': 5, 'max_depth': 2, 'resampling_rate': 1.1865661699523082, 'et': 0.1903905249886104}. Best is trial 109 with value: 3508.6982963730675.
[I 2024-11-01 00:12:29,648] Trial 566 finished with value: 3528.155007947717 and parameters: {'layers': 5, 'max_depth': 2, 'resampling_rate': 1.7114278562959822, 'et': 0.6586782281449146}. Best is trial 109 with value: 3508.6982963730675.
[I 2024-11-01 00:12:32,761] Trial 567 finished with value: 3539.3565825592596 and parameters: {'layers': 5, 'max_depth': 2, 'resampling_rate': 1.2499704478652467, 'et': 0.21114557940437895}. Best is trial 109 with value: 3508.6982963730675.
[I 2024-11-01 00:12:35,857] Trial 568 finished with value: 3544.714771906434 and parameters: {'layers': 5, 'max_depth': 2, 'resampling_rate': 1.7354883659381517, 'et': 0.15150823297659874}. Best is trial 109 with value: 3508.6982963730675.
[I 2024-11-01 00:12:38,959] Trial 569 finished with value: 3552.8112200418095 and parameters: {'layers': 5, 'max_depth': 2, 'resampling_rate': 1.686833547383714, 'et': 0.23551270092154072}. Best is trial 109 with value: 3508.6982963730675.
[I 2024-11-01 00:12:42,133] Trial 570 finished with value: 3539.694361283691 and parameters: {'layers': 10, 'max_depth': 2, 'resampling_rate': 1.2236584804500688, 'et': 0.1817251934231724}. Best is trial 109 with value: 3508.6982963730675.
[I 2024-11-01 00:12:45,234] Trial 571 finished with value: 3514.596922853447 and parameters: {'layers': 5, 'max_depth': 2, 'resampling_rate': 1.3498656771729114, 'et': 0.2545042486066188}. Best is trial 109 with value: 3508.6982963730675.
[I 2024-11-01 00:12:48,343] Trial 572 finished with value: 3529.6401808037153 and parameters: {'layers': 10, 'max_depth': 2, 'resampling_rate': 1.2986807472584923, 'et': 0.2661775913487529}. Best is trial 109 with value: 3508.6982963730675.
[I 2024-11-01 00:12:51,456] Trial 573 finished with value: 3527.552235952057 and parameters: {'layers': 5, 'max_depth': 2, 'resampling_rate': 1.7479128333764573, 'et': 0.2501995926642933}. Best is trial 109 with value: 3508.6982963730675.
[I 2024-11-01 00:12:54,590] Trial 574 finished with value: 3541.870640452338 and parameters: {'layers': 11, 'max_depth': 2, 'resampling_rate': 1.7207372698555512, 'et': 0.29097447964213957}. Best is trial 109 with value: 3508.6982963730675.
[I 2024-11-01 00:12:57,713] Trial 575 finished with value: 3525.904983674616 and parameters: {'layers': 5, 'max_depth': 2, 'resampling_rate': 1.3421021612313742, 'et': 0.26024840027539803}. Best is trial 109 with value: 3508.6982963730675.
[I 2024-11-01 00:13:00,833] Trial 576 finished with value: 3544.444070713678 and parameters: {'layers': 9, 'max_depth': 2, 'resampling_rate': 1.270043951927264, 'et': 0.2401761495343416}. Best is trial 109 with value: 3508.6982963730675.
[I 2024-11-01 00:13:03,776] Trial 577 finished with value: 3992.306413943886 and parameters: {'layers': 10, 'max_depth': 1, 'resampling_rate': 1.16834153719527, 'et': 0.1389619201059932}. Best is trial 109 with value: 3508.6982963730675.
[I 2024-11-01 00:13:04,279] Trial 578 finished with value: 1000000000.0 and parameters: {'layers': 5, 'max_depth': 2, 'resampling_rate': 1.2030843566662799, 'et': 0.2737821740739076}. Best is trial 109 with value: 3508.6982963730675.
[I 2024-11-01 00:13:07,408] Trial 579 finished with value: 3584.650134732761 and parameters: {'layers': 9, 'max_depth': 2, 'resampling_rate': 1.7023656062465937, 'et': 0.6370914738434021}. Best is trial 109 with value: 3508.6982963730675.
[I 2024-11-01 00:13:10,531] Trial 580 finished with value: 3559.5864474055757 and parameters: {'layers': 5, 'max_depth': 2, 'resampling_rate': 1.7292771227081567, 'et': 0.6773867254848841}. Best is trial 109 with value: 3508.6982963730675.
[I 2024-11-01 00:13:13,664] Trial 581 finished with value: 3542.5542342457506 and parameters: {'layers': 5, 'max_depth': 2, 'resampling_rate': 1.7450357256515114, 'et': 0.23305548148009844}. Best is trial 109 with value: 3508.6982963730675.
[I 2024-11-01 00:13:16,791] Trial 582 finished with value: 3539.6646651193064 and parameters: {'layers': 8, 'max_depth': 2, 'resampling_rate': 1.6642493980814996, 'et': 0.20490008713297372}. Best is trial 109 with value: 3508.6982963730675.
[I 2024-11-01 00:13:19,917] Trial 583 finished with value: 3511.332263112185 and parameters: {'layers': 5, 'max_depth': 2, 'resampling_rate': 1.2235845839731831, 'et': 0.22213603470728924}. Best is trial 109 with value: 3508.6982963730675.
[I 2024-11-01 00:13:20,422] Trial 584 finished with value: 1000000000.0 and parameters: {'layers': 5, 'max_depth': 2, 'resampling_rate': 1.2309354209103605, 'et': 0.3055096422109099}. Best is trial 109 with value: 3508.6982963730675.
[I 2024-11-01 00:13:23,538] Trial 585 finished with value: 3541.5925200981906 and parameters: {'layers': 5, 'max_depth': 2, 'resampling_rate': 1.2198679262087964, 'et': 0.24893673451431791}. Best is trial 109 with value: 3508.6982963730675.
[I 2024-11-01 00:13:24,046] Trial 586 finished with value: 1000000000.0 and parameters: {'layers': 5, 'max_depth': 2, 'resampling_rate': 1.2459193620891351, 'et': 0.6536366739972045}. Best is trial 109 with value: 3508.6982963730675.
[I 2024-11-01 00:13:27,185] Trial 587 finished with value: 3546.2467632491225 and parameters: {'layers': 5, 'max_depth': 2, 'resampling_rate': 1.2295144989940927, 'et': 0.1332176009650719}. Best is trial 109 with value: 3508.6982963730675.
[I 2024-11-01 00:13:30,412] Trial 588 finished with value: 3529.220853991866 and parameters: {'layers': 5, 'max_depth': 2, 'resampling_rate': 1.2034536825318833, 'et': 0.16084603325908292}. Best is trial 109 with value: 3508.6982963730675.
[I 2024-11-01 00:13:30,916] Trial 589 finished with value: 1000000000.0 and parameters: {'layers': 5, 'max_depth': 2, 'resampling_rate': 1.1889797280971202, 'et': 0.2237745109456304}. Best is trial 109 with value: 3508.6982963730675.
[I 2024-11-01 00:13:34,037] Trial 590 finished with value: 3564.9432626759976 and parameters: {'layers': 5, 'max_depth': 2, 'resampling_rate': 1.211865703096062, 'et': 0.19249213459516032}. Best is trial 109 with value: 3508.6982963730675.
[I 2024-11-01 00:13:37,158] Trial 591 finished with value: 3546.5892871069477 and parameters: {'layers': 5, 'max_depth': 2, 'resampling_rate': 1.2467831370310518, 'et': 0.2560634666334515}. Best is trial 109 with value: 3508.6982963730675.
[I 2024-11-01 00:13:40,291] Trial 592 finished with value: 3536.4912165753817 and parameters: {'layers': 14, 'max_depth': 2, 'resampling_rate': 1.2283049199212086, 'et': 0.1709263467055044}. Best is trial 109 with value: 3508.6982963730675.
[I 2024-11-01 00:13:40,796] Trial 593 finished with value: 1000000000.0 and parameters: {'layers': 5, 'max_depth': 2, 'resampling_rate': 1.2197242853012342, 'et': 0.6196255632879857}. Best is trial 109 with value: 3508.6982963730675.
[I 2024-11-01 00:13:43,924] Trial 594 finished with value: 3573.5724071888567 and parameters: {'layers': 5, 'max_depth': 2, 'resampling_rate': 1.234755479520185, 'et': 0.22798428815559768}. Best is trial 109 with value: 3508.6982963730675.
[I 2024-11-01 00:13:47,066] Trial 595 finished with value: 3565.4981464662765 and parameters: {'layers': 5, 'max_depth': 2, 'resampling_rate': 1.2680908486120002, 'et': 0.19844370597862532}. Best is trial 109 with value: 3508.6982963730675.
[I 2024-11-01 00:13:47,575] Trial 596 finished with value: 1000000000.0 and parameters: {'layers': 5, 'max_depth': 2, 'resampling_rate': 1.1926433916945707, 'et': 0.5964531859059619}. Best is trial 109 with value: 3508.6982963730675.
[I 2024-11-01 00:13:50,716] Trial 597 finished with value: 3558.0744197340136 and parameters: {'layers': 11, 'max_depth': 2, 'resampling_rate': 1.3543755913984377, 'et': 0.1279348851925591}. Best is trial 109 with value: 3508.6982963730675.
[I 2024-11-01 00:13:51,248] Trial 598 finished with value: 1000000000.0 and parameters: {'layers': 5, 'max_depth': 2, 'resampling_rate': 1.2543531863274122, 'et': 0.672272068840308}. Best is trial 109 with value: 3508.6982963730675.
[I 2024-11-01 00:13:54,392] Trial 599 finished with value: 3533.885896666999 and parameters: {'layers': 5, 'max_depth': 2, 'resampling_rate': 1.7504839147496103, 'et': 0.15367574627228675}. Best is trial 109 with value: 3508.6982963730675.
[I 2024-11-01 00:13:54,896] Trial 600 finished with value: 1000000000.0 and parameters: {'layers': 10, 'max_depth': 2, 'resampling_rate': 1.2058235671293898, 'et': 0.6966966072157668}. Best is trial 109 with value: 3508.6982963730675.
[I 2024-11-01 00:13:58,032] Trial 601 finished with value: 3541.1079876329018 and parameters: {'layers': 5, 'max_depth': 2, 'resampling_rate': 1.3286018308664078, 'et': 0.2506284326789643}. Best is trial 109 with value: 3508.6982963730675.
[I 2024-11-01 00:13:58,532] Trial 602 finished with value: 1000000000.0 and parameters: {'layers': 5, 'max_depth': 2, 'resampling_rate': 1.5343755935991625, 'et': 0.6349300536048842}. Best is trial 109 with value: 3508.6982963730675.
[I 2024-11-01 00:14:01,649] Trial 603 finished with value: 3558.662601104752 and parameters: {'layers': 5, 'max_depth': 2, 'resampling_rate': 1.1457008727839577, 'et': 0.1731606090009243}. Best is trial 109 with value: 3508.6982963730675.
[I 2024-11-01 00:14:04,788] Trial 604 finished with value: 3555.914807102232 and parameters: {'layers': 5, 'max_depth': 2, 'resampling_rate': 1.7387393288305992, 'et': 0.27771661051455554}. Best is trial 109 with value: 3508.6982963730675.
[I 2024-11-01 00:14:07,907] Trial 605 finished with value: 3528.006809505889 and parameters: {'layers': 5, 'max_depth': 2, 'resampling_rate': 1.2387177513433694, 'et': 0.2225572290236456}. Best is trial 109 with value: 3508.6982963730675.
[I 2024-11-01 00:14:11,028] Trial 606 finished with value: 3532.0246876118977 and parameters: {'layers': 5, 'max_depth': 2, 'resampling_rate': 1.7562220245445073, 'et': 0.20756478985729226}. Best is trial 109 with value: 3508.6982963730675.
[I 2024-11-01 00:14:14,150] Trial 607 finished with value: 3544.2156381590885 and parameters: {'layers': 5, 'max_depth': 2, 'resampling_rate': 1.720613353716698, 'et': 0.23973650965410337}. Best is trial 109 with value: 3508.6982963730675.
[I 2024-11-01 00:14:17,278] Trial 608 finished with value: 3543.446196897579 and parameters: {'layers': 5, 'max_depth': 2, 'resampling_rate': 1.3042597322940206, 'et': 0.18458010100997235}. Best is trial 109 with value: 3508.6982963730675.
[I 2024-11-01 00:14:17,782] Trial 609 finished with value: 1000000000.0 and parameters: {'layers': 5, 'max_depth': 2, 'resampling_rate': 1.2175867154122977, 'et': 0.6509047994972121}. Best is trial 109 with value: 3508.6982963730675.
[I 2024-11-01 00:14:20,901] Trial 610 finished with value: 3548.902231684904 and parameters: {'layers': 5, 'max_depth': 2, 'resampling_rate': 1.1775487595964182, 'et': 0.12339023930775597}. Best is trial 109 with value: 3508.6982963730675.
[I 2024-11-01 00:14:24,099] Trial 611 finished with value: 3527.5361450716387 and parameters: {'layers': 11, 'max_depth': 2, 'resampling_rate': 1.7302863944117386, 'et': 0.15326030320846254}. Best is trial 109 with value: 3508.6982963730675.
[I 2024-11-01 00:14:27,213] Trial 612 finished with value: 3536.614965094666 and parameters: {'layers': 5, 'max_depth': 2, 'resampling_rate': 1.2849452716628742, 'et': 0.1997677859977657}. Best is trial 109 with value: 3508.6982963730675.
[I 2024-11-01 00:14:30,327] Trial 613 finished with value: 3554.5458034476383 and parameters: {'layers': 5, 'max_depth': 2, 'resampling_rate': 1.6240089674396159, 'et': 0.21861962733126214}. Best is trial 109 with value: 3508.6982963730675.
[I 2024-11-01 00:14:33,448] Trial 614 finished with value: 3514.110003751552 and parameters: {'layers': 15, 'max_depth': 2, 'resampling_rate': 1.747031297662834, 'et': 0.1788457626387242}. Best is trial 109 with value: 3508.6982963730675.
[I 2024-11-01 00:14:36,380] Trial 615 finished with value: 3985.07666217585 and parameters: {'layers': 14, 'max_depth': 1, 'resampling_rate': 1.7546503188104854, 'et': 0.16673564006712327}. Best is trial 109 with value: 3508.6982963730675.
[I 2024-11-01 00:14:39,495] Trial 616 finished with value: 3540.239965569655 and parameters: {'layers': 12, 'max_depth': 2, 'resampling_rate': 1.7377149978165325, 'et': 0.14625230016874832}. Best is trial 109 with value: 3508.6982963730675.
[I 2024-11-01 00:14:42,583] Trial 617 finished with value: 3548.4518471052984 and parameters: {'layers': 14, 'max_depth': 2, 'resampling_rate': 1.7491020043033483, 'et': 0.17028300368319416}. Best is trial 109 with value: 3508.6982963730675.
[I 2024-11-01 00:14:45,679] Trial 618 finished with value: 3542.2066516622413 and parameters: {'layers': 5, 'max_depth': 2, 'resampling_rate': 1.7716396196032185, 'et': 0.1829968107835553}. Best is trial 109 with value: 3508.6982963730675.
[I 2024-11-01 00:14:48,780] Trial 619 finished with value: 3561.3665733532907 and parameters: {'layers': 13, 'max_depth': 2, 'resampling_rate': 1.7360220614490678, 'et': 0.14048905449848}. Best is trial 109 with value: 3508.6982963730675.
[I 2024-11-01 00:14:51,884] Trial 620 finished with value: 3556.6648784940335 and parameters: {'layers': 15, 'max_depth': 2, 'resampling_rate': 1.7193314707330112, 'et': 0.18156304695722653}. Best is trial 109 with value: 3508.6982963730675.
[I 2024-11-01 00:14:55,031] Trial 621 finished with value: 3559.7006534833004 and parameters: {'layers': 14, 'max_depth': 2, 'resampling_rate': 1.7477862960343749, 'et': 0.16513978812633007}. Best is trial 109 with value: 3508.6982963730675.
[I 2024-11-01 00:14:58,142] Trial 622 finished with value: 3544.5296245029463 and parameters: {'layers': 5, 'max_depth': 2, 'resampling_rate': 1.7731442792269934, 'et': 0.6614204942210301}. Best is trial 109 with value: 3508.6982963730675.
[I 2024-11-01 00:15:01,254] Trial 623 finished with value: 3548.617857149415 and parameters: {'layers': 15, 'max_depth': 2, 'resampling_rate': 1.7595160730971875, 'et': 0.11670205152804579}. Best is trial 109 with value: 3508.6982963730675.
[I 2024-11-01 00:15:04,373] Trial 624 finished with value: 3536.8695474486844 and parameters: {'layers': 15, 'max_depth': 2, 'resampling_rate': 1.7183540003570978, 'et': 0.1976169220192129}. Best is trial 109 with value: 3508.6982963730675.
[I 2024-11-01 00:15:07,517] Trial 625 finished with value: 3556.9754481047053 and parameters: {'layers': 15, 'max_depth': 2, 'resampling_rate': 1.7080866827823458, 'et': 0.6222744747265418}. Best is trial 109 with value: 3508.6982963730675.
[I 2024-11-01 00:15:10,635] Trial 626 finished with value: 3523.6873526570216 and parameters: {'layers': 13, 'max_depth': 2, 'resampling_rate': 1.7400059486017019, 'et': 0.1421270160880403}. Best is trial 109 with value: 3508.6982963730675.
[I 2024-11-01 00:15:13,796] Trial 627 finished with value: 3526.529087081463 and parameters: {'layers': 13, 'max_depth': 2, 'resampling_rate': 1.7546767830061303, 'et': 0.6879707235202595}. Best is trial 109 with value: 3508.6982963730675.
[I 2024-11-01 00:15:16,927] Trial 628 finished with value: 3552.38561931532 and parameters: {'layers': 12, 'max_depth': 2, 'resampling_rate': 1.7296435401861845, 'et': 0.1590910056689146}. Best is trial 109 with value: 3508.6982963730675.
[I 2024-11-01 00:15:20,053] Trial 629 finished with value: 3547.3765113289287 and parameters: {'layers': 5, 'max_depth': 2, 'resampling_rate': 1.7793123883165214, 'et': 0.1871174814430111}. Best is trial 109 with value: 3508.6982963730675.
[I 2024-11-01 00:15:20,558] Trial 630 finished with value: 1000000000.0 and parameters: {'layers': 5, 'max_depth': 2, 'resampling_rate': 1.3171183757058467, 'et': 0.6410129040822534}. Best is trial 109 with value: 3508.6982963730675.
[I 2024-11-01 00:15:23,681] Trial 631 finished with value: 3569.380369003748 and parameters: {'layers': 6, 'max_depth': 2, 'resampling_rate': 1.7069724304973133, 'et': 0.20620003945646403}. Best is trial 109 with value: 3508.6982963730675.
[I 2024-11-01 00:15:26,806] Trial 632 finished with value: 3553.24767606239 and parameters: {'layers': 5, 'max_depth': 2, 'resampling_rate': 1.7629446269625528, 'et': 0.17335002670762634}. Best is trial 109 with value: 3508.6982963730675.
[I 2024-11-01 00:15:29,919] Trial 633 finished with value: 3554.437766629037 and parameters: {'layers': 5, 'max_depth': 2, 'resampling_rate': 1.7383864133706626, 'et': 0.4695882828890696}. Best is trial 109 with value: 3508.6982963730675.
[I 2024-11-01 00:15:33,035] Trial 634 finished with value: 3545.0814356207125 and parameters: {'layers': 5, 'max_depth': 2, 'resampling_rate': 1.7239820279688682, 'et': 0.4445960816407547}. Best is trial 109 with value: 3508.6982963730675.
[I 2024-11-01 00:15:36,154] Trial 635 finished with value: 3546.8932592749165 and parameters: {'layers': 5, 'max_depth': 2, 'resampling_rate': 1.7472919540937941, 'et': 0.1253433770358644}. Best is trial 109 with value: 3508.6982963730675.
[I 2024-11-01 00:15:36,662] Trial 636 finished with value: 1000000000.0 and parameters: {'layers': 5, 'max_depth': 2, 'resampling_rate': 1.2578357418693666, 'et': 0.4084799773416423}. Best is trial 109 with value: 3508.6982963730675.
[I 2024-11-01 00:15:39,807] Trial 637 finished with value: 3524.8397119788883 and parameters: {'layers': 11, 'max_depth': 2, 'resampling_rate': 1.7642152630325276, 'et': 0.5861463479080414}. Best is trial 109 with value: 3508.6982963730675.
[I 2024-11-01 00:15:42,922] Trial 638 finished with value: 3539.8938406934344 and parameters: {'layers': 6, 'max_depth': 2, 'resampling_rate': 1.3935297434448675, 'et': 0.19093380171022853}. Best is trial 109 with value: 3508.6982963730675.
[I 2024-11-01 00:15:46,061] Trial 639 finished with value: 3549.0263256241055 and parameters: {'layers': 15, 'max_depth': 2, 'resampling_rate': 1.3683348936686317, 'et': 0.15504451389534724}. Best is trial 109 with value: 3508.6982963730675.
