[I 2024-11-01 00:07:11,942] Trial 458 finished with value: 3969.560762352067 and parameters: {'layers': 6, 'max_depth': 1, 'resampling_rate': 1.7090238755787621, 'et': 0.15921118287211397}. Best is trial 109 with value: 3508.6982963730675.
[I 2024-11-01 00:07:15,092] Trial 459 finished with value: 3561.27405451788 and parameters: {'layers': 5, 'max_depth': 2, 'resampling_rate': 1.7360899328795953, 'et': 0.1790832206938794}. Best is trial 109 with value: 3508.6982963730675.
[I 2024-11-01 00:07:18,236] Trial 460 finished with value: 3564.509962138709 and parameters: {'layers': 5, 'max_depth': 2, 'resampling_rate': 1.7525573040320153, 'et': 0.6751709944330276}. Best is trial 109 with value: 3508.6982963730675.
[I 2024-11-01 00:07:21,421] Trial 461 finished with value: 3566.0353351127665 and parameters: {'layers': 5, 'max_depth': 2, 'resampling_rate': 1.7180489762170918, 'et': 0.10909963118429306}. Best is trial 109 with value: 3508.6982963730675.
[I 2024-11-01 00:07:24,549] Trial 462 finished with value: 3535.042244239967 and parameters: {'layers': 14, 'max_depth': 2, 'resampling_rate': 1.7784344120040096, 'et': 0.2248290161889738}. Best is trial 109 with value: 3508.6982963730675.
[I 2024-11-01 00:07:25,050] Trial 463 finished with value: 1000000000.0 and parameters: {'layers': 5, 'max_depth': 2, 'resampling_rate': 1.182639840543023, 'et': 0.6418648139813103}. Best is trial 109 with value: 3508.6982963730675.
[I 2024-11-01 00:07:28,169] Trial 464 finished with value: 3538.7719026221057 and parameters: {'layers': 6, 'max_depth': 2, 'resampling_rate': 1.54716005055742, 'et': 0.23657282951526448}. Best is trial 109 with value: 3508.6982963730675.
[I 2024-11-01 00:07:31,302] Trial 465 finished with value: 3544.807220366989 and parameters: {'layers': 5, 'max_depth': 2, 'resampling_rate': 1.7617795190350016, 'et': 0.19103398976530156}. Best is trial 109 with value: 3508.6982963730675.
[I 2024-11-01 00:07:34,439] Trial 466 finished with value: 3543.133919213348 and parameters: {'layers': 6, 'max_depth': 2, 'resampling_rate': 1.7994777660186063, 'et': 0.16704422646935074}. Best is trial 109 with value: 3508.6982963730675.
[I 2024-11-01 00:07:37,576] Trial 467 finished with value: 3551.5252609118174 and parameters: {'layers': 5, 'max_depth': 2, 'resampling_rate': 1.2716889254756034, 'et': 0.07107412514604078}. Best is trial 109 with value: 3508.6982963730675.
[I 2024-11-01 00:07:40,702] Trial 468 finished with value: 3553.788425911045 and parameters: {'layers': 10, 'max_depth': 2, 'resampling_rate': 1.1627053137545353, 'et': 0.1408993173473348}. Best is trial 109 with value: 3508.6982963730675.
[I 2024-11-01 00:07:43,845] Trial 469 finished with value: 3546.8248256420356 and parameters: {'layers': 5, 'max_depth': 2, 'resampling_rate': 1.742625464570545, 'et': 0.20143438601567373}. Best is trial 109 with value: 3508.6982963730675.
[I 2024-11-01 00:07:46,969] Trial 470 finished with value: 3540.8141435083103 and parameters: {'layers': 13, 'max_depth': 2, 'resampling_rate': 1.7660218233874923, 'et': 0.6579722015559442}. Best is trial 109 with value: 3508.6982963730675.
[I 2024-11-01 00:07:50,109] Trial 471 finished with value: 3525.960911570339 and parameters: {'layers': 12, 'max_depth': 2, 'resampling_rate': 1.5629253818354025, 'et': 0.12237542982239033}. Best is trial 109 with value: 3508.6982963730675.
[I 2024-11-01 00:07:53,238] Trial 472 finished with value: 3541.2752356697397 and parameters: {'layers': 12, 'max_depth': 2, 'resampling_rate': 1.5536975129118327, 'et': 0.12256588128636535}. Best is trial 109 with value: 3508.6982963730675.
[I 2024-11-01 00:07:56,371] Trial 473 finished with value: 3552.279962587474 and parameters: {'layers': 12, 'max_depth': 2, 'resampling_rate': 1.2334916582373088, 'et': 0.14340925431120258}. Best is trial 109 with value: 3508.6982963730675.
[I 2024-11-01 00:07:59,504] Trial 474 finished with value: 3548.8906762632155 and parameters: {'layers': 13, 'max_depth': 2, 'resampling_rate': 1.5700061040768722, 'et': 0.09785591585003012}. Best is trial 109 with value: 3508.6982963730675.
[I 2024-11-01 00:08:02,671] Trial 475 finished with value: 3545.143930566199 and parameters: {'layers': 11, 'max_depth': 2, 'resampling_rate': 1.593862367161444, 'et': 0.12167530288215553}. Best is trial 109 with value: 3508.6982963730675.
[I 2024-11-01 00:08:05,814] Trial 476 finished with value: 3545.811725167103 and parameters: {'layers': 12, 'max_depth': 2, 'resampling_rate': 1.4924511979430564, 'et': 0.1054624570171227}. Best is trial 109 with value: 3508.6982963730675.
[I 2024-11-01 00:08:08,968] Trial 477 finished with value: 3558.8977954474863 and parameters: {'layers': 11, 'max_depth': 2, 'resampling_rate': 1.5931204968329546, 'et': 0.15314837801071476}. Best is trial 109 with value: 3508.6982963730675.
[I 2024-11-01 00:08:12,087] Trial 478 finished with value: 3527.575170716535 and parameters: {'layers': 12, 'max_depth': 2, 'resampling_rate': 1.5775338984771738, 'et': 0.09253517020769345}. Best is trial 109 with value: 3508.6982963730675.
[I 2024-11-01 00:08:15,211] Trial 479 finished with value: 3548.8208688819836 and parameters: {'layers': 11, 'max_depth': 2, 'resampling_rate': 1.6136955875490295, 'et': 0.041191227906253736}. Best is trial 109 with value: 3508.6982963730675.
[I 2024-11-01 00:08:15,711] Trial 480 finished with value: 1000000000.0 and parameters: {'layers': 11, 'max_depth': 2, 'resampling_rate': 1.7271982571762643, 'et': 0.8349212121637732}. Best is trial 109 with value: 3508.6982963730675.
[I 2024-11-01 00:08:18,834] Trial 481 finished with value: 3523.150642355907 and parameters: {'layers': 10, 'max_depth': 2, 'resampling_rate': 1.298462458321584, 'et': 0.20951921558565942}. Best is trial 109 with value: 3508.6982963730675.
[I 2024-11-01 00:08:21,904] Trial 482 finished with value: 3547.237352959962 and parameters: {'layers': 7, 'max_depth': 2, 'resampling_rate': 1.1945169701658884, 'et': 0.20789193225411398}. Best is trial 109 with value: 3508.6982963730675.
[I 2024-11-01 00:08:24,975] Trial 483 finished with value: 3567.9643314939494 and parameters: {'layers': 10, 'max_depth': 2, 'resampling_rate': 1.300954407170053, 'et': 0.22658612085157143}. Best is trial 109 with value: 3508.6982963730675.
[I 2024-11-01 00:08:28,051] Trial 484 finished with value: 3556.2452405793824 and parameters: {'layers': 15, 'max_depth': 2, 'resampling_rate': 1.27183219620988, 'et': 0.2584514502783437}. Best is trial 109 with value: 3508.6982963730675.
[I 2024-11-01 00:08:31,137] Trial 485 finished with value: 3539.786465220006 and parameters: {'layers': 6, 'max_depth': 2, 'resampling_rate': 1.2520136252953462, 'et': 0.24383857630466158}. Best is trial 109 with value: 3508.6982963730675.
[I 2024-11-01 00:08:34,216] Trial 486 finished with value: 3538.1517873172793 and parameters: {'layers': 5, 'max_depth': 2, 'resampling_rate': 1.3291944355593786, 'et': 0.19254055965591385}. Best is trial 109 with value: 3508.6982963730675.
[I 2024-11-01 00:08:37,292] Trial 487 finished with value: 3529.7951732812276 and parameters: {'layers': 9, 'max_depth': 2, 'resampling_rate': 1.2927836309758456, 'et': 0.21167331747961568}. Best is trial 109 with value: 3508.6982963730675.
[I 2024-11-01 00:08:40,399] Trial 488 finished with value: 3523.3885025254044 and parameters: {'layers': 8, 'max_depth': 2, 'resampling_rate': 1.2098207379009853, 'et': 0.22551259839161844}. Best is trial 109 with value: 3508.6982963730675.
[I 2024-11-01 00:08:43,467] Trial 489 finished with value: 3543.928560584669 and parameters: {'layers': 8, 'max_depth': 2, 'resampling_rate': 1.2104410748133825, 'et': 0.22853031178081729}. Best is trial 109 with value: 3508.6982963730675.
[I 2024-11-01 00:08:46,607] Trial 490 finished with value: 3540.204517832785 and parameters: {'layers': 9, 'max_depth': 2, 'resampling_rate': 1.2248319303285393, 'et': 0.21363344529403333}. Best is trial 109 with value: 3508.6982963730675.
[I 2024-11-01 00:08:49,678] Trial 491 finished with value: 3553.155540741415 and parameters: {'layers': 7, 'max_depth': 2, 'resampling_rate': 1.3155402966242313, 'et': 0.24485835500975003}. Best is trial 109 with value: 3508.6982963730675.
[I 2024-11-01 00:08:52,755] Trial 492 finished with value: 3547.1048593056335 and parameters: {'layers': 8, 'max_depth': 2, 'resampling_rate': 1.198296925069649, 'et': 0.17862225450145866}. Best is trial 109 with value: 3508.6982963730675.
[I 2024-11-01 00:08:53,248] Trial 493 finished with value: 1000000000.0 and parameters: {'layers': 8, 'max_depth': 2, 'resampling_rate': 1.2109170572159325, 'et': 0.8735221650218459}. Best is trial 109 with value: 3508.6982963730675.
[I 2024-11-01 00:08:56,331] Trial 494 finished with value: 3563.98613610464 and parameters: {'layers': 10, 'max_depth': 2, 'resampling_rate': 1.2420792733074713, 'et': 0.22232517555476605}. Best is trial 109 with value: 3508.6982963730675.
[I 2024-11-01 00:08:59,434] Trial 495 finished with value: 3544.7928071001993 and parameters: {'layers': 6, 'max_depth': 2, 'resampling_rate': 1.2155772975340906, 'et': 0.20341918129113393}. Best is trial 109 with value: 3508.6982963730675.
[I 2024-11-01 00:08:59,905] Trial 496 finished with value: 1000000000.0 and parameters: {'layers': 10, 'max_depth': 1, 'resampling_rate': 1.1789634513194678, 'et': 0.24270873496962123}. Best is trial 109 with value: 3508.6982963730675.
[I 2024-11-01 00:09:03,013] Trial 497 finished with value: 3562.1238563454294 and parameters: {'layers': 9, 'max_depth': 2, 'resampling_rate': 1.228505800452448, 'et': 0.18263084469111077}. Best is trial 109 with value: 3508.6982963730675.
[I 2024-11-01 00:09:06,126] Trial 498 finished with value: 3522.105291145022 and parameters: {'layers': 7, 'max_depth': 2, 'resampling_rate': 1.6909508087179403, 'et': 0.1955456706053191}. Best is trial 109 with value: 3508.6982963730675.
[I 2024-11-01 00:09:09,236] Trial 499 finished with value: 3558.645131289284 and parameters: {'layers': 6, 'max_depth': 2, 'resampling_rate': 1.6601663396988688, 'et': 0.19873747725071203}. Best is trial 109 with value: 3508.6982963730675.
[I 2024-11-01 00:09:12,357] Trial 500 finished with value: 3543.392135961403 and parameters: {'layers': 7, 'max_depth': 2, 'resampling_rate': 1.6808729536848526, 'et': 0.19348850976132248}. Best is trial 109 with value: 3508.6982963730675.
[I 2024-11-01 00:09:15,461] Trial 501 finished with value: 3562.7145766015874 and parameters: {'layers': 7, 'max_depth': 2, 'resampling_rate': 1.6994690767193426, 'et': 0.1778574232732178}. Best is trial 109 with value: 3508.6982963730675.
[I 2024-11-01 00:09:18,577] Trial 502 finished with value: 3538.2076880593704 and parameters: {'layers': 8, 'max_depth': 2, 'resampling_rate': 1.7006581158159295, 'et': 0.2585211379222273}. Best is trial 109 with value: 3508.6982963730675.
[I 2024-11-01 00:09:21,695] Trial 503 finished with value: 3523.9967609733008 and parameters: {'layers': 7, 'max_depth': 2, 'resampling_rate': 1.6906549132995856, 'et': 0.21426520001584465}. Best is trial 109 with value: 3508.6982963730675.
[I 2024-11-01 00:09:24,854] Trial 504 finished with value: 3545.433377400636 and parameters: {'layers': 7, 'max_depth': 2, 'resampling_rate': 1.6878954323769306, 'et': 0.21767983734428903}. Best is trial 109 with value: 3508.6982963730675.
[I 2024-11-01 00:09:27,960] Trial 505 finished with value: 3553.830965482177 and parameters: {'layers': 7, 'max_depth': 2, 'resampling_rate': 1.6891321584146999, 'et': 0.22931920495036215}. Best is trial 109 with value: 3508.6982963730675.
[I 2024-11-01 00:09:31,086] Trial 506 finished with value: 3551.5701616010015 and parameters: {'layers': 7, 'max_depth': 2, 'resampling_rate': 1.6788022979048505, 'et': 0.20451729221494871}. Best is trial 109 with value: 3508.6982963730675.
[I 2024-11-01 00:09:34,223] Trial 507 finished with value: 3562.3271293527137 and parameters: {'layers': 8, 'max_depth': 2, 'resampling_rate': 1.6536940478217221, 'et': 0.22152675763454063}. Best is trial 109 with value: 3508.6982963730675.
[I 2024-11-01 00:09:37,358] Trial 508 finished with value: 3539.4646784585407 and parameters: {'layers': 7, 'max_depth': 2, 'resampling_rate': 1.7100047367085383, 'et': 0.2668032883958754}. Best is trial 109 with value: 3508.6982963730675.
[I 2024-11-01 00:09:40,481] Trial 509 finished with value: 3551.339720251583 and parameters: {'layers': 7, 'max_depth': 2, 'resampling_rate': 1.6698415425214945, 'et': 0.176635766906259}. Best is trial 109 with value: 3508.6982963730675.
[I 2024-11-01 00:09:43,623] Trial 510 finished with value: 3565.351343792579 and parameters: {'layers': 6, 'max_depth': 2, 'resampling_rate': 1.7079708395837085, 'et': 0.1983089281470118}. Best is trial 109 with value: 3508.6982963730675.
[I 2024-11-01 00:09:46,772] Trial 511 finished with value: 3539.2045095932685 and parameters: {'layers': 6, 'max_depth': 2, 'resampling_rate': 1.2825532980168943, 'et': 0.2390001113695796}. Best is trial 109 with value: 3508.6982963730675.
[I 2024-11-01 00:09:49,859] Trial 512 finished with value: 3580.807441775138 and parameters: {'layers': 8, 'max_depth': 2, 'resampling_rate': 1.7259059119038784, 'et': 0.21210111114400887}. Best is trial 109 with value: 3508.6982963730675.
[I 2024-11-01 00:09:52,950] Trial 513 finished with value: 3532.3219568875115 and parameters: {'layers': 7, 'max_depth': 2, 'resampling_rate': 1.7146984216381371, 'et': 0.1671260726715913}. Best is trial 109 with value: 3508.6982963730675.
[I 2024-11-01 00:09:56,074] Trial 514 finished with value: 3557.4264393381904 and parameters: {'layers': 7, 'max_depth': 2, 'resampling_rate': 1.260530706396107, 'et': 0.2471595104463345}. Best is trial 109 with value: 3508.6982963730675.
[I 2024-11-01 00:09:59,170] Trial 515 finished with value: 3544.0021805692068 and parameters: {'layers': 8, 'max_depth': 2, 'resampling_rate': 1.691517511374778, 'et': 0.1857588608567976}. Best is trial 109 with value: 3508.6982963730675.
[I 2024-11-01 00:10:02,291] Trial 516 finished with value: 3551.904661203269 and parameters: {'layers': 6, 'max_depth': 2, 'resampling_rate': 1.1944649315468763, 'et': 0.2216696912143906}. Best is trial 109 with value: 3508.6982963730675.
[I 2024-11-01 00:10:05,368] Trial 517 finished with value: 3546.228751850392 and parameters: {'layers': 6, 'max_depth': 2, 'resampling_rate': 1.2451501774542129, 'et': 0.20029466307857968}. Best is trial 109 with value: 3508.6982963730675.
[I 2024-11-01 00:10:08,456] Trial 518 finished with value: 3521.638177936374 and parameters: {'layers': 8, 'max_depth': 2, 'resampling_rate': 1.7017193126646477, 'et': 0.15983199189124242}. Best is trial 109 with value: 3508.6982963730675.
[I 2024-11-01 00:10:11,619] Trial 519 finished with value: 3542.1300084011104 and parameters: {'layers': 7, 'max_depth': 2, 'resampling_rate': 1.709792126119888, 'et': 0.16014851985526615}. Best is trial 109 with value: 3508.6982963730675.
[I 2024-11-01 00:10:14,727] Trial 520 finished with value: 3530.846332417936 and parameters: {'layers': 9, 'max_depth': 2, 'resampling_rate': 1.6920487697903748, 'et': 0.16399693687207642}. Best is trial 109 with value: 3508.6982963730675.
[I 2024-11-01 00:10:17,810] Trial 521 finished with value: 3535.4927419329815 and parameters: {'layers': 7, 'max_depth': 2, 'resampling_rate': 1.6678540049282937, 'et': 0.17382528198725786}. Best is trial 109 with value: 3508.6982963730675.
[I 2024-11-01 00:10:20,915] Trial 522 finished with value: 3551.3415952088035 and parameters: {'layers': 8, 'max_depth': 2, 'resampling_rate': 1.69921160950742, 'et': 0.1542449835977118}. Best is trial 109 with value: 3508.6982963730675.
[I 2024-11-01 00:10:24,011] Trial 523 finished with value: 3533.889977690043 and parameters: {'layers': 9, 'max_depth': 2, 'resampling_rate': 1.677352622741241, 'et': 0.19162937699876206}. Best is trial 109 with value: 3508.6982963730675.
[I 2024-11-01 00:10:27,108] Trial 524 finished with value: 3535.1131314921827 and parameters: {'layers': 8, 'max_depth': 2, 'resampling_rate': 1.7239229938911438, 'et': 0.1778182335502011}. Best is trial 109 with value: 3508.6982963730675.
[I 2024-11-01 00:10:30,204] Trial 525 finished with value: 3545.8315628924925 and parameters: {'layers': 8, 'max_depth': 2, 'resampling_rate': 1.7162443193913064, 'et': 0.1473943444040658}. Best is trial 109 with value: 3508.6982963730675.
[I 2024-11-01 00:10:33,292] Trial 526 finished with value: 3547.0652671687876 and parameters: {'layers': 9, 'max_depth': 2, 'resampling_rate': 1.6962124405725778, 'et': 0.18406433763696797}. Best is trial 109 with value: 3508.6982963730675.
[I 2024-11-01 00:10:36,378] Trial 527 finished with value: 3562.2556971075696 and parameters: {'layers': 8, 'max_depth': 2, 'resampling_rate': 1.3451155729390154, 'et': 0.20722115585325235}. Best is trial 109 with value: 3508.6982963730675.
[I 2024-11-01 00:10:39,462] Trial 528 finished with value: 3543.731433213797 and parameters: {'layers': 6, 'max_depth': 2, 'resampling_rate': 1.7184657474296827, 'et': 0.16761105463490883}. Best is trial 109 with value: 3508.6982963730675.
[I 2024-11-01 00:10:42,546] Trial 529 finished with value: 3534.877135660194 and parameters: {'layers': 6, 'max_depth': 2, 'resampling_rate': 1.6840351111935168, 'et': 0.23246886153518617}. Best is trial 109 with value: 3508.6982963730675.
[I 2024-11-01 00:10:45,634] Trial 530 finished with value: 3556.1822869436746 and parameters: {'layers': 9, 'max_depth': 2, 'resampling_rate': 1.7267717793243587, 'et': 0.2014951873821194}. Best is trial 109 with value: 3508.6982963730675.
[I 2024-11-01 00:10:46,131] Trial 531 finished with value: 1000000000.0 and parameters: {'layers': 7, 'max_depth': 2, 'resampling_rate': 1.6281769682232283, 'et': 0.6931293345629976}. Best is trial 109 with value: 3508.6982963730675.
[I 2024-11-01 00:10:49,271] Trial 532 finished with value: 3531.561432158754 and parameters: {'layers': 10, 'max_depth': 2, 'resampling_rate': 1.7044580937243188, 'et': 0.18904075649078167}. Best is trial 109 with value: 3508.6982963730675.
[I 2024-11-01 00:10:52,357] Trial 533 finished with value: 3525.0436025524955 and parameters: {'layers': 7, 'max_depth': 2, 'resampling_rate': 1.6538385161287763, 'et': 0.26055058909258666}. Best is trial 109 with value: 3508.6982963730675.
[I 2024-11-01 00:10:55,486] Trial 534 finished with value: 3552.802616002235 and parameters: {'layers': 6, 'max_depth': 2, 'resampling_rate': 1.3271866049467587, 'et': 0.16207621581796666}. Best is trial 109 with value: 3508.6982963730675.
[I 2024-11-01 00:10:58,391] Trial 535 finished with value: 3994.6051787700144 and parameters: {'layers': 8, 'max_depth': 1, 'resampling_rate': 1.7357891990422032, 'et': 0.2142480158711456}. Best is trial 109 with value: 3508.6982963730675.
[I 2024-11-01 00:11:01,523] Trial 536 finished with value: 3535.0679352744896 and parameters: {'layers': 6, 'max_depth': 2, 'resampling_rate': 1.7139783824614225, 'et': 0.14209449366256438}. Best is trial 109 with value: 3508.6982963730675.
[I 2024-11-01 00:11:04,609] Trial 537 finished with value: 3554.3551024814938 and parameters: {'layers': 6, 'max_depth': 2, 'resampling_rate': 1.7330469844889937, 'et': 0.2287169732367928}. Best is trial 109 with value: 3508.6982963730675.
[I 2024-11-01 00:11:07,702] Trial 538 finished with value: 3547.4055471692027 and parameters: {'layers': 10, 'max_depth': 2, 'resampling_rate': 1.7394453620726262, 'et': 0.28641930231411344}. Best is trial 109 with value: 3508.6982963730675.
[I 2024-11-01 00:11:10,835] Trial 539 finished with value: 3554.8343975246644 and parameters: {'layers': 9, 'max_depth': 2, 'resampling_rate': 1.362500395985827, 'et': 0.19598186759304867}. Best is trial 109 with value: 3508.6982963730675.
[I 2024-11-01 00:11:13,975] Trial 540 finished with value: 3546.409053050787 and parameters: {'layers': 14, 'max_depth': 2, 'resampling_rate': 1.6735876413668955, 'et': 0.24839374500725386}. Best is trial 109 with value: 3508.6982963730675.
[I 2024-11-01 00:11:17,108] Trial 541 finished with value: 3547.4607896922766 and parameters: {'layers': 6, 'max_depth': 2, 'resampling_rate': 1.696435947838287, 'et': 0.20664095535399946}. Best is trial 109 with value: 3508.6982963730675.
[I 2024-11-01 00:11:20,208] Trial 542 finished with value: 3532.1034755668356 and parameters: {'layers': 11, 'max_depth': 2, 'resampling_rate': 1.7209428265666045, 'et': 0.17510314640926505}. Best is trial 109 with value: 3508.6982963730675.
[I 2024-11-01 00:11:23,288] Trial 543 finished with value: 3537.603980515325 and parameters: {'layers': 7, 'max_depth': 2, 'resampling_rate': 1.7452573111843914, 'et': 0.5086158840719941}. Best is trial 109 with value: 3508.6982963730675.
[I 2024-11-01 00:11:26,374] Trial 544 finished with value: 3534.3197432270003 and parameters: {'layers': 8, 'max_depth': 2, 'resampling_rate': 1.2968833371601496, 'et': 0.230494789536924}. Best is trial 109 with value: 3508.6982963730675.
[I 2024-11-01 00:11:29,457] Trial 545 finished with value: 3538.837925259835 and parameters: {'layers': 6, 'max_depth': 2, 'resampling_rate': 1.7021132384052526, 'et': 0.7093168053591793}. Best is trial 109 with value: 3508.6982963730675.
[I 2024-11-01 00:11:32,555] Trial 546 finished with value: 3531.606630953755 and parameters: {'layers': 7, 'max_depth': 2, 'resampling_rate': 1.731039246848227, 'et': 0.18789808443683956}. Best is trial 109 with value: 3508.6982963730675.
[I 2024-11-01 00:11:35,637] Trial 547 finished with value: 3538.730823980986 and parameters: {'layers': 5, 'max_depth': 2, 'resampling_rate': 1.2815369398309389, 'et': 0.15148016534906578}. Best is trial 109 with value: 3508.6982963730675.
[I 2024-11-01 00:11:38,713] Trial 548 finished with value: 3537.529359897468 and parameters: {'layers': 6, 'max_depth': 2, 'resampling_rate': 1.3190586863877245, 'et': 0.21285001469669687}. Best is trial 109 with value: 3508.6982963730675.
