[I 2024-11-01 01:02:12,722] Trial 96 finished with value: 0.7140180476827048 and parameters: {'layers': 12, 'max_depth': 2, 'resampling_rate': 1.7585087934661165, 'et': 0.29017955541348844}. Best is trial 22 with value: 0.7121798284814784.
[I 2024-11-01 01:02:34,301] Trial 97 finished with value: 0.7132757492036985 and parameters: {'layers': 12, 'max_depth': 2, 'resampling_rate': 1.6996718119152316, 'et': 0.08136901608886019}. Best is trial 22 with value: 0.7121798284814784.
[I 2024-11-01 01:02:55,392] Trial 98 finished with value: 0.7144861093200198 and parameters: {'layers': 15, 'max_depth': 2, 'resampling_rate': 1.6461440005469548, 'et': 0.20237208004240678}. Best is trial 22 with value: 0.7121798284814784.
[I 2024-11-01 01:03:16,852] Trial 99 finished with value: 0.7138818597633367 and parameters: {'layers': 14, 'max_depth': 2, 'resampling_rate': 1.7881598518407227, 'et': 0.12279764391724816}. Best is trial 22 with value: 0.7121798284814784.
[I 2024-11-01 01:03:29,156] Trial 100 finished with value: 0.8798032415930161 and parameters: {'layers': 11, 'max_depth': 1, 'resampling_rate': 1.7432982854648018, 'et': 0.16962867949551783}. Best is trial 22 with value: 0.7121798284814784.
[I 2024-11-01 01:03:50,131] Trial 101 finished with value: 0.7122469362062614 and parameters: {'layers': 15, 'max_depth': 2, 'resampling_rate': 1.767098996454558, 'et': 0.6366575390612781}. Best is trial 22 with value: 0.7121798284814784.
[I 2024-11-01 01:04:11,039] Trial 102 finished with value: 0.7134383477792087 and parameters: {'layers': 15, 'max_depth': 2, 'resampling_rate': 1.7677407116564279, 'et': 0.4529123127580938}. Best is trial 22 with value: 0.7121798284814784.
[I 2024-11-01 01:04:31,709] Trial 103 finished with value: 0.7118094079716286 and parameters: {'layers': 15, 'max_depth': 2, 'resampling_rate': 1.7140036560156187, 'et': 0.6422904888508231}. Best is trial 103 with value: 0.7118094079716286.
[I 2024-11-01 01:04:52,439] Trial 104 finished with value: 0.7128832593759373 and parameters: {'layers': 15, 'max_depth': 2, 'resampling_rate': 1.7158198625747827, 'et': 0.7128394051776357}. Best is trial 103 with value: 0.7118094079716286.
[I 2024-11-01 01:04:55,863] Trial 105 finished with value: 1000000000.0 and parameters: {'layers': 15, 'max_depth': 2, 'resampling_rate': 1.4927670251458098, 'et': 0.6853073141245773}. Best is trial 103 with value: 0.7118094079716286.
[I 2024-11-01 01:05:16,504] Trial 106 finished with value: 0.7136177253219547 and parameters: {'layers': 15, 'max_depth': 2, 'resampling_rate': 1.6662046369734222, 'et': 0.6654058265073128}. Best is trial 103 with value: 0.7118094079716286.
[I 2024-11-01 01:05:37,315] Trial 107 finished with value: 0.7130049430724926 and parameters: {'layers': 14, 'max_depth': 2, 'resampling_rate': 1.788894200681501, 'et': 0.6389819000511437}. Best is trial 103 with value: 0.7118094079716286.
[I 2024-11-01 01:05:40,716] Trial 108 finished with value: 1000000000.0 and parameters: {'layers': 14, 'max_depth': 2, 'resampling_rate': 1.6174714693462928, 'et': 0.7758482621434566}. Best is trial 103 with value: 0.7118094079716286.
[I 2024-11-01 01:06:01,474] Trial 109 finished with value: 0.7129339734792283 and parameters: {'layers': 15, 'max_depth': 2, 'resampling_rate': 1.754776022279134, 'et': 0.5507866132393331}. Best is trial 103 with value: 0.7118094079716286.
[I 2024-11-01 01:06:04,879] Trial 110 finished with value: 1000000000.0 and parameters: {'layers': 14, 'max_depth': 2, 'resampling_rate': 1.738681203706845, 'et': 0.7522876739026068}. Best is trial 103 with value: 0.7118094079716286.
[I 2024-11-01 01:06:25,671] Trial 111 finished with value: 0.7133824720866757 and parameters: {'layers': 10, 'max_depth': 2, 'resampling_rate': 1.6883072098243634, 'et': 0.545798266598045}. Best is trial 103 with value: 0.7118094079716286.
[I 2024-11-01 01:06:46,404] Trial 112 finished with value: 0.7123246406654564 and parameters: {'layers': 15, 'max_depth': 2, 'resampling_rate': 1.7234364292225217, 'et': 0.4922298123730735}. Best is trial 103 with value: 0.7118094079716286.
[I 2024-11-01 01:07:07,178] Trial 113 finished with value: 0.7139790526258464 and parameters: {'layers': 15, 'max_depth': 2, 'resampling_rate': 1.7093984540666405, 'et': 0.4921497482131625}. Best is trial 103 with value: 0.7118094079716286.
[I 2024-11-01 01:07:28,102] Trial 114 finished with value: 0.7137205670429836 and parameters: {'layers': 15, 'max_depth': 2, 'resampling_rate': 1.7760833571198096, 'et': 0.5930202292723289}. Best is trial 103 with value: 0.7118094079716286.
[I 2024-11-01 01:07:31,532] Trial 115 finished with value: 1000000000.0 and parameters: {'layers': 15, 'max_depth': 2, 'resampling_rate': 1.102216524973609, 'et': 0.468055705022503}. Best is trial 103 with value: 0.7118094079716286.
[I 2024-11-01 01:07:52,327] Trial 116 finished with value: 0.7136093919054834 and parameters: {'layers': 14, 'max_depth': 2, 'resampling_rate': 1.7297601846393764, 'et': 0.649147942606922}. Best is trial 103 with value: 0.7118094079716286.
[I 2024-11-01 01:08:13,117] Trial 117 finished with value: 0.7129457053878023 and parameters: {'layers': 13, 'max_depth': 2, 'resampling_rate': 1.7471499388109955, 'et': 0.5752364528678031}. Best is trial 103 with value: 0.7118094079716286.
[I 2024-11-01 01:08:33,904] Trial 118 finished with value: 0.7146658200467085 and parameters: {'layers': 15, 'max_depth': 2, 'resampling_rate': 1.6795185219761937, 'et': 0.4311532831582565}. Best is trial 103 with value: 0.7118094079716286.
[I 2024-11-01 01:08:54,878] Trial 119 finished with value: 0.7145105962286258 and parameters: {'layers': 14, 'max_depth': 2, 'resampling_rate': 1.7680994729024913, 'et': 0.6145081850537102}. Best is trial 103 with value: 0.7118094079716286.
[I 2024-11-01 01:09:15,638] Trial 120 finished with value: 0.7138658708709759 and parameters: {'layers': 13, 'max_depth': 2, 'resampling_rate': 1.7189451516200833, 'et': 0.504946209465793}. Best is trial 103 with value: 0.7118094079716286.
[I 2024-11-01 01:09:36,614] Trial 121 finished with value: 0.7134406883646953 and parameters: {'layers': 11, 'max_depth': 2, 'resampling_rate': 1.700635633283423, 'et': 0.26408920761961546}. Best is trial 103 with value: 0.7118094079716286.
[I 2024-11-01 01:09:57,658] Trial 122 finished with value: 0.7137748750802423 and parameters: {'layers': 12, 'max_depth': 2, 'resampling_rate': 1.7877314940003894, 'et': 0.4010772672483851}. Best is trial 103 with value: 0.7118094079716286.
[I 2024-11-01 01:10:18,660] Trial 123 finished with value: 0.7132668220585606 and parameters: {'layers': 15, 'max_depth': 2, 'resampling_rate': 1.7989383680797482, 'et': 0.4547223704698777}. Best is trial 103 with value: 0.7118094079716286.
[I 2024-11-01 01:10:39,263] Trial 124 finished with value: 0.7134005199394915 and parameters: {'layers': 10, 'max_depth': 2, 'resampling_rate': 1.654631434332423, 'et': 0.528478149006877}. Best is trial 103 with value: 0.7118094079716286.
[I 2024-11-01 01:11:00,249] Trial 125 finished with value: 0.7136715647231952 and parameters: {'layers': 11, 'max_depth': 2, 'resampling_rate': 1.7572128094582573, 'et': 0.3452795308782356}. Best is trial 103 with value: 0.7118094079716286.
[I 2024-11-01 01:11:21,459] Trial 126 finished with value: 0.713327072159076 and parameters: {'layers': 12, 'max_depth': 2, 'resampling_rate': 1.7375892625863616, 'et': 0.24744243964486562}. Best is trial 103 with value: 0.7118094079716286.
[I 2024-11-01 01:11:42,067] Trial 127 finished with value: 0.713535721755683 and parameters: {'layers': 13, 'max_depth': 2, 'resampling_rate': 1.635503574174252, 'et': 0.48133677048056195}. Best is trial 103 with value: 0.7118094079716286.
[I 2024-11-01 01:12:03,036] Trial 128 finished with value: 0.7134054985416277 and parameters: {'layers': 15, 'max_depth': 2, 'resampling_rate': 1.7158271158375653, 'et': 0.3023781730381101}. Best is trial 103 with value: 0.7118094079716286.
[I 2024-11-01 01:12:24,090] Trial 129 finished with value: 0.7139177084154111 and parameters: {'layers': 11, 'max_depth': 2, 'resampling_rate': 1.688717883000731, 'et': 0.37389544369409994}. Best is trial 103 with value: 0.7118094079716286.
[I 2024-11-01 01:12:45,485] Trial 130 finished with value: 0.7138367854265492 and parameters: {'layers': 12, 'max_depth': 2, 'resampling_rate': 1.7706318429018388, 'et': 0.0940864798014121}. Best is trial 103 with value: 0.7118094079716286.
[I 2024-11-01 01:13:06,988] Trial 131 finished with value: 0.7131307279483341 and parameters: {'layers': 9, 'max_depth': 2, 'resampling_rate': 1.7465321996301821, 'et': 0.05306787559242904}. Best is trial 103 with value: 0.7118094079716286.
[I 2024-11-01 01:13:27,719] Trial 132 finished with value: 0.7138729718242286 and parameters: {'layers': 15, 'max_depth': 2, 'resampling_rate': 1.7274145120090973, 'et': 0.6623255537404866}. Best is trial 103 with value: 0.7118094079716286.
[I 2024-11-01 01:13:48,593] Trial 133 finished with value: 0.713074656046614 and parameters: {'layers': 15, 'max_depth': 2, 'resampling_rate': 1.775861720625196, 'et': 0.6372100378270262}. Best is trial 103 with value: 0.7118094079716286.
[I 2024-11-01 01:14:09,347] Trial 134 finished with value: 0.7129808690012752 and parameters: {'layers': 14, 'max_depth': 2, 'resampling_rate': 1.7561337455815316, 'et': 0.6919733670109285}. Best is trial 103 with value: 0.7118094079716286.
[I 2024-11-01 01:14:29,875] Trial 135 finished with value: 0.7142579104192938 and parameters: {'layers': 15, 'max_depth': 2, 'resampling_rate': 1.3996680404622397, 'et': 0.3233134401387097}. Best is trial 103 with value: 0.7118094079716286.
[I 2024-11-01 01:14:50,454] Trial 136 finished with value: 0.7130106398028984 and parameters: {'layers': 14, 'max_depth': 2, 'resampling_rate': 1.7046354454120938, 'et': 0.6005821217261965}. Best is trial 103 with value: 0.7118094079716286.
[I 2024-11-01 01:14:53,871] Trial 137 finished with value: 1000000000.0 and parameters: {'layers': 15, 'max_depth': 2, 'resampling_rate': 1.6721015144873743, 'et': 0.7195855375784175}. Best is trial 103 with value: 0.7118094079716286.
[I 2024-11-01 01:15:14,668] Trial 138 finished with value: 0.7136866975086086 and parameters: {'layers': 11, 'max_depth': 2, 'resampling_rate': 1.7895125929158493, 'et': 0.6589948904984173}. Best is trial 103 with value: 0.7118094079716286.
[I 2024-11-01 01:15:35,494] Trial 139 finished with value: 0.7130705238688964 and parameters: {'layers': 14, 'max_depth': 2, 'resampling_rate': 1.7399425204938184, 'et': 0.49778767772844795}. Best is trial 103 with value: 0.7118094079716286.
[I 2024-11-01 01:15:47,660] Trial 140 finished with value: 0.8788968140922293 and parameters: {'layers': 13, 'max_depth': 1, 'resampling_rate': 1.7641648182030913, 'et': 0.5641668366076185}. Best is trial 103 with value: 0.7118094079716286.
[I 2024-11-01 01:16:08,560] Trial 141 finished with value: 0.7126965134096968 and parameters: {'layers': 13, 'max_depth': 2, 'resampling_rate': 1.7723904242146837, 'et': 0.5111918988208413}. Best is trial 103 with value: 0.7118094079716286.
[I 2024-11-01 01:16:29,442] Trial 142 finished with value: 0.713831202695444 and parameters: {'layers': 13, 'max_depth': 2, 'resampling_rate': 1.7790215031168835, 'et': 0.5140979428387302}. Best is trial 103 with value: 0.7118094079716286.
[I 2024-11-01 01:16:32,903] Trial 143 finished with value: 1000000000.0 and parameters: {'layers': 13, 'max_depth': 2, 'resampling_rate': 1.3390721849184162, 'et': 0.5433196744798331}. Best is trial 103 with value: 0.7118094079716286.
[I 2024-11-01 01:16:53,834] Trial 144 finished with value: 0.7129257186774479 and parameters: {'layers': 12, 'max_depth': 2, 'resampling_rate': 1.7317913132729696, 'et': 0.47453933406647203}. Best is trial 103 with value: 0.7118094079716286.
[I 2024-11-01 01:17:14,696] Trial 145 finished with value: 0.7139941578303876 and parameters: {'layers': 15, 'max_depth': 2, 'resampling_rate': 1.7975820954759234, 'et': 0.6246285576955374}. Best is trial 103 with value: 0.7118094079716286.
[I 2024-11-01 01:17:35,619] Trial 146 finished with value: 0.713233605962185 and parameters: {'layers': 11, 'max_depth': 2, 'resampling_rate': 1.7633793238894295, 'et': 0.4190396708477809}. Best is trial 103 with value: 0.7118094079716286.
[I 2024-11-01 01:17:56,519] Trial 147 finished with value: 0.7125708611074226 and parameters: {'layers': 13, 'max_depth': 2, 'resampling_rate': 1.7187090305028874, 'et': 0.5198617744606485}. Best is trial 103 with value: 0.7118094079716286.
[I 2024-11-01 01:18:17,343] Trial 148 finished with value: 0.7119190777903164 and parameters: {'layers': 13, 'max_depth': 2, 'resampling_rate': 1.7208181024979332, 'et': 0.532764877108146}. Best is trial 103 with value: 0.7118094079716286.
[I 2024-11-01 01:18:38,080] Trial 149 finished with value: 0.7139663798117919 and parameters: {'layers': 13, 'max_depth': 2, 'resampling_rate': 1.7009349146222639, 'et': 0.5248579604693789}. Best is trial 103 with value: 0.7118094079716286.
[I 2024-11-01 01:18:58,841] Trial 150 finished with value: 0.7135566375466214 and parameters: {'layers': 13, 'max_depth': 2, 'resampling_rate': 1.7163044231056865, 'et': 0.49130758119103907}. Best is trial 103 with value: 0.7118094079716286.
[I 2024-11-01 01:19:19,784] Trial 151 finished with value: 0.7129299560574056 and parameters: {'layers': 13, 'max_depth': 2, 'resampling_rate': 1.7472190344463328, 'et': 0.5101639855178964}. Best is trial 103 with value: 0.7118094079716286.
[I 2024-11-01 01:19:40,551] Trial 152 finished with value: 0.7135211381925192 and parameters: {'layers': 13, 'max_depth': 2, 'resampling_rate': 1.6897078315321252, 'et': 0.5388757287512012}. Best is trial 103 with value: 0.7118094079716286.
[I 2024-11-01 01:20:01,365] Trial 153 finished with value: 0.7130766299110421 and parameters: {'layers': 12, 'max_depth': 2, 'resampling_rate': 1.727410920223144, 'et': 0.4506668229145936}. Best is trial 103 with value: 0.7118094079716286.
[I 2024-11-01 01:20:22,026] Trial 154 finished with value: 0.7135865515060273 and parameters: {'layers': 13, 'max_depth': 2, 'resampling_rate': 1.6765880125510113, 'et': 0.5797693209514596}. Best is trial 103 with value: 0.7118094079716286.
[I 2024-11-01 01:20:42,841] Trial 155 finished with value: 0.7134973645561602 and parameters: {'layers': 12, 'max_depth': 2, 'resampling_rate': 1.7099555357461496, 'et': 0.5610720192577794}. Best is trial 103 with value: 0.7118094079716286.
[I 2024-11-01 01:21:03,750] Trial 156 finished with value: 0.7136222312609967 and parameters: {'layers': 12, 'max_depth': 2, 'resampling_rate': 1.749148351542925, 'et': 0.4371837539220164}. Best is trial 103 with value: 0.7118094079716286.
[I 2024-11-01 01:21:24,343] Trial 157 finished with value: 0.7139526094216521 and parameters: {'layers': 8, 'max_depth': 2, 'resampling_rate': 1.6560344136476803, 'et': 0.47199577684991356}. Best is trial 103 with value: 0.7118094079716286.
[I 2024-11-01 01:21:45,104] Trial 158 finished with value: 0.7116248725335422 and parameters: {'layers': 13, 'max_depth': 2, 'resampling_rate': 1.7250563699712973, 'et': 0.5312599286109769}. Best is trial 158 with value: 0.7116248725335422.
[I 2024-11-01 01:22:05,934] Trial 159 finished with value: 0.7131856233370955 and parameters: {'layers': 13, 'max_depth': 2, 'resampling_rate': 1.7231482363688186, 'et': 0.5194985832301859}. Best is trial 158 with value: 0.7116248725335422.
[I 2024-11-01 01:22:26,933] Trial 160 finished with value: 0.7131126053702083 and parameters: {'layers': 13, 'max_depth': 2, 'resampling_rate': 1.7829697180131365, 'et': 0.49692911043275834}. Best is trial 158 with value: 0.7116248725335422.
[I 2024-11-01 01:22:47,649] Trial 161 finished with value: 0.7136460375423409 and parameters: {'layers': 13, 'max_depth': 2, 'resampling_rate': 1.734578393703742, 'et': 0.5345418626807152}. Best is trial 158 with value: 0.7116248725335422.
[I 2024-11-01 01:23:08,443] Trial 162 finished with value: 0.7136048282242907 and parameters: {'layers': 13, 'max_depth': 2, 'resampling_rate': 1.7011525906599452, 'et': 0.5563204057878401}. Best is trial 158 with value: 0.7116248725335422.
[I 2024-11-01 01:23:29,332] Trial 163 finished with value: 0.711707179747639 and parameters: {'layers': 14, 'max_depth': 2, 'resampling_rate': 1.719199492205937, 'et': 0.46451779033591717}. Best is trial 158 with value: 0.7116248725335422.
[I 2024-11-01 01:23:50,015] Trial 164 finished with value: 0.7129506787233094 and parameters: {'layers': 14, 'max_depth': 2, 'resampling_rate': 1.6895116498458793, 'et': 0.4830242671125774}. Best is trial 158 with value: 0.7116248725335422.
[I 2024-11-01 01:24:10,874] Trial 165 finished with value: 0.714644996149946 and parameters: {'layers': 14, 'max_depth': 2, 'resampling_rate': 1.7628996047656906, 'et': 0.5054127181195979}. Best is trial 158 with value: 0.7116248725335422.
[I 2024-11-01 01:24:31,536] Trial 166 finished with value: 0.7137567324130525 and parameters: {'layers': 13, 'max_depth': 2, 'resampling_rate': 1.666142967512843, 'et': 0.4625394868030931}. Best is trial 158 with value: 0.7116248725335422.
[I 2024-11-01 01:24:52,323] Trial 167 finished with value: 0.7130049219933032 and parameters: {'layers': 14, 'max_depth': 2, 'resampling_rate': 1.7188435542264315, 'et': 0.4468256368492361}. Best is trial 158 with value: 0.7116248725335422.
[I 2024-11-01 01:25:13,250] Trial 168 finished with value: 0.7133602993940968 and parameters: {'layers': 14, 'max_depth': 2, 'resampling_rate': 1.74354381223376, 'et': 0.5286983542118137}. Best is trial 158 with value: 0.7116248725335422.
[I 2024-11-01 01:25:34,134] Trial 169 finished with value: 0.7128583699034889 and parameters: {'layers': 13, 'max_depth': 2, 'resampling_rate': 1.7575156442182558, 'et': 0.4736568102002958}. Best is trial 158 with value: 0.7116248725335422.
[I 2024-11-01 01:25:55,167] Trial 170 finished with value: 0.7140510533546417 and parameters: {'layers': 13, 'max_depth': 2, 'resampling_rate': 1.777668542468952, 'et': 0.37059265148976334}. Best is trial 158 with value: 0.7116248725335422.
[I 2024-11-01 01:26:16,231] Trial 171 finished with value: 0.7130064812505141 and parameters: {'layers': 11, 'max_depth': 2, 'resampling_rate': 1.7109842173820895, 'et': 0.2749729944940763}. Best is trial 158 with value: 0.7116248725335422.
[I 2024-11-01 01:26:37,133] Trial 172 finished with value: 0.7140016975473897 and parameters: {'layers': 13, 'max_depth': 2, 'resampling_rate': 1.7326417970719357, 'et': 0.4931448009285045}. Best is trial 158 with value: 0.7116248725335422.
[I 2024-11-01 01:26:58,211] Trial 173 finished with value: 0.7132819918168694 and parameters: {'layers': 10, 'max_depth': 2, 'resampling_rate': 1.7013470514394404, 'et': 0.2356648183898615}. Best is trial 158 with value: 0.7116248725335422.
[I 2024-11-01 01:27:18,940] Trial 174 finished with value: 0.7124484892269392 and parameters: {'layers': 12, 'max_depth': 2, 'resampling_rate': 1.677167087032726, 'et': 0.4084185359344362}. Best is trial 158 with value: 0.7116248725335422.
[I 2024-11-01 01:27:39,712] Trial 175 finished with value: 0.7133584684056332 and parameters: {'layers': 12, 'max_depth': 2, 'resampling_rate': 1.680028319675325, 'et': 0.3978824529827402}. Best is trial 158 with value: 0.7116248725335422.
[I 2024-11-01 01:28:00,417] Trial 176 finished with value: 0.7133501838138647 and parameters: {'layers': 12, 'max_depth': 2, 'resampling_rate': 1.6386566712588184, 'et': 0.4649334158896725}. Best is trial 158 with value: 0.7116248725335422.
[I 2024-11-01 01:28:03,877] Trial 177 finished with value: 1000000000.0 and parameters: {'layers': 12, 'max_depth': 2, 'resampling_rate': 1.182584525202055, 'et': 0.42458415949575357}. Best is trial 158 with value: 0.7116248725335422.
[I 2024-11-01 01:28:24,776] Trial 178 finished with value: 0.712168807495146 and parameters: {'layers': 15, 'max_depth': 2, 'resampling_rate': 1.6907839724605715, 'et': 0.4127607643611253}. Best is trial 158 with value: 0.7116248725335422.
[I 2024-11-01 01:28:45,613] Trial 179 finished with value: 0.7132513333579494 and parameters: {'layers': 15, 'max_depth': 2, 'resampling_rate': 1.6892316280507627, 'et': 0.3574287622174228}. Best is trial 158 with value: 0.7116248725335422.
[I 2024-11-01 01:29:06,561] Trial 180 finished with value: 0.7134922715986187 and parameters: {'layers': 15, 'max_depth': 2, 'resampling_rate': 1.720477675755511, 'et': 0.4145767420736921}. Best is trial 158 with value: 0.7116248725335422.
[I 2024-11-01 01:29:27,413] Trial 181 finished with value: 0.7137415690282136 and parameters: {'layers': 15, 'max_depth': 2, 'resampling_rate': 1.6740449134922135, 'et': 0.4372661515050638}. Best is trial 158 with value: 0.7116248725335422.
[I 2024-11-01 01:29:48,083] Trial 182 finished with value: 0.7137182428554197 and parameters: {'layers': 15, 'max_depth': 2, 'resampling_rate': 1.6674676474439374, 'et': 0.5124297602040745}. Best is trial 158 with value: 0.7116248725335422.
[I 2024-11-01 01:30:08,765] Trial 183 finished with value: 0.7129923961872752 and parameters: {'layers': 15, 'max_depth': 2, 'resampling_rate': 1.651509782033107, 'et': 0.38604248517481016}. Best is trial 158 with value: 0.7116248725335422.
[I 2024-11-01 01:30:29,557] Trial 184 finished with value: 0.7137086048154445 and parameters: {'layers': 13, 'max_depth': 2, 'resampling_rate': 1.7074209067271733, 'et': 0.45376498839023527}. Best is trial 158 with value: 0.7116248725335422.
[I 2024-11-01 01:30:50,554] Trial 185 finished with value: 0.7134767911954967 and parameters: {'layers': 14, 'max_depth': 2, 'resampling_rate': 1.7998749646450274, 'et': 0.485173145397029}. Best is trial 158 with value: 0.7116248725335422.
[I 2024-11-01 01:31:11,409] Trial 186 finished with value: 0.7140286801567716 and parameters: {'layers': 13, 'max_depth': 2, 'resampling_rate': 1.7452020433439568, 'et': 0.4093505618073489}. Best is trial 158 with value: 0.7116248725335422.
