[I 2024-11-01 00:20:15,243] Trial 731 finished with value: 3528.7261749134464 and parameters: {'layers': 6, 'max_depth': 2, 'resampling_rate': 1.7650778482079614, 'et': 0.13025935755987902}. Best is trial 109 with value: 3508.6982963730675.
[I 2024-11-01 00:20:18,320] Trial 732 finished with value: 3569.588307840964 and parameters: {'layers': 5, 'max_depth': 2, 'resampling_rate': 1.1794200671057908, 'et': 0.1695942741072347}. Best is trial 109 with value: 3508.6982963730675.
[I 2024-11-01 00:20:21,413] Trial 733 finished with value: 3550.470299770084 and parameters: {'layers': 5, 'max_depth': 2, 'resampling_rate': 1.4008387326929133, 'et': 0.11030636386642108}. Best is trial 109 with value: 3508.6982963730675.
[I 2024-11-01 00:20:24,499] Trial 734 finished with value: 3530.222553802588 and parameters: {'layers': 5, 'max_depth': 2, 'resampling_rate': 1.2759764181835216, 'et': 0.19237817175244218}. Best is trial 109 with value: 3508.6982963730675.
[I 2024-11-01 00:20:25,003] Trial 735 finished with value: 1000000000.0 and parameters: {'layers': 7, 'max_depth': 2, 'resampling_rate': 1.2462588468397418, 'et': 0.7122571783530415}. Best is trial 109 with value: 3508.6982963730675.
[I 2024-11-01 00:20:28,167] Trial 736 finished with value: 3543.546378758181 and parameters: {'layers': 11, 'max_depth': 2, 'resampling_rate': 1.7248696280059161, 'et': 0.22927731417068462}. Best is trial 109 with value: 3508.6982963730675.
[I 2024-11-01 00:20:31,246] Trial 737 finished with value: 3537.4670790433847 and parameters: {'layers': 5, 'max_depth': 2, 'resampling_rate': 1.7095134363925861, 'et': 0.6254166832284676}. Best is trial 109 with value: 3508.6982963730675.
[I 2024-11-01 00:20:34,402] Trial 738 finished with value: 3542.559127610754 and parameters: {'layers': 12, 'max_depth': 2, 'resampling_rate': 1.7394372752065526, 'et': 0.5634824379767306}. Best is trial 109 with value: 3508.6982963730675.
[I 2024-11-01 00:20:37,535] Trial 739 finished with value: 3525.0189567939556 and parameters: {'layers': 14, 'max_depth': 2, 'resampling_rate': 1.7568494956661391, 'et': 0.26003402643943185}. Best is trial 109 with value: 3508.6982963730675.
[I 2024-11-01 00:20:40,637] Trial 740 finished with value: 3543.645841911532 and parameters: {'layers': 6, 'max_depth': 2, 'resampling_rate': 1.787401278323728, 'et': 0.16310974239851406}. Best is trial 109 with value: 3508.6982963730675.
[I 2024-11-01 00:20:43,728] Trial 741 finished with value: 3553.0221281463782 and parameters: {'layers': 5, 'max_depth': 2, 'resampling_rate': 1.19983238681989, 'et': 0.18410892512374888}. Best is trial 109 with value: 3508.6982963730675.
[I 2024-11-01 00:20:44,240] Trial 742 finished with value: 1000000000.0 and parameters: {'layers': 10, 'max_depth': 2, 'resampling_rate': 1.375951478269264, 'et': 0.6840515952468529}. Best is trial 109 with value: 3508.6982963730675.
[I 2024-11-01 00:20:44,748] Trial 743 finished with value: 1000000000.0 and parameters: {'layers': 13, 'max_depth': 2, 'resampling_rate': 1.2163571707953622, 'et': 0.655391495246877}. Best is trial 109 with value: 3508.6982963730675.
[I 2024-11-01 00:20:45,250] Trial 744 finished with value: 1000000000.0 and parameters: {'layers': 5, 'max_depth': 2, 'resampling_rate': 1.126965297966029, 'et': 0.21148875457933158}. Best is trial 109 with value: 3508.6982963730675.
[I 2024-11-01 00:20:48,347] Trial 745 finished with value: 3537.4545954669734 and parameters: {'layers': 5, 'max_depth': 2, 'resampling_rate': 1.7713601040658458, 'et': 0.1433477984733748}. Best is trial 109 with value: 3508.6982963730675.
[I 2024-11-01 00:20:51,433] Trial 746 finished with value: 3555.769168992747 and parameters: {'layers': 6, 'max_depth': 2, 'resampling_rate': 1.3071218694558897, 'et': 0.23185009801412493}. Best is trial 109 with value: 3508.6982963730675.
[I 2024-11-01 00:20:54,545] Trial 747 finished with value: 3533.2848185837065 and parameters: {'layers': 5, 'max_depth': 2, 'resampling_rate': 1.6847197155338929, 'et': 0.1977047882745119}. Best is trial 109 with value: 3508.6982963730675.
[I 2024-11-01 00:20:57,637] Trial 748 finished with value: 3524.405014587263 and parameters: {'layers': 5, 'max_depth': 2, 'resampling_rate': 1.3275338326987394, 'et': 0.18053777000288546}. Best is trial 109 with value: 3508.6982963730675.
[I 2024-11-01 00:20:58,141] Trial 749 finished with value: 1000000000.0 and parameters: {'layers': 5, 'max_depth': 2, 'resampling_rate': 1.2585064926056422, 'et': 0.6393272575451799}. Best is trial 109 with value: 3508.6982963730675.
[I 2024-11-01 00:21:01,238] Trial 750 finished with value: 3538.1145121048344 and parameters: {'layers': 5, 'max_depth': 2, 'resampling_rate': 1.7275899043558702, 'et': 0.15230082901618522}. Best is trial 109 with value: 3508.6982963730675.
[I 2024-11-01 00:21:04,375] Trial 751 finished with value: 3560.0129977006654 and parameters: {'layers': 9, 'max_depth': 2, 'resampling_rate': 1.7457472166232326, 'et': 0.2737162032774074}. Best is trial 109 with value: 3508.6982963730675.
[I 2024-11-01 00:21:07,514] Trial 752 finished with value: 3537.5056996554945 and parameters: {'layers': 5, 'max_depth': 2, 'resampling_rate': 1.6695963273143546, 'et': 0.12416013547470069}. Best is trial 109 with value: 3508.6982963730675.
[I 2024-11-01 00:21:10,647] Trial 753 finished with value: 3532.7925614908895 and parameters: {'layers': 11, 'max_depth': 2, 'resampling_rate': 1.703934166935587, 'et': 0.22066955110862785}. Best is trial 109 with value: 3508.6982963730675.
[I 2024-11-01 00:21:13,791] Trial 754 finished with value: 3557.9512343500064 and parameters: {'layers': 7, 'max_depth': 2, 'resampling_rate': 1.7544204609565963, 'et': 0.17026434467274817}. Best is trial 109 with value: 3508.6982963730675.
[I 2024-11-01 00:21:16,928] Trial 755 finished with value: 3523.615902363294 and parameters: {'layers': 5, 'max_depth': 2, 'resampling_rate': 1.5415973257008686, 'et': 0.2432144661132359}. Best is trial 109 with value: 3508.6982963730675.
[I 2024-11-01 00:21:20,053] Trial 756 finished with value: 3564.2090043263197 and parameters: {'layers': 6, 'max_depth': 2, 'resampling_rate': 1.2388364289103948, 'et': 0.1997457570032623}. Best is trial 109 with value: 3508.6982963730675.
[I 2024-11-01 00:21:23,185] Trial 757 finished with value: 3542.429188583758 and parameters: {'layers': 12, 'max_depth': 2, 'resampling_rate': 1.7198080967853386, 'et': 0.0942235651064665}. Best is trial 109 with value: 3508.6982963730675.
[I 2024-11-01 00:21:26,324] Trial 758 finished with value: 3541.147486140731 and parameters: {'layers': 5, 'max_depth': 2, 'resampling_rate': 1.7878744361944163, 'et': 0.21496643221496092}. Best is trial 109 with value: 3508.6982963730675.
[I 2024-11-01 00:21:26,836] Trial 759 finished with value: 1000000000.0 and parameters: {'layers': 5, 'max_depth': 2, 'resampling_rate': 1.2267007219454822, 'et': 0.6163135682596089}. Best is trial 109 with value: 3508.6982963730675.
[I 2024-11-01 00:21:29,953] Trial 760 finished with value: 3545.994588411562 and parameters: {'layers': 5, 'max_depth': 2, 'resampling_rate': 1.736940909354985, 'et': 0.667701081679768}. Best is trial 109 with value: 3508.6982963730675.
[I 2024-11-01 00:21:33,119] Trial 761 finished with value: 3534.6847200151146 and parameters: {'layers': 10, 'max_depth': 2, 'resampling_rate': 1.7557437954749717, 'et': 0.18893719249794413}. Best is trial 109 with value: 3508.6982963730675.
[I 2024-11-01 00:21:36,269] Trial 762 finished with value: 3531.835459098032 and parameters: {'layers': 6, 'max_depth': 2, 'resampling_rate': 1.7688941489679235, 'et': 0.0508542830926159}. Best is trial 109 with value: 3508.6982963730675.
[I 2024-11-01 00:21:39,441] Trial 763 finished with value: 3550.763165394265 and parameters: {'layers': 5, 'max_depth': 2, 'resampling_rate': 1.508714810263751, 'et': 0.15825339056583274}. Best is trial 109 with value: 3508.6982963730675.
[I 2024-11-01 00:21:42,613] Trial 764 finished with value: 3568.6606345833316 and parameters: {'layers': 5, 'max_depth': 2, 'resampling_rate': 1.6895426128814648, 'et': 0.11038351494278609}. Best is trial 109 with value: 3508.6982963730675.
[I 2024-11-01 00:21:43,124] Trial 765 finished with value: 1000000000.0 and parameters: {'layers': 5, 'max_depth': 2, 'resampling_rate': 1.3477534649356664, 'et': 0.6996060838705734}. Best is trial 109 with value: 3508.6982963730675.
[I 2024-11-01 00:21:46,278] Trial 766 finished with value: 3521.0767641773855 and parameters: {'layers': 13, 'max_depth': 2, 'resampling_rate': 1.462203697079758, 'et': 0.25374531483566504}. Best is trial 109 with value: 3508.6982963730675.
[I 2024-11-01 00:21:49,383] Trial 767 finished with value: 3552.348638085208 and parameters: {'layers': 14, 'max_depth': 2, 'resampling_rate': 1.4239817921773807, 'et': 0.07286308480278772}. Best is trial 109 with value: 3508.6982963730675.
[I 2024-11-01 00:21:52,571] Trial 768 finished with value: 3563.758528238291 and parameters: {'layers': 13, 'max_depth': 2, 'resampling_rate': 1.4665495256955525, 'et': 0.28531513246885165}. Best is trial 109 with value: 3508.6982963730675.
[I 2024-11-01 00:21:53,079] Trial 769 finished with value: 1000000000.0 and parameters: {'layers': 13, 'max_depth': 2, 'resampling_rate': 1.1183145771580265, 'et': 0.2724954775647039}. Best is trial 109 with value: 3508.6982963730675.
[I 2024-11-01 00:21:56,294] Trial 770 finished with value: 3519.653557560638 and parameters: {'layers': 14, 'max_depth': 2, 'resampling_rate': 1.5619640885734358, 'et': 0.2628000308979704}. Best is trial 109 with value: 3508.6982963730675.
[I 2024-11-01 00:21:59,487] Trial 771 finished with value: 3555.524681599387 and parameters: {'layers': 14, 'max_depth': 2, 'resampling_rate': 1.6027444406771831, 'et': 0.30174202826151164}. Best is trial 109 with value: 3508.6982963730675.
[I 2024-11-01 00:22:02,669] Trial 772 finished with value: 3536.1334335118004 and parameters: {'layers': 14, 'max_depth': 2, 'resampling_rate': 1.5667846453084886, 'et': 0.2853651117928389}. Best is trial 109 with value: 3508.6982963730675.
[I 2024-11-01 00:22:05,865] Trial 773 finished with value: 3563.893984080578 and parameters: {'layers': 15, 'max_depth': 2, 'resampling_rate': 1.6344673694903673, 'et': 0.2679557531091173}. Best is trial 109 with value: 3508.6982963730675.
[I 2024-11-01 00:22:09,060] Trial 774 finished with value: 3544.706102058854 and parameters: {'layers': 14, 'max_depth': 2, 'resampling_rate': 1.5195058512590536, 'et': 0.26733717632335074}. Best is trial 109 with value: 3508.6982963730675.
[I 2024-11-01 00:22:12,305] Trial 775 finished with value: 3556.502857136385 and parameters: {'layers': 14, 'max_depth': 2, 'resampling_rate': 1.5816468471710983, 'et': 0.2961765282213449}. Best is trial 109 with value: 3508.6982963730675.
[I 2024-11-01 00:22:15,533] Trial 776 finished with value: 3535.905336367941 and parameters: {'layers': 15, 'max_depth': 2, 'resampling_rate': 1.5327978838189478, 'et': 0.2761998367744721}. Best is trial 109 with value: 3508.6982963730675.
[I 2024-11-01 00:22:18,498] Trial 777 finished with value: 3986.106806848813 and parameters: {'layers': 15, 'max_depth': 1, 'resampling_rate': 1.5467231278032432, 'et': 0.25832546735257117}. Best is trial 109 with value: 3508.6982963730675.
[I 2024-11-01 00:22:21,661] Trial 778 finished with value: 3561.317843012888 and parameters: {'layers': 13, 'max_depth': 2, 'resampling_rate': 1.5583853140905746, 'et': 0.2582920464849089}. Best is trial 109 with value: 3508.6982963730675.
[I 2024-11-01 00:22:24,801] Trial 779 finished with value: 3548.9132144198643 and parameters: {'layers': 14, 'max_depth': 2, 'resampling_rate': 1.492938548551726, 'et': 0.2580112539112012}. Best is trial 109 with value: 3508.6982963730675.
[I 2024-11-01 00:22:25,320] Trial 780 finished with value: 1000000000.0 and parameters: {'layers': 13, 'max_depth': 2, 'resampling_rate': 1.4658299826415746, 'et': 0.5983453445267167}. Best is trial 109 with value: 3508.6982963730675.
[I 2024-11-01 00:22:28,453] Trial 781 finished with value: 3535.7606532521463 and parameters: {'layers': 15, 'max_depth': 2, 'resampling_rate': 1.5791231888894217, 'et': 0.28672295113156687}. Best is trial 109 with value: 3508.6982963730675.
[I 2024-11-01 00:22:31,612] Trial 782 finished with value: 3548.375928180048 and parameters: {'layers': 14, 'max_depth': 2, 'resampling_rate': 1.622441193675505, 'et': 0.24994752408517168}. Best is trial 109 with value: 3508.6982963730675.
[I 2024-11-01 00:22:34,791] Trial 783 finished with value: 3554.515059095758 and parameters: {'layers': 13, 'max_depth': 2, 'resampling_rate': 1.5973195007360963, 'et': 0.3187876021973451}. Best is trial 109 with value: 3508.6982963730675.
[I 2024-11-01 00:22:37,952] Trial 784 finished with value: 3525.979711700802 and parameters: {'layers': 14, 'max_depth': 2, 'resampling_rate': 1.5153546915114247, 'et': 0.24890572620405388}. Best is trial 109 with value: 3508.6982963730675.
[I 2024-11-01 00:22:41,152] Trial 785 finished with value: 3527.790199864278 and parameters: {'layers': 13, 'max_depth': 2, 'resampling_rate': 1.6125043752768833, 'et': 0.2393727604399514}. Best is trial 109 with value: 3508.6982963730675.
[I 2024-11-01 00:22:44,301] Trial 786 finished with value: 3555.5572332089973 and parameters: {'layers': 14, 'max_depth': 2, 'resampling_rate': 1.6539751544635095, 'et': 0.30233724897057374}. Best is trial 109 with value: 3508.6982963730675.
[I 2024-11-01 00:22:44,813] Trial 787 finished with value: 1000000000.0 and parameters: {'layers': 14, 'max_depth': 2, 'resampling_rate': 1.478106077490276, 'et': 0.8980245244606688}. Best is trial 109 with value: 3508.6982963730675.
[I 2024-11-01 00:22:47,949] Trial 788 finished with value: 3533.448960100821 and parameters: {'layers': 15, 'max_depth': 2, 'resampling_rate': 1.4534667415047053, 'et': 0.26775165696660375}. Best is trial 109 with value: 3508.6982963730675.
[I 2024-11-01 00:22:48,458] Trial 789 finished with value: 1000000000.0 and parameters: {'layers': 13, 'max_depth': 2, 'resampling_rate': 1.4085127545464848, 'et': 0.6370600383395149}. Best is trial 109 with value: 3508.6982963730675.
[I 2024-11-01 00:22:48,968] Trial 790 finished with value: 1000000000.0 and parameters: {'layers': 13, 'max_depth': 2, 'resampling_rate': 1.5947064092749437, 'et': 0.6800002189209452}. Best is trial 109 with value: 3508.6982963730675.
[I 2024-11-01 00:22:52,120] Trial 791 finished with value: 3558.0434497809133 and parameters: {'layers': 15, 'max_depth': 2, 'resampling_rate': 1.5632646870255877, 'et': 0.1270853224994547}. Best is trial 109 with value: 3508.6982963730675.
[I 2024-11-01 00:22:52,633] Trial 792 finished with value: 1000000000.0 and parameters: {'layers': 14, 'max_depth': 2, 'resampling_rate': 1.1872559426891482, 'et': 0.25467252039143007}. Best is trial 109 with value: 3508.6982963730675.
[I 2024-11-01 00:22:53,147] Trial 793 finished with value: 1000000000.0 and parameters: {'layers': 15, 'max_depth': 2, 'resampling_rate': 1.5908845931353433, 'et': 0.6523829504566608}. Best is trial 109 with value: 3508.6982963730675.
[I 2024-11-01 00:22:56,323] Trial 794 finished with value: 3542.5779555295435 and parameters: {'layers': 5, 'max_depth': 2, 'resampling_rate': 1.4890486477528635, 'et': 0.23825253473261865}. Best is trial 109 with value: 3508.6982963730675.
[I 2024-11-01 00:22:59,493] Trial 795 finished with value: 3531.981586600947 and parameters: {'layers': 6, 'max_depth': 2, 'resampling_rate': 1.6224104413275091, 'et': 0.1424422663760608}. Best is trial 109 with value: 3508.6982963730675.
[I 2024-11-01 00:23:02,653] Trial 796 finished with value: 3564.408397536024 and parameters: {'layers': 5, 'max_depth': 2, 'resampling_rate': 1.5718980736289754, 'et': 0.27737968255248735}. Best is trial 109 with value: 3508.6982963730675.
[I 2024-11-01 00:23:05,811] Trial 797 finished with value: 3539.8492626845127 and parameters: {'layers': 5, 'max_depth': 2, 'resampling_rate': 1.7794827716226673, 'et': 0.5785158396585631}. Best is trial 109 with value: 3508.6982963730675.
[I 2024-11-01 00:23:06,319] Trial 798 finished with value: 1000000000.0 and parameters: {'layers': 13, 'max_depth': 2, 'resampling_rate': 1.2093936459052883, 'et': 0.7229823213890474}. Best is trial 109 with value: 3508.6982963730675.
[I 2024-11-01 00:23:09,474] Trial 799 finished with value: 3578.6397427568168 and parameters: {'layers': 5, 'max_depth': 2, 'resampling_rate': 1.5342272512205843, 'et': 0.31455174689572785}. Best is trial 109 with value: 3508.6982963730675.
[I 2024-11-01 00:23:12,632] Trial 800 finished with value: 3535.5267201619904 and parameters: {'layers': 5, 'max_depth': 2, 'resampling_rate': 1.6476320969645526, 'et': 0.510794647581653}. Best is trial 109 with value: 3508.6982963730675.
[I 2024-11-01 00:23:13,150] Trial 801 finished with value: 1000000000.0 and parameters: {'layers': 5, 'max_depth': 2, 'resampling_rate': 1.4275860461129253, 'et': 0.6260598097340239}. Best is trial 109 with value: 3508.6982963730675.
[I 2024-11-01 00:23:13,660] Trial 802 finished with value: 1000000000.0 and parameters: {'layers': 6, 'max_depth': 2, 'resampling_rate': 1.155342164992882, 'et': 0.23516548453272607}. Best is trial 109 with value: 3508.6982963730675.
[I 2024-11-01 00:23:16,825] Trial 803 finished with value: 3544.12343172647 and parameters: {'layers': 5, 'max_depth': 2, 'resampling_rate': 1.505302964830651, 'et': 0.33938715144299664}. Best is trial 109 with value: 3508.6982963730675.
[I 2024-11-01 00:23:17,344] Trial 804 finished with value: 1000000000.0 and parameters: {'layers': 5, 'max_depth': 2, 'resampling_rate': 1.5505198636897755, 'et': 0.6597925369151739}. Best is trial 109 with value: 3508.6982963730675.
[I 2024-11-01 00:23:20,561] Trial 805 finished with value: 3528.304917353103 and parameters: {'layers': 13, 'max_depth': 2, 'resampling_rate': 1.798337327563202, 'et': 0.11770029357406148}. Best is trial 109 with value: 3508.6982963730675.
[I 2024-11-01 00:23:23,788] Trial 806 finished with value: 3522.041443157701 and parameters: {'layers': 14, 'max_depth': 2, 'resampling_rate': 1.6145223804744144, 'et': 0.03262271759641858}. Best is trial 109 with value: 3508.6982963730675.
[I 2024-11-01 00:23:26,817] Trial 807 finished with value: 3978.329663471099 and parameters: {'layers': 14, 'max_depth': 1, 'resampling_rate': 1.5978395582519245, 'et': 0.04820291223052804}. Best is trial 109 with value: 3508.6982963730675.
[I 2024-11-01 00:23:30,039] Trial 808 finished with value: 3555.811904719576 and parameters: {'layers': 13, 'max_depth': 2, 'resampling_rate': 1.6235755797906248, 'et': 0.041598437503290654}. Best is trial 109 with value: 3508.6982963730675.
[I 2024-11-01 00:23:33,255] Trial 809 finished with value: 3552.182033986654 and parameters: {'layers': 14, 'max_depth': 2, 'resampling_rate': 1.5809778905239746, 'et': 0.020271168958234997}. Best is trial 109 with value: 3508.6982963730675.
[I 2024-11-01 00:23:36,450] Trial 810 finished with value: 3527.295888605229 and parameters: {'layers': 15, 'max_depth': 2, 'resampling_rate': 1.6076340291808995, 'et': 0.08330741610158748}. Best is trial 109 with value: 3508.6982963730675.
[I 2024-11-01 00:23:39,640] Trial 811 finished with value: 3562.0438117684607 and parameters: {'layers': 14, 'max_depth': 2, 'resampling_rate': 1.6107857797923373, 'et': 0.046186904376877676}. Best is trial 109 with value: 3508.6982963730675.
[I 2024-11-01 00:23:42,831] Trial 812 finished with value: 3550.8280715441692 and parameters: {'layers': 14, 'max_depth': 2, 'resampling_rate': 1.6094575001055926, 'et': 0.04310575906545712}. Best is trial 109 with value: 3508.6982963730675.
[I 2024-11-01 00:23:46,024] Trial 813 finished with value: 3554.801458689548 and parameters: {'layers': 15, 'max_depth': 2, 'resampling_rate': 1.6161892206482098, 'et': 0.0778350624478592}. Best is trial 109 with value: 3508.6982963730675.
[I 2024-11-01 00:23:49,237] Trial 814 finished with value: 3547.0636773330284 and parameters: {'layers': 15, 'max_depth': 2, 'resampling_rate': 1.6276879464604406, 'et': 0.06279600984087724}. Best is trial 109 with value: 3508.6982963730675.
[I 2024-11-01 00:23:52,455] Trial 815 finished with value: 3547.386588099353 and parameters: {'layers': 13, 'max_depth': 2, 'resampling_rate': 1.5975369416553138, 'et': 0.03015383588254483}. Best is trial 109 with value: 3508.6982963730675.
[I 2024-11-01 00:23:55,684] Trial 816 finished with value: 3531.449846817572 and parameters: {'layers': 13, 'max_depth': 2, 'resampling_rate': 1.5743800114905813, 'et': 0.01276421751726797}. Best is trial 109 with value: 3508.6982963730675.
[I 2024-11-01 00:23:58,879] Trial 817 finished with value: 3537.17032403506 and parameters: {'layers': 14, 'max_depth': 2, 'resampling_rate': 1.5807909291388251, 'et': 0.16372274458398764}. Best is trial 109 with value: 3508.6982963730675.
[I 2024-11-01 00:24:02,096] Trial 818 finished with value: 3548.5162831243542 and parameters: {'layers': 15, 'max_depth': 2, 'resampling_rate': 1.6386297759814006, 'et': 0.14063001334392725}. Best is trial 109 with value: 3508.6982963730675.
[I 2024-11-01 00:24:05,290] Trial 819 finished with value: 3550.9068187936805 and parameters: {'layers': 14, 'max_depth': 2, 'resampling_rate': 1.388598423786729, 'et': 0.3729587675737084}. Best is trial 109 with value: 3508.6982963730675.
[I 2024-11-01 00:24:05,812] Trial 820 finished with value: 1000000000.0 and parameters: {'layers': 13, 'max_depth': 2, 'resampling_rate': 1.170546702155889, 'et': 0.5516930381642439}. Best is trial 109 with value: 3508.6982963730675.
[I 2024-11-01 00:24:09,013] Trial 821 finished with value: 3534.1790540487723 and parameters: {'layers': 7, 'max_depth': 2, 'resampling_rate': 1.589299998452853, 'et': 0.22743258685301498}. Best is trial 109 with value: 3508.6982963730675.
