[I 2024-11-01 06:37:46,423] Trial 651 finished with value: 9.444771416414603 and parameters: {'layers': 10, 'max_depth': 2, 'resampling_rate': 1.6454062448233664, 'et': 0.12520252660233638}. Best is trial 176 with value: 9.390723799178996.
[I 2024-11-01 06:37:51,055] Trial 652 finished with value: 9.500795731137023 and parameters: {'layers': 8, 'max_depth': 2, 'resampling_rate': 1.545198819258144, 'et': 0.045494516782666715}. Best is trial 176 with value: 9.390723799178996.
[I 2024-11-01 06:37:55,174] Trial 653 finished with value: 9.535972294921807 and parameters: {'layers': 7, 'max_depth': 2, 'resampling_rate': 1.3601895519813354, 'et': 0.011185740378856376}. Best is trial 176 with value: 9.390723799178996.
[I 2024-11-01 06:37:59,276] Trial 654 finished with value: 9.545860740865747 and parameters: {'layers': 8, 'max_depth': 2, 'resampling_rate': 1.75887796799208, 'et': 0.10805310477320577}. Best is trial 176 with value: 9.390723799178996.
[I 2024-11-01 06:38:03,950] Trial 655 finished with value: 9.521982440849548 and parameters: {'layers': 14, 'max_depth': 2, 'resampling_rate': 1.4144135292218658, 'et': 0.05947479645517424}. Best is trial 176 with value: 9.390723799178996.
[I 2024-11-01 06:38:06,859] Trial 656 finished with value: 9.529538666143603 and parameters: {'layers': 7, 'max_depth': 2, 'resampling_rate': 1.4691195342163883, 'et': 0.08380265186387}. Best is trial 176 with value: 9.390723799178996.
[I 2024-11-01 06:38:12,277] Trial 657 finished with value: 9.455545008451743 and parameters: {'layers': 7, 'max_depth': 2, 'resampling_rate': 1.6779390851409923, 'et': 0.0345698515417452}. Best is trial 176 with value: 9.390723799178996.
[I 2024-11-01 06:38:18,068] Trial 658 finished with value: 9.521499872778804 and parameters: {'layers': 15, 'max_depth': 2, 'resampling_rate': 1.1441364494885211, 'et': 0.13547300957778002}. Best is trial 176 with value: 9.390723799178996.
[I 2024-11-01 06:38:22,590] Trial 659 finished with value: 9.726628961431182 and parameters: {'layers': 10, 'max_depth': 2, 'resampling_rate': 1.7189496719273603, 'et': 0.3578366337722597}. Best is trial 176 with value: 9.390723799178996.
[I 2024-11-01 06:38:26,615] Trial 660 finished with value: 9.51934925928346 and parameters: {'layers': 8, 'max_depth': 2, 'resampling_rate': 1.448414232212193, 'et': 0.0875553178188258}. Best is trial 176 with value: 9.390723799178996.
[I 2024-11-01 06:38:33,067] Trial 661 finished with value: 9.514526500557144 and parameters: {'layers': 8, 'max_depth': 2, 'resampling_rate': 1.333985502596687, 'et': 0.060533340513215905}. Best is trial 176 with value: 9.390723799178996.
[I 2024-11-01 06:38:38,379] Trial 662 finished with value: 9.54124080426095 and parameters: {'layers': 12, 'max_depth': 2, 'resampling_rate': 1.4040624708406604, 'et': 0.10824512970360756}. Best is trial 176 with value: 9.390723799178996.
[I 2024-11-01 06:38:42,391] Trial 663 finished with value: 9.653524151597091 and parameters: {'layers': 6, 'max_depth': 2, 'resampling_rate': 1.7079239495312788, 'et': 0.5291014444833944}. Best is trial 176 with value: 9.390723799178996.
[I 2024-11-01 06:38:45,265] Trial 664 finished with value: 9.456536256118559 and parameters: {'layers': 7, 'max_depth': 2, 'resampling_rate': 1.7379810752505245, 'et': 0.07119634839814708}. Best is trial 176 with value: 9.390723799178996.
[I 2024-11-01 06:38:48,688] Trial 665 finished with value: 9.493349920645558 and parameters: {'layers': 9, 'max_depth': 2, 'resampling_rate': 1.2472466658398864, 'et': 0.14777934466488904}. Best is trial 176 with value: 9.390723799178996.
[I 2024-11-01 06:38:51,565] Trial 666 finished with value: 9.5418025963096 and parameters: {'layers': 13, 'max_depth': 2, 'resampling_rate': 1.3763984375269211, 'et': 0.031241318978353985}. Best is trial 176 with value: 9.390723799178996.
[I 2024-11-01 06:38:55,000] Trial 667 finished with value: 9.50543659079534 and parameters: {'layers': 11, 'max_depth': 2, 'resampling_rate': 1.3955492053970449, 'et': 0.22381420360080395}. Best is trial 176 with value: 9.390723799178996.
[I 2024-11-01 06:39:00,144] Trial 668 finished with value: 9.495648230968953 and parameters: {'layers': 7, 'max_depth': 2, 'resampling_rate': 1.6931403529880755, 'et': 0.26106736607806785}. Best is trial 176 with value: 9.390723799178996.
[I 2024-11-01 06:39:03,021] Trial 669 finished with value: 9.518632602031166 and parameters: {'layers': 8, 'max_depth': 2, 'resampling_rate': 1.425830480660102, 'et': 0.047949959337087324}. Best is trial 176 with value: 9.390723799178996.
[I 2024-11-01 06:39:07,603] Trial 670 finished with value: 9.516513732520112 and parameters: {'layers': 7, 'max_depth': 2, 'resampling_rate': 1.7208898135083859, 'et': 0.08680862549830198}. Best is trial 176 with value: 9.390723799178996.
[I 2024-11-01 06:39:14,190] Trial 671 finished with value: 9.504605421343138 and parameters: {'layers': 7, 'max_depth': 2, 'resampling_rate': 1.6682021510304181, 'et': 0.28741591488537876}. Best is trial 176 with value: 9.390723799178996.
[I 2024-11-01 06:39:21,516] Trial 672 finished with value: 9.42356789092902 and parameters: {'layers': 9, 'max_depth': 2, 'resampling_rate': 1.4399805637486012, 'et': 0.11567319827179302}. Best is trial 176 with value: 9.390723799178996.
[I 2024-11-01 06:39:27,239] Trial 673 finished with value: 9.500147375784268 and parameters: {'layers': 9, 'max_depth': 2, 'resampling_rate': 1.433331106851122, 'et': 0.15349238909366691}. Best is trial 176 with value: 9.390723799178996.
[I 2024-11-01 06:39:30,705] Trial 674 finished with value: 9.55373203993785 and parameters: {'layers': 9, 'max_depth': 2, 'resampling_rate': 1.4493466630637954, 'et': 0.12611715218223485}. Best is trial 176 with value: 9.390723799178996.
[I 2024-11-01 06:39:34,131] Trial 675 finished with value: 9.513633091312746 and parameters: {'layers': 10, 'max_depth': 2, 'resampling_rate': 1.4570333371136153, 'et': 0.12522386607475808}. Best is trial 176 with value: 9.390723799178996.
[I 2024-11-01 06:39:38,186] Trial 676 finished with value: 9.436224971757992 and parameters: {'layers': 10, 'max_depth': 2, 'resampling_rate': 1.4229279116181952, 'et': 0.12192831678808233}. Best is trial 176 with value: 9.390723799178996.
[I 2024-11-01 06:39:42,190] Trial 677 finished with value: 9.528204996768082 and parameters: {'layers': 10, 'max_depth': 2, 'resampling_rate': 1.4346702222286942, 'et': 0.14075475904338083}. Best is trial 176 with value: 9.390723799178996.
[I 2024-11-01 06:39:45,097] Trial 678 finished with value: 9.609865311105768 and parameters: {'layers': 10, 'max_depth': 2, 'resampling_rate': 1.437986497019712, 'et': 0.17618127454916127}. Best is trial 176 with value: 9.390723799178996.
[I 2024-11-01 06:39:49,763] Trial 679 finished with value: 9.507532174008919 and parameters: {'layers': 10, 'max_depth': 2, 'resampling_rate': 1.417052052438814, 'et': 0.1648824173503736}. Best is trial 176 with value: 9.390723799178996.
[I 2024-11-01 06:39:55,119] Trial 680 finished with value: 9.536779368649613 and parameters: {'layers': 10, 'max_depth': 2, 'resampling_rate': 1.4219636461472807, 'et': 0.1512265247253415}. Best is trial 176 with value: 9.390723799178996.
[I 2024-11-01 06:40:01,012] Trial 681 finished with value: 9.541368475695863 and parameters: {'layers': 10, 'max_depth': 2, 'resampling_rate': 1.4400572051411447, 'et': 0.12429942909090476}. Best is trial 176 with value: 9.390723799178996.
[I 2024-11-01 06:40:05,055] Trial 682 finished with value: 9.585232581182632 and parameters: {'layers': 10, 'max_depth': 2, 'resampling_rate': 1.4082084340717722, 'et': 0.13895021127856821}. Best is trial 176 with value: 9.390723799178996.
[I 2024-11-01 06:40:07,882] Trial 683 finished with value: 10.35015375334008 and parameters: {'layers': 10, 'max_depth': 1, 'resampling_rate': 1.4704466985680866, 'et': 0.12297738264796121}. Best is trial 176 with value: 9.390723799178996.
[I 2024-11-01 06:40:15,942] Trial 684 finished with value: 9.4881457668402 and parameters: {'layers': 10, 'max_depth': 2, 'resampling_rate': 1.444533092536347, 'et': 0.10485753391196229}. Best is trial 176 with value: 9.390723799178996.
[I 2024-11-01 06:40:21,210] Trial 685 finished with value: 9.50539690555962 and parameters: {'layers': 10, 'max_depth': 2, 'resampling_rate': 1.4254514628923276, 'et': 0.11386292579671614}. Best is trial 176 with value: 9.390723799178996.
[I 2024-11-01 06:40:28,433] Trial 686 finished with value: 9.559892919837294 and parameters: {'layers': 9, 'max_depth': 2, 'resampling_rate': 1.4080057821332796, 'et': 0.11307279145239396}. Best is trial 176 with value: 9.390723799178996.
[I 2024-11-01 06:40:33,725] Trial 687 finished with value: 9.545866726941027 and parameters: {'layers': 10, 'max_depth': 2, 'resampling_rate': 1.4272888931364602, 'et': 0.1349619647529626}. Best is trial 176 with value: 9.390723799178996.
[I 2024-11-01 06:40:37,202] Trial 688 finished with value: 9.574534659809096 and parameters: {'layers': 11, 'max_depth': 2, 'resampling_rate': 1.456662845082658, 'et': 0.10770245691104867}. Best is trial 176 with value: 9.390723799178996.
[I 2024-11-01 06:40:40,115] Trial 689 finished with value: 9.46871466108437 and parameters: {'layers': 10, 'max_depth': 2, 'resampling_rate': 1.4034833251126786, 'et': 0.1535728531032197}. Best is trial 176 with value: 9.390723799178996.
[I 2024-11-01 06:40:47,349] Trial 690 finished with value: 9.495252909052512 and parameters: {'layers': 11, 'max_depth': 2, 'resampling_rate': 1.3851184767886202, 'et': 0.3845474142740659}. Best is trial 176 with value: 9.390723799178996.
[I 2024-11-01 06:40:52,078] Trial 691 finished with value: 9.556606315467223 and parameters: {'layers': 9, 'max_depth': 2, 'resampling_rate': 1.4225037096870534, 'et': 0.09470689952032389}. Best is trial 176 with value: 9.390723799178996.
[I 2024-11-01 06:40:56,181] Trial 692 finished with value: 9.520888983957562 and parameters: {'layers': 9, 'max_depth': 2, 'resampling_rate': 1.4404320280935345, 'et': 0.12512517711403498}. Best is trial 176 with value: 9.390723799178996.
[I 2024-11-01 06:41:00,305] Trial 693 finished with value: 9.420553448634749 and parameters: {'layers': 10, 'max_depth': 2, 'resampling_rate': 1.4047904336980512, 'et': 0.10225201023274946}. Best is trial 176 with value: 9.390723799178996.
[I 2024-11-01 06:41:04,384] Trial 694 finished with value: 9.531720557026816 and parameters: {'layers': 11, 'max_depth': 2, 'resampling_rate': 1.3914454447637574, 'et': 0.10065338118261032}. Best is trial 176 with value: 9.390723799178996.
[I 2024-11-01 06:41:09,670] Trial 695 finished with value: 9.576746404950098 and parameters: {'layers': 9, 'max_depth': 2, 'resampling_rate': 1.4040861688717274, 'et': 0.09695317951521164}. Best is trial 176 with value: 9.390723799178996.
[I 2024-11-01 06:41:16,218] Trial 696 finished with value: 9.52319255792793 and parameters: {'layers': 10, 'max_depth': 2, 'resampling_rate': 1.3986181211500053, 'et': 0.31273190131463935}. Best is trial 176 with value: 9.390723799178996.
[I 2024-11-01 06:41:20,932] Trial 697 finished with value: 9.569659347481613 and parameters: {'layers': 10, 'max_depth': 2, 'resampling_rate': 1.367762217657613, 'et': 0.24269628991421696}. Best is trial 176 with value: 9.390723799178996.
[I 2024-11-01 06:41:24,420] Trial 698 finished with value: 9.561031489509272 and parameters: {'layers': 9, 'max_depth': 2, 'resampling_rate': 1.3811846138515198, 'et': 0.0903624911305794}. Best is trial 176 with value: 9.390723799178996.
[I 2024-11-01 06:41:28,485] Trial 699 finished with value: 9.53867341742054 and parameters: {'layers': 14, 'max_depth': 2, 'resampling_rate': 1.4862195953342474, 'et': 0.41922385890222535}. Best is trial 176 with value: 9.390723799178996.
[I 2024-11-01 06:41:33,152] Trial 700 finished with value: 9.450990320447955 and parameters: {'layers': 10, 'max_depth': 2, 'resampling_rate': 1.3898235577280467, 'et': 0.08130998875463129}. Best is trial 176 with value: 9.390723799178996.
[I 2024-11-01 06:41:37,907] Trial 701 finished with value: 9.515258980932453 and parameters: {'layers': 11, 'max_depth': 2, 'resampling_rate': 1.1295587683001844, 'et': 0.10441723233189315}. Best is trial 176 with value: 9.390723799178996.
[I 2024-11-01 06:41:40,830] Trial 702 finished with value: 9.54423067656684 and parameters: {'layers': 12, 'max_depth': 2, 'resampling_rate': 1.415315067372965, 'et': 0.08625914225188656}. Best is trial 176 with value: 9.390723799178996.
[I 2024-11-01 06:41:48,005] Trial 703 finished with value: 9.55509360791165 and parameters: {'layers': 6, 'max_depth': 2, 'resampling_rate': 1.1500994160959046, 'et': 0.10948667800685669}. Best is trial 176 with value: 9.390723799178996.
[I 2024-11-01 06:41:52,734] Trial 704 finished with value: 9.518912870071048 and parameters: {'layers': 15, 'max_depth': 2, 'resampling_rate': 1.102443389676741, 'et': 0.07321671431704393}. Best is trial 176 with value: 9.390723799178996.
[I 2024-11-01 06:41:56,821] Trial 705 finished with value: 9.54535619062988 and parameters: {'layers': 11, 'max_depth': 2, 'resampling_rate': 1.3950215262645003, 'et': 0.05353109365445092}. Best is trial 176 with value: 9.390723799178996.
[I 2024-11-01 06:41:57,297] Trial 706 finished with value: 1000000000.0 and parameters: {'layers': 9, 'max_depth': 2, 'resampling_rate': 1.4117486771628038, 'et': 0.4968978690312956}. Best is trial 176 with value: 9.390723799178996.
[I 2024-11-01 06:42:00,205] Trial 707 finished with value: 9.555249913352123 and parameters: {'layers': 10, 'max_depth': 2, 'resampling_rate': 1.4587207016307586, 'et': 0.2947020495986273}. Best is trial 176 with value: 9.390723799178996.
[I 2024-11-01 06:42:05,608] Trial 708 finished with value: 9.503711631366421 and parameters: {'layers': 10, 'max_depth': 2, 'resampling_rate': 1.599641827091365, 'et': 0.34245584782853283}. Best is trial 176 with value: 9.390723799178996.
[I 2024-11-01 06:42:12,205] Trial 709 finished with value: 9.516102197675787 and parameters: {'layers': 5, 'max_depth': 2, 'resampling_rate': 1.7473777863413482, 'et': 0.7409543412074582}. Best is trial 176 with value: 9.390723799178996.
[I 2024-11-01 06:42:18,075] Trial 710 finished with value: 9.506808141063763 and parameters: {'layers': 6, 'max_depth': 2, 'resampling_rate': 1.3784002601187206, 'et': 0.2686639063364223}. Best is trial 176 with value: 9.390723799178996.
[I 2024-11-01 06:42:22,713] Trial 711 finished with value: 9.6448740300428 and parameters: {'layers': 9, 'max_depth': 2, 'resampling_rate': 1.4323320378626134, 'et': 0.20157951300927057}. Best is trial 176 with value: 9.390723799178996.
[I 2024-11-01 06:42:25,630] Trial 712 finished with value: 9.502115385965535 and parameters: {'layers': 7, 'max_depth': 2, 'resampling_rate': 1.1660312874914092, 'et': 0.0919903284138392}. Best is trial 176 with value: 9.390723799178996.
[I 2024-11-01 06:42:31,529] Trial 713 finished with value: 9.563238799676412 and parameters: {'layers': 11, 'max_depth': 2, 'resampling_rate': 1.3515495593944982, 'et': 0.028359587233795665}. Best is trial 176 with value: 9.390723799178996.
[I 2024-11-01 06:42:35,014] Trial 714 finished with value: 9.468785804324629 and parameters: {'layers': 8, 'max_depth': 2, 'resampling_rate': 1.5124707377397109, 'et': 0.06461343380503738}. Best is trial 176 with value: 9.390723799178996.
[I 2024-11-01 06:42:41,066] Trial 715 finished with value: 9.490568940615402 and parameters: {'layers': 12, 'max_depth': 2, 'resampling_rate': 1.6282891119330145, 'et': 0.11521755935081457}. Best is trial 176 with value: 9.390723799178996.
[I 2024-11-01 06:42:47,420] Trial 716 finished with value: 9.575705442389655 and parameters: {'layers': 7, 'max_depth': 2, 'resampling_rate': 1.7663537397551723, 'et': 0.3659200573569193}. Best is trial 176 with value: 9.390723799178996.
[I 2024-11-01 06:42:50,294] Trial 717 finished with value: 9.568477036780097 and parameters: {'layers': 13, 'max_depth': 2, 'resampling_rate': 1.7329377863843671, 'et': 0.1370526501791175}. Best is trial 176 with value: 9.390723799178996.
[I 2024-11-01 06:42:53,729] Trial 718 finished with value: 9.448407904224057 and parameters: {'layers': 7, 'max_depth': 2, 'resampling_rate': 1.7994719664474503, 'et': 0.32471400725122157}. Best is trial 176 with value: 9.390723799178996.
[I 2024-11-01 06:42:57,827] Trial 719 finished with value: 9.463782449492845 and parameters: {'layers': 15, 'max_depth': 2, 'resampling_rate': 1.415805642885937, 'et': 0.07837486945311323}. Best is trial 176 with value: 9.390723799178996.
[I 2024-11-01 06:43:00,744] Trial 720 finished with value: 9.578159626783966 and parameters: {'layers': 8, 'max_depth': 2, 'resampling_rate': 1.4012316036408496, 'et': 0.04556941882544794}. Best is trial 176 with value: 9.390723799178996.
[I 2024-11-01 06:43:03,578] Trial 721 finished with value: 10.324727553926062 and parameters: {'layers': 9, 'max_depth': 1, 'resampling_rate': 1.4401939374364396, 'et': 0.0963430982596316}. Best is trial 176 with value: 9.390723799178996.
[I 2024-11-01 06:43:11,246] Trial 722 finished with value: 9.521260309415597 and parameters: {'layers': 6, 'max_depth': 2, 'resampling_rate': 1.5322629286620315, 'et': 0.4063382076976741}. Best is trial 176 with value: 9.390723799178996.
[I 2024-11-01 06:43:15,361] Trial 723 finished with value: 9.502107705822574 and parameters: {'layers': 10, 'max_depth': 2, 'resampling_rate': 1.705016552912539, 'et': 0.06363791642874266}. Best is trial 176 with value: 9.390723799178996.
[I 2024-11-01 06:43:19,401] Trial 724 finished with value: 9.543377881082472 and parameters: {'layers': 7, 'max_depth': 2, 'resampling_rate': 1.160032748290559, 'et': 0.11018780806888874}. Best is trial 176 with value: 9.390723799178996.
[I 2024-11-01 06:43:24,136] Trial 725 finished with value: 9.561157055725454 and parameters: {'layers': 8, 'max_depth': 2, 'resampling_rate': 1.7545475126414474, 'et': 0.08079861595427446}. Best is trial 176 with value: 9.390723799178996.
[I 2024-11-01 06:43:30,088] Trial 726 finished with value: 9.442989345897052 and parameters: {'layers': 11, 'max_depth': 2, 'resampling_rate': 1.4988960267102245, 'et': 0.1334328825341697}. Best is trial 176 with value: 9.390723799178996.
[I 2024-11-01 06:43:33,014] Trial 727 finished with value: 9.61721885969753 and parameters: {'layers': 7, 'max_depth': 2, 'resampling_rate': 1.3910788433721903, 'et': 0.027860284961643313}. Best is trial 176 with value: 9.390723799178996.
[I 2024-11-01 06:43:36,529] Trial 728 finished with value: 9.630850776629517 and parameters: {'layers': 8, 'max_depth': 2, 'resampling_rate': 1.732496741695011, 'et': 0.1765189927567254}. Best is trial 176 with value: 9.390723799178996.
[I 2024-11-01 06:43:39,456] Trial 729 finished with value: 9.509482637586027 and parameters: {'layers': 10, 'max_depth': 2, 'resampling_rate': 1.4150653514778306, 'et': 0.05485287997230145}. Best is trial 176 with value: 9.390723799178996.
[I 2024-11-01 06:43:45,400] Trial 730 finished with value: 9.628156944038182 and parameters: {'layers': 7, 'max_depth': 2, 'resampling_rate': 1.6849231823129014, 'et': 0.2333101068126155}. Best is trial 176 with value: 9.390723799178996.
[I 2024-11-01 06:43:48,374] Trial 731 finished with value: 9.4900757016527 and parameters: {'layers': 14, 'max_depth': 2, 'resampling_rate': 1.3696775947634339, 'et': 0.0745558342957641}. Best is trial 176 with value: 9.390723799178996.
[I 2024-11-01 06:43:51,896] Trial 732 finished with value: 9.513918158637168 and parameters: {'layers': 6, 'max_depth': 2, 'resampling_rate': 1.7198469798558549, 'et': 0.5868213298849713}. Best is trial 176 with value: 9.390723799178996.
[I 2024-11-01 06:43:55,967] Trial 733 finished with value: 9.609761058429251 and parameters: {'layers': 9, 'max_depth': 2, 'resampling_rate': 1.4496277045031138, 'et': 0.09557493253194271}. Best is trial 176 with value: 9.390723799178996.
[I 2024-11-01 06:44:00,056] Trial 734 finished with value: 9.408498965507784 and parameters: {'layers': 7, 'max_depth': 2, 'resampling_rate': 1.4044175365507579, 'et': 0.159998656449652}. Best is trial 176 with value: 9.390723799178996.
[I 2024-11-01 06:44:05,344] Trial 735 finished with value: 9.436652823500713 and parameters: {'layers': 7, 'max_depth': 2, 'resampling_rate': 1.4030780015078903, 'et': 0.16074929675346938}. Best is trial 176 with value: 9.390723799178996.
[I 2024-11-01 06:44:08,827] Trial 736 finished with value: 9.548779542467027 and parameters: {'layers': 7, 'max_depth': 2, 'resampling_rate': 1.3846884905379047, 'et': 0.1328062600273562}. Best is trial 176 with value: 9.390723799178996.
[I 2024-11-01 06:44:11,746] Trial 737 finished with value: 9.550663302554666 and parameters: {'layers': 7, 'max_depth': 2, 'resampling_rate': 1.4087190091986284, 'et': 0.1566111102939735}. Best is trial 176 with value: 9.390723799178996.
[I 2024-11-01 06:44:15,243] Trial 738 finished with value: 9.475796881488959 and parameters: {'layers': 7, 'max_depth': 2, 'resampling_rate': 1.4286231352035712, 'et': 0.14525045576230128}. Best is trial 176 with value: 9.390723799178996.
[I 2024-11-01 06:44:21,118] Trial 739 finished with value: 9.48938553759023 and parameters: {'layers': 7, 'max_depth': 2, 'resampling_rate': 1.3995510556984954, 'et': 0.12978282397629107}. Best is trial 176 with value: 9.390723799178996.
[I 2024-11-01 06:44:27,005] Trial 740 finished with value: 9.542213467607604 and parameters: {'layers': 7, 'max_depth': 2, 'resampling_rate': 1.3885479554633944, 'et': 0.18712313871771055}. Best is trial 176 with value: 9.390723799178996.
[I 2024-11-01 06:44:31,047] Trial 741 finished with value: 9.542523318131098 and parameters: {'layers': 7, 'max_depth': 2, 'resampling_rate': 1.419493589672737, 'et': 0.11220119146141307}. Best is trial 176 with value: 9.390723799178996.
[I 2024-11-01 06:44:34,521] Trial 742 finished with value: 9.491612299197492 and parameters: {'layers': 7, 'max_depth': 2, 'resampling_rate': 1.4122873027104963, 'et': 0.2609118430564344}. Best is trial 176 with value: 9.390723799178996.
